========================================================================================================================
  ARL_lr: 0.01
  ARL_path: 
  batch_size: 128
  channels_global: 100
  channels_local: 200
  command: -d Cell_Phones_and_Accessories -m MSANR -e 10 -dr 0.9 -WED 300 -p 1 -v 50000 -K 5 -h1 50 -h2 50 -output_size 50 -rs 1234 -gpu 0 -vb 1 -sm Cell_Phones_and_Accessories_MSANR
  ctx_win_size: 3
  dataset: Cell_Phones_and_Accessories
  disable_initial_eval: 0
  dropout_rate: 0.9
  epochs: 10
  filters_num: 100
  gpu: 0
  h1: 50
  h2: 50
  hidden_size: 500
  input_dir: ./datasets/Cell_Phones_and_Accessories/
  L2_reg: 1e-06
  learning_rate: 0.002
  loss_function: MSELoss
  max_doc_len: 500
  max_vis_len: 500
  model: MSANR
  num_aspects: 5
  optimizer: Adam
  out_dir: ./experimental_results/Cell_Phones_and_Accessories - MSANR/
  output_size: 50
  pretrained_src: 1
  random_seed: 1234
  save_model: Cell_Phones_and_Accessories_MSANR
  use_cuda: True
  verbose: 1
  vocab_size: 50000
  word_embed_dim: 300
========================================================================================================================

[INFO] # of Users: 687,583, # of Items: 148,399

Creating model (Selected Model: MSANR)..
[args.use_cuda: True] Model is on the GPU! (args.gpu: 0, torch.cuda.current_device(): 0)
Model created! Elapsed Time: 4.69s (0.08 minute)

Loading uid_userDoc from "./datasets/Cell_Phones_and_Accessories/Cell_Phones_and_Accessories_uid_userDoc.npy"..
uid_userDoc loaded! [uid_userDoc: (687583, 500)]

Loading iid_itemDoc from "./datasets/Cell_Phones_and_Accessories/Cell_Phones_and_Accessories_iid_itemDoc.npy"..
iid_itemDoc loaded! [iid_itemDoc: (148399, 500)]

Loading pretrained word embeddings from "./datasets/Cell_Phones_and_Accessories/Cell_Phones_and_Accessories_wed300_wid_wordEmbed.npy"..
Pretrained word embeddings loaded! [wid_wEmbed: (50002, 300)]

Initialization Complete.. Elapsed Time: 28.49s (0.47 minute)

Train/Dev/Test splits loaded! |TRAIN|: 800,000, |DEV|: 21,045, |TEST|: 21,154
Train/Dev/Test splits loaded! Elapsed Time: 28.72s (0.48 minute)

Performing initial evaluation for VALIDATION set..
[Initial] [Dev]  MSE: 17.78280, MAE: 4.00214

Performing initial evaluation for TESTING set..
[Initial] [Test] MSE: 17.80874, MAE: 4.00719

Initial Evaluation Complete.. Elapsed Time: 51.22s (0.85 minute)

Parameters with L2 Regularization (Regularization Strength: 1e-06):
MSANR_RatingPred.uid_userOffset.weight, MSANR_RatingPred.iid_itemOffset.weight

Optimizer: Adam, Loss Function: MSELoss

Model Size: 433,908,833
# of Trainable Parameters: 917,233
MSANR (
  (uid_userDoc): Embedding(687583, 500), weights = ((687583, 500),), parameters = 343,791,500
  (iid_itemDoc): Embedding(148399, 500), weights = ((148399, 500),), parameters = 74,199,500
  (wid_wEmbed): Embedding(50002, 300), weights = ((50002, 300),), parameters = 15,000,600
  (MSANR_ARL): MSANR_ARL(
    (aspEmbed): ModuleList(
      (0): Embedding(5, 150)
      (1): Embedding(5, 250)
      (2): Embedding(5, 350)
      (3): Embedding(5, 450)
    )
    (filterEmbed): Embedding(5, 50)
    (aspProj): Parameter(5, 300, 50)
  ), weights = ((5, 300, 50), (5, 150), (5, 250), (5, 350), (5, 450), (5, 50)), parameters = 81,250 (Trainable)
  (MSANR_RatingPred): MSANR_RatingPred(
    (userAspRepDropout): Dropout(p=0.9, inplace=False)
    (itemAspRepDropout): Dropout(p=0.9, inplace=False)
    (uid_userOffset): Embedding(687583, 1)
    (iid_itemOffset): Embedding(148399, 1)
    (globalOffset): Parameter(1,)
  ), weights = ((1,), (687583, 1), (148399, 1)), parameters = 835,983 (Trainable)
)
========================================================================================================================

[Epoch 1/10] Training Loss: 2.53871	Elapsed Time: 1,066.81s (0:17:46)
[Epoch 1] [Dev]  MSE: 1.66687, MAE: 1.07012
[Epoch 1] [Test] MSE: 1.64931, MAE: 1.06540

*** MODEL has obtained the best DEV MSE of 1.66687 so far!
*** The Best MODEL saved to "./__saved_models__/Cell_Phones_and_Accessories - MSANR/Cell_Phones_and_Accessories_MSANR_1234.pth"

[Epoch 2/10] Training Loss: 1.98760	Elapsed Time: 2,156.00s (0:35:56)
[Epoch 2] [Dev]  MSE: 1.62296, MAE: 1.02665
[Epoch 2] [Test] MSE: 1.60729, MAE: 1.02279

*** MODEL has obtained the best DEV MSE of 1.62296 so far!
*** The Best MODEL saved to "./__saved_models__/Cell_Phones_and_Accessories - MSANR/Cell_Phones_and_Accessories_MSANR_1234.pth"

[Epoch 3/10] Training Loss: 1.57986	Elapsed Time: 3,245.34s (0:54:05)
[Epoch 3] [Dev]  MSE: 1.63898, MAE: 1.05892
[Epoch 3] [Test] MSE: 1.63061, MAE: 1.05638

[Epoch 4/10] Training Loss: 1.46959	Elapsed Time: 4,334.63s (1:12:14)
[Epoch 4] [Dev]  MSE: 1.62635, MAE: 1.03823
[Epoch 4] [Test] MSE: 1.62081, MAE: 1.03597

[Epoch 5/10] Training Loss: 1.58091	Elapsed Time: 5,423.80s (1:30:23)
[Epoch 5] [Dev]  MSE: 1.63677, MAE: 1.01984
[Epoch 5] [Test] MSE: 1.63037, MAE: 1.01877

[Epoch 6/10] Training Loss: 1.34233	Elapsed Time: 6,512.93s (1:48:32)
[Epoch 6] [Dev]  MSE: 1.66505, MAE: 1.03823
[Epoch 6] [Test] MSE: 1.65662, MAE: 1.03603

[Epoch 7/10] Training Loss: 1.30866	Elapsed Time: 7,603.92s (2:06:43)
[Epoch 7] [Dev]  MSE: 1.66633, MAE: 1.03090
[Epoch 7] [Test] MSE: 1.65789, MAE: 1.02982
