========================================================================================================================
  ARL_lr: 0.01
  ARL_path: 
  batch_size: 128
  channels_global: 100
  channels_local: 200
  command: -d Beauty -m DAttn -e 10 -p 1 -v 50000 -K 5 -h1 10 -h2 50 -WED 100 -c_local 200 -c_global 100 -hiden_size 500 -output_size 50 -rs 1234 -gpu 0 -vb 1 -sm Beauty_DAttn
  ctx_win_size: 3
  dataset: Beauty
  disable_initial_eval: 0
  dropout_rate: 0.5
  epochs: 10
  filters_num: 100
  gpu: 0
  h1: 10
  h2: 50
  hidden_size: 500
  input_dir: ./datasets/Beauty/
  L2_reg: 1e-06
  learning_rate: 0.002
  loss_function: MSELoss
  max_doc_len: 500
  max_vis_len: 500
  model: DAttn
  num_aspects: 5
  optimizer: Adam
  out_dir: ./experimental_results/Beauty - DAttn/
  output_size: 50
  pretrained_src: 1
  random_seed: 1234
  save_model: Beauty_DAttn
  use_cuda: True
  verbose: 1
  vocab_size: 50000
  word_embed_dim: 100
========================================================================================================================

[INFO] # of Users: 588,069, # of Items: 161,739

Creating model (Selected Model: DAttn)..
[args.use_cuda: True] Model is on the GPU! (args.gpu: 0, torch.cuda.current_device(): 0)
Model created! Elapsed Time: 4.32s (0.07 minute)

Loading uid_userDoc from "./datasets/Beauty/Beauty_uid_userDoc.npy"..
uid_userDoc loaded! [uid_userDoc: (588069, 500)]

Loading iid_itemDoc from "./datasets/Beauty/Beauty_iid_itemDoc.npy"..
iid_itemDoc loaded! [iid_itemDoc: (161739, 500)]

Loading pretrained word embeddings from "./datasets/Beauty/Beauty_wed100_wid_wordEmbed.npy"..
Pretrained word embeddings loaded! [wid_wEmbed: (50002, 100)]

Initialization Complete.. Elapsed Time: 31.14s (0.52 minute)

Train/Dev/Test splits loaded! |TRAIN|: 800,000, |DEV|: 35,826, |TEST|: 35,569
Train/Dev/Test splits loaded! Elapsed Time: 31.43s (0.52 minute)

Performing initial evaluation for VALIDATION set..
[Initial] [Dev]  MSE: 17.86044, MAE: 4.04327

Performing initial evaluation for TESTING set..
[Initial] [Test] MSE: 17.91797, MAE: 4.05320

Initial Evaluation Complete.. Elapsed Time: 47.31s (0.79 minute)

Optimizer: Adam, Loss Function: MSELoss

Model Size: 381,526,713
# of Trainable Parameters: 1,622,513
DAttn (
  (uid_userDoc): Embedding(588069, 500), weights = ((588069, 500),), parameters = 294,034,500
  (iid_itemDoc): Embedding(161739, 500), weights = ((161739, 500),), parameters = 80,869,500
  (wid_wEmbed): Embedding(50002, 100), weights = ((50002, 100),), parameters = 5,000,200
  (user_net): Net(
    (localAttentionLayer): LocalAttention(
      (attention_layer): Sequential(
        (0): Conv2d(1, 1, kernel_size=(3, 100), stride=(1, 1), padding=(1, 0))
        (1): Sigmoid()
      )
      (cnn): Sequential(
        (0): Conv2d(1, 200, kernel_size=(1, 100), stride=(1, 1))
        (1): Tanh()
      )
    )
    (globalAttentionLayer): GlobalAttention(
      (attention_layer): Sequential(
        (0): Conv2d(1, 1, kernel_size=(500, 100), stride=(1, 1))
        (1): Sigmoid()
      )
      (convs): ModuleList(
        (0): Conv2d(1, 100, kernel_size=(2, 100), stride=(1, 1))
        (1): Conv2d(1, 100, kernel_size=(3, 100), stride=(1, 1))
        (2): Conv2d(1, 100, kernel_size=(4, 100), stride=(1, 1))
      )
    )
    (fcLayer): Sequential(
      (0): Linear(in_features=500, out_features=500, bias=True)
      (1): Dropout(p=0.5, inplace=False)
      (2): ReLU()
      (3): Linear(in_features=500, out_features=50, bias=True)
    )
    (dropout): Dropout(p=0.5, inplace=False)
  ), weights = ((1, 1, 3, 100), (1,), (200, 1, 1, 100), (200,), (1, 1, 500, 100), (1,), (100, 1, 2, 100), (100,), (100, 1, 3, 100), (100,), (100, 1, 4, 100), (100,), (500, 500), (500,), (50, 500), (50,)), parameters = 436,352 (Trainable)
  (item_net): Net(
    (localAttentionLayer): LocalAttention(
      (attention_layer): Sequential(
        (0): Conv2d(1, 1, kernel_size=(3, 100), stride=(1, 1), padding=(1, 0))
        (1): Sigmoid()
      )
      (cnn): Sequential(
        (0): Conv2d(1, 200, kernel_size=(1, 100), stride=(1, 1))
        (1): Tanh()
      )
    )
    (globalAttentionLayer): GlobalAttention(
      (attention_layer): Sequential(
        (0): Conv2d(1, 1, kernel_size=(500, 100), stride=(1, 1))
        (1): Sigmoid()
      )
      (convs): ModuleList(
        (0): Conv2d(1, 100, kernel_size=(2, 100), stride=(1, 1))
        (1): Conv2d(1, 100, kernel_size=(3, 100), stride=(1, 1))
        (2): Conv2d(1, 100, kernel_size=(4, 100), stride=(1, 1))
      )
    )
    (fcLayer): Sequential(
      (0): Linear(in_features=500, out_features=500, bias=True)
      (1): Dropout(p=0.5, inplace=False)
      (2): ReLU()
      (3): Linear(in_features=500, out_features=50, bias=True)
    )
    (dropout): Dropout(p=0.5, inplace=False)
  ), weights = ((1, 1, 3, 100), (1,), (200, 1, 1, 100), (200,), (1, 1, 500, 100), (1,), (100, 1, 2, 100), (100,), (100, 1, 3, 100), (100,), (100, 1, 4, 100), (100,), (500, 500), (500,), (50, 500), (50,)), parameters = 436,352 (Trainable)
  (DAttn_RatingPred): DAttn_RatingPred(
    (uid_userOffset): Embedding(588069, 1)
    (iid_itemOffset): Embedding(161739, 1)
    (globalOffset): Parameter(1,)
  ), weights = ((1,), (588069, 1), (161739, 1)), parameters = 749,809 (Trainable)
)
========================================================================================================================

[Epoch 1/10] Training Loss: 1.15887	Elapsed Time: 594.45s (0:09:54)
[Epoch 1] [Dev]  MSE: 1.59636, MAE: 0.92127
[Epoch 1] [Test] MSE: 1.56607, MAE: 0.91181

*** MODEL has obtained the best DEV MSE of 1.59636 so far!
*** The Best MODEL saved to "./__saved_models__/Beauty - DAttn/Beauty_DAttn_1234.pth"

[Epoch 2/10] Training Loss: 0.87263	Elapsed Time: 1,204.72s (0:20:04)
[Epoch 2] [Dev]  MSE: 1.60130, MAE: 0.89248
[Epoch 2] [Test] MSE: 1.57154, MAE: 0.88307

[Epoch 3/10] Training Loss: 0.77861	Elapsed Time: 1,814.98s (0:30:14)
[Epoch 3] [Dev]  MSE: 1.61806, MAE: 0.90024
[Epoch 3] [Test] MSE: 1.58858, MAE: 0.89127

[Epoch 4/10] Training Loss: 0.70629	Elapsed Time: 2,425.26s (0:40:25)
[Epoch 4] [Dev]  MSE: 1.58688, MAE: 0.89610
[Epoch 4] [Test] MSE: 1.55855, MAE: 0.88897

*** MODEL has obtained the best DEV MSE of 1.58688 so far!
*** The Best MODEL saved to "./__saved_models__/Beauty - DAttn/Beauty_DAttn_1234.pth"

[Epoch 5/10] Training Loss: 0.65067	Elapsed Time: 3,035.66s (0:50:35)
[Epoch 5] [Dev]  MSE: 1.61546, MAE: 0.90154
[Epoch 5] [Test] MSE: 1.58691, MAE: 0.89362

[Epoch 6/10] Training Loss: 0.60272	Elapsed Time: 3,645.95s (1:00:45)
[Epoch 6] [Dev]  MSE: 1.68009, MAE: 0.94071
[Epoch 6] [Test] MSE: 1.66017, MAE: 0.93476

[Epoch 7/10] Training Loss: 0.56241	Elapsed Time: 4,256.30s (1:10:56)
[Epoch 7] [Dev]  MSE: 1.59435, MAE: 0.89548
[Epoch 7] [Test] MSE: 1.57341, MAE: 0.88817

[Epoch 8/10] Training Loss: 0.52657	Elapsed Time: 4,866.67s (1:21:06)
[Epoch 8] [Dev]  MSE: 1.70867, MAE: 0.94909
[Epoch 8] [Test] MSE: 1.68809, MAE: 0.94175

[Epoch 9/10] Training Loss: 0.49461	Elapsed Time: 5,476.99s (1:31:16)
[Epoch 9] [Dev]  MSE: 1.63864, MAE: 0.92314
[Epoch 9] [Test] MSE: 1.61208, MAE: 0.91571

[Epoch 10/10] Training Loss: 0.46703	Elapsed Time: 6,087.32s (1:41:27)
[Epoch 10] [Dev]  MSE: 1.70185, MAE: 0.93074
[Epoch 10] [Test] MSE: 1.67501, MAE: 0.92256
*** The Last MODEL saved to "./__saved_models__/Beauty - DAttn/Beauty_DAttn_1234_10.pth"

[Training Loss]
[1.15887, 0.87263, 0.77861, 0.70629, 0.65067, 0.60272, 0.56241, 0.52657, 0.49461, 0.46703]

[Dev MSE]
[1.59636, 1.6013, 1.61806, 1.58688, 1.61546, 1.68009, 1.59435, 1.70867, 1.63864, 1.70185]
[Test MSE]
[1.56607, 1.57154, 1.58858, 1.55855, 1.58691, 1.66017, 1.57341, 1.68809, 1.61208, 1.67501]
[Test MAE]
[0.91181, 0.88307, 0.89127, 0.88897, 0.89362, 0.93476, 0.88817, 0.94175, 0.91571, 0.92256]


Best Dev MSE: 1.58688 (Obtained during Evaluation #4)
Test MSE: 1.55855, Test MAE: 0.88897

End of Program! Elapsed Time: 6,150.47s (1:42:30)
