========================================================================================================================
  ARL_lr: 0.01
  ARL_path: 
  batch_size: 128
  channels_global: 10
  channels_local: 10
  command: -d Small_Clothing -m VANRA -e 50 -p 1 -v 43947 -K 5 -h1 10 -h2 50 -c_local 10 -c_global 10 -hiden_size 200 -output_size 50 -rs 1234 -gpu 0 -vb 1 -sm Small_Clothing_VANRA
  ctx_win_size: 3
  dataset: Small_Clothing
  disable_initial_eval: 0
  dropout_rate: 0.5
  epochs: 50
  gpu: 0
  h1: 10
  h2: 50
  hidden_size: 200
  input_dir: ./datasets/Small_Clothing/
  L2_reg: 1e-06
  learning_rate: 0.002
  loss_function: MSELoss
  max_doc_len: 500
  max_vis_len: 500
  model: VANRA
  num_aspects: 5
  optimizer: Adam
  out_dir: ./experimental_results/Small_Clothing - VANRA/
  output_size: 50
  pretrained_src: 1
  random_seed: 1234
  save_model: Small_Clothing_VANRA
  use_cuda: True
  verbose: 1
  vocab_size: 43947
  word_embed_dim: 300
========================================================================================================================

[INFO] # of Users: 77,930, # of Items: 59,172

Creating model (Selected Model: VANRA)..
[args.use_cuda: True] Model is on the GPU! (args.gpu: 0, torch.cuda.current_device(): 0)
Model created! Elapsed Time: 2.41s (0.04 minute)

Loading uid_userDoc from "./datasets/Small_Clothing/Small_Clothing_uid_userDoc.npy"..
uid_userDoc loaded! [uid_userDoc: (77930, 500)]

Loading iid_itemDoc from "./datasets/Small_Clothing/Small_Clothing_iid_itemDoc.npy"..
iid_itemDoc loaded! [iid_itemDoc: (59172, 500)]

Loading pretrained word embeddings from "./datasets/Small_Clothing/Small_Clothing_wid_wordEmbed.npy"..
Pretrained word embeddings loaded! [wid_wEmbed: (43949, 300)]

Loading uid_userVis from "./datasets/Small_Clothing/Small_Clothing_uid_userVis.npy"..
uid_userVis loaded! [uid_userVis: (77930, 500)]

Loading iid_itemVis from "./datasets/Small_Clothing/Small_Clothing_iid_itemVis.npy"..
iid_itemVis loaded! [iid_itemVis: (59172, 500)]

Initialization Complete.. Elapsed Time: 2.97s (0.05 minute)

Train/Dev/Test splits loaded! |TRAIN|: 80,000, |DEV|: 150, |TEST|: 166
Train/Dev/Test splits loaded! Elapsed Time: 2.99s (0.05 minute)

Performing initial evaluation for VALIDATION set..
