========================================================================================================================
  ARL_lr: 0.01
  ARL_path: 
  batch_size: 128
  channels_global: 10
  channels_local: 10
  command: -d Small_Clothing -m VANRA -e 10 -dr 0.9 -p 1 -v 43947 -K 5 -h1 10 -h2 50 -c_local 10 -c_global 10 -hiden_size 200 -output_size 50 -rs 1234 -gpu 0 -vb 1 -sm Small_Clothing_VANRA
  ctx_win_size: 3
  dataset: Small_Clothing
  disable_initial_eval: 0
  dropout_rate: 0.9
  epochs: 10
  gpu: 0
  h1: 10
  h2: 50
  hidden_size: 200
  input_dir: ./datasets/Small_Clothing/
  L2_reg: 1e-06
  learning_rate: 0.002
  loss_function: MSELoss
  max_doc_len: 500
  max_vis_len: 500
  model: VANRA
  num_aspects: 5
  optimizer: Adam
  out_dir: ./experimental_results/Small_Clothing - VANRA/
  output_size: 50
  pretrained_src: 1
  random_seed: 1234
  save_model: Small_Clothing_VANRA
  use_cuda: True
  verbose: 1
  vocab_size: 43947
  word_embed_dim: 300
========================================================================================================================

[INFO] # of Users: 77,930, # of Items: 59,172

Creating model (Selected Model: VANRA)..
[args.use_cuda: True] Model is on the GPU! (args.gpu: 0, torch.cuda.current_device(): 0)
Model created! Elapsed Time: 2.45s (0.04 minute)

Loading uid_userDoc from "./datasets/Small_Clothing/Small_Clothing_uid_userDoc.npy"..
uid_userDoc loaded! [uid_userDoc: (77930, 500)]

Loading iid_itemDoc from "./datasets/Small_Clothing/Small_Clothing_iid_itemDoc.npy"..
iid_itemDoc loaded! [iid_itemDoc: (59172, 500)]

Loading pretrained word embeddings from "./datasets/Small_Clothing/Small_Clothing_wid_wordEmbed.npy"..
Pretrained word embeddings loaded! [wid_wEmbed: (43949, 300)]

Loading uid_userVis from "./datasets/Small_Clothing/Small_Clothing_uid_userVis.npy"..
uid_userVis loaded! [uid_userVis: (77930, 500)]

Loading iid_itemVis from "./datasets/Small_Clothing/Small_Clothing_iid_itemVis.npy"..
iid_itemVis loaded! [iid_itemVis: (59172, 500)]

Initialization Complete.. Elapsed Time: 3.10s (0.05 minute)

Train/Dev/Test splits loaded! |TRAIN|: 80,000, |DEV|: 150, |TEST|: 166
Train/Dev/Test splits loaded! Elapsed Time: 3.12s (0.05 minute)

Performing initial evaluation for VALIDATION set..
[Initial] [Dev]  MSE: 18.56397, MAE: 4.18031

Performing initial evaluation for TESTING set..
[Initial] [Test] MSE: 19.30633, MAE: 4.27780

Initial Evaluation Complete.. Elapsed Time: 3.29s (0.05 minute)

Parameters with L2 Regularization (Regularization Strength: 1e-06):
VANRA_RatingPred.uid_userOffset.weight, VANRA_RatingPred.iid_itemOffset.weight

Optimizer: Adam, Loss Function: MSELoss

Model Size: 158,549,693
# of Trainable Parameters: 8,262,993
VANRA (
  (uid_userDoc): Embedding(77930, 500), weights = ((77930, 500),), parameters = 38,965,000
  (iid_itemDoc): Embedding(59172, 500), weights = ((59172, 500),), parameters = 29,586,000
  (wid_wEmbed): Embedding(43949, 300), weights = ((43949, 300),), parameters = 13,184,700
  (uid_userVis): Embedding(77930, 500), weights = ((77930, 500),), parameters = 38,965,000
  (iid_itemVis): Embedding(59172, 500), weights = ((59172, 500),), parameters = 29,586,000
  (shared_ANR_ARL): ANR_ARL(
    (aspEmbed): Embedding(5, 30)
    (aspProj): Parameter(5, 300, 10)
  ), weights = ((5, 300, 10), (5, 30)), parameters = 15,150 (Trainable)
  (ANR_AIE): ANR_AIE(  (W_a): Parameter(10, 10)
    (W_u): Parameter(50, 10)
    (w_hu): Parameter(50, 1)
    (W_i): Parameter(50, 10)
    (w_hi): Parameter(50, 1)
  ), weights = ((10, 10), (50, 10), (50, 1), (50, 10), (50, 1)), parameters = 1,200 (Trainable)
  (VANRA_VRL): VANRA_VRL(
    (localAttentionLayer_user): LocalAttention(
      (attention_layer): Sequential(
        (0): Conv2d(1, 1, kernel_size=(3, 1), stride=(1, 1))
        (1): Softmax(dim=2)
      )
      (cnn): Sequential(
        (0): Conv2d(1, 10, kernel_size=(1, 1), stride=(1, 1))
        (1): Tanh()
      )
      (fcLayer): Sequential(
        (0): Linear(in_features=5000, out_features=200, bias=True)
        (1): Dropout(p=0.9, inplace=False)
        (2): ReLU()
        (3): Linear(in_features=200, out_features=50, bias=True)
      )
    )
    (globalAttentionLayer_user): GlobalAttention(
      (attention_layer): Sequential(
        (0): Conv2d(1, 1, kernel_size=(500, 1), stride=(1, 1))
        (1): Sigmoid()
      )
      (cnn_1): Sequential(
        (0): Conv2d(1, 10, kernel_size=(2, 1), stride=(1, 1))
        (1): Tanh()
      )
      (fcLayer1): Sequential(
        (0): Linear(in_features=4990, out_features=200, bias=True)
        (1): Dropout(p=0.9, inplace=False)
        (2): ReLU()
        (3): Linear(in_features=200, out_features=50, bias=True)
      )
      (cnn_2): Sequential(
        (0): Conv2d(1, 10, kernel_size=(3, 1), stride=(1, 1))
        (1): Tanh()
      )
      (fcLayer2): Sequential(
        (0): Linear(in_features=4980, out_features=200, bias=True)
        (1): Dropout(p=0.9, inplace=False)
        (2): ReLU()
        (3): Linear(in_features=200, out_features=50, bias=True)
      )
      (cnn_3): Sequential(
        (0): Conv2d(1, 10, kernel_size=(4, 1), stride=(1, 1))
        (1): Tanh()
      )
      (fcLayer3): Sequential(
        (0): Linear(in_features=4970, out_features=200, bias=True)
        (1): Dropout(p=0.9, inplace=False)
        (2): ReLU()
        (3): Linear(in_features=200, out_features=50, bias=True)
      )
    )
    (localAttentionLayer_item): LocalAttention(
      (attention_layer): Sequential(
        (0): Conv2d(1, 1, kernel_size=(3, 1), stride=(1, 1))
        (1): Softmax(dim=2)
      )
      (cnn): Sequential(
        (0): Conv2d(1, 10, kernel_size=(1, 1), stride=(1, 1))
        (1): Tanh()
      )
      (fcLayer): Sequential(
        (0): Linear(in_features=5000, out_features=200, bias=True)
        (1): Dropout(p=0.9, inplace=False)
        (2): ReLU()
        (3): Linear(in_features=200, out_features=50, bias=True)
      )
    )
    (globalAttentionLayer_item): GlobalAttention(
      (attention_layer): Sequential(
        (0): Conv2d(1, 1, kernel_size=(500, 1), stride=(1, 1))
        (1): Sigmoid()
      )
      (cnn_1): Sequential(
        (0): Conv2d(1, 10, kernel_size=(2, 1), stride=(1, 1))
        (1): Tanh()
      )
      (fcLayer1): Sequential(
        (0): Linear(in_features=4990, out_features=200, bias=True)
        (1): Dropout(p=0.9, inplace=False)
        (2): ReLU()
        (3): Linear(in_features=200, out_features=50, bias=True)
      )
      (cnn_2): Sequential(
        (0): Conv2d(1, 10, kernel_size=(3, 1), stride=(1, 1))
        (1): Tanh()
      )
      (fcLayer2): Sequential(
        (0): Linear(in_features=4980, out_features=200, bias=True)
        (1): Dropout(p=0.9, inplace=False)
        (2): ReLU()
        (3): Linear(in_features=200, out_features=50, bias=True)
      )
      (cnn_3): Sequential(
        (0): Conv2d(1, 10, kernel_size=(4, 1), stride=(1, 1))
        (1): Tanh()
      )
      (fcLayer3): Sequential(
        (0): Linear(in_features=4970, out_features=200, bias=True)
        (1): Dropout(p=0.9, inplace=False)
        (2): ReLU()
        (3): Linear(in_features=200, out_features=50, bias=True)
      )
    )
    (fcLayer): Sequential(
      (0): Linear(in_features=200, out_features=200, bias=True)
      (1): ReLU()
      (2): Linear(in_features=200, out_features=50, bias=True)
    )
  ), weights = ((1, 1, 3, 1), (1,), (10, 1, 1, 1), (10,), (200, 5000), (200,), (50, 200), (50,), (1, 1, 500, 1), (1,), (10, 1, 2, 1), (10,), (200, 4990), (200,), (50, 200), (50,), (10, 1, 3, 1), (10,), (200, 4980), (200,), (50, 200), (50,), (10, 1, 4, 1), (10,), (200, 4970), (200,), (50, 200), (50,), (1, 1, 3, 1), (1,), (10, 1, 1, 1), (10,), (200, 5000), (200,), (50, 200), (50,), (1, 1, 500, 1), (1,), (10, 1, 2, 1), (10,), (200, 4990), (200,), (50, 200), (50,), (10, 1, 3, 1), (10,), (200, 4980), (200,), (50, 200), (50,), (10, 1, 4, 1), (10,), (200, 4970), (200,), (50, 200), (50,), (200, 200), (200,), (50, 200), (50,)), parameters = 8,109,540 (Trainable)
  (VANRA_RatingPred): VANRA_RatingPred(
    (userAspRepDropout): Dropout(p=0.9, inplace=False)
    (itemAspRepDropout): Dropout(p=0.9, inplace=False)
    (uid_userOffset): Embedding(77930, 1)
    (iid_itemOffset): Embedding(59172, 1)
    (globalOffset): Parameter(1,)
  ), weights = ((1,), (77930, 1), (59172, 1)), parameters = 137,103 (Trainable)
)
========================================================================================================================

[Epoch 1/10] Training Loss: 5.41406	Elapsed Time: 31.58s (0:00:31)
[Epoch 1] [Dev]  MSE: 10.62296, MAE: 3.09700
[Epoch 1] [Test] MSE: 11.24482, MAE: 3.20706

*** MODEL has obtained the best DEV MSE of 10.62296 so far!
*** The Best MODEL saved to "./__saved_models__/Small_Clothing - VANRA/Small_Clothing_VANRA_1234.pth"

[Epoch 2/10] Training Loss: 1.68375	Elapsed Time: 63.39s (0:01:03)
[Epoch 2] [Dev]  MSE: 6.14457, MAE: 2.30940
[Epoch 2] [Test] MSE: 6.56190, MAE: 2.41706

*** MODEL has obtained the best DEV MSE of 6.14457 so far!
*** The Best MODEL saved to "./__saved_models__/Small_Clothing - VANRA/Small_Clothing_VANRA_1234.pth"

[Epoch 3/10] Training Loss: 1.42050	Elapsed Time: 95.25s (0:01:35)
[Epoch 3] [Dev]  MSE: 3.67378, MAE: 1.77462
[Epoch 3] [Test] MSE: 3.94691, MAE: 1.84768

*** MODEL has obtained the best DEV MSE of 3.67378 so far!
*** The Best MODEL saved to "./__saved_models__/Small_Clothing - VANRA/Small_Clothing_VANRA_1234.pth"

[Epoch 4/10] Training Loss: 1.23477	Elapsed Time: 127.05s (0:02:07)
[Epoch 4] [Dev]  MSE: 1.18295, MAE: 0.93688
[Epoch 4] [Test] MSE: 1.24952, MAE: 0.97328

*** MODEL has obtained the best DEV MSE of 1.18295 so far!
*** The Best MODEL saved to "./__saved_models__/Small_Clothing - VANRA/Small_Clothing_VANRA_1234.pth"

[Epoch 5/10] Training Loss: 1.07255	Elapsed Time: 158.98s (0:02:38)
[Epoch 5] [Dev]  MSE: 1.03228, MAE: 0.80643
[Epoch 5] [Test] MSE: 1.04368, MAE: 0.82668

*** MODEL has obtained the best DEV MSE of 1.03228 so far!
*** The Best MODEL saved to "./__saved_models__/Small_Clothing - VANRA/Small_Clothing_VANRA_1234.pth"

[Epoch 6/10] Training Loss: 0.95629	Elapsed Time: 191.45s (0:03:11)
[Epoch 6] [Dev]  MSE: 1.05878, MAE: 0.84343
[Epoch 6] [Test] MSE: 1.09661, MAE: 0.87444

[Epoch 7/10] Training Loss: 0.86068	Elapsed Time: 222.88s (0:03:42)
[Epoch 7] [Dev]  MSE: 1.04047, MAE: 0.81059
[Epoch 7] [Test] MSE: 1.07866, MAE: 0.84405

[Epoch 8/10] Training Loss: 0.77238	Elapsed Time: 254.35s (0:04:14)
[Epoch 8] [Dev]  MSE: 1.04305, MAE: 0.78705
[Epoch 8] [Test] MSE: 1.08006, MAE: 0.82233

[Epoch 9/10] Training Loss: 0.69165	Elapsed Time: 286.09s (0:04:46)
[Epoch 9] [Dev]  MSE: 1.06824, MAE: 0.81745
[Epoch 9] [Test] MSE: 1.13286, MAE: 0.86536

[Epoch 10/10] Training Loss: 0.61743	Elapsed Time: 318.16s (0:05:18)
[Epoch 10] [Dev]  MSE: 1.07599, MAE: 0.78573
[Epoch 10] [Test] MSE: 1.12793, MAE: 0.82828
*** The Last MODEL saved to "./__saved_models__/Small_Clothing - VANRA/Small_Clothing_VANRA_1234_10.pth"

[Training Loss]
[5.41406, 1.68375, 1.4205, 1.23477, 1.07255, 0.95629, 0.86068, 0.77238, 0.69165, 0.61743]

[Dev MSE]
[10.62296, 6.14457, 3.67378, 1.18295, 1.03228, 1.05878, 1.04047, 1.04305, 1.06824, 1.07599]
[Test MSE]
[11.24482, 6.5619, 3.94691, 1.24952, 1.04368, 1.09661, 1.07866, 1.08006, 1.13286, 1.12793]
[Test MAE]
[3.20706, 2.41706, 1.84768, 0.97328, 0.82668, 0.87444, 0.84405, 0.82233, 0.86536, 0.82828]


Best Dev MSE: 1.03228 (Obtained during Evaluation #5)
Test MSE: 1.04368, Test MAE: 0.82668

End of Program! Elapsed Time: 321.65s (0:05:21)
