========================================================================================================================
  ARL_lr: 0.01
  ARL_path: 
  batch_size: 128
  channels_global: 100
  channels_local: 200
  command: -d Small_Clothing -m VANRA -e 10 -dr 0.9 -WED 300 -K 1 -h1 50 -h2 50 -output_size 50 -p 1 -v 43947 -rs 1337 -gpu 0 -vb 1 -sm Small_Clothing_VANRA
  ctx_win_size: 3
  dataset: Small_Clothing
  disable_initial_eval: 0
  dropout_rate: 0.9
  epochs: 10
  filters_num: 100
  gpu: 0
  h1: 50
  h2: 50
  hidden_size: 500
  input_dir: ./datasets/Small_Clothing/
  L2_reg: 1e-06
  learning_rate: 0.002
  loss_function: MSELoss
  max_doc_len: 500
  max_vis_len: 500
  model: VANRA
  num_aspects: 1
  optimizer: Adam
  out_dir: ./experimental_results/Small_Clothing - VANRA/
  output_size: 50
  pretrained_src: 1
  random_seed: 1337
  save_model: Small_Clothing_VANRA
  use_cuda: True
  verbose: 1
  vocab_size: 43947
  word_embed_dim: 300
========================================================================================================================

[INFO] # of Users: 77,930, # of Items: 59,172

Creating model (Selected Model: VANRA)..
[args.use_cuda: True] Model is on the GPU! (args.gpu: 0, torch.cuda.current_device(): 0)
Model created! Elapsed Time: 2.49s (0.04 minute)

Loading uid_userDoc from "./datasets/Small_Clothing/Small_Clothing_uid_userDoc.npy"..
uid_userDoc loaded! [uid_userDoc: (77930, 500)]

Loading iid_itemDoc from "./datasets/Small_Clothing/Small_Clothing_iid_itemDoc.npy"..
iid_itemDoc loaded! [iid_itemDoc: (59172, 500)]

Loading pretrained word embeddings from "./datasets/Small_Clothing/Small_Clothing_wed300_wid_wordEmbed.npy"..
Pretrained word embeddings loaded! [wid_wEmbed: (43949, 300)]

Loading uid_userVis from "./datasets/Small_Clothing/Small_Clothing_uid_userVis.npy"..
uid_userVis loaded! [uid_userVis: (77930, 500)]

Loading iid_itemVis from "./datasets/Small_Clothing/Small_Clothing_iid_itemVis.npy"..
iid_itemVis loaded! [iid_itemVis: (59172, 500)]

Initialization Complete.. Elapsed Time: 3.17s (0.05 minute)

Train/Dev/Test splits loaded! |TRAIN|: 80,000, |DEV|: 150, |TEST|: 166
Train/Dev/Test splits loaded! Elapsed Time: 3.19s (0.05 minute)

Performing initial evaluation for VALIDATION set..
[Initial] [Dev]  MSE: 19.06667, MAE: 4.24000

Performing initial evaluation for TESTING set..
[Initial] [Test] MSE: 19.81928, MAE: 4.33735

Initial Evaluation Complete.. Elapsed Time: 3.37s (0.06 minute)

Parameters with L2 Regularization (Regularization Strength: 1e-06):
VANRA_RatingPred.uid_userOffset.weight, VANRA_RatingPred.iid_itemOffset.weight

Optimizer: Adam, Loss Function: MSELoss

Model Size: 150,440,255
# of Trainable Parameters: 153,555
VANRA (
  (uid_userDoc): Embedding(77930, 500), weights = ((77930, 500),), parameters = 38,965,000
  (iid_itemDoc): Embedding(59172, 500), weights = ((59172, 500),), parameters = 29,586,000
  (wid_wEmbed): Embedding(43949, 300), weights = ((43949, 300),), parameters = 13,184,700
  (uid_userVis): Embedding(77930, 500), weights = ((77930, 500),), parameters = 38,965,000
  (iid_itemVis): Embedding(59172, 500), weights = ((59172, 500),), parameters = 29,586,000
  (MSANR_ARL): MSANR_ARL(
    (aspEmbed): ModuleList(
      (0): Embedding(1, 150)
      (1): Embedding(1, 250)
      (2): Embedding(1, 350)
      (3): Embedding(1, 450)
    )
    (filterEmbed): Embedding(1, 50)
    (aspProj): Parameter(1, 300, 50)
  ), weights = ((1, 300, 50), (1, 150), (1, 250), (1, 350), (1, 450), (1, 50)), parameters = 16,250 (Trainable)
  (VANRA_VRL): VANRA_VRL(
    (localAttentionLayer_user): LocalAttention(
      (attention_layer): Sequential(
        (0): Conv2d(1, 1, kernel_size=(1, 50), stride=(1, 1))
        (1): Softmax(dim=2)
      )
    )
    (localAttentionLayer_item): LocalAttention(
      (attention_layer): Sequential(
        (0): Conv2d(1, 1, kernel_size=(1, 50), stride=(1, 1))
        (1): Softmax(dim=2)
      )
    )
    (wedProj_user): Parameter(1, 50)
    (wedProj_item): Parameter(1, 50)
  ), weights = ((1, 50), (1, 50), (1, 1, 1, 50), (1,), (1, 1, 1, 50), (1,)), parameters = 202 (Trainable)
  (VANRA_RatingPred): VANRA_RatingPred(
    (userAspRepDropout): Dropout(p=0.9, inplace=False)
    (itemAspRepDropout): Dropout(p=0.9, inplace=False)
    (uid_userOffset): Embedding(77930, 1)
    (iid_itemOffset): Embedding(59172, 1)
    (globalOffset): Parameter(1,)
  ), weights = ((1,), (77930, 1), (59172, 1)), parameters = 137,103 (Trainable)
)
========================================================================================================================

[Epoch 1/10] Training Loss: 10.35571	Elapsed Time: 26.25s (0:00:26)
[Epoch 1] [Dev]  MSE: 5.56281, MAE: 2.16863
[Epoch 1] [Test] MSE: 6.26751, MAE: 2.31637

*** MODEL has obtained the best DEV MSE of 5.56281 so far!
*** The Best MODEL saved to "./__saved_models__/Small_Clothing - VANRA/Small_Clothing_VANRA_1337.pth"

[Epoch 2/10] Training Loss: 5.33793	Elapsed Time: 52.72s (0:00:52)
[Epoch 2] [Dev]  MSE: 3.03946, MAE: 1.57064
[Epoch 2] [Test] MSE: 3.44454, MAE: 1.68252

*** MODEL has obtained the best DEV MSE of 3.03946 so far!
*** The Best MODEL saved to "./__saved_models__/Small_Clothing - VANRA/Small_Clothing_VANRA_1337.pth"

[Epoch 3/10] Training Loss: 3.03157	Elapsed Time: 79.29s (0:01:19)
[Epoch 3] [Dev]  MSE: 1.99043, MAE: 1.25377
[Epoch 3] [Test] MSE: 2.26231, MAE: 1.35325

*** MODEL has obtained the best DEV MSE of 1.99043 so far!
*** The Best MODEL saved to "./__saved_models__/Small_Clothing - VANRA/Small_Clothing_VANRA_1337.pth"

[Epoch 4/10] Training Loss: 1.81417	Elapsed Time: 106.01s (0:01:46)
[Epoch 4] [Dev]  MSE: 1.25945, MAE: 0.96047
[Epoch 4] [Test] MSE: 1.40297, MAE: 1.02763

*** MODEL has obtained the best DEV MSE of 1.25945 so far!
*** The Best MODEL saved to "./__saved_models__/Small_Clothing - VANRA/Small_Clothing_VANRA_1337.pth"

[Epoch 5/10] Training Loss: 1.28159	Elapsed Time: 132.77s (0:02:12)
[Epoch 5] [Dev]  MSE: 1.06118, MAE: 0.85000
[Epoch 5] [Test] MSE: 1.14425, MAE: 0.89630

*** MODEL has obtained the best DEV MSE of 1.06118 so far!
*** The Best MODEL saved to "./__saved_models__/Small_Clothing - VANRA/Small_Clothing_VANRA_1337.pth"

[Epoch 6/10] Training Loss: 1.06513	Elapsed Time: 159.65s (0:02:39)
[Epoch 6] [Dev]  MSE: 1.02209, MAE: 0.81369
[Epoch 6] [Test] MSE: 1.07144, MAE: 0.85216

*** MODEL has obtained the best DEV MSE of 1.02209 so far!
*** The Best MODEL saved to "./__saved_models__/Small_Clothing - VANRA/Small_Clothing_VANRA_1337.pth"

[Epoch 7/10] Training Loss: 0.95393	Elapsed Time: 186.05s (0:03:06)
[Epoch 7] [Dev]  MSE: 1.01980, MAE: 0.79502
[Epoch 7] [Test] MSE: 1.06046, MAE: 0.83177

*** MODEL has obtained the best DEV MSE of 1.01980 so far!
*** The Best MODEL saved to "./__saved_models__/Small_Clothing - VANRA/Small_Clothing_VANRA_1337.pth"

[Epoch 8/10] Training Loss: 0.85956	Elapsed Time: 212.40s (0:03:32)
[Epoch 8] [Dev]  MSE: 1.02645, MAE: 0.80255
[Epoch 8] [Test] MSE: 1.07300, MAE: 0.84346

[Epoch 9/10] Training Loss: 0.77389	Elapsed Time: 238.50s (0:03:58)
[Epoch 9] [Dev]  MSE: 1.03017, MAE: 0.80213
[Epoch 9] [Test] MSE: 1.08370, MAE: 0.84748

[Epoch 10/10] Training Loss: 0.69204	Elapsed Time: 264.60s (0:04:24)
[Epoch 10] [Dev]  MSE: 1.04228, MAE: 0.78506
[Epoch 10] [Test] MSE: 1.10618, MAE: 0.83849
*** The Last MODEL saved to "./__saved_models__/Small_Clothing - VANRA/Small_Clothing_VANRA_1337_10.pth"

[Training Loss]
[10.35571, 5.33793, 3.03157, 1.81417, 1.28159, 1.06513, 0.95393, 0.85956, 0.77389, 0.69204]

[Dev MSE]
[5.56281, 3.03946, 1.99043, 1.25945, 1.06118, 1.02209, 1.0198, 1.02645, 1.03017, 1.04228]
[Test MSE]
[6.26751, 3.44454, 2.26231, 1.40297, 1.14425, 1.07144, 1.06046, 1.073, 1.0837, 1.10618]
[Test MAE]
[2.31637, 1.68252, 1.35325, 1.02763, 0.8963, 0.85216, 0.83177, 0.84346, 0.84748, 0.83849]


Best Dev MSE: 1.01980 (Obtained during Evaluation #7)
Test MSE: 1.06046, Test MAE: 0.83177

End of Program! Elapsed Time: 268.02s (0:04:28)
