========================================================================================================================
  ARL_lr: 0.01
  ARL_path: 
  batch_size: 128
  channels_global: 100
  channels_local: 200
  command: -d Small_Clothing -m VANRA -e 10 -dr 0.9 -WED 300 -K 1 -h1 50 -h2 50 -output_size 50 -p 1 -v 43947 -rs 1337 -gpu 0 -vb 1 -sm Small_Clothing_VANRA
  ctx_win_size: 3
  dataset: Small_Clothing
  disable_initial_eval: 0
  dropout_rate: 0.9
  epochs: 10
  filters_num: 100
  gpu: 0
  h1: 50
  h2: 50
  hidden_size: 500
  input_dir: ./datasets/Small_Clothing/
  L2_reg: 1e-06
  learning_rate: 0.002
  loss_function: MSELoss
  max_doc_len: 500
  max_vis_len: 500
  model: VANRA
  num_aspects: 1
  optimizer: Adam
  out_dir: ./experimental_results/Small_Clothing - VANRA/
  output_size: 50
  pretrained_src: 1
  random_seed: 1337
  save_model: Small_Clothing_VANRA
  use_cuda: True
  verbose: 1
  vocab_size: 43947
  word_embed_dim: 300
========================================================================================================================

[INFO] # of Users: 77,930, # of Items: 59,172

Creating model (Selected Model: VANRA)..
[args.use_cuda: True] Model is on the GPU! (args.gpu: 0, torch.cuda.current_device(): 0)
Model created! Elapsed Time: 2.44s (0.04 minute)

Loading uid_userDoc from "./datasets/Small_Clothing/Small_Clothing_uid_userDoc.npy"..
uid_userDoc loaded! [uid_userDoc: (77930, 500)]

Loading iid_itemDoc from "./datasets/Small_Clothing/Small_Clothing_iid_itemDoc.npy"..
iid_itemDoc loaded! [iid_itemDoc: (59172, 500)]

Loading pretrained word embeddings from "./datasets/Small_Clothing/Small_Clothing_wed300_wid_wordEmbed.npy"..
Pretrained word embeddings loaded! [wid_wEmbed: (43949, 300)]

Loading uid_userVis from "./datasets/Small_Clothing/Small_Clothing_uid_userVis.npy"..
uid_userVis loaded! [uid_userVis: (77930, 500)]

Loading iid_itemVis from "./datasets/Small_Clothing/Small_Clothing_iid_itemVis.npy"..
iid_itemVis loaded! [iid_itemVis: (59172, 500)]

Initialization Complete.. Elapsed Time: 3.02s (0.05 minute)

Train/Dev/Test splits loaded! |TRAIN|: 80,000, |DEV|: 150, |TEST|: 166
Train/Dev/Test splits loaded! Elapsed Time: 3.04s (0.05 minute)

Performing initial evaluation for VALIDATION set..
[Initial] [Dev]  MSE: 16.10698, MAE: 3.86407

Performing initial evaluation for TESTING set..
[Initial] [Test] MSE: 17.14338, MAE: 3.99885

Initial Evaluation Complete.. Elapsed Time: 3.20s (0.05 minute)

Parameters with L2 Regularization (Regularization Strength: 1e-06):
VANRA_RatingPred.uid_userOffset.weight, VANRA_RatingPred.iid_itemOffset.weight

Optimizer: Adam, Loss Function: MSELoss

Model Size: 150,489,653
# of Trainable Parameters: 202,953
VANRA (
  (uid_userDoc): Embedding(77930, 500), weights = ((77930, 500),), parameters = 38,965,000
  (iid_itemDoc): Embedding(59172, 500), weights = ((59172, 500),), parameters = 29,586,000
  (wid_wEmbed): Embedding(43949, 300), weights = ((43949, 300),), parameters = 13,184,700
  (uid_userVis): Embedding(77930, 500), weights = ((77930, 500),), parameters = 38,965,000
  (iid_itemVis): Embedding(59172, 500), weights = ((59172, 500),), parameters = 29,586,000
  (MSANR_ARL): MSANR_ARL(
    (aspEmbed): ModuleList(
      (0): Embedding(1, 150)
      (1): Embedding(1, 250)
      (2): Embedding(1, 350)
    )
    (filterEmbed): Embedding(1, 50)
    (aspProj): Parameter(1, 300, 50)
  ), weights = ((1, 300, 50), (1, 150), (1, 250), (1, 350), (1, 50)), parameters = 15,800 (Trainable)
  (VANRA_VRL): VANRA_VRL(
    (fcLayer): Sequential(
      (0): Dropout(p=0.9, inplace=False)
      (1): Linear(in_features=500, out_features=50, bias=True)
    )
    (visProj): Parameter(500, 50)
  ), weights = ((500, 50), (50, 500), (50,)), parameters = 50,050 (Trainable)
  (VANRA_RatingPred): VANRA_RatingPred(
    (userAspRepDropout): Dropout(p=0.9, inplace=False)
    (itemAspRepDropout): Dropout(p=0.9, inplace=False)
    (userVisRepDropout): Dropout(p=0.9, inplace=False)
    (itemVisRepDropout): Dropout(p=0.9, inplace=False)
    (uid_userOffset): Embedding(77930, 1)
    (iid_itemOffset): Embedding(59172, 1)
    (globalOffset): Parameter(1,)
  ), weights = ((1,), (77930, 1), (59172, 1)), parameters = 137,103 (Trainable)
)
========================================================================================================================

[Epoch 1/10] Training Loss: 8.65365	Elapsed Time: 17.46s (0:00:17)
[Epoch 1] [Dev]  MSE: 7.30293, MAE: 2.53115
[Epoch 1] [Test] MSE: 7.67506, MAE: 2.62231

*** MODEL has obtained the best DEV MSE of 7.30293 so far!
*** The Best MODEL saved to "./__saved_models__/Small_Clothing - VANRA/Small_Clothing_VANRA_1337.pth"

[Epoch 2/10] Training Loss: 4.03576	Elapsed Time: 34.76s (0:00:34)
[Epoch 2] [Dev]  MSE: 3.49746, MAE: 1.71484
[Epoch 2] [Test] MSE: 3.72351, MAE: 1.79200

*** MODEL has obtained the best DEV MSE of 3.49746 so far!
*** The Best MODEL saved to "./__saved_models__/Small_Clothing - VANRA/Small_Clothing_VANRA_1337.pth"

[Epoch 3/10] Training Loss: 2.04593	Elapsed Time: 52.75s (0:00:52)
[Epoch 3] [Dev]  MSE: 1.91997, MAE: 1.25955
[Epoch 3] [Test] MSE: 2.05028, MAE: 1.31073

*** MODEL has obtained the best DEV MSE of 1.91997 so far!
*** The Best MODEL saved to "./__saved_models__/Small_Clothing - VANRA/Small_Clothing_VANRA_1337.pth"

[Epoch 4/10] Training Loss: 1.36808	Elapsed Time: 70.17s (0:01:10)
[Epoch 4] [Dev]  MSE: 1.47427, MAE: 1.07735
[Epoch 4] [Test] MSE: 1.61392, MAE: 1.12333

*** MODEL has obtained the best DEV MSE of 1.47427 so far!
*** The Best MODEL saved to "./__saved_models__/Small_Clothing - VANRA/Small_Clothing_VANRA_1337.pth"

[Epoch 5/10] Training Loss: 1.11642	Elapsed Time: 87.35s (0:01:27)
[Epoch 5] [Dev]  MSE: 1.36659, MAE: 1.01224
[Epoch 5] [Test] MSE: 1.48425, MAE: 1.05459

*** MODEL has obtained the best DEV MSE of 1.36659 so far!
*** The Best MODEL saved to "./__saved_models__/Small_Clothing - VANRA/Small_Clothing_VANRA_1337.pth"

[Epoch 6/10] Training Loss: 0.98486	Elapsed Time: 104.30s (0:01:44)
[Epoch 6] [Dev]  MSE: 1.34328, MAE: 0.99753
[Epoch 6] [Test] MSE: 1.51725, MAE: 1.05252

*** MODEL has obtained the best DEV MSE of 1.34328 so far!
*** The Best MODEL saved to "./__saved_models__/Small_Clothing - VANRA/Small_Clothing_VANRA_1337.pth"

[Epoch 7/10] Training Loss: 0.88012	Elapsed Time: 121.22s (0:02:01)
[Epoch 7] [Dev]  MSE: 1.37639, MAE: 0.99199
[Epoch 7] [Test] MSE: 1.52447, MAE: 1.05611

[Epoch 8/10] Training Loss: 0.78954	Elapsed Time: 138.88s (0:02:18)
[Epoch 8] [Dev]  MSE: 1.41133, MAE: 1.00213
[Epoch 8] [Test] MSE: 1.54946, MAE: 1.05633

[Epoch 9/10] Training Loss: 0.69952	Elapsed Time: 156.21s (0:02:36)
[Epoch 9] [Dev]  MSE: 1.44965, MAE: 1.00826
[Epoch 9] [Test] MSE: 1.58535, MAE: 1.06601

[Epoch 10/10] Training Loss: 0.61944	Elapsed Time: 174.23s (0:02:54)
[Epoch 10] [Dev]  MSE: 1.46258, MAE: 0.99772
[Epoch 10] [Test] MSE: 1.60874, MAE: 1.06595
*** The Last MODEL saved to "./__saved_models__/Small_Clothing - VANRA/Small_Clothing_VANRA_1337_10.pth"

[Training Loss]
[8.65365, 4.03576, 2.04593, 1.36808, 1.11642, 0.98486, 0.88012, 0.78954, 0.69952, 0.61944]

[Dev MSE]
[7.30293, 3.49746, 1.91997, 1.47427, 1.36659, 1.34328, 1.37639, 1.41133, 1.44965, 1.46258]
[Test MSE]
[7.67506, 3.72351, 2.05028, 1.61392, 1.48425, 1.51725, 1.52447, 1.54946, 1.58535, 1.60874]
[Test MAE]
[2.62231, 1.792, 1.31073, 1.12333, 1.05459, 1.05252, 1.05611, 1.05633, 1.06601, 1.06595]


Best Dev MSE: 1.34328 (Obtained during Evaluation #6)
Test MSE: 1.51725, Test MAE: 1.05252

End of Program! Elapsed Time: 177.47s (0:02:57)
