========================================================================================================================
  ARL_lr: 0.01
  ARL_path: 
  batch_size: 128
  channels_global: 100
  channels_local: 200
  command: -d Small_Clothing -m VANRA -e 10 -dr 0.9 -WED 300 -K 1 -h1 50 -h2 50 -output_size 50 -p 1 -v 43947 -rs 1337 -gpu 0 -vb 1 -sm Small_Clothing_VANRA
  ctx_win_size: 3
  dataset: Small_Clothing
  disable_initial_eval: 0
  dropout_rate: 0.9
  epochs: 10
  filters_num: 100
  gpu: 0
  h1: 50
  h2: 50
  hidden_size: 500
  input_dir: ./datasets/Small_Clothing/
  L2_reg: 1e-06
  learning_rate: 0.002
  loss_function: MSELoss
  max_doc_len: 500
  max_vis_len: 500
  model: VANRA
  num_aspects: 1
  optimizer: Adam
  out_dir: ./experimental_results/Small_Clothing - VANRA/
  output_size: 50
  pretrained_src: 1
  random_seed: 1337
  save_model: Small_Clothing_VANRA
  use_cuda: True
  verbose: 1
  vocab_size: 43947
  word_embed_dim: 300
========================================================================================================================

[INFO] # of Users: 77,930, # of Items: 59,172

Creating model (Selected Model: VANRA)..
[args.use_cuda: True] Model is on the GPU! (args.gpu: 0, torch.cuda.current_device(): 0)
Model created! Elapsed Time: 2.44s (0.04 minute)

Loading uid_userDoc from "./datasets/Small_Clothing/Small_Clothing_uid_userDoc.npy"..
uid_userDoc loaded! [uid_userDoc: (77930, 500)]

Loading iid_itemDoc from "./datasets/Small_Clothing/Small_Clothing_iid_itemDoc.npy"..
iid_itemDoc loaded! [iid_itemDoc: (59172, 500)]

Loading pretrained word embeddings from "./datasets/Small_Clothing/Small_Clothing_wed300_wid_wordEmbed.npy"..
Pretrained word embeddings loaded! [wid_wEmbed: (43949, 300)]

Loading uid_userVis from "./datasets/Small_Clothing/Small_Clothing_uid_userVis.npy"..
uid_userVis loaded! [uid_userVis: (77930, 500)]

Loading iid_itemVis from "./datasets/Small_Clothing/Small_Clothing_iid_itemVis.npy"..
iid_itemVis loaded! [iid_itemVis: (59172, 500)]

Initialization Complete.. Elapsed Time: 3.01s (0.05 minute)

Train/Dev/Test splits loaded! |TRAIN|: 80,000, |DEV|: 150, |TEST|: 166
Train/Dev/Test splits loaded! Elapsed Time: 3.03s (0.05 minute)

Performing initial evaluation for VALIDATION set..
[Initial] [Dev]  MSE: 19.06667, MAE: 4.24000

Performing initial evaluation for TESTING set..
[Initial] [Test] MSE: 19.81928, MAE: 4.33735

Initial Evaluation Complete.. Elapsed Time: 3.19s (0.05 minute)

Parameters with L2 Regularization (Regularization Strength: 1e-06):
VANRA_RatingPred.uid_userOffset.weight, VANRA_RatingPred.iid_itemOffset.weight

Optimizer: Adam, Loss Function: MSELoss

Model Size: 150,440,255
# of Trainable Parameters: 153,555
VANRA (
  (uid_userDoc): Embedding(77930, 500), weights = ((77930, 500),), parameters = 38,965,000
  (iid_itemDoc): Embedding(59172, 500), weights = ((59172, 500),), parameters = 29,586,000
  (wid_wEmbed): Embedding(43949, 300), weights = ((43949, 300),), parameters = 13,184,700
  (uid_userVis): Embedding(77930, 500), weights = ((77930, 500),), parameters = 38,965,000
  (iid_itemVis): Embedding(59172, 500), weights = ((59172, 500),), parameters = 29,586,000
  (MSANR_ARL): MSANR_ARL(
    (aspEmbed): ModuleList(
      (0): Embedding(1, 150)
      (1): Embedding(1, 250)
      (2): Embedding(1, 350)
      (3): Embedding(1, 450)
    )
    (filterEmbed): Embedding(1, 50)
    (aspProj): Parameter(1, 300, 50)
  ), weights = ((1, 300, 50), (1, 150), (1, 250), (1, 350), (1, 450), (1, 50)), parameters = 16,250 (Trainable)
  (VANRA_VRL): VANRA_VRL(
    (localAttentionLayer_user): LocalAttention(
      (attention_layer): Sequential(
        (0): Conv2d(1, 1, kernel_size=(1, 50), stride=(1, 1))
        (1): Softmax(dim=2)
      )
    )
    (localAttentionLayer_item): LocalAttention(
      (attention_layer): Sequential(
        (0): Conv2d(1, 1, kernel_size=(1, 50), stride=(1, 1))
        (1): Softmax(dim=2)
      )
    )
    (wedProj_user): Parameter(1, 50)
    (wedProj_item): Parameter(1, 50)
  ), weights = ((1, 50), (1, 50), (1, 1, 1, 50), (1,), (1, 1, 1, 50), (1,)), parameters = 202 (Trainable)
  (VANRA_RatingPred): VANRA_RatingPred(
    (userAspRepDropout): Dropout(p=0.9, inplace=False)
    (itemAspRepDropout): Dropout(p=0.9, inplace=False)
    (uid_userOffset): Embedding(77930, 1)
    (iid_itemOffset): Embedding(59172, 1)
    (globalOffset): Parameter(1,)
  ), weights = ((1,), (77930, 1), (59172, 1)), parameters = 137,103 (Trainable)
)
========================================================================================================================

[Epoch 1/10] Training Loss: 12.59765	Elapsed Time: 12.59s (0:00:12)
[Epoch 1] [Dev]  MSE: 8.06935, MAE: 2.62971
[Epoch 1] [Test] MSE: 9.22978, MAE: 2.84025

*** MODEL has obtained the best DEV MSE of 8.06935 so far!
*** The Best MODEL saved to "./__saved_models__/Small_Clothing - VANRA/Small_Clothing_VANRA_1337.pth"

[Epoch 2/10] Training Loss: 6.47931	Elapsed Time: 25.15s (0:00:25)
[Epoch 2] [Dev]  MSE: 4.27042, MAE: 1.87531
[Epoch 2] [Test] MSE: 4.88807, MAE: 2.03254

*** MODEL has obtained the best DEV MSE of 4.27042 so far!
*** The Best MODEL saved to "./__saved_models__/Small_Clothing - VANRA/Small_Clothing_VANRA_1337.pth"

[Epoch 3/10] Training Loss: 3.43869	Elapsed Time: 37.69s (0:00:37)
[Epoch 3] [Dev]  MSE: 2.25228, MAE: 1.32764
[Epoch 3] [Test] MSE: 2.55883, MAE: 1.43844

*** MODEL has obtained the best DEV MSE of 2.25228 so far!
*** The Best MODEL saved to "./__saved_models__/Small_Clothing - VANRA/Small_Clothing_VANRA_1337.pth"

[Epoch 4/10] Training Loss: 1.95523	Elapsed Time: 50.23s (0:00:50)
[Epoch 4] [Dev]  MSE: 1.39978, MAE: 1.03032
[Epoch 4] [Test] MSE: 1.52210, MAE: 1.09386

*** MODEL has obtained the best DEV MSE of 1.39978 so far!
*** The Best MODEL saved to "./__saved_models__/Small_Clothing - VANRA/Small_Clothing_VANRA_1337.pth"

[Epoch 5/10] Training Loss: 1.34615	Elapsed Time: 62.75s (0:01:02)
[Epoch 5] [Dev]  MSE: 1.11830, MAE: 0.88009
[Epoch 5] [Test] MSE: 1.16118, MAE: 0.91270

*** MODEL has obtained the best DEV MSE of 1.11830 so far!
*** The Best MODEL saved to "./__saved_models__/Small_Clothing - VANRA/Small_Clothing_VANRA_1337.pth"

[Epoch 6/10] Training Loss: 1.11175	Elapsed Time: 75.29s (0:01:15)
[Epoch 6] [Dev]  MSE: 1.04678, MAE: 0.82929
[Epoch 6] [Test] MSE: 1.06198, MAE: 0.85464

*** MODEL has obtained the best DEV MSE of 1.04678 so far!
*** The Best MODEL saved to "./__saved_models__/Small_Clothing - VANRA/Small_Clothing_VANRA_1337.pth"

[Epoch 7/10] Training Loss: 0.98840	Elapsed Time: 87.83s (0:01:27)
[Epoch 7] [Dev]  MSE: 1.03200, MAE: 0.81168
[Epoch 7] [Test] MSE: 1.04725, MAE: 0.84046

*** MODEL has obtained the best DEV MSE of 1.03200 so far!
*** The Best MODEL saved to "./__saved_models__/Small_Clothing - VANRA/Small_Clothing_VANRA_1337.pth"

[Epoch 8/10] Training Loss: 0.88947	Elapsed Time: 100.36s (0:01:40)
[Epoch 8] [Dev]  MSE: 1.03157, MAE: 0.80289
[Epoch 8] [Test] MSE: 1.05185, MAE: 0.83619

*** MODEL has obtained the best DEV MSE of 1.03157 so far!
*** The Best MODEL saved to "./__saved_models__/Small_Clothing - VANRA/Small_Clothing_VANRA_1337.pth"

[Epoch 9/10] Training Loss: 0.79737	Elapsed Time: 112.97s (0:01:52)
[Epoch 9] [Dev]  MSE: 1.03048, MAE: 0.79610
[Epoch 9] [Test] MSE: 1.06118, MAE: 0.83460

*** MODEL has obtained the best DEV MSE of 1.03048 so far!
*** The Best MODEL saved to "./__saved_models__/Small_Clothing - VANRA/Small_Clothing_VANRA_1337.pth"

[Epoch 10/10] Training Loss: 0.71074	Elapsed Time: 125.57s (0:02:05)
[Epoch 10] [Dev]  MSE: 1.04525, MAE: 0.79131
[Epoch 10] [Test] MSE: 1.08074, MAE: 0.83620
*** The Last MODEL saved to "./__saved_models__/Small_Clothing - VANRA/Small_Clothing_VANRA_1337_10.pth"

[Training Loss]
[12.59765, 6.47931, 3.43869, 1.95523, 1.34615, 1.11175, 0.9884, 0.88947, 0.79737, 0.71074]

[Dev MSE]
[8.06935, 4.27042, 2.25228, 1.39978, 1.1183, 1.04678, 1.032, 1.03157, 1.03048, 1.04525]
[Test MSE]
[9.22978, 4.88807, 2.55883, 1.5221, 1.16118, 1.06198, 1.04725, 1.05185, 1.06118, 1.08074]
[Test MAE]
[2.84025, 2.03254, 1.43844, 1.09386, 0.9127, 0.85464, 0.84046, 0.83619, 0.8346, 0.8362]


Best Dev MSE: 1.03048 (Obtained during Evaluation #9)
Test MSE: 1.06118, Test MAE: 0.83460

End of Program! Elapsed Time: 128.83s (0:02:08)
