========================================================================================================================
  ARL_lr: 0.01
  ARL_path: 
  batch_size: 128
  channels_global: 10
  channels_local: 10
  command: -d Small_Clothing -m VANRA -e 50 -p 1 -v 43947 -K 5 -h1 10 -h2 50 -c_local 10 -c_global 10 -hiden_size 200 -output_size 50 -rs 1234 -gpu 0 -vb 1 -sm Small_Clothing_VANRA
  ctx_win_size: 3
  dataset: Small_Clothing
  disable_initial_eval: 0
  dropout_rate: 0.5
  epochs: 50
  gpu: 0
  h1: 10
  h2: 50
  hidden_size: 200
  input_dir: ./datasets/Small_Clothing/
  L2_reg: 1e-06
  learning_rate: 0.002
  loss_function: MSELoss
  max_doc_len: 500
  max_vis_len: 500
  model: VANRA
  num_aspects: 5
  optimizer: Adam
  out_dir: ./experimental_results/Small_Clothing - VANRA/
  output_size: 50
  pretrained_src: 1
  random_seed: 1234
  save_model: Small_Clothing_VANRA
  use_cuda: True
  verbose: 1
  vocab_size: 43947
  word_embed_dim: 300
========================================================================================================================

[INFO] # of Users: 77,930, # of Items: 59,172

Creating model (Selected Model: VANRA)..
[args.use_cuda: True] Model is on the GPU! (args.gpu: 0, torch.cuda.current_device(): 0)
Model created! Elapsed Time: 2.39s (0.04 minute)

Loading uid_userDoc from "./datasets/Small_Clothing/Small_Clothing_uid_userDoc.npy"..
uid_userDoc loaded! [uid_userDoc: (77930, 500)]

Loading iid_itemDoc from "./datasets/Small_Clothing/Small_Clothing_iid_itemDoc.npy"..
iid_itemDoc loaded! [iid_itemDoc: (59172, 500)]

Loading pretrained word embeddings from "./datasets/Small_Clothing/Small_Clothing_wid_wordEmbed.npy"..
Pretrained word embeddings loaded! [wid_wEmbed: (43949, 300)]

Loading uid_userVis from "./datasets/Small_Clothing/Small_Clothing_uid_userVis.npy"..
uid_userVis loaded! [uid_userVis: (77930, 500)]

Loading iid_itemVis from "./datasets/Small_Clothing/Small_Clothing_iid_itemVis.npy"..
iid_itemVis loaded! [iid_itemVis: (59172, 500)]

Initialization Complete.. Elapsed Time: 7.05s (0.12 minute)

Train/Dev/Test splits loaded! |TRAIN|: 80,000, |DEV|: 150, |TEST|: 166
Train/Dev/Test splits loaded! Elapsed Time: 7.07s (0.12 minute)

Performing initial evaluation for VALIDATION set..
[Initial] [Dev]  MSE: 15.05787, MAE: 3.71929

Performing initial evaluation for TESTING set..
[Initial] [Test] MSE: 16.16349, MAE: 3.87718

Initial Evaluation Complete.. Elapsed Time: 7.22s (0.12 minute)

Parameters with L2 Regularization (Regularization Strength: 1e-06):
VANRA_RatingPred.uid_userOffset.weight, VANRA_RatingPred.iid_itemOffset.weight

Optimizer: Adam, Loss Function: MSELoss

Model Size: 150,666,222
# of Trainable Parameters: 379,522
VANRA (
  (uid_userDoc): Embedding(77930, 500), weights = ((77930, 500),), parameters = 38,965,000
  (iid_itemDoc): Embedding(59172, 500), weights = ((59172, 500),), parameters = 29,586,000
  (wid_wEmbed): Embedding(43949, 300), weights = ((43949, 300),), parameters = 13,184,700
  (uid_userVis): Embedding(77930, 500), weights = ((77930, 500),), parameters = 38,965,000
  (iid_itemVis): Embedding(59172, 500), weights = ((59172, 500),), parameters = 29,586,000
  (shared_ANR_ARL): ANR_ARL(
    (aspEmbed): Embedding(5, 30)
    (aspProj): Parameter(5, 300, 10)
  ), weights = ((5, 300, 10), (5, 30)), parameters = 15,150 (Trainable)
  (ANR_AIE): ANR_AIE(  (W_a): Parameter(10, 10)
    (W_u): Parameter(50, 10)
    (w_hu): Parameter(50, 1)
    (W_i): Parameter(50, 10)
    (w_hi): Parameter(50, 1)
  ), weights = ((10, 10), (50, 10), (50, 1), (50, 10), (50, 1)), parameters = 1,200 (Trainable)
  (VANRA_VRL): VANRA_VRL(
    (localAttentionLayer_user): LocalAttention(
      (attention_layer): Sequential(
        (0): Conv2d(1, 1, kernel_size=(3, 1), stride=(1, 1))
        (1): Softmax(dim=2)
      )
      (fcLayer): Sequential(
        (0): Linear(in_features=500, out_features=200, bias=True)
        (1): Dropout(p=0.5, inplace=False)
        (2): ReLU()
        (3): Linear(in_features=200, out_features=50, bias=True)
      )
    )
    (localAttentionLayer_item): LocalAttention(
      (attention_layer): Sequential(
        (0): Conv2d(1, 1, kernel_size=(3, 1), stride=(1, 1))
        (1): Softmax(dim=2)
      )
      (fcLayer): Sequential(
        (0): Linear(in_features=500, out_features=200, bias=True)
        (1): Dropout(p=0.5, inplace=False)
        (2): ReLU()
        (3): Linear(in_features=200, out_features=50, bias=True)
      )
    )
  ), weights = ((1, 1, 3, 1), (1,), (200, 500), (200,), (50, 200), (50,), (1, 1, 3, 1), (1,), (200, 500), (200,), (50, 200), (50,)), parameters = 220,508 (Trainable)
  (VANRA_RatingPred): VANRA_RatingPred(
    (uid_userOffset): Embedding(77930, 1)
    (iid_itemOffset): Embedding(59172, 1)
    (fcLayer1): Sequential(
      (0): Linear(in_features=50, out_features=10, bias=True)
      (1): ReLU()
      (2): Dropout(p=0.5, inplace=False)
    )
    (fcLayer2): Sequential(
      (0): Linear(in_features=500, out_features=10, bias=True)
      (1): ReLU()
      (2): Dropout(p=0.5, inplace=False)
    )
    (prediction): Linear(in_features=40, out_features=1, bias=True)
    (globalOffset): Parameter(1,)
  ), weights = ((1,), (77930, 1), (59172, 1), (10, 50), (10,), (10, 500), (10,), (1, 40), (1,)), parameters = 142,664 (Trainable)
)
========================================================================================================================

[Epoch 1/50] Training Loss: 2.55442	Elapsed Time: 15.11s (0:00:15)
[Epoch 1] [Dev]  MSE: 1.46697, MAE: 0.99401
[Epoch 1] [Test] MSE: 1.66909, MAE: 1.03112

*** MODEL has obtained the best DEV MSE of 1.46697 so far!
*** The Best MODEL saved to "./__saved_models__/Small_Clothing - VANRA/Small_Clothing_VANRA_1234.pth"

[Epoch 2/50] Training Loss: 1.31915	Elapsed Time: 30.09s (0:00:30)
[Epoch 2] [Dev]  MSE: 1.27086, MAE: 0.87565
[Epoch 2] [Test] MSE: 1.45596, MAE: 0.91650

*** MODEL has obtained the best DEV MSE of 1.27086 so far!
*** The Best MODEL saved to "./__saved_models__/Small_Clothing - VANRA/Small_Clothing_VANRA_1234.pth"

[Epoch 3/50] Training Loss: 0.97130	Elapsed Time: 45.12s (0:00:45)
[Epoch 3] [Dev]  MSE: 1.30147, MAE: 0.81025
[Epoch 3] [Test] MSE: 1.46713, MAE: 0.85321

[Epoch 4/50] Training Loss: 0.75664	Elapsed Time: 60.24s (0:01:00)
[Epoch 4] [Dev]  MSE: 1.28669, MAE: 0.80412
[Epoch 4] [Test] MSE: 1.39975, MAE: 0.84480

[Epoch 5/50] Training Loss: 0.61762	Elapsed Time: 75.54s (0:01:15)
[Epoch 5] [Dev]  MSE: 1.19608, MAE: 0.79033
[Epoch 5] [Test] MSE: 1.33846, MAE: 0.84200

*** MODEL has obtained the best DEV MSE of 1.19608 so far!
*** The Best MODEL saved to "./__saved_models__/Small_Clothing - VANRA/Small_Clothing_VANRA_1234.pth"

[Epoch 6/50] Training Loss: 0.53832	Elapsed Time: 90.98s (0:01:30)
[Epoch 6] [Dev]  MSE: 1.28484, MAE: 0.80400
[Epoch 6] [Test] MSE: 1.43511, MAE: 0.84747

[Epoch 7/50] Training Loss: 0.47890	Elapsed Time: 105.96s (0:01:45)
[Epoch 7] [Dev]  MSE: 1.29080, MAE: 0.85584
[Epoch 7] [Test] MSE: 1.44163, MAE: 0.87903

[Epoch 8/50] Training Loss: 0.42545	Elapsed Time: 121.24s (0:02:01)
[Epoch 8] [Dev]  MSE: 1.25811, MAE: 0.80542
[Epoch 8] [Test] MSE: 1.40819, MAE: 0.83905

[Epoch 9/50] Training Loss: 0.38033	Elapsed Time: 137.23s (0:02:17)
[Epoch 9] [Dev]  MSE: 1.28085, MAE: 0.82936
[Epoch 9] [Test] MSE: 1.43636, MAE: 0.86055

[Epoch 10/50] Training Loss: 0.34744	Elapsed Time: 152.90s (0:02:32)
[Epoch 10] [Dev]  MSE: 1.26347, MAE: 0.82678
[Epoch 10] [Test] MSE: 1.37952, MAE: 0.85721

[Epoch 11/50] Training Loss: 0.31463	Elapsed Time: 168.37s (0:02:48)
[Epoch 11] [Dev]  MSE: 1.37092, MAE: 0.84310
[Epoch 11] [Test] MSE: 1.51131, MAE: 0.85538

[Epoch 12/50] Training Loss: 0.28661	Elapsed Time: 183.52s (0:03:03)
[Epoch 12] [Dev]  MSE: 1.31950, MAE: 0.84244
[Epoch 12] [Test] MSE: 1.49120, MAE: 0.89315
