========================================================================================================================
  ARL_lr: 0.01
  ARL_path: 
  batch_size: 128
  channels_global: 100
  channels_local: 200
  command: -d Small_Clothing -m VANRA -e 10 -dr 0.9 -WED 300 -K 1 -h1 50 -h2 50 -output_size 50 -p 1 -v 43947 -rs 1337 -gpu 0 -vb 1 -sm Small_Clothing_VANRA
  ctx_win_size: 3
  dataset: Small_Clothing
  disable_initial_eval: 0
  dropout_rate: 0.9
  epochs: 10
  filters_num: 100
  gpu: 0
  h1: 50
  h2: 50
  hidden_size: 500
  input_dir: ./datasets/Small_Clothing/
  L2_reg: 1e-06
  learning_rate: 0.002
  loss_function: MSELoss
  max_doc_len: 500
  max_vis_len: 500
  model: VANRA
  num_aspects: 1
  optimizer: Adam
  out_dir: ./experimental_results/Small_Clothing - VANRA/
  output_size: 50
  pretrained_src: 1
  random_seed: 1337
  save_model: Small_Clothing_VANRA
  use_cuda: True
  verbose: 1
  vocab_size: 43947
  word_embed_dim: 300
========================================================================================================================

[INFO] # of Users: 77,930, # of Items: 59,172

Creating model (Selected Model: VANRA)..
[args.use_cuda: True] Model is on the GPU! (args.gpu: 0, torch.cuda.current_device(): 0)
Model created! Elapsed Time: 2.43s (0.04 minute)

Loading uid_userDoc from "./datasets/Small_Clothing/Small_Clothing_uid_userDoc.npy"..
uid_userDoc loaded! [uid_userDoc: (77930, 500)]

Loading iid_itemDoc from "./datasets/Small_Clothing/Small_Clothing_iid_itemDoc.npy"..
iid_itemDoc loaded! [iid_itemDoc: (59172, 500)]

Loading pretrained word embeddings from "./datasets/Small_Clothing/Small_Clothing_wed300_wid_wordEmbed.npy"..
Pretrained word embeddings loaded! [wid_wEmbed: (43949, 300)]

Loading uid_userVis from "./datasets/Small_Clothing/Small_Clothing_uid_userVis.npy"..
uid_userVis loaded! [uid_userVis: (77930, 500)]

Loading iid_itemVis from "./datasets/Small_Clothing/Small_Clothing_iid_itemVis.npy"..
iid_itemVis loaded! [iid_itemVis: (59172, 500)]

Initialization Complete.. Elapsed Time: 6.97s (0.12 minute)

Train/Dev/Test splits loaded! |TRAIN|: 80,000, |DEV|: 150, |TEST|: 166
Train/Dev/Test splits loaded! Elapsed Time: 6.99s (0.12 minute)

Performing initial evaluation for VALIDATION set..
[Initial] [Dev]  MSE: 19.06667, MAE: 4.24000

Performing initial evaluation for TESTING set..
[Initial] [Test] MSE: 19.81928, MAE: 4.33735

Initial Evaluation Complete.. Elapsed Time: 7.17s (0.12 minute)

Parameters with L2 Regularization (Regularization Strength: 1e-06):
VANRA_RatingPred.uid_userOffset.weight, VANRA_RatingPred.iid_itemOffset.weight

Optimizer: Adam, Loss Function: MSELoss

Model Size: 150,440,405
# of Trainable Parameters: 153,705
VANRA (
  (uid_userDoc): Embedding(77930, 500), weights = ((77930, 500),), parameters = 38,965,000
  (iid_itemDoc): Embedding(59172, 500), weights = ((59172, 500),), parameters = 29,586,000
  (wid_wEmbed): Embedding(43949, 300), weights = ((43949, 300),), parameters = 13,184,700
  (uid_userVis): Embedding(77930, 500), weights = ((77930, 500),), parameters = 38,965,000
  (iid_itemVis): Embedding(59172, 500), weights = ((59172, 500),), parameters = 29,586,000
  (MSANR_ARL): MSANR_ARL(
    (aspEmbed): ModuleList(
      (0): Embedding(1, 150)
      (1): Embedding(1, 250)
      (2): Embedding(1, 350)
      (3): Embedding(1, 450)
    )
    (filterEmbed): Embedding(1, 50)
    (aspProj): Parameter(1, 300, 50)
  ), weights = ((1, 300, 50), (1, 150), (1, 250), (1, 350), (1, 450), (1, 50)), parameters = 16,250 (Trainable)
  (VANRA_VRL): VANRA_VRL(
    (localAttentionLayer_user): LocalAttention(
      (attention_layer): Sequential(
        (0): Conv2d(1, 1, kernel_size=(3, 50), stride=(1, 1), padding=(1, 0))
        (1): Softmax(dim=2)
      )
    )
    (localAttentionLayer_item): LocalAttention(
      (attention_layer): Sequential(
        (0): Conv2d(1, 1, kernel_size=(3, 50), stride=(1, 1), padding=(1, 0))
        (1): Softmax(dim=2)
      )
    )
    (wedProj): Parameter(1, 50)
  ), weights = ((1, 50), (1, 1, 3, 50), (1,), (1, 1, 3, 50), (1,)), parameters = 352 (Trainable)
  (VANRA_RatingPred): VANRA_RatingPred(
    (userAspRepDropout): Dropout(p=0.9, inplace=False)
    (itemAspRepDropout): Dropout(p=0.9, inplace=False)
    (uid_userOffset): Embedding(77930, 1)
    (iid_itemOffset): Embedding(59172, 1)
    (globalOffset): Parameter(1,)
  ), weights = ((1,), (77930, 1), (59172, 1)), parameters = 137,103 (Trainable)
)
========================================================================================================================

[Epoch 1/10] Training Loss: 9.87895	Elapsed Time: 26.83s (0:00:26)
[Epoch 1] [Dev]  MSE: 4.79811, MAE: 1.98943
[Epoch 1] [Test] MSE: 5.46638, MAE: 2.15294

*** MODEL has obtained the best DEV MSE of 4.79811 so far!
*** The Best MODEL saved to "./__saved_models__/Small_Clothing - VANRA/Small_Clothing_VANRA_1337.pth"

[Epoch 2/10] Training Loss: 5.23257	Elapsed Time: 53.87s (0:00:53)
[Epoch 2] [Dev]  MSE: 3.10371, MAE: 1.57615
[Epoch 2] [Test] MSE: 3.51814, MAE: 1.71283

*** MODEL has obtained the best DEV MSE of 3.10371 so far!
*** The Best MODEL saved to "./__saved_models__/Small_Clothing - VANRA/Small_Clothing_VANRA_1337.pth"

[Epoch 3/10] Training Loss: 2.94531	Elapsed Time: 80.50s (0:01:20)
[Epoch 3] [Dev]  MSE: 1.71982, MAE: 1.15129
[Epoch 3] [Test] MSE: 1.92974, MAE: 1.24785

*** MODEL has obtained the best DEV MSE of 1.71982 so far!
*** The Best MODEL saved to "./__saved_models__/Small_Clothing - VANRA/Small_Clothing_VANRA_1337.pth"

[Epoch 4/10] Training Loss: 1.77498	Elapsed Time: 107.29s (0:01:47)
[Epoch 4] [Dev]  MSE: 1.29255, MAE: 0.97958
[Epoch 4] [Test] MSE: 1.40460, MAE: 1.04116

*** MODEL has obtained the best DEV MSE of 1.29255 so far!
*** The Best MODEL saved to "./__saved_models__/Small_Clothing - VANRA/Small_Clothing_VANRA_1337.pth"

[Epoch 5/10] Training Loss: 1.26299	Elapsed Time: 134.02s (0:02:14)
[Epoch 5] [Dev]  MSE: 1.09364, MAE: 0.86380
[Epoch 5] [Test] MSE: 1.14389, MAE: 0.89928

*** MODEL has obtained the best DEV MSE of 1.09364 so far!
*** The Best MODEL saved to "./__saved_models__/Small_Clothing - VANRA/Small_Clothing_VANRA_1337.pth"

[Epoch 6/10] Training Loss: 1.08288	Elapsed Time: 160.80s (0:02:40)
[Epoch 6] [Dev]  MSE: 1.05621, MAE: 0.82936
[Epoch 6] [Test] MSE: 1.06026, MAE: 0.85572

*** MODEL has obtained the best DEV MSE of 1.05621 so far!
*** The Best MODEL saved to "./__saved_models__/Small_Clothing - VANRA/Small_Clothing_VANRA_1337.pth"

[Epoch 7/10] Training Loss: 0.96155	Elapsed Time: 187.62s (0:03:07)
[Epoch 7] [Dev]  MSE: 1.03931, MAE: 0.81524
[Epoch 7] [Test] MSE: 1.04983, MAE: 0.84430

*** MODEL has obtained the best DEV MSE of 1.03931 so far!
*** The Best MODEL saved to "./__saved_models__/Small_Clothing - VANRA/Small_Clothing_VANRA_1337.pth"

[Epoch 8/10] Training Loss: 0.86314	Elapsed Time: 214.49s (0:03:34)
[Epoch 8] [Dev]  MSE: 1.05095, MAE: 0.81378
[Epoch 8] [Test] MSE: 1.05297, MAE: 0.84026
