========================================================================================================================
  ARL_lr: 0.01
  ARL_path: 
  batch_size: 128
  channels_global: 10
  channels_local: 10
  command: -d Small_Clothing -m VANRA -e 15 -dr 0.9 -p 1 -v 43947 -K 5 -h1 10 -h2 50 -c_local 10 -c_global 10 -hiden_size 200 -output_size 50 -rs 1234 -gpu 0 -vb 1 -sm Small_Clothing_VANRA
  ctx_win_size: 3
  dataset: Small_Clothing
  disable_initial_eval: 0
  dropout_rate: 0.9
  epochs: 15
  gpu: 0
  h1: 10
  h2: 50
  hidden_size: 200
  input_dir: ./datasets/Small_Clothing/
  L2_reg: 1e-06
  learning_rate: 0.002
  loss_function: MSELoss
  max_doc_len: 500
  max_vis_len: 500
  model: VANRA
  num_aspects: 5
  optimizer: Adam
  out_dir: ./experimental_results/Small_Clothing - VANRA/
  output_size: 50
  pretrained_src: 1
  random_seed: 1234
  save_model: Small_Clothing_VANRA
  use_cuda: True
  verbose: 1
  vocab_size: 43947
  word_embed_dim: 300
========================================================================================================================

[INFO] # of Users: 77,930, # of Items: 59,172

Creating model (Selected Model: VANRA)..
[args.use_cuda: True] Model is on the GPU! (args.gpu: 0, torch.cuda.current_device(): 0)
Model created! Elapsed Time: 2.40s (0.04 minute)

Loading uid_userDoc from "./datasets/Small_Clothing/Small_Clothing_uid_userDoc.npy"..
uid_userDoc loaded! [uid_userDoc: (77930, 500)]

Loading iid_itemDoc from "./datasets/Small_Clothing/Small_Clothing_iid_itemDoc.npy"..
iid_itemDoc loaded! [iid_itemDoc: (59172, 500)]

Loading pretrained word embeddings from "./datasets/Small_Clothing/Small_Clothing_wid_wordEmbed.npy"..
Pretrained word embeddings loaded! [wid_wEmbed: (43949, 300)]

Loading uid_userVis from "./datasets/Small_Clothing/Small_Clothing_uid_userVis.npy"..
uid_userVis loaded! [uid_userVis: (77930, 500)]

Loading iid_itemVis from "./datasets/Small_Clothing/Small_Clothing_iid_itemVis.npy"..
iid_itemVis loaded! [iid_itemVis: (59172, 500)]

Initialization Complete.. Elapsed Time: 3.20s (0.05 minute)

Train/Dev/Test splits loaded! |TRAIN|: 80,000, |DEV|: 150, |TEST|: 166
Train/Dev/Test splits loaded! Elapsed Time: 3.22s (0.05 minute)

Performing initial evaluation for VALIDATION set..
[Initial] [Dev]  MSE: 19.51251, MAE: 4.29157

Performing initial evaluation for TESTING set..
[Initial] [Test] MSE: 20.20852, MAE: 4.37655

Initial Evaluation Complete.. Elapsed Time: 3.38s (0.06 minute)

Parameters with L2 Regularization (Regularization Strength: 1e-06):
VANRA_RatingPred.uid_userOffset.weight, VANRA_RatingPred.iid_itemOffset.weight

Optimizer: Adam, Loss Function: MSELoss

Model Size: 150,660,661
# of Trainable Parameters: 373,961
VANRA (
  (uid_userDoc): Embedding(77930, 500), weights = ((77930, 500),), parameters = 38,965,000
  (iid_itemDoc): Embedding(59172, 500), weights = ((59172, 500),), parameters = 29,586,000
  (wid_wEmbed): Embedding(43949, 300), weights = ((43949, 300),), parameters = 13,184,700
  (uid_userVis): Embedding(77930, 500), weights = ((77930, 500),), parameters = 38,965,000
  (iid_itemVis): Embedding(59172, 500), weights = ((59172, 500),), parameters = 29,586,000
  (shared_ANR_ARL): ANR_ARL(
    (aspEmbed): Embedding(5, 30)
    (aspProj): Parameter(5, 300, 10)
  ), weights = ((5, 300, 10), (5, 30)), parameters = 15,150 (Trainable)
  (ANR_AIE): ANR_AIE(  (W_a): Parameter(10, 10)
    (W_u): Parameter(50, 10)
    (w_hu): Parameter(50, 1)
    (W_i): Parameter(50, 10)
    (w_hi): Parameter(50, 1)
  ), weights = ((10, 10), (50, 10), (50, 1), (50, 10), (50, 1)), parameters = 1,200 (Trainable)
  (VANRA_VRL): VANRA_VRL(
    (localAttentionLayer_user): LocalAttention(
      (attention_layer): Sequential(
        (0): Conv2d(1, 1, kernel_size=(3, 1), stride=(1, 1))
        (1): Softmax(dim=2)
      )
      (fcLayer): Sequential(
        (0): Linear(in_features=500, out_features=200, bias=True)
        (1): Dropout(p=0.5, inplace=False)
        (2): ReLU()
        (3): Linear(in_features=200, out_features=50, bias=True)
      )
    )
    (localAttentionLayer_item): LocalAttention(
      (attention_layer): Sequential(
        (0): Conv2d(1, 1, kernel_size=(3, 1), stride=(1, 1))
        (1): Softmax(dim=2)
      )
      (fcLayer): Sequential(
        (0): Linear(in_features=500, out_features=200, bias=True)
        (1): Dropout(p=0.5, inplace=False)
        (2): ReLU()
        (3): Linear(in_features=200, out_features=50, bias=True)
      )
    )
  ), weights = ((1, 1, 3, 1), (1,), (200, 500), (200,), (50, 200), (50,), (1, 1, 3, 1), (1,), (200, 500), (200,), (50, 200), (50,)), parameters = 220,508 (Trainable)
  (VANRA_RatingPred): VANRA_RatingPred(
    (userAspRepDropout): Dropout(p=0.9, inplace=False)
    (itemAspRepDropout): Dropout(p=0.9, inplace=False)
    (uid_userOffset): Embedding(77930, 1)
    (iid_itemOffset): Embedding(59172, 1)
    (globalOffset): Parameter(1,)
  ), weights = ((1,), (77930, 1), (59172, 1)), parameters = 137,103 (Trainable)
)
========================================================================================================================

[Epoch 1/15] Training Loss: 2.40224	Elapsed Time: 17.78s (0:00:17)
[Epoch 1] [Dev]  MSE: 1.14532, MAE: 0.89655
[Epoch 1] [Test] MSE: 1.12446, MAE: 0.89408

*** MODEL has obtained the best DEV MSE of 1.14532 so far!
*** The Best MODEL saved to "./__saved_models__/Small_Clothing - VANRA/Small_Clothing_VANRA_1234.pth"

[Epoch 2/15] Training Loss: 1.45542	Elapsed Time: 35.53s (0:00:35)
[Epoch 2] [Dev]  MSE: 1.04489, MAE: 0.81833
[Epoch 2] [Test] MSE: 1.03635, MAE: 0.82366

*** MODEL has obtained the best DEV MSE of 1.04489 so far!
*** The Best MODEL saved to "./__saved_models__/Small_Clothing - VANRA/Small_Clothing_VANRA_1234.pth"

[Epoch 3/15] Training Loss: 1.28926	Elapsed Time: 53.34s (0:00:53)
[Epoch 3] [Dev]  MSE: 1.06380, MAE: 0.81970
[Epoch 3] [Test] MSE: 1.03231, MAE: 0.82260

[Epoch 4/15] Training Loss: 1.16384	Elapsed Time: 71.00s (0:01:11)
[Epoch 4] [Dev]  MSE: 1.04371, MAE: 0.80582
[Epoch 4] [Test] MSE: 0.99971, MAE: 0.81115

*** MODEL has obtained the best DEV MSE of 1.04371 so far!
*** The Best MODEL saved to "./__saved_models__/Small_Clothing - VANRA/Small_Clothing_VANRA_1234.pth"

[Epoch 5/15] Training Loss: 1.03962	Elapsed Time: 88.66s (0:01:28)
[Epoch 5] [Dev]  MSE: 1.05079, MAE: 0.80656
[Epoch 5] [Test] MSE: 1.07836, MAE: 0.81624

[Epoch 6/15] Training Loss: 0.93292	Elapsed Time: 106.33s (0:01:46)
[Epoch 6] [Dev]  MSE: 1.05962, MAE: 0.82448
[Epoch 6] [Test] MSE: 1.09541, MAE: 0.85420

[Epoch 7/15] Training Loss: 0.83785	Elapsed Time: 123.98s (0:02:03)
[Epoch 7] [Dev]  MSE: 1.04431, MAE: 0.80241
[Epoch 7] [Test] MSE: 1.09735, MAE: 0.84646

[Epoch 8/15] Training Loss: 0.74836	Elapsed Time: 141.65s (0:02:21)
[Epoch 8] [Dev]  MSE: 1.06317, MAE: 0.80136
[Epoch 8] [Test] MSE: 1.10982, MAE: 0.84570

[Epoch 9/15] Training Loss: 0.66805	Elapsed Time: 159.32s (0:02:39)
[Epoch 9] [Dev]  MSE: 1.07973, MAE: 0.80373
[Epoch 9] [Test] MSE: 1.14363, MAE: 0.85766

[Epoch 10/15] Training Loss: 0.59596	Elapsed Time: 177.00s (0:02:56)
[Epoch 10] [Dev]  MSE: 1.08695, MAE: 0.80098
[Epoch 10] [Test] MSE: 1.16411, MAE: 0.86366

[Epoch 11/15] Training Loss: 0.53104	Elapsed Time: 194.66s (0:03:14)
[Epoch 11] [Dev]  MSE: 1.10192, MAE: 0.78387
[Epoch 11] [Test] MSE: 1.16892, MAE: 0.83824

[Epoch 12/15] Training Loss: 0.47240	Elapsed Time: 212.31s (0:03:32)
[Epoch 12] [Dev]  MSE: 1.12327, MAE: 0.80074
[Epoch 12] [Test] MSE: 1.21986, MAE: 0.86948

[Epoch 13/15] Training Loss: 0.41938	Elapsed Time: 230.01s (0:03:50)
[Epoch 13] [Dev]  MSE: 1.14254, MAE: 0.79390
[Epoch 13] [Test] MSE: 1.23906, MAE: 0.85992

[Epoch 14/15] Training Loss: 0.37237	Elapsed Time: 247.66s (0:04:07)
[Epoch 14] [Dev]  MSE: 1.15054, MAE: 0.79298
[Epoch 14] [Test] MSE: 1.26886, MAE: 0.86140

[Epoch 15/15] Training Loss: 0.33014	Elapsed Time: 265.31s (0:04:25)
[Epoch 15] [Dev]  MSE: 1.16835, MAE: 0.78719
[Epoch 15] [Test] MSE: 1.27568, MAE: 0.85424
*** The Last MODEL saved to "./__saved_models__/Small_Clothing - VANRA/Small_Clothing_VANRA_1234_15.pth"

[Training Loss]
[2.40224, 1.45542, 1.28926, 1.16384, 1.03962, 0.93292, 0.83785, 0.74836, 0.66805, 0.59596, 0.53104, 0.4724, 0.41938, 0.37237, 0.33014]

[Dev MSE]
[1.14532, 1.04489, 1.0638, 1.04371, 1.05079, 1.05962, 1.04431, 1.06317, 1.07973, 1.08695, 1.10192, 1.12327, 1.14254, 1.15054, 1.16835]
[Test MSE]
[1.12446, 1.03635, 1.03231, 0.99971, 1.07836, 1.09541, 1.09735, 1.10982, 1.14363, 1.16411, 1.16892, 1.21986, 1.23906, 1.26886, 1.27568]
[Test MAE]
[0.89408, 0.82366, 0.8226, 0.81115, 0.81624, 0.8542, 0.84646, 0.8457, 0.85766, 0.86366, 0.83824, 0.86948, 0.85992, 0.8614, 0.85424]


Best Dev MSE: 1.04371 (Obtained during Evaluation #4)
Test MSE: 0.99971, Test MAE: 0.81115

End of Program! Elapsed Time: 268.73s (0:04:28)
