========================================================================================================================
  ARL_lr: 0.01
  ARL_path: 
  batch_size: 128
  channels_global: 10
  channels_local: 10
  command: -d Small_Clothing -m VANRA -e 10 -dr 0.9 -p 1 -v 43947 -K 5 -h1 10 -h2 50 -c_local 10 -c_global 10 -hiden_size 100 -output_size 10 -rs 1234 -gpu 0 -vb 1 -sm Small_Clothing_VANRA
  ctx_win_size: 3
  dataset: Small_Clothing
  disable_initial_eval: 0
  dropout_rate: 0.9
  epochs: 10
  gpu: 0
  h1: 10
  h2: 50
  hidden_size: 100
  input_dir: ./datasets/Small_Clothing/
  L2_reg: 1e-06
  learning_rate: 0.002
  loss_function: MSELoss
  max_doc_len: 500
  max_vis_len: 500
  model: VANRA
  num_aspects: 5
  optimizer: Adam
  out_dir: ./experimental_results/Small_Clothing - VANRA/
  output_size: 10
  pretrained_src: 1
  random_seed: 1234
  save_model: Small_Clothing_VANRA
  use_cuda: True
  verbose: 1
  vocab_size: 43947
  word_embed_dim: 300
========================================================================================================================

[INFO] # of Users: 77,930, # of Items: 59,172

Creating model (Selected Model: VANRA)..
[args.use_cuda: True] Model is on the GPU! (args.gpu: 0, torch.cuda.current_device(): 0)
Model created! Elapsed Time: 2.44s (0.04 minute)

Loading uid_userDoc from "./datasets/Small_Clothing/Small_Clothing_uid_userDoc.npy"..
uid_userDoc loaded! [uid_userDoc: (77930, 500)]

Loading iid_itemDoc from "./datasets/Small_Clothing/Small_Clothing_iid_itemDoc.npy"..
iid_itemDoc loaded! [iid_itemDoc: (59172, 500)]

Loading pretrained word embeddings from "./datasets/Small_Clothing/Small_Clothing_wid_wordEmbed.npy"..
Pretrained word embeddings loaded! [wid_wEmbed: (43949, 300)]

Loading uid_userVis from "./datasets/Small_Clothing/Small_Clothing_uid_userVis.npy"..
uid_userVis loaded! [uid_userVis: (77930, 500)]

Loading iid_itemVis from "./datasets/Small_Clothing/Small_Clothing_iid_itemVis.npy"..
iid_itemVis loaded! [iid_itemVis: (59172, 500)]

Initialization Complete.. Elapsed Time: 3.01s (0.05 minute)

Train/Dev/Test splits loaded! |TRAIN|: 80,000, |DEV|: 150, |TEST|: 166
Train/Dev/Test splits loaded! Elapsed Time: 3.03s (0.05 minute)

Performing initial evaluation for VALIDATION set..
[Initial] [Dev]  MSE: 19.09781, MAE: 4.24283

Performing initial evaluation for TESTING set..
[Initial] [Test] MSE: 19.85590, MAE: 4.34139

Initial Evaluation Complete.. Elapsed Time: 3.19s (0.05 minute)

Parameters with L2 Regularization (Regularization Strength: 1e-06):
VANRA_RatingPred.uid_userOffset.weight, VANRA_RatingPred.iid_itemOffset.weight

Optimizer: Adam, Loss Function: MSELoss

Model Size: 150,542,381
# of Trainable Parameters: 255,681
VANRA (
  (uid_userDoc): Embedding(77930, 500), weights = ((77930, 500),), parameters = 38,965,000
  (iid_itemDoc): Embedding(59172, 500), weights = ((59172, 500),), parameters = 29,586,000
  (wid_wEmbed): Embedding(43949, 300), weights = ((43949, 300),), parameters = 13,184,700
  (uid_userVis): Embedding(77930, 500), weights = ((77930, 500),), parameters = 38,965,000
  (iid_itemVis): Embedding(59172, 500), weights = ((59172, 500),), parameters = 29,586,000
  (shared_ANR_ARL): ANR_ARL(
    (aspEmbed): Embedding(5, 30)
    (aspProj): Parameter(5, 300, 10)
  ), weights = ((5, 300, 10), (5, 30)), parameters = 15,150 (Trainable)
  (ANR_AIE): ANR_AIE(  (W_a): Parameter(10, 10)
    (W_u): Parameter(50, 10)
    (w_hu): Parameter(50, 1)
    (W_i): Parameter(50, 10)
    (w_hi): Parameter(50, 1)
  ), weights = ((10, 10), (50, 10), (50, 1), (50, 10), (50, 1)), parameters = 1,200 (Trainable)
  (VANRA_VRL): VANRA_VRL(
    (localAttentionLayer_user): LocalAttention(
      (attention_layer): Sequential(
        (0): Conv2d(1, 1, kernel_size=(3, 1), stride=(1, 1))
        (1): Softmax(dim=2)
      )
      (fcLayer): Sequential(
        (0): Linear(in_features=500, out_features=100, bias=True)
        (1): Dropout(p=0.9, inplace=False)
        (2): ReLU()
        (3): Linear(in_features=100, out_features=10, bias=True)
      )
    )
    (localAttentionLayer_item): LocalAttention(
      (attention_layer): Sequential(
        (0): Conv2d(1, 1, kernel_size=(3, 1), stride=(1, 1))
        (1): Softmax(dim=2)
      )
      (fcLayer): Sequential(
        (0): Linear(in_features=500, out_features=100, bias=True)
        (1): Dropout(p=0.9, inplace=False)
        (2): ReLU()
        (3): Linear(in_features=100, out_features=10, bias=True)
      )
    )
  ), weights = ((1, 1, 3, 1), (1,), (100, 500), (100,), (10, 100), (10,), (1, 1, 3, 1), (1,), (100, 500), (100,), (10, 100), (10,)), parameters = 102,228 (Trainable)
  (VANRA_RatingPred): VANRA_RatingPred(
    (userAspRepDropout): Dropout(p=0.9, inplace=False)
    (itemAspRepDropout): Dropout(p=0.9, inplace=False)
    (uid_userOffset): Embedding(77930, 1)
    (iid_itemOffset): Embedding(59172, 1)
    (globalOffset): Parameter(1,)
  ), weights = ((1,), (77930, 1), (59172, 1)), parameters = 137,103 (Trainable)
)
========================================================================================================================

[Epoch 1/10] Training Loss: 4.16320	Elapsed Time: 17.31s (0:00:17)
[Epoch 1] [Dev]  MSE: 1.18413, MAE: 0.92961
[Epoch 1] [Test] MSE: 1.15749, MAE: 0.89592

*** MODEL has obtained the best DEV MSE of 1.18413 so far!
*** The Best MODEL saved to "./__saved_models__/Small_Clothing - VANRA/Small_Clothing_VANRA_1234.pth"

[Epoch 2/10] Training Loss: 1.55690	Elapsed Time: 34.83s (0:00:34)
[Epoch 2] [Dev]  MSE: 1.05769, MAE: 0.83955
[Epoch 2] [Test] MSE: 1.04898, MAE: 0.83112

*** MODEL has obtained the best DEV MSE of 1.05769 so far!
*** The Best MODEL saved to "./__saved_models__/Small_Clothing - VANRA/Small_Clothing_VANRA_1234.pth"

[Epoch 3/10] Training Loss: 1.32778	Elapsed Time: 52.25s (0:00:52)
[Epoch 3] [Dev]  MSE: 1.04619, MAE: 0.83066
[Epoch 3] [Test] MSE: 1.03860, MAE: 0.82954

*** MODEL has obtained the best DEV MSE of 1.04619 so far!
*** The Best MODEL saved to "./__saved_models__/Small_Clothing - VANRA/Small_Clothing_VANRA_1234.pth"

[Epoch 4/10] Training Loss: 1.18858	Elapsed Time: 69.75s (0:01:09)
[Epoch 4] [Dev]  MSE: 1.03270, MAE: 0.81774
[Epoch 4] [Test] MSE: 1.03774, MAE: 0.83027

*** MODEL has obtained the best DEV MSE of 1.03270 so far!
*** The Best MODEL saved to "./__saved_models__/Small_Clothing - VANRA/Small_Clothing_VANRA_1234.pth"

[Epoch 5/10] Training Loss: 1.07397	Elapsed Time: 87.26s (0:01:27)
[Epoch 5] [Dev]  MSE: 1.02708, MAE: 0.80522
[Epoch 5] [Test] MSE: 1.04695, MAE: 0.82978

*** MODEL has obtained the best DEV MSE of 1.02708 so far!
*** The Best MODEL saved to "./__saved_models__/Small_Clothing - VANRA/Small_Clothing_VANRA_1234.pth"

[Epoch 6/10] Training Loss: 0.96933	Elapsed Time: 104.76s (0:01:44)
[Epoch 6] [Dev]  MSE: 1.03693, MAE: 0.80507
[Epoch 6] [Test] MSE: 1.04859, MAE: 0.83067

[Epoch 7/10] Training Loss: 0.87002	Elapsed Time: 122.24s (0:02:02)
[Epoch 7] [Dev]  MSE: 1.03336, MAE: 0.78969
[Epoch 7] [Test] MSE: 1.06486, MAE: 0.82776

[Epoch 8/10] Training Loss: 0.77738	Elapsed Time: 139.76s (0:02:19)
[Epoch 8] [Dev]  MSE: 1.05400, MAE: 0.80618
[Epoch 8] [Test] MSE: 1.10709, MAE: 0.85718

[Epoch 9/10] Training Loss: 0.69476	Elapsed Time: 157.25s (0:02:37)
[Epoch 9] [Dev]  MSE: 1.06296, MAE: 0.77762
[Epoch 9] [Test] MSE: 1.11060, MAE: 0.82512

[Epoch 10/10] Training Loss: 0.61772	Elapsed Time: 174.78s (0:02:54)
[Epoch 10] [Dev]  MSE: 1.07641, MAE: 0.79409
[Epoch 10] [Test] MSE: 1.15447, MAE: 0.85853
*** The Last MODEL saved to "./__saved_models__/Small_Clothing - VANRA/Small_Clothing_VANRA_1234_10.pth"

[Training Loss]
[4.1632, 1.5569, 1.32778, 1.18858, 1.07397, 0.96933, 0.87002, 0.77738, 0.69476, 0.61772]

[Dev MSE]
[1.18413, 1.05769, 1.04619, 1.0327, 1.02708, 1.03693, 1.03336, 1.054, 1.06296, 1.07641]
[Test MSE]
[1.15749, 1.04898, 1.0386, 1.03774, 1.04695, 1.04859, 1.06486, 1.10709, 1.1106, 1.15447]
[Test MAE]
[0.89592, 0.83112, 0.82954, 0.83027, 0.82978, 0.83067, 0.82776, 0.85718, 0.82512, 0.85853]


Best Dev MSE: 1.02708 (Obtained during Evaluation #5)
Test MSE: 1.04695, Test MAE: 0.82978

End of Program! Elapsed Time: 178.02s (0:02:58)
