========================================================================================================================
  ARL_lr: 0.01
  ARL_path: 
  batch_size: 128
  channels_global: 100
  channels_local: 200
  command: -d Small_Clothing -m VANRA -e 10 -dr 0.9 -WED 300 -K 1 -h1 50 -h2 50 -output_size 50 -p 1 -v 43947 -rs 1337 -gpu 0 -vb 1 -sm Small_Clothing_VANRA
  ctx_win_size: 3
  dataset: Small_Clothing
  disable_initial_eval: 0
  dropout_rate: 0.9
  epochs: 10
  filters_num: 100
  gpu: 0
  h1: 50
  h2: 50
  hidden_size: 500
  input_dir: ./datasets/Small_Clothing/
  L2_reg: 1e-06
  learning_rate: 0.002
  loss_function: MSELoss
  max_doc_len: 500
  max_vis_len: 500
  model: VANRA
  num_aspects: 1
  optimizer: Adam
  out_dir: ./experimental_results/Small_Clothing - VANRA/
  output_size: 50
  pretrained_src: 1
  random_seed: 1337
  save_model: Small_Clothing_VANRA
  use_cuda: True
  verbose: 1
  vocab_size: 43947
  word_embed_dim: 300
========================================================================================================================

[INFO] # of Users: 77,930, # of Items: 59,172

Creating model (Selected Model: VANRA)..
[args.use_cuda: True] Model is on the GPU! (args.gpu: 0, torch.cuda.current_device(): 0)
Model created! Elapsed Time: 2.48s (0.04 minute)

Loading uid_userDoc from "./datasets/Small_Clothing/Small_Clothing_uid_userDoc.npy"..
uid_userDoc loaded! [uid_userDoc: (77930, 500)]

Loading iid_itemDoc from "./datasets/Small_Clothing/Small_Clothing_iid_itemDoc.npy"..
iid_itemDoc loaded! [iid_itemDoc: (59172, 500)]

Loading pretrained word embeddings from "./datasets/Small_Clothing/Small_Clothing_wed300_wid_wordEmbed.npy"..
Pretrained word embeddings loaded! [wid_wEmbed: (43949, 300)]

Loading uid_userVis from "./datasets/Small_Clothing/Small_Clothing_uid_userVis.npy"..
uid_userVis loaded! [uid_userVis: (77930, 500)]

Loading iid_itemVis from "./datasets/Small_Clothing/Small_Clothing_iid_itemVis.npy"..
iid_itemVis loaded! [iid_itemVis: (59172, 500)]

Initialization Complete.. Elapsed Time: 3.07s (0.05 minute)

Train/Dev/Test splits loaded! |TRAIN|: 80,000, |DEV|: 150, |TEST|: 166
Train/Dev/Test splits loaded! Elapsed Time: 3.09s (0.05 minute)

Performing initial evaluation for VALIDATION set..
[Initial] [Dev]  MSE: 16.09973, MAE: 3.86296

Performing initial evaluation for TESTING set..
[Initial] [Test] MSE: 17.10596, MAE: 3.99358

Initial Evaluation Complete.. Elapsed Time: 3.26s (0.05 minute)

Parameters with L2 Regularization (Regularization Strength: 1e-06):
VANRA_RatingPred.uid_userOffset.weight, VANRA_RatingPred.iid_itemOffset.weight

Optimizer: Adam, Loss Function: MSELoss

Model Size: 150,514,703
# of Trainable Parameters: 228,003
VANRA (
  (uid_userDoc): Embedding(77930, 500), weights = ((77930, 500),), parameters = 38,965,000
  (iid_itemDoc): Embedding(59172, 500), weights = ((59172, 500),), parameters = 29,586,000
  (wid_wEmbed): Embedding(43949, 300), weights = ((43949, 300),), parameters = 13,184,700
  (uid_userVis): Embedding(77930, 500), weights = ((77930, 500),), parameters = 38,965,000
  (iid_itemVis): Embedding(59172, 500), weights = ((59172, 500),), parameters = 29,586,000
  (MSANR_ARL): MSANR_ARL(
    (aspEmbed): ModuleList(
      (0): Embedding(1, 150)
      (1): Embedding(1, 250)
      (2): Embedding(1, 350)
    )
    (filterEmbed): Embedding(1, 50)
    (aspProj): Parameter(1, 300, 50)
  ), weights = ((1, 300, 50), (1, 150), (1, 250), (1, 350), (1, 50)), parameters = 15,800 (Trainable)
  (VANRA_VRL): VANRA_VRL(
    (fcLayer_user): Sequential(
      (0): Dropout(p=0.9, inplace=False)
      (1): Linear(in_features=500, out_features=50, bias=True)
    )
    (fcLayer_item): Sequential(
      (0): Dropout(p=0.9, inplace=False)
      (1): Linear(in_features=500, out_features=50, bias=True)
    )
    (visProj): Parameter(500, 50)
  ), weights = ((500, 50), (50, 500), (50,), (50, 500), (50,)), parameters = 75,100 (Trainable)
  (VANRA_RatingPred): VANRA_RatingPred(
    (userAspRepDropout): Dropout(p=0.9, inplace=False)
    (itemAspRepDropout): Dropout(p=0.9, inplace=False)
    (userVisRepDropout): Dropout(p=0.9, inplace=False)
    (itemVisRepDropout): Dropout(p=0.9, inplace=False)
    (uid_userOffset): Embedding(77930, 1)
    (iid_itemOffset): Embedding(59172, 1)
    (globalOffset): Parameter(1,)
  ), weights = ((1,), (77930, 1), (59172, 1)), parameters = 137,103 (Trainable)
)
========================================================================================================================

[Epoch 1/10] Training Loss: 13.55742	Elapsed Time: 17.16s (0:00:17)
[Epoch 1] [Dev]  MSE: 7.09154, MAE: 2.48412
[Epoch 1] [Test] MSE: 7.40012, MAE: 2.56787

*** MODEL has obtained the best DEV MSE of 7.09154 so far!
*** The Best MODEL saved to "./__saved_models__/Small_Clothing - VANRA/Small_Clothing_VANRA_1337.pth"

[Epoch 2/10] Training Loss: 6.97010	Elapsed Time: 35.07s (0:00:35)
[Epoch 2] [Dev]  MSE: 3.10779, MAE: 1.59857
[Epoch 2] [Test] MSE: 3.23973, MAE: 1.64916

*** MODEL has obtained the best DEV MSE of 3.10779 so far!
*** The Best MODEL saved to "./__saved_models__/Small_Clothing - VANRA/Small_Clothing_VANRA_1337.pth"

[Epoch 3/10] Training Loss: 3.47161	Elapsed Time: 52.57s (0:00:52)
[Epoch 3] [Dev]  MSE: 1.49840, MAE: 1.09157
[Epoch 3] [Test] MSE: 1.52039, MAE: 1.09341

*** MODEL has obtained the best DEV MSE of 1.49840 so far!
*** The Best MODEL saved to "./__saved_models__/Small_Clothing - VANRA/Small_Clothing_VANRA_1337.pth"

[Epoch 4/10] Training Loss: 1.91333	Elapsed Time: 69.98s (0:01:09)
[Epoch 4] [Dev]  MSE: 1.11949, MAE: 0.85121
[Epoch 4] [Test] MSE: 1.05703, MAE: 0.83979

*** MODEL has obtained the best DEV MSE of 1.11949 so far!
*** The Best MODEL saved to "./__saved_models__/Small_Clothing - VANRA/Small_Clothing_VANRA_1337.pth"

[Epoch 5/10] Training Loss: 1.33298	Elapsed Time: 87.35s (0:01:27)
[Epoch 5] [Dev]  MSE: 1.17917, MAE: 0.79294
[Epoch 5] [Test] MSE: 1.06683, MAE: 0.77021

[Epoch 6/10] Training Loss: 1.12767	Elapsed Time: 105.00s (0:01:45)
[Epoch 6] [Dev]  MSE: 1.23619, MAE: 0.76986
[Epoch 6] [Test] MSE: 1.14276, MAE: 0.74904

[Epoch 7/10] Training Loss: 1.01301	Elapsed Time: 122.31s (0:02:02)
[Epoch 7] [Dev]  MSE: 1.26373, MAE: 0.76257
[Epoch 7] [Test] MSE: 1.17157, MAE: 0.74182

[Epoch 8/10] Training Loss: 0.91454	Elapsed Time: 139.65s (0:02:19)
[Epoch 8] [Dev]  MSE: 1.26535, MAE: 0.75539
[Epoch 8] [Test] MSE: 1.18294, MAE: 0.73843

[Epoch 9/10] Training Loss: 0.82207	Elapsed Time: 156.93s (0:02:36)
[Epoch 9] [Dev]  MSE: 1.25243, MAE: 0.74759
[Epoch 9] [Test] MSE: 1.18019, MAE: 0.74312

[Epoch 10/10] Training Loss: 0.73538	Elapsed Time: 174.23s (0:02:54)
[Epoch 10] [Dev]  MSE: 1.26547, MAE: 0.74911
[Epoch 10] [Test] MSE: 1.20034, MAE: 0.74699
*** The Last MODEL saved to "./__saved_models__/Small_Clothing - VANRA/Small_Clothing_VANRA_1337_10.pth"

[Training Loss]
[13.55742, 6.9701, 3.47161, 1.91333, 1.33298, 1.12767, 1.01301, 0.91454, 0.82207, 0.73538]

[Dev MSE]
[7.09154, 3.10779, 1.4984, 1.11949, 1.17917, 1.23619, 1.26373, 1.26535, 1.25243, 1.26547]
[Test MSE]
[7.40012, 3.23973, 1.52039, 1.05703, 1.06683, 1.14276, 1.17157, 1.18294, 1.18019, 1.20034]
[Test MAE]
[2.56787, 1.64916, 1.09341, 0.83979, 0.77021, 0.74904, 0.74182, 0.73843, 0.74312, 0.74699]


Best Dev MSE: 1.11949 (Obtained during Evaluation #4)
Test MSE: 1.05703, Test MAE: 0.83979

End of Program! Elapsed Time: 177.56s (0:02:57)
