========================================================================================================================
  ARL_lr: 0.01
  ARL_path: Small_Clothing_ANRS_1337
  batch_size: 128
  channels_global: 10
  channels_local: 10
  command: -d Small_Clothing -m VANRA -e 10 -dr 0.9 -p 1 -v 43947 -K 5 -h1 10 -h2 50 -c_local 10 -c_global 10 -hiden_size 100 -output_size 10 -rs 1234 -gpu 0 -vb 1 -sm Small_Clothing_VANRA -ARL_path Small_Clothing_ANRS_1337
  ctx_win_size: 3
  dataset: Small_Clothing
  disable_initial_eval: 0
  dropout_rate: 0.9
  epochs: 10
  gpu: 0
  h1: 10
  h2: 50
  hidden_size: 100
  input_dir: ./datasets/Small_Clothing/
  L2_reg: 1e-06
  learning_rate: 0.002
  loss_function: MSELoss
  max_doc_len: 500
  max_vis_len: 500
  model: VANRA
  num_aspects: 5
  optimizer: Adam
  out_dir: ./experimental_results/Small_Clothing - VANRA/
  output_size: 10
  pretrained_src: 1
  random_seed: 1234
  save_model: Small_Clothing_VANRA
  use_cuda: True
  verbose: 1
  vocab_size: 43947
  word_embed_dim: 300
========================================================================================================================

[INFO] # of Users: 77,930, # of Items: 59,172

Creating model (Selected Model: VANRA)..
[args.use_cuda: True] Model is on the GPU! (args.gpu: 0, torch.cuda.current_device(): 0)
Model created! Elapsed Time: 2.46s (0.04 minute)

Loading uid_userDoc from "./datasets/Small_Clothing/Small_Clothing_uid_userDoc.npy"..
uid_userDoc loaded! [uid_userDoc: (77930, 500)]

Loading iid_itemDoc from "./datasets/Small_Clothing/Small_Clothing_iid_itemDoc.npy"..
iid_itemDoc loaded! [iid_itemDoc: (59172, 500)]

Loading pretrained word embeddings from "./datasets/Small_Clothing/Small_Clothing_wid_wordEmbed.npy"..
Pretrained word embeddings loaded! [wid_wEmbed: (43949, 300)]

Loading uid_userVis from "./datasets/Small_Clothing/Small_Clothing_uid_userVis.npy"..
uid_userVis loaded! [uid_userVis: (77930, 500)]

Loading iid_itemVis from "./datasets/Small_Clothing/Small_Clothing_iid_itemVis.npy"..
iid_itemVis loaded! [iid_itemVis: (59172, 500)]

Loading pretrained ARL weights of "VANRA" for dataset "Small_Clothing" from "./__saved_models__/Small_Clothing - ANRS/Small_Clothing_ANRS_1337.pth"!
Loading pretrained ARL weights on GPU "0"!

Loaded pretrained model states:

	shared_ANR_ARL.aspProj
	shared_ANR_ARL.aspEmbed.weight

Pretrained model states transferred to current model!

*** "shared_ANR_ARL.aspProj, shared_ANR_ARL.aspEmbed.weight" are FINE-TUNED!! ***


Initialization Complete.. Elapsed Time: 3.09s (0.05 minute)

Train/Dev/Test splits loaded! |TRAIN|: 80,000, |DEV|: 150, |TEST|: 166
Train/Dev/Test splits loaded! Elapsed Time: 3.11s (0.05 minute)

Performing initial evaluation for VALIDATION set..
[Initial] [Dev]  MSE: 18.90601, MAE: 4.22155

Performing initial evaluation for TESTING set..
[Initial] [Test] MSE: 19.70413, MAE: 4.32399

Initial Evaluation Complete.. Elapsed Time: 3.27s (0.05 minute)

Parameters that are fine-tuned using a smaller LR (LR: 2e-05):
shared_ANR_ARL.aspProj, shared_ANR_ARL.aspEmbed.weight

Parameters with L2 Regularization (Regularization Strength: 1e-06):
VANRA_RatingPred.uid_userOffset.weight, VANRA_RatingPred.iid_itemOffset.weight

Optimizer: Adam, Loss Function: MSELoss

Model Size: 150,542,381
# of Trainable Parameters: 255,681
VANRA (
  (uid_userDoc): Embedding(77930, 500), weights = ((77930, 500),), parameters = 38,965,000
  (iid_itemDoc): Embedding(59172, 500), weights = ((59172, 500),), parameters = 29,586,000
  (wid_wEmbed): Embedding(43949, 300), weights = ((43949, 300),), parameters = 13,184,700
  (uid_userVis): Embedding(77930, 500), weights = ((77930, 500),), parameters = 38,965,000
  (iid_itemVis): Embedding(59172, 500), weights = ((59172, 500),), parameters = 29,586,000
  (shared_ANR_ARL): ANR_ARL(
    (aspEmbed): Embedding(5, 30)
    (aspProj): Parameter(5, 300, 10)
  ), weights = ((5, 300, 10), (5, 30)), parameters = 15,150 (Trainable)
  (ANR_AIE): ANR_AIE(  (W_a): Parameter(10, 10)
    (W_u): Parameter(50, 10)
    (w_hu): Parameter(50, 1)
    (W_i): Parameter(50, 10)
    (w_hi): Parameter(50, 1)
  ), weights = ((10, 10), (50, 10), (50, 1), (50, 10), (50, 1)), parameters = 1,200 (Trainable)
  (VANRA_VRL): VANRA_VRL(
    (localAttentionLayer_user): LocalAttention(
      (attention_layer): Sequential(
        (0): Conv2d(1, 1, kernel_size=(3, 1), stride=(1, 1))
        (1): Softmax(dim=2)
      )
      (fcLayer): Sequential(
        (0): Linear(in_features=500, out_features=100, bias=True)
        (1): Dropout(p=0.9, inplace=False)
        (2): ReLU()
        (3): Linear(in_features=100, out_features=10, bias=True)
      )
    )
    (localAttentionLayer_item): LocalAttention(
      (attention_layer): Sequential(
        (0): Conv2d(1, 1, kernel_size=(3, 1), stride=(1, 1))
        (1): Softmax(dim=2)
      )
      (fcLayer): Sequential(
        (0): Linear(in_features=500, out_features=100, bias=True)
        (1): Dropout(p=0.9, inplace=False)
        (2): ReLU()
        (3): Linear(in_features=100, out_features=10, bias=True)
      )
    )
  ), weights = ((1, 1, 3, 1), (1,), (100, 500), (100,), (10, 100), (10,), (1, 1, 3, 1), (1,), (100, 500), (100,), (10, 100), (10,)), parameters = 102,228 (Trainable)
  (VANRA_RatingPred): VANRA_RatingPred(
    (userAspRepDropout): Dropout(p=0.9, inplace=False)
    (itemAspRepDropout): Dropout(p=0.9, inplace=False)
    (uid_userOffset): Embedding(77930, 1)
    (iid_itemOffset): Embedding(59172, 1)
    (globalOffset): Parameter(1,)
  ), weights = ((1,), (77930, 1), (59172, 1)), parameters = 137,103 (Trainable)
)
========================================================================================================================

[Epoch 1/10] Training Loss: 4.21259	Elapsed Time: 16.90s (0:00:16)
[Epoch 1] [Dev]  MSE: 1.18141, MAE: 0.91903
[Epoch 1] [Test] MSE: 1.18447, MAE: 0.89839

*** MODEL has obtained the best DEV MSE of 1.18141 so far!
*** The Best MODEL saved to "./__saved_models__/Small_Clothing - VANRA/Small_Clothing_VANRA_1234.pth"

[Epoch 2/10] Training Loss: 1.56036	Elapsed Time: 34.01s (0:00:34)
[Epoch 2] [Dev]  MSE: 1.04837, MAE: 0.82947
[Epoch 2] [Test] MSE: 1.04638, MAE: 0.82614

*** MODEL has obtained the best DEV MSE of 1.04837 so far!
*** The Best MODEL saved to "./__saved_models__/Small_Clothing - VANRA/Small_Clothing_VANRA_1234.pth"

[Epoch 3/10] Training Loss: 1.32404	Elapsed Time: 50.90s (0:00:50)
[Epoch 3] [Dev]  MSE: 1.04055, MAE: 0.82670
[Epoch 3] [Test] MSE: 1.05156, MAE: 0.83422

*** MODEL has obtained the best DEV MSE of 1.04055 so far!
*** The Best MODEL saved to "./__saved_models__/Small_Clothing - VANRA/Small_Clothing_VANRA_1234.pth"

[Epoch 4/10] Training Loss: 1.18628	Elapsed Time: 67.80s (0:01:07)
[Epoch 4] [Dev]  MSE: 1.03466, MAE: 0.81862
[Epoch 4] [Test] MSE: 1.04734, MAE: 0.83534

*** MODEL has obtained the best DEV MSE of 1.03466 so far!
*** The Best MODEL saved to "./__saved_models__/Small_Clothing - VANRA/Small_Clothing_VANRA_1234.pth"

[Epoch 5/10] Training Loss: 1.07209	Elapsed Time: 84.71s (0:01:24)
[Epoch 5] [Dev]  MSE: 1.02949, MAE: 0.80251
[Epoch 5] [Test] MSE: 1.04730, MAE: 0.82815

*** MODEL has obtained the best DEV MSE of 1.02949 so far!
*** The Best MODEL saved to "./__saved_models__/Small_Clothing - VANRA/Small_Clothing_VANRA_1234.pth"

[Epoch 6/10] Training Loss: 0.96805	Elapsed Time: 101.61s (0:01:41)
[Epoch 6] [Dev]  MSE: 1.04094, MAE: 0.80573
[Epoch 6] [Test] MSE: 1.06091, MAE: 0.83578

[Epoch 7/10] Training Loss: 0.86959	Elapsed Time: 118.52s (0:01:58)
[Epoch 7] [Dev]  MSE: 1.04192, MAE: 0.79317
[Epoch 7] [Test] MSE: 1.06796, MAE: 0.82779

[Epoch 8/10] Training Loss: 0.77996	Elapsed Time: 135.42s (0:02:15)
[Epoch 8] [Dev]  MSE: 1.05775, MAE: 0.80720
[Epoch 8] [Test] MSE: 1.10264, MAE: 0.85453

[Epoch 9/10] Training Loss: 0.69765	Elapsed Time: 152.32s (0:02:32)
[Epoch 9] [Dev]  MSE: 1.06438, MAE: 0.77961
[Epoch 9] [Test] MSE: 1.09622, MAE: 0.82395

[Epoch 10/10] Training Loss: 0.62006	Elapsed Time: 169.40s (0:02:49)
[Epoch 10] [Dev]  MSE: 1.08059, MAE: 0.79634
[Epoch 10] [Test] MSE: 1.13858, MAE: 0.85025
*** The Last MODEL saved to "./__saved_models__/Small_Clothing - VANRA/Small_Clothing_VANRA_1234_10.pth"

[Training Loss]
[4.21259, 1.56036, 1.32404, 1.18628, 1.07209, 0.96805, 0.86959, 0.77996, 0.69765, 0.62006]

[Dev MSE]
[1.18141, 1.04837, 1.04055, 1.03466, 1.02949, 1.04094, 1.04192, 1.05775, 1.06438, 1.08059]
[Test MSE]
[1.18447, 1.04638, 1.05156, 1.04734, 1.0473, 1.06091, 1.06796, 1.10264, 1.09622, 1.13858]
[Test MAE]
[0.89839, 0.82614, 0.83422, 0.83534, 0.82815, 0.83578, 0.82779, 0.85453, 0.82395, 0.85025]


Best Dev MSE: 1.02949 (Obtained during Evaluation #5)
Test MSE: 1.04730, Test MAE: 0.82815

End of Program! Elapsed Time: 172.72s (0:02:52)
