========================================================================================================================
  ARL_lr: 0.01
  ARL_path: 
  batch_size: 128
  channels_global: 100
  channels_local: 200
  command: -d Small_Clothing -m VANRA -e 10 -dr 0.9 -WED 300 -K 1 -h1 50 -h2 50 -output_size 50 -p 1 -v 43947 -rs 1337 -gpu 0 -vb 1 -sm Small_Clothing_VANRA
  ctx_win_size: 3
  dataset: Small_Clothing
  disable_initial_eval: 0
  dropout_rate: 0.9
  epochs: 10
  filters_num: 100
  gpu: 0
  h1: 50
  h2: 50
  hidden_size: 500
  input_dir: ./datasets/Small_Clothing/
  L2_reg: 1e-06
  learning_rate: 0.002
  loss_function: MSELoss
  max_doc_len: 500
  max_vis_len: 500
  model: VANRA
  num_aspects: 1
  optimizer: Adam
  out_dir: ./experimental_results/Small_Clothing - VANRA/
  output_size: 50
  pretrained_src: 1
  random_seed: 1337
  save_model: Small_Clothing_VANRA
  use_cuda: True
  verbose: 1
  vocab_size: 43947
  word_embed_dim: 300
========================================================================================================================

[INFO] # of Users: 77,930, # of Items: 59,172

Creating model (Selected Model: VANRA)..
[args.use_cuda: True] Model is on the GPU! (args.gpu: 0, torch.cuda.current_device(): 0)
Model created! Elapsed Time: 2.42s (0.04 minute)

Loading uid_userDoc from "./datasets/Small_Clothing/Small_Clothing_uid_userDoc.npy"..
uid_userDoc loaded! [uid_userDoc: (77930, 500)]

Loading iid_itemDoc from "./datasets/Small_Clothing/Small_Clothing_iid_itemDoc.npy"..
iid_itemDoc loaded! [iid_itemDoc: (59172, 500)]

Loading pretrained word embeddings from "./datasets/Small_Clothing/Small_Clothing_wed300_wid_wordEmbed.npy"..
Pretrained word embeddings loaded! [wid_wEmbed: (43949, 300)]

Loading uid_userVis from "./datasets/Small_Clothing/Small_Clothing_uid_userVis.npy"..
uid_userVis loaded! [uid_userVis: (77930, 500)]

Loading iid_itemVis from "./datasets/Small_Clothing/Small_Clothing_iid_itemVis.npy"..
iid_itemVis loaded! [iid_itemVis: (59172, 500)]

Initialization Complete.. Elapsed Time: 2.97s (0.05 minute)

Train/Dev/Test splits loaded! |TRAIN|: 80,000, |DEV|: 150, |TEST|: 166
Train/Dev/Test splits loaded! Elapsed Time: 2.99s (0.05 minute)

Performing initial evaluation for VALIDATION set..
[Initial] [Dev]  MSE: 19.06496, MAE: 4.23964

Performing initial evaluation for TESTING set..
[Initial] [Test] MSE: 19.82093, MAE: 4.33724

Initial Evaluation Complete.. Elapsed Time: 3.17s (0.05 minute)

Parameters with L2 Regularization (Regularization Strength: 1e-06):
VANRA_RatingPred.uid_userOffset.weight, VANRA_RatingPred.iid_itemOffset.weight

Optimizer: Adam, Loss Function: MSELoss

Model Size: 150,540,153
# of Trainable Parameters: 253,453
VANRA (
  (uid_userDoc): Embedding(77930, 500), weights = ((77930, 500),), parameters = 38,965,000
  (iid_itemDoc): Embedding(59172, 500), weights = ((59172, 500),), parameters = 29,586,000
  (wid_wEmbed): Embedding(43949, 300), weights = ((43949, 300),), parameters = 13,184,700
  (uid_userVis): Embedding(77930, 500), weights = ((77930, 500),), parameters = 38,965,000
  (iid_itemVis): Embedding(59172, 500), weights = ((59172, 500),), parameters = 29,586,000
  (MSANR_ARL): MSANR_ARL(
    (aspEmbed): ModuleList(
      (0): Embedding(1, 150)
      (1): Embedding(1, 250)
      (2): Embedding(1, 350)
      (3): Embedding(1, 450)
    )
    (filterEmbed): Embedding(1, 50)
    (aspProj): Parameter(1, 300, 50)
  ), weights = ((1, 300, 50), (1, 150), (1, 250), (1, 350), (1, 450), (1, 50)), parameters = 16,250 (Trainable)
  (VANRA_VRL): VANRA_VRL(
    (fcLayer_user): Sequential(
      (0): Dropout(p=0.9, inplace=False)
      (1): Linear(in_features=500, out_features=50, bias=True)
    )
    (fcLayer_item): Sequential(
      (0): Dropout(p=0.9, inplace=False)
      (1): Linear(in_features=500, out_features=50, bias=True)
    )
    (wedProj_user): Parameter(500, 50)
    (wedProj_item): Parameter(500, 50)
  ), weights = ((500, 50), (500, 50), (50, 500), (50,), (50, 500), (50,)), parameters = 100,100 (Trainable)
  (VANRA_RatingPred): VANRA_RatingPred(
    (userAspRepDropout): Dropout(p=0.9, inplace=False)
    (itemAspRepDropout): Dropout(p=0.9, inplace=False)
    (uid_userOffset): Embedding(77930, 1)
    (iid_itemOffset): Embedding(59172, 1)
    (globalOffset): Parameter(1,)
  ), weights = ((1,), (77930, 1), (59172, 1)), parameters = 137,103 (Trainable)
)
========================================================================================================================

[Epoch 1/10] Training Loss: 3.87903	Elapsed Time: 23.78s (0:00:23)
[Epoch 1] [Dev]  MSE: 15.07021, MAE: 3.56718
[Epoch 1] [Test] MSE: 14.81984, MAE: 3.59757

*** MODEL has obtained the best DEV MSE of 15.07021 so far!
*** The Best MODEL saved to "./__saved_models__/Small_Clothing - VANRA/Small_Clothing_VANRA_1337.pth"

[Epoch 2/10] Training Loss: 2.42187	Elapsed Time: 48.01s (0:00:48)
[Epoch 2] [Dev]  MSE: 10.86992, MAE: 3.02188
[Epoch 2] [Test] MSE: 11.98906, MAE: 3.13333

*** MODEL has obtained the best DEV MSE of 10.86992 so far!
*** The Best MODEL saved to "./__saved_models__/Small_Clothing - VANRA/Small_Clothing_VANRA_1337.pth"

[Epoch 3/10] Training Loss: 1.97022	Elapsed Time: 71.22s (0:01:11)
[Epoch 3] [Dev]  MSE: 7.83324, MAE: 2.54585
[Epoch 3] [Test] MSE: 7.93317, MAE: 2.61720

*** MODEL has obtained the best DEV MSE of 7.83324 so far!
*** The Best MODEL saved to "./__saved_models__/Small_Clothing - VANRA/Small_Clothing_VANRA_1337.pth"

[Epoch 4/10] Training Loss: 1.76931	Elapsed Time: 94.21s (0:01:34)
[Epoch 4] [Dev]  MSE: 6.13412, MAE: 2.15517
[Epoch 4] [Test] MSE: 5.75045, MAE: 2.15538

*** MODEL has obtained the best DEV MSE of 6.13412 so far!
*** The Best MODEL saved to "./__saved_models__/Small_Clothing - VANRA/Small_Clothing_VANRA_1337.pth"

[Epoch 5/10] Training Loss: 1.68061	Elapsed Time: 117.13s (0:01:57)
[Epoch 5] [Dev]  MSE: 3.96139, MAE: 1.73242
[Epoch 5] [Test] MSE: 3.97629, MAE: 1.79300

*** MODEL has obtained the best DEV MSE of 3.96139 so far!
*** The Best MODEL saved to "./__saved_models__/Small_Clothing - VANRA/Small_Clothing_VANRA_1337.pth"

[Epoch 6/10] Training Loss: 4.90727	Elapsed Time: 140.19s (0:02:20)
[Epoch 6] [Dev]  MSE: 12.67409, MAE: 2.31127
[Epoch 6] [Test] MSE: 5.47088, MAE: 1.82799

[Epoch 7/10] Training Loss: 11.88872	Elapsed Time: 163.29s (0:02:43)
[Epoch 7] [Dev]  MSE: 10.86842, MAE: 1.88417
[Epoch 7] [Test] MSE: 3.33817, MAE: 1.48039

[Epoch 8/10] Training Loss: 29.34902	Elapsed Time: 186.38s (0:03:06)
[Epoch 8] [Dev]  MSE: 6.30804, MAE: 1.80489
[Epoch 8] [Test] MSE: 3.28157, MAE: 1.44480

[Epoch 9/10] Training Loss: 2.26942	Elapsed Time: 209.38s (0:03:29)
[Epoch 9] [Dev]  MSE: 3.06291, MAE: 1.42979
[Epoch 9] [Test] MSE: 2.36160, MAE: 1.33130

*** MODEL has obtained the best DEV MSE of 3.06291 so far!
*** The Best MODEL saved to "./__saved_models__/Small_Clothing - VANRA/Small_Clothing_VANRA_1337.pth"

[Epoch 10/10] Training Loss: 0.96558	Elapsed Time: 232.42s (0:03:52)
[Epoch 10] [Dev]  MSE: 2.86259, MAE: 1.38331
[Epoch 10] [Test] MSE: 2.20870, MAE: 1.28837

*** MODEL has obtained the best DEV MSE of 2.86259 so far!
*** The Best MODEL saved to "./__saved_models__/Small_Clothing - VANRA/Small_Clothing_VANRA_1337.pth"
*** The Last MODEL saved to "./__saved_models__/Small_Clothing - VANRA/Small_Clothing_VANRA_1337_10.pth"

[Training Loss]
[3.87903, 2.42187, 1.97022, 1.76931, 1.68061, 4.90727, 11.88872, 29.34902, 2.26942, 0.96558]

[Dev MSE]
[15.07021, 10.86992, 7.83324, 6.13412, 3.96139, 12.67409, 10.86842, 6.30804, 3.06291, 2.86259]
[Test MSE]
[14.81984, 11.98906, 7.93317, 5.75045, 3.97629, 5.47088, 3.33817, 3.28157, 2.3616, 2.2087]
[Test MAE]
[3.59757, 3.13333, 2.6172, 2.15538, 1.793, 1.82799, 1.48039, 1.4448, 1.3313, 1.28837]


Best Dev MSE: 2.86259 (Obtained during Evaluation #10)
Test MSE: 2.20870, Test MAE: 1.28837

End of Program! Elapsed Time: 235.65s (0:03:55)
