========================================================================================================================
  ARL_lr: 0.01
  ARL_path: 
  batch_size: 128
  channels_global: 100
  channels_local: 200
  command: -d Small_Clothing -m VANRA -e 10 -dr 0.9 -WED 300 -K 1 -h1 50 -h2 50 -output_size 50 -p 1 -v 43947 -rs 1337 -gpu 0 -vb 1 -sm Small_Clothing_VANRA
  ctx_win_size: 3
  dataset: Small_Clothing
  disable_initial_eval: 0
  dropout_rate: 0.9
  epochs: 10
  filters_num: 100
  gpu: 0
  h1: 50
  h2: 50
  hidden_size: 500
  input_dir: ./datasets/Small_Clothing/
  L2_reg: 1e-06
  learning_rate: 0.002
  loss_function: MSELoss
  max_doc_len: 500
  max_vis_len: 500
  model: VANRA
  num_aspects: 1
  optimizer: Adam
  out_dir: ./experimental_results/Small_Clothing - VANRA/
  output_size: 50
  pretrained_src: 1
  random_seed: 1337
  save_model: Small_Clothing_VANRA
  use_cuda: True
  verbose: 1
  vocab_size: 43947
  word_embed_dim: 300
========================================================================================================================

[INFO] # of Users: 77,930, # of Items: 59,172

Creating model (Selected Model: VANRA)..
[args.use_cuda: True] Model is on the GPU! (args.gpu: 0, torch.cuda.current_device(): 0)
Model created! Elapsed Time: 2.41s (0.04 minute)

Loading uid_userDoc from "./datasets/Small_Clothing/Small_Clothing_uid_userDoc.npy"..
uid_userDoc loaded! [uid_userDoc: (77930, 500)]

Loading iid_itemDoc from "./datasets/Small_Clothing/Small_Clothing_iid_itemDoc.npy"..
iid_itemDoc loaded! [iid_itemDoc: (59172, 500)]

Loading pretrained word embeddings from "./datasets/Small_Clothing/Small_Clothing_wed300_wid_wordEmbed.npy"..
Pretrained word embeddings loaded! [wid_wEmbed: (43949, 300)]

Loading uid_userVis from "./datasets/Small_Clothing/Small_Clothing_uid_userVis.npy"..
uid_userVis loaded! [uid_userVis: (77930, 500)]

Loading iid_itemVis from "./datasets/Small_Clothing/Small_Clothing_iid_itemVis.npy"..
iid_itemVis loaded! [iid_itemVis: (59172, 500)]

Initialization Complete.. Elapsed Time: 2.98s (0.05 minute)

Train/Dev/Test splits loaded! |TRAIN|: 80,000, |DEV|: 150, |TEST|: 166
Train/Dev/Test splits loaded! Elapsed Time: 3.00s (0.05 minute)

Performing initial evaluation for VALIDATION set..
[Initial] [Dev]  MSE: 19.06669, MAE: 4.24000

Performing initial evaluation for TESTING set..
[Initial] [Test] MSE: 19.81929, MAE: 4.33735

Initial Evaluation Complete.. Elapsed Time: 3.17s (0.05 minute)

Parameters with L2 Regularization (Regularization Strength: 1e-06):
VANRA_RatingPred.uid_userOffset.weight, VANRA_RatingPred.iid_itemOffset.weight

Optimizer: Adam, Loss Function: MSELoss

Model Size: 150,440,205
# of Trainable Parameters: 153,505
VANRA (
  (uid_userDoc): Embedding(77930, 500), weights = ((77930, 500),), parameters = 38,965,000
  (iid_itemDoc): Embedding(59172, 500), weights = ((59172, 500),), parameters = 29,586,000
  (wid_wEmbed): Embedding(43949, 300), weights = ((43949, 300),), parameters = 13,184,700
  (uid_userVis): Embedding(77930, 500), weights = ((77930, 500),), parameters = 38,965,000
  (iid_itemVis): Embedding(59172, 500), weights = ((59172, 500),), parameters = 29,586,000
  (MSANR_ARL): MSANR_ARL(
    (aspEmbed): ModuleList(
      (0): Embedding(1, 150)
      (1): Embedding(1, 250)
      (2): Embedding(1, 350)
      (3): Embedding(1, 450)
    )
    (filterEmbed): Embedding(1, 50)
    (aspProj): Parameter(1, 300, 50)
  ), weights = ((1, 300, 50), (1, 150), (1, 250), (1, 350), (1, 450), (1, 50)), parameters = 16,250 (Trainable)
  (VANRA_VRL): VANRA_VRL(
    (localAttentionLayer_user): LocalAttention(
      (attention_layer): Sequential(
        (0): Conv2d(1, 1, kernel_size=(1, 50), stride=(1, 1))
        (1): Softmax(dim=2)
      )
    )
    (localAttentionLayer_item): LocalAttention(
      (attention_layer): Sequential(
        (0): Conv2d(1, 1, kernel_size=(1, 50), stride=(1, 1))
        (1): Softmax(dim=2)
      )
    )
    (wedProj): Parameter(1, 50)
  ), weights = ((1, 50), (1, 1, 1, 50), (1,), (1, 1, 1, 50), (1,)), parameters = 152 (Trainable)
  (VANRA_RatingPred): VANRA_RatingPred(
    (userAspRepDropout): Dropout(p=0.9, inplace=False)
    (itemAspRepDropout): Dropout(p=0.9, inplace=False)
    (uid_userOffset): Embedding(77930, 1)
    (iid_itemOffset): Embedding(59172, 1)
    (globalOffset): Parameter(1,)
  ), weights = ((1,), (77930, 1), (59172, 1)), parameters = 137,103 (Trainable)
)
========================================================================================================================

[Epoch 1/10] Training Loss: 10.28309	Elapsed Time: 26.82s (0:00:26)
[Epoch 1] [Dev]  MSE: 5.45907, MAE: 2.13580
[Epoch 1] [Test] MSE: 6.17410, MAE: 2.29020

*** MODEL has obtained the best DEV MSE of 5.45907 so far!
*** The Best MODEL saved to "./__saved_models__/Small_Clothing - VANRA/Small_Clothing_VANRA_1337.pth"

[Epoch 2/10] Training Loss: 5.31504	Elapsed Time: 53.07s (0:00:53)
[Epoch 2] [Dev]  MSE: 3.08908, MAE: 1.58246
[Epoch 2] [Test] MSE: 3.57039, MAE: 1.71507

*** MODEL has obtained the best DEV MSE of 3.08908 so far!
*** The Best MODEL saved to "./__saved_models__/Small_Clothing - VANRA/Small_Clothing_VANRA_1337.pth"

[Epoch 3/10] Training Loss: 3.00718	Elapsed Time: 79.27s (0:01:19)
[Epoch 3] [Dev]  MSE: 1.88604, MAE: 1.21724
[Epoch 3] [Test] MSE: 2.16131, MAE: 1.32697

*** MODEL has obtained the best DEV MSE of 1.88604 so far!
*** The Best MODEL saved to "./__saved_models__/Small_Clothing - VANRA/Small_Clothing_VANRA_1337.pth"

[Epoch 4/10] Training Loss: 1.81310	Elapsed Time: 105.45s (0:01:45)
[Epoch 4] [Dev]  MSE: 1.32629, MAE: 0.99623
[Epoch 4] [Test] MSE: 1.45252, MAE: 1.06199

*** MODEL has obtained the best DEV MSE of 1.32629 so far!
*** The Best MODEL saved to "./__saved_models__/Small_Clothing - VANRA/Small_Clothing_VANRA_1337.pth"

[Epoch 5/10] Training Loss: 1.29050	Elapsed Time: 131.63s (0:02:11)
[Epoch 5] [Dev]  MSE: 1.10188, MAE: 0.86664
[Epoch 5] [Test] MSE: 1.14398, MAE: 0.89896

*** MODEL has obtained the best DEV MSE of 1.10188 so far!
*** The Best MODEL saved to "./__saved_models__/Small_Clothing - VANRA/Small_Clothing_VANRA_1337.pth"

[Epoch 6/10] Training Loss: 1.06987	Elapsed Time: 157.82s (0:02:37)
[Epoch 6] [Dev]  MSE: 1.05627, MAE: 0.83880
[Epoch 6] [Test] MSE: 1.07822, MAE: 0.86676

*** MODEL has obtained the best DEV MSE of 1.05627 so far!
*** The Best MODEL saved to "./__saved_models__/Small_Clothing - VANRA/Small_Clothing_VANRA_1337.pth"

[Epoch 7/10] Training Loss: 0.95278	Elapsed Time: 184.02s (0:03:04)
[Epoch 7] [Dev]  MSE: 1.03556, MAE: 0.80203
[Epoch 7] [Test] MSE: 1.05645, MAE: 0.83476

*** MODEL has obtained the best DEV MSE of 1.03556 so far!
*** The Best MODEL saved to "./__saved_models__/Small_Clothing - VANRA/Small_Clothing_VANRA_1337.pth"

[Epoch 8/10] Training Loss: 0.85881	Elapsed Time: 210.16s (0:03:30)
[Epoch 8] [Dev]  MSE: 1.04842, MAE: 0.81224
[Epoch 8] [Test] MSE: 1.06545, MAE: 0.84383

[Epoch 9/10] Training Loss: 0.77314	Elapsed Time: 236.71s (0:03:56)
[Epoch 9] [Dev]  MSE: 1.05246, MAE: 0.80104
[Epoch 9] [Test] MSE: 1.08323, MAE: 0.84384

[Epoch 10/10] Training Loss: 0.69310	Elapsed Time: 263.66s (0:04:23)
[Epoch 10] [Dev]  MSE: 1.06156, MAE: 0.78654
[Epoch 10] [Test] MSE: 1.10316, MAE: 0.83715
*** The Last MODEL saved to "./__saved_models__/Small_Clothing - VANRA/Small_Clothing_VANRA_1337_10.pth"

[Training Loss]
[10.28309, 5.31504, 3.00718, 1.8131, 1.2905, 1.06987, 0.95278, 0.85881, 0.77314, 0.6931]

[Dev MSE]
[5.45907, 3.08908, 1.88604, 1.32629, 1.10188, 1.05627, 1.03556, 1.04842, 1.05246, 1.06156]
[Test MSE]
[6.1741, 3.57039, 2.16131, 1.45252, 1.14398, 1.07822, 1.05645, 1.06545, 1.08323, 1.10316]
[Test MAE]
[2.2902, 1.71507, 1.32697, 1.06199, 0.89896, 0.86676, 0.83476, 0.84383, 0.84384, 0.83715]


Best Dev MSE: 1.03556 (Obtained during Evaluation #7)
Test MSE: 1.05645, Test MAE: 0.83476

End of Program! Elapsed Time: 266.88s (0:04:26)
