========================================================================================================================
  ARL_lr: 0.01
  ARL_path: 
  batch_size: 128
  channels_global: 100
  channels_local: 200
  command: -d Small_Clothing -m VANRA -e 10 -dr 0.9 -WED 300 -K 1 -h1 50 -h2 50 -output_size 50 -p 1 -v 43947 -rs 1337 -gpu 0 -vb 1 -sm Small_Clothing_VANRA
  ctx_win_size: 3
  dataset: Small_Clothing
  disable_initial_eval: 0
  dropout_rate: 0.9
  epochs: 10
  filters_num: 100
  gpu: 0
  h1: 50
  h2: 50
  hidden_size: 500
  input_dir: ./datasets/Small_Clothing/
  L2_reg: 1e-06
  learning_rate: 0.002
  loss_function: MSELoss
  max_doc_len: 500
  max_vis_len: 500
  model: VANRA
  num_aspects: 1
  optimizer: Adam
  out_dir: ./experimental_results/Small_Clothing - VANRA/
  output_size: 50
  pretrained_src: 1
  random_seed: 1337
  save_model: Small_Clothing_VANRA
  use_cuda: True
  verbose: 1
  vocab_size: 43947
  word_embed_dim: 300
========================================================================================================================

[INFO] # of Users: 77,930, # of Items: 59,172

Creating model (Selected Model: VANRA)..
[args.use_cuda: True] Model is on the GPU! (args.gpu: 0, torch.cuda.current_device(): 0)
Model created! Elapsed Time: 2.43s (0.04 minute)

Loading uid_userDoc from "./datasets/Small_Clothing/Small_Clothing_uid_userDoc.npy"..
uid_userDoc loaded! [uid_userDoc: (77930, 500)]

Loading iid_itemDoc from "./datasets/Small_Clothing/Small_Clothing_iid_itemDoc.npy"..
iid_itemDoc loaded! [iid_itemDoc: (59172, 500)]

Loading pretrained word embeddings from "./datasets/Small_Clothing/Small_Clothing_wed300_wid_wordEmbed.npy"..
Pretrained word embeddings loaded! [wid_wEmbed: (43949, 300)]

Loading uid_userVis from "./datasets/Small_Clothing/Small_Clothing_uid_userVis.npy"..
uid_userVis loaded! [uid_userVis: (77930, 500)]

Loading iid_itemVis from "./datasets/Small_Clothing/Small_Clothing_iid_itemVis.npy"..
iid_itemVis loaded! [iid_itemVis: (59172, 500)]

Initialization Complete.. Elapsed Time: 3.01s (0.05 minute)

Train/Dev/Test splits loaded! |TRAIN|: 80,000, |DEV|: 150, |TEST|: 166
Train/Dev/Test splits loaded! Elapsed Time: 3.03s (0.05 minute)

Performing initial evaluation for VALIDATION set..
[Initial] [Dev]  MSE: 16.10698, MAE: 3.86407

Performing initial evaluation for TESTING set..
[Initial] [Test] MSE: 17.14338, MAE: 3.99885

Initial Evaluation Complete.. Elapsed Time: 3.20s (0.05 minute)

Parameters with L2 Regularization (Regularization Strength: 1e-06):
VANRA_RatingPred.uid_userOffset.weight, VANRA_RatingPred.iid_itemOffset.weight

Optimizer: Adam, Loss Function: MSELoss

Model Size: 150,489,653
# of Trainable Parameters: 202,953
VANRA (
  (uid_userDoc): Embedding(77930, 500), weights = ((77930, 500),), parameters = 38,965,000
  (iid_itemDoc): Embedding(59172, 500), weights = ((59172, 500),), parameters = 29,586,000
  (wid_wEmbed): Embedding(43949, 300), weights = ((43949, 300),), parameters = 13,184,700
  (uid_userVis): Embedding(77930, 500), weights = ((77930, 500),), parameters = 38,965,000
  (iid_itemVis): Embedding(59172, 500), weights = ((59172, 500),), parameters = 29,586,000
  (MSANR_ARL): MSANR_ARL(
    (aspEmbed): ModuleList(
      (0): Embedding(1, 150)
      (1): Embedding(1, 250)
      (2): Embedding(1, 350)
    )
    (filterEmbed): Embedding(1, 50)
    (aspProj): Parameter(1, 300, 50)
  ), weights = ((1, 300, 50), (1, 150), (1, 250), (1, 350), (1, 50)), parameters = 15,800 (Trainable)
  (VANRA_VRL): VANRA_VRL(
    (fcLayer): Sequential(
      (0): Dropout(p=0.9, inplace=False)
      (1): Linear(in_features=500, out_features=50, bias=True)
    )
    (visProj): Parameter(500, 50)
  ), weights = ((500, 50), (50, 500), (50,)), parameters = 50,050 (Trainable)
  (VANRA_RatingPred): VANRA_RatingPred(
    (userAspRepDropout): Dropout(p=0.9, inplace=False)
    (itemAspRepDropout): Dropout(p=0.9, inplace=False)
    (userVisRepDropout): Dropout(p=0.9, inplace=False)
    (itemVisRepDropout): Dropout(p=0.9, inplace=False)
    (uid_userOffset): Embedding(77930, 1)
    (iid_itemOffset): Embedding(59172, 1)
    (globalOffset): Parameter(1,)
  ), weights = ((1,), (77930, 1), (59172, 1)), parameters = 137,103 (Trainable)
)
========================================================================================================================

[Epoch 1/10] Training Loss: 13.60548	Elapsed Time: 16.47s (0:00:16)
[Epoch 1] [Dev]  MSE: 7.17021, MAE: 2.50494
[Epoch 1] [Test] MSE: 7.52728, MAE: 2.59535

*** MODEL has obtained the best DEV MSE of 7.17021 so far!
*** The Best MODEL saved to "./__saved_models__/Small_Clothing - VANRA/Small_Clothing_VANRA_1337.pth"

[Epoch 2/10] Training Loss: 7.00380	Elapsed Time: 32.93s (0:00:32)
[Epoch 2] [Dev]  MSE: 3.12892, MAE: 1.61137
[Epoch 2] [Test] MSE: 3.32269, MAE: 1.68407

*** MODEL has obtained the best DEV MSE of 3.12892 so far!
*** The Best MODEL saved to "./__saved_models__/Small_Clothing - VANRA/Small_Clothing_VANRA_1337.pth"

[Epoch 3/10] Training Loss: 3.49126	Elapsed Time: 49.39s (0:00:49)
[Epoch 3] [Dev]  MSE: 1.47201, MAE: 1.09230
[Epoch 3] [Test] MSE: 1.54343, MAE: 1.11637

*** MODEL has obtained the best DEV MSE of 1.47201 so far!
*** The Best MODEL saved to "./__saved_models__/Small_Clothing - VANRA/Small_Clothing_VANRA_1337.pth"

[Epoch 4/10] Training Loss: 1.91750	Elapsed Time: 66.00s (0:01:05)
[Epoch 4] [Dev]  MSE: 1.06575, MAE: 0.83601
[Epoch 4] [Test] MSE: 1.05372, MAE: 0.84256

*** MODEL has obtained the best DEV MSE of 1.06575 so far!
*** The Best MODEL saved to "./__saved_models__/Small_Clothing - VANRA/Small_Clothing_VANRA_1337.pth"

[Epoch 5/10] Training Loss: 1.33664	Elapsed Time: 82.56s (0:01:22)
[Epoch 5] [Dev]  MSE: 1.10274, MAE: 0.78092
[Epoch 5] [Test] MSE: 1.04517, MAE: 0.76866

[Epoch 6/10] Training Loss: 1.12807	Elapsed Time: 99.07s (0:01:39)
[Epoch 6] [Dev]  MSE: 1.17862, MAE: 0.75592
[Epoch 6] [Test] MSE: 1.10164, MAE: 0.73489

[Epoch 7/10] Training Loss: 1.01285	Elapsed Time: 115.58s (0:01:55)
[Epoch 7] [Dev]  MSE: 1.20729, MAE: 0.74582
[Epoch 7] [Test] MSE: 1.13049, MAE: 0.72388

[Epoch 8/10] Training Loss: 0.91557	Elapsed Time: 132.09s (0:02:12)
[Epoch 8] [Dev]  MSE: 1.22471, MAE: 0.73977
[Epoch 8] [Test] MSE: 1.15408, MAE: 0.72266

[Epoch 9/10] Training Loss: 0.82196	Elapsed Time: 148.55s (0:02:28)
[Epoch 9] [Dev]  MSE: 1.22309, MAE: 0.73346
[Epoch 9] [Test] MSE: 1.17018, MAE: 0.72634

[Epoch 10/10] Training Loss: 0.73449	Elapsed Time: 166.98s (0:02:46)
[Epoch 10] [Dev]  MSE: 1.23231, MAE: 0.73457
[Epoch 10] [Test] MSE: 1.19220, MAE: 0.73483
*** The Last MODEL saved to "./__saved_models__/Small_Clothing - VANRA/Small_Clothing_VANRA_1337_10.pth"

[Training Loss]
[13.60548, 7.0038, 3.49126, 1.9175, 1.33664, 1.12807, 1.01285, 0.91557, 0.82196, 0.73449]

[Dev MSE]
[7.17021, 3.12892, 1.47201, 1.06575, 1.10274, 1.17862, 1.20729, 1.22471, 1.22309, 1.23231]
[Test MSE]
[7.52728, 3.32269, 1.54343, 1.05372, 1.04517, 1.10164, 1.13049, 1.15408, 1.17018, 1.1922]
[Test MAE]
[2.59535, 1.68407, 1.11637, 0.84256, 0.76866, 0.73489, 0.72388, 0.72266, 0.72634, 0.73483]


Best Dev MSE: 1.06575 (Obtained during Evaluation #4)
Test MSE: 1.05372, Test MAE: 0.84256

End of Program! Elapsed Time: 170.23s (0:02:50)
