========================================================================================================================
  ARL_lr: 0.01
  ARL_path: 
  batch_size: 128
  channels_global: 100
  channels_local: 200
  command: -d Small_Clothing -m VANRA -e 10 -dr 0.9 -WED 300 -K 1 -h1 50 -h2 50 -output_size 50 -p 1 -v 43947 -rs 1337 -gpu 0 -vb 1 -sm Small_Clothing_VANRA
  ctx_win_size: 3
  dataset: Small_Clothing
  disable_initial_eval: 0
  dropout_rate: 0.9
  epochs: 10
  filters_num: 100
  gpu: 0
  h1: 50
  h2: 50
  hidden_size: 500
  input_dir: ./datasets/Small_Clothing/
  L2_reg: 1e-06
  learning_rate: 0.002
  loss_function: MSELoss
  max_doc_len: 500
  max_vis_len: 500
  model: VANRA
  num_aspects: 1
  optimizer: Adam
  out_dir: ./experimental_results/Small_Clothing - VANRA/
  output_size: 50
  pretrained_src: 1
  random_seed: 1337
  save_model: Small_Clothing_VANRA
  use_cuda: True
  verbose: 1
  vocab_size: 43947
  word_embed_dim: 300
========================================================================================================================

[INFO] # of Users: 77,930, # of Items: 59,172

Creating model (Selected Model: VANRA)..
[args.use_cuda: True] Model is on the GPU! (args.gpu: 0, torch.cuda.current_device(): 0)
Model created! Elapsed Time: 2.45s (0.04 minute)

Loading uid_userDoc from "./datasets/Small_Clothing/Small_Clothing_uid_userDoc.npy"..
uid_userDoc loaded! [uid_userDoc: (77930, 500)]

Loading iid_itemDoc from "./datasets/Small_Clothing/Small_Clothing_iid_itemDoc.npy"..
iid_itemDoc loaded! [iid_itemDoc: (59172, 500)]

Loading pretrained word embeddings from "./datasets/Small_Clothing/Small_Clothing_wed300_wid_wordEmbed.npy"..
Pretrained word embeddings loaded! [wid_wEmbed: (43949, 300)]

Loading uid_userVis from "./datasets/Small_Clothing/Small_Clothing_uid_userVis.npy"..
uid_userVis loaded! [uid_userVis: (77930, 500)]

Loading iid_itemVis from "./datasets/Small_Clothing/Small_Clothing_iid_itemVis.npy"..
iid_itemVis loaded! [iid_itemVis: (59172, 500)]

Initialization Complete.. Elapsed Time: 3.03s (0.05 minute)

Train/Dev/Test splits loaded! |TRAIN|: 80,000, |DEV|: 150, |TEST|: 166
Train/Dev/Test splits loaded! Elapsed Time: 3.05s (0.05 minute)

Performing initial evaluation for VALIDATION set..
[Initial] [Dev]  MSE: 18.66975, MAE: 4.18466

Performing initial evaluation for TESTING set..
[Initial] [Test] MSE: 19.23424, MAE: 4.26204

Initial Evaluation Complete.. Elapsed Time: 3.21s (0.05 minute)

Parameters with L2 Regularization (Regularization Strength: 1e-06):
VANRA_RatingPred.uid_userOffset.weight, VANRA_RatingPred.iid_itemOffset.weight

Optimizer: Adam, Loss Function: MSELoss

Model Size: 150,489,653
# of Trainable Parameters: 202,953
VANRA (
  (uid_userDoc): Embedding(77930, 500), weights = ((77930, 500),), parameters = 38,965,000
  (iid_itemDoc): Embedding(59172, 500), weights = ((59172, 500),), parameters = 29,586,000
  (wid_wEmbed): Embedding(43949, 300), weights = ((43949, 300),), parameters = 13,184,700
  (uid_userVis): Embedding(77930, 500), weights = ((77930, 500),), parameters = 38,965,000
  (iid_itemVis): Embedding(59172, 500), weights = ((59172, 500),), parameters = 29,586,000
  (MSANR_ARL): MSANR_ARL(
    (aspEmbed): ModuleList(
      (0): Embedding(1, 150)
      (1): Embedding(1, 250)
      (2): Embedding(1, 350)
    )
    (filterEmbed): Embedding(1, 50)
    (aspProj): Parameter(1, 300, 50)
  ), weights = ((1, 300, 50), (1, 150), (1, 250), (1, 350), (1, 50)), parameters = 15,800 (Trainable)
  (VANRA_VRL): VANRA_VRL(
    (fcLayer): Sequential(
      (0): Dropout(p=0.9, inplace=False)
      (1): Linear(in_features=500, out_features=50, bias=True)
    )
    (visProj): Parameter(500, 50)
  ), weights = ((500, 50), (50, 500), (50,)), parameters = 50,050 (Trainable)
  (VANRA_RatingPred): VANRA_RatingPred(
    (userAspRepDropout): Dropout(p=0.9, inplace=False)
    (itemAspRepDropout): Dropout(p=0.9, inplace=False)
    (userVisRepDropout): Dropout(p=0.9, inplace=False)
    (itemVisRepDropout): Dropout(p=0.9, inplace=False)
    (uid_userOffset): Embedding(77930, 1)
    (iid_itemOffset): Embedding(59172, 1)
    (globalOffset): Parameter(1,)
  ), weights = ((1,), (77930, 1), (59172, 1)), parameters = 137,103 (Trainable)
)
========================================================================================================================

[Epoch 1/10] Training Loss: 13.09451	Elapsed Time: 16.91s (0:00:16)
[Epoch 1] [Dev]  MSE: 4.91197, MAE: 2.03848
[Epoch 1] [Test] MSE: 5.13783, MAE: 2.11240

*** MODEL has obtained the best DEV MSE of 4.91197 so far!
*** The Best MODEL saved to "./__saved_models__/Small_Clothing - VANRA/Small_Clothing_VANRA_1337.pth"

[Epoch 2/10] Training Loss: 6.68800	Elapsed Time: 33.93s (0:00:33)
[Epoch 2] [Dev]  MSE: 1.96313, MAE: 1.26991
[Epoch 2] [Test] MSE: 2.04917, MAE: 1.30112

*** MODEL has obtained the best DEV MSE of 1.96313 so far!
*** The Best MODEL saved to "./__saved_models__/Small_Clothing - VANRA/Small_Clothing_VANRA_1337.pth"

[Epoch 3/10] Training Loss: 3.33804	Elapsed Time: 50.89s (0:00:50)
[Epoch 3] [Dev]  MSE: 1.12989, MAE: 0.87663
[Epoch 3] [Test] MSE: 1.11004, MAE: 0.87427

*** MODEL has obtained the best DEV MSE of 1.12989 so far!
*** The Best MODEL saved to "./__saved_models__/Small_Clothing - VANRA/Small_Clothing_VANRA_1337.pth"

[Epoch 4/10] Training Loss: 1.87171	Elapsed Time: 68.41s (0:01:08)
[Epoch 4] [Dev]  MSE: 1.26010, MAE: 0.78371
[Epoch 4] [Test] MSE: 1.17051, MAE: 0.75669

[Epoch 5/10] Training Loss: 1.34414	Elapsed Time: 85.32s (0:01:25)
[Epoch 5] [Dev]  MSE: 1.57663, MAE: 0.82474
[Epoch 5] [Test] MSE: 1.45028, MAE: 0.77890

[Epoch 6/10] Training Loss: 1.15200	Elapsed Time: 102.25s (0:01:42)
[Epoch 6] [Dev]  MSE: 1.75953, MAE: 0.89397
[Epoch 6] [Test] MSE: 1.62047, MAE: 0.84036

[Epoch 7/10] Training Loss: 1.04051	Elapsed Time: 119.16s (0:01:59)
[Epoch 7] [Dev]  MSE: 1.81679, MAE: 0.92527
[Epoch 7] [Test] MSE: 1.67634, MAE: 0.86925

[Epoch 8/10] Training Loss: 0.94619	Elapsed Time: 136.12s (0:02:16)
[Epoch 8] [Dev]  MSE: 1.85145, MAE: 0.94728
[Epoch 8] [Test] MSE: 1.71637, MAE: 0.89090

[Epoch 9/10] Training Loss: 0.85285	Elapsed Time: 153.06s (0:02:33)
[Epoch 9] [Dev]  MSE: 1.84973, MAE: 0.95517
[Epoch 9] [Test] MSE: 1.73783, MAE: 0.90724

[Epoch 10/10] Training Loss: 0.76681	Elapsed Time: 170.07s (0:02:50)
[Epoch 10] [Dev]  MSE: 1.86326, MAE: 0.96631
[Epoch 10] [Test] MSE: 1.76535, MAE: 0.92679
*** The Last MODEL saved to "./__saved_models__/Small_Clothing - VANRA/Small_Clothing_VANRA_1337_10.pth"

[Training Loss]
[13.09451, 6.688, 3.33804, 1.87171, 1.34414, 1.152, 1.04051, 0.94619, 0.85285, 0.76681]

[Dev MSE]
[4.91197, 1.96313, 1.12989, 1.2601, 1.57663, 1.75953, 1.81679, 1.85145, 1.84973, 1.86326]
[Test MSE]
[5.13783, 2.04917, 1.11004, 1.17051, 1.45028, 1.62047, 1.67634, 1.71637, 1.73783, 1.76535]
[Test MAE]
[2.1124, 1.30112, 0.87427, 0.75669, 0.7789, 0.84036, 0.86925, 0.8909, 0.90724, 0.92679]


Best Dev MSE: 1.12989 (Obtained during Evaluation #3)
Test MSE: 1.11004, Test MAE: 0.87427

End of Program! Elapsed Time: 173.33s (0:02:53)
