========================================================================================================================
  ARL_lr: 0.01
  ARL_path: 
  batch_size: 128
  channels_global: 100
  channels_local: 200
  command: -d Small_Clothing -m VANRA -e 10 -dr 0.9 -WED 300 -K 1 -h1 50 -h2 50 -output_size 50 -p 1 -v 43947 -rs 1337 -gpu 0 -vb 1 -sm Small_Clothing_VANRA
  ctx_win_size: 3
  dataset: Small_Clothing
  disable_initial_eval: 0
  dropout_rate: 0.9
  epochs: 10
  filters_num: 100
  gpu: 0
  h1: 50
  h2: 50
  hidden_size: 500
  input_dir: ./datasets/Small_Clothing/
  L2_reg: 1e-06
  learning_rate: 0.002
  loss_function: MSELoss
  max_doc_len: 500
  max_vis_len: 500
  model: VANRA
  num_aspects: 1
  optimizer: Adam
  out_dir: ./experimental_results/Small_Clothing - VANRA/
  output_size: 50
  pretrained_src: 1
  random_seed: 1337
  save_model: Small_Clothing_VANRA
  use_cuda: True
  verbose: 1
  vocab_size: 43947
  word_embed_dim: 300
========================================================================================================================

[INFO] # of Users: 77,930, # of Items: 59,172

Creating model (Selected Model: VANRA)..
[args.use_cuda: True] Model is on the GPU! (args.gpu: 0, torch.cuda.current_device(): 0)
Model created! Elapsed Time: 2.47s (0.04 minute)

Loading uid_userDoc from "./datasets/Small_Clothing/Small_Clothing_uid_userDoc.npy"..
uid_userDoc loaded! [uid_userDoc: (77930, 500)]

Loading iid_itemDoc from "./datasets/Small_Clothing/Small_Clothing_iid_itemDoc.npy"..
iid_itemDoc loaded! [iid_itemDoc: (59172, 500)]

Loading pretrained word embeddings from "./datasets/Small_Clothing/Small_Clothing_wed300_wid_wordEmbed.npy"..
Pretrained word embeddings loaded! [wid_wEmbed: (43949, 300)]

Loading uid_userVis from "./datasets/Small_Clothing/Small_Clothing_uid_userVis.npy"..
uid_userVis loaded! [uid_userVis: (77930, 500)]

Loading iid_itemVis from "./datasets/Small_Clothing/Small_Clothing_iid_itemVis.npy"..
iid_itemVis loaded! [iid_itemVis: (59172, 500)]

Initialization Complete.. Elapsed Time: 3.09s (0.05 minute)

Train/Dev/Test splits loaded! |TRAIN|: 80,000, |DEV|: 150, |TEST|: 166
Train/Dev/Test splits loaded! Elapsed Time: 3.12s (0.05 minute)

Performing initial evaluation for VALIDATION set..
[Initial] [Dev]  MSE: 13.86156, MAE: 3.54327

Performing initial evaluation for TESTING set..
[Initial] [Test] MSE: 15.36323, MAE: 3.73551

Initial Evaluation Complete.. Elapsed Time: 3.28s (0.05 minute)

Parameters with L2 Regularization (Regularization Strength: 1e-06):
VANRA_RatingPred.uid_userOffset.weight, VANRA_RatingPred.iid_itemOffset.weight

Optimizer: Adam, Loss Function: MSELoss

Model Size: 150,514,703
# of Trainable Parameters: 228,003
VANRA (
  (uid_userDoc): Embedding(77930, 500), weights = ((77930, 500),), parameters = 38,965,000
  (iid_itemDoc): Embedding(59172, 500), weights = ((59172, 500),), parameters = 29,586,000
  (wid_wEmbed): Embedding(43949, 300), weights = ((43949, 300),), parameters = 13,184,700
  (uid_userVis): Embedding(77930, 500), weights = ((77930, 500),), parameters = 38,965,000
  (iid_itemVis): Embedding(59172, 500), weights = ((59172, 500),), parameters = 29,586,000
  (MSANR_ARL): MSANR_ARL(
    (aspEmbed): ModuleList(
      (0): Embedding(1, 150)
      (1): Embedding(1, 250)
      (2): Embedding(1, 350)
    )
    (filterEmbed): Embedding(1, 50)
    (aspProj): Parameter(1, 300, 50)
  ), weights = ((1, 300, 50), (1, 150), (1, 250), (1, 350), (1, 50)), parameters = 15,800 (Trainable)
  (VANRA_VRL): VANRA_VRL(
    (fcLayer_user): Sequential(
      (0): Dropout(p=0.9, inplace=False)
      (1): Linear(in_features=500, out_features=50, bias=True)
    )
    (fcLayer_item): Sequential(
      (0): Dropout(p=0.9, inplace=False)
      (1): Linear(in_features=500, out_features=50, bias=True)
    )
    (visProj): Parameter(500, 50)
  ), weights = ((500, 50), (50, 500), (50,), (50, 500), (50,)), parameters = 75,100 (Trainable)
  (VANRA_RatingPred): VANRA_RatingPred(
    (userAspRepDropout): Dropout(p=0.9, inplace=False)
    (itemAspRepDropout): Dropout(p=0.9, inplace=False)
    (userVisRepDropout): Dropout(p=0.9, inplace=False)
    (itemVisRepDropout): Dropout(p=0.9, inplace=False)
    (uid_userOffset): Embedding(77930, 1)
    (iid_itemOffset): Embedding(59172, 1)
    (globalOffset): Parameter(1,)
  ), weights = ((1,), (77930, 1), (59172, 1)), parameters = 137,103 (Trainable)
)
========================================================================================================================

[Epoch 1/10] Training Loss: 13.52901	Elapsed Time: 17.11s (0:00:17)
[Epoch 1] [Dev]  MSE: 5.05387, MAE: 2.08637
[Epoch 1] [Test] MSE: 5.36867, MAE: 2.18250

*** MODEL has obtained the best DEV MSE of 5.05387 so far!
*** The Best MODEL saved to "./__saved_models__/Small_Clothing - VANRA/Small_Clothing_VANRA_1337.pth"

[Epoch 2/10] Training Loss: 6.95817	Elapsed Time: 34.28s (0:00:34)
[Epoch 2] [Dev]  MSE: 1.98241, MAE: 1.27964
[Epoch 2] [Test] MSE: 2.11256, MAE: 1.33891

*** MODEL has obtained the best DEV MSE of 1.98241 so far!
*** The Best MODEL saved to "./__saved_models__/Small_Clothing - VANRA/Small_Clothing_VANRA_1337.pth"

[Epoch 3/10] Training Loss: 3.46854	Elapsed Time: 51.48s (0:00:51)
[Epoch 3] [Dev]  MSE: 1.07204, MAE: 0.84860
[Epoch 3] [Test] MSE: 1.07042, MAE: 0.85294

*** MODEL has obtained the best DEV MSE of 1.07204 so far!
*** The Best MODEL saved to "./__saved_models__/Small_Clothing - VANRA/Small_Clothing_VANRA_1337.pth"

[Epoch 4/10] Training Loss: 1.91632	Elapsed Time: 68.73s (0:01:08)
[Epoch 4] [Dev]  MSE: 1.17385, MAE: 0.76696
[Epoch 4] [Test] MSE: 1.07728, MAE: 0.72704

[Epoch 5/10] Training Loss: 1.33932	Elapsed Time: 85.83s (0:01:25)
[Epoch 5] [Dev]  MSE: 1.50073, MAE: 0.77519
[Epoch 5] [Test] MSE: 1.35281, MAE: 0.69918

[Epoch 6/10] Training Loss: 1.13377	Elapsed Time: 102.86s (0:01:42)
[Epoch 6] [Dev]  MSE: 1.70098, MAE: 0.86400
[Epoch 6] [Test] MSE: 1.53331, MAE: 0.77807

[Epoch 7/10] Training Loss: 1.01968	Elapsed Time: 119.91s (0:01:59)
[Epoch 7] [Dev]  MSE: 1.77575, MAE: 0.90977
[Epoch 7] [Test] MSE: 1.60312, MAE: 0.82126

[Epoch 8/10] Training Loss: 0.92311	Elapsed Time: 136.97s (0:02:16)
[Epoch 8] [Dev]  MSE: 1.79536, MAE: 0.92849
[Epoch 8] [Test] MSE: 1.62227, MAE: 0.84163

[Epoch 9/10] Training Loss: 0.82845	Elapsed Time: 154.02s (0:02:34)
[Epoch 9] [Dev]  MSE: 1.80651, MAE: 0.94231
[Epoch 9] [Test] MSE: 1.64944, MAE: 0.86343

[Epoch 10/10] Training Loss: 0.74326	Elapsed Time: 171.10s (0:02:51)
[Epoch 10] [Dev]  MSE: 1.83340, MAE: 0.96099
[Epoch 10] [Test] MSE: 1.68131, MAE: 0.88636
*** The Last MODEL saved to "./__saved_models__/Small_Clothing - VANRA/Small_Clothing_VANRA_1337_10.pth"

[Training Loss]
[13.52901, 6.95817, 3.46854, 1.91632, 1.33932, 1.13377, 1.01968, 0.92311, 0.82845, 0.74326]

[Dev MSE]
[5.05387, 1.98241, 1.07204, 1.17385, 1.50073, 1.70098, 1.77575, 1.79536, 1.80651, 1.8334]
[Test MSE]
[5.36867, 2.11256, 1.07042, 1.07728, 1.35281, 1.53331, 1.60312, 1.62227, 1.64944, 1.68131]
[Test MAE]
[2.1825, 1.33891, 0.85294, 0.72704, 0.69918, 0.77807, 0.82126, 0.84163, 0.86343, 0.88636]


Best Dev MSE: 1.07204 (Obtained during Evaluation #3)
Test MSE: 1.07042, Test MAE: 0.85294

End of Program! Elapsed Time: 174.43s (0:02:54)
