========================================================================================================================
  ARL_lr: 0.01
  ARL_path: 
  batch_size: 128
  channels_global: 10
  channels_local: 10
  command: -d Small_Clothing -m VANRA -e 10 -dr 0.9 -p 1 -v 43947 -K 5 -h1 10 -h2 50 -c_local 10 -c_global 10 -hiden_size 500 -output_size 50 -rs 1234 -gpu 0 -vb 1 -sm Small_Clothing_VANRA
  ctx_win_size: 3
  dataset: Small_Clothing
  disable_initial_eval: 0
  dropout_rate: 0.9
  epochs: 10
  gpu: 0
  h1: 10
  h2: 50
  hidden_size: 500
  input_dir: ./datasets/Small_Clothing/
  L2_reg: 1e-06
  learning_rate: 0.002
  loss_function: MSELoss
  max_doc_len: 500
  max_vis_len: 500
  model: VANRA
  num_aspects: 5
  optimizer: Adam
  out_dir: ./experimental_results/Small_Clothing - VANRA/
  output_size: 50
  pretrained_src: 1
  random_seed: 1234
  save_model: Small_Clothing_VANRA
  use_cuda: True
  verbose: 1
  vocab_size: 43947
  word_embed_dim: 300
========================================================================================================================

[INFO] # of Users: 77,930, # of Items: 59,172

Creating model (Selected Model: VANRA)..
[args.use_cuda: True] Model is on the GPU! (args.gpu: 0, torch.cuda.current_device(): 0)
Model created! Elapsed Time: 2.43s (0.04 minute)

Loading uid_userDoc from "./datasets/Small_Clothing/Small_Clothing_uid_userDoc.npy"..
uid_userDoc loaded! [uid_userDoc: (77930, 500)]

Loading iid_itemDoc from "./datasets/Small_Clothing/Small_Clothing_iid_itemDoc.npy"..
iid_itemDoc loaded! [iid_itemDoc: (59172, 500)]

Loading pretrained word embeddings from "./datasets/Small_Clothing/Small_Clothing_wid_wordEmbed.npy"..
Pretrained word embeddings loaded! [wid_wEmbed: (43949, 300)]

Loading uid_userVis from "./datasets/Small_Clothing/Small_Clothing_uid_userVis.npy"..
uid_userVis loaded! [uid_userVis: (77930, 500)]

Loading iid_itemVis from "./datasets/Small_Clothing/Small_Clothing_iid_itemVis.npy"..
iid_itemVis loaded! [iid_itemVis: (59172, 500)]

Initialization Complete.. Elapsed Time: 2.99s (0.05 minute)

Train/Dev/Test splits loaded! |TRAIN|: 80,000, |DEV|: 150, |TEST|: 166
Train/Dev/Test splits loaded! Elapsed Time: 3.01s (0.05 minute)

Performing initial evaluation for VALIDATION set..
[Initial] [Dev]  MSE: 19.13386, MAE: 4.24793

Performing initial evaluation for TESTING set..
[Initial] [Test] MSE: 19.90491, MAE: 4.34716

Initial Evaluation Complete.. Elapsed Time: 3.17s (0.05 minute)

Parameters with L2 Regularization (Regularization Strength: 1e-06):
VANRA_RatingPred.uid_userOffset.weight, VANRA_RatingPred.iid_itemOffset.weight

Optimizer: Adam, Loss Function: MSELoss

Model Size: 150,991,261
# of Trainable Parameters: 704,561
VANRA (
  (uid_userDoc): Embedding(77930, 500), weights = ((77930, 500),), parameters = 38,965,000
  (iid_itemDoc): Embedding(59172, 500), weights = ((59172, 500),), parameters = 29,586,000
  (wid_wEmbed): Embedding(43949, 300), weights = ((43949, 300),), parameters = 13,184,700
  (uid_userVis): Embedding(77930, 500), weights = ((77930, 500),), parameters = 38,965,000
  (iid_itemVis): Embedding(59172, 500), weights = ((59172, 500),), parameters = 29,586,000
  (shared_ANR_ARL): ANR_ARL(
    (aspEmbed): Embedding(5, 30)
    (aspProj): Parameter(5, 300, 10)
  ), weights = ((5, 300, 10), (5, 30)), parameters = 15,150 (Trainable)
  (ANR_AIE): ANR_AIE(  (W_a): Parameter(10, 10)
    (W_u): Parameter(50, 10)
    (w_hu): Parameter(50, 1)
    (W_i): Parameter(50, 10)
    (w_hi): Parameter(50, 1)
  ), weights = ((10, 10), (50, 10), (50, 1), (50, 10), (50, 1)), parameters = 1,200 (Trainable)
  (VANRA_VRL): VANRA_VRL(
    (localAttentionLayer_user): LocalAttention(
      (attention_layer): Sequential(
        (0): Conv2d(1, 1, kernel_size=(3, 1), stride=(1, 1))
        (1): Softmax(dim=2)
      )
      (fcLayer): Sequential(
        (0): Linear(in_features=500, out_features=500, bias=True)
        (1): Dropout(p=0.9, inplace=False)
        (2): ReLU()
        (3): Linear(in_features=500, out_features=50, bias=True)
      )
    )
    (localAttentionLayer_item): LocalAttention(
      (attention_layer): Sequential(
        (0): Conv2d(1, 1, kernel_size=(3, 1), stride=(1, 1))
        (1): Softmax(dim=2)
      )
      (fcLayer): Sequential(
        (0): Linear(in_features=500, out_features=500, bias=True)
        (1): Dropout(p=0.9, inplace=False)
        (2): ReLU()
        (3): Linear(in_features=500, out_features=50, bias=True)
      )
    )
  ), weights = ((1, 1, 3, 1), (1,), (500, 500), (500,), (50, 500), (50,), (1, 1, 3, 1), (1,), (500, 500), (500,), (50, 500), (50,)), parameters = 551,108 (Trainable)
  (VANRA_RatingPred): VANRA_RatingPred(
    (userAspRepDropout): Dropout(p=0.9, inplace=False)
    (itemAspRepDropout): Dropout(p=0.9, inplace=False)
    (uid_userOffset): Embedding(77930, 1)
    (iid_itemOffset): Embedding(59172, 1)
    (globalOffset): Parameter(1,)
  ), weights = ((1,), (77930, 1), (59172, 1)), parameters = 137,103 (Trainable)
)
========================================================================================================================

[Epoch 1/10] Training Loss: 3.08763	Elapsed Time: 17.53s (0:00:17)
[Epoch 1] [Dev]  MSE: 1.16568, MAE: 0.92362
[Epoch 1] [Test] MSE: 1.16689, MAE: 0.88639

*** MODEL has obtained the best DEV MSE of 1.16568 so far!
*** The Best MODEL saved to "./__saved_models__/Small_Clothing - VANRA/Small_Clothing_VANRA_1234.pth"

[Epoch 2/10] Training Loss: 1.62074	Elapsed Time: 35.09s (0:00:35)
[Epoch 2] [Dev]  MSE: 1.06761, MAE: 0.86410
[Epoch 2] [Test] MSE: 1.09563, MAE: 0.87287

*** MODEL has obtained the best DEV MSE of 1.06761 so far!
*** The Best MODEL saved to "./__saved_models__/Small_Clothing - VANRA/Small_Clothing_VANRA_1234.pth"

[Epoch 3/10] Training Loss: 1.35828	Elapsed Time: 52.60s (0:00:52)
[Epoch 3] [Dev]  MSE: 1.06243, MAE: 0.82625
[Epoch 3] [Test] MSE: 1.03757, MAE: 0.81478

*** MODEL has obtained the best DEV MSE of 1.06243 so far!
*** The Best MODEL saved to "./__saved_models__/Small_Clothing - VANRA/Small_Clothing_VANRA_1234.pth"

[Epoch 4/10] Training Loss: 1.19880	Elapsed Time: 70.22s (0:01:10)
[Epoch 4] [Dev]  MSE: 1.02510, MAE: 0.80806
[Epoch 4] [Test] MSE: 1.03813, MAE: 0.82107

*** MODEL has obtained the best DEV MSE of 1.02510 so far!
*** The Best MODEL saved to "./__saved_models__/Small_Clothing - VANRA/Small_Clothing_VANRA_1234.pth"

[Epoch 5/10] Training Loss: 1.06680	Elapsed Time: 87.80s (0:01:27)
[Epoch 5] [Dev]  MSE: 1.03184, MAE: 0.80125
[Epoch 5] [Test] MSE: 1.03659, MAE: 0.81856

[Epoch 6/10] Training Loss: 0.95893	Elapsed Time: 105.37s (0:01:45)
[Epoch 6] [Dev]  MSE: 1.04024, MAE: 0.79955
[Epoch 6] [Test] MSE: 1.04542, MAE: 0.81553

[Epoch 7/10] Training Loss: 0.86027	Elapsed Time: 122.95s (0:02:02)
[Epoch 7] [Dev]  MSE: 1.04600, MAE: 0.80823
[Epoch 7] [Test] MSE: 1.07250, MAE: 0.83125

[Epoch 8/10] Training Loss: 0.77119	Elapsed Time: 140.66s (0:02:20)
[Epoch 8] [Dev]  MSE: 1.06916, MAE: 0.80755
[Epoch 8] [Test] MSE: 1.08830, MAE: 0.83094

[Epoch 9/10] Training Loss: 0.68996	Elapsed Time: 158.23s (0:02:38)
[Epoch 9] [Dev]  MSE: 1.07051, MAE: 0.80411
[Epoch 9] [Test] MSE: 1.10623, MAE: 0.83591

[Epoch 10/10] Training Loss: 0.61511	Elapsed Time: 175.80s (0:02:55)
[Epoch 10] [Dev]  MSE: 1.08952, MAE: 0.80112
[Epoch 10] [Test] MSE: 1.13318, MAE: 0.83852
*** The Last MODEL saved to "./__saved_models__/Small_Clothing - VANRA/Small_Clothing_VANRA_1234_10.pth"

[Training Loss]
[3.08763, 1.62074, 1.35828, 1.1988, 1.0668, 0.95893, 0.86027, 0.77119, 0.68996, 0.61511]

[Dev MSE]
[1.16568, 1.06761, 1.06243, 1.0251, 1.03184, 1.04024, 1.046, 1.06916, 1.07051, 1.08952]
[Test MSE]
[1.16689, 1.09563, 1.03757, 1.03813, 1.03659, 1.04542, 1.0725, 1.0883, 1.10623, 1.13318]
[Test MAE]
[0.88639, 0.87287, 0.81478, 0.82107, 0.81856, 0.81553, 0.83125, 0.83094, 0.83591, 0.83852]


Best Dev MSE: 1.02510 (Obtained during Evaluation #4)
Test MSE: 1.03813, Test MAE: 0.82107

End of Program! Elapsed Time: 179.02s (0:02:59)
