========================================================================================================================
  ARL_lr: 0.01
  ARL_path: 
  batch_size: 128
  channels_global: 100
  channels_local: 200
  command: -d Small_Clothing -m VANRA -e 10 -dr 0.9 -WED 300 -K 1 -h1 50 -h2 50 -output_size 50 -p 1 -v 43947 -rs 1337 -gpu 0 -vb 1 -sm Small_Clothing_VANRA
  ctx_win_size: 3
  dataset: Small_Clothing
  disable_initial_eval: 0
  dropout_rate: 0.9
  epochs: 10
  filters_num: 100
  gpu: 0
  h1: 50
  h2: 50
  hidden_size: 500
  input_dir: ./datasets/Small_Clothing/
  L2_reg: 1e-06
  learning_rate: 0.002
  loss_function: MSELoss
  max_doc_len: 500
  max_vis_len: 500
  model: VANRA
  num_aspects: 1
  optimizer: Adam
  out_dir: ./experimental_results/Small_Clothing - VANRA/
  output_size: 50
  pretrained_src: 1
  random_seed: 1337
  save_model: Small_Clothing_VANRA
  use_cuda: True
  verbose: 1
  vocab_size: 43947
  word_embed_dim: 300
========================================================================================================================

[INFO] # of Users: 77,930, # of Items: 59,172

Creating model (Selected Model: VANRA)..
[args.use_cuda: True] Model is on the GPU! (args.gpu: 0, torch.cuda.current_device(): 0)
Model created! Elapsed Time: 2.57s (0.04 minute)

Loading uid_userDoc from "./datasets/Small_Clothing/Small_Clothing_uid_userDoc.npy"..
uid_userDoc loaded! [uid_userDoc: (77930, 500)]

Loading iid_itemDoc from "./datasets/Small_Clothing/Small_Clothing_iid_itemDoc.npy"..
iid_itemDoc loaded! [iid_itemDoc: (59172, 500)]

Loading pretrained word embeddings from "./datasets/Small_Clothing/Small_Clothing_wed300_wid_wordEmbed.npy"..
Pretrained word embeddings loaded! [wid_wEmbed: (43949, 300)]

Loading uid_userVis from "./datasets/Small_Clothing/Small_Clothing_uid_userVis.npy"..
uid_userVis loaded! [uid_userVis: (77930, 500)]

Loading iid_itemVis from "./datasets/Small_Clothing/Small_Clothing_iid_itemVis.npy"..
iid_itemVis loaded! [iid_itemVis: (59172, 500)]

Initialization Complete.. Elapsed Time: 3.16s (0.05 minute)

Train/Dev/Test splits loaded! |TRAIN|: 80,000, |DEV|: 150, |TEST|: 166
Train/Dev/Test splits loaded! Elapsed Time: 3.18s (0.05 minute)

Performing initial evaluation for VALIDATION set..
[Initial] [Dev]  MSE: 163.22346, MAE: 9.48257

Performing initial evaluation for TESTING set..
[Initial] [Test] MSE: 143.51843, MAE: 8.09328

Initial Evaluation Complete.. Elapsed Time: 3.35s (0.06 minute)

Parameters with L2 Regularization (Regularization Strength: 1e-06):
VANRA_RatingPred.uid_userOffset.weight, VANRA_RatingPred.iid_itemOffset.weight

Optimizer: Adam, Loss Function: MSELoss

Model Size: 150,490,153
# of Trainable Parameters: 203,453
VANRA (
  (uid_userDoc): Embedding(77930, 500), weights = ((77930, 500),), parameters = 38,965,000
  (iid_itemDoc): Embedding(59172, 500), weights = ((59172, 500),), parameters = 29,586,000
  (wid_wEmbed): Embedding(43949, 300), weights = ((43949, 300),), parameters = 13,184,700
  (uid_userVis): Embedding(77930, 500), weights = ((77930, 500),), parameters = 38,965,000
  (iid_itemVis): Embedding(59172, 500), weights = ((59172, 500),), parameters = 29,586,000
  (MSANR_ARL): MSANR_ARL(
    (aspEmbed): ModuleList(
      (0): Embedding(1, 150)
      (1): Embedding(1, 250)
      (2): Embedding(1, 350)
      (3): Embedding(1, 450)
    )
    (filterEmbed): Embedding(1, 50)
    (aspProj): Parameter(1, 300, 50)
  ), weights = ((1, 300, 50), (1, 150), (1, 250), (1, 350), (1, 450), (1, 50)), parameters = 16,250 (Trainable)
  (VANRA_VRL): VANRA_VRL(
    (fcLayer_user): Sequential(
      (0): Dropout(p=0.9, inplace=False)
      (1): Linear(in_features=500, out_features=50, bias=True)
    )
    (fcLayer_item): Sequential(
      (0): Dropout(p=0.9, inplace=False)
      (1): Linear(in_features=500, out_features=50, bias=True)
    )
  ), weights = ((50, 500), (50,), (50, 500), (50,)), parameters = 50,100 (Trainable)
  (VANRA_RatingPred): VANRA_RatingPred(
    (userAspRepDropout): Dropout(p=0.9, inplace=False)
    (itemAspRepDropout): Dropout(p=0.9, inplace=False)
    (uid_userOffset): Embedding(77930, 1)
    (iid_itemOffset): Embedding(59172, 1)
    (globalOffset): Parameter(1,)
  ), weights = ((1,), (77930, 1), (59172, 1)), parameters = 137,103 (Trainable)
)
========================================================================================================================

[Epoch 1/10] Training Loss: 5090.23477	Elapsed Time: 23.04s (0:00:23)
[Epoch 1] [Dev]  MSE: 143.38354, MAE: 7.65069
[Epoch 1] [Test] MSE: 131.51666, MAE: 7.96749

*** MODEL has obtained the best DEV MSE of 143.38354 so far!
*** The Best MODEL saved to "./__saved_models__/Small_Clothing - VANRA/Small_Clothing_VANRA_1337.pth"

[Epoch 2/10] Training Loss: 23579.25752	Elapsed Time: 45.91s (0:00:45)
[Epoch 2] [Dev]  MSE: 680.41366, MAE: 16.57592
[Epoch 2] [Test] MSE: 697.41765, MAE: 16.65838

[Epoch 3/10] Training Loss: 25661.76547	Elapsed Time: 68.77s (0:01:08)
[Epoch 3] [Dev]  MSE: 279.32762, MAE: 8.71485
[Epoch 3] [Test] MSE: 236.99099, MAE: 9.24365

[Epoch 4/10] Training Loss: 19161.11884	Elapsed Time: 91.59s (0:01:31)
[Epoch 4] [Dev]  MSE: 498.41442, MAE: 11.50597
[Epoch 4] [Test] MSE: 533.55545, MAE: 10.88661

[Epoch 5/10] Training Loss: 27605.47731	Elapsed Time: 114.44s (0:01:54)
[Epoch 5] [Dev]  MSE: 590.77016, MAE: 15.23159
[Epoch 5] [Test] MSE: 728.36278, MAE: 15.96194

[Epoch 6/10] Training Loss: 64099.88834	Elapsed Time: 137.29s (0:02:17)
[Epoch 6] [Dev]  MSE: 957.75799, MAE: 16.87394
[Epoch 6] [Test] MSE: 618.61343, MAE: 15.23219

[Epoch 7/10] Training Loss: 41669.70922	Elapsed Time: 160.09s (0:02:40)
[Epoch 7] [Dev]  MSE: 2546.11489, MAE: 18.64024
[Epoch 7] [Test] MSE: 827.12744, MAE: 14.11755

[Epoch 8/10] Training Loss: 41598.92540	Elapsed Time: 183.07s (0:03:03)
[Epoch 8] [Dev]  MSE: 1013.85998, MAE: 13.25454
[Epoch 8] [Test] MSE: 1379.93233, MAE: 15.82168

[Epoch 9/10] Training Loss: 28910.76941	Elapsed Time: 205.84s (0:03:25)
[Epoch 9] [Dev]  MSE: 1027.90621, MAE: 13.71744
[Epoch 9] [Test] MSE: 336.20072, MAE: 10.42046

[Epoch 10/10] Training Loss: 38617.98831	Elapsed Time: 228.97s (0:03:48)
[Epoch 10] [Dev]  MSE: 1325.27231, MAE: 17.88418
[Epoch 10] [Test] MSE: 497.64441, MAE: 14.20394
*** The Last MODEL saved to "./__saved_models__/Small_Clothing - VANRA/Small_Clothing_VANRA_1337_10.pth"

[Training Loss]
[5090.23477, 23579.25752, 25661.76547, 19161.11884, 27605.47731, 64099.88834, 41669.70922, 41598.9254, 28910.76941, 38617.98831]

[Dev MSE]
[143.38354, 680.41366, 279.32762, 498.41442, 590.77016, 957.75799, 2546.11489, 1013.85998, 1027.90621, 1325.27231]
[Test MSE]
[131.51666, 697.41765, 236.99099, 533.55545, 728.36278, 618.61343, 827.12744, 1379.93233, 336.20072, 497.64441]
[Test MAE]
[7.96749, 16.65838, 9.24365, 10.88661, 15.96194, 15.23219, 14.11755, 15.82168, 10.42046, 14.20394]


Best Dev MSE: 143.38354 (Obtained during Evaluation #1)
Test MSE: 131.51666, Test MAE: 7.96749

End of Program! Elapsed Time: 232.37s (0:03:52)
