========================================================================================================================
  ARL_lr: 0.01
  ARL_path: 
  batch_size: 128
  channels_global: 100
  channels_local: 200
  command: -d Electronics -m DAttn -e 10 -p 1 -v 50000 -K 5 -h1 10 -h2 50 -WED 100 -c_local 200 -c_global 100 -hiden_size 500 -output_size 50 -rs 1234 -gpu 0 -vb 1 -sm Electronics_DAttn
  ctx_win_size: 3
  dataset: Electronics
  disable_initial_eval: 0
  dropout_rate: 0.5
  epochs: 10
  filters_num: 100
  gpu: 0
  h1: 10
  h2: 50
  hidden_size: 500
  input_dir: ./datasets/Electronics/
  L2_reg: 1e-06
  learning_rate: 0.002
  loss_function: MSELoss
  max_doc_len: 500
  max_vis_len: 500
  model: DAttn
  num_aspects: 5
  optimizer: Adam
  out_dir: ./experimental_results/Electronics - DAttn/
  output_size: 50
  pretrained_src: 1
  random_seed: 1234
  save_model: Electronics_DAttn
  use_cuda: True
  verbose: 1
  vocab_size: 50000
  word_embed_dim: 100
========================================================================================================================

[INFO] # of Users: 685,969, # of Items: 168,412

Creating model (Selected Model: DAttn)..
[args.use_cuda: True] Model is on the GPU! (args.gpu: 0, torch.cuda.current_device(): 0)
Model created! Elapsed Time: 4.61s (0.08 minute)

Loading uid_userDoc from "./datasets/Electronics/Electronics_uid_userDoc.npy"..
uid_userDoc loaded! [uid_userDoc: (685969, 500)]

Loading iid_itemDoc from "./datasets/Electronics/Electronics_iid_itemDoc.npy"..
iid_itemDoc loaded! [iid_itemDoc: (168412, 500)]

Loading pretrained word embeddings from "./datasets/Electronics/Electronics_wed100_wid_wordEmbed.npy"..
Pretrained word embeddings loaded! [wid_wEmbed: (50002, 100)]

Initialization Complete.. Elapsed Time: 40.73s (0.68 minute)

Train/Dev/Test splits loaded! |TRAIN|: 800,000, |DEV|: 20,925, |TEST|: 20,954
Train/Dev/Test splits loaded! Elapsed Time: 40.99s (0.68 minute)

Performing initial evaluation for VALIDATION set..
[Initial] [Dev]  MSE: 17.38294, MAE: 3.98594

Performing initial evaluation for TESTING set..
[Initial] [Test] MSE: 17.23157, MAE: 3.96077

Initial Evaluation Complete.. Elapsed Time: 51.06s (0.85 minute)

Optimizer: Adam, Loss Function: MSELoss

Model Size: 433,917,786
# of Trainable Parameters: 1,727,086
DAttn (
  (uid_userDoc): Embedding(685969, 500), weights = ((685969, 500),), parameters = 342,984,500
  (iid_itemDoc): Embedding(168412, 500), weights = ((168412, 500),), parameters = 84,206,000
  (wid_wEmbed): Embedding(50002, 100), weights = ((50002, 100),), parameters = 5,000,200
  (user_net): Net(
    (localAttentionLayer): LocalAttention(
      (attention_layer): Sequential(
        (0): Conv2d(1, 1, kernel_size=(3, 100), stride=(1, 1), padding=(1, 0))
        (1): Sigmoid()
      )
      (cnn): Sequential(
        (0): Conv2d(1, 200, kernel_size=(1, 100), stride=(1, 1))
        (1): Tanh()
      )
    )
    (globalAttentionLayer): GlobalAttention(
      (attention_layer): Sequential(
        (0): Conv2d(1, 1, kernel_size=(500, 100), stride=(1, 1))
        (1): Sigmoid()
      )
      (convs): ModuleList(
        (0): Conv2d(1, 100, kernel_size=(2, 100), stride=(1, 1))
        (1): Conv2d(1, 100, kernel_size=(3, 100), stride=(1, 1))
        (2): Conv2d(1, 100, kernel_size=(4, 100), stride=(1, 1))
      )
    )
    (fcLayer): Sequential(
      (0): Linear(in_features=500, out_features=500, bias=True)
      (1): Dropout(p=0.5, inplace=False)
      (2): ReLU()
      (3): Linear(in_features=500, out_features=50, bias=True)
    )
    (dropout): Dropout(p=0.5, inplace=False)
  ), weights = ((1, 1, 3, 100), (1,), (200, 1, 1, 100), (200,), (1, 1, 500, 100), (1,), (100, 1, 2, 100), (100,), (100, 1, 3, 100), (100,), (100, 1, 4, 100), (100,), (500, 500), (500,), (50, 500), (50,)), parameters = 436,352 (Trainable)
  (item_net): Net(
    (localAttentionLayer): LocalAttention(
      (attention_layer): Sequential(
        (0): Conv2d(1, 1, kernel_size=(3, 100), stride=(1, 1), padding=(1, 0))
        (1): Sigmoid()
      )
      (cnn): Sequential(
        (0): Conv2d(1, 200, kernel_size=(1, 100), stride=(1, 1))
        (1): Tanh()
      )
    )
    (globalAttentionLayer): GlobalAttention(
      (attention_layer): Sequential(
        (0): Conv2d(1, 1, kernel_size=(500, 100), stride=(1, 1))
        (1): Sigmoid()
      )
      (convs): ModuleList(
        (0): Conv2d(1, 100, kernel_size=(2, 100), stride=(1, 1))
        (1): Conv2d(1, 100, kernel_size=(3, 100), stride=(1, 1))
        (2): Conv2d(1, 100, kernel_size=(4, 100), stride=(1, 1))
      )
    )
    (fcLayer): Sequential(
      (0): Linear(in_features=500, out_features=500, bias=True)
      (1): Dropout(p=0.5, inplace=False)
      (2): ReLU()
      (3): Linear(in_features=500, out_features=50, bias=True)
    )
    (dropout): Dropout(p=0.5, inplace=False)
  ), weights = ((1, 1, 3, 100), (1,), (200, 1, 1, 100), (200,), (1, 1, 500, 100), (1,), (100, 1, 2, 100), (100,), (100, 1, 3, 100), (100,), (100, 1, 4, 100), (100,), (500, 500), (500,), (50, 500), (50,)), parameters = 436,352 (Trainable)
  (DAttn_RatingPred): DAttn_RatingPred(
    (uid_userOffset): Embedding(685969, 1)
    (iid_itemOffset): Embedding(168412, 1)
    (globalOffset): Parameter(1,)
  ), weights = ((1,), (685969, 1), (168412, 1)), parameters = 854,382 (Trainable)
)
========================================================================================================================

[Epoch 1/10] Training Loss: 1.15184	Elapsed Time: 595.70s (0:09:55)
[Epoch 1] [Dev]  MSE: 1.62959, MAE: 0.93393
[Epoch 1] [Test] MSE: 1.69341, MAE: 0.94925

*** MODEL has obtained the best DEV MSE of 1.62959 so far!
*** The Best MODEL saved to "./__saved_models__/Electronics - DAttn/Electronics_DAttn_1234.pth"

[Epoch 2/10] Training Loss: 0.85240	Elapsed Time: 1,202.96s (0:20:02)
[Epoch 2] [Dev]  MSE: 1.74320, MAE: 0.95750
[Epoch 2] [Test] MSE: 1.82066, MAE: 0.97765

[Epoch 3/10] Training Loss: 0.74871	Elapsed Time: 1,810.03s (0:30:10)
[Epoch 3] [Dev]  MSE: 1.56600, MAE: 0.90434
[Epoch 3] [Test] MSE: 1.63769, MAE: 0.92319

*** MODEL has obtained the best DEV MSE of 1.56600 so far!
*** The Best MODEL saved to "./__saved_models__/Electronics - DAttn/Electronics_DAttn_1234.pth"

[Epoch 4/10] Training Loss: 0.66503	Elapsed Time: 2,415.70s (0:40:15)
[Epoch 4] [Dev]  MSE: 1.72258, MAE: 0.93533
[Epoch 4] [Test] MSE: 1.79978, MAE: 0.95563

[Epoch 5/10] Training Loss: 0.59868	Elapsed Time: 3,025.00s (0:50:25)
[Epoch 5] [Dev]  MSE: 1.64611, MAE: 0.93047
[Epoch 5] [Test] MSE: 1.72129, MAE: 0.95058

[Epoch 6/10] Training Loss: 0.54163	Elapsed Time: 3,631.86s (1:00:31)
[Epoch 6] [Dev]  MSE: 1.69879, MAE: 0.92941
[Epoch 6] [Test] MSE: 1.77243, MAE: 0.94716

[Epoch 7/10] Training Loss: 0.49414	Elapsed Time: 4,244.07s (1:10:44)
[Epoch 7] [Dev]  MSE: 1.70704, MAE: 0.93166
[Epoch 7] [Test] MSE: 1.78418, MAE: 0.95068

[Epoch 8/10] Training Loss: 0.45129	Elapsed Time: 4,856.67s (1:20:56)
[Epoch 8] [Dev]  MSE: 1.70079, MAE: 0.93114
[Epoch 8] [Test] MSE: 1.77723, MAE: 0.95019

[Epoch 9/10] Training Loss: 0.41482	Elapsed Time: 5,471.29s (1:31:11)
[Epoch 9] [Dev]  MSE: 1.74929, MAE: 0.94591
[Epoch 9] [Test] MSE: 1.82723, MAE: 0.96516

[Epoch 10/10] Training Loss: 0.38532	Elapsed Time: 6,080.05s (1:41:20)
[Epoch 10] [Dev]  MSE: 1.77223, MAE: 0.95189
[Epoch 10] [Test] MSE: 1.84619, MAE: 0.96925
*** The Last MODEL saved to "./__saved_models__/Electronics - DAttn/Electronics_DAttn_1234_10.pth"

[Training Loss]
[1.15184, 0.8524, 0.74871, 0.66503, 0.59868, 0.54163, 0.49414, 0.45129, 0.41482, 0.38532]

[Dev MSE]
[1.62959, 1.7432, 1.566, 1.72258, 1.64611, 1.69879, 1.70704, 1.70079, 1.74929, 1.77223]
[Test MSE]
[1.69341, 1.82066, 1.63769, 1.79978, 1.72129, 1.77243, 1.78418, 1.77723, 1.82723, 1.84619]
[Test MAE]
[0.94925, 0.97765, 0.92319, 0.95563, 0.95058, 0.94716, 0.95068, 0.95019, 0.96516, 0.96925]


Best Dev MSE: 1.56600 (Obtained during Evaluation #3)
Test MSE: 1.63769, Test MAE: 0.92319

End of Program! Elapsed Time: 6,140.39s (1:42:20)
