========================================================================================================================
  ARL_lr: 0.01
  ARL_path: CDs_and_Vinyl_ANRS_1337
  batch_size: 128
  channels_global: 100
  channels_local: 200
  command: -d CDs_and_Vinyl -m ANR -e 10 -dr 0.9 -WED 300 -h1 50 -h2 50 -p 1 -v 50000 -rs 1234 -gpu 0 -vb 1 -sm CDs_and_Vinyl_ANR -ARL_path CDs_and_Vinyl_ANRS_1337
  ctx_win_size: 3
  dataset: CDs_and_Vinyl
  disable_initial_eval: 0
  dropout_rate: 0.9
  epochs: 10
  filters_num: 100
  gpu: 0
  h1: 50
  h2: 50
  hidden_size: 500
  input_dir: ./datasets/CDs_and_Vinyl/
  L2_reg: 1e-06
  learning_rate: 0.002
  loss_function: MSELoss
  max_doc_len: 500
  max_vis_len: 500
  model: ANR
  num_aspects: 5
  optimizer: Adam
  out_dir: ./experimental_results/CDs_and_Vinyl - ANR/
  output_size: 50
  pretrained_src: 1
  random_seed: 1234
  save_model: CDs_and_Vinyl_ANR
  use_cuda: True
  verbose: 1
  vocab_size: 50000
  word_embed_dim: 300
========================================================================================================================

[INFO] # of Users: 488,046, # of Items: 237,480

Creating model (Selected Model: ANR)..
[args.use_cuda: True] Model is on the GPU! (args.gpu: 0, torch.cuda.current_device(): 0)
Model created! Elapsed Time: 4.19s (0.07 minute)

Loading uid_userDoc from "./datasets/CDs_and_Vinyl/CDs_and_Vinyl_uid_userDoc.npy"..
uid_userDoc loaded! [uid_userDoc: (488046, 500)]

Loading iid_itemDoc from "./datasets/CDs_and_Vinyl/CDs_and_Vinyl_iid_itemDoc.npy"..
iid_itemDoc loaded! [iid_itemDoc: (237480, 500)]

Loading pretrained word embeddings from "./datasets/CDs_and_Vinyl/CDs_and_Vinyl_wed300_wid_wordEmbed.npy"..
Pretrained word embeddings loaded! [wid_wEmbed: (50002, 300)]

Loading pretrained ARL weights of "ANR" for dataset "CDs_and_Vinyl" from "./__saved_models__/CDs_and_Vinyl - ANRS/CDs_and_Vinyl_ANRS_1337.pth"!
Loading pretrained ARL weights on GPU "0"!

Loaded pretrained model states:

	shared_ANR_ARL.aspProj
	shared_ANR_ARL.aspEmbed.weight

Pretrained model states transferred to current model!

*** "shared_ANR_ARL.aspProj, shared_ANR_ARL.aspEmbed.weight" are FINE-TUNED!! ***


Initialization Complete.. Elapsed Time: 29.00s (0.48 minute)

Train/Dev/Test splits loaded! |TRAIN|: 800,000, |DEV|: 41,001, |TEST|: 41,018
Train/Dev/Test splits loaded! Elapsed Time: 29.30s (0.49 minute)

Performing initial evaluation for VALIDATION set..
[Initial] [Dev]  MSE: 19.84427, MAE: 4.32481

Performing initial evaluation for TESTING set..
[Initial] [Test] MSE: 19.87261, MAE: 4.32955

Initial Evaluation Complete.. Elapsed Time: 39.61s (0.66 minute)

Parameters that are fine-tuned using a smaller LR (LR: 2e-05):
shared_ANR_ARL.aspProj, shared_ANR_ARL.aspEmbed.weight

Parameters with L2 Regularization (Regularization Strength: 1e-06):
ANR_RatingPred.uid_userOffset.weight, ANR_RatingPred.iid_itemOffset.weight

Optimizer: Adam, Loss Function: MSELoss

Model Size: 378,572,477
# of Trainable Parameters: 808,877
ANR (
  (uid_userDoc): Embedding(488046, 500), weights = ((488046, 500),), parameters = 244,023,000
  (iid_itemDoc): Embedding(237480, 500), weights = ((237480, 500),), parameters = 118,740,000
  (wid_wEmbed): Embedding(50002, 300), weights = ((50002, 300),), parameters = 15,000,600
  (shared_ANR_ARL): ANR_ARL(
    (aspEmbed): Embedding(5, 150)
    (aspProj): Parameter(5, 300, 50)
  ), weights = ((5, 300, 50), (5, 150)), parameters = 75,750 (Trainable)
  (ANR_AIE): ANR_AIE(  (W_a): Parameter(50, 50)
    (W_u): Parameter(50, 50)
    (w_hu): Parameter(50, 1)
    (W_i): Parameter(50, 50)
    (w_hi): Parameter(50, 1)
  ), weights = ((50, 50), (50, 50), (50, 1), (50, 50), (50, 1)), parameters = 7,600 (Trainable)
  (ANR_RatingPred): ANR_RatingPred(
    (userAspRepDropout): Dropout(p=0.9, inplace=False)
    (itemAspRepDropout): Dropout(p=0.9, inplace=False)
    (uid_userOffset): Embedding(488046, 1)
    (iid_itemOffset): Embedding(237480, 1)
    (globalOffset): Parameter(1,)
  ), weights = ((1,), (488046, 1), (237480, 1)), parameters = 725,527 (Trainable)
)
========================================================================================================================

[Epoch 1/10] Training Loss: 3.65640	Elapsed Time: 234.20s (0:03:54)
[Epoch 1] [Dev]  MSE: 1.06399, MAE: 0.74887
[Epoch 1] [Test] MSE: 1.04833, MAE: 0.74588

*** MODEL has obtained the best DEV MSE of 1.06399 so far!
*** The Best MODEL saved to "./__saved_models__/CDs_and_Vinyl - ANR/CDs_and_Vinyl_ANR_1234.pth"

[Epoch 2/10] Training Loss: 0.94509	Elapsed Time: 478.97s (0:07:58)
[Epoch 2] [Dev]  MSE: 0.99090, MAE: 0.70901
[Epoch 2] [Test] MSE: 0.97332, MAE: 0.70480

*** MODEL has obtained the best DEV MSE of 0.99090 so far!
*** The Best MODEL saved to "./__saved_models__/CDs_and_Vinyl - ANR/CDs_and_Vinyl_ANR_1234.pth"

[Epoch 3/10] Training Loss: 0.84726	Elapsed Time: 723.62s (0:12:03)
[Epoch 3] [Dev]  MSE: 0.98008, MAE: 0.69417
[Epoch 3] [Test] MSE: 0.96376, MAE: 0.69040

*** MODEL has obtained the best DEV MSE of 0.98008 so far!
*** The Best MODEL saved to "./__saved_models__/CDs_and_Vinyl - ANR/CDs_and_Vinyl_ANR_1234.pth"

[Epoch 4/10] Training Loss: 0.79536	Elapsed Time: 968.23s (0:16:08)
[Epoch 4] [Dev]  MSE: 0.97498, MAE: 0.69443
[Epoch 4] [Test] MSE: 0.96085, MAE: 0.69086

*** MODEL has obtained the best DEV MSE of 0.97498 so far!
*** The Best MODEL saved to "./__saved_models__/CDs_and_Vinyl - ANR/CDs_and_Vinyl_ANR_1234.pth"

[Epoch 5/10] Training Loss: 0.76334	Elapsed Time: 1,212.87s (0:20:12)
[Epoch 5] [Dev]  MSE: 0.97509, MAE: 0.69452
[Epoch 5] [Test] MSE: 0.96281, MAE: 0.69159

[Epoch 6/10] Training Loss: 0.74128	Elapsed Time: 1,457.54s (0:24:17)
[Epoch 6] [Dev]  MSE: 0.97616, MAE: 0.69599
[Epoch 6] [Test] MSE: 0.96425, MAE: 0.69265

[Epoch 7/10] Training Loss: 0.72518	Elapsed Time: 1,702.21s (0:28:22)
[Epoch 7] [Dev]  MSE: 0.98004, MAE: 0.69506
[Epoch 7] [Test] MSE: 0.96808, MAE: 0.69201

[Epoch 8/10] Training Loss: 0.71293	Elapsed Time: 1,946.86s (0:32:26)
[Epoch 8] [Dev]  MSE: 0.97835, MAE: 0.69766
[Epoch 8] [Test] MSE: 0.96792, MAE: 0.69510

[Epoch 9/10] Training Loss: 0.70344	Elapsed Time: 2,191.61s (0:36:31)
[Epoch 9] [Dev]  MSE: 0.98293, MAE: 0.69538
[Epoch 9] [Test] MSE: 0.97169, MAE: 0.69323

[Epoch 10/10] Training Loss: 0.69586	Elapsed Time: 2,436.23s (0:40:36)
[Epoch 10] [Dev]  MSE: 0.98089, MAE: 0.69907
[Epoch 10] [Test] MSE: 0.97073, MAE: 0.69707
*** The Last MODEL saved to "./__saved_models__/CDs_and_Vinyl - ANR/CDs_and_Vinyl_ANR_1234_10.pth"

[Training Loss]
[3.6564, 0.94509, 0.84726, 0.79536, 0.76334, 0.74128, 0.72518, 0.71293, 0.70344, 0.69586]

[Dev MSE]
[1.06399, 0.9909, 0.98008, 0.97498, 0.97509, 0.97616, 0.98004, 0.97835, 0.98293, 0.98089]
[Test MSE]
[1.04833, 0.97332, 0.96376, 0.96085, 0.96281, 0.96425, 0.96808, 0.96792, 0.97169, 0.97073]
[Test MAE]
[0.74588, 0.7048, 0.6904, 0.69086, 0.69159, 0.69265, 0.69201, 0.6951, 0.69323, 0.69707]


Best Dev MSE: 0.97498 (Obtained during Evaluation #4)
Test MSE: 0.96085, Test MAE: 0.69086

End of Program! Elapsed Time: 2,486.10s (0:41:26)
