========================================================================================================================
  ARL_lr: 0.01
  ARL_path: Patio_Lawn_and_Garden_ANRS_1337
  batch_size: 128
  channels_global: 100
  channels_local: 200
  command: -d Patio_Lawn_and_Garden -m ANR -e 10 -dr 0.9 -WED 300 -h1 50 -h2 50 -p 1 -v 50000 -rs 1234 -gpu 0 -vb 1 -sm Patio_Lawn_and_Garden_ANR -ARL_path Patio_Lawn_and_Garden_ANRS_1337
  ctx_win_size: 3
  dataset: Patio_Lawn_and_Garden
  disable_initial_eval: 0
  dropout_rate: 0.9
  epochs: 10
  filters_num: 100
  gpu: 0
  h1: 50
  h2: 50
  hidden_size: 500
  input_dir: ./datasets/Patio_Lawn_and_Garden/
  L2_reg: 1e-06
  learning_rate: 0.002
  loss_function: MSELoss
  max_doc_len: 500
  max_vis_len: 500
  model: ANR
  num_aspects: 5
  optimizer: Adam
  out_dir: ./experimental_results/Patio_Lawn_and_Garden - ANR/
  output_size: 50
  pretrained_src: 1
  random_seed: 1234
  save_model: Patio_Lawn_and_Garden_ANR
  use_cuda: True
  verbose: 1
  vocab_size: 50000
  word_embed_dim: 300
========================================================================================================================

[INFO] # of Users: 584,107, # of Items: 95,030

Creating model (Selected Model: ANR)..
[args.use_cuda: True] Model is on the GPU! (args.gpu: 0, torch.cuda.current_device(): 0)
Model created! Elapsed Time: 4.02s (0.07 minute)

Loading uid_userDoc from "./datasets/Patio_Lawn_and_Garden/Patio_Lawn_and_Garden_uid_userDoc.npy"..
uid_userDoc loaded! [uid_userDoc: (584107, 500)]

Loading iid_itemDoc from "./datasets/Patio_Lawn_and_Garden/Patio_Lawn_and_Garden_iid_itemDoc.npy"..
iid_itemDoc loaded! [iid_itemDoc: (95030, 500)]

Loading pretrained word embeddings from "./datasets/Patio_Lawn_and_Garden/Patio_Lawn_and_Garden_wed300_wid_wordEmbed.npy"..
Pretrained word embeddings loaded! [wid_wEmbed: (50002, 300)]

Loading pretrained ARL weights of "ANR" for dataset "Patio_Lawn_and_Garden" from "./__saved_models__/Patio_Lawn_and_Garden - ANRS/Patio_Lawn_and_Garden_ANRS_1337.pth"!
Loading pretrained ARL weights on GPU "0"!

Loaded pretrained model states:

	shared_ANR_ARL.aspProj
	shared_ANR_ARL.aspEmbed.weight

Pretrained model states transferred to current model!

*** "shared_ANR_ARL.aspProj, shared_ANR_ARL.aspEmbed.weight" are FINE-TUNED!! ***


Initialization Complete.. Elapsed Time: 26.84s (0.45 minute)

Train/Dev/Test splits loaded! |TRAIN|: 775,805, |DEV|: 34,584, |TEST|: 34,718
Train/Dev/Test splits loaded! Elapsed Time: 27.11s (0.45 minute)

Performing initial evaluation for VALIDATION set..
[Initial] [Dev]  MSE: 18.80310, MAE: 4.14147

Performing initial evaluation for TESTING set..
[Initial] [Test] MSE: 18.66485, MAE: 4.12254

Initial Evaluation Complete.. Elapsed Time: 35.88s (0.60 minute)

Parameters that are fine-tuned using a smaller LR (LR: 2e-05):
shared_ANR_ARL.aspProj, shared_ANR_ARL.aspEmbed.weight

Parameters with L2 Regularization (Regularization Strength: 1e-06):
ANR_RatingPred.uid_userOffset.weight, ANR_RatingPred.iid_itemOffset.weight

Optimizer: Adam, Loss Function: MSELoss

Model Size: 355,331,588
# of Trainable Parameters: 762,488
ANR (
  (uid_userDoc): Embedding(584107, 500), weights = ((584107, 500),), parameters = 292,053,500
  (iid_itemDoc): Embedding(95030, 500), weights = ((95030, 500),), parameters = 47,515,000
  (wid_wEmbed): Embedding(50002, 300), weights = ((50002, 300),), parameters = 15,000,600
  (shared_ANR_ARL): ANR_ARL(
    (aspEmbed): Embedding(5, 150)
    (aspProj): Parameter(5, 300, 50)
  ), weights = ((5, 300, 50), (5, 150)), parameters = 75,750 (Trainable)
  (ANR_AIE): ANR_AIE(  (W_a): Parameter(50, 50)
    (W_u): Parameter(50, 50)
    (w_hu): Parameter(50, 1)
    (W_i): Parameter(50, 50)
    (w_hi): Parameter(50, 1)
  ), weights = ((50, 50), (50, 50), (50, 1), (50, 50), (50, 1)), parameters = 7,600 (Trainable)
  (ANR_RatingPred): ANR_RatingPred(
    (userAspRepDropout): Dropout(p=0.9, inplace=False)
    (itemAspRepDropout): Dropout(p=0.9, inplace=False)
    (uid_userOffset): Embedding(584107, 1)
    (iid_itemOffset): Embedding(95030, 1)
    (globalOffset): Parameter(1,)
  ), weights = ((1,), (584107, 1), (95030, 1)), parameters = 679,138 (Trainable)
)
========================================================================================================================

[Epoch 1/10] Training Loss: 3.71437	Elapsed Time: 229.32s (0:03:49)
[Epoch 1] [Dev]  MSE: 1.48599, MAE: 0.98302
[Epoch 1] [Test] MSE: 1.49880, MAE: 0.98297

*** MODEL has obtained the best DEV MSE of 1.48599 so far!
*** The Best MODEL saved to "./__saved_models__/Patio_Lawn_and_Garden - ANR/Patio_Lawn_and_Garden_ANR_1234.pth"

[Epoch 2/10] Training Loss: 1.58764	Elapsed Time: 467.58s (0:07:47)
[Epoch 2] [Dev]  MSE: 1.40809, MAE: 0.94607
[Epoch 2] [Test] MSE: 1.41988, MAE: 0.94745

*** MODEL has obtained the best DEV MSE of 1.40809 so far!
*** The Best MODEL saved to "./__saved_models__/Patio_Lawn_and_Garden - ANR/Patio_Lawn_and_Garden_ANR_1234.pth"

[Epoch 3/10] Training Loss: 1.43008	Elapsed Time: 705.78s (0:11:45)
[Epoch 3] [Dev]  MSE: 1.37846, MAE: 0.90919
[Epoch 3] [Test] MSE: 1.39286, MAE: 0.91253

*** MODEL has obtained the best DEV MSE of 1.37846 so far!
*** The Best MODEL saved to "./__saved_models__/Patio_Lawn_and_Garden - ANR/Patio_Lawn_and_Garden_ANR_1234.pth"

[Epoch 4/10] Training Loss: 1.33344	Elapsed Time: 944.07s (0:15:44)
[Epoch 4] [Dev]  MSE: 1.37455, MAE: 0.91078
[Epoch 4] [Test] MSE: 1.38530, MAE: 0.91331

*** MODEL has obtained the best DEV MSE of 1.37455 so far!
*** The Best MODEL saved to "./__saved_models__/Patio_Lawn_and_Garden - ANR/Patio_Lawn_and_Garden_ANR_1234.pth"

[Epoch 5/10] Training Loss: 1.26852	Elapsed Time: 1,182.29s (0:19:42)
[Epoch 5] [Dev]  MSE: 1.37122, MAE: 0.89966
[Epoch 5] [Test] MSE: 1.38272, MAE: 0.90281

*** MODEL has obtained the best DEV MSE of 1.37122 so far!
*** The Best MODEL saved to "./__saved_models__/Patio_Lawn_and_Garden - ANR/Patio_Lawn_and_Garden_ANR_1234.pth"

[Epoch 6/10] Training Loss: 1.22156	Elapsed Time: 1,420.57s (0:23:40)
[Epoch 6] [Dev]  MSE: 1.37561, MAE: 0.89817
[Epoch 6] [Test] MSE: 1.38509, MAE: 0.90103

[Epoch 7/10] Training Loss: 1.18722	Elapsed Time: 1,658.78s (0:27:38)
[Epoch 7] [Dev]  MSE: 1.38007, MAE: 0.89775
[Epoch 7] [Test] MSE: 1.38817, MAE: 0.90089

[Epoch 8/10] Training Loss: 1.16106	Elapsed Time: 1,897.01s (0:31:37)
[Epoch 8] [Dev]  MSE: 1.38282, MAE: 0.89325
[Epoch 8] [Test] MSE: 1.38997, MAE: 0.89611

[Epoch 9/10] Training Loss: 1.14081	Elapsed Time: 2,135.22s (0:35:35)
[Epoch 9] [Dev]  MSE: 1.38549, MAE: 0.89538
[Epoch 9] [Test] MSE: 1.39250, MAE: 0.89822

[Epoch 10/10] Training Loss: 1.12561	Elapsed Time: 2,373.38s (0:39:33)
[Epoch 10] [Dev]  MSE: 1.38935, MAE: 0.89581
[Epoch 10] [Test] MSE: 1.39596, MAE: 0.89843
*** The Last MODEL saved to "./__saved_models__/Patio_Lawn_and_Garden - ANR/Patio_Lawn_and_Garden_ANR_1234_10.pth"

[Training Loss]
[3.71437, 1.58764, 1.43008, 1.33344, 1.26852, 1.22156, 1.18722, 1.16106, 1.14081, 1.12561]

[Dev MSE]
[1.48599, 1.40809, 1.37846, 1.37455, 1.37122, 1.37561, 1.38007, 1.38282, 1.38549, 1.38935]
[Test MSE]
[1.4988, 1.41988, 1.39286, 1.3853, 1.38272, 1.38509, 1.38817, 1.38997, 1.3925, 1.39596]
[Test MAE]
[0.98297, 0.94745, 0.91253, 0.91331, 0.90281, 0.90103, 0.90089, 0.89611, 0.89822, 0.89843]


Best Dev MSE: 1.37122 (Obtained during Evaluation #5)
Test MSE: 1.38272, Test MAE: 0.90281

End of Program! Elapsed Time: 2,417.84s (0:40:17)
