========================================================================================================================
  ARL_lr: 0.01
  ARL_path: 
  batch_size: 128
  channels_global: 100
  channels_local: 200
  command: -d Musical_Instruments -m VANRA -e 10 -dr 0.9 -WED 300 -p 1 -v 50000 -K 5 -h1 10 -h2 50 -output_size 50 -rs 1234 -gpu 0 -vb 1 -sm Musical_Instruments_VANRA
  ctx_win_size: 3
  dataset: Musical_Instruments
  disable_initial_eval: 0
  dropout_rate: 0.9
  epochs: 10
  filters_num: 100
  gpu: 0
  h1: 10
  h2: 50
  hidden_size: 500
  input_dir: ./datasets/Musical_Instruments/
  L2_reg: 1e-06
  learning_rate: 0.002
  loss_function: MSELoss
  max_doc_len: 500
  max_vis_len: 500
  model: VANRA
  num_aspects: 5
  optimizer: Adam
  out_dir: ./experimental_results/Musical_Instruments - VANRA/
  output_size: 50
  pretrained_src: 1
  random_seed: 1234
  save_model: Musical_Instruments_VANRA
  use_cuda: True
  verbose: 1
  vocab_size: 50000
  word_embed_dim: 300
========================================================================================================================

[INFO] # of Users: 280,020, # of Items: 74,260

Creating model (Selected Model: VANRA)..
[args.use_cuda: True] Model is on the GPU! (args.gpu: 0, torch.cuda.current_device(): 0)
Model created! Elapsed Time: 4.18s (0.07 minute)

Loading uid_userDoc from "./datasets/Musical_Instruments/Musical_Instruments_uid_userDoc.npy"..
uid_userDoc loaded! [uid_userDoc: (280020, 500)]

Loading iid_itemDoc from "./datasets/Musical_Instruments/Musical_Instruments_iid_itemDoc.npy"..
iid_itemDoc loaded! [iid_itemDoc: (74260, 500)]

Loading pretrained word embeddings from "./datasets/Musical_Instruments/Musical_Instruments_wed300_wid_wordEmbed.npy"..
Pretrained word embeddings loaded! [wid_wEmbed: (50002, 300)]

Loading uid_userVis from "./datasets/Musical_Instruments/Musical_Instruments_uid_userVis.npy"..
uid_userVis loaded! [uid_userVis: (280020, 500)]

Loading iid_itemVis from "./datasets/Musical_Instruments/Musical_Instruments_iid_itemVis.npy"..
iid_itemVis loaded! [iid_itemVis: (74260, 500)]

Initialization Complete.. Elapsed Time: 27.43s (0.46 minute)

Train/Dev/Test splits loaded! |TRAIN|: 394,376, |DEV|: 18,487, |TEST|: 18,692
Train/Dev/Test splits loaded! Elapsed Time: 27.57s (0.46 minute)

Performing initial evaluation for VALIDATION set..
[Initial] [Dev]  MSE: 13.60984, MAE: 3.19879

Performing initial evaluation for TESTING set..
[Initial] [Test] MSE: 14.20344, MAE: 3.21920

Initial Evaluation Complete.. Elapsed Time: 34.51s (0.58 minute)

Parameters with L2 Regularization (Regularization Strength: 1e-06):
VANRA_RatingPred.uid_userOffset.weight, VANRA_RatingPred.iid_itemOffset.weight

Optimizer: Adam, Loss Function: MSELoss

Model Size: 369,681,741
# of Trainable Parameters: 401,141
VANRA (
  (uid_userDoc): Embedding(280020, 500), weights = ((280020, 500),), parameters = 140,010,000
  (iid_itemDoc): Embedding(74260, 500), weights = ((74260, 500),), parameters = 37,130,000
  (wid_wEmbed): Embedding(50002, 300), weights = ((50002, 300),), parameters = 15,000,600
  (uid_userVis): Embedding(280020, 500), weights = ((280020, 500),), parameters = 140,010,000
  (iid_itemVis): Embedding(74260, 500), weights = ((74260, 500),), parameters = 37,130,000
  (MSANR_ARL): MSANR_ARL(
    (aspEmbed): ModuleList(
      (0): Embedding(5, 30)
      (1): Embedding(5, 50)
      (2): Embedding(5, 70)
    )
    (filterEmbed): Embedding(5, 10)
    (aspProj): Parameter(5, 300, 10)
  ), weights = ((5, 300, 10), (5, 30), (5, 50), (5, 70), (5, 10)), parameters = 15,800 (Trainable)
  (VANRA_VRL): VANRA_VRL(
    (fcLayer): Sequential(
      (0): Dropout(p=0.9, inplace=False)
      (1): Linear(in_features=500, out_features=50, bias=True)
    )
    (visProj): Parameter(500, 10)
  ), weights = ((500, 10), (50, 500), (50,)), parameters = 30,050 (Trainable)
  (VANRA_RatingPred): VANRA_RatingPred(
    (uid_userOffset): Embedding(280020, 1)
    (iid_itemOffset): Embedding(74260, 1)
    (fcLayer1): Sequential(
      (0): Linear(in_features=100, out_features=10, bias=True)
      (1): ReLU()
      (2): Dropout(p=0.9, inplace=False)
    )
    (globalOffset): Parameter(1,)
  ), weights = ((1,), (280020, 1), (74260, 1), (10, 100), (10,)), parameters = 355,291 (Trainable)
)
========================================================================================================================

[Epoch 1/10] Training Loss: 1017.96537	Elapsed Time: 203.61s (0:03:23)
[Epoch 1] [Dev]  MSE: 1.89260, MAE: 1.23812
[Epoch 1] [Test] MSE: 1.89923, MAE: 1.24188

*** MODEL has obtained the best DEV MSE of 1.89260 so far!
*** The Best MODEL saved to "./__saved_models__/Musical_Instruments - VANRA/Musical_Instruments_VANRA_1234.pth"

[Epoch 2/10] Training Loss: 1.46765	Elapsed Time: 414.06s (0:06:54)
[Epoch 2] [Dev]  MSE: 1.10865, MAE: 0.80147
[Epoch 2] [Test] MSE: 1.10115, MAE: 0.79613

*** MODEL has obtained the best DEV MSE of 1.10865 so far!
*** The Best MODEL saved to "./__saved_models__/Musical_Instruments - VANRA/Musical_Instruments_VANRA_1234.pth"

[Epoch 3/10] Training Loss: 1.18520	Elapsed Time: 624.53s (0:10:24)
[Epoch 3] [Dev]  MSE: 1.06084, MAE: 0.77169
[Epoch 3] [Test] MSE: 1.04601, MAE: 0.76527

*** MODEL has obtained the best DEV MSE of 1.06084 so far!
*** The Best MODEL saved to "./__saved_models__/Musical_Instruments - VANRA/Musical_Instruments_VANRA_1234.pth"

[Epoch 4/10] Training Loss: 6.30705	Elapsed Time: 835.05s (0:13:55)
[Epoch 4] [Dev]  MSE: 1.04817, MAE: 0.75629
[Epoch 4] [Test] MSE: 1.02810, MAE: 0.74867

*** MODEL has obtained the best DEV MSE of 1.04817 so far!
*** The Best MODEL saved to "./__saved_models__/Musical_Instruments - VANRA/Musical_Instruments_VANRA_1234.pth"

[Epoch 5/10] Training Loss: 0.94574	Elapsed Time: 1,045.72s (0:17:25)
[Epoch 5] [Dev]  MSE: 1.04686, MAE: 0.74908
[Epoch 5] [Test] MSE: 1.02524, MAE: 0.74125

*** MODEL has obtained the best DEV MSE of 1.04686 so far!
*** The Best MODEL saved to "./__saved_models__/Musical_Instruments - VANRA/Musical_Instruments_VANRA_1234.pth"

[Epoch 6/10] Training Loss: 0.86466	Elapsed Time: 1,256.42s (0:20:56)
[Epoch 6] [Dev]  MSE: 1.05252, MAE: 0.75099
[Epoch 6] [Test] MSE: 1.02883, MAE: 0.74232

[Epoch 7/10] Training Loss: 0.79955	Elapsed Time: 1,467.04s (0:24:27)
[Epoch 7] [Dev]  MSE: 1.06097, MAE: 0.74429
[Epoch 7] [Test] MSE: 1.03537, MAE: 0.73454

[Epoch 8/10] Training Loss: 0.74464	Elapsed Time: 1,677.59s (0:27:57)
[Epoch 8] [Dev]  MSE: 1.07030, MAE: 0.75043
[Epoch 8] [Test] MSE: 1.04304, MAE: 0.74011

[Epoch 9/10] Training Loss: 0.69832	Elapsed Time: 1,888.10s (0:31:28)
[Epoch 9] [Dev]  MSE: 1.07991, MAE: 0.75076
[Epoch 9] [Test] MSE: 1.05134, MAE: 0.74024

[Epoch 10/10] Training Loss: 0.65859	Elapsed Time: 2,098.62s (0:34:58)
[Epoch 10] [Dev]  MSE: 1.09004, MAE: 0.75002
[Epoch 10] [Test] MSE: 1.05959, MAE: 0.73875
*** The Last MODEL saved to "./__saved_models__/Musical_Instruments - VANRA/Musical_Instruments_VANRA_1234_10.pth"

[Training Loss]
[1017.96537, 1.46765, 1.1852, 6.30705, 0.94574, 0.86466, 0.79955, 0.74464, 0.69832, 0.65859]

[Dev MSE]
[1.8926, 1.10865, 1.06084, 1.04817, 1.04686, 1.05252, 1.06097, 1.0703, 1.07991, 1.09004]
[Test MSE]
[1.89923, 1.10115, 1.04601, 1.0281, 1.02524, 1.02883, 1.03537, 1.04304, 1.05134, 1.05959]
[Test MAE]
[1.24188, 0.79613, 0.76527, 0.74867, 0.74125, 0.74232, 0.73454, 0.74011, 0.74024, 0.73875]


Best Dev MSE: 1.04686 (Obtained during Evaluation #5)
Test MSE: 1.02524, Test MAE: 0.74125

End of Program! Elapsed Time: 2,139.95s (0:35:39)
