========================================================================================================================
  ARL_lr: 0.01
  ARL_path: 
  batch_size: 128
  channels_global: 100
  channels_local: 200
  command: -d Tools_and_Home_Improvement -m ANRS -e 10 -dr 0.9 -WED 300 -K 5 -h1 50 -h2 50 -p 1 -v 50000 -rs 1337 -gpu 0 -vb 1 -sm Tools_and_Home_Improvement_ANRS
  ctx_win_size: 3
  dataset: Tools_and_Home_Improvement
  disable_initial_eval: 0
  dropout_rate: 0.9
  epochs: 10
  filters_num: 100
  gpu: 0
  h1: 50
  h2: 50
  hidden_size: 500
  input_dir: ./datasets/Tools_and_Home_Improvement/
  L2_reg: 1e-06
  learning_rate: 0.002
  loss_function: MSELoss
  max_doc_len: 500
  max_vis_len: 500
  model: ANRS
  num_aspects: 5
  optimizer: Adam
  out_dir: ./experimental_results/Tools_and_Home_Improvement - ANRS/
  output_size: 50
  pretrained_src: 1
  random_seed: 1337
  save_model: Tools_and_Home_Improvement_ANRS
  use_cuda: True
  verbose: 1
  vocab_size: 50000
  word_embed_dim: 300
========================================================================================================================

[INFO] # of Users: 604,303, # of Items: 167,536

Creating model (Selected Model: ANRS)..
[args.use_cuda: True] Model is on the GPU! (args.gpu: 0, torch.cuda.current_device(): 0)
Model created! Elapsed Time: 4.40s (0.07 minute)

Loading uid_userDoc from "./datasets/Tools_and_Home_Improvement/Tools_and_Home_Improvement_uid_userDoc.npy"..
uid_userDoc loaded! [uid_userDoc: (604303, 500)]

Loading iid_itemDoc from "./datasets/Tools_and_Home_Improvement/Tools_and_Home_Improvement_iid_itemDoc.npy"..
iid_itemDoc loaded! [iid_itemDoc: (167536, 500)]

Loading pretrained word embeddings from "./datasets/Tools_and_Home_Improvement/Tools_and_Home_Improvement_wed300_wid_wordEmbed.npy"..
Pretrained word embeddings loaded! [wid_wEmbed: (50002, 300)]

Initialization Complete.. Elapsed Time: 30.52s (0.51 minute)

Train/Dev/Test splits loaded! |TRAIN|: 800,000, |DEV|: 32,887, |TEST|: 33,155
Train/Dev/Test splits loaded! Elapsed Time: 30.78s (0.51 minute)

Performing initial evaluation for VALIDATION set..
[Initial] [Dev]  MSE: 19.55697, MAE: 4.26514

Performing initial evaluation for TESTING set..
[Initial] [Test] MSE: 19.58660, MAE: 4.27065

Initial Evaluation Complete.. Elapsed Time: 38.79s (0.65 minute)

Parameters with L2 Regularization (Regularization Strength: 1e-06):
ANRS_RatingPred.uid_userOffset.weight, ANRS_RatingPred.iid_itemOffset.weight

Optimizer: Adam, Loss Function: MSELoss

Model Size: 401,767,690
# of Trainable Parameters: 847,590
ANR (
  (uid_userDoc): Embedding(604303, 500), weights = ((604303, 500),), parameters = 302,151,500
  (iid_itemDoc): Embedding(167536, 500), weights = ((167536, 500),), parameters = 83,768,000
  (wid_wEmbed): Embedding(50002, 300), weights = ((50002, 300),), parameters = 15,000,600
  (shared_ANR_ARL): ANR_ARL(
    (aspEmbed): Embedding(5, 150)
    (aspProj): Parameter(5, 300, 50)
  ), weights = ((5, 300, 50), (5, 150)), parameters = 75,750 (Trainable)
  (ANRS_RatingPred): ANRS_RatingPred(
    (userAspRepDropout): Dropout(p=0.9, inplace=False)
    (itemAspRepDropout): Dropout(p=0.9, inplace=False)
    (uid_userOffset): Embedding(604303, 1)
    (iid_itemOffset): Embedding(167536, 1)
    (globalOffset): Parameter(1,)
  ), weights = ((1,), (604303, 1), (167536, 1)), parameters = 771,840 (Trainable)
)
========================================================================================================================

[Epoch 1/10] Training Loss: 2.65335	Elapsed Time: 228.93s (0:03:48)
[Epoch 1] [Dev]  MSE: 1.26994, MAE: 0.87813
[Epoch 1] [Test] MSE: 1.25675, MAE: 0.87677

*** MODEL has obtained the best DEV MSE of 1.26994 so far!
*** The Best MODEL saved to "./__saved_models__/Tools_and_Home_Improvement - ANRS/Tools_and_Home_Improvement_ANRS_1337.pth"

[Epoch 2/10] Training Loss: 1.45312	Elapsed Time: 465.92s (0:07:45)
[Epoch 2] [Dev]  MSE: 1.22904, MAE: 0.85818
[Epoch 2] [Test] MSE: 1.21748, MAE: 0.85775

*** MODEL has obtained the best DEV MSE of 1.22904 so far!
*** The Best MODEL saved to "./__saved_models__/Tools_and_Home_Improvement - ANRS/Tools_and_Home_Improvement_ANRS_1337.pth"

[Epoch 3/10] Training Loss: 1.31203	Elapsed Time: 703.03s (0:11:43)
[Epoch 3] [Dev]  MSE: 1.21490, MAE: 0.84103
[Epoch 3] [Test] MSE: 1.20425, MAE: 0.84100

*** MODEL has obtained the best DEV MSE of 1.21490 so far!
*** The Best MODEL saved to "./__saved_models__/Tools_and_Home_Improvement - ANRS/Tools_and_Home_Improvement_ANRS_1337.pth"

[Epoch 4/10] Training Loss: 1.21691	Elapsed Time: 940.11s (0:15:40)
[Epoch 4] [Dev]  MSE: 1.21259, MAE: 0.82453
[Epoch 4] [Test] MSE: 1.20023, MAE: 0.82357

*** MODEL has obtained the best DEV MSE of 1.21259 so far!
*** The Best MODEL saved to "./__saved_models__/Tools_and_Home_Improvement - ANRS/Tools_and_Home_Improvement_ANRS_1337.pth"

[Epoch 5/10] Training Loss: 1.16535	Elapsed Time: 1,177.10s (0:19:37)
[Epoch 5] [Dev]  MSE: 1.21733, MAE: 0.82532
[Epoch 5] [Test] MSE: 1.20697, MAE: 0.82565

[Epoch 6/10] Training Loss: 1.11776	Elapsed Time: 1,414.18s (0:23:34)
[Epoch 6] [Dev]  MSE: 1.22379, MAE: 0.82700
[Epoch 6] [Test] MSE: 1.21354, MAE: 0.82713

[Epoch 7/10] Training Loss: 1.13892	Elapsed Time: 1,651.20s (0:27:31)
[Epoch 7] [Dev]  MSE: 1.22827, MAE: 0.82423
[Epoch 7] [Test] MSE: 1.21778, MAE: 0.82458

[Epoch 8/10] Training Loss: 1.06448	Elapsed Time: 1,888.17s (0:31:28)
[Epoch 8] [Dev]  MSE: 1.23437, MAE: 0.82573
[Epoch 8] [Test] MSE: 1.22339, MAE: 0.82638

[Epoch 9/10] Training Loss: 1.04948	Elapsed Time: 2,125.14s (0:35:25)
[Epoch 9] [Dev]  MSE: 1.24004, MAE: 0.82463
[Epoch 9] [Test] MSE: 1.22709, MAE: 0.82508

[Epoch 10/10] Training Loss: 1.03812	Elapsed Time: 2,362.19s (0:39:22)
[Epoch 10] [Dev]  MSE: 1.24401, MAE: 0.82844
[Epoch 10] [Test] MSE: 1.23166, MAE: 0.82863
*** The Last MODEL saved to "./__saved_models__/Tools_and_Home_Improvement - ANRS/Tools_and_Home_Improvement_ANRS_1337_10.pth"

[Training Loss]
[2.65335, 1.45312, 1.31203, 1.21691, 1.16535, 1.11776, 1.13892, 1.06448, 1.04948, 1.03812]

[Dev MSE]
[1.26994, 1.22904, 1.2149, 1.21259, 1.21733, 1.22379, 1.22827, 1.23437, 1.24004, 1.24401]
[Test MSE]
[1.25675, 1.21748, 1.20425, 1.20023, 1.20697, 1.21354, 1.21778, 1.22339, 1.22709, 1.23166]
[Test MAE]
[0.87677, 0.85775, 0.841, 0.82357, 0.82565, 0.82713, 0.82458, 0.82638, 0.82508, 0.82863]


Best Dev MSE: 1.21259 (Obtained during Evaluation #4)
Test MSE: 1.20023, Test MAE: 0.82357

End of Program! Elapsed Time: 2,408.90s (0:40:08)
