========================================================================================================================
  ARL_lr: 0.01
  ARL_path: 
  batch_size: 128
  channels_global: 10
  channels_local: 10
  command: -d Pet_Supplies -m VANRA -e 15 -dr 0.9 -p 1 -v 50000 -K 5 -h1 10 -h2 50 -c_local 10 -c_global 10 -hiden_size 100 -output_size 50 -rs 1234 -gpu 0 -vb 1 -sm Pet_Supplies_VANRA
  ctx_win_size: 3
  dataset: Pet_Supplies
  disable_initial_eval: 0
  dropout_rate: 0.9
  epochs: 15
  gpu: 0
  h1: 10
  h2: 50
  hidden_size: 100
  input_dir: ./datasets/Pet_Supplies/
  L2_reg: 1e-06
  learning_rate: 0.002
  loss_function: MSELoss
  max_doc_len: 500
  max_vis_len: 500
  model: VANRA
  num_aspects: 5
  optimizer: Adam
  out_dir: ./experimental_results/Pet_Supplies - VANRA/
  output_size: 50
  pretrained_src: 1
  random_seed: 1234
  save_model: Pet_Supplies_VANRA
  use_cuda: True
  verbose: 1
  vocab_size: 50000
  word_embed_dim: 300
========================================================================================================================

[INFO] # of Users: 535,028, # of Items: 85,685

Creating model (Selected Model: VANRA)..
[args.use_cuda: True] Model is on the GPU! (args.gpu: 0, torch.cuda.current_device(): 0)
Model created! Elapsed Time: 6.25s (0.10 minute)

Loading uid_userDoc from "./datasets/Pet_Supplies/Pet_Supplies_uid_userDoc.npy"..
uid_userDoc loaded! [uid_userDoc: (535028, 500)]

Loading iid_itemDoc from "./datasets/Pet_Supplies/Pet_Supplies_iid_itemDoc.npy"..
iid_itemDoc loaded! [iid_itemDoc: (85685, 500)]

Loading pretrained word embeddings from "./datasets/Pet_Supplies/Pet_Supplies_wid_wordEmbed.npy"..
Pretrained word embeddings loaded! [wid_wEmbed: (50002, 300)]

Loading uid_userVis from "./datasets/Pet_Supplies/Pet_Supplies_uid_userVis.npy"..
uid_userVis loaded! [uid_userVis: (535028, 500)]

Loading iid_itemVis from "./datasets/Pet_Supplies/Pet_Supplies_iid_itemVis.npy"..
iid_itemVis loaded! [iid_itemVis: (85685, 500)]

Initialization Complete.. Elapsed Time: 47.49s (0.79 minute)

Train/Dev/Test splits loaded! |TRAIN|: 800,000, |DEV|: 46,037, |TEST|: 46,223
Train/Dev/Test splits loaded! Elapsed Time: 47.78s (0.80 minute)

Performing initial evaluation for VALIDATION set..
[Initial] [Dev]  MSE: 19.19048, MAE: 4.20071

Performing initial evaluation for TESTING set..
[Initial] [Test] MSE: 19.22449, MAE: 4.20429

Initial Evaluation Complete.. Elapsed Time: 55.36s (0.92 minute)

Parameters with L2 Regularization (Regularization Strength: 1e-06):
VANRA_RatingPred.uid_userOffset.weight, VANRA_RatingPred.iid_itemOffset.weight

Optimizer: Adam, Loss Function: MSELoss

Model Size: 636,460,972
# of Trainable Parameters: 747,372
VANRA (
  (uid_userDoc): Embedding(535028, 500), weights = ((535028, 500),), parameters = 267,514,000
  (iid_itemDoc): Embedding(85685, 500), weights = ((85685, 500),), parameters = 42,842,500
  (wid_wEmbed): Embedding(50002, 300), weights = ((50002, 300),), parameters = 15,000,600
  (uid_userVis): Embedding(535028, 500), weights = ((535028, 500),), parameters = 267,514,000
  (iid_itemVis): Embedding(85685, 500), weights = ((85685, 500),), parameters = 42,842,500
  (shared_ANR_ARL): ANR_ARL(
    (aspEmbed): Embedding(5, 30)
    (aspProj): Parameter(5, 300, 10)
  ), weights = ((5, 300, 10), (5, 30)), parameters = 15,150 (Trainable)
  (ANR_AIE): ANR_AIE(  (W_a): Parameter(10, 10)
    (W_u): Parameter(50, 10)
    (w_hu): Parameter(50, 1)
    (W_i): Parameter(50, 10)
    (w_hi): Parameter(50, 1)
  ), weights = ((10, 10), (50, 10), (50, 1), (50, 10), (50, 1)), parameters = 1,200 (Trainable)
  (VANRA_VRL): VANRA_VRL(
    (localAttentionLayer_user): LocalAttention(
      (attention_layer): Sequential(
        (0): Conv2d(1, 1, kernel_size=(3, 1), stride=(1, 1))
        (1): Softmax(dim=2)
      )
      (fcLayer): Sequential(
        (0): Linear(in_features=500, out_features=100, bias=True)
        (1): Dropout(p=0.9, inplace=False)
        (2): ReLU()
        (3): Linear(in_features=100, out_features=50, bias=True)
      )
    )
    (localAttentionLayer_item): LocalAttention(
      (attention_layer): Sequential(
        (0): Conv2d(1, 1, kernel_size=(3, 1), stride=(1, 1))
        (1): Softmax(dim=2)
      )
      (fcLayer): Sequential(
        (0): Linear(in_features=500, out_features=100, bias=True)
        (1): Dropout(p=0.9, inplace=False)
        (2): ReLU()
        (3): Linear(in_features=100, out_features=50, bias=True)
      )
    )
  ), weights = ((1, 1, 3, 1), (1,), (100, 500), (100,), (50, 100), (50,), (1, 1, 3, 1), (1,), (100, 500), (100,), (50, 100), (50,)), parameters = 110,308 (Trainable)
  (VANRA_RatingPred): VANRA_RatingPred(
    (userAspRepDropout): Dropout(p=0.9, inplace=False)
    (itemAspRepDropout): Dropout(p=0.9, inplace=False)
    (uid_userOffset): Embedding(535028, 1)
    (iid_itemOffset): Embedding(85685, 1)
    (globalOffset): Parameter(1,)
  ), weights = ((1,), (535028, 1), (85685, 1)), parameters = 620,714 (Trainable)
)
========================================================================================================================

[Epoch 1/15] Training Loss: 1.86362	Elapsed Time: 168.29s (0:02:48)
[Epoch 1] [Dev]  MSE: 1.40457, MAE: 0.95649
[Epoch 1] [Test] MSE: 1.41112, MAE: 0.96207

*** MODEL has obtained the best DEV MSE of 1.40457 so far!
*** The Best MODEL saved to "./__saved_models__/Pet_Supplies - VANRA/Pet_Supplies_VANRA_1234.pth"

[Epoch 2/15] Training Loss: 1.46474	Elapsed Time: 344.06s (0:05:44)
[Epoch 2] [Dev]  MSE: 1.36205, MAE: 0.91354
[Epoch 2] [Test] MSE: 1.37058, MAE: 0.91890

*** MODEL has obtained the best DEV MSE of 1.36205 so far!
*** The Best MODEL saved to "./__saved_models__/Pet_Supplies - VANRA/Pet_Supplies_VANRA_1234.pth"

[Epoch 3/15] Training Loss: 1.34839	Elapsed Time: 519.88s (0:08:39)
[Epoch 3] [Dev]  MSE: 1.35291, MAE: 0.89017
[Epoch 3] [Test] MSE: 1.36226, MAE: 0.89520

*** MODEL has obtained the best DEV MSE of 1.35291 so far!
*** The Best MODEL saved to "./__saved_models__/Pet_Supplies - VANRA/Pet_Supplies_VANRA_1234.pth"

[Epoch 4/15] Training Loss: 1.27328	Elapsed Time: 695.68s (0:11:35)
[Epoch 4] [Dev]  MSE: 1.35389, MAE: 0.89488
[Epoch 4] [Test] MSE: 1.36476, MAE: 0.89988

[Epoch 5/15] Training Loss: 1.22206	Elapsed Time: 871.28s (0:14:31)
[Epoch 5] [Dev]  MSE: 1.35851, MAE: 0.89776
[Epoch 5] [Test] MSE: 1.36947, MAE: 0.90275

[Epoch 6/15] Training Loss: 1.18579	Elapsed Time: 1,047.12s (0:17:27)
[Epoch 6] [Dev]  MSE: 1.36419, MAE: 0.89967
[Epoch 6] [Test] MSE: 1.37571, MAE: 0.90487

[Epoch 7/15] Training Loss: 1.29984	Elapsed Time: 1,222.73s (0:20:22)
[Epoch 7] [Dev]  MSE: 1.36780, MAE: 0.88530
[Epoch 7] [Test] MSE: 1.37850, MAE: 0.89014

[Epoch 8/15] Training Loss: 1.15170	Elapsed Time: 1,398.39s (0:23:18)
[Epoch 8] [Dev]  MSE: 1.37270, MAE: 0.88255
[Epoch 8] [Test] MSE: 1.38321, MAE: 0.88717

[Epoch 9/15] Training Loss: 1.12691	Elapsed Time: 1,574.03s (0:26:14)
[Epoch 9] [Dev]  MSE: 1.37752, MAE: 0.89472
[Epoch 9] [Test] MSE: 1.38809, MAE: 0.89916

[Epoch 10/15] Training Loss: 1.11467	Elapsed Time: 1,749.75s (0:29:09)
[Epoch 10] [Dev]  MSE: 1.38141, MAE: 0.87868
[Epoch 10] [Test] MSE: 1.39187, MAE: 0.88374

[Epoch 11/15] Training Loss: 1.10471	Elapsed Time: 1,925.45s (0:32:05)
[Epoch 11] [Dev]  MSE: 1.38349, MAE: 0.89929
[Epoch 11] [Test] MSE: 1.39548, MAE: 0.90454

[Epoch 12/15] Training Loss: 1.09820	Elapsed Time: 2,101.08s (0:35:01)
[Epoch 12] [Dev]  MSE: 1.38564, MAE: 0.88127
[Epoch 12] [Test] MSE: 1.39659, MAE: 0.88635

[Epoch 13/15] Training Loss: 1.09276	Elapsed Time: 2,276.82s (0:37:56)
[Epoch 13] [Dev]  MSE: 1.38530, MAE: 0.88726
[Epoch 13] [Test] MSE: 1.39853, MAE: 0.89260

[Epoch 14/15] Training Loss: 1.08847	Elapsed Time: 2,452.48s (0:40:52)
[Epoch 14] [Dev]  MSE: 1.39309, MAE: 0.87417
[Epoch 14] [Test] MSE: 1.40359, MAE: 0.87828

[Epoch 15/15] Training Loss: 1.08384	Elapsed Time: 2,628.26s (0:43:48)
[Epoch 15] [Dev]  MSE: 1.39176, MAE: 0.87980
[Epoch 15] [Test] MSE: 1.40367, MAE: 0.88459
*** The Last MODEL saved to "./__saved_models__/Pet_Supplies - VANRA/Pet_Supplies_VANRA_1234_15.pth"

[Training Loss]
[1.86362, 1.46474, 1.34839, 1.27328, 1.22206, 1.18579, 1.29984, 1.1517, 1.12691, 1.11467, 1.10471, 1.0982, 1.09276, 1.08847, 1.08384]

[Dev MSE]
[1.40457, 1.36205, 1.35291, 1.35389, 1.35851, 1.36419, 1.3678, 1.3727, 1.37752, 1.38141, 1.38349, 1.38564, 1.3853, 1.39309, 1.39176]
[Test MSE]
[1.41112, 1.37058, 1.36226, 1.36476, 1.36947, 1.37571, 1.3785, 1.38321, 1.38809, 1.39187, 1.39548, 1.39659, 1.39853, 1.40359, 1.40367]
[Test MAE]
[0.96207, 0.9189, 0.8952, 0.89988, 0.90275, 0.90487, 0.89014, 0.88717, 0.89916, 0.88374, 0.90454, 0.88635, 0.8926, 0.87828, 0.88459]


Best Dev MSE: 1.35291 (Obtained during Evaluation #3)
Test MSE: 1.36226, Test MAE: 0.89520

End of Program! Elapsed Time: 2,690.95s (0:44:50)
