========================================================================================================================
  ARL_lr: 0.01
  ARL_path: Kindle_Store_ANRS_1337
  batch_size: 128
  channels_global: 100
  channels_local: 200
  command: -d Kindle_Store -m ANR -e 10 -dr 0.9 -WED 300 -h1 50 -h2 50 -p 1 -v 50000 -rs 1234 -gpu 0 -vb 1 -sm Kindle_Store_ANR -ARL_path Kindle_Store_ANRS_1337
  ctx_win_size: 3
  dataset: Kindle_Store
  disable_initial_eval: 0
  dropout_rate: 0.9
  epochs: 10
  filters_num: 100
  gpu: 0
  h1: 50
  h2: 50
  hidden_size: 500
  input_dir: ./datasets/Kindle_Store/
  L2_reg: 1e-06
  learning_rate: 0.002
  loss_function: MSELoss
  max_doc_len: 500
  max_vis_len: 500
  model: ANR
  num_aspects: 5
  optimizer: Adam
  out_dir: ./experimental_results/Kindle_Store - ANR/
  output_size: 50
  pretrained_src: 1
  random_seed: 1234
  save_model: Kindle_Store_ANR
  use_cuda: True
  verbose: 1
  vocab_size: 50000
  word_embed_dim: 300
========================================================================================================================

[INFO] # of Users: 488,920, # of Items: 232,137

Creating model (Selected Model: ANR)..
[args.use_cuda: True] Model is on the GPU! (args.gpu: 0, torch.cuda.current_device(): 0)
Model created! Elapsed Time: 4.15s (0.07 minute)

Loading uid_userDoc from "./datasets/Kindle_Store/Kindle_Store_uid_userDoc.npy"..
uid_userDoc loaded! [uid_userDoc: (488920, 500)]

Loading iid_itemDoc from "./datasets/Kindle_Store/Kindle_Store_iid_itemDoc.npy"..
iid_itemDoc loaded! [iid_itemDoc: (232137, 500)]

Loading pretrained word embeddings from "./datasets/Kindle_Store/Kindle_Store_wed300_wid_wordEmbed.npy"..
Pretrained word embeddings loaded! [wid_wEmbed: (50002, 300)]

Loading pretrained ARL weights of "ANR" for dataset "Kindle_Store" from "./__saved_models__/Kindle_Store - ANRS/Kindle_Store_ANRS_1337.pth"!
Loading pretrained ARL weights on GPU "0"!

Loaded pretrained model states:

	shared_ANR_ARL.aspProj
	shared_ANR_ARL.aspEmbed.weight

Pretrained model states transferred to current model!

*** "shared_ANR_ARL.aspProj, shared_ANR_ARL.aspEmbed.weight" are FINE-TUNED!! ***


Initialization Complete.. Elapsed Time: 23.87s (0.40 minute)

Train/Dev/Test splits loaded! |TRAIN|: 800,000, |DEV|: 43,894, |TEST|: 43,882
Train/Dev/Test splits loaded! Elapsed Time: 24.15s (0.40 minute)

Performing initial evaluation for VALIDATION set..
[Initial] [Dev]  MSE: 19.50831, MAE: 4.29916

Performing initial evaluation for TESTING set..
[Initial] [Test] MSE: 19.55959, MAE: 4.30548

Initial Evaluation Complete.. Elapsed Time: 35.16s (0.59 minute)

Parameters that are fine-tuned using a smaller LR (LR: 2e-05):
shared_ANR_ARL.aspProj, shared_ANR_ARL.aspEmbed.weight

Parameters with L2 Regularization (Regularization Strength: 1e-06):
ANR_RatingPred.uid_userOffset.weight, ANR_RatingPred.iid_itemOffset.weight

Optimizer: Adam, Loss Function: MSELoss

Model Size: 376,333,508
# of Trainable Parameters: 804,408
ANR (
  (uid_userDoc): Embedding(488920, 500), weights = ((488920, 500),), parameters = 244,460,000
  (iid_itemDoc): Embedding(232137, 500), weights = ((232137, 500),), parameters = 116,068,500
  (wid_wEmbed): Embedding(50002, 300), weights = ((50002, 300),), parameters = 15,000,600
  (shared_ANR_ARL): ANR_ARL(
    (aspEmbed): Embedding(5, 150)
    (aspProj): Parameter(5, 300, 50)
  ), weights = ((5, 300, 50), (5, 150)), parameters = 75,750 (Trainable)
  (ANR_AIE): ANR_AIE(  (W_a): Parameter(50, 50)
    (W_u): Parameter(50, 50)
    (w_hu): Parameter(50, 1)
    (W_i): Parameter(50, 50)
    (w_hi): Parameter(50, 1)
  ), weights = ((50, 50), (50, 50), (50, 1), (50, 50), (50, 1)), parameters = 7,600 (Trainable)
  (ANR_RatingPred): ANR_RatingPred(
    (userAspRepDropout): Dropout(p=0.9, inplace=False)
    (itemAspRepDropout): Dropout(p=0.9, inplace=False)
    (uid_userOffset): Embedding(488920, 1)
    (iid_itemOffset): Embedding(232137, 1)
    (globalOffset): Parameter(1,)
  ), weights = ((1,), (488920, 1), (232137, 1)), parameters = 721,058 (Trainable)
)
========================================================================================================================

[Epoch 1/10] Training Loss: 3.43796	Elapsed Time: 236.59s (0:03:56)
[Epoch 1] [Dev]  MSE: 0.89810, MAE: 0.72551
[Epoch 1] [Test] MSE: 0.89609, MAE: 0.72669

*** MODEL has obtained the best DEV MSE of 0.89810 so far!
*** The Best MODEL saved to "./__saved_models__/Kindle_Store - ANR/Kindle_Store_ANR_1234.pth"

[Epoch 2/10] Training Loss: 1.03692	Elapsed Time: 484.27s (0:08:04)
[Epoch 2] [Dev]  MSE: 0.82522, MAE: 0.67177
[Epoch 2] [Test] MSE: 0.82294, MAE: 0.67266

*** MODEL has obtained the best DEV MSE of 0.82522 so far!
*** The Best MODEL saved to "./__saved_models__/Kindle_Store - ANR/Kindle_Store_ANR_1234.pth"

[Epoch 3/10] Training Loss: 0.91502	Elapsed Time: 732.09s (0:12:12)
[Epoch 3] [Dev]  MSE: 0.80457, MAE: 0.66065
[Epoch 3] [Test] MSE: 0.80242, MAE: 0.66131

*** MODEL has obtained the best DEV MSE of 0.80457 so far!
*** The Best MODEL saved to "./__saved_models__/Kindle_Store - ANR/Kindle_Store_ANR_1234.pth"

[Epoch 4/10] Training Loss: 0.84392	Elapsed Time: 979.83s (0:16:19)
[Epoch 4] [Dev]  MSE: 0.79870, MAE: 0.65128
[Epoch 4] [Test] MSE: 0.79721, MAE: 0.65236

*** MODEL has obtained the best DEV MSE of 0.79870 so far!
*** The Best MODEL saved to "./__saved_models__/Kindle_Store - ANR/Kindle_Store_ANR_1234.pth"

[Epoch 5/10] Training Loss: 0.79904	Elapsed Time: 1,227.56s (0:20:27)
[Epoch 5] [Dev]  MSE: 0.79876, MAE: 0.64972
[Epoch 5] [Test] MSE: 0.79611, MAE: 0.65014

[Epoch 6/10] Training Loss: 0.76870	Elapsed Time: 1,475.24s (0:24:35)
[Epoch 6] [Dev]  MSE: 0.80027, MAE: 0.64988
[Epoch 6] [Test] MSE: 0.79780, MAE: 0.65070

[Epoch 7/10] Training Loss: 0.74699	Elapsed Time: 1,722.95s (0:28:42)
[Epoch 7] [Dev]  MSE: 0.80188, MAE: 0.65037
[Epoch 7] [Test] MSE: 0.79881, MAE: 0.65062

[Epoch 8/10] Training Loss: 0.73132	Elapsed Time: 1,970.69s (0:32:50)
[Epoch 8] [Dev]  MSE: 0.80388, MAE: 0.65456
[Epoch 8] [Test] MSE: 0.80098, MAE: 0.65535

[Epoch 9/10] Training Loss: 0.71905	Elapsed Time: 2,218.34s (0:36:58)
[Epoch 9] [Dev]  MSE: 0.80516, MAE: 0.65252
[Epoch 9] [Test] MSE: 0.80292, MAE: 0.65348

[Epoch 10/10] Training Loss: 0.71023	Elapsed Time: 2,466.01s (0:41:06)
[Epoch 10] [Dev]  MSE: 0.80734, MAE: 0.64878
[Epoch 10] [Test] MSE: 0.80419, MAE: 0.64931
*** The Last MODEL saved to "./__saved_models__/Kindle_Store - ANR/Kindle_Store_ANR_1234_10.pth"

[Training Loss]
[3.43796, 1.03692, 0.91502, 0.84392, 0.79904, 0.7687, 0.74699, 0.73132, 0.71905, 0.71023]

[Dev MSE]
[0.8981, 0.82522, 0.80457, 0.7987, 0.79876, 0.80027, 0.80188, 0.80388, 0.80516, 0.80734]
[Test MSE]
[0.89609, 0.82294, 0.80242, 0.79721, 0.79611, 0.7978, 0.79881, 0.80098, 0.80292, 0.80419]
[Test MAE]
[0.72669, 0.67266, 0.66131, 0.65236, 0.65014, 0.6507, 0.65062, 0.65535, 0.65348, 0.64931]


Best Dev MSE: 0.79870 (Obtained during Evaluation #4)
Test MSE: 0.79721, Test MAE: 0.65236

End of Program! Elapsed Time: 2,512.09s (0:41:52)
