========================================================================================================================
  ARL_lr: 0.01
  ARL_path: 
  batch_size: 128
  channels_global: 100
  channels_local: 200
  command: -d Clothing_Shoes_and_Jewelry -m VANRA -e 5 -dr 0.9 -WED 300 -p 1 -v 50000 -K 5 -h1 50 -kernel_list 3 -output_size 25 -rs 1234 -gpu 0 -vb 1 -sm Clothing_Shoes_and_Jewelry_VANRA
  ctx_win_size: 3
  dataset: Clothing_Shoes_and_Jewelry
  disable_initial_eval: 0
  dropout_rate: 0.9
  epochs: 5
  filters_num: 100
  gpu: 0
  h1: 50
  h2: 50
  hidden_size: 500
  input_dir: ./datasets/Clothing_Shoes_and_Jewelry/
  kernel_list: [3]
  L2_reg: 1e-06
  learning_rate: 0.002
  loss_function: MSELoss
  max_doc_len: 500
  max_vis_len: 500
  model: VANRA
  num_aspects: 5
  optimizer: Adam
  out_dir: ./experimental_results/Clothing_Shoes_and_Jewelry - VANRA/
  output_size: 25
  pretrained_src: 1
  random_seed: 1234
  save_model: Clothing_Shoes_and_Jewelry_VANRA
  use_cuda: True
  verbose: 1
  vocab_size: 50000
  word_embed_dim: 300
========================================================================================================================

[INFO] # of Users: 669,835, # of Items: 335,585

Creating model (Selected Model: VANRA)..
[args.use_cuda: True] Model is on the GPU! (args.gpu: 0, torch.cuda.current_device(): 0)
Model created! Elapsed Time: 10.41s (0.17 minute)

Loading uid_userDoc from "./datasets/Clothing_Shoes_and_Jewelry/Clothing_Shoes_and_Jewelry_uid_userDoc.npy"..
uid_userDoc loaded! [uid_userDoc: (669835, 500)]

Loading iid_itemDoc from "./datasets/Clothing_Shoes_and_Jewelry/Clothing_Shoes_and_Jewelry_iid_itemDoc.npy"..
iid_itemDoc loaded! [iid_itemDoc: (335585, 500)]

Loading pretrained word embeddings from "./datasets/Clothing_Shoes_and_Jewelry/Clothing_Shoes_and_Jewelry_wed300_wid_wordEmbed.npy"..
Pretrained word embeddings loaded! [wid_wEmbed: (50002, 300)]

Loading uid_userVis from "./datasets/Clothing_Shoes_and_Jewelry/Clothing_Shoes_and_Jewelry_uid_userVis.npy"..
uid_userVis loaded! [uid_userVis: (669835, 500)]

Loading iid_itemVis from "./datasets/Clothing_Shoes_and_Jewelry/Clothing_Shoes_and_Jewelry_iid_itemVis.npy"..
iid_itemVis loaded! [iid_itemVis: (335585, 500)]

Initialization Complete.. Elapsed Time: 77.84s (1.30 minutes)

Train/Dev/Test splits loaded! |TRAIN|: 800,000, |DEV|: 17,754, |TEST|: 17,846
Train/Dev/Test splits loaded! Elapsed Time: 78.12s (1.30 minutes)

Performing initial evaluation for VALIDATION set..
[Initial] [Dev]  MSE: 10.34444, MAE: 2.90793

Performing initial evaluation for TESTING set..
[Initial] [Test] MSE: 10.50093, MAE: 2.92931

Initial Evaluation Complete.. Elapsed Time: 83.11s (1.39 minutes)

Parameters with L2 Regularization (Regularization Strength: 1e-06):
VANRA_RatingPred.uid_userOffset.weight, VANRA_RatingPred.iid_itemOffset.weight

Optimizer: Adam, Loss Function: MSELoss

Model Size: 1,021,553,346
# of Trainable Parameters: 1,132,746
VANRA (
  (uid_userDoc): Embedding(669835, 500), weights = ((669835, 500),), parameters = 334,917,500
  (iid_itemDoc): Embedding(335585, 500), weights = ((335585, 500),), parameters = 167,792,500
  (wid_wEmbed): Embedding(50002, 300), weights = ((50002, 300),), parameters = 15,000,600
  (uid_userVis): Embedding(669835, 500), weights = ((669835, 500),), parameters = 334,917,500
  (iid_itemVis): Embedding(335585, 500), weights = ((335585, 500),), parameters = 167,792,500
  (MSANR_ARL): MSANR_ARL(
    (aspEmbed): ModuleList(
      (0): Embedding(5, 150)
    )
    (filterEmbed): Embedding(5, 50)
    (aspProj): Parameter(5, 300, 50)
  ), weights = ((5, 300, 50), (5, 150), (5, 50)), parameters = 76,000 (Trainable)
  (VANRA_VRL): VANRA_VRL(
    (fcLayer): Sequential(
      (0): Dropout(p=0.9, inplace=False)
      (1): Linear(in_features=500, out_features=25, bias=True)
    )
    (visProj): Parameter(500, 50)
  ), weights = ((500, 50), (25, 500), (25,)), parameters = 37,525 (Trainable)
  (VANRA_RatingPred): VANRA_RatingPred(
    (uid_userOffset): Embedding(669835, 1)
    (iid_itemOffset): Embedding(335585, 1)
    (fcLayer1): Sequential(
      (0): Linear(in_features=275, out_features=50, bias=True)
      (1): ReLU()
      (2): Dropout(p=0.9, inplace=False)
    )
    (globalOffset): Parameter(1,)
  ), weights = ((1,), (669835, 1), (335585, 1), (50, 275), (50,)), parameters = 1,019,221 (Trainable)
)
========================================================================================================================

[Epoch 1/5] Training Loss: 18.45600	Elapsed Time: 238.48s (0:03:58)
[Epoch 1] [Dev]  MSE: 1.25456, MAE: 0.89127
[Epoch 1] [Test] MSE: 1.24393, MAE: 0.88798

*** MODEL has obtained the best DEV MSE of 1.25456 so far!
*** The Best MODEL saved to "./__saved_models__/Clothing_Shoes_and_Jewelry - VANRA/Clothing_Shoes_and_Jewelry_VANRA_1234.pth"

[Epoch 2/5] Training Loss: 1.34759	Elapsed Time: 482.58s (0:08:02)
[Epoch 2] [Dev]  MSE: 1.21992, MAE: 0.86940
[Epoch 2] [Test] MSE: 1.20818, MAE: 0.86519

*** MODEL has obtained the best DEV MSE of 1.21992 so far!
*** The Best MODEL saved to "./__saved_models__/Clothing_Shoes_and_Jewelry - VANRA/Clothing_Shoes_and_Jewelry_VANRA_1234.pth"

[Epoch 3/5] Training Loss: 1.29789	Elapsed Time: 726.66s (0:12:06)
[Epoch 3] [Dev]  MSE: 1.21633, MAE: 0.85517
[Epoch 3] [Test] MSE: 1.20218, MAE: 0.84936

*** MODEL has obtained the best DEV MSE of 1.21633 so far!
*** The Best MODEL saved to "./__saved_models__/Clothing_Shoes_and_Jewelry - VANRA/Clothing_Shoes_and_Jewelry_VANRA_1234.pth"

[Epoch 4/5] Training Loss: 3.25228	Elapsed Time: 970.67s (0:16:10)
[Epoch 4] [Dev]  MSE: 1.22138, MAE: 0.86025
[Epoch 4] [Test] MSE: 1.20574, MAE: 0.85354

[Epoch 5/5] Training Loss: 1.06200	Elapsed Time: 1,214.58s (0:20:14)
[Epoch 5] [Dev]  MSE: 1.22799, MAE: 0.85828
[Epoch 5] [Test] MSE: 1.21246, MAE: 0.85175
*** The Last MODEL saved to "./__saved_models__/Clothing_Shoes_and_Jewelry - VANRA/Clothing_Shoes_and_Jewelry_VANRA_1234_5.pth"

[Training Loss]
[18.456, 1.34759, 1.29789, 3.25228, 1.062]

[Dev MSE]
[1.25456, 1.21992, 1.21633, 1.22138, 1.22799]
[Test MSE]
[1.24393, 1.20818, 1.20218, 1.20574, 1.21246]
[Test MAE]
[0.88798, 0.86519, 0.84936, 0.85354, 0.85175]


Best Dev MSE: 1.21633 (Obtained during Evaluation #3)
Test MSE: 1.20218, Test MAE: 0.84936

End of Program! Elapsed Time: 1,302.53s (0:21:42)
