========================================================================================================================
  ARL_lr: 0.01
  ARL_path: 
  batch_size: 128
  channels_global: 100
  channels_local: 200
  command: -d Clothing_Shoes_and_Jewelry -m VANRA -e 5 -dr 0.9 -WED 300 -p 1 -v 50000 -K 5 -h1 15 -kernel_list 3 -output_size 5 -rs 1234 -gpu 0 -vb 1 -sm Clothing_Shoes_and_Jewelry_VANRA
  ctx_win_size: 3
  dataset: Clothing_Shoes_and_Jewelry
  disable_initial_eval: 0
  dropout_rate: 0.9
  epochs: 5
  filters_num: 100
  gpu: 0
  h1: 15
  h2: 50
  hidden_size: 500
  input_dir: ./datasets/Clothing_Shoes_and_Jewelry/
  kernel_list: [3]
  L2_reg: 1e-06
  learning_rate: 0.002
  loss_function: MSELoss
  max_doc_len: 500
  max_vis_len: 500
  model: VANRA
  num_aspects: 5
  optimizer: Adam
  out_dir: ./experimental_results/Clothing_Shoes_and_Jewelry - VANRA/
  output_size: 5
  pretrained_src: 1
  random_seed: 1234
  save_model: Clothing_Shoes_and_Jewelry_VANRA
  use_cuda: True
  verbose: 1
  vocab_size: 50000
  word_embed_dim: 300
========================================================================================================================

[INFO] # of Users: 669,835, # of Items: 335,585

Creating model (Selected Model: VANRA)..
[args.use_cuda: True] Model is on the GPU! (args.gpu: 0, torch.cuda.current_device(): 0)
Model created! Elapsed Time: 9.22s (0.15 minute)

Loading uid_userDoc from "./datasets/Clothing_Shoes_and_Jewelry/Clothing_Shoes_and_Jewelry_uid_userDoc.npy"..
uid_userDoc loaded! [uid_userDoc: (669835, 500)]

Loading iid_itemDoc from "./datasets/Clothing_Shoes_and_Jewelry/Clothing_Shoes_and_Jewelry_iid_itemDoc.npy"..
iid_itemDoc loaded! [iid_itemDoc: (335585, 500)]

Loading pretrained word embeddings from "./datasets/Clothing_Shoes_and_Jewelry/Clothing_Shoes_and_Jewelry_wed300_wid_wordEmbed.npy"..
Pretrained word embeddings loaded! [wid_wEmbed: (50002, 300)]

Loading uid_userVis from "./datasets/Clothing_Shoes_and_Jewelry/Clothing_Shoes_and_Jewelry_uid_userVis.npy"..
uid_userVis loaded! [uid_userVis: (669835, 500)]

Loading iid_itemVis from "./datasets/Clothing_Shoes_and_Jewelry/Clothing_Shoes_and_Jewelry_iid_itemVis.npy"..
iid_itemVis loaded! [iid_itemVis: (335585, 500)]

Initialization Complete.. Elapsed Time: 77.20s (1.29 minutes)

Train/Dev/Test splits loaded! |TRAIN|: 800,000, |DEV|: 17,754, |TEST|: 17,846
Train/Dev/Test splits loaded! Elapsed Time: 77.47s (1.29 minutes)

Performing initial evaluation for VALIDATION set..
[Initial] [Dev]  MSE: 17.51997, MAE: 4.01452

Performing initial evaluation for TESTING set..
[Initial] [Test] MSE: 17.61063, MAE: 4.02718

Initial Evaluation Complete.. Elapsed Time: 81.55s (1.36 minutes)

Parameters with L2 Regularization (Regularization Strength: 1e-06):
VANRA_RatingPred.uid_userOffset.weight, VANRA_RatingPred.iid_itemOffset.weight

Optimizer: Adam, Loss Function: MSELoss

Model Size: 1,021,460,041
# of Trainable Parameters: 1,039,441
VANRA (
  (uid_userDoc): Embedding(669835, 500), weights = ((669835, 500),), parameters = 334,917,500
  (iid_itemDoc): Embedding(335585, 500), weights = ((335585, 500),), parameters = 167,792,500
  (wid_wEmbed): Embedding(50002, 300), weights = ((50002, 300),), parameters = 15,000,600
  (uid_userVis): Embedding(669835, 500), weights = ((669835, 500),), parameters = 334,917,500
  (iid_itemVis): Embedding(335585, 500), weights = ((335585, 500),), parameters = 167,792,500
  (MSANR_ARL): MSANR_ARL(
    (aspEmbed): ModuleList(
      (0): Embedding(5, 45)
    )
    (filterEmbed): Embedding(5, 15)
    (aspProj): Parameter(5, 300, 15)
  ), weights = ((5, 300, 15), (5, 45), (5, 15)), parameters = 22,800 (Trainable)
  (VANRA_VRL): VANRA_VRL(
    (fcLayer): Sequential(
      (0): Dropout(p=0.9, inplace=False)
      (1): Linear(in_features=500, out_features=5, bias=True)
    )
    (visProj): Parameter(500, 15)
  ), weights = ((500, 15), (5, 500), (5,)), parameters = 10,005 (Trainable)
  (VANRA_RatingPred): VANRA_RatingPred(
    (uid_userOffset): Embedding(669835, 1)
    (iid_itemOffset): Embedding(335585, 1)
    (fcLayer1): Sequential(
      (0): Linear(in_features=80, out_features=15, bias=True)
      (1): ReLU()
      (2): Dropout(p=0.9, inplace=False)
    )
    (globalOffset): Parameter(1,)
  ), weights = ((1,), (669835, 1), (335585, 1), (15, 80), (15,)), parameters = 1,006,636 (Trainable)
)
========================================================================================================================

[Epoch 1/5] Training Loss: 13.95743	Elapsed Time: 158.95s (0:02:38)
[Epoch 1] [Dev]  MSE: 1.25152, MAE: 0.88741
[Epoch 1] [Test] MSE: 1.24031, MAE: 0.88428

*** MODEL has obtained the best DEV MSE of 1.25152 so far!
*** The Best MODEL saved to "./__saved_models__/Clothing_Shoes_and_Jewelry - VANRA/Clothing_Shoes_and_Jewelry_VANRA_1234.pth"

[Epoch 2/5] Training Loss: 1.34521	Elapsed Time: 321.48s (0:05:21)
[Epoch 2] [Dev]  MSE: 1.22049, MAE: 0.87100
[Epoch 2] [Test] MSE: 1.20691, MAE: 0.86658

*** MODEL has obtained the best DEV MSE of 1.22049 so far!
*** The Best MODEL saved to "./__saved_models__/Clothing_Shoes_and_Jewelry - VANRA/Clothing_Shoes_and_Jewelry_VANRA_1234.pth"

[Epoch 3/5] Training Loss: 1.20850	Elapsed Time: 483.96s (0:08:03)
[Epoch 3] [Dev]  MSE: 1.21560, MAE: 0.85710
[Epoch 3] [Test] MSE: 1.20098, MAE: 0.85176

*** MODEL has obtained the best DEV MSE of 1.21560 so far!
*** The Best MODEL saved to "./__saved_models__/Clothing_Shoes_and_Jewelry - VANRA/Clothing_Shoes_and_Jewelry_VANRA_1234.pth"

[Epoch 4/5] Training Loss: 1.11956	Elapsed Time: 646.61s (0:10:46)
[Epoch 4] [Dev]  MSE: 1.22125, MAE: 0.85469
[Epoch 4] [Test] MSE: 1.20444, MAE: 0.84798

[Epoch 5/5] Training Loss: 1.05977	Elapsed Time: 809.00s (0:13:28)
[Epoch 5] [Dev]  MSE: 1.22942, MAE: 0.85134
[Epoch 5] [Test] MSE: 1.21203, MAE: 0.84417
*** The Last MODEL saved to "./__saved_models__/Clothing_Shoes_and_Jewelry - VANRA/Clothing_Shoes_and_Jewelry_VANRA_1234_5.pth"

[Training Loss]
[13.95743, 1.34521, 1.2085, 1.11956, 1.05977]

[Dev MSE]
[1.25152, 1.22049, 1.2156, 1.22125, 1.22942]
[Test MSE]
[1.24031, 1.20691, 1.20098, 1.20444, 1.21203]
[Test MAE]
[0.88428, 0.86658, 0.85176, 0.84798, 0.84417]


Best Dev MSE: 1.21560 (Obtained during Evaluation #3)
Test MSE: 1.20098, Test MAE: 0.85176

End of Program! Elapsed Time: 893.84s (0:14:53)
