========================================================================================================================
  ARL_lr: 0.01
  ARL_path: 
  batch_size: 128
  channels_global: 100
  channels_local: 200
  command: -d Clothing_Shoes_and_Jewelry -m VANRA -e 5 -dr 0.9 -WED 300 -p 1 -v 50000 -K 5 -h1 10 -kernel_list 3 -output_size 10 -rs 1234 -gpu 0 -vb 1 -sm Clothing_Shoes_and_Jewelry_VANRA
  ctx_win_size: 3
  dataset: Clothing_Shoes_and_Jewelry
  disable_initial_eval: 0
  dropout_rate: 0.9
  epochs: 5
  filters_num: 100
  gpu: 0
  h1: 10
  h2: 50
  hidden_size: 500
  input_dir: ./datasets/Clothing_Shoes_and_Jewelry/
  kernel_list: [3]
  L2_reg: 1e-06
  learning_rate: 0.002
  loss_function: MSELoss
  max_doc_len: 500
  max_vis_len: 500
  model: VANRA
  num_aspects: 5
  optimizer: Adam
  out_dir: ./experimental_results/Clothing_Shoes_and_Jewelry - VANRA/
  output_size: 10
  pretrained_src: 1
  random_seed: 1234
  save_model: Clothing_Shoes_and_Jewelry_VANRA
  use_cuda: True
  verbose: 1
  vocab_size: 50000
  word_embed_dim: 300
========================================================================================================================

[INFO] # of Users: 669,835, # of Items: 335,585

Creating model (Selected Model: VANRA)..
[args.use_cuda: True] Model is on the GPU! (args.gpu: 0, torch.cuda.current_device(): 0)
Model created! Elapsed Time: 9.32s (0.16 minute)

Loading uid_userDoc from "./datasets/Clothing_Shoes_and_Jewelry/Clothing_Shoes_and_Jewelry_uid_userDoc.npy"..
uid_userDoc loaded! [uid_userDoc: (669835, 500)]

Loading iid_itemDoc from "./datasets/Clothing_Shoes_and_Jewelry/Clothing_Shoes_and_Jewelry_iid_itemDoc.npy"..
iid_itemDoc loaded! [iid_itemDoc: (335585, 500)]

Loading pretrained word embeddings from "./datasets/Clothing_Shoes_and_Jewelry/Clothing_Shoes_and_Jewelry_wed300_wid_wordEmbed.npy"..
Pretrained word embeddings loaded! [wid_wEmbed: (50002, 300)]

Loading uid_userVis from "./datasets/Clothing_Shoes_and_Jewelry/Clothing_Shoes_and_Jewelry_uid_userVis.npy"..
uid_userVis loaded! [uid_userVis: (669835, 500)]

Loading iid_itemVis from "./datasets/Clothing_Shoes_and_Jewelry/Clothing_Shoes_and_Jewelry_iid_itemVis.npy"..
iid_itemVis loaded! [iid_itemVis: (335585, 500)]

Initialization Complete.. Elapsed Time: 77.11s (1.29 minutes)

Train/Dev/Test splits loaded! |TRAIN|: 800,000, |DEV|: 17,754, |TEST|: 17,846
Train/Dev/Test splits loaded! Elapsed Time: 77.40s (1.29 minutes)

Performing initial evaluation for VALIDATION set..
[Initial] [Dev]  MSE: 14.90290, MAE: 3.65153

Performing initial evaluation for TESTING set..
[Initial] [Test] MSE: 15.01805, MAE: 3.66935

Initial Evaluation Complete.. Elapsed Time: 81.36s (1.36 minutes)

Parameters with L2 Regularization (Regularization Strength: 1e-06):
VANRA_RatingPred.uid_userOffset.weight, VANRA_RatingPred.iid_itemOffset.weight

Optimizer: Adam, Loss Function: MSELoss

Model Size: 1,021,451,841
# of Trainable Parameters: 1,031,241
VANRA (
  (uid_userDoc): Embedding(669835, 500), weights = ((669835, 500),), parameters = 334,917,500
  (iid_itemDoc): Embedding(335585, 500), weights = ((335585, 500),), parameters = 167,792,500
  (wid_wEmbed): Embedding(50002, 300), weights = ((50002, 300),), parameters = 15,000,600
  (uid_userVis): Embedding(669835, 500), weights = ((669835, 500),), parameters = 334,917,500
  (iid_itemVis): Embedding(335585, 500), weights = ((335585, 500),), parameters = 167,792,500
  (MSANR_ARL): MSANR_ARL(
    (aspEmbed): ModuleList(
      (0): Embedding(5, 30)
    )
    (filterEmbed): Embedding(5, 10)
    (aspProj): Parameter(5, 300, 10)
  ), weights = ((5, 300, 10), (5, 30), (5, 10)), parameters = 15,200 (Trainable)
  (VANRA_VRL): VANRA_VRL(
    (fcLayer): Sequential(
      (0): Dropout(p=0.9, inplace=False)
      (1): Linear(in_features=500, out_features=10, bias=True)
    )
    (visProj): Parameter(500, 10)
  ), weights = ((500, 10), (10, 500), (10,)), parameters = 10,010 (Trainable)
  (VANRA_RatingPred): VANRA_RatingPred(
    (uid_userOffset): Embedding(669835, 1)
    (iid_itemOffset): Embedding(335585, 1)
    (fcLayer1): Sequential(
      (0): Linear(in_features=60, out_features=10, bias=True)
      (1): ReLU()
      (2): Dropout(p=0.9, inplace=False)
    )
    (globalOffset): Parameter(1,)
  ), weights = ((1,), (669835, 1), (335585, 1), (10, 60), (10,)), parameters = 1,006,031 (Trainable)
)
========================================================================================================================

[Epoch 1/5] Training Loss: 29.08216	Elapsed Time: 153.34s (0:02:33)
[Epoch 1] [Dev]  MSE: 1.25265, MAE: 0.89019
[Epoch 1] [Test] MSE: 1.24225, MAE: 0.88701

*** MODEL has obtained the best DEV MSE of 1.25265 so far!
*** The Best MODEL saved to "./__saved_models__/Clothing_Shoes_and_Jewelry - VANRA/Clothing_Shoes_and_Jewelry_VANRA_1234.pth"

[Epoch 2/5] Training Loss: 1.34645	Elapsed Time: 310.26s (0:05:10)
[Epoch 2] [Dev]  MSE: 1.22003, MAE: 0.87036
[Epoch 2] [Test] MSE: 1.20784, MAE: 0.86612

*** MODEL has obtained the best DEV MSE of 1.22003 so far!
*** The Best MODEL saved to "./__saved_models__/Clothing_Shoes_and_Jewelry - VANRA/Clothing_Shoes_and_Jewelry_VANRA_1234.pth"

[Epoch 3/5] Training Loss: 1.21041	Elapsed Time: 467.16s (0:07:47)
[Epoch 3] [Dev]  MSE: 1.21552, MAE: 0.85649
[Epoch 3] [Test] MSE: 1.20168, MAE: 0.85120

*** MODEL has obtained the best DEV MSE of 1.21552 so far!
*** The Best MODEL saved to "./__saved_models__/Clothing_Shoes_and_Jewelry - VANRA/Clothing_Shoes_and_Jewelry_VANRA_1234.pth"

[Epoch 4/5] Training Loss: 1.12016	Elapsed Time: 623.72s (0:10:23)
[Epoch 4] [Dev]  MSE: 1.22068, MAE: 0.85348
[Epoch 4] [Test] MSE: 1.20626, MAE: 0.84761

[Epoch 5/5] Training Loss: 1.06021	Elapsed Time: 780.54s (0:13:00)
[Epoch 5] [Dev]  MSE: 1.22744, MAE: 0.85574
[Epoch 5] [Test] MSE: 1.21174, MAE: 0.84880
*** The Last MODEL saved to "./__saved_models__/Clothing_Shoes_and_Jewelry - VANRA/Clothing_Shoes_and_Jewelry_VANRA_1234_5.pth"

[Training Loss]
[29.08216, 1.34645, 1.21041, 1.12016, 1.06021]

[Dev MSE]
[1.25265, 1.22003, 1.21552, 1.22068, 1.22744]
[Test MSE]
[1.24225, 1.20784, 1.20168, 1.20626, 1.21174]
[Test MAE]
[0.88701, 0.86612, 0.8512, 0.84761, 0.8488]


Best Dev MSE: 1.21552 (Obtained during Evaluation #3)
Test MSE: 1.20168, Test MAE: 0.85120

End of Program! Elapsed Time: 865.12s (0:14:25)
