========================================================================================================================
  ARL_lr: 0.01
  ARL_path: 
  batch_size: 128
  channels_global: 100
  channels_local: 200
  command: -d Clothing_Shoes_and_Jewelry -m VANRA -e 5 -dr 0.9 -WED 300 -p 1 -v 50000 -K 5 -h1 5 -kernel_list 3 -output_size 25 -rs 1234 -gpu 0 -vb 1 -sm Clothing_Shoes_and_Jewelry_VANRA
  ctx_win_size: 3
  dataset: Clothing_Shoes_and_Jewelry
  disable_initial_eval: 0
  dropout_rate: 0.9
  epochs: 5
  filters_num: 100
  gpu: 0
  h1: 5
  h2: 50
  hidden_size: 500
  input_dir: ./datasets/Clothing_Shoes_and_Jewelry/
  kernel_list: [3]
  L2_reg: 1e-06
  learning_rate: 0.002
  loss_function: MSELoss
  max_doc_len: 500
  max_vis_len: 500
  model: VANRA
  num_aspects: 5
  optimizer: Adam
  out_dir: ./experimental_results/Clothing_Shoes_and_Jewelry - VANRA/
  output_size: 25
  pretrained_src: 1
  random_seed: 1234
  save_model: Clothing_Shoes_and_Jewelry_VANRA
  use_cuda: True
  verbose: 1
  vocab_size: 50000
  word_embed_dim: 300
========================================================================================================================

[INFO] # of Users: 669,835, # of Items: 335,585

Creating model (Selected Model: VANRA)..
[args.use_cuda: True] Model is on the GPU! (args.gpu: 0, torch.cuda.current_device(): 0)
Model created! Elapsed Time: 9.35s (0.16 minute)

Loading uid_userDoc from "./datasets/Clothing_Shoes_and_Jewelry/Clothing_Shoes_and_Jewelry_uid_userDoc.npy"..
uid_userDoc loaded! [uid_userDoc: (669835, 500)]

Loading iid_itemDoc from "./datasets/Clothing_Shoes_and_Jewelry/Clothing_Shoes_and_Jewelry_iid_itemDoc.npy"..
iid_itemDoc loaded! [iid_itemDoc: (335585, 500)]

Loading pretrained word embeddings from "./datasets/Clothing_Shoes_and_Jewelry/Clothing_Shoes_and_Jewelry_wed300_wid_wordEmbed.npy"..
Pretrained word embeddings loaded! [wid_wEmbed: (50002, 300)]

Loading uid_userVis from "./datasets/Clothing_Shoes_and_Jewelry/Clothing_Shoes_and_Jewelry_uid_userVis.npy"..
uid_userVis loaded! [uid_userVis: (669835, 500)]

Loading iid_itemVis from "./datasets/Clothing_Shoes_and_Jewelry/Clothing_Shoes_and_Jewelry_iid_itemVis.npy"..
iid_itemVis loaded! [iid_itemVis: (335585, 500)]

Initialization Complete.. Elapsed Time: 77.13s (1.29 minutes)

Train/Dev/Test splits loaded! |TRAIN|: 800,000, |DEV|: 17,754, |TEST|: 17,846
Train/Dev/Test splits loaded! Elapsed Time: 77.40s (1.29 minutes)

Performing initial evaluation for VALIDATION set..
[Initial] [Dev]  MSE: 14.75734, MAE: 3.55172

Performing initial evaluation for TESTING set..
[Initial] [Test] MSE: 14.86446, MAE: 3.57172

Initial Evaluation Complete.. Elapsed Time: 81.27s (1.35 minutes)

Parameters with L2 Regularization (Regularization Strength: 1e-06):
VANRA_RatingPred.uid_userOffset.weight, VANRA_RatingPred.iid_itemOffset.weight

Optimizer: Adam, Loss Function: MSELoss

Model Size: 1,021,448,901
# of Trainable Parameters: 1,028,301
VANRA (
  (uid_userDoc): Embedding(669835, 500), weights = ((669835, 500),), parameters = 334,917,500
  (iid_itemDoc): Embedding(335585, 500), weights = ((335585, 500),), parameters = 167,792,500
  (wid_wEmbed): Embedding(50002, 300), weights = ((50002, 300),), parameters = 15,000,600
  (uid_userVis): Embedding(669835, 500), weights = ((669835, 500),), parameters = 334,917,500
  (iid_itemVis): Embedding(335585, 500), weights = ((335585, 500),), parameters = 167,792,500
  (MSANR_ARL): MSANR_ARL(
    (aspEmbed): ModuleList(
      (0): Embedding(5, 15)
    )
    (filterEmbed): Embedding(5, 5)
    (aspProj): Parameter(5, 300, 5)
  ), weights = ((5, 300, 5), (5, 15), (5, 5)), parameters = 7,600 (Trainable)
  (VANRA_VRL): VANRA_VRL(
    (fcLayer): Sequential(
      (0): Dropout(p=0.9, inplace=False)
      (1): Linear(in_features=500, out_features=25, bias=True)
    )
    (visProj): Parameter(500, 5)
  ), weights = ((500, 5), (25, 500), (25,)), parameters = 15,025 (Trainable)
  (VANRA_RatingPred): VANRA_RatingPred(
    (uid_userOffset): Embedding(669835, 1)
    (iid_itemOffset): Embedding(335585, 1)
    (fcLayer1): Sequential(
      (0): Linear(in_features=50, out_features=5, bias=True)
      (1): ReLU()
      (2): Dropout(p=0.9, inplace=False)
    )
    (globalOffset): Parameter(1,)
  ), weights = ((1,), (669835, 1), (335585, 1), (5, 50), (5,)), parameters = 1,005,676 (Trainable)
)
========================================================================================================================

[Epoch 1/5] Training Loss: 639.34181	Elapsed Time: 143.12s (0:02:23)
[Epoch 1] [Dev]  MSE: 1.26559, MAE: 0.89039
[Epoch 1] [Test] MSE: 1.25710, MAE: 0.88777

*** MODEL has obtained the best DEV MSE of 1.26559 so far!
*** The Best MODEL saved to "./__saved_models__/Clothing_Shoes_and_Jewelry - VANRA/Clothing_Shoes_and_Jewelry_VANRA_1234.pth"

[Epoch 2/5] Training Loss: 14.34485	Elapsed Time: 289.57s (0:04:49)
[Epoch 2] [Dev]  MSE: 1.22457, MAE: 0.87271
[Epoch 2] [Test] MSE: 1.21454, MAE: 0.86901

*** MODEL has obtained the best DEV MSE of 1.22457 so far!
*** The Best MODEL saved to "./__saved_models__/Clothing_Shoes_and_Jewelry - VANRA/Clothing_Shoes_and_Jewelry_VANRA_1234.pth"

[Epoch 3/5] Training Loss: 1.22330	Elapsed Time: 435.91s (0:07:15)
[Epoch 3] [Dev]  MSE: 1.21689, MAE: 0.85980
[Epoch 3] [Test] MSE: 1.20417, MAE: 0.85471

*** MODEL has obtained the best DEV MSE of 1.21689 so far!
*** The Best MODEL saved to "./__saved_models__/Clothing_Shoes_and_Jewelry - VANRA/Clothing_Shoes_and_Jewelry_VANRA_1234.pth"

[Epoch 4/5] Training Loss: 1.12993	Elapsed Time: 582.23s (0:09:42)
[Epoch 4] [Dev]  MSE: 1.22197, MAE: 0.85806
[Epoch 4] [Test] MSE: 1.20816, MAE: 0.85219

[Epoch 5/5] Training Loss: 1.06941	Elapsed Time: 728.79s (0:12:08)
[Epoch 5] [Dev]  MSE: 1.22889, MAE: 0.85438
[Epoch 5] [Test] MSE: 1.21404, MAE: 0.84786
*** The Last MODEL saved to "./__saved_models__/Clothing_Shoes_and_Jewelry - VANRA/Clothing_Shoes_and_Jewelry_VANRA_1234_5.pth"

[Training Loss]
[639.34181, 14.34485, 1.2233, 1.12993, 1.06941]

[Dev MSE]
[1.26559, 1.22457, 1.21689, 1.22197, 1.22889]
[Test MSE]
[1.2571, 1.21454, 1.20417, 1.20816, 1.21404]
[Test MAE]
[0.88777, 0.86901, 0.85471, 0.85219, 0.84786]


Best Dev MSE: 1.21689 (Obtained during Evaluation #3)
Test MSE: 1.20417, Test MAE: 0.85471

End of Program! Elapsed Time: 813.19s (0:13:33)
