========================================================================================================================
  ARL_lr: 0.01
  ARL_path: 
  batch_size: 128
  channels_global: 100
  channels_local: 200
  command: -d Clothing_Shoes_and_Jewelry -m VANRA -e 5 -dr 0.9 -WED 300 -p 1 -v 50000 -K 5 -h1 15 -kernel_list 3 -output_size 50 -rs 1234 -gpu 0 -vb 1 -sm Clothing_Shoes_and_Jewelry_VANRA
  ctx_win_size: 3
  dataset: Clothing_Shoes_and_Jewelry
  disable_initial_eval: 0
  dropout_rate: 0.9
  epochs: 5
  filters_num: 100
  gpu: 0
  h1: 15
  h2: 50
  hidden_size: 500
  input_dir: ./datasets/Clothing_Shoes_and_Jewelry/
  kernel_list: [3]
  L2_reg: 1e-06
  learning_rate: 0.002
  loss_function: MSELoss
  max_doc_len: 500
  max_vis_len: 500
  model: VANRA
  num_aspects: 5
  optimizer: Adam
  out_dir: ./experimental_results/Clothing_Shoes_and_Jewelry - VANRA/
  output_size: 50
  pretrained_src: 1
  random_seed: 1234
  save_model: Clothing_Shoes_and_Jewelry_VANRA
  use_cuda: True
  verbose: 1
  vocab_size: 50000
  word_embed_dim: 300
========================================================================================================================

[INFO] # of Users: 669,835, # of Items: 335,585

Creating model (Selected Model: VANRA)..
[args.use_cuda: True] Model is on the GPU! (args.gpu: 0, torch.cuda.current_device(): 0)
Model created! Elapsed Time: 9.23s (0.15 minute)

Loading uid_userDoc from "./datasets/Clothing_Shoes_and_Jewelry/Clothing_Shoes_and_Jewelry_uid_userDoc.npy"..
uid_userDoc loaded! [uid_userDoc: (669835, 500)]

Loading iid_itemDoc from "./datasets/Clothing_Shoes_and_Jewelry/Clothing_Shoes_and_Jewelry_iid_itemDoc.npy"..
iid_itemDoc loaded! [iid_itemDoc: (335585, 500)]

Loading pretrained word embeddings from "./datasets/Clothing_Shoes_and_Jewelry/Clothing_Shoes_and_Jewelry_wed300_wid_wordEmbed.npy"..
Pretrained word embeddings loaded! [wid_wEmbed: (50002, 300)]

Loading uid_userVis from "./datasets/Clothing_Shoes_and_Jewelry/Clothing_Shoes_and_Jewelry_uid_userVis.npy"..
uid_userVis loaded! [uid_userVis: (669835, 500)]

Loading iid_itemVis from "./datasets/Clothing_Shoes_and_Jewelry/Clothing_Shoes_and_Jewelry_iid_itemVis.npy"..
iid_itemVis loaded! [iid_itemVis: (335585, 500)]

Initialization Complete.. Elapsed Time: 77.48s (1.29 minutes)

Train/Dev/Test splits loaded! |TRAIN|: 800,000, |DEV|: 17,754, |TEST|: 17,846
Train/Dev/Test splits loaded! Elapsed Time: 77.77s (1.30 minutes)

Performing initial evaluation for VALIDATION set..
[Initial] [Dev]  MSE: 10.79664, MAE: 2.93405

Performing initial evaluation for TESTING set..
[Initial] [Test] MSE: 11.14610, MAE: 2.97240

Initial Evaluation Complete.. Elapsed Time: 81.81s (1.36 minutes)

Parameters with L2 Regularization (Regularization Strength: 1e-06):
VANRA_RatingPred.uid_userOffset.weight, VANRA_RatingPred.iid_itemOffset.weight

Optimizer: Adam, Loss Function: MSELoss

Model Size: 1,021,483,261
# of Trainable Parameters: 1,062,661
VANRA (
  (uid_userDoc): Embedding(669835, 500), weights = ((669835, 500),), parameters = 334,917,500
  (iid_itemDoc): Embedding(335585, 500), weights = ((335585, 500),), parameters = 167,792,500
  (wid_wEmbed): Embedding(50002, 300), weights = ((50002, 300),), parameters = 15,000,600
  (uid_userVis): Embedding(669835, 500), weights = ((669835, 500),), parameters = 334,917,500
  (iid_itemVis): Embedding(335585, 500), weights = ((335585, 500),), parameters = 167,792,500
  (MSANR_ARL): MSANR_ARL(
    (aspEmbed): ModuleList(
      (0): Embedding(5, 45)
    )
    (filterEmbed): Embedding(5, 15)
    (aspProj): Parameter(5, 300, 15)
  ), weights = ((5, 300, 15), (5, 45), (5, 15)), parameters = 22,800 (Trainable)
  (VANRA_VRL): VANRA_VRL(
    (fcLayer): Sequential(
      (0): Dropout(p=0.9, inplace=False)
      (1): Linear(in_features=500, out_features=50, bias=True)
    )
    (visProj): Parameter(500, 15)
  ), weights = ((500, 15), (50, 500), (50,)), parameters = 32,550 (Trainable)
  (VANRA_RatingPred): VANRA_RatingPred(
    (uid_userOffset): Embedding(669835, 1)
    (iid_itemOffset): Embedding(335585, 1)
    (fcLayer1): Sequential(
      (0): Linear(in_features=125, out_features=15, bias=True)
      (1): ReLU()
      (2): Dropout(p=0.9, inplace=False)
    )
    (globalOffset): Parameter(1,)
  ), weights = ((1,), (669835, 1), (335585, 1), (15, 125), (15,)), parameters = 1,007,311 (Trainable)
)
========================================================================================================================

[Epoch 1/5] Training Loss: 196.06947	Elapsed Time: 159.37s (0:02:39)
[Epoch 1] [Dev]  MSE: 1.25882, MAE: 0.88807
[Epoch 1] [Test] MSE: 1.25156, MAE: 0.88518

*** MODEL has obtained the best DEV MSE of 1.25882 so far!
*** The Best MODEL saved to "./__saved_models__/Clothing_Shoes_and_Jewelry - VANRA/Clothing_Shoes_and_Jewelry_VANRA_1234.pth"

[Epoch 2/5] Training Loss: 1.40763	Elapsed Time: 322.35s (0:05:22)
[Epoch 2] [Dev]  MSE: 1.22261, MAE: 0.87291
[Epoch 2] [Test] MSE: 1.21239, MAE: 0.86914

*** MODEL has obtained the best DEV MSE of 1.22261 so far!
*** The Best MODEL saved to "./__saved_models__/Clothing_Shoes_and_Jewelry - VANRA/Clothing_Shoes_and_Jewelry_VANRA_1234.pth"

[Epoch 3/5] Training Loss: 1.21731	Elapsed Time: 485.67s (0:08:05)
[Epoch 3] [Dev]  MSE: 1.21616, MAE: 0.85922
[Epoch 3] [Test] MSE: 1.20329, MAE: 0.85426

*** MODEL has obtained the best DEV MSE of 1.21616 so far!
*** The Best MODEL saved to "./__saved_models__/Clothing_Shoes_and_Jewelry - VANRA/Clothing_Shoes_and_Jewelry_VANRA_1234.pth"

[Epoch 4/5] Training Loss: 1.12998	Elapsed Time: 649.15s (0:10:49)
[Epoch 4] [Dev]  MSE: 1.22081, MAE: 0.85412
[Epoch 4] [Test] MSE: 1.20621, MAE: 0.84793

[Epoch 5/5] Training Loss: 1.06469	Elapsed Time: 812.32s (0:13:32)
[Epoch 5] [Dev]  MSE: 1.22785, MAE: 0.85246
[Epoch 5] [Test] MSE: 1.21262, MAE: 0.84627
*** The Last MODEL saved to "./__saved_models__/Clothing_Shoes_and_Jewelry - VANRA/Clothing_Shoes_and_Jewelry_VANRA_1234_5.pth"

[Training Loss]
[196.06947, 1.40763, 1.21731, 1.12998, 1.06469]

[Dev MSE]
[1.25882, 1.22261, 1.21616, 1.22081, 1.22785]
[Test MSE]
[1.25156, 1.21239, 1.20329, 1.20621, 1.21262]
[Test MAE]
[0.88518, 0.86914, 0.85426, 0.84793, 0.84627]


Best Dev MSE: 1.21616 (Obtained during Evaluation #3)
Test MSE: 1.20329, Test MAE: 0.85426

End of Program! Elapsed Time: 897.44s (0:14:57)
