========================================================================================================================
  ARL_lr: 0.01
  ARL_path: Video_Games_ANRS_1337
  batch_size: 128
  channels_global: 100
  channels_local: 200
  command: -d Video_Games -m ANR -e 10 -dr 0.9 -WED 300 -h1 50 -h2 50 -p 1 -v 50000 -rs 1234 -gpu 0 -vb 1 -sm Video_Games_ANR -ARL_path Video_Games_ANRS_1337
  ctx_win_size: 3
  dataset: Video_Games
  disable_initial_eval: 0
  dropout_rate: 0.9
  epochs: 10
  filters_num: 100
  gpu: 0
  h1: 50
  h2: 50
  hidden_size: 500
  input_dir: ./datasets/Video_Games/
  L2_reg: 1e-06
  learning_rate: 0.002
  loss_function: MSELoss
  max_doc_len: 500
  max_vis_len: 500
  model: ANR
  num_aspects: 5
  optimizer: Adam
  out_dir: ./experimental_results/Video_Games - ANR/
  output_size: 50
  pretrained_src: 1
  random_seed: 1234
  save_model: Video_Games_ANR
  use_cuda: True
  verbose: 1
  vocab_size: 50000
  word_embed_dim: 300
========================================================================================================================

[INFO] # of Users: 540,331, # of Items: 44,636

Creating model (Selected Model: ANR)..
[args.use_cuda: True] Model is on the GPU! (args.gpu: 0, torch.cuda.current_device(): 0)
Model created! Elapsed Time: 3.64s (0.06 minute)

Loading uid_userDoc from "./datasets/Video_Games/Video_Games_uid_userDoc.npy"..
uid_userDoc loaded! [uid_userDoc: (540331, 500)]

Loading iid_itemDoc from "./datasets/Video_Games/Video_Games_iid_itemDoc.npy"..
iid_itemDoc loaded! [iid_itemDoc: (44636, 500)]

Loading pretrained word embeddings from "./datasets/Video_Games/Video_Games_wed300_wid_wordEmbed.npy"..
Pretrained word embeddings loaded! [wid_wEmbed: (50002, 300)]

Loading pretrained ARL weights of "ANR" for dataset "Video_Games" from "./__saved_models__/Video_Games - ANRS/Video_Games_ANRS_1337.pth"!
Loading pretrained ARL weights on GPU "0"!

Loaded pretrained model states:

	shared_ANR_ARL.aspProj
	shared_ANR_ARL.aspEmbed.weight

Pretrained model states transferred to current model!

*** "shared_ANR_ARL.aspProj, shared_ANR_ARL.aspEmbed.weight" are FINE-TUNED!! ***


Initialization Complete.. Elapsed Time: 23.74s (0.40 minute)

Train/Dev/Test splits loaded! |TRAIN|: 800,000, |DEV|: 45,587, |TEST|: 45,469
Train/Dev/Test splits loaded! Elapsed Time: 24.02s (0.40 minute)

Performing initial evaluation for VALIDATION set..
[Initial] [Dev]  MSE: 17.97462, MAE: 4.04254

Performing initial evaluation for TESTING set..
[Initial] [Test] MSE: 18.04673, MAE: 4.05484

Initial Evaluation Complete.. Elapsed Time: 35.51s (0.59 minute)

Parameters that are fine-tuned using a smaller LR (LR: 2e-05):
shared_ANR_ARL.aspProj, shared_ANR_ARL.aspEmbed.weight

Parameters with L2 Regularization (Regularization Strength: 1e-06):
ANR_RatingPred.uid_userOffset.weight, ANR_RatingPred.iid_itemOffset.weight

Optimizer: Adam, Loss Function: MSELoss

Model Size: 308,152,418
# of Trainable Parameters: 668,318
ANR (
  (uid_userDoc): Embedding(540331, 500), weights = ((540331, 500),), parameters = 270,165,500
  (iid_itemDoc): Embedding(44636, 500), weights = ((44636, 500),), parameters = 22,318,000
  (wid_wEmbed): Embedding(50002, 300), weights = ((50002, 300),), parameters = 15,000,600
  (shared_ANR_ARL): ANR_ARL(
    (aspEmbed): Embedding(5, 150)
    (aspProj): Parameter(5, 300, 50)
  ), weights = ((5, 300, 50), (5, 150)), parameters = 75,750 (Trainable)
  (ANR_AIE): ANR_AIE(  (W_a): Parameter(50, 50)
    (W_u): Parameter(50, 50)
    (w_hu): Parameter(50, 1)
    (W_i): Parameter(50, 50)
    (w_hi): Parameter(50, 1)
  ), weights = ((50, 50), (50, 50), (50, 1), (50, 50), (50, 1)), parameters = 7,600 (Trainable)
  (ANR_RatingPred): ANR_RatingPred(
    (userAspRepDropout): Dropout(p=0.9, inplace=False)
    (itemAspRepDropout): Dropout(p=0.9, inplace=False)
    (uid_userOffset): Embedding(540331, 1)
    (iid_itemOffset): Embedding(44636, 1)
    (globalOffset): Parameter(1,)
  ), weights = ((1,), (540331, 1), (44636, 1)), parameters = 584,968 (Trainable)
)
========================================================================================================================

[Epoch 1/10] Training Loss: 3.50770	Elapsed Time: 236.54s (0:03:56)
[Epoch 1] [Dev]  MSE: 1.40596, MAE: 0.94374
[Epoch 1] [Test] MSE: 1.37107, MAE: 0.93331

*** MODEL has obtained the best DEV MSE of 1.40596 so far!
*** The Best MODEL saved to "./__saved_models__/Video_Games - ANR/Video_Games_ANR_1234.pth"

[Epoch 2/10] Training Loss: 1.51568	Elapsed Time: 484.65s (0:08:04)
[Epoch 2] [Dev]  MSE: 1.33304, MAE: 0.90796
[Epoch 2] [Test] MSE: 1.29356, MAE: 0.89543

*** MODEL has obtained the best DEV MSE of 1.33304 so far!
*** The Best MODEL saved to "./__saved_models__/Video_Games - ANR/Video_Games_ANR_1234.pth"

[Epoch 3/10] Training Loss: 1.38559	Elapsed Time: 732.69s (0:12:12)
[Epoch 3] [Dev]  MSE: 1.31462, MAE: 0.89170
[Epoch 3] [Test] MSE: 1.27219, MAE: 0.87800

*** MODEL has obtained the best DEV MSE of 1.31462 so far!
*** The Best MODEL saved to "./__saved_models__/Video_Games - ANR/Video_Games_ANR_1234.pth"

[Epoch 4/10] Training Loss: 1.30884	Elapsed Time: 980.88s (0:16:20)
[Epoch 4] [Dev]  MSE: 1.31014, MAE: 0.88664
[Epoch 4] [Test] MSE: 1.26545, MAE: 0.87202

*** MODEL has obtained the best DEV MSE of 1.31014 so far!
*** The Best MODEL saved to "./__saved_models__/Video_Games - ANR/Video_Games_ANR_1234.pth"

[Epoch 5/10] Training Loss: 1.25654	Elapsed Time: 1,228.94s (0:20:28)
[Epoch 5] [Dev]  MSE: 1.30926, MAE: 0.87852
[Epoch 5] [Test] MSE: 1.26292, MAE: 0.86342

*** MODEL has obtained the best DEV MSE of 1.30926 so far!
*** The Best MODEL saved to "./__saved_models__/Video_Games - ANR/Video_Games_ANR_1234.pth"

[Epoch 6/10] Training Loss: 1.21979	Elapsed Time: 1,477.16s (0:24:37)
[Epoch 6] [Dev]  MSE: 1.31103, MAE: 0.87904
[Epoch 6] [Test] MSE: 1.26426, MAE: 0.86398

[Epoch 7/10] Training Loss: 1.19278	Elapsed Time: 1,725.28s (0:28:45)
[Epoch 7] [Dev]  MSE: 1.31392, MAE: 0.87955
[Epoch 7] [Test] MSE: 1.26644, MAE: 0.86435

[Epoch 8/10] Training Loss: 1.17181	Elapsed Time: 1,973.28s (0:32:53)
[Epoch 8] [Dev]  MSE: 1.31703, MAE: 0.87791
[Epoch 8] [Test] MSE: 1.26854, MAE: 0.86255

[Epoch 9/10] Training Loss: 1.15632	Elapsed Time: 2,221.43s (0:37:01)
[Epoch 9] [Dev]  MSE: 1.31988, MAE: 0.88124
[Epoch 9] [Test] MSE: 1.27218, MAE: 0.86649

[Epoch 10/10] Training Loss: 1.14453	Elapsed Time: 2,469.53s (0:41:09)
[Epoch 10] [Dev]  MSE: 1.32205, MAE: 0.87728
[Epoch 10] [Test] MSE: 1.27330, MAE: 0.86228
*** The Last MODEL saved to "./__saved_models__/Video_Games - ANR/Video_Games_ANR_1234_10.pth"

[Training Loss]
[3.5077, 1.51568, 1.38559, 1.30884, 1.25654, 1.21979, 1.19278, 1.17181, 1.15632, 1.14453]

[Dev MSE]
[1.40596, 1.33304, 1.31462, 1.31014, 1.30926, 1.31103, 1.31392, 1.31703, 1.31988, 1.32205]
[Test MSE]
[1.37107, 1.29356, 1.27219, 1.26545, 1.26292, 1.26426, 1.26644, 1.26854, 1.27218, 1.2733]
[Test MAE]
[0.93331, 0.89543, 0.878, 0.87202, 0.86342, 0.86398, 0.86435, 0.86255, 0.86649, 0.86228]


Best Dev MSE: 1.30926 (Obtained during Evaluation #5)
Test MSE: 1.26292, Test MAE: 0.86342

End of Program! Elapsed Time: 2,516.41s (0:41:56)
