========================================================================================================================
  ARL_lr: 0.01
  ARL_path: Tools_and_Home_Improvement_ANRS_1337
  batch_size: 128
  channels_global: 100
  channels_local: 200
  command: -d Tools_and_Home_Improvement -m ANR -e 10 -dr 0.9 -WED 300 -h1 50 -h2 50 -p 1 -v 50000 -rs 1234 -gpu 0 -vb 1 -sm Tools_and_Home_Improvement_ANR -ARL_path Tools_and_Home_Improvement_ANRS_1337
  ctx_win_size: 3
  dataset: Tools_and_Home_Improvement
  disable_initial_eval: 0
  dropout_rate: 0.9
  epochs: 10
  filters_num: 100
  gpu: 0
  h1: 50
  h2: 50
  hidden_size: 500
  input_dir: ./datasets/Tools_and_Home_Improvement/
  L2_reg: 1e-06
  learning_rate: 0.002
  loss_function: MSELoss
  max_doc_len: 500
  max_vis_len: 500
  model: ANR
  num_aspects: 5
  optimizer: Adam
  out_dir: ./experimental_results/Tools_and_Home_Improvement - ANR/
  output_size: 50
  pretrained_src: 1
  random_seed: 1234
  save_model: Tools_and_Home_Improvement_ANR
  use_cuda: True
  verbose: 1
  vocab_size: 50000
  word_embed_dim: 300
========================================================================================================================

[INFO] # of Users: 604,303, # of Items: 167,536

Creating model (Selected Model: ANR)..
[args.use_cuda: True] Model is on the GPU! (args.gpu: 0, torch.cuda.current_device(): 0)
Model created! Elapsed Time: 4.37s (0.07 minute)

Loading uid_userDoc from "./datasets/Tools_and_Home_Improvement/Tools_and_Home_Improvement_uid_userDoc.npy"..
uid_userDoc loaded! [uid_userDoc: (604303, 500)]

Loading iid_itemDoc from "./datasets/Tools_and_Home_Improvement/Tools_and_Home_Improvement_iid_itemDoc.npy"..
iid_itemDoc loaded! [iid_itemDoc: (167536, 500)]

Loading pretrained word embeddings from "./datasets/Tools_and_Home_Improvement/Tools_and_Home_Improvement_wed300_wid_wordEmbed.npy"..
Pretrained word embeddings loaded! [wid_wEmbed: (50002, 300)]

Loading pretrained ARL weights of "ANR" for dataset "Tools_and_Home_Improvement" from "./__saved_models__/Tools_and_Home_Improvement - ANRS/Tools_and_Home_Improvement_ANRS_1337.pth"!
Loading pretrained ARL weights on GPU "0"!

Loaded pretrained model states:

	shared_ANR_ARL.aspProj
	shared_ANR_ARL.aspEmbed.weight

Pretrained model states transferred to current model!

*** "shared_ANR_ARL.aspProj, shared_ANR_ARL.aspEmbed.weight" are FINE-TUNED!! ***


Initialization Complete.. Elapsed Time: 30.66s (0.51 minute)

Train/Dev/Test splits loaded! |TRAIN|: 800,000, |DEV|: 32,887, |TEST|: 33,155
Train/Dev/Test splits loaded! Elapsed Time: 30.94s (0.52 minute)

Performing initial evaluation for VALIDATION set..
[Initial] [Dev]  MSE: 19.56369, MAE: 4.26594

Performing initial evaluation for TESTING set..
[Initial] [Test] MSE: 19.59316, MAE: 4.27144

Initial Evaluation Complete.. Elapsed Time: 39.26s (0.65 minute)

Parameters that are fine-tuned using a smaller LR (LR: 2e-05):
shared_ANR_ARL.aspProj, shared_ANR_ARL.aspEmbed.weight

Parameters with L2 Regularization (Regularization Strength: 1e-06):
ANR_RatingPred.uid_userOffset.weight, ANR_RatingPred.iid_itemOffset.weight

Optimizer: Adam, Loss Function: MSELoss

Model Size: 401,775,290
# of Trainable Parameters: 855,190
ANR (
  (uid_userDoc): Embedding(604303, 500), weights = ((604303, 500),), parameters = 302,151,500
  (iid_itemDoc): Embedding(167536, 500), weights = ((167536, 500),), parameters = 83,768,000
  (wid_wEmbed): Embedding(50002, 300), weights = ((50002, 300),), parameters = 15,000,600
  (shared_ANR_ARL): ANR_ARL(
    (aspEmbed): Embedding(5, 150)
    (aspProj): Parameter(5, 300, 50)
  ), weights = ((5, 300, 50), (5, 150)), parameters = 75,750 (Trainable)
  (ANR_AIE): ANR_AIE(  (W_a): Parameter(50, 50)
    (W_u): Parameter(50, 50)
    (w_hu): Parameter(50, 1)
    (W_i): Parameter(50, 50)
    (w_hi): Parameter(50, 1)
  ), weights = ((50, 50), (50, 50), (50, 1), (50, 50), (50, 1)), parameters = 7,600 (Trainable)
  (ANR_RatingPred): ANR_RatingPred(
    (userAspRepDropout): Dropout(p=0.9, inplace=False)
    (itemAspRepDropout): Dropout(p=0.9, inplace=False)
    (uid_userOffset): Embedding(604303, 1)
    (iid_itemOffset): Embedding(167536, 1)
    (globalOffset): Parameter(1,)
  ), weights = ((1,), (604303, 1), (167536, 1)), parameters = 771,840 (Trainable)
)
========================================================================================================================

[Epoch 1/10] Training Loss: 3.73240	Elapsed Time: 236.37s (0:03:56)
[Epoch 1] [Dev]  MSE: 1.28105, MAE: 0.88234
[Epoch 1] [Test] MSE: 1.26957, MAE: 0.88195

*** MODEL has obtained the best DEV MSE of 1.28105 so far!
*** The Best MODEL saved to "./__saved_models__/Tools_and_Home_Improvement - ANR/Tools_and_Home_Improvement_ANR_1234.pth"

[Epoch 2/10] Training Loss: 1.45615	Elapsed Time: 481.37s (0:08:01)
[Epoch 2] [Dev]  MSE: 1.22925, MAE: 0.85628
[Epoch 2] [Test] MSE: 1.21726, MAE: 0.85537

*** MODEL has obtained the best DEV MSE of 1.22925 so far!
*** The Best MODEL saved to "./__saved_models__/Tools_and_Home_Improvement - ANR/Tools_and_Home_Improvement_ANR_1234.pth"

[Epoch 3/10] Training Loss: 1.31174	Elapsed Time: 726.24s (0:12:06)
[Epoch 3] [Dev]  MSE: 1.21253, MAE: 0.82795
[Epoch 3] [Test] MSE: 1.20100, MAE: 0.82761

*** MODEL has obtained the best DEV MSE of 1.21253 so far!
*** The Best MODEL saved to "./__saved_models__/Tools_and_Home_Improvement - ANR/Tools_and_Home_Improvement_ANR_1234.pth"

[Epoch 4/10] Training Loss: 1.22252	Elapsed Time: 971.23s (0:16:11)
[Epoch 4] [Dev]  MSE: 1.21330, MAE: 0.82208
[Epoch 4] [Test] MSE: 1.20139, MAE: 0.82172

[Epoch 5/10] Training Loss: 1.16342	Elapsed Time: 1,216.12s (0:20:16)
[Epoch 5] [Dev]  MSE: 1.21890, MAE: 0.81951
[Epoch 5] [Test] MSE: 1.20589, MAE: 0.81875

[Epoch 6/10] Training Loss: 1.12230	Elapsed Time: 1,461.01s (0:24:21)
[Epoch 6] [Dev]  MSE: 1.22522, MAE: 0.82354
[Epoch 6] [Test] MSE: 1.21207, MAE: 0.82278

[Epoch 7/10] Training Loss: 1.09333	Elapsed Time: 1,705.92s (0:28:25)
[Epoch 7] [Dev]  MSE: 1.22985, MAE: 0.82303
[Epoch 7] [Test] MSE: 1.21914, MAE: 0.82379

[Epoch 8/10] Training Loss: 1.07168	Elapsed Time: 1,950.89s (0:32:30)
[Epoch 8] [Dev]  MSE: 1.23455, MAE: 0.82458
[Epoch 8] [Test] MSE: 1.22432, MAE: 0.82557

[Epoch 9/10] Training Loss: 1.05884	Elapsed Time: 2,195.70s (0:36:35)
[Epoch 9] [Dev]  MSE: 1.23858, MAE: 0.82077
[Epoch 9] [Test] MSE: 1.22755, MAE: 0.82113

[Epoch 10/10] Training Loss: 1.04309	Elapsed Time: 2,440.60s (0:40:40)
[Epoch 10] [Dev]  MSE: 1.24403, MAE: 0.82658
[Epoch 10] [Test] MSE: 1.23273, MAE: 0.82681
*** The Last MODEL saved to "./__saved_models__/Tools_and_Home_Improvement - ANR/Tools_and_Home_Improvement_ANR_1234_10.pth"

[Training Loss]
[3.7324, 1.45615, 1.31174, 1.22252, 1.16342, 1.1223, 1.09333, 1.07168, 1.05884, 1.04309]

[Dev MSE]
[1.28105, 1.22925, 1.21253, 1.2133, 1.2189, 1.22522, 1.22985, 1.23455, 1.23858, 1.24403]
[Test MSE]
[1.26957, 1.21726, 1.201, 1.20139, 1.20589, 1.21207, 1.21914, 1.22432, 1.22755, 1.23273]
[Test MAE]
[0.88195, 0.85537, 0.82761, 0.82172, 0.81875, 0.82278, 0.82379, 0.82557, 0.82113, 0.82681]


Best Dev MSE: 1.21253 (Obtained during Evaluation #3)
Test MSE: 1.20100, Test MAE: 0.82761

End of Program! Elapsed Time: 2,488.06s (0:41:28)
