========================================================================================================================
  ARL_lr: 0.01
  ARL_path: 
  batch_size: 128
  channels_global: 100
  channels_local: 200
  command: -d Clothing_Shoes_and_Jewelry -m DeepCoNN -e 10 -dr 0.5 -p 1 -v 50000 -K 5 -h1 10 -h2 50 -filters_num 100 -output_size 50 -rs 1234 -gpu 0 -vb 1 -sm Clothing_Shoes_and_Jewelry_DeepCoNN
  ctx_win_size: 3
  dataset: Clothing_Shoes_and_Jewelry
  disable_initial_eval: 0
  dropout_rate: 0.5
  epochs: 10
  filters_num: 100
  gpu: 0
  h1: 10
  h2: 50
  hidden_size: 500
  input_dir: ./datasets/Clothing_Shoes_and_Jewelry/
  L2_reg: 1e-06
  learning_rate: 0.002
  loss_function: MSELoss
  max_doc_len: 500
  max_vis_len: 500
  model: DeepCoNN
  num_aspects: 5
  optimizer: Adam
  out_dir: ./experimental_results/Clothing_Shoes_and_Jewelry - DeepCoNN/
  output_size: 50
  pretrained_src: 1
  random_seed: 1234
  save_model: Clothing_Shoes_and_Jewelry_DeepCoNN
  use_cuda: True
  verbose: 1
  vocab_size: 50000
  word_embed_dim: 300
========================================================================================================================

[INFO] # of Users: 669,835, # of Items: 335,585

Creating model (Selected Model: DeepCoNN)..
[args.use_cuda: True] Model is on the GPU! (args.gpu: 0, torch.cuda.current_device(): 0)
Model created! Elapsed Time: 5.32s (0.09 minute)

Loading uid_userDoc from "./datasets/Clothing_Shoes_and_Jewelry/Clothing_Shoes_and_Jewelry_uid_userDoc.npy"..
uid_userDoc loaded! [uid_userDoc: (669835, 500)]

Loading iid_itemDoc from "./datasets/Clothing_Shoes_and_Jewelry/Clothing_Shoes_and_Jewelry_iid_itemDoc.npy"..
iid_itemDoc loaded! [iid_itemDoc: (335585, 500)]

Loading pretrained word embeddings from "./datasets/Clothing_Shoes_and_Jewelry/Clothing_Shoes_and_Jewelry_wid_wordEmbed.npy"..
Pretrained word embeddings loaded! [wid_wEmbed: (50002, 300)]

Initialization Complete.. Elapsed Time: 41.61s (0.69 minute)

Train/Dev/Test splits loaded! |TRAIN|: 800,000, |DEV|: 17,754, |TEST|: 17,846
Train/Dev/Test splits loaded! Elapsed Time: 41.89s (0.70 minute)

Performing initial evaluation for VALIDATION set..
[Initial] [Dev]  MSE: 15.31203, MAE: 3.74304

Performing initial evaluation for TESTING set..
[Initial] [Test] MSE: 15.38322, MAE: 3.75422

Initial Evaluation Complete.. Elapsed Time: 44.97s (0.75 minute)

Optimizer: Adam, Loss Function: MSELoss

Model Size: 518,906,321
# of Trainable Parameters: 1,195,721
DeepCoNN (
  (uid_userDoc): Embedding(669835, 500), weights = ((669835, 500),), parameters = 334,917,500
  (iid_itemDoc): Embedding(335585, 500), weights = ((335585, 500),), parameters = 167,792,500
  (wid_wEmbed): Embedding(50002, 300), weights = ((50002, 300),), parameters = 15,000,600
  (user_CNN): Conv2d(1, 100, kernel_size=(3, 300), stride=(1, 1)), weights = ((100, 1, 3, 300), (100,)), parameters = 90,100 (Trainable)
  (item_CNN): Conv2d(1, 100, kernel_size=(3, 300), stride=(1, 1)), weights = ((100, 1, 3, 300), (100,)), parameters = 90,100 (Trainable)
  (user_fcLayer): Linear(in_features=100, out_features=50, bias=True), weights = ((50, 100), (50,)), parameters = 5,050 (Trainable)
  (item_fcLayer): Linear(in_features=100, out_features=50, bias=True), weights = ((50, 100), (50,)), parameters = 5,050 (Trainable)
  (userDropout): Dropout(p=0.5, inplace=False), weights = (), parameters = 0
  (itemDropout): Dropout(p=0.5, inplace=False), weights = (), parameters = 0
  (DeepCoNN_RatingPred): DeepCoNN_RatingPred(
    (uid_userOffset): Embedding(669835, 1)
    (iid_itemOffset): Embedding(335585, 1)
    (globalOffset): Parameter(1,)
  ), weights = ((1,), (669835, 1), (335585, 1)), parameters = 1,005,421 (Trainable)
)
========================================================================================================================

[Epoch 1/10] Training Loss: 1.06306	Elapsed Time: 123.93s (0:02:03)
[Epoch 1] [Dev]  MSE: 1.62297, MAE: 0.91371
[Epoch 1] [Test] MSE: 1.62397, MAE: 0.91351

*** MODEL has obtained the best DEV MSE of 1.62297 so far!
*** The Best MODEL saved to "./__saved_models__/Clothing_Shoes_and_Jewelry - DeepCoNN/Clothing_Shoes_and_Jewelry_DeepCoNN_1234.pth"

[Epoch 2/10] Training Loss: 0.66621	Elapsed Time: 250.88s (0:04:10)
[Epoch 2] [Dev]  MSE: 1.54407, MAE: 0.91051
[Epoch 2] [Test] MSE: 1.54947, MAE: 0.91438

*** MODEL has obtained the best DEV MSE of 1.54407 so far!
*** The Best MODEL saved to "./__saved_models__/Clothing_Shoes_and_Jewelry - DeepCoNN/Clothing_Shoes_and_Jewelry_DeepCoNN_1234.pth"

[Epoch 3/10] Training Loss: 0.57205	Elapsed Time: 377.88s (0:06:17)
[Epoch 3] [Dev]  MSE: 1.56118, MAE: 0.92166
[Epoch 3] [Test] MSE: 1.58076, MAE: 0.92862

[Epoch 4/10] Training Loss: 0.50207	Elapsed Time: 504.87s (0:08:24)
[Epoch 4] [Dev]  MSE: 1.59322, MAE: 0.91323
[Epoch 4] [Test] MSE: 1.61083, MAE: 0.92082

[Epoch 5/10] Training Loss: 0.44384	Elapsed Time: 631.86s (0:10:31)
[Epoch 5] [Dev]  MSE: 1.64479, MAE: 0.93612
[Epoch 5] [Test] MSE: 1.66302, MAE: 0.94215

[Epoch 6/10] Training Loss: 0.39817	Elapsed Time: 758.83s (0:12:38)
[Epoch 6] [Dev]  MSE: 1.58292, MAE: 0.91474
[Epoch 6] [Test] MSE: 1.60244, MAE: 0.92073

[Epoch 7/10] Training Loss: 0.35820	Elapsed Time: 885.85s (0:14:45)
[Epoch 7] [Dev]  MSE: 1.64704, MAE: 0.93982
[Epoch 7] [Test] MSE: 1.66623, MAE: 0.94726

[Epoch 8/10] Training Loss: 0.32536	Elapsed Time: 1,012.84s (0:16:52)
[Epoch 8] [Dev]  MSE: 1.61748, MAE: 0.91571
[Epoch 8] [Test] MSE: 1.63630, MAE: 0.92342

[Epoch 9/10] Training Loss: 0.29726	Elapsed Time: 1,139.85s (0:18:59)
[Epoch 9] [Dev]  MSE: 1.54792, MAE: 0.89321
[Epoch 9] [Test] MSE: 1.56300, MAE: 0.89911

[Epoch 10/10] Training Loss: 0.27227	Elapsed Time: 1,266.82s (0:21:06)
[Epoch 10] [Dev]  MSE: 1.61929, MAE: 0.91474
[Epoch 10] [Test] MSE: 1.63463, MAE: 0.92176
*** The Last MODEL saved to "./__saved_models__/Clothing_Shoes_and_Jewelry - DeepCoNN/Clothing_Shoes_and_Jewelry_DeepCoNN_1234_10.pth"

[Training Loss]
[1.06306, 0.66621, 0.57205, 0.50207, 0.44384, 0.39817, 0.3582, 0.32536, 0.29726, 0.27227]

[Dev MSE]
[1.62297, 1.54407, 1.56118, 1.59322, 1.64479, 1.58292, 1.64704, 1.61748, 1.54792, 1.61929]
[Test MSE]
[1.62397, 1.54947, 1.58076, 1.61083, 1.66302, 1.60244, 1.66623, 1.6363, 1.563, 1.63463]
[Test MAE]
[0.91351, 0.91438, 0.92862, 0.92082, 0.94215, 0.92073, 0.94726, 0.92342, 0.89911, 0.92176]


Best Dev MSE: 1.54407 (Obtained during Evaluation #2)
Test MSE: 1.54947, Test MAE: 0.91438

End of Program! Elapsed Time: 1,314.67s (0:21:54)
