========================================================================================================================
  ARL_lr: 0.01
  ARL_path: 
  batch_size: 128
  channels_global: 100
  channels_local: 200
  command: -d Electronics -m ANRS -e 10 -dr 0.9 -WED 300 -K 5 -h1 50 -h2 50 -p 1 -v 50000 -rs 1337 -gpu 0 -vb 1 -sm Electronics_ANRS
  ctx_win_size: 3
  dataset: Electronics
  disable_initial_eval: 0
  dropout_rate: 0.9
  epochs: 10
  filters_num: 100
  gpu: 0
  h1: 50
  h2: 50
  hidden_size: 500
  input_dir: ./datasets/Electronics/
  L2_reg: 1e-06
  learning_rate: 0.002
  loss_function: MSELoss
  max_doc_len: 500
  max_vis_len: 500
  model: ANRS
  num_aspects: 5
  optimizer: Adam
  out_dir: ./experimental_results/Electronics - ANRS/
  output_size: 50
  pretrained_src: 1
  random_seed: 1337
  save_model: Electronics_ANRS
  use_cuda: True
  verbose: 1
  vocab_size: 50000
  word_embed_dim: 300
========================================================================================================================

[INFO] # of Users: 685,969, # of Items: 168,412

Creating model (Selected Model: ANRS)..
[args.use_cuda: True] Model is on the GPU! (args.gpu: 0, torch.cuda.current_device(): 0)
Model created! Elapsed Time: 4.67s (0.08 minute)

Loading uid_userDoc from "./datasets/Electronics/Electronics_uid_userDoc.npy"..
uid_userDoc loaded! [uid_userDoc: (685969, 500)]

Loading iid_itemDoc from "./datasets/Electronics/Electronics_iid_itemDoc.npy"..
iid_itemDoc loaded! [iid_itemDoc: (168412, 500)]

Loading pretrained word embeddings from "./datasets/Electronics/Electronics_wed300_wid_wordEmbed.npy"..
Pretrained word embeddings loaded! [wid_wEmbed: (50002, 300)]

Initialization Complete.. Elapsed Time: 39.91s (0.67 minute)

Train/Dev/Test splits loaded! |TRAIN|: 800,000, |DEV|: 20,925, |TEST|: 20,954
Train/Dev/Test splits loaded! Elapsed Time: 40.16s (0.67 minute)

Performing initial evaluation for VALIDATION set..
[Initial] [Dev]  MSE: 18.97098, MAE: 4.18043

Performing initial evaluation for TESTING set..
[Initial] [Test] MSE: 18.80657, MAE: 4.15490

Initial Evaluation Complete.. Elapsed Time: 45.29s (0.75 minute)

Parameters with L2 Regularization (Regularization Strength: 1e-06):
ANRS_RatingPred.uid_userOffset.weight, ANRS_RatingPred.iid_itemOffset.weight

Optimizer: Adam, Loss Function: MSELoss

Model Size: 443,121,232
# of Trainable Parameters: 930,132
ANR (
  (uid_userDoc): Embedding(685969, 500), weights = ((685969, 500),), parameters = 342,984,500
  (iid_itemDoc): Embedding(168412, 500), weights = ((168412, 500),), parameters = 84,206,000
  (wid_wEmbed): Embedding(50002, 300), weights = ((50002, 300),), parameters = 15,000,600
  (shared_ANR_ARL): ANR_ARL(
    (aspEmbed): Embedding(5, 150)
    (aspProj): Parameter(5, 300, 50)
  ), weights = ((5, 300, 50), (5, 150)), parameters = 75,750 (Trainable)
  (ANRS_RatingPred): ANRS_RatingPred(
    (userAspRepDropout): Dropout(p=0.9, inplace=False)
    (itemAspRepDropout): Dropout(p=0.9, inplace=False)
    (uid_userOffset): Embedding(685969, 1)
    (iid_itemOffset): Embedding(168412, 1)
    (globalOffset): Parameter(1,)
  ), weights = ((1,), (685969, 1), (168412, 1)), parameters = 854,382 (Trainable)
)
========================================================================================================================

[Epoch 1/10] Training Loss: 2.74720	Elapsed Time: 230.54s (0:03:50)
[Epoch 1] [Dev]  MSE: 1.42475, MAE: 0.96203
[Epoch 1] [Test] MSE: 1.45676, MAE: 0.96949

*** MODEL has obtained the best DEV MSE of 1.42475 so far!
*** The Best MODEL saved to "./__saved_models__/Electronics - ANRS/Electronics_ANRS_1337.pth"

[Epoch 2/10] Training Loss: 1.63649	Elapsed Time: 466.18s (0:07:46)
[Epoch 2] [Dev]  MSE: 1.37622, MAE: 0.92335
[Epoch 2] [Test] MSE: 1.41412, MAE: 0.93256

*** MODEL has obtained the best DEV MSE of 1.37622 so far!
*** The Best MODEL saved to "./__saved_models__/Electronics - ANRS/Electronics_ANRS_1337.pth"

[Epoch 3/10] Training Loss: 1.50328	Elapsed Time: 701.77s (0:11:41)
[Epoch 3] [Dev]  MSE: 1.36887, MAE: 0.91770
[Epoch 3] [Test] MSE: 1.40567, MAE: 0.92533

*** MODEL has obtained the best DEV MSE of 1.36887 so far!
*** The Best MODEL saved to "./__saved_models__/Electronics - ANRS/Electronics_ANRS_1337.pth"

[Epoch 4/10] Training Loss: 1.39778	Elapsed Time: 937.41s (0:15:37)
[Epoch 4] [Dev]  MSE: 1.37348, MAE: 0.91736
[Epoch 4] [Test] MSE: 1.40927, MAE: 0.92483

[Epoch 5/10] Training Loss: 1.81584	Elapsed Time: 1,173.00s (0:19:33)
[Epoch 5] [Dev]  MSE: 1.37503, MAE: 0.90941
[Epoch 5] [Test] MSE: 1.41413, MAE: 0.91785

[Epoch 6/10] Training Loss: 1.27781	Elapsed Time: 1,408.60s (0:23:28)
[Epoch 6] [Dev]  MSE: 1.38492, MAE: 0.90931
[Epoch 6] [Test] MSE: 1.42272, MAE: 0.91781

[Epoch 7/10] Training Loss: 1.25796	Elapsed Time: 1,644.23s (0:27:24)
[Epoch 7] [Dev]  MSE: 1.39199, MAE: 0.91080
[Epoch 7] [Test] MSE: 1.43046, MAE: 0.91941

[Epoch 8/10] Training Loss: 1.30616	Elapsed Time: 1,879.91s (0:31:19)
[Epoch 8] [Dev]  MSE: 1.39896, MAE: 0.90897
[Epoch 8] [Test] MSE: 1.43758, MAE: 0.91783

[Epoch 9/10] Training Loss: 1.19858	Elapsed Time: 2,115.55s (0:35:15)
[Epoch 9] [Dev]  MSE: 1.40255, MAE: 0.90673
[Epoch 9] [Test] MSE: 1.44157, MAE: 0.91543

[Epoch 10/10] Training Loss: 1.18667	Elapsed Time: 2,351.18s (0:39:11)
[Epoch 10] [Dev]  MSE: 1.40485, MAE: 0.90305
[Epoch 10] [Test] MSE: 1.44469, MAE: 0.91227
*** The Last MODEL saved to "./__saved_models__/Electronics - ANRS/Electronics_ANRS_1337_10.pth"

[Training Loss]
[2.7472, 1.63649, 1.50328, 1.39778, 1.81584, 1.27781, 1.25796, 1.30616, 1.19858, 1.18667]

[Dev MSE]
[1.42475, 1.37622, 1.36887, 1.37348, 1.37503, 1.38492, 1.39199, 1.39896, 1.40255, 1.40485]
[Test MSE]
[1.45676, 1.41412, 1.40567, 1.40927, 1.41413, 1.42272, 1.43046, 1.43758, 1.44157, 1.44469]
[Test MAE]
[0.96949, 0.93256, 0.92533, 0.92483, 0.91785, 0.91781, 0.91941, 0.91783, 0.91543, 0.91227]


Best Dev MSE: 1.36887 (Obtained during Evaluation #3)
Test MSE: 1.40567, Test MAE: 0.92533

End of Program! Elapsed Time: 2,401.54s (0:40:01)
