# ANRS
# -d Small_Clothing -m ANRS -e 50 -p 1 -v 43947 -rs 1337 -gpu 0 -vb 1 -sm Small_Clothing_ANRS
[Training Loss]
[3.21216, 2.00981, 1.72175, 1.3947, 1.1071, 1.00862, 0.98043, 0.96459, 0.95881, 0.95281, 0.94505, 0.9431, 0.93617, 0.93635, 0.92682, 0.92976, 0.92378, 0.91825, 0.92356, 0.9179, 0.91084, 0.91282, 0.91212, 0.90691, 0.90601, 0.90694, 0.87931, 0.80653, 0.80092, 0.79082, 0.79292, 0.78361, 0.78819, 0.78917, 0.78186, 0.78549, 0.77877, 0.77925, 0.77409, 0.77634, 0.77483, 0.7719, 0.77333, 0.7735, 0.77095, 0.76775, 0.77096, 0.76989, 0.76449, 0.77182]
[Dev MSE]
[1.27385, 1.16323, 1.20003, 1.25115, 1.1102, 1.09819, 1.08714, 1.10673, 1.11246, 1.10303, 1.09518, 1.12617, 1.11695, 1.1451, 1.09128, 1.09215, 1.12853, 1.12512, 1.11295, 1.11538, 1.11226, 1.12599, 1.12599, 1.13043, 1.09865, 1.11654, 1.17316, 1.15454, 1.15962, 1.18815, 1.155, 1.19329, 1.16553, 1.1924, 1.18351, 1.18573, 1.19074, 1.1971, 1.20701, 1.18762, 1.20897, 1.24238, 1.18704, 1.23058, 1.223, 1.18595, 1.18305, 1.24294, 1.23975, 1.20968]
[Test MSE]
[1.39594, 1.25504, 1.27931, 1.39484, 1.22659, 1.18515, 1.16441, 1.17016, 1.13534, 1.15681, 1.16836, 1.19831, 1.2015, 1.22856, 1.18991, 1.18383, 1.22518, 1.21105, 1.20199, 1.21585, 1.21718, 1.22993, 1.20032, 1.23673, 1.18289, 1.20959, 1.29256, 1.29271, 1.27934, 1.33113, 1.31488, 1.32599, 1.2854, 1.30687, 1.26698, 1.25738, 1.27994, 1.27384, 1.29349, 1.29981, 1.32097, 1.3589, 1.25127, 1.31389, 1.29515, 1.25405, 1.24707, 1.32242, 1.32909, 1.30201]
[Test MAE]
[1.0121, 0.92764, 0.94524, 0.99344, 0.90362, 0.87627, 0.87605, 0.83764, 0.82951, 0.84492, 0.84723, 0.85855, 0.89386, 0.9236, 0.87595, 0.85334, 0.88491, 0.89336, 0.87604, 0.87277, 0.86183, 0.89047, 0.87567, 0.8951, 0.87403, 0.89536, 0.89108, 0.88685, 0.89948, 0.91779, 0.87606, 0.93599, 0.90118, 0.90038, 0.86932, 0.85718, 0.86888, 0.85702, 0.90673, 0.90395, 0.90643, 0.91009, 0.85898, 0.8957, 0.86848, 0.87939, 0.89206, 0.88714, 0.88106, 0.91592]
Best Dev MSE: 1.08714 (Obtained during Evaluation #7)
Test MSE: 1.16441, Test MAE: 0.87605



# ANR with ANRS
# -d "Small_Clothing" -m "ANR" -e 50 -p 1 -v 43947 -rs 1234 -gpu 0 -vb 1 -sm "Small_Clothing" -ARL_path "Small_Clothing_ANRS_1337"
[Training Loss]
[2.60963, 1.45109, 1.01892, 0.81657, 0.70171, 0.62913, 0.56924, 0.51452, 0.46334, 0.42407, 0.38345, 0.34644, 0.31339, 0.28332, 0.25909, 0.23624, 0.2132, 0.19631, 0.1775, 0.16151, 0.14866, 0.13495, 0.12366, 0.11187, 0.10294, 0.0946, 0.0862, 0.07861, 0.07256, 0.06698, 0.06166, 0.05631, 0.05163, 0.04762, 0.04361, 0.04067, 0.03737, 0.03443, 0.03217, 0.02941, 0.02738, 0.02533, 0.02357, 0.02208, 0.02029, 0.01929, 0.01785, 0.01671, 0.01619, 0.01494]
[Dev MSE]
[1.45622, 1.3885, 1.34713, 1.2823, 1.27042, 1.25139, 1.28618, 1.23694, 1.29236, 1.29198, 1.27455, 1.29765, 1.29824, 1.33574, 1.34293, 1.35166, 1.30046, 1.32843, 1.33494, 1.32172, 1.34284, 1.38232, 1.36664, 1.38837, 1.37503, 1.3773, 1.3989, 1.40063, 1.40973, 1.40054, 1.42419, 1.45227, 1.41065, 1.42385, 1.45494, 1.43796, 1.43089, 1.44765, 1.41969, 1.45466, 1.43677, 1.44184, 1.44575, 1.45711, 1.44848, 1.4332, 1.44633, 1.46085, 1.46804, 1.45944]
[Test MSE]
[1.55016, 1.56364, 1.51483, 1.41593, 1.40978, 1.3845, 1.42733, 1.3828, 1.43965, 1.41827, 1.43459, 1.46844, 1.46895, 1.50522, 1.5437, 1.58593, 1.54687, 1.55859, 1.58397, 1.59228, 1.6058, 1.65126, 1.62883, 1.65185, 1.63922, 1.661, 1.68599, 1.66524, 1.66921, 1.66249, 1.65435, 1.67443, 1.65826, 1.68546, 1.67905, 1.6977, 1.68049, 1.70439, 1.691, 1.70396, 1.69506, 1.66984, 1.6829, 1.70016, 1.70029, 1.70395, 1.69315, 1.69769, 1.71557, 1.70848]
[Test MAE]
[1.00757, 0.99293, 0.91872, 0.87927, 0.86715, 0.88058, 0.86639, 0.87336, 0.87855, 0.86951, 0.88518, 0.88795, 0.8963, 0.88958, 0.90142, 0.91925, 0.92254, 0.91802, 0.92791, 0.9279, 0.92676, 0.94233, 0.93413, 0.93969, 0.94112, 0.9473, 0.95757, 0.94633, 0.95006, 0.94674, 0.94483, 0.94954, 0.94987, 0.96338, 0.95733, 0.97113, 0.96558, 0.96545, 0.96783, 0.9664, 0.9645, 0.9556, 0.9618, 0.96554, 0.97104, 0.96747, 0.96744, 0.96702, 0.97411, 0.96858]
Best Dev MSE: 1.23694 (Obtained during Evaluation #8)
Test MSE: 1.38280, Test MAE: 0.87336



# ANR
# -d "Small_Clothing" -m "ANR" -e 50 -p 1 -v 43947 -rs 1234 -gpu 0 -vb 1 -sm "Small_Clothing"
[Training Loss]
[3.35408, 1.71708, 1.32336, 1.05432, 0.83197, 0.67985, 0.58468, 0.5209, 0.46745, 0.4196, 0.38092, 0.34454, 0.3136, 0.28334, 0.2585, 0.23716, 0.21385, 0.19798, 0.18043, 0.16386, 0.15122, 0.13831, 0.12678, 0.1157, 0.10894, 0.09833, 0.08954, 0.0817, 0.07571, 0.0704, 0.06442, 0.05904, 0.054, 0.04985, 0.04559, 0.04236, 0.03913, 0.03588, 0.0335, 0.03065, 0.02851, 0.02624, 0.02449, 0.02292, 0.0211, 0.01994, 0.01861, 0.01736, 0.01649, 0.01544]
[Dev MSE]
[1.21017, 1.35262, 1.27839, 1.28431, 1.28894, 1.29716, 1.22904, 1.21589, 1.23545, 1.23347, 1.24225, 1.26059, 1.30457, 1.34193, 1.29381, 1.30521, 1.3158, 1.31566, 1.3009, 1.30065, 1.33259, 1.35539, 1.33363, 1.33371, 1.33704, 1.36156, 1.39022, 1.37665, 1.38017, 1.34044, 1.38584, 1.39573, 1.3779, 1.3991, 1.40294, 1.42104, 1.40266, 1.392, 1.39206, 1.41838, 1.4183, 1.42352, 1.40631, 1.4023, 1.41562, 1.40332, 1.4184, 1.41021, 1.43299, 1.42735]
[Test MSE]
[1.31379, 1.5955, 1.53974, 1.49499, 1.45823, 1.4573, 1.38235, 1.36753, 1.3886, 1.3822, 1.40987, 1.41893, 1.45333, 1.48762, 1.47243, 1.49678, 1.49026, 1.49664, 1.49856, 1.52878, 1.53925, 1.55635, 1.56983, 1.543, 1.56148, 1.58858, 1.62693, 1.5975, 1.59183, 1.6031, 1.62103, 1.61436, 1.62204, 1.6438, 1.62002, 1.65209, 1.65349, 1.65011, 1.66296, 1.68599, 1.68119, 1.67663, 1.66219, 1.68193, 1.6843, 1.69285, 1.68488, 1.68272, 1.71715, 1.69684]
[Test MAE]
[0.93642, 1.0009, 0.90182, 0.92247, 0.89263, 0.90188, 0.86428, 0.88166, 0.86358, 0.87395, 0.88818, 0.86023, 0.88158, 0.87894, 0.8784, 0.89677, 0.90371, 0.89812, 0.90797, 0.9064, 0.90909, 0.91456, 0.91503, 0.91048, 0.91471, 0.92307, 0.93021, 0.93155, 0.92923, 0.93274, 0.93832, 0.92908, 0.93605, 0.94202, 0.93965, 0.94846, 0.94353, 0.94311, 0.94827, 0.95111, 0.95354, 0.95246, 0.9534, 0.95896, 0.95594, 0.95559, 0.95162, 0.95492, 0.96952, 0.95785]
Best Dev MSE: 1.21017 (Obtained during Evaluation #1)
Test MSE: 1.31379, Test MAE: 0.93642

# -d "Small_Clothing" -m "ANR" -e 50 -dr 0.9 -p 1 -v 43947 -rs 1234 -gpu 0 -vb 1 -sm "Small_Clothing"
[Training Loss]
[10.74839, 5.7431, 3.12857, 1.83641, 1.30707, 1.09839, 0.98304, 0.88409, 0.79771, 0.71217, 0.63315, 0.56213]
[Dev MSE]
[4.99764, 2.89045, 1.74222, 1.202, 1.05225, 1.01845, 1.01366, 1.01532, 1.01915, 1.02603, 1.03865, 1.04964]
[Test MSE]
[5.40801, 3.16685, 1.91222, 1.29645, 1.09788, 1.04391, 1.04057, 1.04891, 1.05922, 1.07696, 1.09948, 1.12402]
[Test MAE]
[2.18323, 1.6428, 1.26624, 0.99421, 0.87385, 0.83497, 0.82546, 0.82423, 0.82085, 0.82334, 0.82856, 0.8295]
Best Dev MSE: 1.01366 (Obtained during Evaluation #7)
Test MSE: 1.04057, Test MAE: 0.82546



# ANR with ANRS using ANR_RatingPred_fc
# -d "Small_Clothing" -m "ANR" -e 30 -p 1 -v 43947 -rs 1234 -gpu 0 -vb 1 -sm "Small_Clothing" -ARL_path "Small_Clothing_ANRS_1337"
[Training Loss]
[3.31656, 1.39089, 0.9872, 0.74135, 0.61738, 0.5521, 0.49398, 0.44024, 0.37674, 0.34145, 0.30735, 0.27807, 0.25665, 0.23223, 0.21275, 0.19677, 0.18105, 0.16809, 0.15525, 0.14263, 0.13453, 0.12389, 0.11669, 0.10893, 0.10215, 0.0957, 0.08983, 0.08404, 0.07971, 0.07549]
[Dev MSE]
[1.31035, 1.3897, 1.32611, 1.2981, 1.25753, 1.27546, 1.25122, 1.30876, 1.27782, 1.36625, 1.34527, 1.34835, 1.32436, 1.35501, 1.354, 1.34229, 1.3772, 1.45789, 1.39986, 1.46021, 1.42159, 1.42118, 1.4542, 1.42904, 1.44715, 1.43115, 1.42502, 1.44105, 1.44753, 1.46966]
[Test MSE]
[1.55936, 1.66713, 1.51649, 1.44888, 1.39697, 1.43744, 1.40137, 1.48583, 1.46815, 1.52388, 1.53338, 1.54436, 1.53729, 1.56417, 1.57197, 1.55149, 1.60337, 1.69581, 1.61163, 1.67296, 1.64782, 1.61663, 1.68884, 1.67806, 1.6884, 1.68075, 1.67101, 1.68173, 1.68249, 1.67656]
[Test MAE]
[0.99987, 0.97207, 0.92396, 0.91152, 0.88545, 0.91157, 0.88002, 0.89417, 0.8916, 0.88833, 0.89594, 0.90233, 0.89763, 0.89599, 0.91047, 0.89923, 0.90222, 0.92781, 0.90227, 0.917, 0.91137, 0.90609, 0.93447, 0.93138, 0.93302, 0.93864, 0.93507, 0.93857, 0.93929, 0.93444]
Best Dev MSE: 1.25122 (Obtained during Evaluation #7)
Test MSE: 1.40137, Test MAE: 0.88002

# ANR using ANR_RatingPred_fc
# -d "Small_Clothing" -m "ANR" -e 50 -p 1 -v 43947 -rs 1234 -gpu 0 -vb 1 -sm "Small_Clothing"
[Training Loss]
[3.93391, 2.1958, 1.69665, 1.33444, 1.05072, 0.88116, 0.83319, 0.78614, 0.76879, 0.75625, 0.74683, 0.74379, 0.73661, 0.73472, 0.72848, 0.72194, 0.72147, 0.71097, 0.70472, 0.69838, 0.693, 0.6875, 0.68157, 0.67746, 0.67741, 0.67249, 0.67032, 0.6664, 0.66797, 0.66591, 0.66509, 0.66178, 0.65993, 0.65616, 0.65538, 0.65507, 0.65181, 0.65132, 0.65138, 0.64596, 0.6475, 0.64771, 0.64835, 0.64352, 0.64294, 0.64211, 0.64136, 0.63814, 0.64197, 0.63151]
[Dev MSE]
[1.37256, 1.39358, 1.40324, 1.32005, 1.3366, 1.31675, 1.35096, 1.27676, 1.31132, 1.29013, 1.27261, 1.29906, 1.33487, 1.27622, 1.32693, 1.3241, 1.34415, 1.29076, 1.32951, 1.35528, 1.37239, 1.30583, 1.36477, 1.3571, 1.33997, 1.30684, 1.31441, 1.31589, 1.3552, 1.32547, 1.36895, 1.25374, 1.35121, 1.35896, 1.30341, 1.31807, 1.31621, 1.2486, 1.30165, 1.36237, 1.37369, 1.38044, 1.35261, 1.31929, 1.34486, 1.30013, 1.34024, 1.36461, 1.39103, 1.34984]
[Test MSE]
[1.41108, 1.52874, 1.50612, 1.44867, 1.47648, 1.43838, 1.48572, 1.44361, 1.42053, 1.38091, 1.4013, 1.43145, 1.44127, 1.41302, 1.42097, 1.43405, 1.37281, 1.34273, 1.39452, 1.48265, 1.44936, 1.41704, 1.44204, 1.51965, 1.43825, 1.41885, 1.46325, 1.43704, 1.47581, 1.45232, 1.50406, 1.41798, 1.4866, 1.55838, 1.45649, 1.45657, 1.44248, 1.38893, 1.45346, 1.46279, 1.56328, 1.5633, 1.50452, 1.50388, 1.44868, 1.47178, 1.51094, 1.54622, 1.52404, 1.53889]
[Test MAE]
[0.97876, 1.00363, 0.96031, 0.90918, 0.90965, 0.88448, 0.89961, 0.93003, 0.88981, 0.89486, 0.87359, 0.89032, 0.86751, 0.8886, 0.86732, 0.87138, 0.84668, 0.84414, 0.87656, 0.89623, 0.8397, 0.87956, 0.86876, 0.92543, 0.86505, 0.88504, 0.90951, 0.867, 0.89887, 0.86109, 0.90103, 0.8981, 0.89534, 0.8805, 0.91361, 0.90211, 0.88789, 0.89969, 0.88172, 0.87458, 0.94504, 0.92677, 0.89536, 0.90477, 0.88329, 0.89372, 0.89817, 0.90573, 0.90876, 0.92162]
Best Dev MSE: 1.24860 (Obtained during Evaluation #38)
Test MSE: 1.38893, Test MAE: 0.89969

# ANRS using D_u^T * D_i + user & item & global bias
# -d Small_Clothing -m ANRS -e 20 -p 1 -v 43947 -rs 1337 -gpu 0 -vb 1 -sm Small_Clothing_ANRS
[Training Loss]
[4.7175, 2.46066, 1.81316, 1.42408, 1.13504, 0.92662, 0.79986, 0.70366, 0.627, 0.55775, 0.4978, 0.44191, 0.39603, 0.35298, 0.31657, 0.28127, 0.25291, 0.22653, 0.20325, 0.18292]
[Dev MSE]
[1.29473, 1.27743, 1.17611, 1.15014, 1.0477, 1.09476, 1.07437, 1.05704, 1.1029, 1.10061, 1.11987, 1.12877, 1.15524, 1.17729, 1.19076, 1.20833, 1.21522, 1.2278, 1.25218, 1.27396]
[Test MSE]
[1.5661, 1.54992, 1.37712, 1.30346, 1.23151, 1.265, 1.23425, 1.24289, 1.30117, 1.31643, 1.34013, 1.37361, 1.39821, 1.43255, 1.45919, 1.48407, 1.50656, 1.52132, 1.54942, 1.5959]
[Test MAE]
[1.04025, 1.04715, 0.9656, 0.93865, 0.88998, 0.93288, 0.88993, 0.90182, 0.92827, 0.93098, 0.92721, 0.94401, 0.93481, 0.94746, 0.95523, 0.96104, 0.9629, 0.9493, 0.95379, 0.95766]
Best Dev MSE: 1.04770 (Obtained during Evaluation #5)
Test MSE: 1.23151, Test MAE: 0.88998

-d Small_Clothing -m ANRS -e 15 -p 1 -lr 2E-3 -bs 128 -dr 0.7 -v 43947 -rs 1337 -gpu 0 -vb 1 -sm Small_Clothing_ANRS
[Training Loss]
[6.64604, 3.29915, 2.21649, 1.58737, 1.19752, 0.98793, 0.87747, 0.79163, 0.71186, 0.63675, 0.57123, 0.51217, 0.45438, 0.40598, 0.3638]
[Dev MSE]
[1.92871, 1.40518, 1.26735, 1.17609, 1.05851, 1.04848, 1.02703, 1.02745, 1.05149, 1.0511, 1.0556, 1.09001, 1.09941, 1.11259, 1.13491]
[Test MSE]
[2.37682, 1.78894, 1.5314, 1.37178, 1.2013, 1.16864, 1.14099, 1.14962, 1.15272, 1.18243, 1.19639, 1.23752, 1.25558, 1.28032, 1.30993]
[Test MAE]
[1.29249, 1.13345, 1.05173, 0.99466, 0.90497, 0.90248, 0.8686, 0.86224, 0.8816, 0.87217, 0.87961, 0.87193, 0.87745, 0.88543, 0.89261]
Best Dev MSE: 1.02703 (Obtained during Evaluation #7)
Test MSE: 1.14099, Test MAE: 0.86860

-d Small_Clothing -m ANRS -e 15 -p 1 -lr 2E-3 -bs 128 -dr 0.9 -v 43947 -rs 1337 -gpu 0 -vb 1 -sm Small_Clothing_ANRS
[Training Loss]
[12.61482, 6.38357, 3.37354, 1.92352, 1.33108, 1.10673, 0.98933, 0.8931, 0.80125, 0.7171, 0.63855, 0.56625, 0.50143, 0.4406, 0.38848]
[Dev MSE]
[6.01321, 3.39632, 1.94835, 1.24331, 1.05444, 1.01065, 1.00685, 1.00558, 1.0088, 1.01472, 1.02898, 1.04155, 1.05517, 1.07435, 1.09384]
[Test MSE]
[6.73908, 3.82217, 2.19508, 1.36876, 1.11049, 1.04383, 1.03938, 1.04702, 1.05872, 1.07644, 1.10043, 1.12051, 1.14769, 1.17963, 1.203]
[Test MAE]
[2.41282, 1.80453, 1.35368, 1.03327, 0.88186, 0.83683, 0.82966, 0.82954, 0.82827, 0.82632, 0.83172, 0.83474, 0.8342, 0.84022, 0.84498]
Best Dev MSE: 1.00558 (Obtained during Evaluation #8)
Test MSE: 1.04702, Test MAE: 0.82954

-d Small_Clothing -m ANRS -e 15 -p 1 -lr 2E-3 -bs 128 -dr 1.0 -v 43947 -rs 1337 -gpu 0 -vb 1 -sm Small_Clothing_ANRS
[Training Loss]
[14.16088, 7.36303, 3.68298, 1.99557, 1.35619, 1.12902, 1.00983, 0.91042, 0.81705, 0.7291, 0.64724, 0.57202, 0.50364, 0.44202, 0.38683]
[Dev MSE]
[10.02242, 4.86682, 2.34858, 1.36231, 1.08267, 1.02662, 1.01808, 1.01568, 1.01898, 1.02387, 1.03301, 1.04765, 1.06195, 1.0833, 1.10286]
[Test MSE]
[10.52199, 5.18554, 2.53107, 1.45263, 1.11929, 1.04268, 1.033, 1.03754, 1.05003, 1.06542, 1.08439, 1.10806, 1.13391, 1.16509, 1.1953]
[Test MAE]
[3.09857, 2.14392, 1.46024, 1.08214, 0.89082, 0.83922, 0.82609, 0.82301, 0.82331, 0.82342, 0.82389, 0.82529, 0.82834, 0.83619, 0.84035]
Best Dev MSE: 1.01568 (Obtained during Evaluation #8)
Test MSE: 1.03754, Test MAE: 0.82301


# ANR with ANRS using D_u^T * D_i, ANR_AIE2 + user & item & global bias
# -d "Small_Clothing" -m "ANR" -e 30 -p 1 -v 43947 -rs 1234 -gpu 0 -vb 1 -sm "Small_Clothing" -ARL_path "Small_Clothing_ANRS_1337"
[Training Loss]
[8.7102, 3.42649, 2.47884, 1.89639, 1.50435, 1.16771, 0.89059, 0.77827, 0.69862, 0.6235, 0.56063, 0.50059, 0.44872, 0.40093, 0.35819, 0.32014, 0.28647, 0.25581, 0.22851, 0.2049, 0.18325, 0.1641, 0.14638, 0.13124, 0.11788, 0.10538, 0.0939, 0.08439, 0.07512, 0.06675]
[Dev MSE]
[3.34588, 1.58967, 1.26626, 1.12963, 1.06062, 1.03792, 1.03623, 1.0483, 1.05234, 1.05531, 1.07237, 1.0905, 1.0982, 1.11303, 1.12838, 1.14079, 1.14765, 1.16521, 1.17695, 1.18656, 1.2149, 1.22699, 1.23958, 1.25246, 1.26147, 1.27286, 1.29578, 1.30738, 1.32746, 1.33284]
[Test MSE]
[3.71003, 1.79201, 1.4072, 1.2367, 1.14295, 1.18113, 1.12711, 1.12889, 1.14133, 1.14597, 1.18401, 1.1825, 1.23235, 1.23337, 1.26684, 1.3071, 1.33402, 1.34139, 1.37351, 1.40075, 1.40636, 1.44401, 1.45804, 1.48154, 1.48953, 1.50564, 1.52291, 1.54076, 1.5373, 1.54463]
[Test MAE]
[1.77372, 1.18533, 1.02888, 0.94624, 0.89223, 0.87815, 0.83819, 0.82563, 0.84169, 0.84388, 0.85449, 0.84452, 0.85839, 0.8552, 0.85659, 0.88011, 0.88775, 0.88299, 0.89009, 0.90073, 0.89629, 0.90978, 0.91005, 0.91498, 0.91675, 0.9206, 0.92035, 0.92378, 0.92038, 0.92323]
Best Dev MSE: 1.03623 (Obtained during Evaluation #7)
Test MSE: 1.12711, Test MAE: 0.83819


# ANR with ANRS using D_u^T * D_i + user & item & global bias
# -d "Small_Clothing" -m "ANR" -e 20 -p 1 -v 43947 -rs 1234 -gpu 0 -vb 1 -sm "Small_Clothing" -ARL_path "Small_Clothing_ANRS_1337"
[Training Loss]
[8.7078, 3.42563, 2.47772, 1.89575, 1.50401, 1.16178, 0.90466, 0.78121, 0.69987, 0.62567, 0.56316, 0.50277, 0.4504, 0.40292, 0.35965, 0.32144, 0.28774, 0.25696, 0.22931, 0.20577]
[Dev MSE]
[3.35083, 1.58964, 1.2661, 1.12954, 1.06057, 1.03888, 1.02332, 1.03819, 1.03946, 1.04009, 1.05901, 1.08348, 1.08992, 1.10283, 1.12409, 1.13844, 1.14561, 1.16014, 1.17495, 1.17744]
[Test MSE]
[3.71532, 1.79199, 1.40704, 1.23662, 1.14293, 1.19376, 1.15686, 1.14946, 1.15939, 1.16074, 1.1977, 1.19716, 1.24159, 1.24615, 1.27911, 1.31285, 1.34185, 1.34982, 1.38489, 1.41447]
[Test MAE]
[1.77507, 1.18533, 1.02878, 0.94618, 0.8922, 0.87948, 0.85684, 0.83713, 0.84923, 0.85165, 0.85743, 0.84604, 0.8566, 0.86163, 0.85786, 0.87708, 0.88298, 0.87947, 0.88711, 0.90402]
Best Dev MSE: 1.02332 (Obtained during Evaluation #7)
Test MSE: 1.15686, Test MAE: 0.85684

# -d "Small_Clothing" -m "ANR" -e 20 -lr 1E-3 -bs 128 -p 1 -v 43947 -rs 1234 -gpu 0 -vb 1 -sm "Small_Clothing" -ARL_path "Small_Clothing_ANRS_1337"
[Training Loss]
[11.46644, 5.7152, 3.72934, 2.96642, 2.50545, 2.13522, 1.80188, 1.55076, 1.34432, 1.06444, 0.95005, 0.87627, 0.82355, 0.77791, 0.7334, 0.69169, 0.65494, 0.61831, 0.58271, 0.55283]
[Dev MSE]
[7.276, 3.36806, 1.99175, 1.54194, 1.33297, 1.20957, 1.12979, 1.07874, 1.09126, 1.07395, 1.06198, 1.04237, 1.04826, 1.05137, 1.05433, 1.05596, 1.05975, 1.06333, 1.06965, 1.0745]
[Test MSE]
[7.83823, 3.73117, 2.25099, 1.74626, 1.49856, 1.34569, 1.24703, 1.1746, 1.22131, 1.18156, 1.15997, 1.1394, 1.12706, 1.13615, 1.13534, 1.1605, 1.16697, 1.16625, 1.18042, 1.18782]
[Test MAE]
[2.64695, 1.77961, 1.35207, 1.1671, 1.06669, 0.9983, 0.94924, 0.90997, 0.92975, 0.8858, 0.87423, 0.8511, 0.84992, 0.86031, 0.84811, 0.86704, 0.86044, 0.85571, 0.85754, 0.86425]
Best Dev MSE: 1.04237 (Obtained during Evaluation #12)
Test MSE: 1.13940, Test MAE: 0.85110

# -d "Small_Clothing" -m "ANR" -e 20 -lr 3E-3 -bs 128 -p 1 -v 43947 -rs 1234 -gpu 0 -vb 1 -sm "Small_Clothing" -ARL_path "Small_Clothing_ANRS_1337"
[Training Loss]
[7.1361, 2.71794, 1.89424, 1.38098, 0.98668, 0.77046, 0.65199, 0.55708, 0.47756, 0.40626, 0.34796, 0.29527, 0.25179, 0.21393, 0.18195, 0.1553, 0.13236, 0.11303, 0.09604, 0.08216]
[Dev MSE]
[1.99685, 1.27214, 1.09802, 1.03813, 1.02382, 1.05222, 1.06571, 1.08585, 1.0896, 1.09236, 1.13378, 1.16366, 1.17725, 1.21636, 1.23773, 1.26174, 1.27958, 1.28844, 1.31182, 1.30493]
[Test MSE]
[2.26563, 1.42676, 1.20059, 1.12106, 1.16215, 1.14349, 1.16699, 1.20263, 1.21238, 1.24219, 1.29532, 1.31281, 1.36424, 1.38697, 1.42753, 1.4564, 1.48086, 1.49653, 1.52106, 1.56383]
[Test MAE]
[1.35488, 1.03879, 0.92746, 0.87942, 0.85988, 0.82501, 0.83268, 0.83219, 0.84542, 0.85393, 0.86517, 0.86141, 0.87668, 0.88003, 0.8943, 0.90438, 0.90607, 0.91032, 0.91651, 0.93664]
Best Dev MSE: 1.02382 (Obtained during Evaluation #5)
Test MSE: 1.16215, Test MAE: 0.85988

# -d "Small_Clothing" -m "ANR" -e 20 -lr 2E-3 -bs 128 -dr 0.7 -p 1 -v 43947 -rs 1234 -gpu 0 -vb 1 -sm "Small_Clothing" -ARL_path "Small_Clothing_ANRS_1337"
[Training Loss]
[9.89435, 5.05846, 3.16609, 2.0216, 1.33529, 1.03646, 0.91123, 0.8188, 0.73383, 0.65911, 0.59142, 0.52652, 0.47052, 0.41945, 0.37356, 0.33263, 0.296, 0.26323, 0.23454, 0.20828]
[Dev MSE]
[4.28821, 2.30427, 1.53861, 1.28846, 1.04494, 1.00466, 1.01047, 1.01466, 1.02754, 1.03457, 1.05184, 1.07081, 1.09193, 1.10839, 1.11883, 1.13362, 1.1545, 1.16814, 1.18266, 1.19078]
[Test MSE]
[4.71305, 2.5766, 1.71531, 1.49574, 1.13677, 1.09682, 1.0916, 1.10564, 1.12019, 1.13569, 1.16275, 1.18273, 1.20894, 1.22773, 1.24989, 1.28211, 1.31494, 1.32949, 1.3424, 1.37125]
[Test MAE]
[2.0201, 1.47275, 1.18281, 1.0832, 0.89578, 0.85846, 0.84584, 0.84819, 0.84933, 0.84415, 0.85824, 0.855, 0.861, 0.86797, 0.8602, 0.87751, 0.87931, 0.87605, 0.87768, 0.88471]
Best Dev MSE: 1.00466 (Obtained during Evaluation #6)
Test MSE: 1.09682, Test MAE: 0.85846

# -d "Small_Clothing" -m "ANR" -e 10 -lr 2E-3 -bs 128 -dr 0.9 -p 1 -v 43947 -rs 1234 -gpu 0 -vb 1 -sm "Small_Clothing" -ARL_path "Small_Clothing_ANRS_1337"
[Training Loss]
[12.87132, 6.59157, 3.46609, 1.93472, 1.3485, 1.12066, 0.99479, 0.89281, 0.80274, 0.71647]
[Dev MSE]
[8.08791, 3.91284, 2.06544, 1.26781, 1.0667, 1.02717, 1.0209, 1.02278, 1.02853, 1.03518]
[Test MSE]
[8.64458, 4.26792, 2.26291, 1.37015, 1.11396, 1.04799, 1.03879, 1.04464, 1.05674, 1.0714]
[Test MAE]
[2.79674, 1.93464, 1.38112, 1.03732, 0.88421, 0.83982, 0.82529, 0.82319, 0.82291, 0.82349]
Best Dev MSE: 1.02090 (Obtained during Evaluation #7)
Test MSE: 1.03879, Test MAE: 0.82529

# -d "Small_Clothing" -m "ANR" -e 10 -lr 2E-3 -bs 128 -dr 0.8 -p 1 -v 43947 -rs 1234 -gpu 0 -vb 1 -sm "Small_Clothing" -ARL_path "Small_Clothing_ANRS_1337"
[Training Loss]
[11.31524, 6.07867, 3.36818, 1.86937, 1.28212, 1.0822, 0.96461, 0.87027, 0.78059, 0.69947]
[Dev MSE]
[5.86119, 3.12436, 1.81001, 1.19687, 1.04819, 1.02166, 1.02198, 1.02535, 1.02677, 1.03686]
[Test MSE]
[6.35327, 3.43341, 2.00694, 1.30509, 1.1125, 1.05702, 1.04996, 1.0504, 1.06707, 1.08177]
[Test MAE]
[2.37251, 1.71357, 1.29269, 0.99867, 0.8819, 0.84325, 0.83384, 0.82503, 0.82672, 0.82867]
Best Dev MSE: 1.02166 (Obtained during Evaluation #6)
Test MSE: 1.05702, Test MAE: 0.84325

-d "Small_Clothing" -m "ANR" -e 25 -lr 2E-3 -bs 256 -dr 0.8 -p 1 -v 43947 -rs 1234 -gpu 0 -vb 1 -sm "Small_Clothing" -ARL_path "Small_Clothing_ANRS_1337"
[Training Loss]
[13.23751, 9.16586, 6.73651, 4.92267, 3.59832, 2.6389, 1.95152, 1.40319, 1.16224, 1.01376, 0.91251, 0.83317, 0.76738, 0.7054, 0.64798, 0.5923, 0.54385, 0.49752, 0.45508, 0.41467, 0.38023, 0.34599, 0.31614, 0.28778, 0.26193]
[Dev MSE]
[8.35035, 5.72209, 4.1379, 2.98951, 2.22451, 1.74665, 1.44864, 1.1393, 1.06526, 1.0359, 1.0206, 1.01971, 1.02219, 1.02615, 1.02717, 1.0345, 1.04934, 1.05638, 1.06772, 1.07673, 1.08988, 1.10127, 1.11594, 1.13073, 1.14716]
[Test MSE]
[8.96787, 6.2189, 4.52955, 3.30003, 2.47315, 1.95427, 1.60895, 1.24801, 1.14356, 1.08832, 1.06504, 1.05825, 1.0586, 1.06508, 1.07264, 1.08834, 1.10638, 1.12719, 1.14608, 1.16784, 1.18412, 1.20978, 1.22681, 1.24481, 1.26556]
[Test MAE]
[2.84731, 2.34624, 1.99081, 1.68011, 1.44267, 1.27387, 1.14926, 0.96151, 0.90089, 0.86535, 0.84503, 0.83451, 0.82709, 0.82689, 0.82135, 0.82403, 0.82657, 0.83034, 0.83083, 0.84056, 0.84028, 0.84864, 0.84913, 0.84915, 0.85279]
Best Dev MSE: 1.01971 (Obtained during Evaluation #12)
Test MSE: 1.05825, Test MAE: 0.83451

-d "Small_Clothing" -m "ANR" -e 15 -lr 3E-3 -bs 256 -dr 0.7 -p 1 -v 43947 -rs 1234 -gpu 0 -vb 1 -sm "Small_Clothing" -ARL_path "Small_Clothing_ANRS_1337"
[Training Loss]
[10.86931, 5.98061, 4.0998, 2.84525, 1.95921, 1.39652, 1.06866, 0.89257, 0.7788, 0.69249, 0.61794, 0.54899, 0.48645, 0.43087, 0.38039]
[Dev MSE]
[5.3079, 2.89382, 1.99282, 1.55636, 1.29235, 1.16997, 1.05698, 1.03356, 1.02387, 1.02375, 1.03354, 1.04444, 1.06378, 1.07648, 1.08761]
[Test MSE]
[5.81508, 3.23661, 2.24561, 1.78479, 1.53482, 1.31808, 1.14893, 1.1102, 1.10057, 1.1035, 1.11577, 1.13949, 1.15452, 1.18133, 1.20592]
[Test MAE]
[2.25635, 1.65686, 1.36879, 1.2027, 1.09284, 0.99121, 0.89061, 0.8604, 0.85125, 0.84313, 0.84245, 0.84094, 0.84075, 0.84002, 0.84537]
Best Dev MSE: 1.02375 (Obtained during Evaluation #10)
Test MSE: 1.10350, Test MAE: 0.84313



# ANR with ANRS-dr0.7 using D_u^T * D_i + user & item & global bias
# -d "Small_Clothing" -m "ANR" -e 12 -lr 2E-3 -bs 128 -dr 0.7 -p 1 -v 43947 -rs 1234 -gpu 0 -vb 1 -sm "Small_Clothing" -ARL_path "Small_Clothing_ANRS_1337"
[Training Loss]
[11.76344, 5.15665, 3.19795, 2.07729, 1.47909, 1.15447, 0.97874, 0.8756, 0.785, 0.70453, 0.62958, 0.56059]
[Dev MSE]
[6.07058, 2.53724, 1.63364, 1.2449, 1.09, 1.04188, 1.02502, 1.0246, 1.0318, 1.03512, 1.04554, 1.06685]
[Test MSE]
[6.76167, 2.93204, 1.87619, 1.38678, 1.16865, 1.09569, 1.06065, 1.05192, 1.06261, 1.07894, 1.09615, 1.1247]
[Test MAE]
[2.43854, 1.56804, 1.24603, 1.03998, 0.92085, 0.86553, 0.83832, 0.82412, 0.82423, 0.82277, 0.82861, 0.83034]
Best Dev MSE: 1.02460 (Obtained during Evaluation #8)
Test MSE: 1.05192, Test MAE: 0.82412

# -d "Small_Clothing" -m "ANR" -e 12 -lr 2E-3 -bs 128 -dr 0.5 -p 1 -v 43947 -rs 1234 -gpu 0 -vb 1 -sm "Small_Clothing" -ARL_path "Small_Clothing_ANRS_1337"
[Training Loss]
[13.52554, 7.08093, 3.61681, 2.0094, 1.37199, 1.13565, 1.00521, 0.90014, 0.80895, 0.72229, 0.64168, 0.56922]
[Dev MSE]
[8.75166, 4.35777, 2.19403, 1.33293, 1.08399, 1.03573, 1.02493, 1.02205, 1.02398, 1.03011, 1.04289, 1.05313]
[Test MSE]
[9.38322, 4.7333, 2.3924, 1.4229, 1.11382, 1.0385, 1.03003, 1.03906, 1.05241, 1.06932, 1.08948, 1.11288]
[Test MAE]
[2.91641, 2.03869, 1.42062, 1.06764, 0.89001, 0.83956, 0.8252, 0.82362, 0.82262, 0.82373, 0.82564, 0.82701]
Best Dev MSE: 1.02205 (Obtained during Evaluation #8)
Test MSE: 1.03906, Test MAE: 0.82362



# ANR with ANRS-dr0.9 using D_u^T * D_i + user & item & global bias
# -d "Small_Clothing" -m "ANR" -e 12 -lr 2E-3 -bs 128 -dr 0.7 -p 1 -v 43947 -rs 1234 -gpu 0 -vb 1 -sm "Small_Clothing" -ARL_path "Small_Clothing_ANRS_1337"
[Training Loss]
[13.08823, 5.41249, 3.23496, 2.0691, 1.48103, 1.17826, 0.99985, 0.8874, 0.79505, 0.7138, 0.63651, 0.56606]
[Dev MSE]
[6.98153, 2.65462, 1.66389, 1.24557, 1.08643, 1.05007, 1.02375, 1.02312, 1.02475, 1.03028, 1.04551, 1.05736]
[Test MSE]
[7.88127, 3.19436, 1.9823, 1.42403, 1.18023, 1.11363, 1.0736, 1.07342, 1.08789, 1.09747, 1.12116, 1.13786]
[Test MAE]
[2.65314, 1.63955, 1.27595, 1.04751, 0.91653, 0.87948, 0.8497, 0.83333, 0.8341, 0.83966, 0.84564, 0.84134]
Best Dev MSE: 1.02312 (Obtained during Evaluation #8)
Test MSE: 1.07342, Test MAE: 0.83333

# -d "Small_Clothing" -m "ANR" -e 12 -lr 2E-3 -bs 128 -dr 0.9 -p 1 -v 43947 -rs 1234 -gpu 0 -vb 1 -sm "Small_Clothing" -ARL_path "Small_Clothing_ANRS_1337"
[Training Loss]
[13.80669, 7.08955, 3.63802, 2.01217, 1.36537, 1.12925, 1.00669, 0.9061, 0.81343, 0.72551, 0.64358, 0.56958]
[Dev MSE]
[9.02162, 4.47836, 2.2367, 1.35645, 1.09331, 1.03545, 1.02281, 1.01995, 1.0199, 1.02626, 1.03599, 1.04489]
[Test MSE]
[9.6428, 4.79206, 2.41119, 1.43407, 1.11728, 1.039, 1.02844, 1.03261, 1.04568, 1.06294, 1.08137, 1.10349]
[Test MAE]
[2.95976, 2.05249, 1.42283, 1.07082, 0.89182, 0.84057, 0.82547, 0.82072, 0.81939, 0.81994, 0.82112, 0.82374]
Best Dev MSE: 1.01990 (Obtained during Evaluation #9)
Test MSE: 1.04568, Test MAE: 0.81939

# -d "Small_Clothing" -m "ANR" -e 12 -lr 2E-3 -bs 128 -dr 0.3 -p 1 -v 43947 -rs 1234 -gpu 0 -vb 1 -sm "Small_Clothing" -ARL_path "Small_Clothing_ANRS_1337"
[Training Loss]
[12.88219, 3.89588, 2.09307, 1.62092, 1.33683, 1.13322, 0.97933, 0.85228, 0.75527, 0.66872, 0.57711, 0.50232]
[Dev MSE]
[6.56904, 1.88083, 1.38365, 1.21739, 1.14107, 1.09458, 1.07186, 1.06108, 1.06062, 1.06503, 1.11248, 1.13912]
[Test MSE]
[7.48859, 2.26922, 1.59792, 1.3887, 1.2778, 1.2098, 1.17204, 1.14927, 1.14616, 1.1519, 1.25406, 1.23289]
[Test MAE]
[2.57875, 1.33985, 1.08702, 0.99283, 0.93927, 0.90028, 0.88019, 0.86064, 0.85252, 0.84924, 0.87855, 0.8578]
Best Dev MSE: 1.06062 (Obtained during Evaluation #9)
Test MSE: 1.14616, Test MAE: 0.85252

# -d "Small_Clothing" -m "ANR" -e 12 -lr 2E-3 -bs 128 -dr 1.0 -p 1 -v 43947 -rs 1234 -gpu 0 -vb 1 -sm "Small_Clothing" -ARL_path "Small_Clothing_ANRS_1337"
[Training Loss]
[14.15791, 7.35821, 3.67871, 1.99274, 1.3555, 1.12892, 1.00985, 0.91045, 0.81708, 0.72914, 0.64728, 0.57212]
[Dev MSE]
[9.96463, 4.83539, 2.33156, 1.35483, 1.08117, 1.02898, 1.02067, 1.01714, 1.0186, 1.02351, 1.03342, 1.04623]
[Test MSE]
[10.50029, 5.16587, 2.51962, 1.4455, 1.11407, 1.03896, 1.03074, 1.03566, 1.04771, 1.06323, 1.08158, 1.10611]
[Test MAE]
[3.09574, 2.13953, 1.45684, 1.07752, 0.88761, 0.83787, 0.82562, 0.82128, 0.82039, 0.82037, 0.82149, 0.82569]
Best Dev MSE: 1.01714 (Obtained during Evaluation #8)
Test MSE: 1.03566, Test MAE: 0.82128



# ANR using ANR_RatingPred_fc + user & item & global bias
# -d "Small_Clothing" -m "ANR" -e 30 -p 1 -v 43947 -rs 1234 -gpu 0 -vb 1 -sm "Small_Clothing"
[Training Loss]
[4.37184, 2.13901, 1.38048, 1.03459, 0.89557, 0.80284, 0.72073, 0.65224, 0.59619, 0.54041, 0.48949, 0.44544, 0.40468, 0.36805, 0.31889, 0.28796, 0.26275, 0.23989, 0.21791, 0.19756, 0.17912, 0.16348, 0.14801, 0.13464, 0.12204, 0.11004, 0.0996, 0.09009, 0.08145, 0.07318]
[Dev MSE]
[1.41808, 1.19567, 1.10327, 1.02077, 1.0264, 1.05706, 1.06547, 1.07261, 1.08271, 1.12129, 1.11804, 1.12404, 1.13548, 1.13207, 1.15304, 1.15706, 1.1823, 1.21314, 1.22684, 1.24855, 1.26354, 1.26811, 1.27595, 1.28145, 1.29655, 1.30162, 1.31996, 1.34157, 1.34189, 1.36993]
[Test MSE]
[1.52373, 1.25935, 1.17098, 1.11997, 1.11955, 1.13759, 1.15974, 1.18406, 1.20236, 1.23929, 1.24906, 1.24544, 1.27257, 1.2806, 1.3106, 1.33808, 1.33899, 1.37794, 1.38133, 1.40939, 1.43339, 1.42951, 1.45824, 1.47315, 1.50632, 1.50858, 1.54204, 1.55184, 1.56011, 1.57938]
[Test MAE]
[1.07614, 0.94294, 0.88241, 0.84403, 0.83131, 0.84464, 0.85799, 0.84019, 0.85745, 0.83652, 0.84948, 0.86441, 0.85787, 0.86279, 0.85829, 0.87234, 0.86414, 0.86683, 0.86881, 0.87579, 0.88214, 0.87537, 0.88977, 0.89566, 0.90321, 0.91475, 0.92413, 0.91955, 0.92442, 0.92858]
Best Dev MSE: 1.02077 (Obtained during Evaluation #4)
Test MSE: 1.11997, Test MAE: 0.84403



# ANR using ANR_RatingPred_fc, ANR_AIE2 + user & item & global bias
# -d "Small_Clothing" -m "ANR" -e 30 -p 1 -v 43947 -rs 1234 -gpu 0 -vb 1 -sm "Small_Clothing"
[Training Loss]
[4.42713, 2.13565, 1.41926, 1.06575, 0.90404, 0.79431, 0.71041, 0.64044, 0.58419, 0.52834, 0.47967, 0.43611, 0.39566, 0.36016, 0.32538, 0.29581, 0.26847, 0.24594, 0.22252, 0.20141, 0.18237, 0.16572, 0.15015, 0.13629, 0.12289, 0.11123, 0.10065, 0.09028, 0.08176, 0.07327]
[Dev MSE]
[1.39286, 1.1952, 1.10207, 1.05063, 1.05057, 1.07853, 1.083, 1.09653, 1.10139, 1.13977, 1.14177, 1.13867, 1.15977, 1.14561, 1.16694, 1.17683, 1.18968, 1.21411, 1.21936, 1.23529, 1.24849, 1.25705, 1.26834, 1.27465, 1.29522, 1.29053, 1.31876, 1.33671, 1.33662, 1.35282]
[Test MSE]
[1.48195, 1.26006, 1.15855, 1.13831, 1.1174, 1.11354, 1.14376, 1.16876, 1.18337, 1.22517, 1.22899, 1.23194, 1.26254, 1.27707, 1.29602, 1.31668, 1.33788, 1.36868, 1.37478, 1.39872, 1.42731, 1.43218, 1.45443, 1.475, 1.50222, 1.51247, 1.53968, 1.54972, 1.5587, 1.55717]
[Test MAE]
[1.06442, 0.94941, 0.88032, 0.85966, 0.83476, 0.83223, 0.85514, 0.82153, 0.83753, 0.82457, 0.8439, 0.85281, 0.84787, 0.85601, 0.86102, 0.85875, 0.86915, 0.8657, 0.86878, 0.8787, 0.8792, 0.87648, 0.88878, 0.89417, 0.89903, 0.91535, 0.91566, 0.9153, 0.91942, 0.92053]
Best Dev MSE: 1.05057 (Obtained during Evaluation #5)
Test MSE: 1.11740, Test MAE: 0.83476



# VANRA using VANRA_RatingPred_fc, VANRA_VRL3 + user & item & global bias
-d "Small_Clothing" -m "VANRA" -e 50 -p 1 -v 43947 -K 5 -h1 10 -h2 50 -c_local 10 -c_global 10 -hiden_size 200 -output_size 50 -rs 1234 -gpu 0 -vb 1 -sm "Small_Clothing_VANRA"
*** MODEL has obtained the best DEV MSE of 1.16654 so far! (epoch 2)
*** The Best MODEL saved to "./__saved_models__/Small_Clothing - VANRA/Small_Clothing_VANRA_1234.pth"

# VANRA using VANRA_RatingPred, VANRA_VRL3 + user & item & global bias
-d "Small_Clothing" -m "VANRA" -e 15 -dr 0.9 -p 1 -v 43947 -K 5 -h1 10 -h2 50 -c_local 10 -c_global 10 -hiden_size 200 -output_size 50 -rs 1234 -gpu 0 -vb 1 -sm "Small_Clothing_VANRA"
[Training Loss]
[2.40224, 1.45542, 1.28926, 1.16384, 1.03962, 0.93292, 0.83785, 0.74836, 0.66805, 0.59596, 0.53104, 0.4724, 0.41938, 0.37237, 0.33014]
[Dev MSE]
[1.14532, 1.04489, 1.0638, 1.04371, 1.05079, 1.05962, 1.04431, 1.06317, 1.07973, 1.08695, 1.10192, 1.12327, 1.14254, 1.15054, 1.16835]
[Test MSE]
[1.12446, 1.03635, 1.03231, 0.99971, 1.07836, 1.09541, 1.09735, 1.10982, 1.14363, 1.16411, 1.16892, 1.21986, 1.23906, 1.26886, 1.27568]
[Test MAE]
[0.89408, 0.82366, 0.8226, 0.81115, 0.81624, 0.8542, 0.84646, 0.8457, 0.85766, 0.86366, 0.83824, 0.86948, 0.85992, 0.8614, 0.85424]
Best Dev MSE: 1.04371 (Obtained during Evaluation #4)
Test MSE: 0.99971, Test MAE: 0.81115



# VANRA using VANRA_RatingPred, VANRA_VRL3 + user & item & global bias + (docPred+visPred)/2
-d "Small_Clothing" -m "VANRA" -e 15 -dr 0.9 -p 1 -v 43947 -K 5 -h1 10 -h2 50 -c_local 10 -c_global 10 -hiden_size 200 -output_size 50 -rs 1234 -gpu 0 -vb 1 -sm "Small_Clothing_VANRA"
[Training Loss]
[3.74156, 1.45573, 1.30556, 1.18263, 1.06904, 0.95716, 0.85974, 0.77468, 0.69494, 0.61667]
[Dev MSE]
[1.06645, 1.0497, 1.04111, 1.0312, 1.03208, 1.02934, 1.03649, 1.05023, 1.06518, 1.07921]
[Test MSE]
[1.04473, 1.04187, 1.01066, 1.01839, 1.02277, 1.07131, 1.0655, 1.09111, 1.1019, 1.13866]
[Test MAE]
[0.82578, 0.82427, 0.81394, 0.81593, 0.81954, 0.84387, 0.83312, 0.83877, 0.83359, 0.85401]
Best Dev MSE: 1.02934 (Obtained during Evaluation #6)
Test MSE: 1.07131, Test MAE: 0.84387

-d "Small_Clothing" -m "VANRA" -e 15 -dr 0.9 -p 1 -v 43947 -K 5 -h1 10 -h2 50 -c_local 10 -c_global 10 -hiden_size 500 -output_size 50 -rs 1234 -gpu 0 -vb 1 -sm "Small_Clothing_VANRA"
[Training Loss]
[3.08763, 1.62074, 1.35828, 1.1988, 1.0668, 0.95893, 0.86027, 0.77119, 0.68996, 0.61511]
[Dev MSE]
[1.16568, 1.06761, 1.06243, 1.0251, 1.03184, 1.04024, 1.046, 1.06916, 1.07051, 1.08952]
[Test MSE]
[1.16689, 1.09563, 1.03757, 1.03813, 1.03659, 1.04542, 1.0725, 1.0883, 1.10623, 1.13318]
[Test MAE]
[0.88639, 0.87287, 0.81478, 0.82107, 0.81856, 0.81553, 0.83125, 0.83094, 0.83591, 0.83852]
Best Dev MSE: 1.02510 (Obtained during Evaluation #4)
Test MSE: 1.03813, Test MAE: 0.82107

-d "Small_Clothing" -m "VANRA" -e 15 -dr 0.9 -p 1 -v 43947 -K 5 -h1 10 -h2 50 -c_local 10 -c_global 10 -hiden_size 100 -output_size 10 -rs 1234 -gpu 0 -vb 1 -sm "Small_Clothing_VANRA"
[Training Loss]
[4.1632, 1.5569, 1.32778, 1.18858, 1.07397, 0.96933, 0.87002, 0.77738, 0.69476, 0.61772]
[Dev MSE]
[1.18413, 1.05769, 1.04619, 1.0327, 1.02708, 1.03693, 1.03336, 1.054, 1.06296, 1.07641]
[Test MSE]
[1.15749, 1.04898, 1.0386, 1.03774, 1.04695, 1.04859, 1.06486, 1.10709, 1.1106, 1.15447]
[Test MAE]
[0.89592, 0.83112, 0.82954, 0.83027, 0.82978, 0.83067, 0.82776, 0.85718, 0.82512, 0.85853]
Best Dev MSE: 1.02708 (Obtained during Evaluation #5)
Test MSE: 1.04695, Test MAE: 0.82978



# VANRA using VANRA_RatingPred, VANRA_VRL2 + user & item & global bias + (docPred+visPred)/2
-d "Small_Clothing" -m "VANRA" -e 15 -dr 0.9 -p 1 -v 43947 -K 5 -h1 10 -h2 50 -c_local 10 -c_global 10 -hiden_size 200 -output_size 50 -rs 1234 -gpu 0 -vb 1 -sm "Small_Clothing_VANRA"
[Training Loss]
[5.41406, 1.68375, 1.4205, 1.23477, 1.07255, 0.95629, 0.86068, 0.77238, 0.69165, 0.61743]
[Dev MSE]
[10.62296, 6.14457, 3.67378, 1.18295, 1.03228, 1.05878, 1.04047, 1.04305, 1.06824, 1.07599]
[Test MSE]
[11.24482, 6.5619, 3.94691, 1.24952, 1.04368, 1.09661, 1.07866, 1.08006, 1.13286, 1.12793]
[Test MAE]
[3.20706, 2.41706, 1.84768, 0.97328, 0.82668, 0.87444, 0.84405, 0.82233, 0.86536, 0.82828]
Best Dev MSE: 1.03228 (Obtained during Evaluation #5)
Test MSE: 1.04368, Test MAE: 0.82668



# VANRSA with ANRS using VANRA_RatingPred, VANRA_VRL3 + user & item & global bias + (docPred+visPred)/2
-d "Small_Clothing" -m "VANRA" -e 10 -dr 0.9 -p 1 -v 43947 -K 5 -h1 10 -h2 50 -c_local 10 -c_global 10 -hiden_size 100 -output_size 10 -rs 1234 -gpu 0 -vb 1 -sm "Small_Clothing_VANRA" -ARL_path "Small_Clothing_ANRS_1337"
[Training Loss]
[4.21259, 1.56036, 1.32404, 1.18628, 1.07209, 0.96805, 0.86959, 0.77996, 0.69765, 0.62006]
[Dev MSE]
[1.18141, 1.04837, 1.04055, 1.03466, 1.02949, 1.04094, 1.04192, 1.05775, 1.06438, 1.08059]
[Test MSE]
[1.18447, 1.04638, 1.05156, 1.04734, 1.0473, 1.06091, 1.06796, 1.10264, 1.09622, 1.13858]
[Test MAE]
[0.89839, 0.82614, 0.83422, 0.83534, 0.82815, 0.83578, 0.82779, 0.85453, 0.82395, 0.85025]
Best Dev MSE: 1.02949 (Obtained during Evaluation #5)
Test MSE: 1.04730, Test MAE: 0.82815



# DeepCoNN
-d "Small_Clothing" -m "DeepCoNN" -e 20 -dr 0.9 -lr 2E-3 -p 1 -v 43947 -filters_num 100 -output_size 50 -rs 1234 -gpu 0 -vb 1 -sm "Small_Clothing_DeepCoNN"
[Training Loss]
[10.32103, 5.42622, 2.85122, 1.64265, 1.1562, 0.9626, 0.86767, 0.7808, 0.70842, 0.63793, 0.57348, 0.51199, 0.45881, 0.41223, 0.36526, 0.32407, 0.28721, 0.25549, 0.2253, 0.20039]
[Dev MSE]
[4.99638, 2.84583, 1.64625, 1.20259, 1.06005, 1.02678, 1.03205, 1.04823, 1.04996, 1.07907, 1.09835, 1.0966, 1.10474, 1.12363, 1.1335, 1.14388, 1.16761, 1.192, 1.21417, 1.23269]
[Test MSE]
[5.27434, 3.10323, 1.79902, 1.30419, 1.10861, 1.08064, 1.06434, 1.07219, 1.10472, 1.11505, 1.12262, 1.16383, 1.18754, 1.21325, 1.22896, 1.25933, 1.28742, 1.3024, 1.33986, 1.37461]
[Test MAE]
[2.14567, 1.60424, 1.20574, 0.9837, 0.87516, 0.84221, 0.82212, 0.81639, 0.8196, 0.81157, 0.81653, 0.83105, 0.8279, 0.82938, 0.83945, 0.84536, 0.85257, 0.85653, 0.86359, 0.8731]
Best Dev MSE: 1.02678 (Obtained during Evaluation #6)
Test MSE: 1.08064, Test MAE: 0.84221

-d "Small_Clothing" -m "DeepCoNN" -e 20 -dr 0.5 -lr 2E-3 -p 1 -v 43947 -filters_num 100 -output_size 50 -rs 1234 -gpu 0 -vb 1 -sm "Small_Clothing_DeepCoNN"
[Training Loss]
[1.98016, 1.31173, 0.96206, 0.7175, 0.55102, 0.43841, 0.3566, 0.30064, 0.25997, 0.2243, 0.19582, 0.17344, 0.15441, 0.1396, 0.12571, 0.11534, 0.10741, 0.09759, 0.09274, 0.08766]
[Dev MSE]
[1.50482, 1.59396, 1.57894, 1.60367, 1.50536, 1.51529, 1.55463, 1.54364, 1.57744, 1.54677, 1.59285, 1.54406, 1.59409, 1.60044, 1.60387, 1.58838, 1.51913, 1.53221, 1.56103, 1.55927]
[Test MSE]
[1.68012, 1.6938, 1.61333, 1.73588, 1.6157, 1.67027, 1.73382, 1.73044, 1.80713, 1.66985, 1.7198, 1.65952, 1.76789, 1.79652, 1.78518, 1.68629, 1.69116, 1.65717, 1.74635, 1.72801]
[Test MAE]
[0.99569, 0.98908, 0.888, 0.96191, 0.90716, 0.90303, 0.9412, 0.92097, 0.93323, 0.8949, 0.91688, 0.90485, 0.92338, 0.92979, 0.94569, 0.91778, 0.91513, 0.90982, 0.92761, 0.92894]
Best Dev MSE: 1.50482 (Obtained during Evaluation #1)
Test MSE: 1.68012, Test MAE: 0.99569



-d "Small_Clothing"  -m "ANRS" -e 10 -dr 0.5 -WED 300 -K 5 -h1 10 -h2 50 -p 1 -v 43947 -rs 1337 -gpu 0 -vb 1 -sm "Small_Clothing_ANRS"
[Training Loss]
[4.7175, 2.46066, 1.81316, 1.42408, 1.13504, 0.92662, 0.79986, 0.70366, 0.627, 0.55775]
[Dev MSE]
[1.29473, 1.27743, 1.17611, 1.15014, 1.0477, 1.09476, 1.07437, 1.05704, 1.1029, 1.10061]
[Test MSE]
[1.5661, 1.54992, 1.37712, 1.30346, 1.23151, 1.265, 1.23425, 1.24289, 1.30117, 1.31643]
[Test MAE]
[1.04025, 1.04715, 0.9656, 0.93865, 0.88998, 0.93288, 0.88993, 0.90182, 0.92827, 0.93098]
Best Dev MSE: 1.04770 (Obtained during Evaluation #5)
Test MSE: 1.23151, Test MAE: 0.88998
-d "Small_Clothing" -m "ANR" -e 10 -dr 0.5 -WED 300 -h1 10 -h2 50 -p 1 -v 43947 -rs 1234 -gpu 0 -vb 1 -sm "Small_Clothing_ANR" -ARL_path "Small_Clothing_ANRS_1337"
[Training Loss]
[8.7078, 3.42563, 2.47772, 1.89575, 1.50401, 1.16242, 0.90375, 0.78, 0.69899, 0.62487]
[Dev MSE]
[3.35083, 1.58964, 1.2661, 1.12954, 1.06057, 1.03776, 1.0204, 1.03729, 1.04121, 1.04448]
[Test MSE]
[3.71532, 1.792, 1.40704, 1.23662, 1.14293, 1.1922, 1.15348, 1.14468, 1.15314, 1.15752]
[Test MAE]
[1.77507, 1.18533, 1.02878, 0.94618, 0.8922, 0.87889, 0.85335, 0.83379, 0.84493, 0.84696]
Best Dev MSE: 1.02040 (Obtained during Evaluation #7)
Test MSE: 1.15348, Test MAE: 0.85335

-d "Small_Clothing" -m "ANRS" -e 10 -dr 0.9 -WED 300 -K 5 -h1 10 -h2 50 -p 1 -v 43947 -rs 1337 -gpu 0 -vb 1 -sm "Small_Clothing_ANRS"
[Training Loss]
[12.61482, 6.38357, 3.37354, 1.92352, 1.33108, 1.10673, 0.98933, 0.8931, 0.80125, 0.7171]
[Dev MSE]
[6.01321, 3.39632, 1.94835, 1.24331, 1.05444, 1.01065, 1.00685, 1.00558, 1.0088, 1.01472]
[Test MSE]
[6.73908, 3.82217, 2.19508, 1.36876, 1.11049, 1.04383, 1.03938, 1.04702, 1.05872, 1.07644]
[Test MAE]
[2.41282, 1.80453, 1.35368, 1.03327, 0.88186, 0.83683, 0.82966, 0.82954, 0.82827, 0.82632]
Best Dev MSE: 1.00558 (Obtained during Evaluation #8)
Test MSE: 1.04702, Test MAE: 0.82954
-d "Small_Clothing" -m "ANR" -e 10 -dr 0.9 -WED 300 -h1 10 -h2 50 -p 1 -v 43947 -rs 1234 -gpu 0 -vb 1 -sm "Small_Clothing_ANR" -ARL_path "Small_Clothing_ANRS_1337"
[Training Loss]
[13.80669, 7.09008, 3.63665, 2.01041, 1.36416, 1.12915, 1.00679, 0.90609, 0.81332, 0.72539]
[Dev MSE]
[9.0216, 4.45795, 2.2349, 1.35528, 1.09224, 1.03498, 1.0224, 1.01964, 1.01967, 1.02608]
[Test MSE]
[9.64279, 4.78576, 2.41218, 1.43453, 1.1173, 1.03911, 1.02868, 1.03265, 1.04576, 1.06309]
[Test MAE]
[2.95976, 2.0508, 1.42319, 1.07149, 0.89183, 0.84074, 0.82561, 0.82075, 0.81932, 0.81984]
Best Dev MSE: 1.01964 (Obtained during Evaluation #8)
Test MSE: 1.03265, Test MAE: 0.82075

-d "Small_Clothing" -m "ANRS" -e 10 -dr 0.9 -WED 100 -K 5 -h1 10 -h2 50 -p 1 -v 43947 -rs 1337 -gpu 0 -vb 1 -sm "Small_Clothing_ANRS"
[Training Loss]
[13.18974, 6.53358, 3.42994, 1.93246, 1.33805, 1.11044, 0.99342, 0.89627, 0.80507, 0.72027]
[Dev MSE]
[7.24784, 3.56206, 1.94058, 1.25611, 1.07764, 1.0295, 1.02324, 1.01909, 1.02023, 1.02703]
[Test MSE]
[8.09252, 4.1158, 2.23777, 1.39826, 1.12949, 1.056, 1.04534, 1.05415, 1.06413, 1.0755]
[Test MAE]
[2.67839, 1.87807, 1.36237, 1.04436, 0.89309, 0.84238, 0.83109, 0.82889, 0.82463, 0.82596]
Best Dev MSE: 1.01909 (Obtained during Evaluation #8)
Test MSE: 1.05415, Test MAE: 0.82889
-d "Small_Clothing" -m "ANR" -e 10 -dr 0.9 -WED 100 -h1 10 -h2 50 -p 1 -v 43947 -rs 1234 -gpu 0 -vb 1 -sm "Small_Clothing_ANR" -ARL_path "Small_Clothing_ANRS_1337"
[Training Loss]
[13.78299, 7.10589, 3.65564, 2.02922, 1.38314, 1.13954, 1.01022, 0.91127, 0.81736, 0.73034]
[Dev MSE]
[8.95048, 4.38514, 2.1913, 1.32106, 1.07241, 1.02265, 1.01377, 1.00989, 1.01344, 1.01871]
[Test MSE]
[9.57534, 4.78616, 2.42871, 1.44037, 1.12257, 1.04364, 1.03102, 1.03632, 1.0471, 1.06012]
[Test MAE]
[2.9493, 2.05256, 1.43104, 1.07368, 0.89384, 0.83989, 0.82554, 0.82025, 0.82238, 0.81906]
Best Dev MSE: 1.00989 (Obtained during Evaluation #8)
Test MSE: 1.03632, Test MAE: 0.82025

-d "Small_Clothing" -m "ANRS" -e 10 -dr 0.9 -WED 300 -K 5 -h1 50 -h2 50 -p 1 -v 43947 -rs 1337 -gpu 0 -vb 1 -sm "Small_Clothing_ANRS"
[Training Loss]
[9.14738, 4.58609, 2.73251, 1.71415, 1.23401, 1.04619, 0.93478, 0.84879, 0.76745, 0.69598]
[Dev MSE]
[3.28635, 2.0385, 1.52638, 1.19258, 1.06904, 1.02174, 1.01316, 1.00872, 1.01567, 1.02536]
[Test MSE]
[3.95415, 2.49386, 1.82582, 1.37523, 1.19309, 1.11677, 1.10992, 1.1083, 1.11034, 1.12575]
[Test MAE]
[1.76377, 1.39423, 1.19668, 1.01051, 0.92204, 0.87161, 0.85737, 0.84922, 0.85484, 0.86191]
Best Dev MSE: 1.00872 (Obtained during Evaluation #8)
Test MSE: 1.10830, Test MAE: 0.84922
-d "Small_Clothing" -m "ANR" -e 10 -dr 0.9 -WED 300 -h1 50 -h2 50 -p 1 -v 43947 -rs 1234 -gpu 0 -vb 1 -sm "Small_Clothing_ANR" -ARL_path "Small_Clothing_ANRS_1337"
[Training Loss]
[12.15217, 6.19561, 3.41741, 2.03115, 1.38614, 1.11215, 0.98643, 0.89025, 0.80028, 0.7159]
[Dev MSE]
[6.41308, 3.34318, 1.89627, 1.28456, 1.07784, 1.02212, 1.01424, 1.01519, 1.01578, 1.02021]
[Test MSE]
[7.02983, 3.72256, 2.11466, 1.40014, 1.13012, 1.05065, 1.03366, 1.03731, 1.05141, 1.06773]
[Test MAE]
[2.49086, 1.78399, 1.32936, 1.04368, 0.88682, 0.83523, 0.82146, 0.81058, 0.81257, 0.81651]
Best Dev MSE: 1.01424 (Obtained during Evaluation #7)
Test MSE: 1.03366, Test MAE: 0.82146

-d "Small_Clothing" -m "ANRS" -e 10 -dr 0.9 -WED 100 -K 5 -h1 50 -h2 50 -p 1 -v 43947 -rs 1337 -gpu 0 -vb 1 -sm "Small_Clothing_ANRS"
[Training Loss]
[10.61627, 5.20406, 3.29062, 1.83852, 1.29454, 1.0819, 0.98246, 0.8912, 0.79493, 0.71654]
[Dev MSE]
[4.25178, 2.93714, 1.75079, 1.25683, 1.0472, 1.00365, 0.99348, 0.98687, 0.99177, 1.00728]
[Test MSE]
[4.89902, 3.39215, 2.05854, 1.44322, 1.17078, 1.09638, 1.07082, 1.08045, 1.09579, 1.10459]
[Test MAE]
[1.97414, 1.66623, 1.2776, 1.04862, 0.89818, 0.85579, 0.83816, 0.83279, 0.83988, 0.84742]
Best Dev MSE: 0.98687 (Obtained during Evaluation #8)
Test MSE: 1.08045, Test MAE: 0.83279
-d "Small_Clothing" -m "ANR" -e 10 -dr 0.9 -WED 100 -h1 50 -h2 50 -p 1 -v 43947 -rs 1234 -gpu 0 -vb 1 -sm "Small_Clothing_ANR" -ARL_path "Small_Clothing_ANRS_1337"
[Training Loss]
[12.17729, 6.26026, 3.44659, 2.02208, 1.40585, 1.12622, 0.99295, 0.89428, 0.80243, 0.71774]
[Dev MSE]
[6.358, 3.36585, 1.87943, 1.2641, 1.07142, 1.04001, 1.01868, 1.0216, 1.02567, 1.0285]
[Test MSE]
[7.14771, 3.83633, 2.14882, 1.40964, 1.14338, 1.05929, 1.0377, 1.04368, 1.05148, 1.0726]
[Test MAE]
[2.50068, 1.80311, 1.33426, 1.0444, 0.89977, 0.84879, 0.82327, 0.82044, 0.82113, 0.8202]
Best Dev MSE: 1.01868 (Obtained during Evaluation #7)
Test MSE: 1.03770, Test MAE: 0.82327



DAttn
-d "Small_Clothing" -m "DAttn" -e 10 -dr 0.9 -p 1 -v 43947 -K 5 -h1 50 -h2 50 -WED 100 -c_local 200 -c_global 100 -hiden_size 500 -output_size 50 -rs 1234 -gpu 0 -vb 1 -sm "Small_Clothing_DAttn"
[Training Loss]
[3.19611, 1.36356, 1.05917, 0.87594, 0.77342, 0.69548, 0.62025, 0.54558, 0.49254, 0.44619]
[Dev MSE]
[1.64571, 1.10878, 1.11554, 1.14054, 1.1776, 1.13892, 1.24072, 1.2351, 1.24041, 1.23825]
[Test MSE]
[1.71528, 1.14333, 1.16174, 1.20312, 1.21511, 1.17263, 1.27385, 1.33079, 1.42417, 1.34678]
[Test MAE]
[1.20335, 0.89623, 0.85336, 0.8611, 0.83291, 0.83019, 0.85038, 0.85775, 0.88828, 0.87474]
Best Dev MSE: 1.10878 (Obtained during Evaluation #2)
Test MSE: 1.14333, Test MAE: 0.89623

DAttn2
-d "Small_Clothing" -m "DAttn" -e 10 -dr 0.9 -p 1 -v 43947 -K 5 -h1 50 -h2 50 -WED 300 -c_local 1 -c_global 1 -hiden_size 500 -output_size 50 -rs 1234 -gpu 0 -vb 1 -sm "Small_Clothing_DAttn"
[Training Loss]
[4.94405, 1.50922, 1.36962, 1.21644, 1.09798, 0.9856, 0.88631, 0.80265, 0.74786, 113.93682]
[Dev MSE]
[1.0739, 1.05131, 1.04735, 1.0373, 1.02657, 1.0225, 1.03817, 1.04047, 1.08688, 1.13608]
[Test MSE]
[1.04471, 1.02086, 1.00497, 1.02407, 1.03066, 1.02048, 1.0883, 1.09612, 1.10243, 1.21735]
[Test MAE]
[0.83603, 0.82023, 0.80715, 0.82093, 0.82507, 0.80284, 0.83708, 0.84463, 0.81247, 0.92382]
Best Dev MSE: 1.02250 (Obtained during Evaluation #6)
Test MSE: 1.02048, Test MAE: 0.80284

DAttn3
-d "Small_Clothing" -m "DAttn" -e 20 -dr 0.9 -p 1 -v 43947 -K 5 -h1 50 -h2 50 -WED 300 -c_local 1 -c_global 1 -hiden_size 500 -output_size 50 -rs 1234 -gpu 0 -vb 1 -sm "Small_Clothing_DAttn"
[Training Loss]
[3.28432, 1.34512, 1.16143, 1.00508, 0.82328, 0.90446, 2.76008, 370.8264, 540.72163, 34.91925, 2071.35077, 2.23725, 5.65056, 44.33998, 1.60384, 28.73829, 0.51193, 4.07354, 95.63503, 150.81632]
[Dev MSE]
[1.34964, 1.23879, 1.21432, 1.1373, 1.20973, 1.17748, 1.51311, 1.09719, 1.13665, 1.09149, 1.08825, 1.096, 1.11109, 1.12814, 1.14666, 1.16766, 1.18588, 1.20522, 1.2229, 1.24479]
[Test MSE]
[1.39212, 1.22581, 1.23099, 1.2173, 1.26314, 1.2524, 1.63667, 1.13026, 1.20541, 1.16391, 1.11817, 1.14618, 1.17078, 1.19095, 1.22595, 1.256, 1.28791, 1.31516, 1.3354, 1.36026]
[Test MAE]
[1.03048, 0.94911, 0.94102, 0.89872, 0.95268, 0.88865, 1.14707, 0.86609, 0.93483, 0.89374, 0.81791, 0.83482, 0.84158, 0.83772, 0.85173, 0.8597, 0.86414, 0.86858, 0.87074, 0.87513]
Best Dev MSE: 1.08825 (Obtained during Evaluation #11)
Test MSE: 1.11817, Test MAE: 0.81791



DenseCNN
-d "Small_Clothing" -m "DenseCNN" -e 15 -dr 0.9 -p 1 -v 43947 -K 5 -h1 50 -h2 50 -WED 300 -filters_num 1 -hiden_size 500 -output_size 50 -rs 1234 -gpu 0 -vb 1 -sm "Small_Clothing_DenseCNN"
[Training Loss]
[5.33637, 1.50564, 1.26981, 1.07735, 0.89348, 0.73116, 0.62527, 0.54485, 0.47939, 0.42194]
[Dev MSE]
[1.51799, 1.1303, 1.09581, 1.07677, 1.11066, 1.1214, 1.1194, 1.14015, 1.14746, 1.16383]
[Test MSE]
[2.28874, 1.35739, 1.1373, 1.11983, 1.2279, 1.27487, 1.28956, 1.35426, 1.36565, 1.39299]
[Test MAE]
[1.14754, 0.93715, 0.88054, 0.86154, 0.89182, 0.86868, 0.88749, 0.90862, 0.8982, 0.90074]
Best Dev MSE: 1.07677 (Obtained during Evaluation #4)
Test MSE: 1.11983, Test MAE: 0.86154

-d "Small_Clothing" -m "DenseCNN" -e 15 -dr 0.5 -p 1 -v 43947 -K 5 -h1 50 -h2 50 -WED 300 -filters_num 1 -hiden_size 500 -output_size 50 -rs 1234 -gpu 0 -vb 1 -sm "Small_Clothing_DenseCNN"
[Training Loss]
[5.85031, 2.34264, 1.7187, 1.28736, 0.99814, 0.81607, 0.69582, 0.60351, 0.52667, 0.46066]
[Dev MSE]
[3.03159, 2.38921, 1.9337, 1.6491, 1.44482, 1.37831, 1.30469, 1.26367, 1.244, 1.23346]
[Test MSE]
[3.25887, 2.59296, 2.00043, 1.70221, 1.51751, 1.43848, 1.44208, 1.41414, 1.4103, 1.43009]
[Test MAE]
[1.44816, 1.33325, 1.17203, 1.07568, 1.00151, 0.93479, 0.96919, 0.93673, 0.93439, 0.93601]
Best Dev MSE: 1.23346 (Obtained during Evaluation #10)
Test MSE: 1.43009, Test MAE: 0.93601


DenseCNN2
-d "Small_Clothing" -m "DenseCNN" -e 10 -dr 0.9 -p 1 -v 43947 -K 5 -h1 50 -h2 50 -WED 300 -filters_num 8 -hiden_size 500 -output_size 50 -rs 1234 -gpu 0 -vb 1
[Training Loss]
[4.42513, 2.74337, 1.9154, 1.37818, 1.07964, 0.88294, 0.68144, 0.57157, 0.50309, 0.44225]
[Dev MSE]
[1.55443, 1.30387, 1.12754, 1.06602, 1.05685, 1.17281, 1.15079, 1.23042, 1.19507, 1.19003]
[Test MSE]
[1.85344, 1.53402, 1.35759, 1.23727, 1.21898, 1.29208, 1.30106, 1.37662, 1.34848, 1.38284]
[Test MAE]
[1.21809, 1.07683, 0.97414, 0.88719, 0.88887, 0.90117, 0.86917, 0.88082, 0.85712, 0.87878]
Best Dev MSE: 1.05685 (Obtained during Evaluation #5)
Test MSE: 1.21898, Test MAE: 0.88887



MSANR
-d "Small_Clothing" -m "MSANR" -e 10 -dr 0.9 -WED 300 -K 1 -h1 50 -h2 50 -p 1 -v 43947 -rs 1337 -gpu 0 -vb 1
[3, 5, 7, 9]
[Training Loss]
[10.79364, 5.74055, 3.12023, 1.80267, 1.28904, 1.08635, 0.96904, 0.8742, 0.78819, 0.70553]
[Dev MSE]
[4.72403, 3.37146, 1.64468, 1.13624, 1.06281, 1.00408, 1.0022, 0.99532, 1.00388, 1.01493]
[Test MSE]
[5.0763, 3.69129, 1.84245, 1.27124, 1.12484, 1.04345, 1.042, 1.04737, 1.06038, 1.07648]
[Test MAE]
[2.11088, 1.7872, 1.23933, 0.97412, 0.89647, 0.83669, 0.83236, 0.81254, 0.82178, 0.82021]
Best Dev MSE: 0.99532 (Obtained during Evaluation #8)
Test MSE: 1.04737, Test MAE: 0.81254

[1, 3, 5, 7, 9]
[Training Loss]
[10.80378, 5.72795, 3.09835, 1.80713, 1.27482, 1.07127, 0.96188, 0.87029, 0.78303, 0.70219]
[Dev MSE]
[5.45075, 3.48418, 1.85894, 1.17597, 1.06515, 1.00919, 1.01557, 1.01375, 1.02669, 1.03357]
[Test MSE]
[5.80857, 3.76903, 2.04562, 1.30836, 1.14658, 1.0695, 1.07113, 1.07079, 1.08742, 1.09913]
[Test MAE]
[2.26352, 1.80645, 1.31126, 0.99361, 0.90135, 0.84716, 0.84863, 0.83693, 0.8492, 0.83639]
Best Dev MSE: 1.00919 (Obtained during Evaluation #6)
Test MSE: 1.06950, Test MAE: 0.84716

[3, 5, 7]
[Training Loss]
[10.98866, 5.82341, 3.16308, 1.84324, 1.28961, 1.0779, 0.96469, 0.87124, 0.78219, 0.704]
[Dev MSE]
[5.12343, 2.98538, 1.97421, 1.41962, 1.05658, 1.00939, 1.01068, 1.01352, 1.01848, 1.02966]
[Test MSE]
[5.49107, 3.23626, 2.1505, 1.517, 1.1332, 1.05659, 1.05512, 1.0626, 1.07947, 1.09616]
[Test MAE]
[2.19596, 1.66021, 1.34814, 1.11372, 0.89387, 0.83877, 0.83342, 0.83017, 0.83969, 0.83799]
Best Dev MSE: 1.00939 (Obtained during Evaluation #6)
Test MSE: 1.05659, Test MAE: 0.83877
