========================================================================================================================
  ARL_lr: 0.01
  ARL_path: 
  batch_size: 128
  channels_global: 100
  channels_local: 200
  command: -d Pet_Supplies -m ANRS -e 10 -dr 0.9 -WED 300 -K 5 -h1 50 -h2 50 -p 1 -v 50000 -rs 1337 -gpu 0 -vb 1 -sm Pet_Supplies_ANRS
  ctx_win_size: 3
  dataset: Pet_Supplies
  disable_initial_eval: 0
  dropout_rate: 0.9
  epochs: 10
  filters_num: 100
  gpu: 0
  h1: 50
  h2: 50
  hidden_size: 500
  input_dir: ./datasets/Pet_Supplies/
  L2_reg: 1e-06
  learning_rate: 0.002
  loss_function: MSELoss
  max_doc_len: 500
  max_vis_len: 500
  model: ANRS
  num_aspects: 5
  optimizer: Adam
  out_dir: ./experimental_results/Pet_Supplies - ANRS/
  output_size: 50
  pretrained_src: 1
  random_seed: 1337
  save_model: Pet_Supplies_ANRS
  use_cuda: True
  verbose: 1
  vocab_size: 50000
  word_embed_dim: 300
========================================================================================================================

[INFO] # of Users: 535,028, # of Items: 85,685

Creating model (Selected Model: ANRS)..
[args.use_cuda: True] Model is on the GPU! (args.gpu: 0, torch.cuda.current_device(): 0)
Model created! Elapsed Time: 3.85s (0.06 minute)

Loading uid_userDoc from "./datasets/Pet_Supplies/Pet_Supplies_uid_userDoc.npy"..
uid_userDoc loaded! [uid_userDoc: (535028, 500)]

Loading iid_itemDoc from "./datasets/Pet_Supplies/Pet_Supplies_iid_itemDoc.npy"..
iid_itemDoc loaded! [iid_itemDoc: (85685, 500)]

Loading pretrained word embeddings from "./datasets/Pet_Supplies/Pet_Supplies_wed300_wid_wordEmbed.npy"..
Pretrained word embeddings loaded! [wid_wEmbed: (50002, 300)]

Initialization Complete.. Elapsed Time: 24.77s (0.41 minute)

Train/Dev/Test splits loaded! |TRAIN|: 800,000, |DEV|: 46,037, |TEST|: 46,223
Train/Dev/Test splits loaded! Elapsed Time: 25.05s (0.42 minute)

Performing initial evaluation for VALIDATION set..
[Initial] [Dev]  MSE: 19.05783, MAE: 4.18491

Performing initial evaluation for TESTING set..
[Initial] [Test] MSE: 19.09220, MAE: 4.18856

Initial Evaluation Complete.. Elapsed Time: 36.28s (0.60 minute)

Parameters with L2 Regularization (Regularization Strength: 1e-06):
ANRS_RatingPred.uid_userOffset.weight, ANRS_RatingPred.iid_itemOffset.weight

Optimizer: Adam, Loss Function: MSELoss

Model Size: 326,053,564
# of Trainable Parameters: 696,464
ANR (
  (uid_userDoc): Embedding(535028, 500), weights = ((535028, 500),), parameters = 267,514,000
  (iid_itemDoc): Embedding(85685, 500), weights = ((85685, 500),), parameters = 42,842,500
  (wid_wEmbed): Embedding(50002, 300), weights = ((50002, 300),), parameters = 15,000,600
  (shared_ANR_ARL): ANR_ARL(
    (aspEmbed): Embedding(5, 150)
    (aspProj): Parameter(5, 300, 50)
  ), weights = ((5, 300, 50), (5, 150)), parameters = 75,750 (Trainable)
  (ANRS_RatingPred): ANRS_RatingPred(
    (userAspRepDropout): Dropout(p=0.9, inplace=False)
    (itemAspRepDropout): Dropout(p=0.9, inplace=False)
    (uid_userOffset): Embedding(535028, 1)
    (iid_itemOffset): Embedding(85685, 1)
    (globalOffset): Parameter(1,)
  ), weights = ((1,), (535028, 1), (85685, 1)), parameters = 620,714 (Trainable)
)
========================================================================================================================

[Epoch 1/10] Training Loss: 2.61803	Elapsed Time: 229.28s (0:03:49)
[Epoch 1] [Dev]  MSE: 1.41311, MAE: 0.94453
[Epoch 1] [Test] MSE: 1.41844, MAE: 0.94938

*** MODEL has obtained the best DEV MSE of 1.41311 so far!
*** The Best MODEL saved to "./__saved_models__/Pet_Supplies - ANRS/Pet_Supplies_ANRS_1337.pth"

[Epoch 2/10] Training Loss: 1.48861	Elapsed Time: 469.51s (0:07:49)
[Epoch 2] [Dev]  MSE: 1.36574, MAE: 0.91283
[Epoch 2] [Test] MSE: 1.37432, MAE: 0.91799

*** MODEL has obtained the best DEV MSE of 1.36574 so far!
*** The Best MODEL saved to "./__saved_models__/Pet_Supplies - ANRS/Pet_Supplies_ANRS_1337.pth"

[Epoch 3/10] Training Loss: 1.35222	Elapsed Time: 709.84s (0:11:49)
[Epoch 3] [Dev]  MSE: 1.35405, MAE: 0.89579
[Epoch 3] [Test] MSE: 1.36257, MAE: 0.90001

*** MODEL has obtained the best DEV MSE of 1.35405 so far!
*** The Best MODEL saved to "./__saved_models__/Pet_Supplies - ANRS/Pet_Supplies_ANRS_1337.pth"

[Epoch 4/10] Training Loss: 1.28018	Elapsed Time: 950.06s (0:15:50)
[Epoch 4] [Dev]  MSE: 1.35632, MAE: 0.88727
[Epoch 4] [Test] MSE: 1.36467, MAE: 0.89174

[Epoch 5/10] Training Loss: 1.21938	Elapsed Time: 1,190.19s (0:19:50)
[Epoch 5] [Dev]  MSE: 1.35822, MAE: 0.88905
[Epoch 5] [Test] MSE: 1.36785, MAE: 0.89344

[Epoch 6/10] Training Loss: 1.18273	Elapsed Time: 1,430.28s (0:23:50)
[Epoch 6] [Dev]  MSE: 1.36499, MAE: 0.88682
[Epoch 6] [Test] MSE: 1.37540, MAE: 0.89199

[Epoch 7/10] Training Loss: 1.16121	Elapsed Time: 1,670.42s (0:27:50)
[Epoch 7] [Dev]  MSE: 1.36943, MAE: 0.88421
[Epoch 7] [Test] MSE: 1.37875, MAE: 0.88894

[Epoch 8/10] Training Loss: 1.15439	Elapsed Time: 1,910.58s (0:31:50)
[Epoch 8] [Dev]  MSE: 1.37431, MAE: 0.88476
[Epoch 8] [Test] MSE: 1.38417, MAE: 0.88951

[Epoch 9/10] Training Loss: 1.12276	Elapsed Time: 2,150.78s (0:35:50)
[Epoch 9] [Dev]  MSE: 1.37958, MAE: 0.88698
[Epoch 9] [Test] MSE: 1.38907, MAE: 0.89197

[Epoch 10/10] Training Loss: 1.11365	Elapsed Time: 2,390.98s (0:39:50)
[Epoch 10] [Dev]  MSE: 1.38141, MAE: 0.88627
[Epoch 10] [Test] MSE: 1.39278, MAE: 0.89165
*** The Last MODEL saved to "./__saved_models__/Pet_Supplies - ANRS/Pet_Supplies_ANRS_1337_10.pth"

[Training Loss]
[2.61803, 1.48861, 1.35222, 1.28018, 1.21938, 1.18273, 1.16121, 1.15439, 1.12276, 1.11365]

[Dev MSE]
[1.41311, 1.36574, 1.35405, 1.35632, 1.35822, 1.36499, 1.36943, 1.37431, 1.37958, 1.38141]
[Test MSE]
[1.41844, 1.37432, 1.36257, 1.36467, 1.36785, 1.3754, 1.37875, 1.38417, 1.38907, 1.39278]
[Test MAE]
[0.94938, 0.91799, 0.90001, 0.89174, 0.89344, 0.89199, 0.88894, 0.88951, 0.89197, 0.89165]


Best Dev MSE: 1.35405 (Obtained during Evaluation #3)
Test MSE: 1.36257, Test MAE: 0.90001

End of Program! Elapsed Time: 2,438.37s (0:40:38)
