========================================================================================================================
  ARL_lr: 0.01
  ARL_path: 
  batch_size: 128
  channels_global: 100
  channels_local: 200
  command: -d Automotive -m DeepCoNN -e 10 -dr 0.9 -WED 300 -p 1 -v 50000 -K 5 -h1 50 -h2 50 -filters_num 100 -output_size 50 -rs 1234 -gpu 0 -vb 1 -sm Automotive_DeepCoNN
  ctx_win_size: 3
  dataset: Automotive
  disable_initial_eval: 0
  dropout_rate: 0.9
  epochs: 10
  filters_num: 100
  gpu: 0
  h1: 50
  h2: 50
  hidden_size: 500
  input_dir: ./datasets/Automotive/
  L2_reg: 1e-06
  learning_rate: 0.002
  loss_function: MSELoss
  max_doc_len: 500
  max_vis_len: 500
  model: DeepCoNN
  num_aspects: 5
  optimizer: Adam
  out_dir: ./experimental_results/Automotive - DeepCoNN/
  output_size: 50
  pretrained_src: 1
  random_seed: 1234
  save_model: Automotive_DeepCoNN
  use_cuda: True
  verbose: 1
  vocab_size: 50000
  word_embed_dim: 300
========================================================================================================================

[INFO] # of Users: 561,942, # of Items: 233,577

Creating model (Selected Model: DeepCoNN)..
[args.use_cuda: True] Model is on the GPU! (args.gpu: 0, torch.cuda.current_device(): 0)
Model created! Elapsed Time: 4.47s (0.07 minute)

Loading uid_userDoc from "./datasets/Automotive/Automotive_uid_userDoc.npy"..
uid_userDoc loaded! [uid_userDoc: (561942, 500)]

Loading iid_itemDoc from "./datasets/Automotive/Automotive_iid_itemDoc.npy"..
iid_itemDoc loaded! [iid_itemDoc: (233577, 500)]

Loading pretrained word embeddings from "./datasets/Automotive/Automotive_wed300_wid_wordEmbed.npy"..
Pretrained word embeddings loaded! [wid_wEmbed: (50002, 300)]

Initialization Complete.. Elapsed Time: 32.53s (0.54 minute)

Train/Dev/Test splits loaded! |TRAIN|: 800,000, |DEV|: 35,546, |TEST|: 35,690
Train/Dev/Test splits loaded! Elapsed Time: 32.80s (0.55 minute)

Performing initial evaluation for VALIDATION set..
[Initial] [Dev]  MSE: 17.49557, MAE: 4.02627

Performing initial evaluation for TESTING set..
[Initial] [Test] MSE: 17.47476, MAE: 4.02143

Initial Evaluation Complete.. Elapsed Time: 38.69s (0.64 minute)

Optimizer: Adam, Loss Function: MSELoss

Model Size: 413,745,920
# of Trainable Parameters: 985,820
DeepCoNN (
  (uid_userDoc): Embedding(561942, 500), weights = ((561942, 500),), parameters = 280,971,000
  (iid_itemDoc): Embedding(233577, 500), weights = ((233577, 500),), parameters = 116,788,500
  (wid_wEmbed): Embedding(50002, 300), weights = ((50002, 300),), parameters = 15,000,600
  (user_CNN): Conv2d(1, 100, kernel_size=(3, 300), stride=(1, 1)), weights = ((100, 1, 3, 300), (100,)), parameters = 90,100 (Trainable)
  (item_CNN): Conv2d(1, 100, kernel_size=(3, 300), stride=(1, 1)), weights = ((100, 1, 3, 300), (100,)), parameters = 90,100 (Trainable)
  (user_fcLayer): Linear(in_features=100, out_features=50, bias=True), weights = ((50, 100), (50,)), parameters = 5,050 (Trainable)
  (item_fcLayer): Linear(in_features=100, out_features=50, bias=True), weights = ((50, 100), (50,)), parameters = 5,050 (Trainable)
  (userDropout): Dropout(p=0.9, inplace=False), weights = (), parameters = 0
  (itemDropout): Dropout(p=0.9, inplace=False), weights = (), parameters = 0
  (DeepCoNN_RatingPred): DeepCoNN_RatingPred(
    (uid_userOffset): Embedding(561942, 1)
    (iid_itemOffset): Embedding(233577, 1)
    (globalOffset): Parameter(1,)
  ), weights = ((1,), (561942, 1), (233577, 1)), parameters = 795,520 (Trainable)
)
========================================================================================================================

[Epoch 1/10] Training Loss: 3.08255	Elapsed Time: 123.33s (0:02:03)
[Epoch 1] [Dev]  MSE: 1.19449, MAE: 0.84226
[Epoch 1] [Test] MSE: 1.20996, MAE: 0.84610

*** MODEL has obtained the best DEV MSE of 1.19449 so far!
*** The Best MODEL saved to "./__saved_models__/Automotive - DeepCoNN/Automotive_DeepCoNN_1234.pth"

[Epoch 2/10] Training Loss: 1.26580	Elapsed Time: 252.77s (0:04:12)
[Epoch 2] [Dev]  MSE: 1.16226, MAE: 0.82827
[Epoch 2] [Test] MSE: 1.18043, MAE: 0.83264

*** MODEL has obtained the best DEV MSE of 1.16226 so far!
*** The Best MODEL saved to "./__saved_models__/Automotive - DeepCoNN/Automotive_DeepCoNN_1234.pth"

[Epoch 3/10] Training Loss: 1.11099	Elapsed Time: 382.23s (0:06:22)
[Epoch 3] [Dev]  MSE: 1.14812, MAE: 0.80498
[Epoch 3] [Test] MSE: 1.16655, MAE: 0.80902

*** MODEL has obtained the best DEV MSE of 1.14812 so far!
*** The Best MODEL saved to "./__saved_models__/Automotive - DeepCoNN/Automotive_DeepCoNN_1234.pth"

[Epoch 4/10] Training Loss: 0.99416	Elapsed Time: 511.70s (0:08:31)
[Epoch 4] [Dev]  MSE: 1.15204, MAE: 0.77674
[Epoch 4] [Test] MSE: 1.16740, MAE: 0.77944

[Epoch 5/10] Training Loss: 0.90013	Elapsed Time: 641.15s (0:10:41)
[Epoch 5] [Dev]  MSE: 1.16457, MAE: 0.79556
[Epoch 5] [Test] MSE: 1.18146, MAE: 0.79857

[Epoch 6/10] Training Loss: 0.81856	Elapsed Time: 770.62s (0:12:50)
[Epoch 6] [Dev]  MSE: 1.17766, MAE: 0.78244
[Epoch 6] [Test] MSE: 1.19479, MAE: 0.78493

[Epoch 7/10] Training Loss: 0.74956	Elapsed Time: 900.04s (0:15:00)
[Epoch 7] [Dev]  MSE: 1.19905, MAE: 0.78953
[Epoch 7] [Test] MSE: 1.21559, MAE: 0.79230

[Epoch 8/10] Training Loss: 0.68863	Elapsed Time: 1,029.51s (0:17:09)
[Epoch 8] [Dev]  MSE: 1.21075, MAE: 0.80376
[Epoch 8] [Test] MSE: 1.22717, MAE: 0.80634

[Epoch 9/10] Training Loss: 0.63437	Elapsed Time: 1,158.95s (0:19:18)
[Epoch 9] [Dev]  MSE: 1.22194, MAE: 0.79501
[Epoch 9] [Test] MSE: 1.24028, MAE: 0.79865

[Epoch 10/10] Training Loss: 0.58604	Elapsed Time: 1,288.40s (0:21:28)
[Epoch 10] [Dev]  MSE: 1.23925, MAE: 0.79776
[Epoch 10] [Test] MSE: 1.25781, MAE: 0.80170
*** The Last MODEL saved to "./__saved_models__/Automotive - DeepCoNN/Automotive_DeepCoNN_1234_10.pth"

[Training Loss]
[3.08255, 1.2658, 1.11099, 0.99416, 0.90013, 0.81856, 0.74956, 0.68863, 0.63437, 0.58604]

[Dev MSE]
[1.19449, 1.16226, 1.14812, 1.15204, 1.16457, 1.17766, 1.19905, 1.21075, 1.22194, 1.23925]
[Test MSE]
[1.20996, 1.18043, 1.16655, 1.1674, 1.18146, 1.19479, 1.21559, 1.22717, 1.24028, 1.25781]
[Test MAE]
[0.8461, 0.83264, 0.80902, 0.77944, 0.79857, 0.78493, 0.7923, 0.80634, 0.79865, 0.8017]


Best Dev MSE: 1.14812 (Obtained during Evaluation #3)
Test MSE: 1.16655, Test MAE: 0.80902

End of Program! Elapsed Time: 1,332.89s (0:22:12)
