========================================================================================================================
  ARL_lr: 0.01
  ARL_path: 
  batch_size: 128
  channels_global: 100
  channels_local: 200
  command: -d Office_Products -m DeepCoNN -e 10 -dr 0.5 -p 1 -v 50000 -K 5 -h1 10 -h2 50 -filters_num 100 -output_size 50 -rs 1234 -gpu 0 -vb 1 -sm Office_Products_DeepCoNN
  ctx_win_size: 3
  dataset: Office_Products
  disable_initial_eval: 0
  dropout_rate: 0.5
  epochs: 10
  filters_num: 100
  gpu: 0
  h1: 10
  h2: 50
  hidden_size: 500
  input_dir: ./datasets/Office_Products/
  L2_reg: 1e-06
  learning_rate: 0.002
  loss_function: MSELoss
  max_doc_len: 500
  max_vis_len: 500
  model: DeepCoNN
  num_aspects: 5
  optimizer: Adam
  out_dir: ./experimental_results/Office_Products - DeepCoNN/
  output_size: 50
  pretrained_src: 1
  random_seed: 1234
  save_model: Office_Products_DeepCoNN
  use_cuda: True
  verbose: 1
  vocab_size: 50000
  word_embed_dim: 300
========================================================================================================================

[INFO] # of Users: 628,512, # of Items: 105,406

Creating model (Selected Model: DeepCoNN)..
[args.use_cuda: True] Model is on the GPU! (args.gpu: 0, torch.cuda.current_device(): 0)
Model created! Elapsed Time: 4.20s (0.07 minute)

Loading uid_userDoc from "./datasets/Office_Products/Office_Products_uid_userDoc.npy"..
uid_userDoc loaded! [uid_userDoc: (628512, 500)]

Loading iid_itemDoc from "./datasets/Office_Products/Office_Products_iid_itemDoc.npy"..
iid_itemDoc loaded! [iid_itemDoc: (105406, 500)]

Loading pretrained word embeddings from "./datasets/Office_Products/Office_Products_wid_wordEmbed.npy"..
Pretrained word embeddings loaded! [wid_wEmbed: (50002, 300)]

Initialization Complete.. Elapsed Time: 28.87s (0.48 minute)

Train/Dev/Test splits loaded! |TRAIN|: 800,000, |DEV|: 30,765, |TEST|: 30,933
Train/Dev/Test splits loaded! Elapsed Time: 29.13s (0.49 minute)

Performing initial evaluation for VALIDATION set..
[Initial] [Dev]  MSE: 15.78036, MAE: 3.77506

Performing initial evaluation for TESTING set..
[Initial] [Test] MSE: 15.65574, MAE: 3.75329

Initial Evaluation Complete.. Elapsed Time: 34.22s (0.57 minute)

Optimizer: Adam, Loss Function: MSELoss

Model Size: 382,883,819
# of Trainable Parameters: 924,219
DeepCoNN (
  (uid_userDoc): Embedding(628512, 500), weights = ((628512, 500),), parameters = 314,256,000
  (iid_itemDoc): Embedding(105406, 500), weights = ((105406, 500),), parameters = 52,703,000
  (wid_wEmbed): Embedding(50002, 300), weights = ((50002, 300),), parameters = 15,000,600
  (user_CNN): Conv2d(1, 100, kernel_size=(3, 300), stride=(1, 1)), weights = ((100, 1, 3, 300), (100,)), parameters = 90,100 (Trainable)
  (item_CNN): Conv2d(1, 100, kernel_size=(3, 300), stride=(1, 1)), weights = ((100, 1, 3, 300), (100,)), parameters = 90,100 (Trainable)
  (user_fcLayer): Linear(in_features=100, out_features=50, bias=True), weights = ((50, 100), (50,)), parameters = 5,050 (Trainable)
  (item_fcLayer): Linear(in_features=100, out_features=50, bias=True), weights = ((50, 100), (50,)), parameters = 5,050 (Trainable)
  (userDropout): Dropout(p=0.5, inplace=False), weights = (), parameters = 0
  (itemDropout): Dropout(p=0.5, inplace=False), weights = (), parameters = 0
  (DeepCoNN_RatingPred): DeepCoNN_RatingPred(
    (uid_userOffset): Embedding(628512, 1)
    (iid_itemOffset): Embedding(105406, 1)
    (globalOffset): Parameter(1,)
  ), weights = ((1,), (628512, 1), (105406, 1)), parameters = 733,919 (Trainable)
)
========================================================================================================================

[Epoch 1/10] Training Loss: 1.20865	Elapsed Time: 123.24s (0:02:03)
[Epoch 1] [Dev]  MSE: 1.71363, MAE: 0.98268
[Epoch 1] [Test] MSE: 1.68930, MAE: 0.98117

*** MODEL has obtained the best DEV MSE of 1.71363 so far!
*** The Best MODEL saved to "./__saved_models__/Office_Products - DeepCoNN/Office_Products_DeepCoNN_1234.pth"

[Epoch 2/10] Training Loss: 0.81603	Elapsed Time: 251.59s (0:04:11)
[Epoch 2] [Dev]  MSE: 1.60827, MAE: 0.91910
[Epoch 2] [Test] MSE: 1.58905, MAE: 0.91839

*** MODEL has obtained the best DEV MSE of 1.60827 so far!
*** The Best MODEL saved to "./__saved_models__/Office_Products - DeepCoNN/Office_Products_DeepCoNN_1234.pth"

[Epoch 3/10] Training Loss: 0.72512	Elapsed Time: 380.02s (0:06:20)
[Epoch 3] [Dev]  MSE: 1.61681, MAE: 0.89961
[Epoch 3] [Test] MSE: 1.59893, MAE: 0.89709

[Epoch 4/10] Training Loss: 0.65831	Elapsed Time: 508.36s (0:08:28)
[Epoch 4] [Dev]  MSE: 1.56610, MAE: 0.88043
[Epoch 4] [Test] MSE: 1.55119, MAE: 0.87807

*** MODEL has obtained the best DEV MSE of 1.56610 so far!
*** The Best MODEL saved to "./__saved_models__/Office_Products - DeepCoNN/Office_Products_DeepCoNN_1234.pth"

[Epoch 5/10] Training Loss: 0.60374	Elapsed Time: 636.82s (0:10:36)
[Epoch 5] [Dev]  MSE: 1.54001, MAE: 0.89224
[Epoch 5] [Test] MSE: 1.52383, MAE: 0.89133

*** MODEL has obtained the best DEV MSE of 1.54001 so far!
*** The Best MODEL saved to "./__saved_models__/Office_Products - DeepCoNN/Office_Products_DeepCoNN_1234.pth"

[Epoch 6/10] Training Loss: 0.55857	Elapsed Time: 765.23s (0:12:45)
[Epoch 6] [Dev]  MSE: 1.60640, MAE: 0.90346
[Epoch 6] [Test] MSE: 1.58508, MAE: 0.90099

[Epoch 7/10] Training Loss: 0.51965	Elapsed Time: 893.63s (0:14:53)
[Epoch 7] [Dev]  MSE: 1.60976, MAE: 0.90674
[Epoch 7] [Test] MSE: 1.58282, MAE: 0.90126

[Epoch 8/10] Training Loss: 0.48647	Elapsed Time: 1,022.02s (0:17:02)
[Epoch 8] [Dev]  MSE: 1.58611, MAE: 0.89871
[Epoch 8] [Test] MSE: 1.56334, MAE: 0.89479

[Epoch 9/10] Training Loss: 0.45731	Elapsed Time: 1,150.43s (0:19:10)
[Epoch 9] [Dev]  MSE: 1.60485, MAE: 0.90468
[Epoch 9] [Test] MSE: 1.58382, MAE: 0.90023

[Epoch 10/10] Training Loss: 0.43101	Elapsed Time: 1,278.81s (0:21:18)
[Epoch 10] [Dev]  MSE: 1.58950, MAE: 0.89230
[Epoch 10] [Test] MSE: 1.56515, MAE: 0.88673
*** The Last MODEL saved to "./__saved_models__/Office_Products - DeepCoNN/Office_Products_DeepCoNN_1234_10.pth"

[Training Loss]
[1.20865, 0.81603, 0.72512, 0.65831, 0.60374, 0.55857, 0.51965, 0.48647, 0.45731, 0.43101]

[Dev MSE]
[1.71363, 1.60827, 1.61681, 1.5661, 1.54001, 1.6064, 1.60976, 1.58611, 1.60485, 1.5895]
[Test MSE]
[1.6893, 1.58905, 1.59893, 1.55119, 1.52383, 1.58508, 1.58282, 1.56334, 1.58382, 1.56515]
[Test MAE]
[0.98117, 0.91839, 0.89709, 0.87807, 0.89133, 0.90099, 0.90126, 0.89479, 0.90023, 0.88673]


Best Dev MSE: 1.54001 (Obtained during Evaluation #5)
Test MSE: 1.52383, Test MAE: 0.89133

End of Program! Elapsed Time: 1,318.02s (0:21:58)
