========================================================================================================================
  ARL_lr: 0.01
  ARL_path: 
  batch_size: 128
  channels_global: 100
  channels_local: 200
  command: -d Tools_and_Home_Improvement -m DeepCoNN -e 10 -dr 0.5 -p 1 -v 50000 -K 5 -h1 10 -h2 50 -filters_num 100 -output_size 50 -rs 1234 -gpu 0 -vb 1 -sm Tools_and_Home_Improvement_DeepCoNN
  ctx_win_size: 3
  dataset: Tools_and_Home_Improvement
  disable_initial_eval: 0
  dropout_rate: 0.5
  epochs: 10
  filters_num: 100
  gpu: 0
  h1: 10
  h2: 50
  hidden_size: 500
  input_dir: ./datasets/Tools_and_Home_Improvement/
  L2_reg: 1e-06
  learning_rate: 0.002
  loss_function: MSELoss
  max_doc_len: 500
  max_vis_len: 500
  model: DeepCoNN
  num_aspects: 5
  optimizer: Adam
  out_dir: ./experimental_results/Tools_and_Home_Improvement - DeepCoNN/
  output_size: 50
  pretrained_src: 1
  random_seed: 1234
  save_model: Tools_and_Home_Improvement_DeepCoNN
  use_cuda: True
  verbose: 1
  vocab_size: 50000
  word_embed_dim: 300
========================================================================================================================

[INFO] # of Users: 604,303, # of Items: 167,536

Creating model (Selected Model: DeepCoNN)..
[args.use_cuda: True] Model is on the GPU! (args.gpu: 0, torch.cuda.current_device(): 0)
Model created! Elapsed Time: 4.39s (0.07 minute)

Loading uid_userDoc from "./datasets/Tools_and_Home_Improvement/Tools_and_Home_Improvement_uid_userDoc.npy"..
uid_userDoc loaded! [uid_userDoc: (604303, 500)]

Loading iid_itemDoc from "./datasets/Tools_and_Home_Improvement/Tools_and_Home_Improvement_iid_itemDoc.npy"..
iid_itemDoc loaded! [iid_itemDoc: (167536, 500)]

Loading pretrained word embeddings from "./datasets/Tools_and_Home_Improvement/Tools_and_Home_Improvement_wid_wordEmbed.npy"..
Pretrained word embeddings loaded! [wid_wEmbed: (50002, 300)]

Initialization Complete.. Elapsed Time: 30.45s (0.51 minute)

Train/Dev/Test splits loaded! |TRAIN|: 800,000, |DEV|: 32,887, |TEST|: 33,155
Train/Dev/Test splits loaded! Elapsed Time: 30.73s (0.51 minute)

Performing initial evaluation for VALIDATION set..
[Initial] [Dev]  MSE: 16.71647, MAE: 3.91794

Performing initial evaluation for TESTING set..
[Initial] [Test] MSE: 16.74067, MAE: 3.92326

Initial Evaluation Complete.. Elapsed Time: 36.21s (0.60 minute)

Optimizer: Adam, Loss Function: MSELoss

Model Size: 401,882,240
# of Trainable Parameters: 962,140
DeepCoNN (
  (uid_userDoc): Embedding(604303, 500), weights = ((604303, 500),), parameters = 302,151,500
  (iid_itemDoc): Embedding(167536, 500), weights = ((167536, 500),), parameters = 83,768,000
  (wid_wEmbed): Embedding(50002, 300), weights = ((50002, 300),), parameters = 15,000,600
  (user_CNN): Conv2d(1, 100, kernel_size=(3, 300), stride=(1, 1)), weights = ((100, 1, 3, 300), (100,)), parameters = 90,100 (Trainable)
  (item_CNN): Conv2d(1, 100, kernel_size=(3, 300), stride=(1, 1)), weights = ((100, 1, 3, 300), (100,)), parameters = 90,100 (Trainable)
  (user_fcLayer): Linear(in_features=100, out_features=50, bias=True), weights = ((50, 100), (50,)), parameters = 5,050 (Trainable)
  (item_fcLayer): Linear(in_features=100, out_features=50, bias=True), weights = ((50, 100), (50,)), parameters = 5,050 (Trainable)
  (userDropout): Dropout(p=0.5, inplace=False), weights = (), parameters = 0
  (itemDropout): Dropout(p=0.5, inplace=False), weights = (), parameters = 0
  (DeepCoNN_RatingPred): DeepCoNN_RatingPred(
    (uid_userOffset): Embedding(604303, 1)
    (iid_itemOffset): Embedding(167536, 1)
    (globalOffset): Parameter(1,)
  ), weights = ((1,), (604303, 1), (167536, 1)), parameters = 771,840 (Trainable)
)
========================================================================================================================

[Epoch 1/10] Training Loss: 1.22793	Elapsed Time: 124.54s (0:02:04)
[Epoch 1] [Dev]  MSE: 1.56652, MAE: 0.91095
[Epoch 1] [Test] MSE: 1.57962, MAE: 0.91607

*** MODEL has obtained the best DEV MSE of 1.56652 so far!
*** The Best MODEL saved to "./__saved_models__/Tools_and_Home_Improvement - DeepCoNN/Tools_and_Home_Improvement_DeepCoNN_1234.pth"

[Epoch 2/10] Training Loss: 0.80768	Elapsed Time: 254.70s (0:04:14)
[Epoch 2] [Dev]  MSE: 1.44611, MAE: 0.88337
[Epoch 2] [Test] MSE: 1.45993, MAE: 0.88968

*** MODEL has obtained the best DEV MSE of 1.44611 so far!
*** The Best MODEL saved to "./__saved_models__/Tools_and_Home_Improvement - DeepCoNN/Tools_and_Home_Improvement_DeepCoNN_1234.pth"

[Epoch 3/10] Training Loss: 0.70839	Elapsed Time: 384.89s (0:06:24)
[Epoch 3] [Dev]  MSE: 1.45453, MAE: 0.85630
[Epoch 3] [Test] MSE: 1.45857, MAE: 0.86101

[Epoch 4/10] Training Loss: 0.63914	Elapsed Time: 515.08s (0:08:35)
[Epoch 4] [Dev]  MSE: 1.40831, MAE: 0.85756
[Epoch 4] [Test] MSE: 1.40742, MAE: 0.86004

*** MODEL has obtained the best DEV MSE of 1.40831 so far!
*** The Best MODEL saved to "./__saved_models__/Tools_and_Home_Improvement - DeepCoNN/Tools_and_Home_Improvement_DeepCoNN_1234.pth"

[Epoch 5/10] Training Loss: 0.58238	Elapsed Time: 645.17s (0:10:45)
[Epoch 5] [Dev]  MSE: 1.45874, MAE: 0.86159
[Epoch 5] [Test] MSE: 1.46051, MAE: 0.86514

[Epoch 6/10] Training Loss: 0.53556	Elapsed Time: 775.29s (0:12:55)
[Epoch 6] [Dev]  MSE: 1.42937, MAE: 0.83387
[Epoch 6] [Test] MSE: 1.42981, MAE: 0.83676

[Epoch 7/10] Training Loss: 0.49627	Elapsed Time: 905.30s (0:15:05)
[Epoch 7] [Dev]  MSE: 1.49955, MAE: 0.87945
[Epoch 7] [Test] MSE: 1.50825, MAE: 0.88477

[Epoch 8/10] Training Loss: 0.46312	Elapsed Time: 1,035.50s (0:17:15)
[Epoch 8] [Dev]  MSE: 1.53622, MAE: 0.87398
[Epoch 8] [Test] MSE: 1.53949, MAE: 0.87821

[Epoch 9/10] Training Loss: 0.43373	Elapsed Time: 1,165.53s (0:19:25)
[Epoch 9] [Dev]  MSE: 1.53059, MAE: 0.90323
[Epoch 9] [Test] MSE: 1.53892, MAE: 0.90870

[Epoch 10/10] Training Loss: 0.40947	Elapsed Time: 1,295.61s (0:21:35)
[Epoch 10] [Dev]  MSE: 1.52137, MAE: 0.87685
[Epoch 10] [Test] MSE: 1.52891, MAE: 0.88224
*** The Last MODEL saved to "./__saved_models__/Tools_and_Home_Improvement - DeepCoNN/Tools_and_Home_Improvement_DeepCoNN_1234_10.pth"

[Training Loss]
[1.22793, 0.80768, 0.70839, 0.63914, 0.58238, 0.53556, 0.49627, 0.46312, 0.43373, 0.40947]

[Dev MSE]
[1.56652, 1.44611, 1.45453, 1.40831, 1.45874, 1.42937, 1.49955, 1.53622, 1.53059, 1.52137]
[Test MSE]
[1.57962, 1.45993, 1.45857, 1.40742, 1.46051, 1.42981, 1.50825, 1.53949, 1.53892, 1.52891]
[Test MAE]
[0.91607, 0.88968, 0.86101, 0.86004, 0.86514, 0.83676, 0.88477, 0.87821, 0.9087, 0.88224]


Best Dev MSE: 1.40831 (Obtained during Evaluation #4)
Test MSE: 1.40742, Test MAE: 0.86004

End of Program! Elapsed Time: 1,337.17s (0:22:17)
