========================================================================================================================
  ARL_lr: 0.01
  ARL_path: 
  batch_size: 128
  channels_global: 100
  channels_local: 200
  command: -d Baby -m ANRS -e 10 -dr 0.9 -WED 300 -K 5 -h1 50 -h2 50 -p 1 -v 50000 -rs 1337 -gpu 0 -vb 1 -sm Baby_ANRS
  ctx_win_size: 3
  dataset: Baby
  disable_initial_eval: 0
  dropout_rate: 0.9
  epochs: 10
  filters_num: 100
  gpu: 0
  h1: 50
  h2: 50
  hidden_size: 500
  input_dir: ./datasets/Baby/
  L2_reg: 1e-06
  learning_rate: 0.002
  loss_function: MSELoss
  max_doc_len: 500
  max_vis_len: 500
  model: ANRS
  num_aspects: 5
  optimizer: Adam
  out_dir: ./experimental_results/Baby - ANRS/
  output_size: 50
  pretrained_src: 1
  random_seed: 1337
  save_model: Baby_ANRS
  use_cuda: True
  verbose: 1
  vocab_size: 50000
  word_embed_dim: 300
========================================================================================================================

[INFO] # of Users: 446,248, # of Items: 58,586

Creating model (Selected Model: ANRS)..
[args.use_cuda: True] Model is on the GPU! (args.gpu: 0, torch.cuda.current_device(): 0)
Model created! Elapsed Time: 3.35s (0.06 minute)

Loading uid_userDoc from "./datasets/Baby/Baby_uid_userDoc.npy"..
uid_userDoc loaded! [uid_userDoc: (446248, 500)]

Loading iid_itemDoc from "./datasets/Baby/Baby_iid_itemDoc.npy"..
iid_itemDoc loaded! [iid_itemDoc: (58586, 500)]

Loading pretrained word embeddings from "./datasets/Baby/Baby_wed300_wid_wordEmbed.npy"..
Pretrained word embeddings loaded! [wid_wEmbed: (50002, 300)]

Initialization Complete.. Elapsed Time: 21.61s (0.36 minute)

Train/Dev/Test splits loaded! |TRAIN|: 721,979, |DEV|: 47,357, |TEST|: 47,373
Train/Dev/Test splits loaded! Elapsed Time: 21.86s (0.36 minute)

Performing initial evaluation for VALIDATION set..
[Initial] [Dev]  MSE: 18.88790, MAE: 4.17455

Performing initial evaluation for TESTING set..
[Initial] [Test] MSE: 18.86039, MAE: 4.17164

Initial Evaluation Complete.. Elapsed Time: 33.40s (0.56 minute)

Parameters with L2 Regularization (Regularization Strength: 1e-06):
ANRS_RatingPred.uid_userOffset.weight, ANRS_RatingPred.iid_itemOffset.weight

Optimizer: Adam, Loss Function: MSELoss

Model Size: 267,998,185
# of Trainable Parameters: 580,585
ANR (
  (uid_userDoc): Embedding(446248, 500), weights = ((446248, 500),), parameters = 223,124,000
  (iid_itemDoc): Embedding(58586, 500), weights = ((58586, 500),), parameters = 29,293,000
  (wid_wEmbed): Embedding(50002, 300), weights = ((50002, 300),), parameters = 15,000,600
  (shared_ANR_ARL): ANR_ARL(
    (aspEmbed): Embedding(5, 150)
    (aspProj): Parameter(5, 300, 50)
  ), weights = ((5, 300, 50), (5, 150)), parameters = 75,750 (Trainable)
  (ANRS_RatingPred): ANRS_RatingPred(
    (userAspRepDropout): Dropout(p=0.9, inplace=False)
    (itemAspRepDropout): Dropout(p=0.9, inplace=False)
    (uid_userOffset): Embedding(446248, 1)
    (iid_itemOffset): Embedding(58586, 1)
    (globalOffset): Parameter(1,)
  ), weights = ((1,), (446248, 1), (58586, 1)), parameters = 504,835 (Trainable)
)
========================================================================================================================

[Epoch 1/10] Training Loss: 2.55795	Elapsed Time: 206.44s (0:03:26)
[Epoch 1] [Dev]  MSE: 1.30995, MAE: 0.90899
[Epoch 1] [Test] MSE: 1.30118, MAE: 0.90691

*** MODEL has obtained the best DEV MSE of 1.30995 so far!
*** The Best MODEL saved to "./__saved_models__/Baby - ANRS/Baby_ANRS_1337.pth"

[Epoch 2/10] Training Loss: 1.38055	Elapsed Time: 424.58s (0:07:04)
[Epoch 2] [Dev]  MSE: 1.26806, MAE: 0.88413
[Epoch 2] [Test] MSE: 1.25655, MAE: 0.88203

*** MODEL has obtained the best DEV MSE of 1.26806 so far!
*** The Best MODEL saved to "./__saved_models__/Baby - ANRS/Baby_ANRS_1337.pth"

[Epoch 3/10] Training Loss: 1.24891	Elapsed Time: 642.63s (0:10:42)
[Epoch 3] [Dev]  MSE: 1.25606, MAE: 0.85819
[Epoch 3] [Test] MSE: 1.24404, MAE: 0.85585

*** MODEL has obtained the best DEV MSE of 1.25606 so far!
*** The Best MODEL saved to "./__saved_models__/Baby - ANRS/Baby_ANRS_1337.pth"

[Epoch 4/10] Training Loss: 1.16752	Elapsed Time: 860.65s (0:14:20)
[Epoch 4] [Dev]  MSE: 1.25835, MAE: 0.85662
[Epoch 4] [Test] MSE: 1.24455, MAE: 0.85362

[Epoch 5/10] Training Loss: 1.11178	Elapsed Time: 1,078.65s (0:17:58)
[Epoch 5] [Dev]  MSE: 1.26291, MAE: 0.85545
[Epoch 5] [Test] MSE: 1.24953, MAE: 0.85260

[Epoch 6/10] Training Loss: 1.11159	Elapsed Time: 1,296.67s (0:21:36)
[Epoch 6] [Dev]  MSE: 1.27126, MAE: 0.85324
[Epoch 6] [Test] MSE: 1.25711, MAE: 0.85018

[Epoch 7/10] Training Loss: 1.04470	Elapsed Time: 1,514.68s (0:25:14)
[Epoch 7] [Dev]  MSE: 1.27651, MAE: 0.85662
[Epoch 7] [Test] MSE: 1.26141, MAE: 0.85350

[Epoch 8/10] Training Loss: 1.02131	Elapsed Time: 1,732.62s (0:28:52)
[Epoch 8] [Dev]  MSE: 1.28197, MAE: 0.85387
[Epoch 8] [Test] MSE: 1.26585, MAE: 0.85022

[Epoch 9/10] Training Loss: 1.00462	Elapsed Time: 1,950.51s (0:32:30)
[Epoch 9] [Dev]  MSE: 1.28635, MAE: 0.86392
[Epoch 9] [Test] MSE: 1.27024, MAE: 0.85990

[Epoch 10/10] Training Loss: 0.99199	Elapsed Time: 2,168.54s (0:36:08)
[Epoch 10] [Dev]  MSE: 1.29107, MAE: 0.86010
[Epoch 10] [Test] MSE: 1.27349, MAE: 0.85566
*** The Last MODEL saved to "./__saved_models__/Baby - ANRS/Baby_ANRS_1337_10.pth"

[Training Loss]
[2.55795, 1.38055, 1.24891, 1.16752, 1.11178, 1.11159, 1.0447, 1.02131, 1.00462, 0.99199]

[Dev MSE]
[1.30995, 1.26806, 1.25606, 1.25835, 1.26291, 1.27126, 1.27651, 1.28197, 1.28635, 1.29107]
[Test MSE]
[1.30118, 1.25655, 1.24404, 1.24455, 1.24953, 1.25711, 1.26141, 1.26585, 1.27024, 1.27349]
[Test MAE]
[0.90691, 0.88203, 0.85585, 0.85362, 0.8526, 0.85018, 0.8535, 0.85022, 0.8599, 0.85566]


Best Dev MSE: 1.25606 (Obtained during Evaluation #3)
Test MSE: 1.24404, Test MAE: 0.85585

End of Program! Elapsed Time: 2,213.43s (0:36:53)
