========================================================================================================================
  ARL_lr: 0.01
  ARL_path: Baby_ANRS_1337
  batch_size: 128
  channels_global: 100
  channels_local: 200
  command: -d Baby -m ANR -e 10 -dr 0.9 -WED 300 -h1 50 -h2 50 -p 1 -v 50000 -rs 1234 -gpu 0 -vb 1 -sm Baby_ANR -ARL_path Baby_ANRS_1337
  ctx_win_size: 3
  dataset: Baby
  disable_initial_eval: 0
  dropout_rate: 0.9
  epochs: 10
  filters_num: 100
  gpu: 0
  h1: 50
  h2: 50
  hidden_size: 500
  input_dir: ./datasets/Baby/
  L2_reg: 1e-06
  learning_rate: 0.002
  loss_function: MSELoss
  max_doc_len: 500
  max_vis_len: 500
  model: ANR
  num_aspects: 5
  optimizer: Adam
  out_dir: ./experimental_results/Baby - ANR/
  output_size: 50
  pretrained_src: 1
  random_seed: 1234
  save_model: Baby_ANR
  use_cuda: True
  verbose: 1
  vocab_size: 50000
  word_embed_dim: 300
========================================================================================================================

[INFO] # of Users: 446,248, # of Items: 58,586

Creating model (Selected Model: ANR)..
[args.use_cuda: True] Model is on the GPU! (args.gpu: 0, torch.cuda.current_device(): 0)
Model created! Elapsed Time: 3.30s (0.05 minute)

Loading uid_userDoc from "./datasets/Baby/Baby_uid_userDoc.npy"..
uid_userDoc loaded! [uid_userDoc: (446248, 500)]

Loading iid_itemDoc from "./datasets/Baby/Baby_iid_itemDoc.npy"..
iid_itemDoc loaded! [iid_itemDoc: (58586, 500)]

Loading pretrained word embeddings from "./datasets/Baby/Baby_wed300_wid_wordEmbed.npy"..
Pretrained word embeddings loaded! [wid_wEmbed: (50002, 300)]

Loading pretrained ARL weights of "ANR" for dataset "Baby" from "./__saved_models__/Baby - ANRS/Baby_ANRS_1337.pth"!
Loading pretrained ARL weights on GPU "0"!

Loaded pretrained model states:

	shared_ANR_ARL.aspProj
	shared_ANR_ARL.aspEmbed.weight

Pretrained model states transferred to current model!

*** "shared_ANR_ARL.aspProj, shared_ANR_ARL.aspEmbed.weight" are FINE-TUNED!! ***


Initialization Complete.. Elapsed Time: 21.79s (0.36 minute)

Train/Dev/Test splits loaded! |TRAIN|: 721,979, |DEV|: 47,357, |TEST|: 47,373
Train/Dev/Test splits loaded! Elapsed Time: 22.09s (0.37 minute)

Performing initial evaluation for VALIDATION set..
[Initial] [Dev]  MSE: 18.89891, MAE: 4.17589

Performing initial evaluation for TESTING set..
[Initial] [Test] MSE: 18.87134, MAE: 4.17297

Initial Evaluation Complete.. Elapsed Time: 33.99s (0.57 minute)

Parameters that are fine-tuned using a smaller LR (LR: 2e-05):
shared_ANR_ARL.aspProj, shared_ANR_ARL.aspEmbed.weight

Parameters with L2 Regularization (Regularization Strength: 1e-06):
ANR_RatingPred.uid_userOffset.weight, ANR_RatingPred.iid_itemOffset.weight

Optimizer: Adam, Loss Function: MSELoss

Model Size: 268,005,785
# of Trainable Parameters: 588,185
ANR (
  (uid_userDoc): Embedding(446248, 500), weights = ((446248, 500),), parameters = 223,124,000
  (iid_itemDoc): Embedding(58586, 500), weights = ((58586, 500),), parameters = 29,293,000
  (wid_wEmbed): Embedding(50002, 300), weights = ((50002, 300),), parameters = 15,000,600
  (shared_ANR_ARL): ANR_ARL(
    (aspEmbed): Embedding(5, 150)
    (aspProj): Parameter(5, 300, 50)
  ), weights = ((5, 300, 50), (5, 150)), parameters = 75,750 (Trainable)
  (ANR_AIE): ANR_AIE(  (W_a): Parameter(50, 50)
    (W_u): Parameter(50, 50)
    (w_hu): Parameter(50, 1)
    (W_i): Parameter(50, 50)
    (w_hi): Parameter(50, 1)
  ), weights = ((50, 50), (50, 50), (50, 1), (50, 50), (50, 1)), parameters = 7,600 (Trainable)
  (ANR_RatingPred): ANR_RatingPred(
    (userAspRepDropout): Dropout(p=0.9, inplace=False)
    (itemAspRepDropout): Dropout(p=0.9, inplace=False)
    (uid_userOffset): Embedding(446248, 1)
    (iid_itemOffset): Embedding(58586, 1)
    (globalOffset): Parameter(1,)
  ), weights = ((1,), (446248, 1), (58586, 1)), parameters = 504,835 (Trainable)
)
========================================================================================================================

[Epoch 1/10] Training Loss: 3.73988	Elapsed Time: 213.37s (0:03:33)
[Epoch 1] [Dev]  MSE: 1.32858, MAE: 0.90784
[Epoch 1] [Test] MSE: 1.32029, MAE: 0.90615

*** MODEL has obtained the best DEV MSE of 1.32858 so far!
*** The Best MODEL saved to "./__saved_models__/Baby - ANR/Baby_ANR_1234.pth"

[Epoch 2/10] Training Loss: 1.38423	Elapsed Time: 438.83s (0:07:18)
[Epoch 2] [Dev]  MSE: 1.26781, MAE: 0.87498
[Epoch 2] [Test] MSE: 1.25702, MAE: 0.87249

*** MODEL has obtained the best DEV MSE of 1.26781 so far!
*** The Best MODEL saved to "./__saved_models__/Baby - ANR/Baby_ANR_1234.pth"

[Epoch 3/10] Training Loss: 1.24871	Elapsed Time: 664.22s (0:11:04)
[Epoch 3] [Dev]  MSE: 1.25655, MAE: 0.86596
[Epoch 3] [Test] MSE: 1.24316, MAE: 0.86295

*** MODEL has obtained the best DEV MSE of 1.25655 so far!
*** The Best MODEL saved to "./__saved_models__/Baby - ANR/Baby_ANR_1234.pth"

[Epoch 4/10] Training Loss: 1.16883	Elapsed Time: 889.54s (0:14:49)
[Epoch 4] [Dev]  MSE: 1.25649, MAE: 0.85770
[Epoch 4] [Test] MSE: 1.24315, MAE: 0.85509

*** MODEL has obtained the best DEV MSE of 1.25649 so far!
*** The Best MODEL saved to "./__saved_models__/Baby - ANR/Baby_ANR_1234.pth"

[Epoch 5/10] Training Loss: 1.11380	Elapsed Time: 1,114.90s (0:18:34)
[Epoch 5] [Dev]  MSE: 1.26187, MAE: 0.85505
[Epoch 5] [Test] MSE: 1.24773, MAE: 0.85191

[Epoch 6/10] Training Loss: 1.07451	Elapsed Time: 1,340.29s (0:22:20)
[Epoch 6] [Dev]  MSE: 1.26804, MAE: 0.85381
[Epoch 6] [Test] MSE: 1.25308, MAE: 0.85078

[Epoch 7/10] Training Loss: 1.04455	Elapsed Time: 1,565.71s (0:26:05)
[Epoch 7] [Dev]  MSE: 1.27365, MAE: 0.85444
[Epoch 7] [Test] MSE: 1.25928, MAE: 0.85134

[Epoch 8/10] Training Loss: 1.02084	Elapsed Time: 1,791.05s (0:29:51)
[Epoch 8] [Dev]  MSE: 1.27933, MAE: 0.85668
[Epoch 8] [Test] MSE: 1.26377, MAE: 0.85298

[Epoch 9/10] Training Loss: 1.00114	Elapsed Time: 2,016.45s (0:33:36)
[Epoch 9] [Dev]  MSE: 1.28494, MAE: 0.85694
[Epoch 9] [Test] MSE: 1.26875, MAE: 0.85317

[Epoch 10/10] Training Loss: 0.98596	Elapsed Time: 2,241.78s (0:37:21)
[Epoch 10] [Dev]  MSE: 1.28840, MAE: 0.85491
[Epoch 10] [Test] MSE: 1.27377, MAE: 0.85177
*** The Last MODEL saved to "./__saved_models__/Baby - ANR/Baby_ANR_1234_10.pth"

[Training Loss]
[3.73988, 1.38423, 1.24871, 1.16883, 1.1138, 1.07451, 1.04455, 1.02084, 1.00114, 0.98596]

[Dev MSE]
[1.32858, 1.26781, 1.25655, 1.25649, 1.26187, 1.26804, 1.27365, 1.27933, 1.28494, 1.2884]
[Test MSE]
[1.32029, 1.25702, 1.24316, 1.24315, 1.24773, 1.25308, 1.25928, 1.26377, 1.26875, 1.27377]
[Test MAE]
[0.90615, 0.87249, 0.86295, 0.85509, 0.85191, 0.85078, 0.85134, 0.85298, 0.85317, 0.85177]


Best Dev MSE: 1.25649 (Obtained during Evaluation #4)
Test MSE: 1.24315, Test MAE: 0.85509

End of Program! Elapsed Time: 2,287.60s (0:38:07)
