========================================================================================================================
  ARL_lr: 0.01
  ARL_path: 
  batch_size: 128
  channels_global: 100
  channels_local: 200
  command: -d Office_Products -m ANRS -e 10 -dr 0.9 -WED 300 -K 5 -h1 50 -h2 50 -p 1 -v 50000 -rs 1337 -gpu 0 -vb 1 -sm Office_Products_ANRS
  ctx_win_size: 3
  dataset: Office_Products
  disable_initial_eval: 0
  dropout_rate: 0.9
  epochs: 10
  filters_num: 100
  gpu: 0
  h1: 50
  h2: 50
  hidden_size: 500
  input_dir: ./datasets/Office_Products/
  L2_reg: 1e-06
  learning_rate: 0.002
  loss_function: MSELoss
  max_doc_len: 500
  max_vis_len: 500
  model: ANRS
  num_aspects: 5
  optimizer: Adam
  out_dir: ./experimental_results/Office_Products - ANRS/
  output_size: 50
  pretrained_src: 1
  random_seed: 1337
  save_model: Office_Products_ANRS
  use_cuda: True
  verbose: 1
  vocab_size: 50000
  word_embed_dim: 300
========================================================================================================================

[INFO] # of Users: 628,512, # of Items: 105,406

Creating model (Selected Model: ANRS)..
[args.use_cuda: True] Model is on the GPU! (args.gpu: 0, torch.cuda.current_device(): 0)
Model created! Elapsed Time: 4.23s (0.07 minute)

Loading uid_userDoc from "./datasets/Office_Products/Office_Products_uid_userDoc.npy"..
uid_userDoc loaded! [uid_userDoc: (628512, 500)]

Loading iid_itemDoc from "./datasets/Office_Products/Office_Products_iid_itemDoc.npy"..
iid_itemDoc loaded! [iid_itemDoc: (105406, 500)]

Loading pretrained word embeddings from "./datasets/Office_Products/Office_Products_wed300_wid_wordEmbed.npy"..
Pretrained word embeddings loaded! [wid_wEmbed: (50002, 300)]

Initialization Complete.. Elapsed Time: 29.17s (0.49 minute)

Train/Dev/Test splits loaded! |TRAIN|: 800,000, |DEV|: 30,765, |TEST|: 30,933
Train/Dev/Test splits loaded! Elapsed Time: 29.45s (0.49 minute)

Performing initial evaluation for VALIDATION set..
[Initial] [Dev]  MSE: 19.07840, MAE: 4.18914

Performing initial evaluation for TESTING set..
[Initial] [Test] MSE: 18.93586, MAE: 4.16737

Initial Evaluation Complete.. Elapsed Time: 37.07s (0.62 minute)

Parameters with L2 Regularization (Regularization Strength: 1e-06):
ANRS_RatingPred.uid_userOffset.weight, ANRS_RatingPred.iid_itemOffset.weight

Optimizer: Adam, Loss Function: MSELoss

Model Size: 382,769,269
# of Trainable Parameters: 809,669
ANR (
  (uid_userDoc): Embedding(628512, 500), weights = ((628512, 500),), parameters = 314,256,000
  (iid_itemDoc): Embedding(105406, 500), weights = ((105406, 500),), parameters = 52,703,000
  (wid_wEmbed): Embedding(50002, 300), weights = ((50002, 300),), parameters = 15,000,600
  (shared_ANR_ARL): ANR_ARL(
    (aspEmbed): Embedding(5, 150)
    (aspProj): Parameter(5, 300, 50)
  ), weights = ((5, 300, 50), (5, 150)), parameters = 75,750 (Trainable)
  (ANRS_RatingPred): ANRS_RatingPred(
    (userAspRepDropout): Dropout(p=0.9, inplace=False)
    (itemAspRepDropout): Dropout(p=0.9, inplace=False)
    (uid_userOffset): Embedding(628512, 1)
    (iid_itemOffset): Embedding(105406, 1)
    (globalOffset): Parameter(1,)
  ), weights = ((1,), (628512, 1), (105406, 1)), parameters = 733,919 (Trainable)
)
========================================================================================================================

[Epoch 1/10] Training Loss: 2.71329	Elapsed Time: 232.22s (0:03:52)
[Epoch 1] [Dev]  MSE: 1.39537, MAE: 0.95463
[Epoch 1] [Test] MSE: 1.40386, MAE: 0.95620

*** MODEL has obtained the best DEV MSE of 1.39537 so far!
*** The Best MODEL saved to "./__saved_models__/Office_Products - ANRS/Office_Products_ANRS_1337.pth"

[Epoch 2/10] Training Loss: 1.64301	Elapsed Time: 472.22s (0:07:52)
[Epoch 2] [Dev]  MSE: 1.35125, MAE: 0.93243
[Epoch 2] [Test] MSE: 1.35415, MAE: 0.92993

*** MODEL has obtained the best DEV MSE of 1.35125 so far!
*** The Best MODEL saved to "./__saved_models__/Office_Products - ANRS/Office_Products_ANRS_1337.pth"

[Epoch 3/10] Training Loss: 1.50632	Elapsed Time: 711.97s (0:11:51)
[Epoch 3] [Dev]  MSE: 1.31964, MAE: 0.89084
[Epoch 3] [Test] MSE: 1.32240, MAE: 0.88831

*** MODEL has obtained the best DEV MSE of 1.31964 so far!
*** The Best MODEL saved to "./__saved_models__/Office_Products - ANRS/Office_Products_ANRS_1337.pth"

[Epoch 4/10] Training Loss: 1.40263	Elapsed Time: 951.66s (0:15:51)
[Epoch 4] [Dev]  MSE: 1.31952, MAE: 0.88990
[Epoch 4] [Test] MSE: 1.31773, MAE: 0.88583

*** MODEL has obtained the best DEV MSE of 1.31952 so far!
*** The Best MODEL saved to "./__saved_models__/Office_Products - ANRS/Office_Products_ANRS_1337.pth"

[Epoch 5/10] Training Loss: 1.33728	Elapsed Time: 1,191.36s (0:19:51)
[Epoch 5] [Dev]  MSE: 1.32024, MAE: 0.88416
[Epoch 5] [Test] MSE: 1.31639, MAE: 0.87929

[Epoch 6/10] Training Loss: 1.29225	Elapsed Time: 1,430.96s (0:23:50)
[Epoch 6] [Dev]  MSE: 1.32543, MAE: 0.88474
[Epoch 6] [Test] MSE: 1.32061, MAE: 0.87974

[Epoch 7/10] Training Loss: 1.25958	Elapsed Time: 1,670.60s (0:27:50)
[Epoch 7] [Dev]  MSE: 1.32642, MAE: 0.87720
[Epoch 7] [Test] MSE: 1.32269, MAE: 0.87305

[Epoch 8/10] Training Loss: 1.23585	Elapsed Time: 1,910.43s (0:31:50)
[Epoch 8] [Dev]  MSE: 1.33081, MAE: 0.88415
[Epoch 8] [Test] MSE: 1.32473, MAE: 0.87886

[Epoch 9/10] Training Loss: 1.21662	Elapsed Time: 2,150.27s (0:35:50)
[Epoch 9] [Dev]  MSE: 1.33278, MAE: 0.87819
[Epoch 9] [Test] MSE: 1.32702, MAE: 0.87323

[Epoch 10/10] Training Loss: 1.25772	Elapsed Time: 2,390.08s (0:39:50)
[Epoch 10] [Dev]  MSE: 1.33578, MAE: 0.87668
[Epoch 10] [Test] MSE: 1.32937, MAE: 0.87196
*** The Last MODEL saved to "./__saved_models__/Office_Products - ANRS/Office_Products_ANRS_1337_10.pth"

[Training Loss]
[2.71329, 1.64301, 1.50632, 1.40263, 1.33728, 1.29225, 1.25958, 1.23585, 1.21662, 1.25772]

[Dev MSE]
[1.39537, 1.35125, 1.31964, 1.31952, 1.32024, 1.32543, 1.32642, 1.33081, 1.33278, 1.33578]
[Test MSE]
[1.40386, 1.35415, 1.3224, 1.31773, 1.31639, 1.32061, 1.32269, 1.32473, 1.32702, 1.32937]
[Test MAE]
[0.9562, 0.92993, 0.88831, 0.88583, 0.87929, 0.87974, 0.87305, 0.87886, 0.87323, 0.87196]


Best Dev MSE: 1.31952 (Obtained during Evaluation #4)
Test MSE: 1.31773, Test MAE: 0.88583

End of Program! Elapsed Time: 2,434.58s (0:40:34)
