========================================================================================================================
  ARL_lr: 0.01
  ARL_path: 
  batch_size: 128
  channels_global: 100
  channels_local: 200
  command: -d Home_and_Kitchen -m VANRA -e 10 -dr 0.9 -WED 300 -p 1 -v 50000 -K 5 -h1 10 -h2 50 -output_size 50 -rs 1234 -gpu 0 -vb 1 -sm Home_and_Kitchen_VANRA
  ctx_win_size: 3
  dataset: Home_and_Kitchen
  disable_initial_eval: 0
  dropout_rate: 0.9
  epochs: 10
  filters_num: 100
  gpu: 0
  h1: 10
  h2: 50
  hidden_size: 500
  input_dir: ./datasets/Home_and_Kitchen/
  L2_reg: 1e-06
  learning_rate: 0.002
  loss_function: MSELoss
  max_doc_len: 500
  max_vis_len: 500
  model: VANRA
  num_aspects: 5
  optimizer: Adam
  out_dir: ./experimental_results/Home_and_Kitchen - VANRA/
  output_size: 50
  pretrained_src: 1
  random_seed: 1234
  save_model: Home_and_Kitchen_VANRA
  use_cuda: True
  verbose: 1
  vocab_size: 50000
  word_embed_dim: 300
========================================================================================================================

[INFO] # of Users: 662,395, # of Items: 177,303

Creating model (Selected Model: VANRA)..
[args.use_cuda: True] Model is on the GPU! (args.gpu: 0, torch.cuda.current_device(): 0)
Model created! Elapsed Time: 8.05s (0.13 minute)

Loading uid_userDoc from "./datasets/Home_and_Kitchen/Home_and_Kitchen_uid_userDoc.npy"..
uid_userDoc loaded! [uid_userDoc: (662395, 500)]

Loading iid_itemDoc from "./datasets/Home_and_Kitchen/Home_and_Kitchen_iid_itemDoc.npy"..
iid_itemDoc loaded! [iid_itemDoc: (177303, 500)]

Loading pretrained word embeddings from "./datasets/Home_and_Kitchen/Home_and_Kitchen_wed300_wid_wordEmbed.npy"..
Pretrained word embeddings loaded! [wid_wEmbed: (50002, 300)]

Loading uid_userVis from "./datasets/Home_and_Kitchen/Home_and_Kitchen_uid_userVis.npy"..
uid_userVis loaded! [uid_userVis: (662395, 500)]

Loading iid_itemVis from "./datasets/Home_and_Kitchen/Home_and_Kitchen_iid_itemVis.npy"..
iid_itemVis loaded! [iid_itemVis: (177303, 500)]

Initialization Complete.. Elapsed Time: 54.08s (0.90 minute)

Train/Dev/Test splits loaded! |TRAIN|: 800,000, |DEV|: 24,704, |TEST|: 24,485
Train/Dev/Test splits loaded! Elapsed Time: 54.35s (0.91 minute)

Performing initial evaluation for VALIDATION set..
[Initial] [Dev]  MSE: 12.06375, MAE: 3.14456

Performing initial evaluation for TESTING set..
[Initial] [Test] MSE: 12.08162, MAE: 3.13264

Initial Evaluation Complete.. Elapsed Time: 64.14s (1.07 minutes)

Parameters with L2 Regularization (Regularization Strength: 1e-06):
VANRA_RatingPred.uid_userOffset.weight, VANRA_RatingPred.iid_itemOffset.weight

Optimizer: Adam, Loss Function: MSELoss

Model Size: 855,585,159
# of Trainable Parameters: 886,559
VANRA (
  (uid_userDoc): Embedding(662395, 500), weights = ((662395, 500),), parameters = 331,197,500
  (iid_itemDoc): Embedding(177303, 500), weights = ((177303, 500),), parameters = 88,651,500
  (wid_wEmbed): Embedding(50002, 300), weights = ((50002, 300),), parameters = 15,000,600
  (uid_userVis): Embedding(662395, 500), weights = ((662395, 500),), parameters = 331,197,500
  (iid_itemVis): Embedding(177303, 500), weights = ((177303, 500),), parameters = 88,651,500
  (MSANR_ARL): MSANR_ARL(
    (aspEmbed): ModuleList(
      (0): Embedding(5, 30)
      (1): Embedding(5, 50)
      (2): Embedding(5, 70)
    )
    (filterEmbed): Embedding(5, 10)
    (aspProj): Parameter(5, 300, 10)
  ), weights = ((5, 300, 10), (5, 30), (5, 50), (5, 70), (5, 10)), parameters = 15,800 (Trainable)
  (VANRA_VRL): VANRA_VRL(
    (fcLayer): Sequential(
      (0): Dropout(p=0.9, inplace=False)
      (1): Linear(in_features=500, out_features=50, bias=True)
    )
    (visProj): Parameter(500, 10)
  ), weights = ((500, 10), (50, 500), (50,)), parameters = 30,050 (Trainable)
  (VANRA_RatingPred): VANRA_RatingPred(
    (uid_userOffset): Embedding(662395, 1)
    (iid_itemOffset): Embedding(177303, 1)
    (fcLayer1): Sequential(
      (0): Linear(in_features=100, out_features=10, bias=True)
      (1): ReLU()
      (2): Dropout(p=0.9, inplace=False)
    )
    (globalOffset): Parameter(1,)
  ), weights = ((1,), (662395, 1), (177303, 1), (10, 100), (10,)), parameters = 840,709 (Trainable)
)
========================================================================================================================

[Epoch 1/10] Training Loss: 345.97180	Elapsed Time: 414.04s (0:06:54)
[Epoch 1] [Dev]  MSE: 1.33630, MAE: 0.91350
[Epoch 1] [Test] MSE: 1.36420, MAE: 0.91830

*** MODEL has obtained the best DEV MSE of 1.33630 so far!
*** The Best MODEL saved to "./__saved_models__/Home_and_Kitchen - VANRA/Home_and_Kitchen_VANRA_1234.pth"

[Epoch 2/10] Training Loss: 1.55668	Elapsed Time: 837.57s (0:13:57)
[Epoch 2] [Dev]  MSE: 1.27675, MAE: 0.88384
[Epoch 2] [Test] MSE: 1.30888, MAE: 0.89113

*** MODEL has obtained the best DEV MSE of 1.27675 so far!
*** The Best MODEL saved to "./__saved_models__/Home_and_Kitchen - VANRA/Home_and_Kitchen_VANRA_1234.pth"

[Epoch 3/10] Training Loss: 1.39685	Elapsed Time: 1,261.05s (0:21:01)
[Epoch 3] [Dev]  MSE: 1.26534, MAE: 0.86620
[Epoch 3] [Test] MSE: 1.29965, MAE: 0.87477

*** MODEL has obtained the best DEV MSE of 1.26534 so far!
*** The Best MODEL saved to "./__saved_models__/Home_and_Kitchen - VANRA/Home_and_Kitchen_VANRA_1234.pth"

[Epoch 4/10] Training Loss: 1.29959	Elapsed Time: 1,684.48s (0:28:04)
[Epoch 4] [Dev]  MSE: 1.26914, MAE: 0.86369
[Epoch 4] [Test] MSE: 1.30275, MAE: 0.87248

[Epoch 5/10] Training Loss: 1.23473	Elapsed Time: 2,107.79s (0:35:07)
[Epoch 5] [Dev]  MSE: 1.27444, MAE: 0.85709
[Epoch 5] [Test] MSE: 1.30865, MAE: 0.86612

[Epoch 6/10] Training Loss: 1.18970	Elapsed Time: 2,531.27s (0:42:11)
[Epoch 6] [Dev]  MSE: 1.28131, MAE: 0.85931
[Epoch 6] [Test] MSE: 1.31548, MAE: 0.86834

[Epoch 7/10] Training Loss: 1.15738	Elapsed Time: 2,954.62s (0:49:14)
[Epoch 7] [Dev]  MSE: 1.28736, MAE: 0.85479
[Epoch 7] [Test] MSE: 1.32169, MAE: 0.86419

[Epoch 8/10] Training Loss: 1.13361	Elapsed Time: 3,378.16s (0:56:18)
[Epoch 8] [Dev]  MSE: 1.29264, MAE: 0.85326
[Epoch 8] [Test] MSE: 1.32647, MAE: 0.86246

[Epoch 9/10] Training Loss: 1.11543	Elapsed Time: 3,801.53s (1:03:21)
[Epoch 9] [Dev]  MSE: 1.29783, MAE: 0.85508
[Epoch 9] [Test] MSE: 1.33131, MAE: 0.86386

[Epoch 10/10] Training Loss: 1.10172	Elapsed Time: 4,224.78s (1:10:24)
[Epoch 10] [Dev]  MSE: 1.30023, MAE: 0.85079
[Epoch 10] [Test] MSE: 1.33417, MAE: 0.85966
*** The Last MODEL saved to "./__saved_models__/Home_and_Kitchen - VANRA/Home_and_Kitchen_VANRA_1234_10.pth"

[Training Loss]
[345.9718, 1.55668, 1.39685, 1.29959, 1.23473, 1.1897, 1.15738, 1.13361, 1.11543, 1.10172]

[Dev MSE]
[1.3363, 1.27675, 1.26534, 1.26914, 1.27444, 1.28131, 1.28736, 1.29264, 1.29783, 1.30023]
[Test MSE]
[1.3642, 1.30888, 1.29965, 1.30275, 1.30865, 1.31548, 1.32169, 1.32647, 1.33131, 1.33417]
[Test MAE]
[0.9183, 0.89113, 0.87477, 0.87248, 0.86612, 0.86834, 0.86419, 0.86246, 0.86386, 0.85966]


Best Dev MSE: 1.26534 (Obtained during Evaluation #3)
Test MSE: 1.29965, Test MAE: 0.87477

End of Program! Elapsed Time: 4,297.91s (1:11:37)
