========================================================================================================================
  ARL_lr: 0.01
  ARL_path: Automotive_ANRS_1337
  batch_size: 128
  channels_global: 100
  channels_local: 200
  command: -d Automotive -m ANR -e 10 -dr 0.9 -WED 300 -h1 50 -h2 50 -p 1 -v 50000 -rs 1234 -gpu 0 -vb 1 -sm Automotive_ANR -ARL_path Automotive_ANRS_1337
  ctx_win_size: 3
  dataset: Automotive
  disable_initial_eval: 0
  dropout_rate: 0.9
  epochs: 10
  filters_num: 100
  gpu: 0
  h1: 50
  h2: 50
  hidden_size: 500
  input_dir: ./datasets/Automotive/
  L2_reg: 1e-06
  learning_rate: 0.002
  loss_function: MSELoss
  max_doc_len: 500
  max_vis_len: 500
  model: ANR
  num_aspects: 5
  optimizer: Adam
  out_dir: ./experimental_results/Automotive - ANR/
  output_size: 50
  pretrained_src: 1
  random_seed: 1234
  save_model: Automotive_ANR
  use_cuda: True
  verbose: 1
  vocab_size: 50000
  word_embed_dim: 300
========================================================================================================================

[INFO] # of Users: 561,942, # of Items: 233,577

Creating model (Selected Model: ANR)..
[args.use_cuda: True] Model is on the GPU! (args.gpu: 0, torch.cuda.current_device(): 0)
Model created! Elapsed Time: 4.47s (0.07 minute)

Loading uid_userDoc from "./datasets/Automotive/Automotive_uid_userDoc.npy"..
uid_userDoc loaded! [uid_userDoc: (561942, 500)]

Loading iid_itemDoc from "./datasets/Automotive/Automotive_iid_itemDoc.npy"..
iid_itemDoc loaded! [iid_itemDoc: (233577, 500)]

Loading pretrained word embeddings from "./datasets/Automotive/Automotive_wed300_wid_wordEmbed.npy"..
Pretrained word embeddings loaded! [wid_wEmbed: (50002, 300)]

Loading pretrained ARL weights of "ANR" for dataset "Automotive" from "./__saved_models__/Automotive - ANRS/Automotive_ANRS_1337.pth"!
Loading pretrained ARL weights on GPU "0"!

Loaded pretrained model states:

	shared_ANR_ARL.aspProj
	shared_ANR_ARL.aspEmbed.weight

Pretrained model states transferred to current model!

*** "shared_ANR_ARL.aspProj, shared_ANR_ARL.aspEmbed.weight" are FINE-TUNED!! ***


Initialization Complete.. Elapsed Time: 32.61s (0.54 minute)

Train/Dev/Test splits loaded! |TRAIN|: 800,000, |DEV|: 35,546, |TEST|: 35,690
Train/Dev/Test splits loaded! Elapsed Time: 32.89s (0.55 minute)

Performing initial evaluation for VALIDATION set..
[Initial] [Dev]  MSE: 20.05140, MAE: 4.33213

Performing initial evaluation for TESTING set..
[Initial] [Test] MSE: 20.02658, MAE: 4.32715

Initial Evaluation Complete.. Elapsed Time: 41.90s (0.70 minute)

Parameters that are fine-tuned using a smaller LR (LR: 2e-05):
shared_ANR_ARL.aspProj, shared_ANR_ARL.aspEmbed.weight

Parameters with L2 Regularization (Regularization Strength: 1e-06):
ANR_RatingPred.uid_userOffset.weight, ANR_RatingPred.iid_itemOffset.weight

Optimizer: Adam, Loss Function: MSELoss

Model Size: 413,638,970
# of Trainable Parameters: 878,870
ANR (
  (uid_userDoc): Embedding(561942, 500), weights = ((561942, 500),), parameters = 280,971,000
  (iid_itemDoc): Embedding(233577, 500), weights = ((233577, 500),), parameters = 116,788,500
  (wid_wEmbed): Embedding(50002, 300), weights = ((50002, 300),), parameters = 15,000,600
  (shared_ANR_ARL): ANR_ARL(
    (aspEmbed): Embedding(5, 150)
    (aspProj): Parameter(5, 300, 50)
  ), weights = ((5, 300, 50), (5, 150)), parameters = 75,750 (Trainable)
  (ANR_AIE): ANR_AIE(  (W_a): Parameter(50, 50)
    (W_u): Parameter(50, 50)
    (w_hu): Parameter(50, 1)
    (W_i): Parameter(50, 50)
    (w_hi): Parameter(50, 1)
  ), weights = ((50, 50), (50, 50), (50, 1), (50, 50), (50, 1)), parameters = 7,600 (Trainable)
  (ANR_RatingPred): ANR_RatingPred(
    (userAspRepDropout): Dropout(p=0.9, inplace=False)
    (itemAspRepDropout): Dropout(p=0.9, inplace=False)
    (uid_userOffset): Embedding(561942, 1)
    (iid_itemOffset): Embedding(233577, 1)
    (globalOffset): Parameter(1,)
  ), weights = ((1,), (561942, 1), (233577, 1)), parameters = 795,520 (Trainable)
)
========================================================================================================================

[Epoch 1/10] Training Loss: 3.83207	Elapsed Time: 236.55s (0:03:56)
[Epoch 1] [Dev]  MSE: 1.21559, MAE: 0.85662
[Epoch 1] [Test] MSE: 1.23069, MAE: 0.85927

*** MODEL has obtained the best DEV MSE of 1.21559 so far!
*** The Best MODEL saved to "./__saved_models__/Automotive - ANR/Automotive_ANR_1234.pth"

[Epoch 2/10] Training Loss: 1.42422	Elapsed Time: 482.13s (0:08:02)
[Epoch 2] [Dev]  MSE: 1.16086, MAE: 0.81941
[Epoch 2] [Test] MSE: 1.17521, MAE: 0.82205

*** MODEL has obtained the best DEV MSE of 1.16086 so far!
*** The Best MODEL saved to "./__saved_models__/Automotive - ANR/Automotive_ANR_1234.pth"

[Epoch 3/10] Training Loss: 1.26835	Elapsed Time: 727.75s (0:12:07)
[Epoch 3] [Dev]  MSE: 1.14960, MAE: 0.80679
[Epoch 3] [Test] MSE: 1.16284, MAE: 0.80859

*** MODEL has obtained the best DEV MSE of 1.14960 so far!
*** The Best MODEL saved to "./__saved_models__/Automotive - ANR/Automotive_ANR_1234.pth"

[Epoch 4/10] Training Loss: 1.17678	Elapsed Time: 973.54s (0:16:13)
[Epoch 4] [Dev]  MSE: 1.14708, MAE: 0.79537
[Epoch 4] [Test] MSE: 1.16111, MAE: 0.79727

*** MODEL has obtained the best DEV MSE of 1.14708 so far!
*** The Best MODEL saved to "./__saved_models__/Automotive - ANR/Automotive_ANR_1234.pth"

[Epoch 5/10] Training Loss: 1.11625	Elapsed Time: 1,219.20s (0:20:19)
[Epoch 5] [Dev]  MSE: 1.15182, MAE: 0.78992
[Epoch 5] [Test] MSE: 1.16429, MAE: 0.79115

[Epoch 6/10] Training Loss: 1.07430	Elapsed Time: 1,464.84s (0:24:24)
[Epoch 6] [Dev]  MSE: 1.15929, MAE: 0.79431
[Epoch 6] [Test] MSE: 1.17160, MAE: 0.79578

[Epoch 7/10] Training Loss: 1.04217	Elapsed Time: 1,710.59s (0:28:30)
[Epoch 7] [Dev]  MSE: 1.16520, MAE: 0.79345
[Epoch 7] [Test] MSE: 1.17730, MAE: 0.79505

[Epoch 8/10] Training Loss: 1.02124	Elapsed Time: 1,956.26s (0:32:36)
[Epoch 8] [Dev]  MSE: 1.17037, MAE: 0.79771
[Epoch 8] [Test] MSE: 1.18320, MAE: 0.79966

[Epoch 9/10] Training Loss: 1.00314	Elapsed Time: 2,202.02s (0:36:42)
[Epoch 9] [Dev]  MSE: 1.17308, MAE: 0.79296
[Epoch 9] [Test] MSE: 1.18570, MAE: 0.79383

[Epoch 10/10] Training Loss: 0.99050	Elapsed Time: 2,447.78s (0:40:47)
[Epoch 10] [Dev]  MSE: 1.17748, MAE: 0.79343
[Epoch 10] [Test] MSE: 1.19000, MAE: 0.79455
*** The Last MODEL saved to "./__saved_models__/Automotive - ANR/Automotive_ANR_1234_10.pth"

[Training Loss]
[3.83207, 1.42422, 1.26835, 1.17678, 1.11625, 1.0743, 1.04217, 1.02124, 1.00314, 0.9905]

[Dev MSE]
[1.21559, 1.16086, 1.1496, 1.14708, 1.15182, 1.15929, 1.1652, 1.17037, 1.17308, 1.17748]
[Test MSE]
[1.23069, 1.17521, 1.16284, 1.16111, 1.16429, 1.1716, 1.1773, 1.1832, 1.1857, 1.19]
[Test MAE]
[0.85927, 0.82205, 0.80859, 0.79727, 0.79115, 0.79578, 0.79505, 0.79966, 0.79383, 0.79455]


Best Dev MSE: 1.14708 (Obtained during Evaluation #4)
Test MSE: 1.16111, Test MAE: 0.79727

End of Program! Elapsed Time: 2,498.58s (0:41:38)
