========================================================================================================================
  ARL_lr: 0.01
  ARL_path: Pet_Supplies_ANRS_1337
  batch_size: 128
  channels_global: 100
  channels_local: 200
  command: -d Pet_Supplies -m ANR -e 10 -dr 0.9 -WED 300 -h1 50 -h2 50 -p 1 -v 50000 -rs 1234 -gpu 0 -vb 1 -sm Pet_Supplies_ANR -ARL_path Pet_Supplies_ANRS_1337
  ctx_win_size: 3
  dataset: Pet_Supplies
  disable_initial_eval: 0
  dropout_rate: 0.9
  epochs: 10
  filters_num: 100
  gpu: 0
  h1: 50
  h2: 50
  hidden_size: 500
  input_dir: ./datasets/Pet_Supplies/
  L2_reg: 1e-06
  learning_rate: 0.002
  loss_function: MSELoss
  max_doc_len: 500
  max_vis_len: 500
  model: ANR
  num_aspects: 5
  optimizer: Adam
  out_dir: ./experimental_results/Pet_Supplies - ANR/
  output_size: 50
  pretrained_src: 1
  random_seed: 1234
  save_model: Pet_Supplies_ANR
  use_cuda: True
  verbose: 1
  vocab_size: 50000
  word_embed_dim: 300
========================================================================================================================

[INFO] # of Users: 535,028, # of Items: 85,685

Creating model (Selected Model: ANR)..
[args.use_cuda: True] Model is on the GPU! (args.gpu: 0, torch.cuda.current_device(): 0)
Model created! Elapsed Time: 3.76s (0.06 minute)

Loading uid_userDoc from "./datasets/Pet_Supplies/Pet_Supplies_uid_userDoc.npy"..
uid_userDoc loaded! [uid_userDoc: (535028, 500)]

Loading iid_itemDoc from "./datasets/Pet_Supplies/Pet_Supplies_iid_itemDoc.npy"..
iid_itemDoc loaded! [iid_itemDoc: (85685, 500)]

Loading pretrained word embeddings from "./datasets/Pet_Supplies/Pet_Supplies_wed300_wid_wordEmbed.npy"..
Pretrained word embeddings loaded! [wid_wEmbed: (50002, 300)]

Loading pretrained ARL weights of "ANR" for dataset "Pet_Supplies" from "./__saved_models__/Pet_Supplies - ANRS/Pet_Supplies_ANRS_1337.pth"!
Loading pretrained ARL weights on GPU "0"!

Loaded pretrained model states:

	shared_ANR_ARL.aspProj
	shared_ANR_ARL.aspEmbed.weight

Pretrained model states transferred to current model!

*** "shared_ANR_ARL.aspProj, shared_ANR_ARL.aspEmbed.weight" are FINE-TUNED!! ***


Initialization Complete.. Elapsed Time: 24.80s (0.41 minute)

Train/Dev/Test splits loaded! |TRAIN|: 800,000, |DEV|: 46,037, |TEST|: 46,223
Train/Dev/Test splits loaded! Elapsed Time: 25.10s (0.42 minute)

Performing initial evaluation for VALIDATION set..
[Initial] [Dev]  MSE: 19.06222, MAE: 4.18546

Performing initial evaluation for TESTING set..
[Initial] [Test] MSE: 19.09660, MAE: 4.18911

Initial Evaluation Complete.. Elapsed Time: 36.72s (0.61 minute)

Parameters that are fine-tuned using a smaller LR (LR: 2e-05):
shared_ANR_ARL.aspProj, shared_ANR_ARL.aspEmbed.weight

Parameters with L2 Regularization (Regularization Strength: 1e-06):
ANR_RatingPred.uid_userOffset.weight, ANR_RatingPred.iid_itemOffset.weight

Optimizer: Adam, Loss Function: MSELoss

Model Size: 326,061,164
# of Trainable Parameters: 704,064
ANR (
  (uid_userDoc): Embedding(535028, 500), weights = ((535028, 500),), parameters = 267,514,000
  (iid_itemDoc): Embedding(85685, 500), weights = ((85685, 500),), parameters = 42,842,500
  (wid_wEmbed): Embedding(50002, 300), weights = ((50002, 300),), parameters = 15,000,600
  (shared_ANR_ARL): ANR_ARL(
    (aspEmbed): Embedding(5, 150)
    (aspProj): Parameter(5, 300, 50)
  ), weights = ((5, 300, 50), (5, 150)), parameters = 75,750 (Trainable)
  (ANR_AIE): ANR_AIE(  (W_a): Parameter(50, 50)
    (W_u): Parameter(50, 50)
    (w_hu): Parameter(50, 1)
    (W_i): Parameter(50, 50)
    (w_hi): Parameter(50, 1)
  ), weights = ((50, 50), (50, 50), (50, 1), (50, 50), (50, 1)), parameters = 7,600 (Trainable)
  (ANR_RatingPred): ANR_RatingPred(
    (userAspRepDropout): Dropout(p=0.9, inplace=False)
    (itemAspRepDropout): Dropout(p=0.9, inplace=False)
    (uid_userOffset): Embedding(535028, 1)
    (iid_itemOffset): Embedding(85685, 1)
    (globalOffset): Parameter(1,)
  ), weights = ((1,), (535028, 1), (85685, 1)), parameters = 620,714 (Trainable)
)
========================================================================================================================

[Epoch 1/10] Training Loss: 3.64156	Elapsed Time: 236.33s (0:03:56)
[Epoch 1] [Dev]  MSE: 1.42480, MAE: 0.94300
[Epoch 1] [Test] MSE: 1.43010, MAE: 0.94767

*** MODEL has obtained the best DEV MSE of 1.42480 so far!
*** The Best MODEL saved to "./__saved_models__/Pet_Supplies - ANR/Pet_Supplies_ANR_1234.pth"

[Epoch 2/10] Training Loss: 1.47971	Elapsed Time: 484.44s (0:08:04)
[Epoch 2] [Dev]  MSE: 1.36640, MAE: 0.91222
[Epoch 2] [Test] MSE: 1.37417, MAE: 0.91745

*** MODEL has obtained the best DEV MSE of 1.36640 so far!
*** The Best MODEL saved to "./__saved_models__/Pet_Supplies - ANR/Pet_Supplies_ANR_1234.pth"

[Epoch 3/10] Training Loss: 1.34888	Elapsed Time: 732.47s (0:12:12)
[Epoch 3] [Dev]  MSE: 1.35497, MAE: 0.89946
[Epoch 3] [Test] MSE: 1.36397, MAE: 0.90459

*** MODEL has obtained the best DEV MSE of 1.35497 so far!
*** The Best MODEL saved to "./__saved_models__/Pet_Supplies - ANR/Pet_Supplies_ANR_1234.pth"

[Epoch 4/10] Training Loss: 1.27100	Elapsed Time: 980.55s (0:16:20)
[Epoch 4] [Dev]  MSE: 1.35525, MAE: 0.88819
[Epoch 4] [Test] MSE: 1.36466, MAE: 0.89295

[Epoch 5/10] Training Loss: 1.21907	Elapsed Time: 1,228.54s (0:20:28)
[Epoch 5] [Dev]  MSE: 1.35857, MAE: 0.88536
[Epoch 5] [Test] MSE: 1.36857, MAE: 0.89051

[Epoch 6/10] Training Loss: 1.18253	Elapsed Time: 1,476.56s (0:24:36)
[Epoch 6] [Dev]  MSE: 1.36351, MAE: 0.88672
[Epoch 6] [Test] MSE: 1.37195, MAE: 0.89138

[Epoch 7/10] Training Loss: 1.15559	Elapsed Time: 1,724.58s (0:28:44)
[Epoch 7] [Dev]  MSE: 1.36828, MAE: 0.88791
[Epoch 7] [Test] MSE: 1.37830, MAE: 0.89306

[Epoch 8/10] Training Loss: 1.13583	Elapsed Time: 1,972.70s (0:32:52)
[Epoch 8] [Dev]  MSE: 1.37266, MAE: 0.88567
[Epoch 8] [Test] MSE: 1.38320, MAE: 0.89075

[Epoch 9/10] Training Loss: 1.12072	Elapsed Time: 2,220.77s (0:37:00)
[Epoch 9] [Dev]  MSE: 1.37641, MAE: 0.88661
[Epoch 9] [Test] MSE: 1.38767, MAE: 0.89189

[Epoch 10/10] Training Loss: 1.10935	Elapsed Time: 2,468.90s (0:41:08)
[Epoch 10] [Dev]  MSE: 1.37972, MAE: 0.88409
[Epoch 10] [Test] MSE: 1.39111, MAE: 0.88942
*** The Last MODEL saved to "./__saved_models__/Pet_Supplies - ANR/Pet_Supplies_ANR_1234_10.pth"

[Training Loss]
[3.64156, 1.47971, 1.34888, 1.271, 1.21907, 1.18253, 1.15559, 1.13583, 1.12072, 1.10935]

[Dev MSE]
[1.4248, 1.3664, 1.35497, 1.35525, 1.35857, 1.36351, 1.36828, 1.37266, 1.37641, 1.37972]
[Test MSE]
[1.4301, 1.37417, 1.36397, 1.36466, 1.36857, 1.37195, 1.3783, 1.3832, 1.38767, 1.39111]
[Test MAE]
[0.94767, 0.91745, 0.90459, 0.89295, 0.89051, 0.89138, 0.89306, 0.89075, 0.89189, 0.88942]


Best Dev MSE: 1.35497 (Obtained during Evaluation #3)
Test MSE: 1.36397, Test MAE: 0.90459

End of Program! Elapsed Time: 2,517.10s (0:41:57)
