========================================================================================================================
  ARL_lr: 0.01
  ARL_path: 
  batch_size: 128
  channels_global: 100
  channels_local: 200
  command: -d Cell_Phones_and_Accessories -m DAttn -e 10 -p 1 -v 50000 -K 5 -h1 10 -h2 50 -WED 100 -c_local 200 -c_global 100 -hiden_size 500 -output_size 50 -rs 1234 -gpu 0 -vb 1 -sm Cell_Phones_and_Accessories_DAttn
  ctx_win_size: 3
  dataset: Cell_Phones_and_Accessories
  disable_initial_eval: 0
  dropout_rate: 0.5
  epochs: 10
  filters_num: 100
  gpu: 0
  h1: 10
  h2: 50
  hidden_size: 500
  input_dir: ./datasets/Cell_Phones_and_Accessories/
  L2_reg: 1e-06
  learning_rate: 0.002
  loss_function: MSELoss
  max_doc_len: 500
  max_vis_len: 500
  model: DAttn
  num_aspects: 5
  optimizer: Adam
  out_dir: ./experimental_results/Cell_Phones_and_Accessories - DAttn/
  output_size: 50
  pretrained_src: 1
  random_seed: 1234
  save_model: Cell_Phones_and_Accessories_DAttn
  use_cuda: True
  verbose: 1
  vocab_size: 50000
  word_embed_dim: 100
========================================================================================================================

[INFO] # of Users: 687,583, # of Items: 148,399

Creating model (Selected Model: DAttn)..
[args.use_cuda: True] Model is on the GPU! (args.gpu: 0, torch.cuda.current_device(): 0)
Model created! Elapsed Time: 4.56s (0.08 minute)

Loading uid_userDoc from "./datasets/Cell_Phones_and_Accessories/Cell_Phones_and_Accessories_uid_userDoc.npy"..
uid_userDoc loaded! [uid_userDoc: (687583, 500)]

Loading iid_itemDoc from "./datasets/Cell_Phones_and_Accessories/Cell_Phones_and_Accessories_iid_itemDoc.npy"..
iid_itemDoc loaded! [iid_itemDoc: (148399, 500)]

Loading pretrained word embeddings from "./datasets/Cell_Phones_and_Accessories/Cell_Phones_and_Accessories_wed100_wid_wordEmbed.npy"..
Pretrained word embeddings loaded! [wid_wEmbed: (50002, 100)]

Initialization Complete.. Elapsed Time: 27.00s (0.45 minute)

Train/Dev/Test splits loaded! |TRAIN|: 800,000, |DEV|: 21,045, |TEST|: 21,154
Train/Dev/Test splits loaded! Elapsed Time: 27.26s (0.45 minute)

Performing initial evaluation for VALIDATION set..
[Initial] [Dev]  MSE: 16.73289, MAE: 3.86871

Performing initial evaluation for TESTING set..
[Initial] [Test] MSE: 16.75838, MAE: 3.87377

Initial Evaluation Complete.. Elapsed Time: 36.72s (0.61 minute)

Optimizer: Adam, Loss Function: MSELoss

Model Size: 424,699,887
# of Trainable Parameters: 1,708,687
DAttn (
  (uid_userDoc): Embedding(687583, 500), weights = ((687583, 500),), parameters = 343,791,500
  (iid_itemDoc): Embedding(148399, 500), weights = ((148399, 500),), parameters = 74,199,500
  (wid_wEmbed): Embedding(50002, 100), weights = ((50002, 100),), parameters = 5,000,200
  (user_net): Net(
    (localAttentionLayer): LocalAttention(
      (attention_layer): Sequential(
        (0): Conv2d(1, 1, kernel_size=(3, 100), stride=(1, 1), padding=(1, 0))
        (1): Sigmoid()
      )
      (cnn): Sequential(
        (0): Conv2d(1, 200, kernel_size=(1, 100), stride=(1, 1))
        (1): Tanh()
      )
    )
    (globalAttentionLayer): GlobalAttention(
      (attention_layer): Sequential(
        (0): Conv2d(1, 1, kernel_size=(500, 100), stride=(1, 1))
        (1): Sigmoid()
      )
      (convs): ModuleList(
        (0): Conv2d(1, 100, kernel_size=(2, 100), stride=(1, 1))
        (1): Conv2d(1, 100, kernel_size=(3, 100), stride=(1, 1))
        (2): Conv2d(1, 100, kernel_size=(4, 100), stride=(1, 1))
      )
    )
    (fcLayer): Sequential(
      (0): Linear(in_features=500, out_features=500, bias=True)
      (1): Dropout(p=0.5, inplace=False)
      (2): ReLU()
      (3): Linear(in_features=500, out_features=50, bias=True)
    )
    (dropout): Dropout(p=0.5, inplace=False)
  ), weights = ((1, 1, 3, 100), (1,), (200, 1, 1, 100), (200,), (1, 1, 500, 100), (1,), (100, 1, 2, 100), (100,), (100, 1, 3, 100), (100,), (100, 1, 4, 100), (100,), (500, 500), (500,), (50, 500), (50,)), parameters = 436,352 (Trainable)
  (item_net): Net(
    (localAttentionLayer): LocalAttention(
      (attention_layer): Sequential(
        (0): Conv2d(1, 1, kernel_size=(3, 100), stride=(1, 1), padding=(1, 0))
        (1): Sigmoid()
      )
      (cnn): Sequential(
        (0): Conv2d(1, 200, kernel_size=(1, 100), stride=(1, 1))
        (1): Tanh()
      )
    )
    (globalAttentionLayer): GlobalAttention(
      (attention_layer): Sequential(
        (0): Conv2d(1, 1, kernel_size=(500, 100), stride=(1, 1))
        (1): Sigmoid()
      )
      (convs): ModuleList(
        (0): Conv2d(1, 100, kernel_size=(2, 100), stride=(1, 1))
        (1): Conv2d(1, 100, kernel_size=(3, 100), stride=(1, 1))
        (2): Conv2d(1, 100, kernel_size=(4, 100), stride=(1, 1))
      )
    )
    (fcLayer): Sequential(
      (0): Linear(in_features=500, out_features=500, bias=True)
      (1): Dropout(p=0.5, inplace=False)
      (2): ReLU()
      (3): Linear(in_features=500, out_features=50, bias=True)
    )
    (dropout): Dropout(p=0.5, inplace=False)
  ), weights = ((1, 1, 3, 100), (1,), (200, 1, 1, 100), (200,), (1, 1, 500, 100), (1,), (100, 1, 2, 100), (100,), (100, 1, 3, 100), (100,), (100, 1, 4, 100), (100,), (500, 500), (500,), (50, 500), (50,)), parameters = 436,352 (Trainable)
  (DAttn_RatingPred): DAttn_RatingPred(
    (uid_userOffset): Embedding(687583, 1)
    (iid_itemOffset): Embedding(148399, 1)
    (globalOffset): Parameter(1,)
  ), weights = ((1,), (687583, 1), (148399, 1)), parameters = 835,983 (Trainable)
)
========================================================================================================================

[Epoch 1/10] Training Loss: 1.09386	Elapsed Time: 598.98s (0:09:58)
[Epoch 1] [Dev]  MSE: 2.08593, MAE: 1.08379
[Epoch 1] [Test] MSE: 2.06782, MAE: 1.07855

*** MODEL has obtained the best DEV MSE of 2.08593 so far!
*** The Best MODEL saved to "./__saved_models__/Cell_Phones_and_Accessories - DAttn/Cell_Phones_and_Accessories_DAttn_1234.pth"

[Epoch 2/10] Training Loss: 0.85735	Elapsed Time: 1,207.36s (0:20:07)
[Epoch 2] [Dev]  MSE: 2.09918, MAE: 1.06943
[Epoch 2] [Test] MSE: 2.07872, MAE: 1.06627

[Epoch 3/10] Training Loss: 0.75478	Elapsed Time: 1,815.78s (0:30:15)
[Epoch 3] [Dev]  MSE: 2.19805, MAE: 1.10933
[Epoch 3] [Test] MSE: 2.18769, MAE: 1.10655

[Epoch 4/10] Training Loss: 0.67451	Elapsed Time: 2,424.21s (0:40:24)
[Epoch 4] [Dev]  MSE: 2.17553, MAE: 1.10420
[Epoch 4] [Test] MSE: 2.15966, MAE: 1.10022

[Epoch 5/10] Training Loss: 0.60849	Elapsed Time: 3,032.62s (0:50:32)
[Epoch 5] [Dev]  MSE: 2.05798, MAE: 1.05838
[Epoch 5] [Test] MSE: 2.03685, MAE: 1.05383

*** MODEL has obtained the best DEV MSE of 2.05798 so far!
*** The Best MODEL saved to "./__saved_models__/Cell_Phones_and_Accessories - DAttn/Cell_Phones_and_Accessories_DAttn_1234.pth"

[Epoch 6/10] Training Loss: 0.55471	Elapsed Time: 3,641.04s (1:00:41)
[Epoch 6] [Dev]  MSE: 2.14269, MAE: 1.08436
[Epoch 6] [Test] MSE: 2.11965, MAE: 1.07982

[Epoch 7/10] Training Loss: 0.50766	Elapsed Time: 4,249.49s (1:10:49)
[Epoch 7] [Dev]  MSE: 2.12508, MAE: 1.06893
[Epoch 7] [Test] MSE: 2.10128, MAE: 1.06492

[Epoch 8/10] Training Loss: 0.46835	Elapsed Time: 4,857.93s (1:20:57)
[Epoch 8] [Dev]  MSE: 2.19893, MAE: 1.08876
[Epoch 8] [Test] MSE: 2.17569, MAE: 1.08429

[Epoch 9/10] Training Loss: 0.43365	Elapsed Time: 5,466.40s (1:31:06)
[Epoch 9] [Dev]  MSE: 2.16667, MAE: 1.09275
[Epoch 9] [Test] MSE: 2.14073, MAE: 1.08669

[Epoch 10/10] Training Loss: 0.40275	Elapsed Time: 6,074.87s (1:41:14)
[Epoch 10] [Dev]  MSE: 2.12872, MAE: 1.08768
[Epoch 10] [Test] MSE: 2.10031, MAE: 1.08214
*** The Last MODEL saved to "./__saved_models__/Cell_Phones_and_Accessories - DAttn/Cell_Phones_and_Accessories_DAttn_1234_10.pth"

[Training Loss]
[1.09386, 0.85735, 0.75478, 0.67451, 0.60849, 0.55471, 0.50766, 0.46835, 0.43365, 0.40275]

[Dev MSE]
[2.08593, 2.09918, 2.19805, 2.17553, 2.05798, 2.14269, 2.12508, 2.19893, 2.16667, 2.12872]
[Test MSE]
[2.06782, 2.07872, 2.18769, 2.15966, 2.03685, 2.11965, 2.10128, 2.17569, 2.14073, 2.10031]
[Test MAE]
[1.07855, 1.06627, 1.10655, 1.10022, 1.05383, 1.07982, 1.06492, 1.08429, 1.08669, 1.08214]


Best Dev MSE: 2.05798 (Obtained during Evaluation #5)
Test MSE: 2.03685, Test MAE: 1.05383

End of Program! Elapsed Time: 6,120.95s (1:42:00)
