========================================================================================================================
  ARL_lr: 0.01
  ARL_path: 
  batch_size: 128
  channels_global: 10
  channels_local: 10
  command: -d Baby -m VANRA -e 15 -dr 0.9 -p 1 -v 50000 -K 5 -h1 10 -h2 50 -c_local 10 -c_global 10 -hiden_size 100 -output_size 50 -rs 1234 -gpu 0 -vb 1 -sm Baby_VANRA
  ctx_win_size: 3
  dataset: Baby
  disable_initial_eval: 0
  dropout_rate: 0.9
  epochs: 15
  gpu: 0
  h1: 10
  h2: 50
  hidden_size: 100
  input_dir: ./datasets/Baby/
  L2_reg: 1e-06
  learning_rate: 0.002
  loss_function: MSELoss
  max_doc_len: 500
  max_vis_len: 500
  model: VANRA
  num_aspects: 5
  optimizer: Adam
  out_dir: ./experimental_results/Baby - VANRA/
  output_size: 50
  pretrained_src: 1
  random_seed: 1234
  save_model: Baby_VANRA
  use_cuda: True
  verbose: 1
  vocab_size: 50000
  word_embed_dim: 300
========================================================================================================================

[INFO] # of Users: 446,248, # of Items: 58,586

Creating model (Selected Model: VANRA)..
[args.use_cuda: True] Model is on the GPU! (args.gpu: 0, torch.cuda.current_device(): 0)
Model created! Elapsed Time: 9.71s (0.16 minute)

Loading uid_userDoc from "./datasets/Baby/Baby_uid_userDoc.npy"..
uid_userDoc loaded! [uid_userDoc: (446248, 500)]

Loading iid_itemDoc from "./datasets/Baby/Baby_iid_itemDoc.npy"..
iid_itemDoc loaded! [iid_itemDoc: (58586, 500)]

Loading pretrained word embeddings from "./datasets/Baby/Baby_wid_wordEmbed.npy"..
Pretrained word embeddings loaded! [wid_wEmbed: (50002, 300)]

Loading uid_userVis from "./datasets/Baby/Baby_uid_userVis.npy"..
uid_userVis loaded! [uid_userVis: (446248, 500)]

Loading iid_itemVis from "./datasets/Baby/Baby_iid_itemVis.npy"..
iid_itemVis loaded! [iid_itemVis: (58586, 500)]

Initialization Complete.. Elapsed Time: 45.67s (0.76 minute)

Train/Dev/Test splits loaded! |TRAIN|: 721,979, |DEV|: 47,357, |TEST|: 47,373
Train/Dev/Test splits loaded! Elapsed Time: 45.91s (0.77 minute)

Performing initial evaluation for VALIDATION set..
[Initial] [Dev]  MSE: 19.00379, MAE: 4.18840

Performing initial evaluation for TESTING set..
[Initial] [Test] MSE: 18.97884, MAE: 4.18564

Initial Evaluation Complete.. Elapsed Time: 54.64s (0.91 minute)

Parameters with L2 Regularization (Regularization Strength: 1e-06):
VANRA_RatingPred.uid_userOffset.weight, VANRA_RatingPred.iid_itemOffset.weight

Optimizer: Adam, Loss Function: MSELoss

Model Size: 520,466,093
# of Trainable Parameters: 631,493
VANRA (
  (uid_userDoc): Embedding(446248, 500), weights = ((446248, 500),), parameters = 223,124,000
  (iid_itemDoc): Embedding(58586, 500), weights = ((58586, 500),), parameters = 29,293,000
  (wid_wEmbed): Embedding(50002, 300), weights = ((50002, 300),), parameters = 15,000,600
  (uid_userVis): Embedding(446248, 500), weights = ((446248, 500),), parameters = 223,124,000
  (iid_itemVis): Embedding(58586, 500), weights = ((58586, 500),), parameters = 29,293,000
  (shared_ANR_ARL): ANR_ARL(
    (aspEmbed): Embedding(5, 30)
    (aspProj): Parameter(5, 300, 10)
  ), weights = ((5, 300, 10), (5, 30)), parameters = 15,150 (Trainable)
  (ANR_AIE): ANR_AIE(  (W_a): Parameter(10, 10)
    (W_u): Parameter(50, 10)
    (w_hu): Parameter(50, 1)
    (W_i): Parameter(50, 10)
    (w_hi): Parameter(50, 1)
  ), weights = ((10, 10), (50, 10), (50, 1), (50, 10), (50, 1)), parameters = 1,200 (Trainable)
  (VANRA_VRL): VANRA_VRL(
    (localAttentionLayer_user): LocalAttention(
      (attention_layer): Sequential(
        (0): Conv2d(1, 1, kernel_size=(3, 1), stride=(1, 1))
        (1): Softmax(dim=2)
      )
      (fcLayer): Sequential(
        (0): Linear(in_features=500, out_features=100, bias=True)
        (1): Dropout(p=0.9, inplace=False)
        (2): ReLU()
        (3): Linear(in_features=100, out_features=50, bias=True)
      )
    )
    (localAttentionLayer_item): LocalAttention(
      (attention_layer): Sequential(
        (0): Conv2d(1, 1, kernel_size=(3, 1), stride=(1, 1))
        (1): Softmax(dim=2)
      )
      (fcLayer): Sequential(
        (0): Linear(in_features=500, out_features=100, bias=True)
        (1): Dropout(p=0.9, inplace=False)
        (2): ReLU()
        (3): Linear(in_features=100, out_features=50, bias=True)
      )
    )
  ), weights = ((1, 1, 3, 1), (1,), (100, 500), (100,), (50, 100), (50,), (1, 1, 3, 1), (1,), (100, 500), (100,), (50, 100), (50,)), parameters = 110,308 (Trainable)
  (VANRA_RatingPred): VANRA_RatingPred(
    (userAspRepDropout): Dropout(p=0.9, inplace=False)
    (itemAspRepDropout): Dropout(p=0.9, inplace=False)
    (uid_userOffset): Embedding(446248, 1)
    (iid_itemOffset): Embedding(58586, 1)
    (globalOffset): Parameter(1,)
  ), weights = ((1,), (446248, 1), (58586, 1)), parameters = 504,835 (Trainable)
)
========================================================================================================================

[Epoch 1/15] Training Loss: 1.76313	Elapsed Time: 152.06s (0:02:32)
[Epoch 1] [Dev]  MSE: 1.29910, MAE: 0.91099
[Epoch 1] [Test] MSE: 1.28870, MAE: 0.90855

*** MODEL has obtained the best DEV MSE of 1.29910 so far!
*** The Best MODEL saved to "./__saved_models__/Baby - VANRA/Baby_VANRA_1234.pth"

[Epoch 2/15] Training Loss: 1.35579	Elapsed Time: 311.67s (0:05:11)
[Epoch 2] [Dev]  MSE: 1.26118, MAE: 0.86796
[Epoch 2] [Test] MSE: 1.24999, MAE: 0.86589

*** MODEL has obtained the best DEV MSE of 1.26118 so far!
*** The Best MODEL saved to "./__saved_models__/Baby - VANRA/Baby_VANRA_1234.pth"

[Epoch 3/15] Training Loss: 1.24126	Elapsed Time: 471.14s (0:07:51)
[Epoch 3] [Dev]  MSE: 1.25526, MAE: 0.86351
[Epoch 3] [Test] MSE: 1.24097, MAE: 0.86048

*** MODEL has obtained the best DEV MSE of 1.25526 so far!
*** The Best MODEL saved to "./__saved_models__/Baby - VANRA/Baby_VANRA_1234.pth"

[Epoch 4/15] Training Loss: 1.17318	Elapsed Time: 630.72s (0:10:30)
[Epoch 4] [Dev]  MSE: 1.25752, MAE: 0.85753
[Epoch 4] [Test] MSE: 1.24366, MAE: 0.85470

[Epoch 5/15] Training Loss: 1.11540	Elapsed Time: 790.08s (0:13:10)
[Epoch 5] [Dev]  MSE: 1.26312, MAE: 0.85425
[Epoch 5] [Test] MSE: 1.24878, MAE: 0.85101

[Epoch 6/15] Training Loss: 1.08074	Elapsed Time: 949.58s (0:15:49)
[Epoch 6] [Dev]  MSE: 1.27275, MAE: 0.84242
[Epoch 6] [Test] MSE: 1.25842, MAE: 0.83913

[Epoch 7/15] Training Loss: 1.04668	Elapsed Time: 1,109.11s (0:18:29)
[Epoch 7] [Dev]  MSE: 1.27507, MAE: 0.85657
[Epoch 7] [Test] MSE: 1.25928, MAE: 0.85264

[Epoch 8/15] Training Loss: 1.02403	Elapsed Time: 1,268.65s (0:21:08)
[Epoch 8] [Dev]  MSE: 1.28630, MAE: 0.84364
[Epoch 8] [Test] MSE: 1.27221, MAE: 0.84048

[Epoch 9/15] Training Loss: 1.06925	Elapsed Time: 1,428.14s (0:23:48)
[Epoch 9] [Dev]  MSE: 1.28591, MAE: 0.85349
[Epoch 9] [Test] MSE: 1.27013, MAE: 0.84996

[Epoch 10/15] Training Loss: 0.99298	Elapsed Time: 1,587.66s (0:26:27)
[Epoch 10] [Dev]  MSE: 1.28861, MAE: 0.86175
[Epoch 10] [Test] MSE: 1.27275, MAE: 0.85796

[Epoch 11/15] Training Loss: 0.97999	Elapsed Time: 1,747.17s (0:29:07)
[Epoch 11] [Dev]  MSE: 1.29178, MAE: 0.86354
[Epoch 11] [Test] MSE: 1.27636, MAE: 0.86011

[Epoch 12/15] Training Loss: 0.97071	Elapsed Time: 1,906.79s (0:31:46)
[Epoch 12] [Dev]  MSE: 1.29538, MAE: 0.85820
[Epoch 12] [Test] MSE: 1.27831, MAE: 0.85436

[Epoch 13/15] Training Loss: 0.96387	Elapsed Time: 2,066.31s (0:34:26)
[Epoch 13] [Dev]  MSE: 1.29723, MAE: 0.86168
[Epoch 13] [Test] MSE: 1.28256, MAE: 0.85867

[Epoch 14/15] Training Loss: 0.95694	Elapsed Time: 2,225.77s (0:37:05)
[Epoch 14] [Dev]  MSE: 1.30050, MAE: 0.86193
[Epoch 14] [Test] MSE: 1.28531, MAE: 0.85850

[Epoch 15/15] Training Loss: 0.95123	Elapsed Time: 2,385.43s (0:39:45)
[Epoch 15] [Dev]  MSE: 1.30395, MAE: 0.85541
[Epoch 15] [Test] MSE: 1.28817, MAE: 0.85218
*** The Last MODEL saved to "./__saved_models__/Baby - VANRA/Baby_VANRA_1234_15.pth"

[Training Loss]
[1.76313, 1.35579, 1.24126, 1.17318, 1.1154, 1.08074, 1.04668, 1.02403, 1.06925, 0.99298, 0.97999, 0.97071, 0.96387, 0.95694, 0.95123]

[Dev MSE]
[1.2991, 1.26118, 1.25526, 1.25752, 1.26312, 1.27275, 1.27507, 1.2863, 1.28591, 1.28861, 1.29178, 1.29538, 1.29723, 1.3005, 1.30395]
[Test MSE]
[1.2887, 1.24999, 1.24097, 1.24366, 1.24878, 1.25842, 1.25928, 1.27221, 1.27013, 1.27275, 1.27636, 1.27831, 1.28256, 1.28531, 1.28817]
[Test MAE]
[0.90855, 0.86589, 0.86048, 0.8547, 0.85101, 0.83913, 0.85264, 0.84048, 0.84996, 0.85796, 0.86011, 0.85436, 0.85867, 0.8585, 0.85218]


Best Dev MSE: 1.25526 (Obtained during Evaluation #3)
Test MSE: 1.24097, Test MAE: 0.86048

End of Program! Elapsed Time: 2,447.65s (0:40:47)
