========================================================================================================================
  ARL_lr: 0.01
  ARL_path: 
  batch_size: 128
  channels_global: 100
  channels_local: 200
  command: -d Sports_and_Outdoors -m DeepCoNN -e 10 -dr 0.9 -WED 300 -p 1 -v 50000 -K 5 -h1 50 -h2 50 -filters_num 100 -output_size 50 -rs 1234 -gpu 0 -vb 1 -sm Sports_and_Outdoors_DeepCoNN
  ctx_win_size: 3
  dataset: Sports_and_Outdoors
  disable_initial_eval: 0
  dropout_rate: 0.9
  epochs: 10
  filters_num: 100
  gpu: 0
  h1: 50
  h2: 50
  hidden_size: 500
  input_dir: ./datasets/Sports_and_Outdoors/
  L2_reg: 1e-06
  learning_rate: 0.002
  loss_function: MSELoss
  max_doc_len: 500
  max_vis_len: 500
  model: DeepCoNN
  num_aspects: 5
  optimizer: Adam
  out_dir: ./experimental_results/Sports_and_Outdoors - DeepCoNN/
  output_size: 50
  pretrained_src: 1
  random_seed: 1234
  save_model: Sports_and_Outdoors_DeepCoNN
  use_cuda: True
  verbose: 1
  vocab_size: 50000
  word_embed_dim: 300
========================================================================================================================

[INFO] # of Users: 645,026, # of Items: 221,569

Creating model (Selected Model: DeepCoNN)..
[args.use_cuda: True] Model is on the GPU! (args.gpu: 0, torch.cuda.current_device(): 0)
Model created! Elapsed Time: 4.81s (0.08 minute)

Loading uid_userDoc from "./datasets/Sports_and_Outdoors/Sports_and_Outdoors_uid_userDoc.npy"..
uid_userDoc loaded! [uid_userDoc: (645026, 500)]

Loading iid_itemDoc from "./datasets/Sports_and_Outdoors/Sports_and_Outdoors_iid_itemDoc.npy"..
iid_itemDoc loaded! [iid_itemDoc: (221569, 500)]

Loading pretrained word embeddings from "./datasets/Sports_and_Outdoors/Sports_and_Outdoors_wed300_wid_wordEmbed.npy"..
Pretrained word embeddings loaded! [wid_wEmbed: (50002, 300)]

Initialization Complete.. Elapsed Time: 34.10s (0.57 minute)

Train/Dev/Test splits loaded! |TRAIN|: 800,000, |DEV|: 25,665, |TEST|: 25,738
Train/Dev/Test splits loaded! Elapsed Time: 34.36s (0.57 minute)

Performing initial evaluation for VALIDATION set..
[Initial] [Dev]  MSE: 13.60167, MAE: 3.52400

Performing initial evaluation for TESTING set..
[Initial] [Test] MSE: 13.59715, MAE: 3.52458

Initial Evaluation Complete.. Elapsed Time: 38.60s (0.64 minute)

Optimizer: Adam, Loss Function: MSELoss

Model Size: 449,354,996
# of Trainable Parameters: 1,056,896
DeepCoNN (
  (uid_userDoc): Embedding(645026, 500), weights = ((645026, 500),), parameters = 322,513,000
  (iid_itemDoc): Embedding(221569, 500), weights = ((221569, 500),), parameters = 110,784,500
  (wid_wEmbed): Embedding(50002, 300), weights = ((50002, 300),), parameters = 15,000,600
  (user_CNN): Conv2d(1, 100, kernel_size=(3, 300), stride=(1, 1)), weights = ((100, 1, 3, 300), (100,)), parameters = 90,100 (Trainable)
  (item_CNN): Conv2d(1, 100, kernel_size=(3, 300), stride=(1, 1)), weights = ((100, 1, 3, 300), (100,)), parameters = 90,100 (Trainable)
  (user_fcLayer): Linear(in_features=100, out_features=50, bias=True), weights = ((50, 100), (50,)), parameters = 5,050 (Trainable)
  (item_fcLayer): Linear(in_features=100, out_features=50, bias=True), weights = ((50, 100), (50,)), parameters = 5,050 (Trainable)
  (userDropout): Dropout(p=0.9, inplace=False), weights = (), parameters = 0
  (itemDropout): Dropout(p=0.9, inplace=False), weights = (), parameters = 0
  (DeepCoNN_RatingPred): DeepCoNN_RatingPred(
    (uid_userOffset): Embedding(645026, 1)
    (iid_itemOffset): Embedding(221569, 1)
    (globalOffset): Parameter(1,)
  ), weights = ((1,), (645026, 1), (221569, 1)), parameters = 866,596 (Trainable)
)
========================================================================================================================

[Epoch 1/10] Training Loss: 2.95083	Elapsed Time: 122.28s (0:02:02)
[Epoch 1] [Dev]  MSE: 1.12343, MAE: 0.83015
[Epoch 1] [Test] MSE: 1.12248, MAE: 0.83082

*** MODEL has obtained the best DEV MSE of 1.12343 so far!
*** The Best MODEL saved to "./__saved_models__/Sports_and_Outdoors - DeepCoNN/Sports_and_Outdoors_DeepCoNN_1234.pth"

[Epoch 2/10] Training Loss: 1.17132	Elapsed Time: 248.94s (0:04:08)
[Epoch 2] [Dev]  MSE: 1.09093, MAE: 0.79220
[Epoch 2] [Test] MSE: 1.09175, MAE: 0.79269

*** MODEL has obtained the best DEV MSE of 1.09093 so far!
*** The Best MODEL saved to "./__saved_models__/Sports_and_Outdoors - DeepCoNN/Sports_and_Outdoors_DeepCoNN_1234.pth"

[Epoch 3/10] Training Loss: 1.02399	Elapsed Time: 375.56s (0:06:15)
[Epoch 3] [Dev]  MSE: 1.09262, MAE: 0.78712
[Epoch 3] [Test] MSE: 1.09247, MAE: 0.78661

[Epoch 4/10] Training Loss: 0.91531	Elapsed Time: 502.17s (0:08:22)
[Epoch 4] [Dev]  MSE: 1.10074, MAE: 0.78971
[Epoch 4] [Test] MSE: 1.09946, MAE: 0.78828

[Epoch 5/10] Training Loss: 0.82377	Elapsed Time: 628.76s (0:10:28)
[Epoch 5] [Dev]  MSE: 1.11341, MAE: 0.77404
[Epoch 5] [Test] MSE: 1.11274, MAE: 0.77334

[Epoch 6/10] Training Loss: 0.74685	Elapsed Time: 755.36s (0:12:35)
[Epoch 6] [Dev]  MSE: 1.12875, MAE: 0.77971
[Epoch 6] [Test] MSE: 1.12911, MAE: 0.77802

[Epoch 7/10] Training Loss: 0.67673	Elapsed Time: 881.92s (0:14:41)
[Epoch 7] [Dev]  MSE: 1.15320, MAE: 0.78906
[Epoch 7] [Test] MSE: 1.15352, MAE: 0.78732

[Epoch 8/10] Training Loss: 0.61865	Elapsed Time: 1,008.48s (0:16:48)
[Epoch 8] [Dev]  MSE: 1.17021, MAE: 0.79368
[Epoch 8] [Test] MSE: 1.16543, MAE: 0.78990

[Epoch 9/10] Training Loss: 0.56466	Elapsed Time: 1,135.07s (0:18:55)
[Epoch 9] [Dev]  MSE: 1.18738, MAE: 0.79803
[Epoch 9] [Test] MSE: 1.18465, MAE: 0.79538

[Epoch 10/10] Training Loss: 0.51717	Elapsed Time: 1,261.66s (0:21:01)
[Epoch 10] [Dev]  MSE: 1.20864, MAE: 0.79919
[Epoch 10] [Test] MSE: 1.20372, MAE: 0.79544
*** The Last MODEL saved to "./__saved_models__/Sports_and_Outdoors - DeepCoNN/Sports_and_Outdoors_DeepCoNN_1234_10.pth"

[Training Loss]
[2.95083, 1.17132, 1.02399, 0.91531, 0.82377, 0.74685, 0.67673, 0.61865, 0.56466, 0.51717]

[Dev MSE]
[1.12343, 1.09093, 1.09262, 1.10074, 1.11341, 1.12875, 1.1532, 1.17021, 1.18738, 1.20864]
[Test MSE]
[1.12248, 1.09175, 1.09247, 1.09946, 1.11274, 1.12911, 1.15352, 1.16543, 1.18465, 1.20372]
[Test MAE]
[0.83082, 0.79269, 0.78661, 0.78828, 0.77334, 0.77802, 0.78732, 0.7899, 0.79538, 0.79544]


Best Dev MSE: 1.09093 (Obtained during Evaluation #2)
Test MSE: 1.09175, Test MAE: 0.79269

End of Program! Elapsed Time: 1,304.46s (0:21:44)
