========================================================================================================================
  ARL_lr: 0.01
  ARL_path: 
  batch_size: 128
  channels_global: 100
  channels_local: 200
  command: -d Automotive -m DAttn -e 10 -p 1 -v 50000 -K 5 -h1 10 -h2 50 -WED 100 -c_local 200 -c_global 100 -hiden_size 500 -output_size 50 -rs 1234 -gpu 0 -vb 1 -sm Automotive_DAttn
  ctx_win_size: 3
  dataset: Automotive
  disable_initial_eval: 0
  dropout_rate: 0.5
  epochs: 10
  filters_num: 100
  gpu: 0
  h1: 10
  h2: 50
  hidden_size: 500
  input_dir: ./datasets/Automotive/
  L2_reg: 1e-06
  learning_rate: 0.002
  loss_function: MSELoss
  max_doc_len: 500
  max_vis_len: 500
  model: DAttn
  num_aspects: 5
  optimizer: Adam
  out_dir: ./experimental_results/Automotive - DAttn/
  output_size: 50
  pretrained_src: 1
  random_seed: 1234
  save_model: Automotive_DAttn
  use_cuda: True
  verbose: 1
  vocab_size: 50000
  word_embed_dim: 100
========================================================================================================================

[INFO] # of Users: 561,942, # of Items: 233,577

Creating model (Selected Model: DAttn)..
[args.use_cuda: True] Model is on the GPU! (args.gpu: 0, torch.cuda.current_device(): 0)
Model created! Elapsed Time: 4.44s (0.07 minute)

Loading uid_userDoc from "./datasets/Automotive/Automotive_uid_userDoc.npy"..
uid_userDoc loaded! [uid_userDoc: (561942, 500)]

Loading iid_itemDoc from "./datasets/Automotive/Automotive_iid_itemDoc.npy"..
iid_itemDoc loaded! [iid_itemDoc: (233577, 500)]

Loading pretrained word embeddings from "./datasets/Automotive/Automotive_wed100_wid_wordEmbed.npy"..
Pretrained word embeddings loaded! [wid_wEmbed: (50002, 100)]

Initialization Complete.. Elapsed Time: 32.51s (0.54 minute)

Train/Dev/Test splits loaded! |TRAIN|: 800,000, |DEV|: 35,546, |TEST|: 35,690
Train/Dev/Test splits loaded! Elapsed Time: 32.83s (0.55 minute)

Performing initial evaluation for VALIDATION set..
[Initial] [Dev]  MSE: 21.67032, MAE: 4.51500

Performing initial evaluation for TESTING set..
[Initial] [Test] MSE: 21.64670, MAE: 4.51034

Initial Evaluation Complete.. Elapsed Time: 49.65s (0.83 minute)

Optimizer: Adam, Loss Function: MSELoss

Model Size: 404,427,924
# of Trainable Parameters: 1,668,224
DAttn (
  (uid_userDoc): Embedding(561942, 500), weights = ((561942, 500),), parameters = 280,971,000
  (iid_itemDoc): Embedding(233577, 500), weights = ((233577, 500),), parameters = 116,788,500
  (wid_wEmbed): Embedding(50002, 100), weights = ((50002, 100),), parameters = 5,000,200
  (user_net): Net(
    (localAttentionLayer): LocalAttention(
      (attention_layer): Sequential(
        (0): Conv2d(1, 1, kernel_size=(3, 100), stride=(1, 1), padding=(1, 0))
        (1): Sigmoid()
      )
      (cnn): Sequential(
        (0): Conv2d(1, 200, kernel_size=(1, 100), stride=(1, 1))
        (1): Tanh()
      )
    )
    (globalAttentionLayer): GlobalAttention(
      (attention_layer): Sequential(
        (0): Conv2d(1, 1, kernel_size=(500, 100), stride=(1, 1))
        (1): Sigmoid()
      )
      (convs): ModuleList(
        (0): Conv2d(1, 100, kernel_size=(2, 100), stride=(1, 1))
        (1): Conv2d(1, 100, kernel_size=(3, 100), stride=(1, 1))
        (2): Conv2d(1, 100, kernel_size=(4, 100), stride=(1, 1))
      )
    )
    (fcLayer): Sequential(
      (0): Linear(in_features=500, out_features=500, bias=True)
      (1): Dropout(p=0.5, inplace=False)
      (2): ReLU()
      (3): Linear(in_features=500, out_features=50, bias=True)
    )
    (dropout): Dropout(p=0.5, inplace=False)
  ), weights = ((1, 1, 3, 100), (1,), (200, 1, 1, 100), (200,), (1, 1, 500, 100), (1,), (100, 1, 2, 100), (100,), (100, 1, 3, 100), (100,), (100, 1, 4, 100), (100,), (500, 500), (500,), (50, 500), (50,)), parameters = 436,352 (Trainable)
  (item_net): Net(
    (localAttentionLayer): LocalAttention(
      (attention_layer): Sequential(
        (0): Conv2d(1, 1, kernel_size=(3, 100), stride=(1, 1), padding=(1, 0))
        (1): Sigmoid()
      )
      (cnn): Sequential(
        (0): Conv2d(1, 200, kernel_size=(1, 100), stride=(1, 1))
        (1): Tanh()
      )
    )
    (globalAttentionLayer): GlobalAttention(
      (attention_layer): Sequential(
        (0): Conv2d(1, 1, kernel_size=(500, 100), stride=(1, 1))
        (1): Sigmoid()
      )
      (convs): ModuleList(
        (0): Conv2d(1, 100, kernel_size=(2, 100), stride=(1, 1))
        (1): Conv2d(1, 100, kernel_size=(3, 100), stride=(1, 1))
        (2): Conv2d(1, 100, kernel_size=(4, 100), stride=(1, 1))
      )
    )
    (fcLayer): Sequential(
      (0): Linear(in_features=500, out_features=500, bias=True)
      (1): Dropout(p=0.5, inplace=False)
      (2): ReLU()
      (3): Linear(in_features=500, out_features=50, bias=True)
    )
    (dropout): Dropout(p=0.5, inplace=False)
  ), weights = ((1, 1, 3, 100), (1,), (200, 1, 1, 100), (200,), (1, 1, 500, 100), (1,), (100, 1, 2, 100), (100,), (100, 1, 3, 100), (100,), (100, 1, 4, 100), (100,), (500, 500), (500,), (50, 500), (50,)), parameters = 436,352 (Trainable)
  (DAttn_RatingPred): DAttn_RatingPred(
    (uid_userOffset): Embedding(561942, 1)
    (iid_itemOffset): Embedding(233577, 1)
    (globalOffset): Parameter(1,)
  ), weights = ((1,), (561942, 1), (233577, 1)), parameters = 795,520 (Trainable)
)
========================================================================================================================

[Epoch 1/10] Training Loss: 1.04189	Elapsed Time: 597.00s (0:09:57)
[Epoch 1] [Dev]  MSE: 1.30726, MAE: 0.86031
[Epoch 1] [Test] MSE: 1.33615, MAE: 0.86705

*** MODEL has obtained the best DEV MSE of 1.30726 so far!
*** The Best MODEL saved to "./__saved_models__/Automotive - DAttn/Automotive_DAttn_1234.pth"

[Epoch 2/10] Training Loss: 0.82717	Elapsed Time: 1,210.14s (0:20:10)
[Epoch 2] [Dev]  MSE: 1.29190, MAE: 0.80673
[Epoch 2] [Test] MSE: 1.32473, MAE: 0.81743

*** MODEL has obtained the best DEV MSE of 1.29190 so far!
*** The Best MODEL saved to "./__saved_models__/Automotive - DAttn/Automotive_DAttn_1234.pth"

[Epoch 3/10] Training Loss: 0.72967	Elapsed Time: 1,822.61s (0:30:22)
[Epoch 3] [Dev]  MSE: 1.38605, MAE: 0.82419
[Epoch 3] [Test] MSE: 1.41804, MAE: 0.83326

[Epoch 4/10] Training Loss: 0.65525	Elapsed Time: 2,434.59s (0:40:34)
[Epoch 4] [Dev]  MSE: 1.25943, MAE: 0.80224
[Epoch 4] [Test] MSE: 1.28616, MAE: 0.81122

*** MODEL has obtained the best DEV MSE of 1.25943 so far!
*** The Best MODEL saved to "./__saved_models__/Automotive - DAttn/Automotive_DAttn_1234.pth"

[Epoch 5/10] Training Loss: 0.59786	Elapsed Time: 3,046.62s (0:50:46)
[Epoch 5] [Dev]  MSE: 1.33157, MAE: 0.80388
[Epoch 5] [Test] MSE: 1.36193, MAE: 0.81337

[Epoch 6/10] Training Loss: 0.54818	Elapsed Time: 3,658.54s (1:00:58)
[Epoch 6] [Dev]  MSE: 1.31961, MAE: 0.79961
[Epoch 6] [Test] MSE: 1.35250, MAE: 0.81044

[Epoch 7/10] Training Loss: 0.50680	Elapsed Time: 4,270.40s (1:11:10)
[Epoch 7] [Dev]  MSE: 1.34640, MAE: 0.79113
[Epoch 7] [Test] MSE: 1.37524, MAE: 0.80090

[Epoch 8/10] Training Loss: 0.47442	Elapsed Time: 4,882.27s (1:21:22)
[Epoch 8] [Dev]  MSE: 1.31859, MAE: 0.78769
[Epoch 8] [Test] MSE: 1.34883, MAE: 0.79715

[Epoch 9/10] Training Loss: 0.44111	Elapsed Time: 5,494.14s (1:31:34)
[Epoch 9] [Dev]  MSE: 1.34544, MAE: 0.80630
[Epoch 9] [Test] MSE: 1.37762, MAE: 0.81586

[Epoch 10/10] Training Loss: 0.41399	Elapsed Time: 6,105.99s (1:41:45)
[Epoch 10] [Dev]  MSE: 1.41916, MAE: 0.84031
[Epoch 10] [Test] MSE: 1.45148, MAE: 0.84946
*** The Last MODEL saved to "./__saved_models__/Automotive - DAttn/Automotive_DAttn_1234_10.pth"

[Training Loss]
[1.04189, 0.82717, 0.72967, 0.65525, 0.59786, 0.54818, 0.5068, 0.47442, 0.44111, 0.41399]

[Dev MSE]
[1.30726, 1.2919, 1.38605, 1.25943, 1.33157, 1.31961, 1.3464, 1.31859, 1.34544, 1.41916]
[Test MSE]
[1.33615, 1.32473, 1.41804, 1.28616, 1.36193, 1.3525, 1.37524, 1.34883, 1.37762, 1.45148]
[Test MAE]
[0.86705, 0.81743, 0.83326, 0.81122, 0.81337, 0.81044, 0.8009, 0.79715, 0.81586, 0.84946]


Best Dev MSE: 1.25943 (Obtained during Evaluation #4)
Test MSE: 1.28616, Test MAE: 0.81122

End of Program! Elapsed Time: 6,171.40s (1:42:51)
