========================================================================================================================
  ARL_lr: 0.01
  ARL_path: 
  batch_size: 128
  channels_global: 10
  channels_local: 10
  command: -d Toys_and_Games -m VANRA -e 15 -dr 0.9 -p 1 -v 50000 -K 5 -h1 10 -h2 50 -c_local 10 -c_global 10 -hiden_size 100 -output_size 50 -rs 1234 -gpu 0 -vb 1 -sm Toys_and_Games_VANRA
  ctx_win_size: 3
  dataset: Toys_and_Games
  disable_initial_eval: 0
  dropout_rate: 0.9
  epochs: 15
  gpu: 0
  h1: 10
  h2: 50
  hidden_size: 100
  input_dir: ./datasets/Toys_and_Games/
  L2_reg: 1e-06
  learning_rate: 0.002
  loss_function: MSELoss
  max_doc_len: 500
  max_vis_len: 500
  model: VANRA
  num_aspects: 5
  optimizer: Adam
  out_dir: ./experimental_results/Toys_and_Games - VANRA/
  output_size: 50
  pretrained_src: 1
  random_seed: 1234
  save_model: Toys_and_Games_VANRA
  use_cuda: True
  verbose: 1
  vocab_size: 50000
  word_embed_dim: 300
========================================================================================================================

[INFO] # of Users: 598,485, # of Items: 197,223

Creating model (Selected Model: VANRA)..
[args.use_cuda: True] Model is on the GPU! (args.gpu: 0, torch.cuda.current_device(): 0)
Model created! Elapsed Time: 7.65s (0.13 minute)

Loading uid_userDoc from "./datasets/Toys_and_Games/Toys_and_Games_uid_userDoc.npy"..
uid_userDoc loaded! [uid_userDoc: (598485, 500)]

Loading iid_itemDoc from "./datasets/Toys_and_Games/Toys_and_Games_iid_itemDoc.npy"..
iid_itemDoc loaded! [iid_itemDoc: (197223, 500)]

Loading pretrained word embeddings from "./datasets/Toys_and_Games/Toys_and_Games_wid_wordEmbed.npy"..
Pretrained word embeddings loaded! [wid_wEmbed: (50002, 300)]

Loading uid_userVis from "./datasets/Toys_and_Games/Toys_and_Games_uid_userVis.npy"..
uid_userVis loaded! [uid_userVis: (598485, 500)]

Loading iid_itemVis from "./datasets/Toys_and_Games/Toys_and_Games_iid_itemVis.npy"..
iid_itemVis loaded! [iid_itemVis: (197223, 500)]

Initialization Complete.. Elapsed Time: 60.92s (1.02 minutes)

Train/Dev/Test splits loaded! |TRAIN|: 800,000, |DEV|: 32,587, |TEST|: 32,299
Train/Dev/Test splits loaded! Elapsed Time: 61.21s (1.02 minutes)

Performing initial evaluation for VALIDATION set..
[Initial] [Dev]  MSE: 19.94398, MAE: 4.32809

Performing initial evaluation for TESTING set..
[Initial] [Test] MSE: 19.89734, MAE: 4.31958

Initial Evaluation Complete.. Elapsed Time: 66.62s (1.11 minutes)

Parameters with L2 Regularization (Regularization Strength: 1e-06):
VANRA_RatingPred.uid_userOffset.weight, VANRA_RatingPred.iid_itemOffset.weight

Optimizer: Adam, Loss Function: MSELoss

Model Size: 811,630,967
# of Trainable Parameters: 922,367
VANRA (
  (uid_userDoc): Embedding(598485, 500), weights = ((598485, 500),), parameters = 299,242,500
  (iid_itemDoc): Embedding(197223, 500), weights = ((197223, 500),), parameters = 98,611,500
  (wid_wEmbed): Embedding(50002, 300), weights = ((50002, 300),), parameters = 15,000,600
  (uid_userVis): Embedding(598485, 500), weights = ((598485, 500),), parameters = 299,242,500
  (iid_itemVis): Embedding(197223, 500), weights = ((197223, 500),), parameters = 98,611,500
  (shared_ANR_ARL): ANR_ARL(
    (aspEmbed): Embedding(5, 30)
    (aspProj): Parameter(5, 300, 10)
  ), weights = ((5, 300, 10), (5, 30)), parameters = 15,150 (Trainable)
  (ANR_AIE): ANR_AIE(  (W_a): Parameter(10, 10)
    (W_u): Parameter(50, 10)
    (w_hu): Parameter(50, 1)
    (W_i): Parameter(50, 10)
    (w_hi): Parameter(50, 1)
  ), weights = ((10, 10), (50, 10), (50, 1), (50, 10), (50, 1)), parameters = 1,200 (Trainable)
  (VANRA_VRL): VANRA_VRL(
    (localAttentionLayer_user): LocalAttention(
      (attention_layer): Sequential(
        (0): Conv2d(1, 1, kernel_size=(3, 1), stride=(1, 1))
        (1): Softmax(dim=2)
      )
      (fcLayer): Sequential(
        (0): Linear(in_features=500, out_features=100, bias=True)
        (1): Dropout(p=0.9, inplace=False)
        (2): ReLU()
        (3): Linear(in_features=100, out_features=50, bias=True)
      )
    )
    (localAttentionLayer_item): LocalAttention(
      (attention_layer): Sequential(
        (0): Conv2d(1, 1, kernel_size=(3, 1), stride=(1, 1))
        (1): Softmax(dim=2)
      )
      (fcLayer): Sequential(
        (0): Linear(in_features=500, out_features=100, bias=True)
        (1): Dropout(p=0.9, inplace=False)
        (2): ReLU()
        (3): Linear(in_features=100, out_features=50, bias=True)
      )
    )
  ), weights = ((1, 1, 3, 1), (1,), (100, 500), (100,), (50, 100), (50,), (1, 1, 3, 1), (1,), (100, 500), (100,), (50, 100), (50,)), parameters = 110,308 (Trainable)
  (VANRA_RatingPred): VANRA_RatingPred(
    (userAspRepDropout): Dropout(p=0.9, inplace=False)
    (itemAspRepDropout): Dropout(p=0.9, inplace=False)
    (uid_userOffset): Embedding(598485, 1)
    (iid_itemOffset): Embedding(197223, 1)
    (globalOffset): Parameter(1,)
  ), weights = ((1,), (598485, 1), (197223, 1)), parameters = 795,709 (Trainable)
)
========================================================================================================================

[Epoch 1/15] Training Loss: 1.75037	Elapsed Time: 168.35s (0:02:48)
[Epoch 1] [Dev]  MSE: 1.11282, MAE: 0.85704
[Epoch 1] [Test] MSE: 1.13565, MAE: 0.86291

*** MODEL has obtained the best DEV MSE of 1.11282 so far!
*** The Best MODEL saved to "./__saved_models__/Toys_and_Games - VANRA/Toys_and_Games_VANRA_1234.pth"

[Epoch 2/15] Training Loss: 1.32261	Elapsed Time: 342.09s (0:05:42)
[Epoch 2] [Dev]  MSE: 1.03624, MAE: 0.79165
[Epoch 2] [Test] MSE: 1.05925, MAE: 0.79789

*** MODEL has obtained the best DEV MSE of 1.03624 so far!
*** The Best MODEL saved to "./__saved_models__/Toys_and_Games - VANRA/Toys_and_Games_VANRA_1234.pth"

[Epoch 3/15] Training Loss: 1.18673	Elapsed Time: 515.90s (0:08:35)
[Epoch 3] [Dev]  MSE: 1.02730, MAE: 0.78594
[Epoch 3] [Test] MSE: 1.04916, MAE: 0.79202

*** MODEL has obtained the best DEV MSE of 1.02730 so far!
*** The Best MODEL saved to "./__saved_models__/Toys_and_Games - VANRA/Toys_and_Games_VANRA_1234.pth"

[Epoch 4/15] Training Loss: 1.09953	Elapsed Time: 689.66s (0:11:29)
[Epoch 4] [Dev]  MSE: 1.01700, MAE: 0.76313
[Epoch 4] [Test] MSE: 1.03790, MAE: 0.76824

*** MODEL has obtained the best DEV MSE of 1.01700 so far!
*** The Best MODEL saved to "./__saved_models__/Toys_and_Games - VANRA/Toys_and_Games_VANRA_1234.pth"

[Epoch 5/15] Training Loss: 1.04261	Elapsed Time: 863.62s (0:14:23)
[Epoch 5] [Dev]  MSE: 1.02780, MAE: 0.77818
[Epoch 5] [Test] MSE: 1.04922, MAE: 0.78370

[Epoch 6/15] Training Loss: 1.00225	Elapsed Time: 1,037.48s (0:17:17)
[Epoch 6] [Dev]  MSE: 1.02257, MAE: 0.75205
[Epoch 6] [Test] MSE: 1.04392, MAE: 0.75769

[Epoch 7/15] Training Loss: 0.97302	Elapsed Time: 1,211.24s (0:20:11)
[Epoch 7] [Dev]  MSE: 1.02935, MAE: 0.76698
[Epoch 7] [Test] MSE: 1.04951, MAE: 0.77222

[Epoch 8/15] Training Loss: 0.95173	Elapsed Time: 1,384.99s (0:23:04)
[Epoch 8] [Dev]  MSE: 1.02946, MAE: 0.75880
[Epoch 8] [Test] MSE: 1.05072, MAE: 0.76444

[Epoch 9/15] Training Loss: 0.95011	Elapsed Time: 1,559.05s (0:25:59)
[Epoch 9] [Dev]  MSE: 1.03110, MAE: 0.75718
[Epoch 9] [Test] MSE: 1.05393, MAE: 0.76327

[Epoch 10/15] Training Loss: 0.92944	Elapsed Time: 1,732.85s (0:28:52)
[Epoch 10] [Dev]  MSE: 1.03318, MAE: 0.75622
[Epoch 10] [Test] MSE: 1.05709, MAE: 0.76254

[Epoch 11/15] Training Loss: 0.91476	Elapsed Time: 1,906.67s (0:31:46)
[Epoch 11] [Dev]  MSE: 1.03656, MAE: 0.75862
[Epoch 11] [Test] MSE: 1.05998, MAE: 0.76478

[Epoch 12/15] Training Loss: 0.90727	Elapsed Time: 2,080.42s (0:34:40)
[Epoch 12] [Dev]  MSE: 1.04128, MAE: 0.76711
[Epoch 12] [Test] MSE: 1.06514, MAE: 0.77349

[Epoch 13/15] Training Loss: 0.90159	Elapsed Time: 2,254.21s (0:37:34)
[Epoch 13] [Dev]  MSE: 1.03763, MAE: 0.75328
[Epoch 13] [Test] MSE: 1.06260, MAE: 0.75972

[Epoch 14/15] Training Loss: 0.89670	Elapsed Time: 2,427.96s (0:40:27)
[Epoch 14] [Dev]  MSE: 1.03975, MAE: 0.75702
[Epoch 14] [Test] MSE: 1.06630, MAE: 0.76372

[Epoch 15/15] Training Loss: 0.89334	Elapsed Time: 2,601.74s (0:43:21)
[Epoch 15] [Dev]  MSE: 1.04104, MAE: 0.74661
[Epoch 15] [Test] MSE: 1.06714, MAE: 0.75397
*** The Last MODEL saved to "./__saved_models__/Toys_and_Games - VANRA/Toys_and_Games_VANRA_1234_15.pth"

[Training Loss]
[1.75037, 1.32261, 1.18673, 1.09953, 1.04261, 1.00225, 0.97302, 0.95173, 0.95011, 0.92944, 0.91476, 0.90727, 0.90159, 0.8967, 0.89334]

[Dev MSE]
[1.11282, 1.03624, 1.0273, 1.017, 1.0278, 1.02257, 1.02935, 1.02946, 1.0311, 1.03318, 1.03656, 1.04128, 1.03763, 1.03975, 1.04104]
[Test MSE]
[1.13565, 1.05925, 1.04916, 1.0379, 1.04922, 1.04392, 1.04951, 1.05072, 1.05393, 1.05709, 1.05998, 1.06514, 1.0626, 1.0663, 1.06714]
[Test MAE]
[0.86291, 0.79789, 0.79202, 0.76824, 0.7837, 0.75769, 0.77222, 0.76444, 0.76327, 0.76254, 0.76478, 0.77349, 0.75972, 0.76372, 0.75397]


Best Dev MSE: 1.01700 (Obtained during Evaluation #4)
Test MSE: 1.03790, Test MAE: 0.76824

End of Program! Elapsed Time: 2,673.56s (0:44:33)
