========================================================================================================================
  ARL_lr: 0.01
  ARL_path: 
  batch_size: 128
  channels_global: 100
  channels_local: 200
  command: -d Cell_Phones_and_Accessories -m VANRA -e 5 -dr 0.9 -WED 300 -p 1 -v 50000 -K 5 -h1 10 -kernel_list 3 -output_size 25 -rs 1234 -gpu 0 -vb 1 -sm Cell_Phones_and_Accessories_VANRA
  ctx_win_size: 3
  dataset: Cell_Phones_and_Accessories
  disable_initial_eval: 0
  dropout_rate: 0.9
  epochs: 5
  filters_num: 100
  gpu: 0
  h1: 10
  h2: 50
  hidden_size: 500
  input_dir: ./datasets/Cell_Phones_and_Accessories/
  kernel_list: [3]
  L2_reg: 1e-06
  learning_rate: 0.002
  loss_function: MSELoss
  max_doc_len: 500
  max_vis_len: 500
  model: VANRA
  num_aspects: 5
  optimizer: Adam
  out_dir: ./experimental_results/Cell_Phones_and_Accessories - VANRA/
  output_size: 25
  pretrained_src: 1
  random_seed: 1234
  save_model: Cell_Phones_and_Accessories_VANRA
  use_cuda: True
  verbose: 1
  vocab_size: 50000
  word_embed_dim: 300
========================================================================================================================

[INFO] # of Users: 687,583, # of Items: 148,399

Creating model (Selected Model: VANRA)..
[args.use_cuda: True] Model is on the GPU! (args.gpu: 0, torch.cuda.current_device(): 0)
Model created! Elapsed Time: 8.10s (0.13 minute)

Loading uid_userDoc from "./datasets/Cell_Phones_and_Accessories/Cell_Phones_and_Accessories_uid_userDoc.npy"..
uid_userDoc loaded! [uid_userDoc: (687583, 500)]

Loading iid_itemDoc from "./datasets/Cell_Phones_and_Accessories/Cell_Phones_and_Accessories_iid_itemDoc.npy"..
iid_itemDoc loaded! [iid_itemDoc: (148399, 500)]

Loading pretrained word embeddings from "./datasets/Cell_Phones_and_Accessories/Cell_Phones_and_Accessories_wed300_wid_wordEmbed.npy"..
Pretrained word embeddings loaded! [wid_wEmbed: (50002, 300)]

Loading uid_userVis from "./datasets/Cell_Phones_and_Accessories/Cell_Phones_and_Accessories_uid_userVis.npy"..
uid_userVis loaded! [uid_userVis: (687583, 500)]

Loading iid_itemVis from "./datasets/Cell_Phones_and_Accessories/Cell_Phones_and_Accessories_iid_itemVis.npy"..
iid_itemVis loaded! [iid_itemVis: (148399, 500)]

Initialization Complete.. Elapsed Time: 52.56s (0.88 minute)

Train/Dev/Test splits loaded! |TRAIN|: 800,000, |DEV|: 21,045, |TEST|: 21,154
Train/Dev/Test splits loaded! Elapsed Time: 52.80s (0.88 minute)

Performing initial evaluation for VALIDATION set..
[Initial] [Dev]  MSE: 13.17136, MAE: 3.33420

Performing initial evaluation for TESTING set..
[Initial] [Test] MSE: 13.25603, MAE: 3.34954

Initial Evaluation Complete.. Elapsed Time: 57.45s (0.96 minute)

Parameters with L2 Regularization (Regularization Strength: 1e-06):
VANRA_RatingPred.uid_userOffset.weight, VANRA_RatingPred.iid_itemOffset.weight

Optimizer: Adam, Loss Function: MSELoss

Model Size: 851,852,068
# of Trainable Parameters: 869,468
VANRA (
  (uid_userDoc): Embedding(687583, 500), weights = ((687583, 500),), parameters = 343,791,500
  (iid_itemDoc): Embedding(148399, 500), weights = ((148399, 500),), parameters = 74,199,500
  (wid_wEmbed): Embedding(50002, 300), weights = ((50002, 300),), parameters = 15,000,600
  (uid_userVis): Embedding(687583, 500), weights = ((687583, 500),), parameters = 343,791,500
  (iid_itemVis): Embedding(148399, 500), weights = ((148399, 500),), parameters = 74,199,500
  (MSANR_ARL): MSANR_ARL(
    (aspEmbed): ModuleList(
      (0): Embedding(5, 30)
    )
    (filterEmbed): Embedding(5, 10)
    (aspProj): Parameter(5, 300, 10)
  ), weights = ((5, 300, 10), (5, 30), (5, 10)), parameters = 15,200 (Trainable)
  (VANRA_VRL): VANRA_VRL(
    (fcLayer): Sequential(
      (0): Dropout(p=0.9, inplace=False)
      (1): Linear(in_features=500, out_features=25, bias=True)
    )
    (visProj): Parameter(500, 10)
  ), weights = ((500, 10), (25, 500), (25,)), parameters = 17,525 (Trainable)
  (VANRA_RatingPred): VANRA_RatingPred(
    (uid_userOffset): Embedding(687583, 1)
    (iid_itemOffset): Embedding(148399, 1)
    (fcLayer1): Sequential(
      (0): Linear(in_features=75, out_features=10, bias=True)
      (1): ReLU()
      (2): Dropout(p=0.9, inplace=False)
    )
    (globalOffset): Parameter(1,)
  ), weights = ((1,), (687583, 1), (148399, 1), (10, 75), (10,)), parameters = 836,743 (Trainable)
)
========================================================================================================================

[Epoch 1/5] Training Loss: 61.64826	Elapsed Time: 153.74s (0:02:33)
[Epoch 1] [Dev]  MSE: 1.67836, MAE: 1.08517
[Epoch 1] [Test] MSE: 1.66718, MAE: 1.08130

*** MODEL has obtained the best DEV MSE of 1.67836 so far!
*** The Best MODEL saved to "./__saved_models__/Cell_Phones_and_Accessories - VANRA/Cell_Phones_and_Accessories_VANRA_1234.pth"

[Epoch 2/5] Training Loss: 2.09016	Elapsed Time: 311.27s (0:05:11)
[Epoch 2] [Dev]  MSE: 1.63493, MAE: 1.06400
[Epoch 2] [Test] MSE: 1.62636, MAE: 1.06062

*** MODEL has obtained the best DEV MSE of 1.63493 so far!
*** The Best MODEL saved to "./__saved_models__/Cell_Phones_and_Accessories - VANRA/Cell_Phones_and_Accessories_VANRA_1234.pth"

[Epoch 3/5] Training Loss: 1.67892	Elapsed Time: 468.87s (0:07:48)
[Epoch 3] [Dev]  MSE: 1.62188, MAE: 1.04491
[Epoch 3] [Test] MSE: 1.61403, MAE: 1.04242

*** MODEL has obtained the best DEV MSE of 1.62188 so far!
*** The Best MODEL saved to "./__saved_models__/Cell_Phones_and_Accessories - VANRA/Cell_Phones_and_Accessories_VANRA_1234.pth"

[Epoch 4/5] Training Loss: 1.57113	Elapsed Time: 626.58s (0:10:26)
[Epoch 4] [Dev]  MSE: 1.62828, MAE: 1.04344
[Epoch 4] [Test] MSE: 1.62271, MAE: 1.04185

[Epoch 5/5] Training Loss: 1.49615	Elapsed Time: 784.32s (0:13:04)
[Epoch 5] [Dev]  MSE: 1.63427, MAE: 1.03871
[Epoch 5] [Test] MSE: 1.62920, MAE: 1.03746
*** The Last MODEL saved to "./__saved_models__/Cell_Phones_and_Accessories - VANRA/Cell_Phones_and_Accessories_VANRA_1234_5.pth"

[Training Loss]
[61.64826, 2.09016, 1.67892, 1.57113, 1.49615]

[Dev MSE]
[1.67836, 1.63493, 1.62188, 1.62828, 1.63427]
[Test MSE]
[1.66718, 1.62636, 1.61403, 1.62271, 1.6292]
[Test MAE]
[1.0813, 1.06062, 1.04242, 1.04185, 1.03746]


Best Dev MSE: 1.62188 (Obtained during Evaluation #3)
Test MSE: 1.61403, Test MAE: 1.04242

End of Program! Elapsed Time: 845.56s (0:14:05)
