========================================================================================================================
  ARL_lr: 0.01
  ARL_path: 
  batch_size: 128
  channels_global: 100
  channels_local: 200
  command: -d Cell_Phones_and_Accessories -m VANRA -e 5 -dr 0.9 -WED 300 -p 1 -v 50000 -K 5 -h1 5 -kernel_list 3 -output_size 25 -rs 1234 -gpu 0 -vb 1 -sm Cell_Phones_and_Accessories_VANRA
  ctx_win_size: 3
  dataset: Cell_Phones_and_Accessories
  disable_initial_eval: 0
  dropout_rate: 0.9
  epochs: 5
  filters_num: 100
  gpu: 0
  h1: 5
  h2: 50
  hidden_size: 500
  input_dir: ./datasets/Cell_Phones_and_Accessories/
  kernel_list: [3]
  L2_reg: 1e-06
  learning_rate: 0.002
  loss_function: MSELoss
  max_doc_len: 500
  max_vis_len: 500
  model: VANRA
  num_aspects: 5
  optimizer: Adam
  out_dir: ./experimental_results/Cell_Phones_and_Accessories - VANRA/
  output_size: 25
  pretrained_src: 1
  random_seed: 1234
  save_model: Cell_Phones_and_Accessories_VANRA
  use_cuda: True
  verbose: 1
  vocab_size: 50000
  word_embed_dim: 300
========================================================================================================================

[INFO] # of Users: 687,583, # of Items: 148,399

Creating model (Selected Model: VANRA)..
[args.use_cuda: True] Model is on the GPU! (args.gpu: 0, torch.cuda.current_device(): 0)
Model created! Elapsed Time: 8.54s (0.14 minute)

Loading uid_userDoc from "./datasets/Cell_Phones_and_Accessories/Cell_Phones_and_Accessories_uid_userDoc.npy"..
uid_userDoc loaded! [uid_userDoc: (687583, 500)]

Loading iid_itemDoc from "./datasets/Cell_Phones_and_Accessories/Cell_Phones_and_Accessories_iid_itemDoc.npy"..
iid_itemDoc loaded! [iid_itemDoc: (148399, 500)]

Loading pretrained word embeddings from "./datasets/Cell_Phones_and_Accessories/Cell_Phones_and_Accessories_wed300_wid_wordEmbed.npy"..
Pretrained word embeddings loaded! [wid_wEmbed: (50002, 300)]

Loading uid_userVis from "./datasets/Cell_Phones_and_Accessories/Cell_Phones_and_Accessories_uid_userVis.npy"..
uid_userVis loaded! [uid_userVis: (687583, 500)]

Loading iid_itemVis from "./datasets/Cell_Phones_and_Accessories/Cell_Phones_and_Accessories_iid_itemVis.npy"..
iid_itemVis loaded! [iid_itemVis: (148399, 500)]

Initialization Complete.. Elapsed Time: 53.07s (0.88 minute)

Train/Dev/Test splits loaded! |TRAIN|: 800,000, |DEV|: 21,045, |TEST|: 21,154
Train/Dev/Test splits loaded! Elapsed Time: 53.29s (0.89 minute)

Performing initial evaluation for VALIDATION set..
[Initial] [Dev]  MSE: 15.08200, MAE: 3.62299

Performing initial evaluation for TESTING set..
[Initial] [Test] MSE: 15.12089, MAE: 3.62689

Initial Evaluation Complete.. Elapsed Time: 57.87s (0.96 minute)

Parameters with L2 Regularization (Regularization Strength: 1e-06):
VANRA_RatingPred.uid_userOffset.weight, VANRA_RatingPred.iid_itemOffset.weight

Optimizer: Adam, Loss Function: MSELoss

Model Size: 851,841,463
# of Trainable Parameters: 858,863
VANRA (
  (uid_userDoc): Embedding(687583, 500), weights = ((687583, 500),), parameters = 343,791,500
  (iid_itemDoc): Embedding(148399, 500), weights = ((148399, 500),), parameters = 74,199,500
  (wid_wEmbed): Embedding(50002, 300), weights = ((50002, 300),), parameters = 15,000,600
  (uid_userVis): Embedding(687583, 500), weights = ((687583, 500),), parameters = 343,791,500
  (iid_itemVis): Embedding(148399, 500), weights = ((148399, 500),), parameters = 74,199,500
  (MSANR_ARL): MSANR_ARL(
    (aspEmbed): ModuleList(
      (0): Embedding(5, 15)
    )
    (filterEmbed): Embedding(5, 5)
    (aspProj): Parameter(5, 300, 5)
  ), weights = ((5, 300, 5), (5, 15), (5, 5)), parameters = 7,600 (Trainable)
  (VANRA_VRL): VANRA_VRL(
    (fcLayer): Sequential(
      (0): Dropout(p=0.9, inplace=False)
      (1): Linear(in_features=500, out_features=25, bias=True)
    )
    (visProj): Parameter(500, 5)
  ), weights = ((500, 5), (25, 500), (25,)), parameters = 15,025 (Trainable)
  (VANRA_RatingPred): VANRA_RatingPred(
    (uid_userOffset): Embedding(687583, 1)
    (iid_itemOffset): Embedding(148399, 1)
    (fcLayer1): Sequential(
      (0): Linear(in_features=50, out_features=5, bias=True)
      (1): ReLU()
      (2): Dropout(p=0.9, inplace=False)
    )
    (globalOffset): Parameter(1,)
  ), weights = ((1,), (687583, 1), (148399, 1), (5, 50), (5,)), parameters = 836,238 (Trainable)
)
========================================================================================================================

[Epoch 1/5] Training Loss: 265.94851	Elapsed Time: 145.29s (0:02:25)
[Epoch 1] [Dev]  MSE: 1.68641, MAE: 1.08918
[Epoch 1] [Test] MSE: 1.68170, MAE: 1.08719

*** MODEL has obtained the best DEV MSE of 1.68641 so far!
*** The Best MODEL saved to "./__saved_models__/Cell_Phones_and_Accessories - VANRA/Cell_Phones_and_Accessories_VANRA_1234.pth"

[Epoch 2/5] Training Loss: 1.85636	Elapsed Time: 294.50s (0:04:54)
[Epoch 2] [Dev]  MSE: 1.63043, MAE: 1.05715
[Epoch 2] [Test] MSE: 1.62391, MAE: 1.05449

*** MODEL has obtained the best DEV MSE of 1.63043 so far!
*** The Best MODEL saved to "./__saved_models__/Cell_Phones_and_Accessories - VANRA/Cell_Phones_and_Accessories_VANRA_1234.pth"

[Epoch 3/5] Training Loss: 1.68518	Elapsed Time: 443.64s (0:07:23)
[Epoch 3] [Dev]  MSE: 1.62613, MAE: 1.05144
[Epoch 3] [Test] MSE: 1.62109, MAE: 1.04967

*** MODEL has obtained the best DEV MSE of 1.62613 so far!
*** The Best MODEL saved to "./__saved_models__/Cell_Phones_and_Accessories - VANRA/Cell_Phones_and_Accessories_VANRA_1234.pth"

[Epoch 4/5] Training Loss: 1.57513	Elapsed Time: 592.91s (0:09:52)
[Epoch 4] [Dev]  MSE: 1.62695, MAE: 1.04329
[Epoch 4] [Test] MSE: 1.62188, MAE: 1.04175

[Epoch 5/5] Training Loss: 1.49880	Elapsed Time: 742.36s (0:12:22)
[Epoch 5] [Dev]  MSE: 1.63230, MAE: 1.03695
[Epoch 5] [Test] MSE: 1.62571, MAE: 1.03494
*** The Last MODEL saved to "./__saved_models__/Cell_Phones_and_Accessories - VANRA/Cell_Phones_and_Accessories_VANRA_1234_5.pth"

[Training Loss]
[265.94851, 1.85636, 1.68518, 1.57513, 1.4988]

[Dev MSE]
[1.68641, 1.63043, 1.62613, 1.62695, 1.6323]
[Test MSE]
[1.6817, 1.62391, 1.62109, 1.62188, 1.62571]
[Test MAE]
[1.08719, 1.05449, 1.04967, 1.04175, 1.03494]


Best Dev MSE: 1.62613 (Obtained during Evaluation #3)
Test MSE: 1.62109, Test MAE: 1.04967

End of Program! Elapsed Time: 803.97s (0:13:23)
