========================================================================================================================
  ARL_lr: 0.01
  ARL_path: 
  batch_size: 128
  channels_global: 100
  channels_local: 200
  command: -d Cell_Phones_and_Accessories -m VANRA -e 5 -dr 0.9 -WED 300 -p 1 -v 50000 -K 5 -h1 15 -kernel_list 3 -output_size 10 -rs 1234 -gpu 0 -vb 1 -sm Cell_Phones_and_Accessories_VANRA
  ctx_win_size: 3
  dataset: Cell_Phones_and_Accessories
  disable_initial_eval: 0
  dropout_rate: 0.9
  epochs: 5
  filters_num: 100
  gpu: 0
  h1: 15
  h2: 50
  hidden_size: 500
  input_dir: ./datasets/Cell_Phones_and_Accessories/
  kernel_list: [3]
  L2_reg: 1e-06
  learning_rate: 0.002
  loss_function: MSELoss
  max_doc_len: 500
  max_vis_len: 500
  model: VANRA
  num_aspects: 5
  optimizer: Adam
  out_dir: ./experimental_results/Cell_Phones_and_Accessories - VANRA/
  output_size: 10
  pretrained_src: 1
  random_seed: 1234
  save_model: Cell_Phones_and_Accessories_VANRA
  use_cuda: True
  verbose: 1
  vocab_size: 50000
  word_embed_dim: 300
========================================================================================================================

[INFO] # of Users: 687,583, # of Items: 148,399

Creating model (Selected Model: VANRA)..
[args.use_cuda: True] Model is on the GPU! (args.gpu: 0, torch.cuda.current_device(): 0)
Model created! Elapsed Time: 8.05s (0.13 minute)

Loading uid_userDoc from "./datasets/Cell_Phones_and_Accessories/Cell_Phones_and_Accessories_uid_userDoc.npy"..
uid_userDoc loaded! [uid_userDoc: (687583, 500)]

Loading iid_itemDoc from "./datasets/Cell_Phones_and_Accessories/Cell_Phones_and_Accessories_iid_itemDoc.npy"..
iid_itemDoc loaded! [iid_itemDoc: (148399, 500)]

Loading pretrained word embeddings from "./datasets/Cell_Phones_and_Accessories/Cell_Phones_and_Accessories_wed300_wid_wordEmbed.npy"..
Pretrained word embeddings loaded! [wid_wEmbed: (50002, 300)]

Loading uid_userVis from "./datasets/Cell_Phones_and_Accessories/Cell_Phones_and_Accessories_uid_userVis.npy"..
uid_userVis loaded! [uid_userVis: (687583, 500)]

Loading iid_itemVis from "./datasets/Cell_Phones_and_Accessories/Cell_Phones_and_Accessories_iid_itemVis.npy"..
iid_itemVis loaded! [iid_itemVis: (148399, 500)]

Initialization Complete.. Elapsed Time: 53.53s (0.89 minute)

Train/Dev/Test splits loaded! |TRAIN|: 800,000, |DEV|: 21,045, |TEST|: 21,154
Train/Dev/Test splits loaded! Elapsed Time: 53.75s (0.90 minute)

Performing initial evaluation for VALIDATION set..
[Initial] [Dev]  MSE: 14.17495, MAE: 3.50069

Performing initial evaluation for TESTING set..
[Initial] [Test] MSE: 14.15879, MAE: 3.49960

Initial Evaluation Complete.. Elapsed Time: 58.50s (0.97 minute)

Parameters with L2 Regularization (Regularization Strength: 1e-06):
VANRA_RatingPred.uid_userOffset.weight, VANRA_RatingPred.iid_itemOffset.weight

Optimizer: Adam, Loss Function: MSELoss

Model Size: 851,855,183
# of Trainable Parameters: 872,583
VANRA (
  (uid_userDoc): Embedding(687583, 500), weights = ((687583, 500),), parameters = 343,791,500
  (iid_itemDoc): Embedding(148399, 500), weights = ((148399, 500),), parameters = 74,199,500
  (wid_wEmbed): Embedding(50002, 300), weights = ((50002, 300),), parameters = 15,000,600
  (uid_userVis): Embedding(687583, 500), weights = ((687583, 500),), parameters = 343,791,500
  (iid_itemVis): Embedding(148399, 500), weights = ((148399, 500),), parameters = 74,199,500
  (MSANR_ARL): MSANR_ARL(
    (aspEmbed): ModuleList(
      (0): Embedding(5, 45)
    )
    (filterEmbed): Embedding(5, 15)
    (aspProj): Parameter(5, 300, 15)
  ), weights = ((5, 300, 15), (5, 45), (5, 15)), parameters = 22,800 (Trainable)
  (VANRA_VRL): VANRA_VRL(
    (fcLayer): Sequential(
      (0): Dropout(p=0.9, inplace=False)
      (1): Linear(in_features=500, out_features=10, bias=True)
    )
    (visProj): Parameter(500, 15)
  ), weights = ((500, 15), (10, 500), (10,)), parameters = 12,510 (Trainable)
  (VANRA_RatingPred): VANRA_RatingPred(
    (uid_userOffset): Embedding(687583, 1)
    (iid_itemOffset): Embedding(148399, 1)
    (fcLayer1): Sequential(
      (0): Linear(in_features=85, out_features=15, bias=True)
      (1): ReLU()
      (2): Dropout(p=0.9, inplace=False)
    )
    (globalOffset): Parameter(1,)
  ), weights = ((1,), (687583, 1), (148399, 1), (15, 85), (15,)), parameters = 837,273 (Trainable)
)
========================================================================================================================

[Epoch 1/5] Training Loss: 8.50629	Elapsed Time: 162.11s (0:02:42)
[Epoch 1] [Dev]  MSE: 1.67609, MAE: 1.09023
[Epoch 1] [Test] MSE: 1.66776, MAE: 1.08793

*** MODEL has obtained the best DEV MSE of 1.67609 so far!
*** The Best MODEL saved to "./__saved_models__/Cell_Phones_and_Accessories - VANRA/Cell_Phones_and_Accessories_VANRA_1234.pth"

[Epoch 2/5] Training Loss: 1.83703	Elapsed Time: 328.54s (0:05:28)
[Epoch 2] [Dev]  MSE: 1.63099, MAE: 1.06044
[Epoch 2] [Test] MSE: 1.62369, MAE: 1.05787

*** MODEL has obtained the best DEV MSE of 1.63099 so far!
*** The Best MODEL saved to "./__saved_models__/Cell_Phones_and_Accessories - VANRA/Cell_Phones_and_Accessories_VANRA_1234.pth"

[Epoch 3/5] Training Loss: 1.67457	Elapsed Time: 494.99s (0:08:14)
[Epoch 3] [Dev]  MSE: 1.62947, MAE: 1.05509
[Epoch 3] [Test] MSE: 1.62441, MAE: 1.05355

*** MODEL has obtained the best DEV MSE of 1.62947 so far!
*** The Best MODEL saved to "./__saved_models__/Cell_Phones_and_Accessories - VANRA/Cell_Phones_and_Accessories_VANRA_1234.pth"

[Epoch 4/5] Training Loss: 1.56820	Elapsed Time: 661.26s (0:11:01)
[Epoch 4] [Dev]  MSE: 1.62526, MAE: 1.04021
[Epoch 4] [Test] MSE: 1.62084, MAE: 1.03931

*** MODEL has obtained the best DEV MSE of 1.62526 so far!
*** The Best MODEL saved to "./__saved_models__/Cell_Phones_and_Accessories - VANRA/Cell_Phones_and_Accessories_VANRA_1234.pth"

[Epoch 5/5] Training Loss: 1.49402	Elapsed Time: 827.64s (0:13:47)
[Epoch 5] [Dev]  MSE: 1.62717, MAE: 1.02994
[Epoch 5] [Test] MSE: 1.62337, MAE: 1.02949
*** The Last MODEL saved to "./__saved_models__/Cell_Phones_and_Accessories - VANRA/Cell_Phones_and_Accessories_VANRA_1234_5.pth"

[Training Loss]
[8.50629, 1.83703, 1.67457, 1.5682, 1.49402]

[Dev MSE]
[1.67609, 1.63099, 1.62947, 1.62526, 1.62717]
[Test MSE]
[1.66776, 1.62369, 1.62441, 1.62084, 1.62337]
[Test MAE]
[1.08793, 1.05787, 1.05355, 1.03931, 1.02949]


Best Dev MSE: 1.62526 (Obtained during Evaluation #4)
Test MSE: 1.62084, Test MAE: 1.03931

End of Program! Elapsed Time: 890.10s (0:14:50)
