========================================================================================================================
  ARL_lr: 0.01
  ARL_path: 
  batch_size: 128
  channels_global: 100
  channels_local: 200
  command: -d Cell_Phones_and_Accessories -m VANRA -e 5 -dr 0.9 -WED 300 -p 1 -v 50000 -K 5 -h1 50 -kernel_list 3 -output_size 15 -rs 1234 -gpu 0 -vb 1 -sm Cell_Phones_and_Accessories_VANRA
  ctx_win_size: 3
  dataset: Cell_Phones_and_Accessories
  disable_initial_eval: 0
  dropout_rate: 0.9
  epochs: 5
  filters_num: 100
  gpu: 0
  h1: 50
  h2: 50
  hidden_size: 500
  input_dir: ./datasets/Cell_Phones_and_Accessories/
  kernel_list: [3]
  L2_reg: 1e-06
  learning_rate: 0.002
  loss_function: MSELoss
  max_doc_len: 500
  max_vis_len: 500
  model: VANRA
  num_aspects: 5
  optimizer: Adam
  out_dir: ./experimental_results/Cell_Phones_and_Accessories - VANRA/
  output_size: 15
  pretrained_src: 1
  random_seed: 1234
  save_model: Cell_Phones_and_Accessories_VANRA
  use_cuda: True
  verbose: 1
  vocab_size: 50000
  word_embed_dim: 300
========================================================================================================================

[INFO] # of Users: 687,583, # of Items: 148,399

Creating model (Selected Model: VANRA)..
[args.use_cuda: True] Model is on the GPU! (args.gpu: 0, torch.cuda.current_device(): 0)
Model created! Elapsed Time: 8.06s (0.13 minute)

Loading uid_userDoc from "./datasets/Cell_Phones_and_Accessories/Cell_Phones_and_Accessories_uid_userDoc.npy"..
uid_userDoc loaded! [uid_userDoc: (687583, 500)]

Loading iid_itemDoc from "./datasets/Cell_Phones_and_Accessories/Cell_Phones_and_Accessories_iid_itemDoc.npy"..
iid_itemDoc loaded! [iid_itemDoc: (148399, 500)]

Loading pretrained word embeddings from "./datasets/Cell_Phones_and_Accessories/Cell_Phones_and_Accessories_wed300_wid_wordEmbed.npy"..
Pretrained word embeddings loaded! [wid_wEmbed: (50002, 300)]

Loading uid_userVis from "./datasets/Cell_Phones_and_Accessories/Cell_Phones_and_Accessories_uid_userVis.npy"..
uid_userVis loaded! [uid_userVis: (687583, 500)]

Loading iid_itemVis from "./datasets/Cell_Phones_and_Accessories/Cell_Phones_and_Accessories_iid_itemVis.npy"..
iid_itemVis loaded! [iid_itemVis: (148399, 500)]

Initialization Complete.. Elapsed Time: 52.19s (0.87 minute)

Train/Dev/Test splits loaded! |TRAIN|: 800,000, |DEV|: 21,045, |TEST|: 21,154
Train/Dev/Test splits loaded! Elapsed Time: 52.41s (0.87 minute)

Performing initial evaluation for VALIDATION set..
[Initial] [Dev]  MSE: 12.98753, MAE: 3.32825

Performing initial evaluation for TESTING set..
[Initial] [Test] MSE: 12.97137, MAE: 3.32584

Initial Evaluation Complete.. Elapsed Time: 59.03s (0.98 minute)

Parameters with L2 Regularization (Regularization Strength: 1e-06):
VANRA_RatingPred.uid_userOffset.weight, VANRA_RatingPred.iid_itemOffset.weight

Optimizer: Adam, Loss Function: MSELoss

Model Size: 851,940,398
# of Trainable Parameters: 957,798
VANRA (
  (uid_userDoc): Embedding(687583, 500), weights = ((687583, 500),), parameters = 343,791,500
  (iid_itemDoc): Embedding(148399, 500), weights = ((148399, 500),), parameters = 74,199,500
  (wid_wEmbed): Embedding(50002, 300), weights = ((50002, 300),), parameters = 15,000,600
  (uid_userVis): Embedding(687583, 500), weights = ((687583, 500),), parameters = 343,791,500
  (iid_itemVis): Embedding(148399, 500), weights = ((148399, 500),), parameters = 74,199,500
  (MSANR_ARL): MSANR_ARL(
    (aspEmbed): ModuleList(
      (0): Embedding(5, 150)
    )
    (filterEmbed): Embedding(5, 50)
    (aspProj): Parameter(5, 300, 50)
  ), weights = ((5, 300, 50), (5, 150), (5, 50)), parameters = 76,000 (Trainable)
  (VANRA_VRL): VANRA_VRL(
    (fcLayer): Sequential(
      (0): Dropout(p=0.9, inplace=False)
      (1): Linear(in_features=500, out_features=15, bias=True)
    )
    (visProj): Parameter(500, 50)
  ), weights = ((500, 50), (15, 500), (15,)), parameters = 32,515 (Trainable)
  (VANRA_RatingPred): VANRA_RatingPred(
    (uid_userOffset): Embedding(687583, 1)
    (iid_itemOffset): Embedding(148399, 1)
    (fcLayer1): Sequential(
      (0): Linear(in_features=265, out_features=50, bias=True)
      (1): ReLU()
      (2): Dropout(p=0.9, inplace=False)
    )
    (globalOffset): Parameter(1,)
  ), weights = ((1,), (687583, 1), (148399, 1), (50, 265), (50,)), parameters = 849,283 (Trainable)
)
========================================================================================================================

[Epoch 1/5] Training Loss: 6.61582	Elapsed Time: 249.47s (0:04:09)
[Epoch 1] [Dev]  MSE: 1.67685, MAE: 1.08957
[Epoch 1] [Test] MSE: 1.66830, MAE: 1.08652

*** MODEL has obtained the best DEV MSE of 1.67685 so far!
*** The Best MODEL saved to "./__saved_models__/Cell_Phones_and_Accessories - VANRA/Cell_Phones_and_Accessories_VANRA_1234.pth"

[Epoch 2/5] Training Loss: 1.83733	Elapsed Time: 504.98s (0:08:24)
[Epoch 2] [Dev]  MSE: 1.63055, MAE: 1.05799
[Epoch 2] [Test] MSE: 1.62208, MAE: 1.05517

*** MODEL has obtained the best DEV MSE of 1.63055 so far!
*** The Best MODEL saved to "./__saved_models__/Cell_Phones_and_Accessories - VANRA/Cell_Phones_and_Accessories_VANRA_1234.pth"

[Epoch 3/5] Training Loss: 1.67479	Elapsed Time: 760.57s (0:12:40)
[Epoch 3] [Dev]  MSE: 1.62315, MAE: 1.04621
[Epoch 3] [Test] MSE: 1.61528, MAE: 1.04382

*** MODEL has obtained the best DEV MSE of 1.62315 so far!
*** The Best MODEL saved to "./__saved_models__/Cell_Phones_and_Accessories - VANRA/Cell_Phones_and_Accessories_VANRA_1234.pth"

[Epoch 4/5] Training Loss: 1.56838	Elapsed Time: 1,016.04s (0:16:56)
[Epoch 4] [Dev]  MSE: 1.62632, MAE: 1.04016
[Epoch 4] [Test] MSE: 1.61940, MAE: 1.03797

[Epoch 5/5] Training Loss: 1.49406	Elapsed Time: 1,271.61s (0:21:11)
[Epoch 5] [Dev]  MSE: 1.63157, MAE: 1.03582
[Epoch 5] [Test] MSE: 1.62623, MAE: 1.03377
*** The Last MODEL saved to "./__saved_models__/Cell_Phones_and_Accessories - VANRA/Cell_Phones_and_Accessories_VANRA_1234_5.pth"

[Training Loss]
[6.61582, 1.83733, 1.67479, 1.56838, 1.49406]

[Dev MSE]
[1.67685, 1.63055, 1.62315, 1.62632, 1.63157]
[Test MSE]
[1.6683, 1.62208, 1.61528, 1.6194, 1.62623]
[Test MAE]
[1.08652, 1.05517, 1.04382, 1.03797, 1.03377]


Best Dev MSE: 1.62315 (Obtained during Evaluation #3)
Test MSE: 1.61528, Test MAE: 1.04382

End of Program! Elapsed Time: 1,336.50s (0:22:16)
