========================================================================================================================
  ARL_lr: 0.01
  ARL_path: 
  batch_size: 128
  channels_global: 100
  channels_local: 200
  command: -d Cell_Phones_and_Accessories -m VANRA -e 5 -dr 0.9 -WED 300 -p 1 -v 50000 -K 5 -h1 50 -kernel_list 3 -output_size 25 -rs 1234 -gpu 0 -vb 1 -sm Cell_Phones_and_Accessories_VANRA
  ctx_win_size: 3
  dataset: Cell_Phones_and_Accessories
  disable_initial_eval: 0
  dropout_rate: 0.9
  epochs: 5
  filters_num: 100
  gpu: 0
  h1: 50
  h2: 50
  hidden_size: 500
  input_dir: ./datasets/Cell_Phones_and_Accessories/
  kernel_list: [3]
  L2_reg: 1e-06
  learning_rate: 0.002
  loss_function: MSELoss
  max_doc_len: 500
  max_vis_len: 500
  model: VANRA
  num_aspects: 5
  optimizer: Adam
  out_dir: ./experimental_results/Cell_Phones_and_Accessories - VANRA/
  output_size: 25
  pretrained_src: 1
  random_seed: 1234
  save_model: Cell_Phones_and_Accessories_VANRA
  use_cuda: True
  verbose: 1
  vocab_size: 50000
  word_embed_dim: 300
========================================================================================================================

[INFO] # of Users: 687,583, # of Items: 148,399

Creating model (Selected Model: VANRA)..
[args.use_cuda: True] Model is on the GPU! (args.gpu: 0, torch.cuda.current_device(): 0)
Model created! Elapsed Time: 7.94s (0.13 minute)

Loading uid_userDoc from "./datasets/Cell_Phones_and_Accessories/Cell_Phones_and_Accessories_uid_userDoc.npy"..
uid_userDoc loaded! [uid_userDoc: (687583, 500)]

Loading iid_itemDoc from "./datasets/Cell_Phones_and_Accessories/Cell_Phones_and_Accessories_iid_itemDoc.npy"..
iid_itemDoc loaded! [iid_itemDoc: (148399, 500)]

Loading pretrained word embeddings from "./datasets/Cell_Phones_and_Accessories/Cell_Phones_and_Accessories_wed300_wid_wordEmbed.npy"..
Pretrained word embeddings loaded! [wid_wEmbed: (50002, 300)]

Loading uid_userVis from "./datasets/Cell_Phones_and_Accessories/Cell_Phones_and_Accessories_uid_userVis.npy"..
uid_userVis loaded! [uid_userVis: (687583, 500)]

Loading iid_itemVis from "./datasets/Cell_Phones_and_Accessories/Cell_Phones_and_Accessories_iid_itemVis.npy"..
iid_itemVis loaded! [iid_itemVis: (148399, 500)]

Initialization Complete.. Elapsed Time: 52.67s (0.88 minute)

Train/Dev/Test splits loaded! |TRAIN|: 800,000, |DEV|: 21,045, |TEST|: 21,154
Train/Dev/Test splits loaded! Elapsed Time: 52.90s (0.88 minute)

Performing initial evaluation for VALIDATION set..
[Initial] [Dev]  MSE: 10.35180, MAE: 2.87325

Performing initial evaluation for TESTING set..
[Initial] [Test] MSE: 10.35770, MAE: 2.87453

Initial Evaluation Complete.. Elapsed Time: 59.53s (0.99 minute)

Parameters with L2 Regularization (Regularization Strength: 1e-06):
VANRA_RatingPred.uid_userOffset.weight, VANRA_RatingPred.iid_itemOffset.weight

Optimizer: Adam, Loss Function: MSELoss

Model Size: 851,945,908
# of Trainable Parameters: 963,308
VANRA (
  (uid_userDoc): Embedding(687583, 500), weights = ((687583, 500),), parameters = 343,791,500
  (iid_itemDoc): Embedding(148399, 500), weights = ((148399, 500),), parameters = 74,199,500
  (wid_wEmbed): Embedding(50002, 300), weights = ((50002, 300),), parameters = 15,000,600
  (uid_userVis): Embedding(687583, 500), weights = ((687583, 500),), parameters = 343,791,500
  (iid_itemVis): Embedding(148399, 500), weights = ((148399, 500),), parameters = 74,199,500
  (MSANR_ARL): MSANR_ARL(
    (aspEmbed): ModuleList(
      (0): Embedding(5, 150)
    )
    (filterEmbed): Embedding(5, 50)
    (aspProj): Parameter(5, 300, 50)
  ), weights = ((5, 300, 50), (5, 150), (5, 50)), parameters = 76,000 (Trainable)
  (VANRA_VRL): VANRA_VRL(
    (fcLayer): Sequential(
      (0): Dropout(p=0.9, inplace=False)
      (1): Linear(in_features=500, out_features=25, bias=True)
    )
    (visProj): Parameter(500, 50)
  ), weights = ((500, 50), (25, 500), (25,)), parameters = 37,525 (Trainable)
  (VANRA_RatingPred): VANRA_RatingPred(
    (uid_userOffset): Embedding(687583, 1)
    (iid_itemOffset): Embedding(148399, 1)
    (fcLayer1): Sequential(
      (0): Linear(in_features=275, out_features=50, bias=True)
      (1): ReLU()
      (2): Dropout(p=0.9, inplace=False)
    )
    (globalOffset): Parameter(1,)
  ), weights = ((1,), (687583, 1), (148399, 1), (50, 275), (50,)), parameters = 849,783 (Trainable)
)
========================================================================================================================

[Epoch 1/5] Training Loss: 15.96949	Elapsed Time: 249.79s (0:04:09)
[Epoch 1] [Dev]  MSE: 1.67824, MAE: 1.09005
[Epoch 1] [Test] MSE: 1.66989, MAE: 1.08720

*** MODEL has obtained the best DEV MSE of 1.67824 so far!
*** The Best MODEL saved to "./__saved_models__/Cell_Phones_and_Accessories - VANRA/Cell_Phones_and_Accessories_VANRA_1234.pth"

[Epoch 2/5] Training Loss: 1.84214	Elapsed Time: 505.75s (0:08:25)
[Epoch 2] [Dev]  MSE: 1.62923, MAE: 1.05850
[Epoch 2] [Test] MSE: 1.62211, MAE: 1.05596

*** MODEL has obtained the best DEV MSE of 1.62923 so far!
*** The Best MODEL saved to "./__saved_models__/Cell_Phones_and_Accessories - VANRA/Cell_Phones_and_Accessories_VANRA_1234.pth"

[Epoch 3/5] Training Loss: 1.67737	Elapsed Time: 761.40s (0:12:41)
[Epoch 3] [Dev]  MSE: 1.62198, MAE: 1.04698
[Epoch 3] [Test] MSE: 1.61533, MAE: 1.04503

*** MODEL has obtained the best DEV MSE of 1.62198 so far!
*** The Best MODEL saved to "./__saved_models__/Cell_Phones_and_Accessories - VANRA/Cell_Phones_and_Accessories_VANRA_1234.pth"

[Epoch 4/5] Training Loss: 105.22313	Elapsed Time: 1,016.63s (0:16:56)
[Epoch 4] [Dev]  MSE: 1.62597, MAE: 1.04070
[Epoch 4] [Test] MSE: 1.62029, MAE: 1.03884

[Epoch 5/5] Training Loss: 1.49506	Elapsed Time: 1,272.08s (0:21:12)
[Epoch 5] [Dev]  MSE: 1.62969, MAE: 1.03420
[Epoch 5] [Test] MSE: 1.62661, MAE: 1.03405
*** The Last MODEL saved to "./__saved_models__/Cell_Phones_and_Accessories - VANRA/Cell_Phones_and_Accessories_VANRA_1234_5.pth"

[Training Loss]
[15.96949, 1.84214, 1.67737, 105.22313, 1.49506]

[Dev MSE]
[1.67824, 1.62923, 1.62198, 1.62597, 1.62969]
[Test MSE]
[1.66989, 1.62211, 1.61533, 1.62029, 1.62661]
[Test MAE]
[1.0872, 1.05596, 1.04503, 1.03884, 1.03405]


Best Dev MSE: 1.62198 (Obtained during Evaluation #3)
Test MSE: 1.61533, Test MAE: 1.04503

End of Program! Elapsed Time: 1,337.43s (0:22:17)
