========================================================================================================================
  ARL_lr: 0.01
  ARL_path: 
  batch_size: 128
  channels_global: 100
  channels_local: 200
  command: -d Cell_Phones_and_Accessories -m VANRA -e 5 -dr 0.9 -WED 300 -p 1 -v 50000 -K 5 -h1 5 -kernel_list 3 -output_size 5 -rs 1234 -gpu 0 -vb 1 -sm Cell_Phones_and_Accessories_VANRA
  ctx_win_size: 3
  dataset: Cell_Phones_and_Accessories
  disable_initial_eval: 0
  dropout_rate: 0.9
  epochs: 5
  filters_num: 100
  gpu: 0
  h1: 5
  h2: 50
  hidden_size: 500
  input_dir: ./datasets/Cell_Phones_and_Accessories/
  kernel_list: [3]
  L2_reg: 1e-06
  learning_rate: 0.002
  loss_function: MSELoss
  max_doc_len: 500
  max_vis_len: 500
  model: VANRA
  num_aspects: 5
  optimizer: Adam
  out_dir: ./experimental_results/Cell_Phones_and_Accessories - VANRA/
  output_size: 5
  pretrained_src: 1
  random_seed: 1234
  save_model: Cell_Phones_and_Accessories_VANRA
  use_cuda: True
  verbose: 1
  vocab_size: 50000
  word_embed_dim: 300
========================================================================================================================

[INFO] # of Users: 687,583, # of Items: 148,399

Creating model (Selected Model: VANRA)..
[args.use_cuda: True] Model is on the GPU! (args.gpu: 0, torch.cuda.current_device(): 0)
Model created! Elapsed Time: 9.14s (0.15 minute)

Loading uid_userDoc from "./datasets/Cell_Phones_and_Accessories/Cell_Phones_and_Accessories_uid_userDoc.npy"..
uid_userDoc loaded! [uid_userDoc: (687583, 500)]

Loading iid_itemDoc from "./datasets/Cell_Phones_and_Accessories/Cell_Phones_and_Accessories_iid_itemDoc.npy"..
iid_itemDoc loaded! [iid_itemDoc: (148399, 500)]

Loading pretrained word embeddings from "./datasets/Cell_Phones_and_Accessories/Cell_Phones_and_Accessories_wed300_wid_wordEmbed.npy"..
Pretrained word embeddings loaded! [wid_wEmbed: (50002, 300)]

Loading uid_userVis from "./datasets/Cell_Phones_and_Accessories/Cell_Phones_and_Accessories_uid_userVis.npy"..
uid_userVis loaded! [uid_userVis: (687583, 500)]

Loading iid_itemVis from "./datasets/Cell_Phones_and_Accessories/Cell_Phones_and_Accessories_iid_itemVis.npy"..
iid_itemVis loaded! [iid_itemVis: (148399, 500)]

Initialization Complete.. Elapsed Time: 53.40s (0.89 minute)

Train/Dev/Test splits loaded! |TRAIN|: 800,000, |DEV|: 21,045, |TEST|: 21,154
Train/Dev/Test splits loaded! Elapsed Time: 53.63s (0.89 minute)

Performing initial evaluation for VALIDATION set..
[Initial] [Dev]  MSE: 16.68416, MAE: 3.85804

Performing initial evaluation for TESTING set..
[Initial] [Test] MSE: 16.69280, MAE: 3.86099

Initial Evaluation Complete.. Elapsed Time: 58.21s (0.97 minute)

Parameters with L2 Regularization (Regularization Strength: 1e-06):
VANRA_RatingPred.uid_userOffset.weight, VANRA_RatingPred.iid_itemOffset.weight

Optimizer: Adam, Loss Function: MSELoss

Model Size: 851,831,343
# of Trainable Parameters: 848,743
VANRA (
  (uid_userDoc): Embedding(687583, 500), weights = ((687583, 500),), parameters = 343,791,500
  (iid_itemDoc): Embedding(148399, 500), weights = ((148399, 500),), parameters = 74,199,500
  (wid_wEmbed): Embedding(50002, 300), weights = ((50002, 300),), parameters = 15,000,600
  (uid_userVis): Embedding(687583, 500), weights = ((687583, 500),), parameters = 343,791,500
  (iid_itemVis): Embedding(148399, 500), weights = ((148399, 500),), parameters = 74,199,500
  (MSANR_ARL): MSANR_ARL(
    (aspEmbed): ModuleList(
      (0): Embedding(5, 15)
    )
    (filterEmbed): Embedding(5, 5)
    (aspProj): Parameter(5, 300, 5)
  ), weights = ((5, 300, 5), (5, 15), (5, 5)), parameters = 7,600 (Trainable)
  (VANRA_VRL): VANRA_VRL(
    (fcLayer): Sequential(
      (0): Dropout(p=0.9, inplace=False)
      (1): Linear(in_features=500, out_features=5, bias=True)
    )
    (visProj): Parameter(500, 5)
  ), weights = ((500, 5), (5, 500), (5,)), parameters = 5,005 (Trainable)
  (VANRA_RatingPred): VANRA_RatingPred(
    (uid_userOffset): Embedding(687583, 1)
    (iid_itemOffset): Embedding(148399, 1)
    (fcLayer1): Sequential(
      (0): Linear(in_features=30, out_features=5, bias=True)
      (1): ReLU()
      (2): Dropout(p=0.9, inplace=False)
    )
    (globalOffset): Parameter(1,)
  ), weights = ((1,), (687583, 1), (148399, 1), (5, 30), (5,)), parameters = 836,138 (Trainable)
)
========================================================================================================================

[Epoch 1/5] Training Loss: 7.06403	Elapsed Time: 145.11s (0:02:25)
[Epoch 1] [Dev]  MSE: 1.67652, MAE: 1.09069
[Epoch 1] [Test] MSE: 1.66665, MAE: 1.08727

*** MODEL has obtained the best DEV MSE of 1.67652 so far!
*** The Best MODEL saved to "./__saved_models__/Cell_Phones_and_Accessories - VANRA/Cell_Phones_and_Accessories_VANRA_1234.pth"

[Epoch 2/5] Training Loss: 1.83711	Elapsed Time: 294.11s (0:04:54)
[Epoch 2] [Dev]  MSE: 1.63833, MAE: 1.06936
[Epoch 2] [Test] MSE: 1.62963, MAE: 1.06585

*** MODEL has obtained the best DEV MSE of 1.63833 so far!
*** The Best MODEL saved to "./__saved_models__/Cell_Phones_and_Accessories - VANRA/Cell_Phones_and_Accessories_VANRA_1234.pth"

[Epoch 3/5] Training Loss: 1.67437	Elapsed Time: 443.24s (0:07:23)
[Epoch 3] [Dev]  MSE: 1.62192, MAE: 1.04606
[Epoch 3] [Test] MSE: 1.61502, MAE: 1.04352

*** MODEL has obtained the best DEV MSE of 1.62192 so far!
*** The Best MODEL saved to "./__saved_models__/Cell_Phones_and_Accessories - VANRA/Cell_Phones_and_Accessories_VANRA_1234.pth"

[Epoch 4/5] Training Loss: 1.56812	Elapsed Time: 592.31s (0:09:52)
[Epoch 4] [Dev]  MSE: 1.62435, MAE: 1.03761
[Epoch 4] [Test] MSE: 1.61821, MAE: 1.03593

[Epoch 5/5] Training Loss: 1.49386	Elapsed Time: 741.48s (0:12:21)
[Epoch 5] [Dev]  MSE: 1.63170, MAE: 1.03648
[Epoch 5] [Test] MSE: 1.62744, MAE: 1.03488
*** The Last MODEL saved to "./__saved_models__/Cell_Phones_and_Accessories - VANRA/Cell_Phones_and_Accessories_VANRA_1234_5.pth"

[Training Loss]
[7.06403, 1.83711, 1.67437, 1.56812, 1.49386]

[Dev MSE]
[1.67652, 1.63833, 1.62192, 1.62435, 1.6317]
[Test MSE]
[1.66665, 1.62963, 1.61502, 1.61821, 1.62744]
[Test MAE]
[1.08727, 1.06585, 1.04352, 1.03593, 1.03488]


Best Dev MSE: 1.62192 (Obtained during Evaluation #3)
Test MSE: 1.61502, Test MAE: 1.04352

End of Program! Elapsed Time: 803.39s (0:13:23)
