========================================================================================================================
  ARL_lr: 0.01
  ARL_path: 
  batch_size: 128
  channels_global: 100
  channels_local: 200
  command: -d Musical_Instruments -m DeepCoNN -e 10 -dr 0.9 -WED 300 -p 1 -v 50000 -K 5 -h1 50 -h2 50 -filters_num 100 -output_size 50 -rs 1234 -gpu 0 -vb 1 -sm Musical_Instruments_DeepCoNN
  ctx_win_size: 3
  dataset: Musical_Instruments
  disable_initial_eval: 0
  dropout_rate: 0.9
  epochs: 10
  filters_num: 100
  gpu: 0
  h1: 50
  h2: 50
  hidden_size: 500
  input_dir: ./datasets/Musical_Instruments/
  L2_reg: 1e-06
  learning_rate: 0.002
  loss_function: MSELoss
  max_doc_len: 500
  max_vis_len: 500
  model: DeepCoNN
  num_aspects: 5
  optimizer: Adam
  out_dir: ./experimental_results/Musical_Instruments - DeepCoNN/
  output_size: 50
  pretrained_src: 1
  random_seed: 1234
  save_model: Musical_Instruments_DeepCoNN
  use_cuda: True
  verbose: 1
  vocab_size: 50000
  word_embed_dim: 300
========================================================================================================================

[INFO] # of Users: 280,020, # of Items: 74,260

Creating model (Selected Model: DeepCoNN)..
[args.use_cuda: True] Model is on the GPU! (args.gpu: 0, torch.cuda.current_device(): 0)
Model created! Elapsed Time: 2.73s (0.05 minute)

Loading uid_userDoc from "./datasets/Musical_Instruments/Musical_Instruments_uid_userDoc.npy"..
uid_userDoc loaded! [uid_userDoc: (280020, 500)]

Loading iid_itemDoc from "./datasets/Musical_Instruments/Musical_Instruments_iid_itemDoc.npy"..
iid_itemDoc loaded! [iid_itemDoc: (74260, 500)]

Loading pretrained word embeddings from "./datasets/Musical_Instruments/Musical_Instruments_wed300_wid_wordEmbed.npy"..
Pretrained word embeddings loaded! [wid_wEmbed: (50002, 300)]

Initialization Complete.. Elapsed Time: 14.75s (0.25 minute)

Train/Dev/Test splits loaded! |TRAIN|: 394,376, |DEV|: 18,487, |TEST|: 18,692
Train/Dev/Test splits loaded! Elapsed Time: 14.89s (0.25 minute)

Performing initial evaluation for VALIDATION set..
[Initial] [Dev]  MSE: 15.93763, MAE: 3.84249

Performing initial evaluation for TESTING set..
[Initial] [Test] MSE: 15.99415, MAE: 3.85124

Initial Evaluation Complete.. Elapsed Time: 18.02s (0.30 minute)

Optimizer: Adam, Loss Function: MSELoss

Model Size: 192,685,181
# of Trainable Parameters: 544,581
DeepCoNN (
  (uid_userDoc): Embedding(280020, 500), weights = ((280020, 500),), parameters = 140,010,000
  (iid_itemDoc): Embedding(74260, 500), weights = ((74260, 500),), parameters = 37,130,000
  (wid_wEmbed): Embedding(50002, 300), weights = ((50002, 300),), parameters = 15,000,600
  (user_CNN): Conv2d(1, 100, kernel_size=(3, 300), stride=(1, 1)), weights = ((100, 1, 3, 300), (100,)), parameters = 90,100 (Trainable)
  (item_CNN): Conv2d(1, 100, kernel_size=(3, 300), stride=(1, 1)), weights = ((100, 1, 3, 300), (100,)), parameters = 90,100 (Trainable)
  (user_fcLayer): Linear(in_features=100, out_features=50, bias=True), weights = ((50, 100), (50,)), parameters = 5,050 (Trainable)
  (item_fcLayer): Linear(in_features=100, out_features=50, bias=True), weights = ((50, 100), (50,)), parameters = 5,050 (Trainable)
  (userDropout): Dropout(p=0.9, inplace=False), weights = (), parameters = 0
  (itemDropout): Dropout(p=0.9, inplace=False), weights = (), parameters = 0
  (DeepCoNN_RatingPred): DeepCoNN_RatingPred(
    (uid_userOffset): Embedding(280020, 1)
    (iid_itemOffset): Embedding(74260, 1)
    (globalOffset): Parameter(1,)
  ), weights = ((1,), (280020, 1), (74260, 1)), parameters = 354,281 (Trainable)
)
========================================================================================================================

[Epoch 1/10] Training Loss: 4.57804	Elapsed Time: 61.00s (0:01:00)
[Epoch 1] [Dev]  MSE: 1.14606, MAE: 0.85322
[Epoch 1] [Test] MSE: 1.13819, MAE: 0.84673

*** MODEL has obtained the best DEV MSE of 1.14606 so far!
*** The Best MODEL saved to "./__saved_models__/Musical_Instruments - DeepCoNN/Musical_Instruments_DeepCoNN_1234.pth"

[Epoch 2/10] Training Loss: 1.17534	Elapsed Time: 125.08s (0:02:05)
[Epoch 2] [Dev]  MSE: 1.06450, MAE: 0.78773
[Epoch 2] [Test] MSE: 1.04949, MAE: 0.78045

*** MODEL has obtained the best DEV MSE of 1.06450 so far!
*** The Best MODEL saved to "./__saved_models__/Musical_Instruments - DeepCoNN/Musical_Instruments_DeepCoNN_1234.pth"

[Epoch 3/10] Training Loss: 1.03146	Elapsed Time: 189.24s (0:03:09)
[Epoch 3] [Dev]  MSE: 1.04578, MAE: 0.74404
[Epoch 3] [Test] MSE: 1.02836, MAE: 0.73686

*** MODEL has obtained the best DEV MSE of 1.04578 so far!
*** The Best MODEL saved to "./__saved_models__/Musical_Instruments - DeepCoNN/Musical_Instruments_DeepCoNN_1234.pth"

[Epoch 4/10] Training Loss: 0.92506	Elapsed Time: 253.41s (0:04:13)
[Epoch 4] [Dev]  MSE: 1.04290, MAE: 0.75953
[Epoch 4] [Test] MSE: 1.02707, MAE: 0.75287

*** MODEL has obtained the best DEV MSE of 1.04290 so far!
*** The Best MODEL saved to "./__saved_models__/Musical_Instruments - DeepCoNN/Musical_Instruments_DeepCoNN_1234.pth"

[Epoch 5/10] Training Loss: 0.84014	Elapsed Time: 317.56s (0:05:17)
[Epoch 5] [Dev]  MSE: 1.05030, MAE: 0.74970
[Epoch 5] [Test] MSE: 1.02748, MAE: 0.74045

[Epoch 6/10] Training Loss: 0.76781	Elapsed Time: 381.69s (0:06:21)
[Epoch 6] [Dev]  MSE: 1.06179, MAE: 0.73911
[Epoch 6] [Test] MSE: 1.03944, MAE: 0.73006

[Epoch 7/10] Training Loss: 0.70819	Elapsed Time: 445.85s (0:07:25)
[Epoch 7] [Dev]  MSE: 1.07826, MAE: 0.74458
[Epoch 7] [Test] MSE: 1.05362, MAE: 0.73452

[Epoch 8/10] Training Loss: 0.65503	Elapsed Time: 510.00s (0:08:30)
[Epoch 8] [Dev]  MSE: 1.09132, MAE: 0.75848
[Epoch 8] [Test] MSE: 1.06489, MAE: 0.74798

[Epoch 9/10] Training Loss: 0.60789	Elapsed Time: 574.13s (0:09:34)
[Epoch 9] [Dev]  MSE: 1.10381, MAE: 0.75876
[Epoch 9] [Test] MSE: 1.07771, MAE: 0.74826

[Epoch 10/10] Training Loss: 0.56762	Elapsed Time: 638.28s (0:10:38)
[Epoch 10] [Dev]  MSE: 1.11766, MAE: 0.75386
[Epoch 10] [Test] MSE: 1.09050, MAE: 0.74305
*** The Last MODEL saved to "./__saved_models__/Musical_Instruments - DeepCoNN/Musical_Instruments_DeepCoNN_1234_10.pth"

[Training Loss]
[4.57804, 1.17534, 1.03146, 0.92506, 0.84014, 0.76781, 0.70819, 0.65503, 0.60789, 0.56762]

[Dev MSE]
[1.14606, 1.0645, 1.04578, 1.0429, 1.0503, 1.06179, 1.07826, 1.09132, 1.10381, 1.11766]
[Test MSE]
[1.13819, 1.04949, 1.02836, 1.02707, 1.02748, 1.03944, 1.05362, 1.06489, 1.07771, 1.0905]
[Test MAE]
[0.84673, 0.78045, 0.73686, 0.75287, 0.74045, 0.73006, 0.73452, 0.74798, 0.74826, 0.74305]


Best Dev MSE: 1.04290 (Obtained during Evaluation #4)
Test MSE: 1.02707, Test MAE: 0.75287

End of Program! Elapsed Time: 659.37s (0:10:59)
