========================================================================================================================
  ARL_lr: 0.01
  ARL_path: 
  batch_size: 128
  channels_global: 10
  channels_local: 10
  command: -d Musical_Instruments -m VANRA -e 15 -dr 0.9 -p 1 -v 50000 -K 5 -h1 10 -h2 50 -c_local 10 -c_global 10 -hiden_size 100 -output_size 50 -rs 1234 -gpu 0 -vb 1 -sm Musical_Instruments_VANRA
  ctx_win_size: 3
  dataset: Musical_Instruments
  disable_initial_eval: 0
  dropout_rate: 0.9
  epochs: 15
  gpu: 0
  h1: 10
  h2: 50
  hidden_size: 100
  input_dir: ./datasets/Musical_Instruments/
  L2_reg: 1e-06
  learning_rate: 0.002
  loss_function: MSELoss
  max_doc_len: 500
  max_vis_len: 500
  model: VANRA
  num_aspects: 5
  optimizer: Adam
  out_dir: ./experimental_results/Musical_Instruments - VANRA/
  output_size: 50
  pretrained_src: 1
  random_seed: 1234
  save_model: Musical_Instruments_VANRA
  use_cuda: True
  verbose: 1
  vocab_size: 50000
  word_embed_dim: 300
========================================================================================================================

[INFO] # of Users: 280,020, # of Items: 74,260

Creating model (Selected Model: VANRA)..
[args.use_cuda: True] Model is on the GPU! (args.gpu: 0, torch.cuda.current_device(): 0)
Model created! Elapsed Time: 4.13s (0.07 minute)

Loading uid_userDoc from "./datasets/Musical_Instruments/Musical_Instruments_uid_userDoc.npy"..
uid_userDoc loaded! [uid_userDoc: (280020, 500)]

Loading iid_itemDoc from "./datasets/Musical_Instruments/Musical_Instruments_iid_itemDoc.npy"..
iid_itemDoc loaded! [iid_itemDoc: (74260, 500)]

Loading pretrained word embeddings from "./datasets/Musical_Instruments/Musical_Instruments_wid_wordEmbed.npy"..
Pretrained word embeddings loaded! [wid_wEmbed: (50002, 300)]

Loading uid_userVis from "./datasets/Musical_Instruments/Musical_Instruments_uid_userVis.npy"..
uid_userVis loaded! [uid_userVis: (280020, 500)]

Loading iid_itemVis from "./datasets/Musical_Instruments/Musical_Instruments_iid_itemVis.npy"..
iid_itemVis loaded! [iid_itemVis: (74260, 500)]

Initialization Complete.. Elapsed Time: 27.45s (0.46 minute)

Train/Dev/Test splits loaded! |TRAIN|: 394,376, |DEV|: 18,487, |TEST|: 18,692
Train/Dev/Test splits loaded! Elapsed Time: 27.58s (0.46 minute)

Performing initial evaluation for VALIDATION set..
[Initial] [Dev]  MSE: 20.00452, MAE: 4.33935

Performing initial evaluation for TESTING set..
[Initial] [Test] MSE: 20.07039, MAE: 4.34832

Initial Evaluation Complete.. Elapsed Time: 30.65s (0.51 minute)

Parameters with L2 Regularization (Regularization Strength: 1e-06):
VANRA_RatingPred.uid_userOffset.weight, VANRA_RatingPred.iid_itemOffset.weight

Optimizer: Adam, Loss Function: MSELoss

Model Size: 369,761,539
# of Trainable Parameters: 480,939
VANRA (
  (uid_userDoc): Embedding(280020, 500), weights = ((280020, 500),), parameters = 140,010,000
  (iid_itemDoc): Embedding(74260, 500), weights = ((74260, 500),), parameters = 37,130,000
  (wid_wEmbed): Embedding(50002, 300), weights = ((50002, 300),), parameters = 15,000,600
  (uid_userVis): Embedding(280020, 500), weights = ((280020, 500),), parameters = 140,010,000
  (iid_itemVis): Embedding(74260, 500), weights = ((74260, 500),), parameters = 37,130,000
  (shared_ANR_ARL): ANR_ARL(
    (aspEmbed): Embedding(5, 30)
    (aspProj): Parameter(5, 300, 10)
  ), weights = ((5, 300, 10), (5, 30)), parameters = 15,150 (Trainable)
  (ANR_AIE): ANR_AIE(  (W_a): Parameter(10, 10)
    (W_u): Parameter(50, 10)
    (w_hu): Parameter(50, 1)
    (W_i): Parameter(50, 10)
    (w_hi): Parameter(50, 1)
  ), weights = ((10, 10), (50, 10), (50, 1), (50, 10), (50, 1)), parameters = 1,200 (Trainable)
  (VANRA_VRL): VANRA_VRL(
    (localAttentionLayer_user): LocalAttention(
      (attention_layer): Sequential(
        (0): Conv2d(1, 1, kernel_size=(3, 1), stride=(1, 1))
        (1): Softmax(dim=2)
      )
      (fcLayer): Sequential(
        (0): Linear(in_features=500, out_features=100, bias=True)
        (1): Dropout(p=0.9, inplace=False)
        (2): ReLU()
        (3): Linear(in_features=100, out_features=50, bias=True)
      )
    )
    (localAttentionLayer_item): LocalAttention(
      (attention_layer): Sequential(
        (0): Conv2d(1, 1, kernel_size=(3, 1), stride=(1, 1))
        (1): Softmax(dim=2)
      )
      (fcLayer): Sequential(
        (0): Linear(in_features=500, out_features=100, bias=True)
        (1): Dropout(p=0.9, inplace=False)
        (2): ReLU()
        (3): Linear(in_features=100, out_features=50, bias=True)
      )
    )
  ), weights = ((1, 1, 3, 1), (1,), (100, 500), (100,), (50, 100), (50,), (1, 1, 3, 1), (1,), (100, 500), (100,), (50, 100), (50,)), parameters = 110,308 (Trainable)
  (VANRA_RatingPred): VANRA_RatingPred(
    (userAspRepDropout): Dropout(p=0.9, inplace=False)
    (itemAspRepDropout): Dropout(p=0.9, inplace=False)
    (uid_userOffset): Embedding(280020, 1)
    (iid_itemOffset): Embedding(74260, 1)
    (globalOffset): Parameter(1,)
  ), weights = ((1,), (280020, 1), (74260, 1)), parameters = 354,281 (Trainable)
)
========================================================================================================================

[Epoch 1/15] Training Loss: 1.80489	Elapsed Time: 82.66s (0:01:22)
[Epoch 1] [Dev]  MSE: 1.10320, MAE: 0.83015
[Epoch 1] [Test] MSE: 1.09079, MAE: 0.82452

*** MODEL has obtained the best DEV MSE of 1.10320 so far!
*** The Best MODEL saved to "./__saved_models__/Musical_Instruments - VANRA/Musical_Instruments_VANRA_1234.pth"

[Epoch 2/15] Training Loss: 1.22629	Elapsed Time: 168.37s (0:02:48)
[Epoch 2] [Dev]  MSE: 1.05760, MAE: 0.79009
[Epoch 2] [Test] MSE: 1.04059, MAE: 0.78352

*** MODEL has obtained the best DEV MSE of 1.05760 so far!
*** The Best MODEL saved to "./__saved_models__/Musical_Instruments - VANRA/Musical_Instruments_VANRA_1234.pth"

[Epoch 3/15] Training Loss: 1.08921	Elapsed Time: 254.07s (0:04:14)
[Epoch 3] [Dev]  MSE: 1.04437, MAE: 0.76460
[Epoch 3] [Test] MSE: 1.02254, MAE: 0.75675

*** MODEL has obtained the best DEV MSE of 1.04437 so far!
*** The Best MODEL saved to "./__saved_models__/Musical_Instruments - VANRA/Musical_Instruments_VANRA_1234.pth"

[Epoch 4/15] Training Loss: 0.98387	Elapsed Time: 339.77s (0:05:39)
[Epoch 4] [Dev]  MSE: 1.04891, MAE: 0.72874
[Epoch 4] [Test] MSE: 1.02318, MAE: 0.71955

[Epoch 5/15] Training Loss: 0.90156	Elapsed Time: 425.47s (0:07:05)
[Epoch 5] [Dev]  MSE: 1.05111, MAE: 0.73573
[Epoch 5] [Test] MSE: 1.02394, MAE: 0.72608

[Epoch 6/15] Training Loss: 0.83323	Elapsed Time: 511.25s (0:08:31)
[Epoch 6] [Dev]  MSE: 1.06331, MAE: 0.73176
[Epoch 6] [Test] MSE: 1.03416, MAE: 0.72134

[Epoch 7/15] Training Loss: 0.77620	Elapsed Time: 596.94s (0:09:56)
[Epoch 7] [Dev]  MSE: 1.06596, MAE: 0.74959
[Epoch 7] [Test] MSE: 1.03664, MAE: 0.73934

[Epoch 8/15] Training Loss: 0.72705	Elapsed Time: 682.65s (0:11:22)
[Epoch 8] [Dev]  MSE: 1.07695, MAE: 0.75020
[Epoch 8] [Test] MSE: 1.04549, MAE: 0.73926

[Epoch 9/15] Training Loss: 0.68483	Elapsed Time: 768.32s (0:12:48)
[Epoch 9] [Dev]  MSE: 1.08487, MAE: 0.74687
[Epoch 9] [Test] MSE: 1.05351, MAE: 0.73551

[Epoch 10/15] Training Loss: 0.64776	Elapsed Time: 854.09s (0:14:14)
[Epoch 10] [Dev]  MSE: 1.09373, MAE: 0.74714
[Epoch 10] [Test] MSE: 1.06224, MAE: 0.73580

[Epoch 11/15] Training Loss: 0.61468	Elapsed Time: 939.79s (0:15:39)
[Epoch 11] [Dev]  MSE: 1.10434, MAE: 0.74594
[Epoch 11] [Test] MSE: 1.07286, MAE: 0.73419

[Epoch 12/15] Training Loss: 0.58484	Elapsed Time: 1,025.54s (0:17:05)
[Epoch 12] [Dev]  MSE: 1.10940, MAE: 0.75221
[Epoch 12] [Test] MSE: 1.07931, MAE: 0.74134

[Epoch 13/15] Training Loss: 0.55926	Elapsed Time: 1,111.33s (0:18:31)
[Epoch 13] [Dev]  MSE: 1.11553, MAE: 0.75838
[Epoch 13] [Test] MSE: 1.08462, MAE: 0.74714

[Epoch 14/15] Training Loss: 0.53783	Elapsed Time: 1,197.06s (0:19:57)
[Epoch 14] [Dev]  MSE: 1.12352, MAE: 0.75855
[Epoch 14] [Test] MSE: 1.09287, MAE: 0.74737

[Epoch 15/15] Training Loss: 0.51729	Elapsed Time: 1,282.80s (0:21:22)
[Epoch 15] [Dev]  MSE: 1.13527, MAE: 0.78497
[Epoch 15] [Test] MSE: 1.10725, MAE: 0.77485
*** The Last MODEL saved to "./__saved_models__/Musical_Instruments - VANRA/Musical_Instruments_VANRA_1234_15.pth"

[Training Loss]
[1.80489, 1.22629, 1.08921, 0.98387, 0.90156, 0.83323, 0.7762, 0.72705, 0.68483, 0.64776, 0.61468, 0.58484, 0.55926, 0.53783, 0.51729]

[Dev MSE]
[1.1032, 1.0576, 1.04437, 1.04891, 1.05111, 1.06331, 1.06596, 1.07695, 1.08487, 1.09373, 1.10434, 1.1094, 1.11553, 1.12352, 1.13527]
[Test MSE]
[1.09079, 1.04059, 1.02254, 1.02318, 1.02394, 1.03416, 1.03664, 1.04549, 1.05351, 1.06224, 1.07286, 1.07931, 1.08462, 1.09287, 1.10725]
[Test MAE]
[0.82452, 0.78352, 0.75675, 0.71955, 0.72608, 0.72134, 0.73934, 0.73926, 0.73551, 0.7358, 0.73419, 0.74134, 0.74714, 0.74737, 0.77485]


Best Dev MSE: 1.04437 (Obtained during Evaluation #3)
Test MSE: 1.02254, Test MAE: 0.75675

End of Program! Elapsed Time: 1,316.41s (0:21:56)
