========================================================================================================================
  ARL_lr: 0.01
  ARL_path: 
  batch_size: 128
  channels_global: 10
  channels_local: 10
  command: -d Grocery_and_Gourmet_Food -m VANRA -e 15 -dr 0.9 -p 1 -v 50000 -K 5 -h1 10 -h2 50 -c_local 10 -c_global 10 -hiden_size 100 -output_size 50 -rs 1234 -gpu 0 -vb 1 -sm Grocery_and_Gourmet_Food_VANRA
  ctx_win_size: 3
  dataset: Grocery_and_Gourmet_Food
  disable_initial_eval: 0
  dropout_rate: 0.9
  epochs: 15
  gpu: 0
  h1: 10
  h2: 50
  hidden_size: 100
  input_dir: ./datasets/Grocery_and_Gourmet_Food/
  L2_reg: 1e-06
  learning_rate: 0.002
  loss_function: MSELoss
  max_doc_len: 500
  max_vis_len: 500
  model: VANRA
  num_aspects: 5
  optimizer: Adam
  out_dir: ./experimental_results/Grocery_and_Gourmet_Food - VANRA/
  output_size: 50
  pretrained_src: 1
  random_seed: 1234
  save_model: Grocery_and_Gourmet_Food_VANRA
  use_cuda: True
  verbose: 1
  vocab_size: 50000
  word_embed_dim: 300
========================================================================================================================

[INFO] # of Users: 528,374, # of Items: 134,221

Creating model (Selected Model: VANRA)..
[args.use_cuda: True] Model is on the GPU! (args.gpu: 0, torch.cuda.current_device(): 0)
Model created! Elapsed Time: 6.57s (0.11 minute)

Loading uid_userDoc from "./datasets/Grocery_and_Gourmet_Food/Grocery_and_Gourmet_Food_uid_userDoc.npy"..
uid_userDoc loaded! [uid_userDoc: (528374, 500)]

Loading iid_itemDoc from "./datasets/Grocery_and_Gourmet_Food/Grocery_and_Gourmet_Food_iid_itemDoc.npy"..
iid_itemDoc loaded! [iid_itemDoc: (134221, 500)]

Loading pretrained word embeddings from "./datasets/Grocery_and_Gourmet_Food/Grocery_and_Gourmet_Food_wid_wordEmbed.npy"..
Pretrained word embeddings loaded! [wid_wEmbed: (50002, 300)]

Loading uid_userVis from "./datasets/Grocery_and_Gourmet_Food/Grocery_and_Gourmet_Food_uid_userVis.npy"..
uid_userVis loaded! [uid_userVis: (528374, 500)]

Loading iid_itemVis from "./datasets/Grocery_and_Gourmet_Food/Grocery_and_Gourmet_Food_iid_itemVis.npy"..
iid_itemVis loaded! [iid_itemVis: (134221, 500)]

Initialization Complete.. Elapsed Time: 42.73s (0.71 minute)

Train/Dev/Test splits loaded! |TRAIN|: 800,000, |DEV|: 43,464, |TEST|: 43,991
Train/Dev/Test splits loaded! Elapsed Time: 42.98s (0.72 minute)

Performing initial evaluation for VALIDATION set..
[Initial] [Dev]  MSE: 19.93778, MAE: 4.30865

Performing initial evaluation for TESTING set..
[Initial] [Test] MSE: 20.01864, MAE: 4.32082

Initial Evaluation Complete.. Elapsed Time: 50.74s (0.85 minute)

Parameters with L2 Regularization (Regularization Strength: 1e-06):
VANRA_RatingPred.uid_userOffset.weight, VANRA_RatingPred.iid_itemOffset.weight

Optimizer: Adam, Loss Function: MSELoss

Model Size: 678,384,854
# of Trainable Parameters: 789,254
VANRA (
  (uid_userDoc): Embedding(528374, 500), weights = ((528374, 500),), parameters = 264,187,000
  (iid_itemDoc): Embedding(134221, 500), weights = ((134221, 500),), parameters = 67,110,500
  (wid_wEmbed): Embedding(50002, 300), weights = ((50002, 300),), parameters = 15,000,600
  (uid_userVis): Embedding(528374, 500), weights = ((528374, 500),), parameters = 264,187,000
  (iid_itemVis): Embedding(134221, 500), weights = ((134221, 500),), parameters = 67,110,500
  (shared_ANR_ARL): ANR_ARL(
    (aspEmbed): Embedding(5, 30)
    (aspProj): Parameter(5, 300, 10)
  ), weights = ((5, 300, 10), (5, 30)), parameters = 15,150 (Trainable)
  (ANR_AIE): ANR_AIE(  (W_a): Parameter(10, 10)
    (W_u): Parameter(50, 10)
    (w_hu): Parameter(50, 1)
    (W_i): Parameter(50, 10)
    (w_hi): Parameter(50, 1)
  ), weights = ((10, 10), (50, 10), (50, 1), (50, 10), (50, 1)), parameters = 1,200 (Trainable)
  (VANRA_VRL): VANRA_VRL(
    (localAttentionLayer_user): LocalAttention(
      (attention_layer): Sequential(
        (0): Conv2d(1, 1, kernel_size=(3, 1), stride=(1, 1))
        (1): Softmax(dim=2)
      )
      (fcLayer): Sequential(
        (0): Linear(in_features=500, out_features=100, bias=True)
        (1): Dropout(p=0.9, inplace=False)
        (2): ReLU()
        (3): Linear(in_features=100, out_features=50, bias=True)
      )
    )
    (localAttentionLayer_item): LocalAttention(
      (attention_layer): Sequential(
        (0): Conv2d(1, 1, kernel_size=(3, 1), stride=(1, 1))
        (1): Softmax(dim=2)
      )
      (fcLayer): Sequential(
        (0): Linear(in_features=500, out_features=100, bias=True)
        (1): Dropout(p=0.9, inplace=False)
        (2): ReLU()
        (3): Linear(in_features=100, out_features=50, bias=True)
      )
    )
  ), weights = ((1, 1, 3, 1), (1,), (100, 500), (100,), (50, 100), (50,), (1, 1, 3, 1), (1,), (100, 500), (100,), (50, 100), (50,)), parameters = 110,308 (Trainable)
  (VANRA_RatingPred): VANRA_RatingPred(
    (userAspRepDropout): Dropout(p=0.9, inplace=False)
    (itemAspRepDropout): Dropout(p=0.9, inplace=False)
    (uid_userOffset): Embedding(528374, 1)
    (iid_itemOffset): Embedding(134221, 1)
    (globalOffset): Parameter(1,)
  ), weights = ((1,), (528374, 1), (134221, 1)), parameters = 662,596 (Trainable)
)
========================================================================================================================

[Epoch 1/15] Training Loss: 1.72883	Elapsed Time: 168.35s (0:02:48)
[Epoch 1] [Dev]  MSE: 1.24872, MAE: 0.85335
[Epoch 1] [Test] MSE: 1.22525, MAE: 0.84609

*** MODEL has obtained the best DEV MSE of 1.24872 so far!
*** The Best MODEL saved to "./__saved_models__/Grocery_and_Gourmet_Food - VANRA/Grocery_and_Gourmet_Food_VANRA_1234.pth"

[Epoch 2/15] Training Loss: 1.32510	Elapsed Time: 343.61s (0:05:43)
[Epoch 2] [Dev]  MSE: 1.22223, MAE: 0.82785
[Epoch 2] [Test] MSE: 1.19934, MAE: 0.81992

*** MODEL has obtained the best DEV MSE of 1.22223 so far!
*** The Best MODEL saved to "./__saved_models__/Grocery_and_Gourmet_Food - VANRA/Grocery_and_Gourmet_Food_VANRA_1234.pth"

[Epoch 3/15] Training Loss: 1.21391	Elapsed Time: 518.98s (0:08:38)
[Epoch 3] [Dev]  MSE: 1.21862, MAE: 0.82274
[Epoch 3] [Test] MSE: 1.19581, MAE: 0.81473

*** MODEL has obtained the best DEV MSE of 1.21862 so far!
*** The Best MODEL saved to "./__saved_models__/Grocery_and_Gourmet_Food - VANRA/Grocery_and_Gourmet_Food_VANRA_1234.pth"

[Epoch 4/15] Training Loss: 1.14394	Elapsed Time: 694.32s (0:11:34)
[Epoch 4] [Dev]  MSE: 1.22196, MAE: 0.81223
[Epoch 4] [Test] MSE: 1.19835, MAE: 0.80389

[Epoch 5/15] Training Loss: 1.09484	Elapsed Time: 869.65s (0:14:29)
[Epoch 5] [Dev]  MSE: 1.22589, MAE: 0.82252
[Epoch 5] [Test] MSE: 1.20204, MAE: 0.81378

[Epoch 6/15] Training Loss: 1.06124	Elapsed Time: 1,044.98s (0:17:24)
[Epoch 6] [Dev]  MSE: 1.23364, MAE: 0.82991
[Epoch 6] [Test] MSE: 1.20918, MAE: 0.82075

[Epoch 7/15] Training Loss: 1.03715	Elapsed Time: 1,220.18s (0:20:20)
[Epoch 7] [Dev]  MSE: 1.23892, MAE: 0.82160
[Epoch 7] [Test] MSE: 1.21286, MAE: 0.81187

[Epoch 8/15] Training Loss: 1.02073	Elapsed Time: 1,395.32s (0:23:15)
[Epoch 8] [Dev]  MSE: 1.24682, MAE: 0.80719
[Epoch 8] [Test] MSE: 1.21992, MAE: 0.79704

[Epoch 9/15] Training Loss: 1.00708	Elapsed Time: 1,570.57s (0:26:10)
[Epoch 9] [Dev]  MSE: 1.24738, MAE: 0.81452
[Epoch 9] [Test] MSE: 1.22249, MAE: 0.80534

[Epoch 10/15] Training Loss: 0.99540	Elapsed Time: 1,745.90s (0:29:05)
[Epoch 10] [Dev]  MSE: 1.25288, MAE: 0.81255
[Epoch 10] [Test] MSE: 1.22637, MAE: 0.80324

[Epoch 11/15] Training Loss: 0.98704	Elapsed Time: 1,921.09s (0:32:01)
[Epoch 11] [Dev]  MSE: 1.25531, MAE: 0.81479
[Epoch 11] [Test] MSE: 1.22934, MAE: 0.80558

[Epoch 12/15] Training Loss: 0.98041	Elapsed Time: 2,096.28s (0:34:56)
[Epoch 12] [Dev]  MSE: 1.25859, MAE: 0.82394
[Epoch 12] [Test] MSE: 1.23169, MAE: 0.81444

[Epoch 13/15] Training Loss: 0.97539	Elapsed Time: 2,271.56s (0:37:51)
[Epoch 13] [Dev]  MSE: 1.26366, MAE: 0.80995
[Epoch 13] [Test] MSE: 1.23540, MAE: 0.80020

[Epoch 14/15] Training Loss: 0.97090	Elapsed Time: 2,446.98s (0:40:46)
[Epoch 14] [Dev]  MSE: 1.26322, MAE: 0.83366
[Epoch 14] [Test] MSE: 1.23666, MAE: 0.82433

[Epoch 15/15] Training Loss: 0.96749	Elapsed Time: 2,622.33s (0:43:42)
[Epoch 15] [Dev]  MSE: 1.26747, MAE: 0.80732
[Epoch 15] [Test] MSE: 1.23819, MAE: 0.79687
*** The Last MODEL saved to "./__saved_models__/Grocery_and_Gourmet_Food - VANRA/Grocery_and_Gourmet_Food_VANRA_1234_15.pth"

[Training Loss]
[1.72883, 1.3251, 1.21391, 1.14394, 1.09484, 1.06124, 1.03715, 1.02073, 1.00708, 0.9954, 0.98704, 0.98041, 0.97539, 0.9709, 0.96749]

[Dev MSE]
[1.24872, 1.22223, 1.21862, 1.22196, 1.22589, 1.23364, 1.23892, 1.24682, 1.24738, 1.25288, 1.25531, 1.25859, 1.26366, 1.26322, 1.26747]
[Test MSE]
[1.22525, 1.19934, 1.19581, 1.19835, 1.20204, 1.20918, 1.21286, 1.21992, 1.22249, 1.22637, 1.22934, 1.23169, 1.2354, 1.23666, 1.23819]
[Test MAE]
[0.84609, 0.81992, 0.81473, 0.80389, 0.81378, 0.82075, 0.81187, 0.79704, 0.80534, 0.80324, 0.80558, 0.81444, 0.8002, 0.82433, 0.79687]


Best Dev MSE: 1.21862 (Obtained during Evaluation #3)
Test MSE: 1.19581, Test MAE: 0.81473

End of Program! Elapsed Time: 2,680.02s (0:44:40)
