========================================================================================================================
  ARL_lr: 0.01
  ARL_path: 
  batch_size: 128
  channels_global: 100
  channels_local: 200
  command: -d CDs_and_Vinyl -m ANRS -e 10 -dr 0.9 -WED 300 -K 5 -h1 50 -h2 50 -p 1 -v 50000 -rs 1337 -gpu 0 -vb 1 -sm CDs_and_Vinyl_ANRS
  ctx_win_size: 3
  dataset: CDs_and_Vinyl
  disable_initial_eval: 0
  dropout_rate: 0.9
  epochs: 10
  filters_num: 100
  gpu: 0
  h1: 50
  h2: 50
  hidden_size: 500
  input_dir: ./datasets/CDs_and_Vinyl/
  L2_reg: 1e-06
  learning_rate: 0.002
  loss_function: MSELoss
  max_doc_len: 500
  max_vis_len: 500
  model: ANRS
  num_aspects: 5
  optimizer: Adam
  out_dir: ./experimental_results/CDs_and_Vinyl - ANRS/
  output_size: 50
  pretrained_src: 1
  random_seed: 1337
  save_model: CDs_and_Vinyl_ANRS
  use_cuda: True
  verbose: 1
  vocab_size: 50000
  word_embed_dim: 300
========================================================================================================================

[INFO] # of Users: 488,046, # of Items: 237,480

Creating model (Selected Model: ANRS)..
[args.use_cuda: True] Model is on the GPU! (args.gpu: 0, torch.cuda.current_device(): 0)
Model created! Elapsed Time: 4.27s (0.07 minute)

Loading uid_userDoc from "./datasets/CDs_and_Vinyl/CDs_and_Vinyl_uid_userDoc.npy"..
uid_userDoc loaded! [uid_userDoc: (488046, 500)]

Loading iid_itemDoc from "./datasets/CDs_and_Vinyl/CDs_and_Vinyl_iid_itemDoc.npy"..
iid_itemDoc loaded! [iid_itemDoc: (237480, 500)]

Loading pretrained word embeddings from "./datasets/CDs_and_Vinyl/CDs_and_Vinyl_wed300_wid_wordEmbed.npy"..
Pretrained word embeddings loaded! [wid_wEmbed: (50002, 300)]

Initialization Complete.. Elapsed Time: 28.50s (0.48 minute)

Train/Dev/Test splits loaded! |TRAIN|: 800,000, |DEV|: 41,001, |TEST|: 41,018
Train/Dev/Test splits loaded! Elapsed Time: 28.78s (0.48 minute)

Performing initial evaluation for VALIDATION set..
[Initial] [Dev]  MSE: 19.82751, MAE: 4.32283

Performing initial evaluation for TESTING set..
[Initial] [Test] MSE: 19.85587, MAE: 4.32758

Initial Evaluation Complete.. Elapsed Time: 38.75s (0.65 minute)

Parameters with L2 Regularization (Regularization Strength: 1e-06):
ANRS_RatingPred.uid_userOffset.weight, ANRS_RatingPred.iid_itemOffset.weight

Optimizer: Adam, Loss Function: MSELoss

Model Size: 378,564,877
# of Trainable Parameters: 801,277
ANR (
  (uid_userDoc): Embedding(488046, 500), weights = ((488046, 500),), parameters = 244,023,000
  (iid_itemDoc): Embedding(237480, 500), weights = ((237480, 500),), parameters = 118,740,000
  (wid_wEmbed): Embedding(50002, 300), weights = ((50002, 300),), parameters = 15,000,600
  (shared_ANR_ARL): ANR_ARL(
    (aspEmbed): Embedding(5, 150)
    (aspProj): Parameter(5, 300, 50)
  ), weights = ((5, 300, 50), (5, 150)), parameters = 75,750 (Trainable)
  (ANRS_RatingPred): ANRS_RatingPred(
    (userAspRepDropout): Dropout(p=0.9, inplace=False)
    (itemAspRepDropout): Dropout(p=0.9, inplace=False)
    (uid_userOffset): Embedding(488046, 1)
    (iid_itemOffset): Embedding(237480, 1)
    (globalOffset): Parameter(1,)
  ), weights = ((1,), (488046, 1), (237480, 1)), parameters = 725,527 (Trainable)
)
========================================================================================================================

[Epoch 1/10] Training Loss: 2.27100	Elapsed Time: 228.62s (0:03:48)
[Epoch 1] [Dev]  MSE: 1.04128, MAE: 0.74323
[Epoch 1] [Test] MSE: 1.02391, MAE: 0.73919

*** MODEL has obtained the best DEV MSE of 1.04128 so far!
*** The Best MODEL saved to "./__saved_models__/CDs_and_Vinyl - ANRS/CDs_and_Vinyl_ANRS_1337.pth"

[Epoch 2/10] Training Loss: 0.94255	Elapsed Time: 467.42s (0:07:47)
[Epoch 2] [Dev]  MSE: 0.98340, MAE: 0.70696
[Epoch 2] [Test] MSE: 0.96698, MAE: 0.70306

*** MODEL has obtained the best DEV MSE of 0.98340 so far!
*** The Best MODEL saved to "./__saved_models__/CDs_and_Vinyl - ANRS/CDs_and_Vinyl_ANRS_1337.pth"

[Epoch 3/10] Training Loss: 0.85969	Elapsed Time: 706.11s (0:11:46)
[Epoch 3] [Dev]  MSE: 0.97258, MAE: 0.69639
[Epoch 3] [Test] MSE: 0.95703, MAE: 0.69252

*** MODEL has obtained the best DEV MSE of 0.97258 so far!
*** The Best MODEL saved to "./__saved_models__/CDs_and_Vinyl - ANRS/CDs_and_Vinyl_ANRS_1337.pth"

[Epoch 4/10] Training Loss: 0.79109	Elapsed Time: 944.85s (0:15:44)
[Epoch 4] [Dev]  MSE: 0.97193, MAE: 0.69422
[Epoch 4] [Test] MSE: 0.95821, MAE: 0.69076

*** MODEL has obtained the best DEV MSE of 0.97193 so far!
*** The Best MODEL saved to "./__saved_models__/CDs_and_Vinyl - ANRS/CDs_and_Vinyl_ANRS_1337.pth"

[Epoch 5/10] Training Loss: 0.77707	Elapsed Time: 1,183.66s (0:19:43)
[Epoch 5] [Dev]  MSE: 0.97546, MAE: 0.69220
[Epoch 5] [Test] MSE: 0.96308, MAE: 0.68909

[Epoch 6/10] Training Loss: 0.73862	Elapsed Time: 1,422.51s (0:23:42)
[Epoch 6] [Dev]  MSE: 0.97694, MAE: 0.69311
[Epoch 6] [Test] MSE: 0.96479, MAE: 0.69035

[Epoch 7/10] Training Loss: 0.82432	Elapsed Time: 1,661.89s (0:27:41)
[Epoch 7] [Dev]  MSE: 0.97778, MAE: 0.69672
[Epoch 7] [Test] MSE: 0.96701, MAE: 0.69437

[Epoch 8/10] Training Loss: 0.71315	Elapsed Time: 1,900.85s (0:31:40)
[Epoch 8] [Dev]  MSE: 0.98099, MAE: 0.69554
[Epoch 8] [Test] MSE: 0.96998, MAE: 0.69300

[Epoch 9/10] Training Loss: 0.70144	Elapsed Time: 2,139.57s (0:35:39)
[Epoch 9] [Dev]  MSE: 0.98440, MAE: 0.69383
[Epoch 9] [Test] MSE: 0.97461, MAE: 0.69135

[Epoch 10/10] Training Loss: 0.69492	Elapsed Time: 2,378.34s (0:39:38)
[Epoch 10] [Dev]  MSE: 0.98184, MAE: 0.69693
[Epoch 10] [Test] MSE: 0.97228, MAE: 0.69441
*** The Last MODEL saved to "./__saved_models__/CDs_and_Vinyl - ANRS/CDs_and_Vinyl_ANRS_1337_10.pth"

[Training Loss]
[2.271, 0.94255, 0.85969, 0.79109, 0.77707, 0.73862, 0.82432, 0.71315, 0.70144, 0.69492]

[Dev MSE]
[1.04128, 0.9834, 0.97258, 0.97193, 0.97546, 0.97694, 0.97778, 0.98099, 0.9844, 0.98184]
[Test MSE]
[1.02391, 0.96698, 0.95703, 0.95821, 0.96308, 0.96479, 0.96701, 0.96998, 0.97461, 0.97228]
[Test MAE]
[0.73919, 0.70306, 0.69252, 0.69076, 0.68909, 0.69035, 0.69437, 0.693, 0.69135, 0.69441]


Best Dev MSE: 0.97193 (Obtained during Evaluation #4)
Test MSE: 0.95821, Test MAE: 0.69076

End of Program! Elapsed Time: 2,427.01s (0:40:27)
