========================================================================================================================
  ARL_lr: 0.01
  ARL_path: 
  batch_size: 128
  channels_global: 100
  channels_local: 200
  command: -d Video_Games -m DeepCoNN -e 10 -dr 0.9 -WED 300 -p 1 -v 50000 -K 5 -h1 50 -h2 50 -filters_num 100 -output_size 50 -rs 1234 -gpu 0 -vb 1 -sm Video_Games_DeepCoNN
  ctx_win_size: 3
  dataset: Video_Games
  disable_initial_eval: 0
  dropout_rate: 0.9
  epochs: 10
  filters_num: 100
  gpu: 0
  h1: 50
  h2: 50
  hidden_size: 500
  input_dir: ./datasets/Video_Games/
  L2_reg: 1e-06
  learning_rate: 0.002
  loss_function: MSELoss
  max_doc_len: 500
  max_vis_len: 500
  model: DeepCoNN
  num_aspects: 5
  optimizer: Adam
  out_dir: ./experimental_results/Video_Games - DeepCoNN/
  output_size: 50
  pretrained_src: 1
  random_seed: 1234
  save_model: Video_Games_DeepCoNN
  use_cuda: True
  verbose: 1
  vocab_size: 50000
  word_embed_dim: 300
========================================================================================================================

[INFO] # of Users: 540,331, # of Items: 44,636

Creating model (Selected Model: DeepCoNN)..
[args.use_cuda: True] Model is on the GPU! (args.gpu: 0, torch.cuda.current_device(): 0)
Model created! Elapsed Time: 3.70s (0.06 minute)

Loading uid_userDoc from "./datasets/Video_Games/Video_Games_uid_userDoc.npy"..
uid_userDoc loaded! [uid_userDoc: (540331, 500)]

Loading iid_itemDoc from "./datasets/Video_Games/Video_Games_iid_itemDoc.npy"..
iid_itemDoc loaded! [iid_itemDoc: (44636, 500)]

Loading pretrained word embeddings from "./datasets/Video_Games/Video_Games_wed300_wid_wordEmbed.npy"..
Pretrained word embeddings loaded! [wid_wEmbed: (50002, 300)]

Initialization Complete.. Elapsed Time: 24.63s (0.41 minute)

Train/Dev/Test splits loaded! |TRAIN|: 800,000, |DEV|: 45,587, |TEST|: 45,469
Train/Dev/Test splits loaded! Elapsed Time: 24.98s (0.42 minute)

Performing initial evaluation for VALIDATION set..
[Initial] [Dev]  MSE: 13.60516, MAE: 3.46013

Performing initial evaluation for TESTING set..
[Initial] [Test] MSE: 13.66241, MAE: 3.47238

Initial Evaluation Complete.. Elapsed Time: 32.86s (0.55 minute)

Optimizer: Adam, Loss Function: MSELoss

Model Size: 308,259,368
# of Trainable Parameters: 775,268
DeepCoNN (
  (uid_userDoc): Embedding(540331, 500), weights = ((540331, 500),), parameters = 270,165,500
  (iid_itemDoc): Embedding(44636, 500), weights = ((44636, 500),), parameters = 22,318,000
  (wid_wEmbed): Embedding(50002, 300), weights = ((50002, 300),), parameters = 15,000,600
  (user_CNN): Conv2d(1, 100, kernel_size=(3, 300), stride=(1, 1)), weights = ((100, 1, 3, 300), (100,)), parameters = 90,100 (Trainable)
  (item_CNN): Conv2d(1, 100, kernel_size=(3, 300), stride=(1, 1)), weights = ((100, 1, 3, 300), (100,)), parameters = 90,100 (Trainable)
  (user_fcLayer): Linear(in_features=100, out_features=50, bias=True), weights = ((50, 100), (50,)), parameters = 5,050 (Trainable)
  (item_fcLayer): Linear(in_features=100, out_features=50, bias=True), weights = ((50, 100), (50,)), parameters = 5,050 (Trainable)
  (userDropout): Dropout(p=0.9, inplace=False), weights = (), parameters = 0
  (itemDropout): Dropout(p=0.9, inplace=False), weights = (), parameters = 0
  (DeepCoNN_RatingPred): DeepCoNN_RatingPred(
    (uid_userOffset): Embedding(540331, 1)
    (iid_itemOffset): Embedding(44636, 1)
    (globalOffset): Parameter(1,)
  ), weights = ((1,), (540331, 1), (44636, 1)), parameters = 584,968 (Trainable)
)
========================================================================================================================

[Epoch 1/10] Training Loss: 2.94572	Elapsed Time: 129.02s (0:02:09)
[Epoch 1] [Dev]  MSE: 1.37043, MAE: 0.93896
[Epoch 1] [Test] MSE: 1.33285, MAE: 0.92721

*** MODEL has obtained the best DEV MSE of 1.37043 so far!
*** The Best MODEL saved to "./__saved_models__/Video_Games - DeepCoNN/Video_Games_DeepCoNN_1234.pth"

[Epoch 2/10] Training Loss: 1.37694	Elapsed Time: 263.98s (0:04:23)
[Epoch 2] [Dev]  MSE: 1.31657, MAE: 0.89876
[Epoch 2] [Test] MSE: 1.27119, MAE: 0.88380

*** MODEL has obtained the best DEV MSE of 1.31657 so far!
*** The Best MODEL saved to "./__saved_models__/Video_Games - DeepCoNN/Video_Games_DeepCoNN_1234.pth"

[Epoch 3/10] Training Loss: 1.24647	Elapsed Time: 399.81s (0:06:39)
[Epoch 3] [Dev]  MSE: 1.30629, MAE: 0.89601
[Epoch 3] [Test] MSE: 1.25868, MAE: 0.88053

*** MODEL has obtained the best DEV MSE of 1.30629 so far!
*** The Best MODEL saved to "./__saved_models__/Video_Games - DeepCoNN/Video_Games_DeepCoNN_1234.pth"

[Epoch 4/10] Training Loss: 1.14795	Elapsed Time: 533.23s (0:08:53)
[Epoch 4] [Dev]  MSE: 1.30152, MAE: 0.88278
[Epoch 4] [Test] MSE: 1.25267, MAE: 0.86703

*** MODEL has obtained the best DEV MSE of 1.30152 so far!
*** The Best MODEL saved to "./__saved_models__/Video_Games - DeepCoNN/Video_Games_DeepCoNN_1234.pth"

[Epoch 5/10] Training Loss: 1.06799	Elapsed Time: 664.71s (0:11:04)
[Epoch 5] [Dev]  MSE: 1.31025, MAE: 0.87949
[Epoch 5] [Test] MSE: 1.25834, MAE: 0.86291

[Epoch 6/10] Training Loss: 0.99908	Elapsed Time: 799.83s (0:13:19)
[Epoch 6] [Dev]  MSE: 1.31672, MAE: 0.87406
[Epoch 6] [Test] MSE: 1.26289, MAE: 0.85709

[Epoch 7/10] Training Loss: 0.93716	Elapsed Time: 931.27s (0:15:31)
[Epoch 7] [Dev]  MSE: 1.33260, MAE: 0.87127
[Epoch 7] [Test] MSE: 1.27586, MAE: 0.85341

[Epoch 8/10] Training Loss: 0.88209	Elapsed Time: 1,062.54s (0:17:42)
[Epoch 8] [Dev]  MSE: 1.34227, MAE: 0.87449
[Epoch 8] [Test] MSE: 1.28454, MAE: 0.85674

[Epoch 9/10] Training Loss: 0.83131	Elapsed Time: 1,198.39s (0:19:58)
[Epoch 9] [Dev]  MSE: 1.35709, MAE: 0.88358
[Epoch 9] [Test] MSE: 1.30160, MAE: 0.86683

[Epoch 10/10] Training Loss: 0.78680	Elapsed Time: 1,328.65s (0:22:08)
[Epoch 10] [Dev]  MSE: 1.37414, MAE: 0.87944
[Epoch 10] [Test] MSE: 1.31672, MAE: 0.86187
*** The Last MODEL saved to "./__saved_models__/Video_Games - DeepCoNN/Video_Games_DeepCoNN_1234_10.pth"

[Training Loss]
[2.94572, 1.37694, 1.24647, 1.14795, 1.06799, 0.99908, 0.93716, 0.88209, 0.83131, 0.7868]

[Dev MSE]
[1.37043, 1.31657, 1.30629, 1.30152, 1.31025, 1.31672, 1.3326, 1.34227, 1.35709, 1.37414]
[Test MSE]
[1.33285, 1.27119, 1.25868, 1.25267, 1.25834, 1.26289, 1.27586, 1.28454, 1.3016, 1.31672]
[Test MAE]
[0.92721, 0.8838, 0.88053, 0.86703, 0.86291, 0.85709, 0.85341, 0.85674, 0.86683, 0.86187]


Best Dev MSE: 1.30152 (Obtained during Evaluation #4)
Test MSE: 1.25267, Test MAE: 0.86703

End of Program! Elapsed Time: 1,368.92s (0:22:48)
