========================================================================================================================
  ARL_lr: 0.01
  ARL_path: 
  batch_size: 128
  channels_global: 100
  channels_local: 200
  command: -d Electronics -m VANRA -e 5 -dr 0.9 -WED 300 -p 1 -v 50000 -K 5 -h1 10 -kernel_list 3 -output_size 10 -rs 1234 -gpu 0 -vb 1 -sm Electronics_VANRA
  ctx_win_size: 3
  dataset: Electronics
  disable_initial_eval: 0
  dropout_rate: 0.9
  epochs: 5
  filters_num: 100
  gpu: 0
  h1: 10
  h2: 50
  hidden_size: 500
  input_dir: ./datasets/Electronics/
  kernel_list: [3]
  L2_reg: 1e-06
  learning_rate: 0.002
  loss_function: MSELoss
  max_doc_len: 500
  max_vis_len: 500
  model: VANRA
  num_aspects: 5
  optimizer: Adam
  out_dir: ./experimental_results/Electronics - VANRA/
  output_size: 10
  pretrained_src: 1
  random_seed: 1234
  save_model: Electronics_VANRA
  use_cuda: True
  verbose: 1
  vocab_size: 50000
  word_embed_dim: 300
========================================================================================================================

[INFO] # of Users: 685,969, # of Items: 168,412

Creating model (Selected Model: VANRA)..
[args.use_cuda: True] Model is on the GPU! (args.gpu: 0, torch.cuda.current_device(): 0)
Model created! Elapsed Time: 8.06s (0.13 minute)

Loading uid_userDoc from "./datasets/Electronics/Electronics_uid_userDoc.npy"..
uid_userDoc loaded! [uid_userDoc: (685969, 500)]

Loading iid_itemDoc from "./datasets/Electronics/Electronics_iid_itemDoc.npy"..
iid_itemDoc loaded! [iid_itemDoc: (168412, 500)]

Loading pretrained word embeddings from "./datasets/Electronics/Electronics_wed300_wid_wordEmbed.npy"..
Pretrained word embeddings loaded! [wid_wEmbed: (50002, 300)]

Loading uid_userVis from "./datasets/Electronics/Electronics_uid_userVis.npy"..
uid_userVis loaded! [uid_userVis: (685969, 500)]

Loading iid_itemVis from "./datasets/Electronics/Electronics_iid_itemVis.npy"..
iid_itemVis loaded! [iid_itemVis: (168412, 500)]

Initialization Complete.. Elapsed Time: 65.27s (1.09 minutes)

Train/Dev/Test splits loaded! |TRAIN|: 800,000, |DEV|: 20,925, |TEST|: 20,954
Train/Dev/Test splits loaded! Elapsed Time: 65.54s (1.09 minutes)

Performing initial evaluation for VALIDATION set..
[Initial] [Dev]  MSE: 15.46049, MAE: 3.70159

Performing initial evaluation for TESTING set..
[Initial] [Test] MSE: 15.31080, MAE: 3.67460

Initial Evaluation Complete.. Elapsed Time: 69.47s (1.16 minutes)

Parameters with L2 Regularization (Regularization Strength: 1e-06):
VANRA_RatingPred.uid_userOffset.weight, VANRA_RatingPred.iid_itemOffset.weight

Optimizer: Adam, Loss Function: MSELoss

Model Size: 870,261,802
# of Trainable Parameters: 880,202
VANRA (
  (uid_userDoc): Embedding(685969, 500), weights = ((685969, 500),), parameters = 342,984,500
  (iid_itemDoc): Embedding(168412, 500), weights = ((168412, 500),), parameters = 84,206,000
  (wid_wEmbed): Embedding(50002, 300), weights = ((50002, 300),), parameters = 15,000,600
  (uid_userVis): Embedding(685969, 500), weights = ((685969, 500),), parameters = 342,984,500
  (iid_itemVis): Embedding(168412, 500), weights = ((168412, 500),), parameters = 84,206,000
  (MSANR_ARL): MSANR_ARL(
    (aspEmbed): ModuleList(
      (0): Embedding(5, 30)
    )
    (filterEmbed): Embedding(5, 10)
    (aspProj): Parameter(5, 300, 10)
  ), weights = ((5, 300, 10), (5, 30), (5, 10)), parameters = 15,200 (Trainable)
  (VANRA_VRL): VANRA_VRL(
    (fcLayer): Sequential(
      (0): Dropout(p=0.9, inplace=False)
      (1): Linear(in_features=500, out_features=10, bias=True)
    )
    (visProj): Parameter(500, 10)
  ), weights = ((500, 10), (10, 500), (10,)), parameters = 10,010 (Trainable)
  (VANRA_RatingPred): VANRA_RatingPred(
    (uid_userOffset): Embedding(685969, 1)
    (iid_itemOffset): Embedding(168412, 1)
    (fcLayer1): Sequential(
      (0): Linear(in_features=60, out_features=10, bias=True)
      (1): ReLU()
      (2): Dropout(p=0.9, inplace=False)
    )
    (globalOffset): Parameter(1,)
  ), weights = ((1,), (685969, 1), (168412, 1), (10, 60), (10,)), parameters = 854,992 (Trainable)
)
========================================================================================================================

[Epoch 1/5] Training Loss: 44.11115	Elapsed Time: 152.22s (0:02:32)
[Epoch 1] [Dev]  MSE: 1.42350, MAE: 0.95206
[Epoch 1] [Test] MSE: 1.45935, MAE: 0.96103

*** MODEL has obtained the best DEV MSE of 1.42350 so far!
*** The Best MODEL saved to "./__saved_models__/Electronics - VANRA/Electronics_VANRA_1234.pth"

[Epoch 2/5] Training Loss: 1.65275	Elapsed Time: 308.67s (0:05:08)
[Epoch 2] [Dev]  MSE: 1.37629, MAE: 0.92885
[Epoch 2] [Test] MSE: 1.41288, MAE: 0.93765

*** MODEL has obtained the best DEV MSE of 1.37629 so far!
*** The Best MODEL saved to "./__saved_models__/Electronics - VANRA/Electronics_VANRA_1234.pth"

[Epoch 3/5] Training Loss: 1.49981	Elapsed Time: 465.07s (0:07:45)
[Epoch 3] [Dev]  MSE: 1.36615, MAE: 0.91537
[Epoch 3] [Test] MSE: 1.40389, MAE: 0.92399

*** MODEL has obtained the best DEV MSE of 1.36615 so far!
*** The Best MODEL saved to "./__saved_models__/Electronics - VANRA/Electronics_VANRA_1234.pth"

[Epoch 4/5] Training Loss: 1.40173	Elapsed Time: 621.52s (0:10:21)
[Epoch 4] [Dev]  MSE: 1.36637, MAE: 0.90434
[Epoch 4] [Test] MSE: 1.40625, MAE: 0.91322

[Epoch 5/5] Training Loss: 1.33439	Elapsed Time: 777.94s (0:12:57)
[Epoch 5] [Dev]  MSE: 1.37273, MAE: 0.90473
[Epoch 5] [Test] MSE: 1.41340, MAE: 0.91331
*** The Last MODEL saved to "./__saved_models__/Electronics - VANRA/Electronics_VANRA_1234_5.pth"

[Training Loss]
[44.11115, 1.65275, 1.49981, 1.40173, 1.33439]

[Dev MSE]
[1.4235, 1.37629, 1.36615, 1.36637, 1.37273]
[Test MSE]
[1.45935, 1.41288, 1.40389, 1.40625, 1.4134]
[Test MAE]
[0.96103, 0.93765, 0.92399, 0.91322, 0.91331]


Best Dev MSE: 1.36615 (Obtained during Evaluation #3)
Test MSE: 1.40389, Test MAE: 0.92399

End of Program! Elapsed Time: 851.16s (0:14:11)
