========================================================================================================================
  ARL_lr: 0.01
  ARL_path: 
  batch_size: 128
  channels_global: 100
  channels_local: 200
  command: -d Electronics -m VANRA -e 5 -dr 0.9 -WED 300 -p 1 -v 50000 -K 5 -h1 15 -kernel_list 3 -output_size 50 -rs 1234 -gpu 0 -vb 1 -sm Electronics_VANRA
  ctx_win_size: 3
  dataset: Electronics
  disable_initial_eval: 0
  dropout_rate: 0.9
  epochs: 5
  filters_num: 100
  gpu: 0
  h1: 15
  h2: 50
  hidden_size: 500
  input_dir: ./datasets/Electronics/
  kernel_list: [3]
  L2_reg: 1e-06
  learning_rate: 0.002
  loss_function: MSELoss
  max_doc_len: 500
  max_vis_len: 500
  model: VANRA
  num_aspects: 5
  optimizer: Adam
  out_dir: ./experimental_results/Electronics - VANRA/
  output_size: 50
  pretrained_src: 1
  random_seed: 1234
  save_model: Electronics_VANRA
  use_cuda: True
  verbose: 1
  vocab_size: 50000
  word_embed_dim: 300
========================================================================================================================

[INFO] # of Users: 685,969, # of Items: 168,412

Creating model (Selected Model: VANRA)..
[args.use_cuda: True] Model is on the GPU! (args.gpu: 0, torch.cuda.current_device(): 0)
Model created! Elapsed Time: 8.08s (0.13 minute)

Loading uid_userDoc from "./datasets/Electronics/Electronics_uid_userDoc.npy"..
uid_userDoc loaded! [uid_userDoc: (685969, 500)]

Loading iid_itemDoc from "./datasets/Electronics/Electronics_iid_itemDoc.npy"..
iid_itemDoc loaded! [iid_itemDoc: (168412, 500)]

Loading pretrained word embeddings from "./datasets/Electronics/Electronics_wed300_wid_wordEmbed.npy"..
Pretrained word embeddings loaded! [wid_wEmbed: (50002, 300)]

Loading uid_userVis from "./datasets/Electronics/Electronics_uid_userVis.npy"..
uid_userVis loaded! [uid_userVis: (685969, 500)]

Loading iid_itemVis from "./datasets/Electronics/Electronics_iid_itemVis.npy"..
iid_itemVis loaded! [iid_itemVis: (168412, 500)]

Initialization Complete.. Elapsed Time: 65.36s (1.09 minutes)

Train/Dev/Test splits loaded! |TRAIN|: 800,000, |DEV|: 20,925, |TEST|: 20,954
Train/Dev/Test splits loaded! Elapsed Time: 65.60s (1.09 minutes)

Performing initial evaluation for VALIDATION set..
[Initial] [Dev]  MSE: 10.60693, MAE: 2.83758

Performing initial evaluation for TESTING set..
[Initial] [Test] MSE: 10.56643, MAE: 2.81064

Initial Evaluation Complete.. Elapsed Time: 69.69s (1.16 minutes)

Parameters with L2 Regularization (Regularization Strength: 1e-06):
VANRA_RatingPred.uid_userOffset.weight, VANRA_RatingPred.iid_itemOffset.weight

Optimizer: Adam, Loss Function: MSELoss

Model Size: 870,293,222
# of Trainable Parameters: 911,622
VANRA (
  (uid_userDoc): Embedding(685969, 500), weights = ((685969, 500),), parameters = 342,984,500
  (iid_itemDoc): Embedding(168412, 500), weights = ((168412, 500),), parameters = 84,206,000
  (wid_wEmbed): Embedding(50002, 300), weights = ((50002, 300),), parameters = 15,000,600
  (uid_userVis): Embedding(685969, 500), weights = ((685969, 500),), parameters = 342,984,500
  (iid_itemVis): Embedding(168412, 500), weights = ((168412, 500),), parameters = 84,206,000
  (MSANR_ARL): MSANR_ARL(
    (aspEmbed): ModuleList(
      (0): Embedding(5, 45)
    )
    (filterEmbed): Embedding(5, 15)
    (aspProj): Parameter(5, 300, 15)
  ), weights = ((5, 300, 15), (5, 45), (5, 15)), parameters = 22,800 (Trainable)
  (VANRA_VRL): VANRA_VRL(
    (fcLayer): Sequential(
      (0): Dropout(p=0.9, inplace=False)
      (1): Linear(in_features=500, out_features=50, bias=True)
    )
    (visProj): Parameter(500, 15)
  ), weights = ((500, 15), (50, 500), (50,)), parameters = 32,550 (Trainable)
  (VANRA_RatingPred): VANRA_RatingPred(
    (uid_userOffset): Embedding(685969, 1)
    (iid_itemOffset): Embedding(168412, 1)
    (fcLayer1): Sequential(
      (0): Linear(in_features=125, out_features=15, bias=True)
      (1): ReLU()
      (2): Dropout(p=0.9, inplace=False)
    )
    (globalOffset): Parameter(1,)
  ), weights = ((1,), (685969, 1), (168412, 1), (15, 125), (15,)), parameters = 856,272 (Trainable)
)
========================================================================================================================

[Epoch 1/5] Training Loss: 426.45758	Elapsed Time: 160.56s (0:02:40)
[Epoch 1] [Dev]  MSE: 1.44275, MAE: 0.95914
[Epoch 1] [Test] MSE: 1.48118, MAE: 0.96903

*** MODEL has obtained the best DEV MSE of 1.44275 so far!
*** The Best MODEL saved to "./__saved_models__/Electronics - VANRA/Electronics_VANRA_1234.pth"

[Epoch 2/5] Training Loss: 1.67381	Elapsed Time: 325.25s (0:05:25)
[Epoch 2] [Dev]  MSE: 1.38379, MAE: 0.93615
[Epoch 2] [Test] MSE: 1.42007, MAE: 0.94477

*** MODEL has obtained the best DEV MSE of 1.38379 so far!
*** The Best MODEL saved to "./__saved_models__/Electronics - VANRA/Electronics_VANRA_1234.pth"

[Epoch 3/5] Training Loss: 1.51214	Elapsed Time: 490.20s (0:08:10)
[Epoch 3] [Dev]  MSE: 1.36560, MAE: 0.91037
[Epoch 3] [Test] MSE: 1.40491, MAE: 0.91907

*** MODEL has obtained the best DEV MSE of 1.36560 so far!
*** The Best MODEL saved to "./__saved_models__/Electronics - VANRA/Electronics_VANRA_1234.pth"

[Epoch 4/5] Training Loss: 1.40996	Elapsed Time: 654.97s (0:10:54)
[Epoch 4] [Dev]  MSE: 1.36820, MAE: 0.90993
[Epoch 4] [Test] MSE: 1.40823, MAE: 0.91807

[Epoch 5/5] Training Loss: 1.34068	Elapsed Time: 819.78s (0:13:39)
[Epoch 5] [Dev]  MSE: 1.37387, MAE: 0.90579
[Epoch 5] [Test] MSE: 1.41366, MAE: 0.91439
*** The Last MODEL saved to "./__saved_models__/Electronics - VANRA/Electronics_VANRA_1234_5.pth"

[Training Loss]
[426.45758, 1.67381, 1.51214, 1.40996, 1.34068]

[Dev MSE]
[1.44275, 1.38379, 1.3656, 1.3682, 1.37387]
[Test MSE]
[1.48118, 1.42007, 1.40491, 1.40823, 1.41366]
[Test MAE]
[0.96903, 0.94477, 0.91907, 0.91807, 0.91439]


Best Dev MSE: 1.36560 (Obtained during Evaluation #3)
Test MSE: 1.40491, Test MAE: 0.91907

End of Program! Elapsed Time: 893.40s (0:14:53)
