========================================================================================================================
  ARL_lr: 0.01
  ARL_path: 
  batch_size: 128
  channels_global: 100
  channels_local: 200
  command: -d Electronics -m VANRA -e 5 -dr 0.9 -WED 300 -p 1 -v 50000 -K 5 -h1 25 -kernel_list 3 -output_size 5 -rs 1234 -gpu 0 -vb 1 -sm Electronics_VANRA
  ctx_win_size: 3
  dataset: Electronics
  disable_initial_eval: 0
  dropout_rate: 0.9
  epochs: 5
  filters_num: 100
  gpu: 0
  h1: 25
  h2: 50
  hidden_size: 500
  input_dir: ./datasets/Electronics/
  kernel_list: [3]
  L2_reg: 1e-06
  learning_rate: 0.002
  loss_function: MSELoss
  max_doc_len: 500
  max_vis_len: 500
  model: VANRA
  num_aspects: 5
  optimizer: Adam
  out_dir: ./experimental_results/Electronics - VANRA/
  output_size: 5
  pretrained_src: 1
  random_seed: 1234
  save_model: Electronics_VANRA
  use_cuda: True
  verbose: 1
  vocab_size: 50000
  word_embed_dim: 300
========================================================================================================================

[INFO] # of Users: 685,969, # of Items: 168,412

Creating model (Selected Model: VANRA)..
[args.use_cuda: True] Model is on the GPU! (args.gpu: 0, torch.cuda.current_device(): 0)
Model created! Elapsed Time: 8.07s (0.13 minute)

Loading uid_userDoc from "./datasets/Electronics/Electronics_uid_userDoc.npy"..
uid_userDoc loaded! [uid_userDoc: (685969, 500)]

Loading iid_itemDoc from "./datasets/Electronics/Electronics_iid_itemDoc.npy"..
iid_itemDoc loaded! [iid_itemDoc: (168412, 500)]

Loading pretrained word embeddings from "./datasets/Electronics/Electronics_wed300_wid_wordEmbed.npy"..
Pretrained word embeddings loaded! [wid_wEmbed: (50002, 300)]

Loading uid_userVis from "./datasets/Electronics/Electronics_uid_userVis.npy"..
uid_userVis loaded! [uid_userVis: (685969, 500)]

Loading iid_itemVis from "./datasets/Electronics/Electronics_iid_itemVis.npy"..
iid_itemVis loaded! [iid_itemVis: (168412, 500)]

Initialization Complete.. Elapsed Time: 65.75s (1.10 minutes)

Train/Dev/Test splits loaded! |TRAIN|: 800,000, |DEV|: 20,925, |TEST|: 20,954
Train/Dev/Test splits loaded! Elapsed Time: 66.00s (1.10 minutes)

Performing initial evaluation for VALIDATION set..
[Initial] [Dev]  MSE: 16.72563, MAE: 3.89077

Performing initial evaluation for TESTING set..
[Initial] [Test] MSE: 16.58545, MAE: 3.86706

Initial Evaluation Complete.. Elapsed Time: 70.50s (1.18 minutes)

Parameters with L2 Regularization (Regularization Strength: 1e-06):
VANRA_RatingPred.uid_userOffset.weight, VANRA_RatingPred.iid_itemOffset.weight

Optimizer: Adam, Loss Function: MSELoss

Model Size: 870,292,262
# of Trainable Parameters: 910,662
VANRA (
  (uid_userDoc): Embedding(685969, 500), weights = ((685969, 500),), parameters = 342,984,500
  (iid_itemDoc): Embedding(168412, 500), weights = ((168412, 500),), parameters = 84,206,000
  (wid_wEmbed): Embedding(50002, 300), weights = ((50002, 300),), parameters = 15,000,600
  (uid_userVis): Embedding(685969, 500), weights = ((685969, 500),), parameters = 342,984,500
  (iid_itemVis): Embedding(168412, 500), weights = ((168412, 500),), parameters = 84,206,000
  (MSANR_ARL): MSANR_ARL(
    (aspEmbed): ModuleList(
      (0): Embedding(5, 75)
    )
    (filterEmbed): Embedding(5, 25)
    (aspProj): Parameter(5, 300, 25)
  ), weights = ((5, 300, 25), (5, 75), (5, 25)), parameters = 38,000 (Trainable)
  (VANRA_VRL): VANRA_VRL(
    (fcLayer): Sequential(
      (0): Dropout(p=0.9, inplace=False)
      (1): Linear(in_features=500, out_features=5, bias=True)
    )
    (visProj): Parameter(500, 25)
  ), weights = ((500, 25), (5, 500), (5,)), parameters = 15,005 (Trainable)
  (VANRA_RatingPred): VANRA_RatingPred(
    (uid_userOffset): Embedding(685969, 1)
    (iid_itemOffset): Embedding(168412, 1)
    (fcLayer1): Sequential(
      (0): Linear(in_features=130, out_features=25, bias=True)
      (1): ReLU()
      (2): Dropout(p=0.9, inplace=False)
    )
    (globalOffset): Parameter(1,)
  ), weights = ((1,), (685969, 1), (168412, 1), (25, 130), (25,)), parameters = 857,657 (Trainable)
)
========================================================================================================================

[Epoch 1/5] Training Loss: 5.19862	Elapsed Time: 189.89s (0:03:09)
[Epoch 1] [Dev]  MSE: 1.41983, MAE: 0.94900
[Epoch 1] [Test] MSE: 1.45583, MAE: 0.95834

*** MODEL has obtained the best DEV MSE of 1.41983 so far!
*** The Best MODEL saved to "./__saved_models__/Electronics - VANRA/Electronics_VANRA_1234.pth"

[Epoch 2/5] Training Loss: 1.65672	Elapsed Time: 384.24s (0:06:24)
[Epoch 2] [Dev]  MSE: 1.37326, MAE: 0.92343
[Epoch 2] [Test] MSE: 1.40981, MAE: 0.93223

*** MODEL has obtained the best DEV MSE of 1.37326 so far!
*** The Best MODEL saved to "./__saved_models__/Electronics - VANRA/Electronics_VANRA_1234.pth"

[Epoch 3/5] Training Loss: 1.49673	Elapsed Time: 578.60s (0:09:38)
[Epoch 3] [Dev]  MSE: 1.36379, MAE: 0.91013
[Epoch 3] [Test] MSE: 1.40250, MAE: 0.91883

*** MODEL has obtained the best DEV MSE of 1.36379 so far!
*** The Best MODEL saved to "./__saved_models__/Electronics - VANRA/Electronics_VANRA_1234.pth"

[Epoch 4/5] Training Loss: 1.39968	Elapsed Time: 772.89s (0:12:52)
[Epoch 4] [Dev]  MSE: 1.36808, MAE: 0.91018
[Epoch 4] [Test] MSE: 1.40735, MAE: 0.91895

[Epoch 5/5] Training Loss: 1.33269	Elapsed Time: 967.27s (0:16:07)
[Epoch 5] [Dev]  MSE: 1.37382, MAE: 0.90382
[Epoch 5] [Test] MSE: 1.41455, MAE: 0.91321
*** The Last MODEL saved to "./__saved_models__/Electronics - VANRA/Electronics_VANRA_1234_5.pth"

[Training Loss]
[5.19862, 1.65672, 1.49673, 1.39968, 1.33269]

[Dev MSE]
[1.41983, 1.37326, 1.36379, 1.36808, 1.37382]
[Test MSE]
[1.45583, 1.40981, 1.4025, 1.40735, 1.41455]
[Test MAE]
[0.95834, 0.93223, 0.91883, 0.91895, 0.91321]


Best Dev MSE: 1.36379 (Obtained during Evaluation #3)
Test MSE: 1.40250, Test MAE: 0.91883

End of Program! Elapsed Time: 1,042.10s (0:17:22)
