========================================================================================================================
  ARL_lr: 0.01
  ARL_path: 
  batch_size: 128
  channels_global: 100
  channels_local: 200
  command: -d Electronics -m VANRA -e 5 -dr 0.9 -WED 300 -p 1 -v 50000 -K 5 -h1 5 -kernel_list 3 -output_size 10 -rs 1234 -gpu 0 -vb 1 -sm Electronics_VANRA
  ctx_win_size: 3
  dataset: Electronics
  disable_initial_eval: 0
  dropout_rate: 0.9
  epochs: 5
  filters_num: 100
  gpu: 0
  h1: 5
  h2: 50
  hidden_size: 500
  input_dir: ./datasets/Electronics/
  kernel_list: [3]
  L2_reg: 1e-06
  learning_rate: 0.002
  loss_function: MSELoss
  max_doc_len: 500
  max_vis_len: 500
  model: VANRA
  num_aspects: 5
  optimizer: Adam
  out_dir: ./experimental_results/Electronics - VANRA/
  output_size: 10
  pretrained_src: 1
  random_seed: 1234
  save_model: Electronics_VANRA
  use_cuda: True
  verbose: 1
  vocab_size: 50000
  word_embed_dim: 300
========================================================================================================================

[INFO] # of Users: 685,969, # of Items: 168,412

Creating model (Selected Model: VANRA)..
[args.use_cuda: True] Model is on the GPU! (args.gpu: 0, torch.cuda.current_device(): 0)
Model created! Elapsed Time: 8.15s (0.14 minute)

Loading uid_userDoc from "./datasets/Electronics/Electronics_uid_userDoc.npy"..
uid_userDoc loaded! [uid_userDoc: (685969, 500)]

Loading iid_itemDoc from "./datasets/Electronics/Electronics_iid_itemDoc.npy"..
iid_itemDoc loaded! [iid_itemDoc: (168412, 500)]

Loading pretrained word embeddings from "./datasets/Electronics/Electronics_wed300_wid_wordEmbed.npy"..
Pretrained word embeddings loaded! [wid_wEmbed: (50002, 300)]

Loading uid_userVis from "./datasets/Electronics/Electronics_uid_userVis.npy"..
uid_userVis loaded! [uid_userVis: (685969, 500)]

Loading iid_itemVis from "./datasets/Electronics/Electronics_iid_itemVis.npy"..
iid_itemVis loaded! [iid_itemVis: (168412, 500)]

Initialization Complete.. Elapsed Time: 65.48s (1.09 minutes)

Train/Dev/Test splits loaded! |TRAIN|: 800,000, |DEV|: 20,925, |TEST|: 20,954
Train/Dev/Test splits loaded! Elapsed Time: 65.73s (1.10 minutes)

Performing initial evaluation for VALIDATION set..
[Initial] [Dev]  MSE: 16.97930, MAE: 3.91970

Performing initial evaluation for TESTING set..
[Initial] [Test] MSE: 16.80088, MAE: 3.89130

Initial Evaluation Complete.. Elapsed Time: 69.67s (1.16 minutes)

Parameters with L2 Regularization (Regularization Strength: 1e-06):
VANRA_RatingPred.uid_userOffset.weight, VANRA_RatingPred.iid_itemOffset.weight

Optimizer: Adam, Loss Function: MSELoss

Model Size: 870,251,272
# of Trainable Parameters: 869,672
VANRA (
  (uid_userDoc): Embedding(685969, 500), weights = ((685969, 500),), parameters = 342,984,500
  (iid_itemDoc): Embedding(168412, 500), weights = ((168412, 500),), parameters = 84,206,000
  (wid_wEmbed): Embedding(50002, 300), weights = ((50002, 300),), parameters = 15,000,600
  (uid_userVis): Embedding(685969, 500), weights = ((685969, 500),), parameters = 342,984,500
  (iid_itemVis): Embedding(168412, 500), weights = ((168412, 500),), parameters = 84,206,000
  (MSANR_ARL): MSANR_ARL(
    (aspEmbed): ModuleList(
      (0): Embedding(5, 15)
    )
    (filterEmbed): Embedding(5, 5)
    (aspProj): Parameter(5, 300, 5)
  ), weights = ((5, 300, 5), (5, 15), (5, 5)), parameters = 7,600 (Trainable)
  (VANRA_VRL): VANRA_VRL(
    (fcLayer): Sequential(
      (0): Dropout(p=0.9, inplace=False)
      (1): Linear(in_features=500, out_features=10, bias=True)
    )
    (visProj): Parameter(500, 5)
  ), weights = ((500, 5), (10, 500), (10,)), parameters = 7,510 (Trainable)
  (VANRA_RatingPred): VANRA_RatingPred(
    (uid_userOffset): Embedding(685969, 1)
    (iid_itemOffset): Embedding(168412, 1)
    (fcLayer1): Sequential(
      (0): Linear(in_features=35, out_features=5, bias=True)
      (1): ReLU()
      (2): Dropout(p=0.9, inplace=False)
    )
    (globalOffset): Parameter(1,)
  ), weights = ((1,), (685969, 1), (168412, 1), (5, 35), (5,)), parameters = 854,562 (Trainable)
)
========================================================================================================================

[Epoch 1/5] Training Loss: 38.25815	Elapsed Time: 143.55s (0:02:23)
[Epoch 1] [Dev]  MSE: 1.42542, MAE: 0.95488
[Epoch 1] [Test] MSE: 1.46092, MAE: 0.96350

*** MODEL has obtained the best DEV MSE of 1.42542 so far!
*** The Best MODEL saved to "./__saved_models__/Electronics - VANRA/Electronics_VANRA_1234.pth"

[Epoch 2/5] Training Loss: 1.69701	Elapsed Time: 291.08s (0:04:51)
[Epoch 2] [Dev]  MSE: 1.37437, MAE: 0.92470
[Epoch 2] [Test] MSE: 1.41171, MAE: 0.93354

*** MODEL has obtained the best DEV MSE of 1.37437 so far!
*** The Best MODEL saved to "./__saved_models__/Electronics - VANRA/Electronics_VANRA_1234.pth"

[Epoch 3/5] Training Loss: 1.49856	Elapsed Time: 438.74s (0:07:18)
[Epoch 3] [Dev]  MSE: 1.36850, MAE: 0.91994
[Epoch 3] [Test] MSE: 1.40387, MAE: 0.92758

*** MODEL has obtained the best DEV MSE of 1.36850 so far!
*** The Best MODEL saved to "./__saved_models__/Electronics - VANRA/Electronics_VANRA_1234.pth"

[Epoch 4/5] Training Loss: 1.40077	Elapsed Time: 586.35s (0:09:46)
[Epoch 4] [Dev]  MSE: 1.37033, MAE: 0.91448
[Epoch 4] [Test] MSE: 1.40804, MAE: 0.92308

[Epoch 5/5] Training Loss: 1.33375	Elapsed Time: 734.16s (0:12:14)
[Epoch 5] [Dev]  MSE: 1.37197, MAE: 0.90284
[Epoch 5] [Test] MSE: 1.41233, MAE: 0.91193
*** The Last MODEL saved to "./__saved_models__/Electronics - VANRA/Electronics_VANRA_1234_5.pth"

[Training Loss]
[38.25815, 1.69701, 1.49856, 1.40077, 1.33375]

[Dev MSE]
[1.42542, 1.37437, 1.3685, 1.37033, 1.37197]
[Test MSE]
[1.46092, 1.41171, 1.40387, 1.40804, 1.41233]
[Test MAE]
[0.9635, 0.93354, 0.92758, 0.92308, 0.91193]


Best Dev MSE: 1.36850 (Obtained during Evaluation #3)
Test MSE: 1.40387, Test MAE: 0.92758

End of Program! Elapsed Time: 807.53s (0:13:27)
