========================================================================================================================
  ARL_lr: 0.01
  ARL_path: 
  batch_size: 128
  channels_global: 100
  channels_local: 200
  command: -d Electronics -m VANRA -e 5 -dr 0.9 -WED 300 -p 1 -v 50000 -K 5 -h1 10 -kernel_list 3 -output_size 25 -rs 1234 -gpu 0 -vb 1 -sm Electronics_VANRA
  ctx_win_size: 3
  dataset: Electronics
  disable_initial_eval: 0
  dropout_rate: 0.9
  epochs: 5
  filters_num: 100
  gpu: 0
  h1: 10
  h2: 50
  hidden_size: 500
  input_dir: ./datasets/Electronics/
  kernel_list: [3]
  L2_reg: 1e-06
  learning_rate: 0.002
  loss_function: MSELoss
  max_doc_len: 500
  max_vis_len: 500
  model: VANRA
  num_aspects: 5
  optimizer: Adam
  out_dir: ./experimental_results/Electronics - VANRA/
  output_size: 25
  pretrained_src: 1
  random_seed: 1234
  save_model: Electronics_VANRA
  use_cuda: True
  verbose: 1
  vocab_size: 50000
  word_embed_dim: 300
========================================================================================================================

[INFO] # of Users: 685,969, # of Items: 168,412

Creating model (Selected Model: VANRA)..
[args.use_cuda: True] Model is on the GPU! (args.gpu: 0, torch.cuda.current_device(): 0)
Model created! Elapsed Time: 8.08s (0.13 minute)

Loading uid_userDoc from "./datasets/Electronics/Electronics_uid_userDoc.npy"..
uid_userDoc loaded! [uid_userDoc: (685969, 500)]

Loading iid_itemDoc from "./datasets/Electronics/Electronics_iid_itemDoc.npy"..
iid_itemDoc loaded! [iid_itemDoc: (168412, 500)]

Loading pretrained word embeddings from "./datasets/Electronics/Electronics_wed300_wid_wordEmbed.npy"..
Pretrained word embeddings loaded! [wid_wEmbed: (50002, 300)]

Loading uid_userVis from "./datasets/Electronics/Electronics_uid_userVis.npy"..
uid_userVis loaded! [uid_userVis: (685969, 500)]

Loading iid_itemVis from "./datasets/Electronics/Electronics_iid_itemVis.npy"..
iid_itemVis loaded! [iid_itemVis: (168412, 500)]

Initialization Complete.. Elapsed Time: 65.78s (1.10 minutes)

Train/Dev/Test splits loaded! |TRAIN|: 800,000, |DEV|: 20,925, |TEST|: 20,954
Train/Dev/Test splits loaded! Elapsed Time: 66.03s (1.10 minutes)

Performing initial evaluation for VALIDATION set..
[Initial] [Dev]  MSE: 13.01508, MAE: 3.32273

Performing initial evaluation for TESTING set..
[Initial] [Test] MSE: 12.89576, MAE: 3.29979

Initial Evaluation Complete.. Elapsed Time: 69.95s (1.17 minutes)

Parameters with L2 Regularization (Regularization Strength: 1e-06):
VANRA_RatingPred.uid_userOffset.weight, VANRA_RatingPred.iid_itemOffset.weight

Optimizer: Adam, Loss Function: MSELoss

Model Size: 870,269,467
# of Trainable Parameters: 887,867
VANRA (
  (uid_userDoc): Embedding(685969, 500), weights = ((685969, 500),), parameters = 342,984,500
  (iid_itemDoc): Embedding(168412, 500), weights = ((168412, 500),), parameters = 84,206,000
  (wid_wEmbed): Embedding(50002, 300), weights = ((50002, 300),), parameters = 15,000,600
  (uid_userVis): Embedding(685969, 500), weights = ((685969, 500),), parameters = 342,984,500
  (iid_itemVis): Embedding(168412, 500), weights = ((168412, 500),), parameters = 84,206,000
  (MSANR_ARL): MSANR_ARL(
    (aspEmbed): ModuleList(
      (0): Embedding(5, 30)
    )
    (filterEmbed): Embedding(5, 10)
    (aspProj): Parameter(5, 300, 10)
  ), weights = ((5, 300, 10), (5, 30), (5, 10)), parameters = 15,200 (Trainable)
  (VANRA_VRL): VANRA_VRL(
    (fcLayer): Sequential(
      (0): Dropout(p=0.9, inplace=False)
      (1): Linear(in_features=500, out_features=25, bias=True)
    )
    (visProj): Parameter(500, 10)
  ), weights = ((500, 10), (25, 500), (25,)), parameters = 17,525 (Trainable)
  (VANRA_RatingPred): VANRA_RatingPred(
    (uid_userOffset): Embedding(685969, 1)
    (iid_itemOffset): Embedding(168412, 1)
    (fcLayer1): Sequential(
      (0): Linear(in_features=75, out_features=10, bias=True)
      (1): ReLU()
      (2): Dropout(p=0.9, inplace=False)
    )
    (globalOffset): Parameter(1,)
  ), weights = ((1,), (685969, 1), (168412, 1), (10, 75), (10,)), parameters = 855,142 (Trainable)
)
========================================================================================================================

[Epoch 1/5] Training Loss: 213.06025	Elapsed Time: 151.85s (0:02:31)
[Epoch 1] [Dev]  MSE: 1.43375, MAE: 0.95418
[Epoch 1] [Test] MSE: 1.47083, MAE: 0.96341

*** MODEL has obtained the best DEV MSE of 1.43375 so far!
*** The Best MODEL saved to "./__saved_models__/Electronics - VANRA/Electronics_VANRA_1234.pth"

[Epoch 2/5] Training Loss: 1.66358	Elapsed Time: 307.81s (0:05:07)
[Epoch 2] [Dev]  MSE: 1.38423, MAE: 0.93728
[Epoch 2] [Test] MSE: 1.41858, MAE: 0.94508

*** MODEL has obtained the best DEV MSE of 1.38423 so far!
*** The Best MODEL saved to "./__saved_models__/Electronics - VANRA/Electronics_VANRA_1234.pth"

[Epoch 3/5] Training Loss: 1.50677	Elapsed Time: 463.86s (0:07:43)
[Epoch 3] [Dev]  MSE: 1.36622, MAE: 0.91075
[Epoch 3] [Test] MSE: 1.40428, MAE: 0.91908

*** MODEL has obtained the best DEV MSE of 1.36622 so far!
*** The Best MODEL saved to "./__saved_models__/Electronics - VANRA/Electronics_VANRA_1234.pth"

[Epoch 4/5] Training Loss: 1.40639	Elapsed Time: 619.84s (0:10:19)
[Epoch 4] [Dev]  MSE: 1.36879, MAE: 0.90777
[Epoch 4] [Test] MSE: 1.40674, MAE: 0.91579

[Epoch 5/5] Training Loss: 1.33798	Elapsed Time: 775.71s (0:12:55)
[Epoch 5] [Dev]  MSE: 1.37507, MAE: 0.90406
[Epoch 5] [Test] MSE: 1.41313, MAE: 0.91183
*** The Last MODEL saved to "./__saved_models__/Electronics - VANRA/Electronics_VANRA_1234_5.pth"

[Training Loss]
[213.06025, 1.66358, 1.50677, 1.40639, 1.33798]

[Dev MSE]
[1.43375, 1.38423, 1.36622, 1.36879, 1.37507]
[Test MSE]
[1.47083, 1.41858, 1.40428, 1.40674, 1.41313]
[Test MAE]
[0.96341, 0.94508, 0.91908, 0.91579, 0.91183]


Best Dev MSE: 1.36622 (Obtained during Evaluation #3)
Test MSE: 1.40428, Test MAE: 0.91908

End of Program! Elapsed Time: 849.41s (0:14:09)
