========================================================================================================================
  ARL_lr: 0.01
  ARL_path: 
  batch_size: 128
  channels_global: 100
  channels_local: 200
  command: -d Electronics -m VANRA -e 5 -dr 0.9 -WED 300 -p 1 -v 50000 -K 5 -h1 25 -kernel_list 3 -output_size 15 -rs 1234 -gpu 0 -vb 1 -sm Electronics_VANRA
  ctx_win_size: 3
  dataset: Electronics
  disable_initial_eval: 0
  dropout_rate: 0.9
  epochs: 5
  filters_num: 100
  gpu: 0
  h1: 25
  h2: 50
  hidden_size: 500
  input_dir: ./datasets/Electronics/
  kernel_list: [3]
  L2_reg: 1e-06
  learning_rate: 0.002
  loss_function: MSELoss
  max_doc_len: 500
  max_vis_len: 500
  model: VANRA
  num_aspects: 5
  optimizer: Adam
  out_dir: ./experimental_results/Electronics - VANRA/
  output_size: 15
  pretrained_src: 1
  random_seed: 1234
  save_model: Electronics_VANRA
  use_cuda: True
  verbose: 1
  vocab_size: 50000
  word_embed_dim: 300
========================================================================================================================

[INFO] # of Users: 685,969, # of Items: 168,412

Creating model (Selected Model: VANRA)..
[args.use_cuda: True] Model is on the GPU! (args.gpu: 0, torch.cuda.current_device(): 0)
Model created! Elapsed Time: 8.10s (0.14 minute)

Loading uid_userDoc from "./datasets/Electronics/Electronics_uid_userDoc.npy"..
uid_userDoc loaded! [uid_userDoc: (685969, 500)]

Loading iid_itemDoc from "./datasets/Electronics/Electronics_iid_itemDoc.npy"..
iid_itemDoc loaded! [iid_itemDoc: (168412, 500)]

Loading pretrained word embeddings from "./datasets/Electronics/Electronics_wed300_wid_wordEmbed.npy"..
Pretrained word embeddings loaded! [wid_wEmbed: (50002, 300)]

Loading uid_userVis from "./datasets/Electronics/Electronics_uid_userVis.npy"..
uid_userVis loaded! [uid_userVis: (685969, 500)]

Loading iid_itemVis from "./datasets/Electronics/Electronics_iid_itemVis.npy"..
iid_itemVis loaded! [iid_itemVis: (168412, 500)]

Initialization Complete.. Elapsed Time: 65.21s (1.09 minutes)

Train/Dev/Test splits loaded! |TRAIN|: 800,000, |DEV|: 20,925, |TEST|: 20,954
Train/Dev/Test splits loaded! Elapsed Time: 65.46s (1.09 minutes)

Performing initial evaluation for VALIDATION set..
[Initial] [Dev]  MSE: 13.95175, MAE: 3.48770

Performing initial evaluation for TESTING set..
[Initial] [Test] MSE: 13.78802, MAE: 3.45856

Initial Evaluation Complete.. Elapsed Time: 69.95s (1.17 minutes)

Parameters with L2 Regularization (Regularization Strength: 1e-06):
VANRA_RatingPred.uid_userOffset.weight, VANRA_RatingPred.iid_itemOffset.weight

Optimizer: Adam, Loss Function: MSELoss

Model Size: 870,297,522
# of Trainable Parameters: 915,922
VANRA (
  (uid_userDoc): Embedding(685969, 500), weights = ((685969, 500),), parameters = 342,984,500
  (iid_itemDoc): Embedding(168412, 500), weights = ((168412, 500),), parameters = 84,206,000
  (wid_wEmbed): Embedding(50002, 300), weights = ((50002, 300),), parameters = 15,000,600
  (uid_userVis): Embedding(685969, 500), weights = ((685969, 500),), parameters = 342,984,500
  (iid_itemVis): Embedding(168412, 500), weights = ((168412, 500),), parameters = 84,206,000
  (MSANR_ARL): MSANR_ARL(
    (aspEmbed): ModuleList(
      (0): Embedding(5, 75)
    )
    (filterEmbed): Embedding(5, 25)
    (aspProj): Parameter(5, 300, 25)
  ), weights = ((5, 300, 25), (5, 75), (5, 25)), parameters = 38,000 (Trainable)
  (VANRA_VRL): VANRA_VRL(
    (fcLayer): Sequential(
      (0): Dropout(p=0.9, inplace=False)
      (1): Linear(in_features=500, out_features=15, bias=True)
    )
    (visProj): Parameter(500, 25)
  ), weights = ((500, 25), (15, 500), (15,)), parameters = 20,015 (Trainable)
  (VANRA_RatingPred): VANRA_RatingPred(
    (uid_userOffset): Embedding(685969, 1)
    (iid_itemOffset): Embedding(168412, 1)
    (fcLayer1): Sequential(
      (0): Linear(in_features=140, out_features=25, bias=True)
      (1): ReLU()
      (2): Dropout(p=0.9, inplace=False)
    )
    (globalOffset): Parameter(1,)
  ), weights = ((1,), (685969, 1), (168412, 1), (25, 140), (25,)), parameters = 857,907 (Trainable)
)
========================================================================================================================

[Epoch 1/5] Training Loss: 14.73390	Elapsed Time: 189.87s (0:03:09)
[Epoch 1] [Dev]  MSE: 1.42270, MAE: 0.95268
[Epoch 1] [Test] MSE: 1.45922, MAE: 0.96167

*** MODEL has obtained the best DEV MSE of 1.42270 so far!
*** The Best MODEL saved to "./__saved_models__/Electronics - VANRA/Electronics_VANRA_1234.pth"

[Epoch 2/5] Training Loss: 1.64942	Elapsed Time: 384.14s (0:06:24)
[Epoch 2] [Dev]  MSE: 1.37927, MAE: 0.93587
[Epoch 2] [Test] MSE: 1.41489, MAE: 0.94387

*** MODEL has obtained the best DEV MSE of 1.37927 so far!
*** The Best MODEL saved to "./__saved_models__/Electronics - VANRA/Electronics_VANRA_1234.pth"

[Epoch 3/5] Training Loss: 1.49817	Elapsed Time: 578.37s (0:09:38)
[Epoch 3] [Dev]  MSE: 1.36591, MAE: 0.91445
[Epoch 3] [Test] MSE: 1.40353, MAE: 0.92286

*** MODEL has obtained the best DEV MSE of 1.36591 so far!
*** The Best MODEL saved to "./__saved_models__/Electronics - VANRA/Electronics_VANRA_1234.pth"

[Epoch 4/5] Training Loss: 1.40057	Elapsed Time: 772.73s (0:12:52)
[Epoch 4] [Dev]  MSE: 1.36705, MAE: 0.90318
[Epoch 4] [Test] MSE: 1.40521, MAE: 0.91091

[Epoch 5/5] Training Loss: 1.33363	Elapsed Time: 967.15s (0:16:07)
[Epoch 5] [Dev]  MSE: 1.37519, MAE: 0.90978
[Epoch 5] [Test] MSE: 1.41362, MAE: 0.91766
*** The Last MODEL saved to "./__saved_models__/Electronics - VANRA/Electronics_VANRA_1234_5.pth"

[Training Loss]
[14.7339, 1.64942, 1.49817, 1.40057, 1.33363]

[Dev MSE]
[1.4227, 1.37927, 1.36591, 1.36705, 1.37519]
[Test MSE]
[1.45922, 1.41489, 1.40353, 1.40521, 1.41362]
[Test MAE]
[0.96167, 0.94387, 0.92286, 0.91091, 0.91766]


Best Dev MSE: 1.36591 (Obtained during Evaluation #3)
Test MSE: 1.40353, Test MAE: 0.92286

End of Program! Elapsed Time: 1,041.44s (0:17:21)
