========================================================================================================================
  ARL_lr: 0.01
  ARL_path: 
  batch_size: 128
  channels_global: 100
  channels_local: 200
  command: -d Electronics -m VANRA -e 5 -dr 0.9 -WED 300 -p 1 -v 50000 -K 5 -h1 50 -kernel_list 3 -output_size 25 -rs 1234 -gpu 0 -vb 1 -sm Electronics_VANRA
  ctx_win_size: 3
  dataset: Electronics
  disable_initial_eval: 0
  dropout_rate: 0.9
  epochs: 5
  filters_num: 100
  gpu: 0
  h1: 50
  h2: 50
  hidden_size: 500
  input_dir: ./datasets/Electronics/
  kernel_list: [3]
  L2_reg: 1e-06
  learning_rate: 0.002
  loss_function: MSELoss
  max_doc_len: 500
  max_vis_len: 500
  model: VANRA
  num_aspects: 5
  optimizer: Adam
  out_dir: ./experimental_results/Electronics - VANRA/
  output_size: 25
  pretrained_src: 1
  random_seed: 1234
  save_model: Electronics_VANRA
  use_cuda: True
  verbose: 1
  vocab_size: 50000
  word_embed_dim: 300
========================================================================================================================

[INFO] # of Users: 685,969, # of Items: 168,412

Creating model (Selected Model: VANRA)..
[args.use_cuda: True] Model is on the GPU! (args.gpu: 0, torch.cuda.current_device(): 0)
Model created! Elapsed Time: 8.14s (0.14 minute)

Loading uid_userDoc from "./datasets/Electronics/Electronics_uid_userDoc.npy"..
uid_userDoc loaded! [uid_userDoc: (685969, 500)]

Loading iid_itemDoc from "./datasets/Electronics/Electronics_iid_itemDoc.npy"..
iid_itemDoc loaded! [iid_itemDoc: (168412, 500)]

Loading pretrained word embeddings from "./datasets/Electronics/Electronics_wed300_wid_wordEmbed.npy"..
Pretrained word embeddings loaded! [wid_wEmbed: (50002, 300)]

Loading uid_userVis from "./datasets/Electronics/Electronics_uid_userVis.npy"..
uid_userVis loaded! [uid_userVis: (685969, 500)]

Loading iid_itemVis from "./datasets/Electronics/Electronics_iid_itemVis.npy"..
iid_itemVis loaded! [iid_itemVis: (168412, 500)]

Initialization Complete.. Elapsed Time: 65.49s (1.09 minutes)

Train/Dev/Test splits loaded! |TRAIN|: 800,000, |DEV|: 20,925, |TEST|: 20,954
Train/Dev/Test splits loaded! Elapsed Time: 65.74s (1.10 minutes)

Performing initial evaluation for VALIDATION set..
[Initial] [Dev]  MSE: 10.77905, MAE: 2.97405

Performing initial evaluation for TESTING set..
[Initial] [Test] MSE: 10.62435, MAE: 2.94361

Initial Evaluation Complete.. Elapsed Time: 71.68s (1.19 minutes)

Parameters with L2 Regularization (Regularization Strength: 1e-06):
VANRA_RatingPred.uid_userOffset.weight, VANRA_RatingPred.iid_itemOffset.weight

Optimizer: Adam, Loss Function: MSELoss

Model Size: 870,363,307
# of Trainable Parameters: 981,707
VANRA (
  (uid_userDoc): Embedding(685969, 500), weights = ((685969, 500),), parameters = 342,984,500
  (iid_itemDoc): Embedding(168412, 500), weights = ((168412, 500),), parameters = 84,206,000
  (wid_wEmbed): Embedding(50002, 300), weights = ((50002, 300),), parameters = 15,000,600
  (uid_userVis): Embedding(685969, 500), weights = ((685969, 500),), parameters = 342,984,500
  (iid_itemVis): Embedding(168412, 500), weights = ((168412, 500),), parameters = 84,206,000
  (MSANR_ARL): MSANR_ARL(
    (aspEmbed): ModuleList(
      (0): Embedding(5, 150)
    )
    (filterEmbed): Embedding(5, 50)
    (aspProj): Parameter(5, 300, 50)
  ), weights = ((5, 300, 50), (5, 150), (5, 50)), parameters = 76,000 (Trainable)
  (VANRA_VRL): VANRA_VRL(
    (fcLayer): Sequential(
      (0): Dropout(p=0.9, inplace=False)
      (1): Linear(in_features=500, out_features=25, bias=True)
    )
    (visProj): Parameter(500, 50)
  ), weights = ((500, 50), (25, 500), (25,)), parameters = 37,525 (Trainable)
  (VANRA_RatingPred): VANRA_RatingPred(
    (uid_userOffset): Embedding(685969, 1)
    (iid_itemOffset): Embedding(168412, 1)
    (fcLayer1): Sequential(
      (0): Linear(in_features=275, out_features=50, bias=True)
      (1): ReLU()
      (2): Dropout(p=0.9, inplace=False)
    )
    (globalOffset): Parameter(1,)
  ), weights = ((1,), (685969, 1), (168412, 1), (50, 275), (50,)), parameters = 868,182 (Trainable)
)
========================================================================================================================

[Epoch 1/5] Training Loss: 18.15632	Elapsed Time: 246.76s (0:04:06)
[Epoch 1] [Dev]  MSE: 1.42523, MAE: 0.95281
[Epoch 1] [Test] MSE: 1.46210, MAE: 0.96180

*** MODEL has obtained the best DEV MSE of 1.42523 so far!
*** The Best MODEL saved to "./__saved_models__/Electronics - VANRA/Electronics_VANRA_1234.pth"

[Epoch 2/5] Training Loss: 1.65181	Elapsed Time: 500.07s (0:08:20)
[Epoch 2] [Dev]  MSE: 1.37434, MAE: 0.92485
[Epoch 2] [Test] MSE: 1.41230, MAE: 0.93358

*** MODEL has obtained the best DEV MSE of 1.37434 so far!
*** The Best MODEL saved to "./__saved_models__/Electronics - VANRA/Electronics_VANRA_1234.pth"

[Epoch 3/5] Training Loss: 1.49963	Elapsed Time: 753.30s (0:12:33)
[Epoch 3] [Dev]  MSE: 1.36620, MAE: 0.91640
[Epoch 3] [Test] MSE: 1.40414, MAE: 0.92450

*** MODEL has obtained the best DEV MSE of 1.36620 so far!
*** The Best MODEL saved to "./__saved_models__/Electronics - VANRA/Electronics_VANRA_1234.pth"

[Epoch 4/5] Training Loss: 1.40151	Elapsed Time: 1,006.56s (0:16:46)
[Epoch 4] [Dev]  MSE: 1.36737, MAE: 0.90589
[Epoch 4] [Test] MSE: 1.40699, MAE: 0.91432

[Epoch 5/5] Training Loss: 1.33447	Elapsed Time: 1,259.82s (0:20:59)
[Epoch 5] [Dev]  MSE: 1.37460, MAE: 0.90590
[Epoch 5] [Test] MSE: 1.41362, MAE: 0.91451
*** The Last MODEL saved to "./__saved_models__/Electronics - VANRA/Electronics_VANRA_1234_5.pth"

[Training Loss]
[18.15632, 1.65181, 1.49963, 1.40151, 1.33447]

[Dev MSE]
[1.42523, 1.37434, 1.3662, 1.36737, 1.3746]
[Test MSE]
[1.4621, 1.4123, 1.40414, 1.40699, 1.41362]
[Test MAE]
[0.9618, 0.93358, 0.9245, 0.91432, 0.91451]


Best Dev MSE: 1.36620 (Obtained during Evaluation #3)
Test MSE: 1.40414, Test MAE: 0.92450

End of Program! Elapsed Time: 1,337.28s (0:22:17)
