========================================================================================================================
  ARL_lr: 0.01
  ARL_path: 
  batch_size: 128
  channels_global: 100
  channels_local: 200
  command: -d Electronics -m VANRA -e 5 -dr 0.9 -WED 300 -p 1 -v 50000 -K 5 -h1 25 -kernel_list 3 -output_size 25 -rs 1234 -gpu 0 -vb 1 -sm Electronics_VANRA
  ctx_win_size: 3
  dataset: Electronics
  disable_initial_eval: 0
  dropout_rate: 0.9
  epochs: 5
  filters_num: 100
  gpu: 0
  h1: 25
  h2: 50
  hidden_size: 500
  input_dir: ./datasets/Electronics/
  kernel_list: [3]
  L2_reg: 1e-06
  learning_rate: 0.002
  loss_function: MSELoss
  max_doc_len: 500
  max_vis_len: 500
  model: VANRA
  num_aspects: 5
  optimizer: Adam
  out_dir: ./experimental_results/Electronics - VANRA/
  output_size: 25
  pretrained_src: 1
  random_seed: 1234
  save_model: Electronics_VANRA
  use_cuda: True
  verbose: 1
  vocab_size: 50000
  word_embed_dim: 300
========================================================================================================================

[INFO] # of Users: 685,969, # of Items: 168,412

Creating model (Selected Model: VANRA)..
[args.use_cuda: True] Model is on the GPU! (args.gpu: 0, torch.cuda.current_device(): 0)
Model created! Elapsed Time: 8.10s (0.13 minute)

Loading uid_userDoc from "./datasets/Electronics/Electronics_uid_userDoc.npy"..
uid_userDoc loaded! [uid_userDoc: (685969, 500)]

Loading iid_itemDoc from "./datasets/Electronics/Electronics_iid_itemDoc.npy"..
iid_itemDoc loaded! [iid_itemDoc: (168412, 500)]

Loading pretrained word embeddings from "./datasets/Electronics/Electronics_wed300_wid_wordEmbed.npy"..
Pretrained word embeddings loaded! [wid_wEmbed: (50002, 300)]

Loading uid_userVis from "./datasets/Electronics/Electronics_uid_userVis.npy"..
uid_userVis loaded! [uid_userVis: (685969, 500)]

Loading iid_itemVis from "./datasets/Electronics/Electronics_iid_itemVis.npy"..
iid_itemVis loaded! [iid_itemVis: (168412, 500)]

Initialization Complete.. Elapsed Time: 65.64s (1.09 minutes)

Train/Dev/Test splits loaded! |TRAIN|: 800,000, |DEV|: 20,925, |TEST|: 20,954
Train/Dev/Test splits loaded! Elapsed Time: 65.88s (1.10 minutes)

Performing initial evaluation for VALIDATION set..
[Initial] [Dev]  MSE: 11.77620, MAE: 3.15219

Performing initial evaluation for TESTING set..
[Initial] [Test] MSE: 11.62581, MAE: 3.12035

Initial Evaluation Complete.. Elapsed Time: 70.40s (1.17 minutes)

Parameters with L2 Regularization (Regularization Strength: 1e-06):
VANRA_RatingPred.uid_userOffset.weight, VANRA_RatingPred.iid_itemOffset.weight

Optimizer: Adam, Loss Function: MSELoss

Model Size: 870,302,782
# of Trainable Parameters: 921,182
VANRA (
  (uid_userDoc): Embedding(685969, 500), weights = ((685969, 500),), parameters = 342,984,500
  (iid_itemDoc): Embedding(168412, 500), weights = ((168412, 500),), parameters = 84,206,000
  (wid_wEmbed): Embedding(50002, 300), weights = ((50002, 300),), parameters = 15,000,600
  (uid_userVis): Embedding(685969, 500), weights = ((685969, 500),), parameters = 342,984,500
  (iid_itemVis): Embedding(168412, 500), weights = ((168412, 500),), parameters = 84,206,000
  (MSANR_ARL): MSANR_ARL(
    (aspEmbed): ModuleList(
      (0): Embedding(5, 75)
    )
    (filterEmbed): Embedding(5, 25)
    (aspProj): Parameter(5, 300, 25)
  ), weights = ((5, 300, 25), (5, 75), (5, 25)), parameters = 38,000 (Trainable)
  (VANRA_VRL): VANRA_VRL(
    (fcLayer): Sequential(
      (0): Dropout(p=0.9, inplace=False)
      (1): Linear(in_features=500, out_features=25, bias=True)
    )
    (visProj): Parameter(500, 25)
  ), weights = ((500, 25), (25, 500), (25,)), parameters = 25,025 (Trainable)
  (VANRA_RatingPred): VANRA_RatingPred(
    (uid_userOffset): Embedding(685969, 1)
    (iid_itemOffset): Embedding(168412, 1)
    (fcLayer1): Sequential(
      (0): Linear(in_features=150, out_features=25, bias=True)
      (1): ReLU()
      (2): Dropout(p=0.9, inplace=False)
    )
    (globalOffset): Parameter(1,)
  ), weights = ((1,), (685969, 1), (168412, 1), (25, 150), (25,)), parameters = 858,157 (Trainable)
)
========================================================================================================================

[Epoch 1/5] Training Loss: 32.97980	Elapsed Time: 189.74s (0:03:09)
[Epoch 1] [Dev]  MSE: 1.42438, MAE: 0.95487
[Epoch 1] [Test] MSE: 1.46331, MAE: 0.96438

*** MODEL has obtained the best DEV MSE of 1.42438 so far!
*** The Best MODEL saved to "./__saved_models__/Electronics - VANRA/Electronics_VANRA_1234.pth"

[Epoch 2/5] Training Loss: 2.00163	Elapsed Time: 383.98s (0:06:23)
[Epoch 2] [Dev]  MSE: 1.38056, MAE: 0.93836
[Epoch 2] [Test] MSE: 1.41614, MAE: 0.94614

*** MODEL has obtained the best DEV MSE of 1.38056 so far!
*** The Best MODEL saved to "./__saved_models__/Electronics - VANRA/Electronics_VANRA_1234.pth"

[Epoch 3/5] Training Loss: 1.50057	Elapsed Time: 578.16s (0:09:38)
[Epoch 3] [Dev]  MSE: 1.36268, MAE: 0.90941
[Epoch 3] [Test] MSE: 1.40069, MAE: 0.91791

*** MODEL has obtained the best DEV MSE of 1.36268 so far!
*** The Best MODEL saved to "./__saved_models__/Electronics - VANRA/Electronics_VANRA_1234.pth"

[Epoch 4/5] Training Loss: 1.40217	Elapsed Time: 772.26s (0:12:52)
[Epoch 4] [Dev]  MSE: 1.36609, MAE: 0.90265
[Epoch 4] [Test] MSE: 1.40446, MAE: 0.91110

[Epoch 5/5] Training Loss: 1.33486	Elapsed Time: 966.53s (0:16:06)
[Epoch 5] [Dev]  MSE: 1.37509, MAE: 0.90793
[Epoch 5] [Test] MSE: 1.41170, MAE: 0.91577
*** The Last MODEL saved to "./__saved_models__/Electronics - VANRA/Electronics_VANRA_1234_5.pth"

[Training Loss]
[32.9798, 2.00163, 1.50057, 1.40217, 1.33486]

[Dev MSE]
[1.42438, 1.38056, 1.36268, 1.36609, 1.37509]
[Test MSE]
[1.46331, 1.41614, 1.40069, 1.40446, 1.4117]
[Test MAE]
[0.96438, 0.94614, 0.91791, 0.9111, 0.91577]


Best Dev MSE: 1.36268 (Obtained during Evaluation #3)
Test MSE: 1.40069, Test MAE: 0.91791

End of Program! Elapsed Time: 1,041.22s (0:17:21)
