========================================================================================================================
  ARL_lr: 0.01
  ARL_path: 
  batch_size: 128
  channels_global: 100
  channels_local: 200
  command: -d Electronics -m VANRA -e 5 -dr 0.9 -WED 300 -p 1 -v 50000 -K 5 -h1 15 -kernel_list 3 -output_size 25 -rs 1234 -gpu 0 -vb 1 -sm Electronics_VANRA
  ctx_win_size: 3
  dataset: Electronics
  disable_initial_eval: 0
  dropout_rate: 0.9
  epochs: 5
  filters_num: 100
  gpu: 0
  h1: 15
  h2: 50
  hidden_size: 500
  input_dir: ./datasets/Electronics/
  kernel_list: [3]
  L2_reg: 1e-06
  learning_rate: 0.002
  loss_function: MSELoss
  max_doc_len: 500
  max_vis_len: 500
  model: VANRA
  num_aspects: 5
  optimizer: Adam
  out_dir: ./experimental_results/Electronics - VANRA/
  output_size: 25
  pretrained_src: 1
  random_seed: 1234
  save_model: Electronics_VANRA
  use_cuda: True
  verbose: 1
  vocab_size: 50000
  word_embed_dim: 300
========================================================================================================================

[INFO] # of Users: 685,969, # of Items: 168,412

Creating model (Selected Model: VANRA)..
[args.use_cuda: True] Model is on the GPU! (args.gpu: 0, torch.cuda.current_device(): 0)
Model created! Elapsed Time: 8.12s (0.14 minute)

Loading uid_userDoc from "./datasets/Electronics/Electronics_uid_userDoc.npy"..
uid_userDoc loaded! [uid_userDoc: (685969, 500)]

Loading iid_itemDoc from "./datasets/Electronics/Electronics_iid_itemDoc.npy"..
iid_itemDoc loaded! [iid_itemDoc: (168412, 500)]

Loading pretrained word embeddings from "./datasets/Electronics/Electronics_wed300_wid_wordEmbed.npy"..
Pretrained word embeddings loaded! [wid_wEmbed: (50002, 300)]

Loading uid_userVis from "./datasets/Electronics/Electronics_uid_userVis.npy"..
uid_userVis loaded! [uid_userVis: (685969, 500)]

Loading iid_itemVis from "./datasets/Electronics/Electronics_iid_itemVis.npy"..
iid_itemVis loaded! [iid_itemVis: (168412, 500)]

Initialization Complete.. Elapsed Time: 65.24s (1.09 minutes)

Train/Dev/Test splits loaded! |TRAIN|: 800,000, |DEV|: 20,925, |TEST|: 20,954
Train/Dev/Test splits loaded! Elapsed Time: 65.50s (1.09 minutes)

Performing initial evaluation for VALIDATION set..
[Initial] [Dev]  MSE: 13.23131, MAE: 3.36434

Performing initial evaluation for TESTING set..
[Initial] [Test] MSE: 12.99518, MAE: 3.32585

Initial Evaluation Complete.. Elapsed Time: 69.63s (1.16 minutes)

Parameters with L2 Regularization (Regularization Strength: 1e-06):
VANRA_RatingPred.uid_userOffset.weight, VANRA_RatingPred.iid_itemOffset.weight

Optimizer: Adam, Loss Function: MSELoss

Model Size: 870,280,322
# of Trainable Parameters: 898,722
VANRA (
  (uid_userDoc): Embedding(685969, 500), weights = ((685969, 500),), parameters = 342,984,500
  (iid_itemDoc): Embedding(168412, 500), weights = ((168412, 500),), parameters = 84,206,000
  (wid_wEmbed): Embedding(50002, 300), weights = ((50002, 300),), parameters = 15,000,600
  (uid_userVis): Embedding(685969, 500), weights = ((685969, 500),), parameters = 342,984,500
  (iid_itemVis): Embedding(168412, 500), weights = ((168412, 500),), parameters = 84,206,000
  (MSANR_ARL): MSANR_ARL(
    (aspEmbed): ModuleList(
      (0): Embedding(5, 45)
    )
    (filterEmbed): Embedding(5, 15)
    (aspProj): Parameter(5, 300, 15)
  ), weights = ((5, 300, 15), (5, 45), (5, 15)), parameters = 22,800 (Trainable)
  (VANRA_VRL): VANRA_VRL(
    (fcLayer): Sequential(
      (0): Dropout(p=0.9, inplace=False)
      (1): Linear(in_features=500, out_features=25, bias=True)
    )
    (visProj): Parameter(500, 15)
  ), weights = ((500, 15), (25, 500), (25,)), parameters = 20,025 (Trainable)
  (VANRA_RatingPred): VANRA_RatingPred(
    (uid_userOffset): Embedding(685969, 1)
    (iid_itemOffset): Embedding(168412, 1)
    (fcLayer1): Sequential(
      (0): Linear(in_features=100, out_features=15, bias=True)
      (1): ReLU()
      (2): Dropout(p=0.9, inplace=False)
    )
    (globalOffset): Parameter(1,)
  ), weights = ((1,), (685969, 1), (168412, 1), (15, 100), (15,)), parameters = 855,897 (Trainable)
)
========================================================================================================================

[Epoch 1/5] Training Loss: 182.07765	Elapsed Time: 160.36s (0:02:40)
[Epoch 1] [Dev]  MSE: 1.43100, MAE: 0.95140
[Epoch 1] [Test] MSE: 1.46682, MAE: 0.96032

*** MODEL has obtained the best DEV MSE of 1.43100 so far!
*** The Best MODEL saved to "./__saved_models__/Electronics - VANRA/Electronics_VANRA_1234.pth"

[Epoch 2/5] Training Loss: 1.66168	Elapsed Time: 324.97s (0:05:24)
[Epoch 2] [Dev]  MSE: 1.37652, MAE: 0.92241
[Epoch 2] [Test] MSE: 1.41238, MAE: 0.93094

*** MODEL has obtained the best DEV MSE of 1.37652 so far!
*** The Best MODEL saved to "./__saved_models__/Electronics - VANRA/Electronics_VANRA_1234.pth"

[Epoch 3/5] Training Loss: 1.50666	Elapsed Time: 489.76s (0:08:09)
[Epoch 3] [Dev]  MSE: 1.36729, MAE: 0.91657
[Epoch 3] [Test] MSE: 1.40506, MAE: 0.92541

*** MODEL has obtained the best DEV MSE of 1.36729 so far!
*** The Best MODEL saved to "./__saved_models__/Electronics - VANRA/Electronics_VANRA_1234.pth"

[Epoch 4/5] Training Loss: 1.40587	Elapsed Time: 654.34s (0:10:54)
[Epoch 4] [Dev]  MSE: 1.36735, MAE: 0.90425
[Epoch 4] [Test] MSE: 1.40699, MAE: 0.91281

[Epoch 5/5] Training Loss: 1.33759	Elapsed Time: 818.80s (0:13:38)
[Epoch 5] [Dev]  MSE: 1.37440, MAE: 0.90300
[Epoch 5] [Test] MSE: 1.41254, MAE: 0.91102
*** The Last MODEL saved to "./__saved_models__/Electronics - VANRA/Electronics_VANRA_1234_5.pth"

[Training Loss]
[182.07765, 1.66168, 1.50666, 1.40587, 1.33759]

[Dev MSE]
[1.431, 1.37652, 1.36729, 1.36735, 1.3744]
[Test MSE]
[1.46682, 1.41238, 1.40506, 1.40699, 1.41254]
[Test MAE]
[0.96032, 0.93094, 0.92541, 0.91281, 0.91102]


Best Dev MSE: 1.36729 (Obtained during Evaluation #3)
Test MSE: 1.40506, Test MAE: 0.92541

End of Program! Elapsed Time: 892.35s (0:14:52)
