========================================================================================================================
  ARL_lr: 0.01
  ARL_path: 
  batch_size: 128
  channels_global: 100
  channels_local: 200
  command: -d Electronics -m VANRA -e 5 -dr 0.9 -WED 300 -p 1 -v 50000 -K 5 -h1 5 -kernel_list 3 -output_size 15 -rs 1234 -gpu 0 -vb 1 -sm Electronics_VANRA
  ctx_win_size: 3
  dataset: Electronics
  disable_initial_eval: 0
  dropout_rate: 0.9
  epochs: 5
  filters_num: 100
  gpu: 0
  h1: 5
  h2: 50
  hidden_size: 500
  input_dir: ./datasets/Electronics/
  kernel_list: [3]
  L2_reg: 1e-06
  learning_rate: 0.002
  loss_function: MSELoss
  max_doc_len: 500
  max_vis_len: 500
  model: VANRA
  num_aspects: 5
  optimizer: Adam
  out_dir: ./experimental_results/Electronics - VANRA/
  output_size: 15
  pretrained_src: 1
  random_seed: 1234
  save_model: Electronics_VANRA
  use_cuda: True
  verbose: 1
  vocab_size: 50000
  word_embed_dim: 300
========================================================================================================================

[INFO] # of Users: 685,969, # of Items: 168,412

Creating model (Selected Model: VANRA)..
[args.use_cuda: True] Model is on the GPU! (args.gpu: 0, torch.cuda.current_device(): 0)
Model created! Elapsed Time: 8.08s (0.13 minute)

Loading uid_userDoc from "./datasets/Electronics/Electronics_uid_userDoc.npy"..
uid_userDoc loaded! [uid_userDoc: (685969, 500)]

Loading iid_itemDoc from "./datasets/Electronics/Electronics_iid_itemDoc.npy"..
iid_itemDoc loaded! [iid_itemDoc: (168412, 500)]

Loading pretrained word embeddings from "./datasets/Electronics/Electronics_wed300_wid_wordEmbed.npy"..
Pretrained word embeddings loaded! [wid_wEmbed: (50002, 300)]

Loading uid_userVis from "./datasets/Electronics/Electronics_uid_userVis.npy"..
uid_userVis loaded! [uid_userVis: (685969, 500)]

Loading iid_itemVis from "./datasets/Electronics/Electronics_iid_itemVis.npy"..
iid_itemVis loaded! [iid_itemVis: (168412, 500)]

Initialization Complete.. Elapsed Time: 66.56s (1.11 minutes)

Train/Dev/Test splits loaded! |TRAIN|: 800,000, |DEV|: 20,925, |TEST|: 20,954
Train/Dev/Test splits loaded! Elapsed Time: 66.82s (1.11 minutes)

Performing initial evaluation for VALIDATION set..
[Initial] [Dev]  MSE: 15.38829, MAE: 3.67494

Performing initial evaluation for TESTING set..
[Initial] [Test] MSE: 15.29894, MAE: 3.65625

Initial Evaluation Complete.. Elapsed Time: 70.74s (1.18 minutes)

Parameters with L2 Regularization (Regularization Strength: 1e-06):
VANRA_RatingPred.uid_userOffset.weight, VANRA_RatingPred.iid_itemOffset.weight

Optimizer: Adam, Loss Function: MSELoss

Model Size: 870,253,802
# of Trainable Parameters: 872,202
VANRA (
  (uid_userDoc): Embedding(685969, 500), weights = ((685969, 500),), parameters = 342,984,500
  (iid_itemDoc): Embedding(168412, 500), weights = ((168412, 500),), parameters = 84,206,000
  (wid_wEmbed): Embedding(50002, 300), weights = ((50002, 300),), parameters = 15,000,600
  (uid_userVis): Embedding(685969, 500), weights = ((685969, 500),), parameters = 342,984,500
  (iid_itemVis): Embedding(168412, 500), weights = ((168412, 500),), parameters = 84,206,000
  (MSANR_ARL): MSANR_ARL(
    (aspEmbed): ModuleList(
      (0): Embedding(5, 15)
    )
    (filterEmbed): Embedding(5, 5)
    (aspProj): Parameter(5, 300, 5)
  ), weights = ((5, 300, 5), (5, 15), (5, 5)), parameters = 7,600 (Trainable)
  (VANRA_VRL): VANRA_VRL(
    (fcLayer): Sequential(
      (0): Dropout(p=0.9, inplace=False)
      (1): Linear(in_features=500, out_features=15, bias=True)
    )
    (visProj): Parameter(500, 5)
  ), weights = ((500, 5), (15, 500), (15,)), parameters = 10,015 (Trainable)
  (VANRA_RatingPred): VANRA_RatingPred(
    (uid_userOffset): Embedding(685969, 1)
    (iid_itemOffset): Embedding(168412, 1)
    (fcLayer1): Sequential(
      (0): Linear(in_features=40, out_features=5, bias=True)
      (1): ReLU()
      (2): Dropout(p=0.9, inplace=False)
    )
    (globalOffset): Parameter(1,)
  ), weights = ((1,), (685969, 1), (168412, 1), (5, 40), (5,)), parameters = 854,587 (Trainable)
)
========================================================================================================================

[Epoch 1/5] Training Loss: 111.65533	Elapsed Time: 143.69s (0:02:23)
[Epoch 1] [Dev]  MSE: 1.42508, MAE: 0.95019
[Epoch 1] [Test] MSE: 1.46232, MAE: 0.95876

*** MODEL has obtained the best DEV MSE of 1.42508 so far!
*** The Best MODEL saved to "./__saved_models__/Electronics - VANRA/Electronics_VANRA_1234.pth"

[Epoch 2/5] Training Loss: 1.65762	Elapsed Time: 291.39s (0:04:51)
[Epoch 2] [Dev]  MSE: 1.37747, MAE: 0.92979
[Epoch 2] [Test] MSE: 1.41263, MAE: 0.93739

*** MODEL has obtained the best DEV MSE of 1.37747 so far!
*** The Best MODEL saved to "./__saved_models__/Electronics - VANRA/Electronics_VANRA_1234.pth"

[Epoch 3/5] Training Loss: 1.50278	Elapsed Time: 438.99s (0:07:18)
[Epoch 3] [Dev]  MSE: 1.36603, MAE: 0.91505
[Epoch 3] [Test] MSE: 1.40280, MAE: 0.92314

*** MODEL has obtained the best DEV MSE of 1.36603 so far!
*** The Best MODEL saved to "./__saved_models__/Electronics - VANRA/Electronics_VANRA_1234.pth"

[Epoch 4/5] Training Loss: 1.40369	Elapsed Time: 586.62s (0:09:46)
[Epoch 4] [Dev]  MSE: 1.36754, MAE: 0.90712
[Epoch 4] [Test] MSE: 1.40625, MAE: 0.91581

[Epoch 5/5] Training Loss: 1.33601	Elapsed Time: 734.09s (0:12:14)
[Epoch 5] [Dev]  MSE: 1.37412, MAE: 0.90408
[Epoch 5] [Test] MSE: 1.41258, MAE: 0.91259
*** The Last MODEL saved to "./__saved_models__/Electronics - VANRA/Electronics_VANRA_1234_5.pth"

[Training Loss]
[111.65533, 1.65762, 1.50278, 1.40369, 1.33601]

[Dev MSE]
[1.42508, 1.37747, 1.36603, 1.36754, 1.37412]
[Test MSE]
[1.46232, 1.41263, 1.4028, 1.40625, 1.41258]
[Test MAE]
[0.95876, 0.93739, 0.92314, 0.91581, 0.91259]


Best Dev MSE: 1.36603 (Obtained during Evaluation #3)
Test MSE: 1.40280, Test MAE: 0.92314

End of Program! Elapsed Time: 808.53s (0:13:28)
