========================================================================================================================
  ARL_lr: 0.01
  ARL_path: 
  batch_size: 128
  channels_global: 100
  channels_local: 200
  command: -d Sports_and_Outdoors -m MSANR -e 10 -dr 0.9 -WED 300 -p 1 -v 50000 -K 5 -h1 50 -kernel_list 2 3 4 5 -output_size 50 -rs 1234 -gpu 0 -vb 1 -sm Sports_and_Outdoors_MSANR
  ctx_win_size: 3
  dataset: Sports_and_Outdoors
  disable_initial_eval: 0
  dropout_rate: 0.9
  epochs: 10
  filters_num: 100
  gpu: 0
  h1: 50
  h2: 50
  hidden_size: 500
  input_dir: ./datasets/Sports_and_Outdoors/
  kernel_list: [2, 3, 4, 5]
  L2_reg: 1e-06
  learning_rate: 0.002
  loss_function: MSELoss
  max_doc_len: 500
  max_vis_len: 500
  model: MSANR
  num_aspects: 5
  optimizer: Adam
  out_dir: ./experimental_results/Sports_and_Outdoors - MSANR/
  output_size: 50
  pretrained_src: 1
  random_seed: 1234
  save_model: Sports_and_Outdoors_MSANR
  use_cuda: True
  verbose: 1
  vocab_size: 50000
  word_embed_dim: 300
========================================================================================================================

[INFO] # of Users: 645,026, # of Items: 221,569

Creating model (Selected Model: MSANR)..
[args.use_cuda: True] Model is on the GPU! (args.gpu: 0, torch.cuda.current_device(): 0)
Model created! Elapsed Time: 4.77s (0.08 minute)

Loading uid_userDoc from "./datasets/Sports_and_Outdoors/Sports_and_Outdoors_uid_userDoc.npy"..
uid_userDoc loaded! [uid_userDoc: (645026, 500)]

Loading iid_itemDoc from "./datasets/Sports_and_Outdoors/Sports_and_Outdoors_iid_itemDoc.npy"..
iid_itemDoc loaded! [iid_itemDoc: (221569, 500)]

Loading pretrained word embeddings from "./datasets/Sports_and_Outdoors/Sports_and_Outdoors_wed300_wid_wordEmbed.npy"..
Pretrained word embeddings loaded! [wid_wEmbed: (50002, 300)]

Initialization Complete.. Elapsed Time: 30.94s (0.52 minute)

Train/Dev/Test splits loaded! |TRAIN|: 800,000, |DEV|: 25,665, |TEST|: 25,738
Train/Dev/Test splits loaded! Elapsed Time: 31.19s (0.52 minute)

Performing initial evaluation for VALIDATION set..
[Initial] [Dev]  MSE: 19.72920, MAE: 4.30649

Performing initial evaluation for TESTING set..
[Initial] [Test] MSE: 19.72476, MAE: 4.30694

Initial Evaluation Complete.. Elapsed Time: 53.49s (0.89 minute)

Parameters with L2 Regularization (Regularization Strength: 1e-06):
MSANR_RatingPred.uid_userOffset.weight, MSANR_RatingPred.iid_itemOffset.weight

Optimizer: Adam, Loss Function: MSELoss

Model Size: 449,243,446
# of Trainable Parameters: 945,346
MSANR (
  (uid_userDoc): Embedding(645026, 500), weights = ((645026, 500),), parameters = 322,513,000
  (iid_itemDoc): Embedding(221569, 500), weights = ((221569, 500),), parameters = 110,784,500
  (wid_wEmbed): Embedding(50002, 300), weights = ((50002, 300),), parameters = 15,000,600
  (MSANR_ARL): MSANR_ARL(
    (aspEmbed): ModuleList(
      (0): Embedding(5, 100)
      (1): Embedding(5, 150)
      (2): Embedding(5, 200)
      (3): Embedding(5, 250)
    )
    (filterEmbed): Embedding(5, 50)
    (aspProj): Parameter(5, 300, 50)
  ), weights = ((5, 300, 50), (5, 100), (5, 150), (5, 200), (5, 250), (5, 50)), parameters = 78,750 (Trainable)
  (MSANR_RatingPred): MSANR_RatingPred(
    (userAspRepDropout): Dropout(p=0.9, inplace=False)
    (itemAspRepDropout): Dropout(p=0.9, inplace=False)
    (uid_userOffset): Embedding(645026, 1)
    (iid_itemOffset): Embedding(221569, 1)
    (globalOffset): Parameter(1,)
  ), weights = ((1,), (645026, 1), (221569, 1)), parameters = 866,596 (Trainable)
)
========================================================================================================================

[Epoch 1/10] Training Loss: 2.35274	Elapsed Time: 911.00s (0:15:11)
[Epoch 1] [Dev]  MSE: 1.10954, MAE: 0.82153
[Epoch 1] [Test] MSE: 1.10343, MAE: 0.82114

*** MODEL has obtained the best DEV MSE of 1.10954 so far!
*** The Best MODEL saved to "./__saved_models__/Sports_and_Outdoors - MSANR/Sports_and_Outdoors_MSANR_1234.pth"

[Epoch 2/10] Training Loss: 1.28131	Elapsed Time: 1,844.44s (0:30:44)
[Epoch 2] [Dev]  MSE: 1.08323, MAE: 0.79039
[Epoch 2] [Test] MSE: 1.07978, MAE: 0.79046

*** MODEL has obtained the best DEV MSE of 1.08323 so far!
*** The Best MODEL saved to "./__saved_models__/Sports_and_Outdoors - MSANR/Sports_and_Outdoors_MSANR_1234.pth"

[Epoch 3/10] Training Loss: 1.16957	Elapsed Time: 2,777.77s (0:46:17)
[Epoch 3] [Dev]  MSE: 1.08217, MAE: 0.79160
[Epoch 3] [Test] MSE: 1.07928, MAE: 0.79105

*** MODEL has obtained the best DEV MSE of 1.08217 so far!
*** The Best MODEL saved to "./__saved_models__/Sports_and_Outdoors - MSANR/Sports_and_Outdoors_MSANR_1234.pth"

[Epoch 4/10] Training Loss: 1.11288	Elapsed Time: 3,711.09s (1:01:51)
[Epoch 4] [Dev]  MSE: 1.08766, MAE: 0.78226
[Epoch 4] [Test] MSE: 1.08270, MAE: 0.78067

[Epoch 5/10] Training Loss: 1.10579	Elapsed Time: 4,644.38s (1:17:24)
[Epoch 5] [Dev]  MSE: 1.09135, MAE: 0.78300
[Epoch 5] [Test] MSE: 1.08711, MAE: 0.78165

[Epoch 6/10] Training Loss: 1.13064	Elapsed Time: 5,577.78s (1:32:57)
[Epoch 6] [Dev]  MSE: 1.09723, MAE: 0.78490
[Epoch 6] [Test] MSE: 1.09370, MAE: 0.78391

[Epoch 7/10] Training Loss: 1.00508	Elapsed Time: 6,511.11s (1:48:31)
[Epoch 7] [Dev]  MSE: 1.10264, MAE: 0.78157
[Epoch 7] [Test] MSE: 1.09918, MAE: 0.78032

[Epoch 8/10] Training Loss: 1.24020	Elapsed Time: 7,444.38s (2:04:04)
[Epoch 8] [Dev]  MSE: 1.10783, MAE: 0.77887
[Epoch 8] [Test] MSE: 1.10271, MAE: 0.77709

[Epoch 9/10] Training Loss: 0.96421	Elapsed Time: 8,377.65s (2:19:37)
[Epoch 9] [Dev]  MSE: 1.11292, MAE: 0.78297
[Epoch 9] [Test] MSE: 1.10726, MAE: 0.78022

[Epoch 10/10] Training Loss: 1.05757	Elapsed Time: 9,310.88s (2:35:10)
[Epoch 10] [Dev]  MSE: 1.11708, MAE: 0.78331
[Epoch 10] [Test] MSE: 1.11178, MAE: 0.78088
*** The Last MODEL saved to "./__saved_models__/Sports_and_Outdoors - MSANR/Sports_and_Outdoors_MSANR_1234_10.pth"

[Training Loss]
[2.35274, 1.28131, 1.16957, 1.11288, 1.10579, 1.13064, 1.00508, 1.2402, 0.96421, 1.05757]

[Dev MSE]
[1.10954, 1.08323, 1.08217, 1.08766, 1.09135, 1.09723, 1.10264, 1.10783, 1.11292, 1.11708]
[Test MSE]
[1.10343, 1.07978, 1.07928, 1.0827, 1.08711, 1.0937, 1.09918, 1.10271, 1.10726, 1.11178]
[Test MAE]
[0.82114, 0.79046, 0.79105, 0.78067, 0.78165, 0.78391, 0.78032, 0.77709, 0.78022, 0.78088]


Best Dev MSE: 1.08217 (Obtained during Evaluation #3)
Test MSE: 1.07928, Test MAE: 0.79105

End of Program! Elapsed Time: 9,386.45s (2:36:26)
