========================================================================================================================
  ARL_lr: 0.01
  ARL_path: 
  batch_size: 128
  channels_global: 100
  channels_local: 200
  command: -d Sports_and_Outdoors -m MSANR -e 10 -dr 0.9 -WED 300 -p 1 -v 50000 -K 5 -h1 50 -kernel_list 2 3 4 5 6 -output_size 50 -rs 1234 -gpu 0 -vb 1 -sm Sports_and_Outdoors_MSANR
  ctx_win_size: 3
  dataset: Sports_and_Outdoors
  disable_initial_eval: 0
  dropout_rate: 0.9
  epochs: 10
  filters_num: 100
  gpu: 0
  h1: 50
  h2: 50
  hidden_size: 500
  input_dir: ./datasets/Sports_and_Outdoors/
  kernel_list: [2, 3, 4, 5, 6]
  L2_reg: 1e-06
  learning_rate: 0.002
  loss_function: MSELoss
  max_doc_len: 500
  max_vis_len: 500
  model: MSANR
  num_aspects: 5
  optimizer: Adam
  out_dir: ./experimental_results/Sports_and_Outdoors - MSANR/
  output_size: 50
  pretrained_src: 1
  random_seed: 1234
  save_model: Sports_and_Outdoors_MSANR
  use_cuda: True
  verbose: 1
  vocab_size: 50000
  word_embed_dim: 300
========================================================================================================================

[INFO] # of Users: 645,026, # of Items: 221,569

Creating model (Selected Model: MSANR)..
[args.use_cuda: True] Model is on the GPU! (args.gpu: 0, torch.cuda.current_device(): 0)
Model created! Elapsed Time: 4.74s (0.08 minute)

Loading uid_userDoc from "./datasets/Sports_and_Outdoors/Sports_and_Outdoors_uid_userDoc.npy"..
uid_userDoc loaded! [uid_userDoc: (645026, 500)]

Loading iid_itemDoc from "./datasets/Sports_and_Outdoors/Sports_and_Outdoors_iid_itemDoc.npy"..
iid_itemDoc loaded! [iid_itemDoc: (221569, 500)]

Loading pretrained word embeddings from "./datasets/Sports_and_Outdoors/Sports_and_Outdoors_wed300_wid_wordEmbed.npy"..
Pretrained word embeddings loaded! [wid_wEmbed: (50002, 300)]

Initialization Complete.. Elapsed Time: 18.12s (0.30 minute)

Train/Dev/Test splits loaded! |TRAIN|: 800,000, |DEV|: 25,665, |TEST|: 25,738
Train/Dev/Test splits loaded! Elapsed Time: 18.36s (0.31 minute)

Performing initial evaluation for VALIDATION set..
[Initial] [Dev]  MSE: 19.72920, MAE: 4.30649

Performing initial evaluation for TESTING set..
[Initial] [Test] MSE: 19.72476, MAE: 4.30694

Initial Evaluation Complete.. Elapsed Time: 46.62s (0.78 minute)

Parameters with L2 Regularization (Regularization Strength: 1e-06):
MSANR_RatingPred.uid_userOffset.weight, MSANR_RatingPred.iid_itemOffset.weight

Optimizer: Adam, Loss Function: MSELoss

Model Size: 449,244,946
# of Trainable Parameters: 946,846
MSANR (
  (uid_userDoc): Embedding(645026, 500), weights = ((645026, 500),), parameters = 322,513,000
  (iid_itemDoc): Embedding(221569, 500), weights = ((221569, 500),), parameters = 110,784,500
  (wid_wEmbed): Embedding(50002, 300), weights = ((50002, 300),), parameters = 15,000,600
  (MSANR_ARL): MSANR_ARL(
    (aspEmbed): ModuleList(
      (0): Embedding(5, 100)
      (1): Embedding(5, 150)
      (2): Embedding(5, 200)
      (3): Embedding(5, 250)
      (4): Embedding(5, 300)
    )
    (filterEmbed): Embedding(5, 50)
    (aspProj): Parameter(5, 300, 50)
  ), weights = ((5, 300, 50), (5, 100), (5, 150), (5, 200), (5, 250), (5, 300), (5, 50)), parameters = 80,250 (Trainable)
  (MSANR_RatingPred): MSANR_RatingPred(
    (userAspRepDropout): Dropout(p=0.9, inplace=False)
    (itemAspRepDropout): Dropout(p=0.9, inplace=False)
    (uid_userOffset): Embedding(645026, 1)
    (iid_itemOffset): Embedding(221569, 1)
    (globalOffset): Parameter(1,)
  ), weights = ((1,), (645026, 1), (221569, 1)), parameters = 866,596 (Trainable)
)
========================================================================================================================

[Epoch 1/10] Training Loss: 2.39119	Elapsed Time: 1,167.58s (0:19:27)
[Epoch 1] [Dev]  MSE: 1.11840, MAE: 0.83418
[Epoch 1] [Test] MSE: 1.11315, MAE: 0.83432

*** MODEL has obtained the best DEV MSE of 1.11840 so far!
*** The Best MODEL saved to "./__saved_models__/Sports_and_Outdoors - MSANR/Sports_and_Outdoors_MSANR_1234.pth"

[Epoch 2/10] Training Loss: 1.99717	Elapsed Time: 2,366.48s (0:39:26)
[Epoch 2] [Dev]  MSE: 1.09374, MAE: 0.80571
[Epoch 2] [Test] MSE: 1.08832, MAE: 0.80497

*** MODEL has obtained the best DEV MSE of 1.09374 so far!
*** The Best MODEL saved to "./__saved_models__/Sports_and_Outdoors - MSANR/Sports_and_Outdoors_MSANR_1234.pth"

[Epoch 3/10] Training Loss: 1.20357	Elapsed Time: 3,565.52s (0:59:25)
[Epoch 3] [Dev]  MSE: 1.08456, MAE: 0.78556
[Epoch 3] [Test] MSE: 1.08234, MAE: 0.78599

*** MODEL has obtained the best DEV MSE of 1.08456 so far!
*** The Best MODEL saved to "./__saved_models__/Sports_and_Outdoors - MSANR/Sports_and_Outdoors_MSANR_1234.pth"

[Epoch 4/10] Training Loss: 1.15231	Elapsed Time: 4,772.19s (1:19:32)
[Epoch 4] [Dev]  MSE: 1.08703, MAE: 0.78104
[Epoch 4] [Test] MSE: 1.08391, MAE: 0.78030
