========================================================================================================================
  ARL_lr: 0.01
  ARL_path: 
  batch_size: 128
  channels_global: 100
  channels_local: 200
  command: -d Small_Clothing -m DenseCNN -e 10 -dr 0.9 -p 1 -v 43947 -K 5 -h1 50 -h2 50 -WED 300 -filters_num 64 -hiden_size 500 -output_size 50 -rs 1234 -gpu 0 -vb 1 -sm Small_Clothing_DenseCNN
  ctx_win_size: 3
  dataset: Small_Clothing
  disable_initial_eval: 0
  dropout_rate: 0.9
  epochs: 10
  filters_num: 64
  gpu: 0
  h1: 50
  h2: 50
  hidden_size: 500
  input_dir: ./datasets/Small_Clothing/
  L2_reg: 1e-06
  learning_rate: 0.002
  loss_function: MSELoss
  max_doc_len: 500
  max_vis_len: 500
  model: DenseCNN
  num_aspects: 5
  optimizer: Adam
  out_dir: ./experimental_results/Small_Clothing - DenseCNN/
  output_size: 50
  pretrained_src: 1
  random_seed: 1234
  save_model: Small_Clothing_DenseCNN
  use_cuda: True
  verbose: 1
  vocab_size: 43947
  word_embed_dim: 300
========================================================================================================================

[INFO] # of Users: 77,930, # of Items: 59,172

Creating model (Selected Model: DenseCNN)..
[args.use_cuda: True] Model is on the GPU! (args.gpu: 0, torch.cuda.current_device(): 0)
Model created! Elapsed Time: 1.89s (0.03 minute)

Loading uid_userDoc from "./datasets/Small_Clothing/Small_Clothing_uid_userDoc.npy"..
uid_userDoc loaded! [uid_userDoc: (77930, 500)]

Loading iid_itemDoc from "./datasets/Small_Clothing/Small_Clothing_iid_itemDoc.npy"..
iid_itemDoc loaded! [iid_itemDoc: (59172, 500)]

Loading pretrained word embeddings from "./datasets/Small_Clothing/Small_Clothing_wed300_wid_wordEmbed.npy"..
Pretrained word embeddings loaded! [wid_wEmbed: (43949, 300)]

Initialization Complete.. Elapsed Time: 2.15s (0.04 minute)

Train/Dev/Test splits loaded! |TRAIN|: 80,000, |DEV|: 150, |TEST|: 166
Train/Dev/Test splits loaded! Elapsed Time: 2.17s (0.04 minute)

Performing initial evaluation for VALIDATION set..
[Initial] [Dev]  MSE: 19.06092, MAE: 4.23933

Performing initial evaluation for TESTING set..
[Initial] [Test] MSE: 19.81352, MAE: 4.33669

Initial Evaluation Complete.. Elapsed Time: 2.32s (0.04 minute)

Optimizer: Adam, Loss Function: MSELoss

Model Size: 81,889,559
# of Trainable Parameters: 153,859
DenseCNN (
  (uid_userDoc): Embedding(77930, 500), weights = ((77930, 500),), parameters = 38,965,000
  (iid_itemDoc): Embedding(59172, 500), weights = ((59172, 500),), parameters = 29,586,000
  (wid_wEmbed): Embedding(43949, 300), weights = ((43949, 300),), parameters = 13,184,700
  (doc_net): DenseNet(
    (local_attention): ModuleList(
      (0): Sequential(
        (0): Conv2d(1, 1, kernel_size=(3, 50), stride=(1, 1), padding=(1, 0))
        (1): Softmax(dim=2)
      )
      (1): Sequential(
        (0): Conv2d(1, 1, kernel_size=(5, 50), stride=(1, 1), padding=(2, 0))
        (1): Softmax(dim=2)
      )
      (2): Sequential(
        (0): Conv2d(1, 1, kernel_size=(7, 50), stride=(1, 1), padding=(3, 0))
        (1): Softmax(dim=2)
      )
      (3): Sequential(
        (0): Conv2d(1, 1, kernel_size=(9, 50), stride=(1, 1), padding=(4, 0))
        (1): Softmax(dim=2)
      )
    )
    (global_attention): Sequential(
      (0): Conv2d(1, 1, kernel_size=(500, 1), stride=(1, 1))
    )
    (scale_attention): Sequential(
      (0): Conv2d(1, 1, kernel_size=(1, 50), stride=(1, 1))
      (1): Softmax(dim=2)
    )
    (dropout): Dropout(p=0.9, inplace=False)
    (wedProj): Parameter(300, 50)
  ), weights = ((300, 50), (1, 1, 3, 50), (1,), (1, 1, 5, 50), (1,), (1, 1, 7, 50), (1,), (1, 1, 9, 50), (1,), (1, 1, 500, 1), (1,), (1, 1, 1, 50), (1,)), parameters = 16,756 (Trainable)
  (DenseCNN_RatingPred): DenseCNN_RatingPred(
    (uid_userOffset): Embedding(77930, 1)
    (iid_itemOffset): Embedding(59172, 1)
    (globalOffset): Parameter(1,)
  ), weights = ((1,), (77930, 1), (59172, 1)), parameters = 137,103 (Trainable)
)
========================================================================================================================

[Epoch 1/10] Training Loss: 3.87302	Elapsed Time: 36.50s (0:00:36)
[Epoch 1] [Dev]  MSE: 1.12799, MAE: 0.87086
[Epoch 1] [Test] MSE: 1.36768, MAE: 0.96835

*** MODEL has obtained the best DEV MSE of 1.12799 so far!
*** The Best MODEL saved to "./__saved_models__/Small_Clothing - DenseCNN/Small_Clothing_DenseCNN_1234.pth"

[Epoch 2/10] Training Loss: 2.39026	Elapsed Time: 71.93s (0:01:11)
[Epoch 2] [Dev]  MSE: 1.22261, MAE: 0.93281
[Epoch 2] [Test] MSE: 1.45125, MAE: 1.03056

[Epoch 3/10] Training Loss: 1.75693	Elapsed Time: 107.13s (0:01:47)
[Epoch 3] [Dev]  MSE: 1.09923, MAE: 0.81145
[Epoch 3] [Test] MSE: 1.32921, MAE: 0.92363

*** MODEL has obtained the best DEV MSE of 1.09923 so far!
*** The Best MODEL saved to "./__saved_models__/Small_Clothing - DenseCNN/Small_Clothing_DenseCNN_1234.pth"

[Epoch 4/10] Training Loss: 1.30031	Elapsed Time: 142.51s (0:02:22)
[Epoch 4] [Dev]  MSE: 1.10958, MAE: 0.85655
[Epoch 4] [Test] MSE: 1.35095, MAE: 0.97044

[Epoch 5/10] Training Loss: 1.02075	Elapsed Time: 178.37s (0:02:58)
[Epoch 5] [Dev]  MSE: 1.11629, MAE: 0.86574
[Epoch 5] [Test] MSE: 1.29138, MAE: 0.94922

[Epoch 6/10] Training Loss: 0.86817	Elapsed Time: 213.68s (0:03:33)
[Epoch 6] [Dev]  MSE: 1.10009, MAE: 0.79508
[Epoch 6] [Test] MSE: 1.25806, MAE: 0.86535

[Epoch 7/10] Training Loss: 0.77108	Elapsed Time: 249.35s (0:04:09)
[Epoch 7] [Dev]  MSE: 1.11794, MAE: 0.80131
[Epoch 7] [Test] MSE: 1.27683, MAE: 0.87233

[Epoch 8/10] Training Loss: 0.68974	Elapsed Time: 286.61s (0:04:46)
[Epoch 8] [Dev]  MSE: 1.16086, MAE: 0.80793
[Epoch 8] [Test] MSE: 1.33526, MAE: 0.87514

[Epoch 9/10] Training Loss: 0.62047	Elapsed Time: 323.54s (0:05:23)
[Epoch 9] [Dev]  MSE: 1.18139, MAE: 0.81430
[Epoch 9] [Test] MSE: 1.33802, MAE: 0.87393
