========================================================================================================================
  ARL_lr: 0.01
  ARL_path: 
  batch_size: 16
  channels_global: 100
  channels_local: 200
  command: -d Small_Clothing -m DenseCNN -e 15 -dr 0.5 -p 1 -bs 16 -v 43947 -K 5 -h1 50 -h2 50 -WED 300 -filters_num 10 -hiden_size 500 -output_size 50 -rs 1234 -gpu 0 -vb 1 -sm Small_Clothing
  ctx_win_size: 3
  dataset: Small_Clothing
  disable_initial_eval: 0
  dropout_rate: 0.5
  epochs: 15
  filters_num: 10
  gpu: 0
  h1: 50
  h2: 50
  hidden_size: 500
  input_dir: ./datasets/Small_Clothing/
  L2_reg: 1e-06
  learning_rate: 0.002
  loss_function: MSELoss
  max_doc_len: 500
  max_vis_len: 500
  model: DenseCNN
  num_aspects: 5
  optimizer: Adam
  out_dir: ./experimental_results/Small_Clothing - DenseCNN/
  output_size: 50
  pretrained_src: 1
  random_seed: 1234
  save_model: Small_Clothing
  use_cuda: True
  verbose: 1
  vocab_size: 43947
  word_embed_dim: 300
========================================================================================================================

[INFO] # of Users: 77,930, # of Items: 59,172

Creating model (Selected Model: DenseCNN)..
[args.use_cuda: True] Model is on the GPU! (args.gpu: 0, torch.cuda.current_device(): 0)
Model created! Elapsed Time: 1.93s (0.03 minute)

Loading uid_userDoc from "./datasets/Small_Clothing/Small_Clothing_uid_userDoc.npy"..
uid_userDoc loaded! [uid_userDoc: (77930, 500)]

Loading iid_itemDoc from "./datasets/Small_Clothing/Small_Clothing_iid_itemDoc.npy"..
iid_itemDoc loaded! [iid_itemDoc: (59172, 500)]

Loading pretrained word embeddings from "./datasets/Small_Clothing/Small_Clothing_wed300_wid_wordEmbed.npy"..
Pretrained word embeddings loaded! [wid_wEmbed: (43949, 300)]

Initialization Complete.. Elapsed Time: 2.38s (0.04 minute)

Train/Dev/Test splits loaded! |TRAIN|: 80,000, |DEV|: 150, |TEST|: 166
Train/Dev/Test splits loaded! Elapsed Time: 2.41s (0.04 minute)

Performing initial evaluation for VALIDATION set..
[Initial] [Dev]  MSE: 19.08939, MAE: 4.24268

Performing initial evaluation for TESTING set..
[Initial] [Test] MSE: 19.84252, MAE: 4.34003

Initial Evaluation Complete.. Elapsed Time: 2.61s (0.04 minute)

Optimizer: Adam, Loss Function: MSELoss

Model Size: 84,435,617
# of Trainable Parameters: 2,699,917
DenseCNN (
  (uid_userDoc): Embedding(77930, 500), weights = ((77930, 500),), parameters = 38,965,000
  (iid_itemDoc): Embedding(59172, 500), weights = ((59172, 500),), parameters = 29,586,000
  (wid_wEmbed): Embedding(43949, 300), weights = ((43949, 300),), parameters = 13,184,700
  (user_net): DenseNet(
    (dense_layer_conv0): Conv2d(1, 10, kernel_size=(1, 300), stride=(1, 1))
    (dense_layer_conv1): Sequential(
      (0): ZeroPad2d(padding=(0, 0, 0, 1), value=0.0)
      (1): Conv2d(10, 10, kernel_size=(2, 1), stride=(1, 1))
    )
    (dense_layer_conv2): Sequential(
      (0): ZeroPad2d(padding=(0, 0, 0, 1), value=0.0)
      (1): Conv2d(20, 10, kernel_size=(2, 1), stride=(1, 1))
    )
    (dense_layer_conv3): Sequential(
      (0): ZeroPad2d(padding=(0, 0, 0, 1), value=0.0)
      (1): Conv2d(30, 10, kernel_size=(2, 1), stride=(1, 1))
    )
    (dense_layer_conv4): Sequential(
      (0): ZeroPad2d(padding=(0, 0, 0, 1), value=0.0)
      (1): Conv2d(40, 10, kernel_size=(2, 1), stride=(1, 1))
    )
    (activation_layer0): Sequential(
      (0): BatchNorm2d(10, eps=1e-05, momentum=0.1, affine=True, track_running_stats=True)
      (1): ReLU()
    )
    (activation_layer1): Sequential(
      (0): BatchNorm2d(20, eps=1e-05, momentum=0.1, affine=True, track_running_stats=True)
      (1): ReLU()
    )
    (activation_layer2): Sequential(
      (0): BatchNorm2d(30, eps=1e-05, momentum=0.1, affine=True, track_running_stats=True)
      (1): ReLU()
    )
    (activation_layer3): Sequential(
      (0): BatchNorm2d(40, eps=1e-05, momentum=0.1, affine=True, track_running_stats=True)
      (1): ReLU()
    )
    (activation_layer4): Sequential(
      (0): BatchNorm2d(50, eps=1e-05, momentum=0.1, affine=True, track_running_stats=True)
      (1): ReLU()
    )
    (scale_attention): Sequential(
      (0): Conv2d(1, 1, kernel_size=(1, 500), stride=(1, 1))
      (1): Softmax(dim=2)
    )
    (word_attention): Sequential(
      (0): Conv2d(1, 1, kernel_size=(5, 1), stride=(1, 1))
      (1): Softmax(dim=3)
    )
    (dropout): Dropout(p=0.5, inplace=False)
    (fcLayer): Sequential(
      (0): Linear(in_features=2500, out_features=500, bias=True)
      (1): Dropout(p=0.5, inplace=False)
      (2): ReLU()
      (3): Linear(in_features=500, out_features=50, bias=True)
    )
  ), weights = ((10, 1, 1, 300), (10,), (10, 10, 2, 1), (10,), (10, 20, 2, 1), (10,), (10, 30, 2, 1), (10,), (10, 40, 2, 1), (10,), (10,), (10,), (20,), (20,), (30,), (30,), (40,), (40,), (50,), (50,), (1, 1, 1, 500), (1,), (1, 1, 5, 1), (1,), (500, 2500), (500,), (50, 500), (50,)), parameters = 1,281,407 (Trainable)
  (item_net): DenseNet(
    (dense_layer_conv0): Conv2d(1, 10, kernel_size=(1, 300), stride=(1, 1))
    (dense_layer_conv1): Sequential(
      (0): ZeroPad2d(padding=(0, 0, 0, 1), value=0.0)
      (1): Conv2d(10, 10, kernel_size=(2, 1), stride=(1, 1))
    )
    (dense_layer_conv2): Sequential(
      (0): ZeroPad2d(padding=(0, 0, 0, 1), value=0.0)
      (1): Conv2d(20, 10, kernel_size=(2, 1), stride=(1, 1))
    )
    (dense_layer_conv3): Sequential(
      (0): ZeroPad2d(padding=(0, 0, 0, 1), value=0.0)
      (1): Conv2d(30, 10, kernel_size=(2, 1), stride=(1, 1))
    )
    (dense_layer_conv4): Sequential(
      (0): ZeroPad2d(padding=(0, 0, 0, 1), value=0.0)
      (1): Conv2d(40, 10, kernel_size=(2, 1), stride=(1, 1))
    )
    (activation_layer0): Sequential(
      (0): BatchNorm2d(10, eps=1e-05, momentum=0.1, affine=True, track_running_stats=True)
      (1): ReLU()
    )
    (activation_layer1): Sequential(
      (0): BatchNorm2d(20, eps=1e-05, momentum=0.1, affine=True, track_running_stats=True)
      (1): ReLU()
    )
    (activation_layer2): Sequential(
      (0): BatchNorm2d(30, eps=1e-05, momentum=0.1, affine=True, track_running_stats=True)
      (1): ReLU()
    )
    (activation_layer3): Sequential(
      (0): BatchNorm2d(40, eps=1e-05, momentum=0.1, affine=True, track_running_stats=True)
      (1): ReLU()
    )
    (activation_layer4): Sequential(
      (0): BatchNorm2d(50, eps=1e-05, momentum=0.1, affine=True, track_running_stats=True)
      (1): ReLU()
    )
    (scale_attention): Sequential(
      (0): Conv2d(1, 1, kernel_size=(1, 500), stride=(1, 1))
      (1): Softmax(dim=2)
    )
    (word_attention): Sequential(
      (0): Conv2d(1, 1, kernel_size=(5, 1), stride=(1, 1))
      (1): Softmax(dim=3)
    )
    (dropout): Dropout(p=0.5, inplace=False)
    (fcLayer): Sequential(
      (0): Linear(in_features=2500, out_features=500, bias=True)
      (1): Dropout(p=0.5, inplace=False)
      (2): ReLU()
      (3): Linear(in_features=500, out_features=50, bias=True)
    )
  ), weights = ((10, 1, 1, 300), (10,), (10, 10, 2, 1), (10,), (10, 20, 2, 1), (10,), (10, 30, 2, 1), (10,), (10, 40, 2, 1), (10,), (10,), (10,), (20,), (20,), (30,), (30,), (40,), (40,), (50,), (50,), (1, 1, 1, 500), (1,), (1, 1, 5, 1), (1,), (500, 2500), (500,), (50, 500), (50,)), parameters = 1,281,407 (Trainable)
  (DenseCNN_RatingPred): DenseCNN_RatingPred(
    (uid_userOffset): Embedding(77930, 1)
    (iid_itemOffset): Embedding(59172, 1)
    (globalOffset): Parameter(1,)
  ), weights = ((1,), (77930, 1), (59172, 1)), parameters = 137,103 (Trainable)
)
========================================================================================================================
