========================================================================================================================
  ARL_lr: 0.01
  ARL_path: 
  batch_size: 128
  channels_global: 100
  channels_local: 200
  command: -d Small_Clothing -m DenseCNN -e 10 -dr 0.9 -p 1 -v 43947 -K 5 -h1 50 -h2 50 -WED 300 -filters_num 8 -hiden_size 500 -output_size 50 -rs 1234 -gpu 0 -vb 1 -sm Small_Clothing_DenseCNN
  ctx_win_size: 3
  dataset: Small_Clothing
  disable_initial_eval: 0
  dropout_rate: 0.9
  epochs: 10
  filters_num: 8
  gpu: 0
  h1: 50
  h2: 50
  hidden_size: 500
  input_dir: ./datasets/Small_Clothing/
  L2_reg: 1e-06
  learning_rate: 0.002
  loss_function: MSELoss
  max_doc_len: 500
  max_vis_len: 500
  model: DenseCNN
  num_aspects: 5
  optimizer: Adam
  out_dir: ./experimental_results/Small_Clothing - DenseCNN/
  output_size: 50
  pretrained_src: 1
  random_seed: 1234
  save_model: Small_Clothing_DenseCNN
  use_cuda: True
  verbose: 1
  vocab_size: 43947
  word_embed_dim: 300
========================================================================================================================

[INFO] # of Users: 77,930, # of Items: 59,172

Creating model (Selected Model: DenseCNN)..
[args.use_cuda: True] Model is on the GPU! (args.gpu: 0, torch.cuda.current_device(): 0)
Model created! Elapsed Time: 1.89s (0.03 minute)

Loading uid_userDoc from "./datasets/Small_Clothing/Small_Clothing_uid_userDoc.npy"..
uid_userDoc loaded! [uid_userDoc: (77930, 500)]

Loading iid_itemDoc from "./datasets/Small_Clothing/Small_Clothing_iid_itemDoc.npy"..
iid_itemDoc loaded! [iid_itemDoc: (59172, 500)]

Loading pretrained word embeddings from "./datasets/Small_Clothing/Small_Clothing_wed300_wid_wordEmbed.npy"..
Pretrained word embeddings loaded! [wid_wEmbed: (43949, 300)]

Initialization Complete.. Elapsed Time: 2.14s (0.04 minute)

Train/Dev/Test splits loaded! |TRAIN|: 80,000, |DEV|: 150, |TEST|: 166
Train/Dev/Test splits loaded! Elapsed Time: 2.16s (0.04 minute)

Performing initial evaluation for VALIDATION set..
[Initial] [Dev]  MSE: 17.44734, MAE: 4.04454

Performing initial evaluation for TESTING set..
[Initial] [Test] MSE: 18.16191, MAE: 4.14189

Initial Evaluation Complete.. Elapsed Time: 2.49s (0.04 minute)

Optimizer: Adam, Loss Function: MSELoss

Model Size: 81,894,849
# of Trainable Parameters: 159,149
DenseCNN (
  (uid_userDoc): Embedding(77930, 500), weights = ((77930, 500),), parameters = 38,965,000
  (iid_itemDoc): Embedding(59172, 500), weights = ((59172, 500),), parameters = 29,586,000
  (wid_wEmbed): Embedding(43949, 300), weights = ((43949, 300),), parameters = 13,184,700
  (user_net): DenseNet(
    (attention_layer_conv0): Sequential(
      (0): Conv2d(8, 8, kernel_size=(1, 50), stride=(1, 1), groups=8)
      (1): Softmax(dim=2)
    )
    (attention_layer_conv1): Sequential(
      (0): Conv2d(8, 8, kernel_size=(1, 50), stride=(1, 1), groups=8)
      (1): Softmax(dim=2)
    )
    (attention_layer_conv2): Sequential(
      (0): Conv2d(8, 8, kernel_size=(1, 50), stride=(1, 1), groups=8)
      (1): Softmax(dim=2)
    )
    (attention_layer_conv3): Sequential(
      (0): Conv2d(8, 8, kernel_size=(1, 50), stride=(1, 1), groups=8)
      (1): Softmax(dim=2)
    )
    (attention_layer_conv4): Sequential(
      (0): Conv2d(8, 8, kernel_size=(1, 50), stride=(1, 1), groups=8)
      (1): Softmax(dim=2)
    )
    (dense_layer_conv0): Sequential(
      (0): Conv2d(1, 8, kernel_size=(1, 1), stride=(1, 1))
      (1): BatchNorm2d(8, eps=1e-05, momentum=0.1, affine=True, track_running_stats=True)
      (2): ReLU()
    )
    (dense_layer_conv1): Sequential(
      (0): ZeroPad2d(padding=(0, 0, 0, 1), value=0.0)
      (1): Conv2d(8, 8, kernel_size=(2, 1), stride=(1, 1))
      (2): BatchNorm2d(8, eps=1e-05, momentum=0.1, affine=True, track_running_stats=True)
      (3): ReLU()
    )
    (dense_layer_conv2): Sequential(
      (0): ZeroPad2d(padding=(0, 0, 0, 1), value=0.0)
      (1): Conv2d(16, 8, kernel_size=(2, 1), stride=(1, 1))
      (2): BatchNorm2d(8, eps=1e-05, momentum=0.1, affine=True, track_running_stats=True)
      (3): ReLU()
    )
    (dense_layer_conv3): Sequential(
      (0): ZeroPad2d(padding=(0, 0, 0, 1), value=0.0)
      (1): Conv2d(16, 8, kernel_size=(2, 1), stride=(1, 1))
      (2): BatchNorm2d(8, eps=1e-05, momentum=0.1, affine=True, track_running_stats=True)
      (3): ReLU()
    )
    (dense_layer_conv4): Sequential(
      (0): ZeroPad2d(padding=(0, 0, 0, 1), value=0.0)
      (1): Conv2d(16, 8, kernel_size=(2, 1), stride=(1, 1))
      (2): BatchNorm2d(8, eps=1e-05, momentum=0.1, affine=True, track_running_stats=True)
      (3): ReLU()
    )
    (scale_attention): Sequential(
      (0): Conv2d(8, 8, kernel_size=(50, 1), stride=(1, 1), groups=8)
      (1): Softmax(dim=3)
    )
    (filter_attention): Sequential(
      (0): Conv2d(1, 1, kernel_size=(1, 50), stride=(1, 1))
      (1): Softmax(dim=2)
    )
    (dropout): Dropout(p=0.9, inplace=False)
  ), weights = ((8, 1, 1, 50), (8,), (8, 1, 1, 50), (8,), (8, 1, 1, 50), (8,), (8, 1, 1, 50), (8,), (8, 1, 1, 50), (8,), (8, 1, 1, 1), (8,), (8,), (8,), (8, 8, 2, 1), (8,), (8,), (8,), (8, 16, 2, 1), (8,), (8,), (8,), (8, 16, 2, 1), (8,), (8,), (8,), (8, 16, 2, 1), (8,), (8,), (8,), (8, 1, 50, 1), (8,), (1, 1, 1, 50), (1,)), parameters = 3,523 (Trainable)
  (item_net): DenseNet(
    (attention_layer_conv0): Sequential(
      (0): Conv2d(8, 8, kernel_size=(1, 50), stride=(1, 1), groups=8)
      (1): Softmax(dim=2)
    )
    (attention_layer_conv1): Sequential(
      (0): Conv2d(8, 8, kernel_size=(1, 50), stride=(1, 1), groups=8)
      (1): Softmax(dim=2)
    )
    (attention_layer_conv2): Sequential(
      (0): Conv2d(8, 8, kernel_size=(1, 50), stride=(1, 1), groups=8)
      (1): Softmax(dim=2)
    )
    (attention_layer_conv3): Sequential(
      (0): Conv2d(8, 8, kernel_size=(1, 50), stride=(1, 1), groups=8)
      (1): Softmax(dim=2)
    )
    (attention_layer_conv4): Sequential(
      (0): Conv2d(8, 8, kernel_size=(1, 50), stride=(1, 1), groups=8)
      (1): Softmax(dim=2)
    )
    (dense_layer_conv0): Sequential(
      (0): Conv2d(1, 8, kernel_size=(1, 1), stride=(1, 1))
      (1): BatchNorm2d(8, eps=1e-05, momentum=0.1, affine=True, track_running_stats=True)
      (2): ReLU()
    )
    (dense_layer_conv1): Sequential(
      (0): ZeroPad2d(padding=(0, 0, 0, 1), value=0.0)
      (1): Conv2d(8, 8, kernel_size=(2, 1), stride=(1, 1))
      (2): BatchNorm2d(8, eps=1e-05, momentum=0.1, affine=True, track_running_stats=True)
      (3): ReLU()
    )
    (dense_layer_conv2): Sequential(
      (0): ZeroPad2d(padding=(0, 0, 0, 1), value=0.0)
      (1): Conv2d(16, 8, kernel_size=(2, 1), stride=(1, 1))
      (2): BatchNorm2d(8, eps=1e-05, momentum=0.1, affine=True, track_running_stats=True)
      (3): ReLU()
    )
    (dense_layer_conv3): Sequential(
      (0): ZeroPad2d(padding=(0, 0, 0, 1), value=0.0)
      (1): Conv2d(16, 8, kernel_size=(2, 1), stride=(1, 1))
      (2): BatchNorm2d(8, eps=1e-05, momentum=0.1, affine=True, track_running_stats=True)
      (3): ReLU()
    )
    (dense_layer_conv4): Sequential(
      (0): ZeroPad2d(padding=(0, 0, 0, 1), value=0.0)
      (1): Conv2d(16, 8, kernel_size=(2, 1), stride=(1, 1))
      (2): BatchNorm2d(8, eps=1e-05, momentum=0.1, affine=True, track_running_stats=True)
      (3): ReLU()
    )
    (scale_attention): Sequential(
      (0): Conv2d(8, 8, kernel_size=(50, 1), stride=(1, 1), groups=8)
      (1): Softmax(dim=3)
    )
    (filter_attention): Sequential(
      (0): Conv2d(1, 1, kernel_size=(1, 50), stride=(1, 1))
      (1): Softmax(dim=2)
    )
    (dropout): Dropout(p=0.9, inplace=False)
  ), weights = ((8, 1, 1, 50), (8,), (8, 1, 1, 50), (8,), (8, 1, 1, 50), (8,), (8, 1, 1, 50), (8,), (8, 1, 1, 50), (8,), (8, 1, 1, 1), (8,), (8,), (8,), (8, 8, 2, 1), (8,), (8,), (8,), (8, 16, 2, 1), (8,), (8,), (8,), (8, 16, 2, 1), (8,), (8,), (8,), (8, 16, 2, 1), (8,), (8,), (8,), (8, 1, 50, 1), (8,), (1, 1, 1, 50), (1,)), parameters = 3,523 (Trainable)
  (DenseCNN_RatingPred): DenseCNN_RatingPred(
    (uid_userOffset): Embedding(77930, 1)
    (iid_itemOffset): Embedding(59172, 1)
    (globalOffset): Parameter(1,)
  ), weights = ((1,), (77930, 1), (59172, 1)), parameters = 137,103 (Trainable)
)
========================================================================================================================

[Epoch 1/10] Training Loss: 19523.72801	Elapsed Time: 229.46s (0:03:49)
[Epoch 1] [Dev]  MSE: 16.03752, MAE: 3.86382
[Epoch 1] [Test] MSE: 16.80778, MAE: 3.97031

*** MODEL has obtained the best DEV MSE of 16.03752 so far!
*** The Best MODEL saved to "./__saved_models__/Small_Clothing - DenseCNN/Small_Clothing_DenseCNN_1234.pth"

[Epoch 2/10] Training Loss: 13.81773	Elapsed Time: 459.65s (0:07:39)
[Epoch 2] [Dev]  MSE: 12.79980, MAE: 3.42235
[Epoch 2] [Test] MSE: 13.53920, MAE: 3.53690

*** MODEL has obtained the best DEV MSE of 12.79980 so far!
*** The Best MODEL saved to "./__saved_models__/Small_Clothing - DenseCNN/Small_Clothing_DenseCNN_1234.pth"

[Epoch 3/10] Training Loss: 23.40433	Elapsed Time: 688.97s (0:11:28)
[Epoch 3] [Dev]  MSE: 9.42926, MAE: 2.91041
[Epoch 3] [Test] MSE: 10.05258, MAE: 3.02387

*** MODEL has obtained the best DEV MSE of 9.42926 so far!
*** The Best MODEL saved to "./__saved_models__/Small_Clothing - DenseCNN/Small_Clothing_DenseCNN_1234.pth"
