========================================================================================================================
  ARL_lr: 0.01
  ARL_path: 
  batch_size: 128
  channels_global: 100
  channels_local: 200
  command: -d Small_Clothing -m DenseCNN -e 10 -dr 0.9 -p 1 -v 43947 -K 5 -h1 50 -h2 50 -WED 300 -filters_num 64 -hiden_size 500 -output_size 50 -rs 1234 -gpu 0 -vb 1 -sm Small_Clothing_DenseCNN
  ctx_win_size: 3
  dataset: Small_Clothing
  disable_initial_eval: 0
  dropout_rate: 0.9
  epochs: 10
  filters_num: 64
  gpu: 0
  h1: 50
  h2: 50
  hidden_size: 500
  input_dir: ./datasets/Small_Clothing/
  L2_reg: 1e-06
  learning_rate: 0.002
  loss_function: MSELoss
  max_doc_len: 500
  max_vis_len: 500
  model: DenseCNN
  num_aspects: 5
  optimizer: Adam
  out_dir: ./experimental_results/Small_Clothing - DenseCNN/
  output_size: 50
  pretrained_src: 1
  random_seed: 1234
  save_model: Small_Clothing_DenseCNN
  use_cuda: True
  verbose: 1
  vocab_size: 43947
  word_embed_dim: 300
========================================================================================================================

[INFO] # of Users: 77,930, # of Items: 59,172

Creating model (Selected Model: DenseCNN)..
[args.use_cuda: True] Model is on the GPU! (args.gpu: 0, torch.cuda.current_device(): 0)
Model created! Elapsed Time: 1.88s (0.03 minute)

Loading uid_userDoc from "./datasets/Small_Clothing/Small_Clothing_uid_userDoc.npy"..
uid_userDoc loaded! [uid_userDoc: (77930, 500)]

Loading iid_itemDoc from "./datasets/Small_Clothing/Small_Clothing_iid_itemDoc.npy"..
iid_itemDoc loaded! [iid_itemDoc: (59172, 500)]

Loading pretrained word embeddings from "./datasets/Small_Clothing/Small_Clothing_wed300_wid_wordEmbed.npy"..
Pretrained word embeddings loaded! [wid_wEmbed: (43949, 300)]

Initialization Complete.. Elapsed Time: 2.15s (0.04 minute)

Train/Dev/Test splits loaded! |TRAIN|: 80,000, |DEV|: 150, |TEST|: 166
Train/Dev/Test splits loaded! Elapsed Time: 2.17s (0.04 minute)

Performing initial evaluation for VALIDATION set..
[Initial] [Dev]  MSE: 19.06616, MAE: 4.23994

Performing initial evaluation for TESTING set..
[Initial] [Test] MSE: 19.81884, MAE: 4.33730

Initial Evaluation Complete.. Elapsed Time: 2.31s (0.04 minute)

Optimizer: Adam, Loss Function: MSELoss

Model Size: 81,887,954
# of Trainable Parameters: 152,254
DenseCNN (
  (uid_userDoc): Embedding(77930, 500), weights = ((77930, 500),), parameters = 38,965,000
  (iid_itemDoc): Embedding(59172, 500), weights = ((59172, 500),), parameters = 29,586,000
  (wid_wEmbed): Embedding(43949, 300), weights = ((43949, 300),), parameters = 13,184,700
  (doc_net): DenseNet(
    (local_attention): ModuleList(
      (0): Sequential(
        (0): Conv2d(1, 1, kernel_size=(3, 50), stride=(1, 1), padding=(1, 0))
        (1): Softmax(dim=2)
      )
    )
    (dropout): Dropout(p=0.9, inplace=False)
  ), weights = ((1, 1, 3, 50), (1,)), parameters = 151 (Trainable)
  (DenseCNN_RatingPred): DenseCNN_RatingPred(
    (uid_userOffset): Embedding(77930, 1)
    (iid_itemOffset): Embedding(59172, 1)
    (globalOffset): Parameter(1,)
  ), weights = ((1,), (77930, 1), (59172, 1)), parameters = 137,103 (Trainable)
)
========================================================================================================================

[Epoch 1/10] Training Loss: 11.02601	Elapsed Time: 7.47s (0:00:07)
[Epoch 1] [Dev]  MSE: 5.25998, MAE: 2.12556
[Epoch 1] [Test] MSE: 5.77430, MAE: 2.24781

*** MODEL has obtained the best DEV MSE of 5.25998 so far!
*** The Best MODEL saved to "./__saved_models__/Small_Clothing - DenseCNN/Small_Clothing_DenseCNN_1234.pth"

[Epoch 2/10] Training Loss: 5.83755	Elapsed Time: 14.89s (0:00:14)
[Epoch 2] [Dev]  MSE: 2.86109, MAE: 1.54045
[Epoch 2] [Test] MSE: 3.21364, MAE: 1.65057

*** MODEL has obtained the best DEV MSE of 2.86109 so far!
*** The Best MODEL saved to "./__saved_models__/Small_Clothing - DenseCNN/Small_Clothing_DenseCNN_1234.pth"

[Epoch 3/10] Training Loss: 3.13107	Elapsed Time: 22.26s (0:00:22)
[Epoch 3] [Dev]  MSE: 1.72028, MAE: 1.17846
[Epoch 3] [Test] MSE: 1.90812, MAE: 1.25697

*** MODEL has obtained the best DEV MSE of 1.72028 so far!
*** The Best MODEL saved to "./__saved_models__/Small_Clothing - DenseCNN/Small_Clothing_DenseCNN_1234.pth"

[Epoch 4/10] Training Loss: 1.82372	Elapsed Time: 29.63s (0:00:29)
[Epoch 4] [Dev]  MSE: 1.21544, MAE: 0.95885
[Epoch 4] [Test] MSE: 1.33987, MAE: 1.01359

*** MODEL has obtained the best DEV MSE of 1.21544 so far!
*** The Best MODEL saved to "./__saved_models__/Small_Clothing - DenseCNN/Small_Clothing_DenseCNN_1234.pth"

[Epoch 5/10] Training Loss: 1.28787	Elapsed Time: 37.01s (0:00:37)
[Epoch 5] [Dev]  MSE: 1.05378, MAE: 0.84553
[Epoch 5] [Test] MSE: 1.11885, MAE: 0.88408

*** MODEL has obtained the best DEV MSE of 1.05378 so far!
*** The Best MODEL saved to "./__saved_models__/Small_Clothing - DenseCNN/Small_Clothing_DenseCNN_1234.pth"

[Epoch 6/10] Training Loss: 1.09351	Elapsed Time: 44.42s (0:00:44)
[Epoch 6] [Dev]  MSE: 1.02407, MAE: 0.81599
[Epoch 6] [Test] MSE: 1.05840, MAE: 0.84633

*** MODEL has obtained the best DEV MSE of 1.02407 so far!
*** The Best MODEL saved to "./__saved_models__/Small_Clothing - DenseCNN/Small_Clothing_DenseCNN_1234.pth"

[Epoch 7/10] Training Loss: 0.97954	Elapsed Time: 51.85s (0:00:51)
[Epoch 7] [Dev]  MSE: 1.01706, MAE: 0.80128
[Epoch 7] [Test] MSE: 1.05697, MAE: 0.83813

*** MODEL has obtained the best DEV MSE of 1.01706 so far!
*** The Best MODEL saved to "./__saved_models__/Small_Clothing - DenseCNN/Small_Clothing_DenseCNN_1234.pth"

[Epoch 8/10] Training Loss: 0.88196	Elapsed Time: 59.25s (0:00:59)
[Epoch 8] [Dev]  MSE: 1.01713, MAE: 0.79055
[Epoch 8] [Test] MSE: 1.06748, MAE: 0.83373

[Epoch 9/10] Training Loss: 0.79187	Elapsed Time: 66.66s (0:01:06)
[Epoch 9] [Dev]  MSE: 1.02120, MAE: 0.78376
[Epoch 9] [Test] MSE: 1.07620, MAE: 0.83116

[Epoch 10/10] Training Loss: 0.70791	Elapsed Time: 74.06s (0:01:14)
[Epoch 10] [Dev]  MSE: 1.02393, MAE: 0.78027
[Epoch 10] [Test] MSE: 1.08961, MAE: 0.83332
*** The Last MODEL saved to "./__saved_models__/Small_Clothing - DenseCNN/Small_Clothing_DenseCNN_1234_10.pth"

[Training Loss]
[11.02601, 5.83755, 3.13107, 1.82372, 1.28787, 1.09351, 0.97954, 0.88196, 0.79187, 0.70791]

[Dev MSE]
[5.25998, 2.86109, 1.72028, 1.21544, 1.05378, 1.02407, 1.01706, 1.01713, 1.0212, 1.02393]
[Test MSE]
[5.7743, 3.21364, 1.90812, 1.33987, 1.11885, 1.0584, 1.05697, 1.06748, 1.0762, 1.08961]
[Test MAE]
[2.24781, 1.65057, 1.25697, 1.01359, 0.88408, 0.84633, 0.83813, 0.83373, 0.83116, 0.83332]


Best Dev MSE: 1.01706 (Obtained during Evaluation #7)
Test MSE: 1.05697, Test MAE: 0.83813

End of Program! Elapsed Time: 76.40s (0:01:16)
