========================================================================================================================
  ARL_lr: 0.01
  ARL_path: 
  batch_size: 128
  channels_global: 100
  channels_local: 200
  command: -d Small_Clothing -m DenseCNN -e 10 -dr 0.9 -p 1 -bs 128 -v 43947 -K 5 -h1 50 -h2 50 -WED 300 -filters_num 64 -hiden_size 500 -output_size 50 -rs 1234 -gpu 0 -vb 1 -sm Small_Clothing
  ctx_win_size: 3
  dataset: Small_Clothing
  disable_initial_eval: 0
  dropout_rate: 0.9
  epochs: 10
  filters_num: 64
  gpu: 0
  h1: 50
  h2: 50
  hidden_size: 500
  input_dir: ./datasets/Small_Clothing/
  L2_reg: 1e-06
  learning_rate: 0.002
  loss_function: MSELoss
  max_doc_len: 500
  max_vis_len: 500
  model: DenseCNN
  num_aspects: 5
  optimizer: Adam
  out_dir: ./experimental_results/Small_Clothing - DenseCNN/
  output_size: 50
  pretrained_src: 1
  random_seed: 1234
  save_model: Small_Clothing
  use_cuda: True
  verbose: 1
  vocab_size: 43947
  word_embed_dim: 300
========================================================================================================================

[INFO] # of Users: 77,930, # of Items: 59,172

Creating model (Selected Model: DenseCNN)..
[args.use_cuda: True] Model is on the GPU! (args.gpu: 0, torch.cuda.current_device(): 0)
Model created! Elapsed Time: 1.97s (0.03 minute)

Loading uid_userDoc from "./datasets/Small_Clothing/Small_Clothing_uid_userDoc.npy"..
uid_userDoc loaded! [uid_userDoc: (77930, 500)]

Loading iid_itemDoc from "./datasets/Small_Clothing/Small_Clothing_iid_itemDoc.npy"..
iid_itemDoc loaded! [iid_itemDoc: (59172, 500)]

Loading pretrained word embeddings from "./datasets/Small_Clothing/Small_Clothing_wed300_wid_wordEmbed.npy"..
Pretrained word embeddings loaded! [wid_wEmbed: (43949, 300)]

Initialization Complete.. Elapsed Time: 2.47s (0.04 minute)

Train/Dev/Test splits loaded! |TRAIN|: 80,000, |DEV|: 150, |TEST|: 166
Train/Dev/Test splits loaded! Elapsed Time: 2.50s (0.04 minute)

Performing initial evaluation for VALIDATION set..
[Initial] [Dev]  MSE: 19.03688, MAE: 4.23649

Performing initial evaluation for TESTING set..
[Initial] [Test] MSE: 19.78881, MAE: 4.33384

Initial Evaluation Complete.. Elapsed Time: 2.69s (0.04 minute)

Optimizer: Adam, Loss Function: MSELoss

Model Size: 84,631,637
# of Trainable Parameters: 2,895,937
DenseCNN (
  (uid_userDoc): Embedding(77930, 500), weights = ((77930, 500),), parameters = 38,965,000
  (iid_itemDoc): Embedding(59172, 500), weights = ((59172, 500),), parameters = 29,586,000
  (wid_wEmbed): Embedding(43949, 300), weights = ((43949, 300),), parameters = 13,184,700
  (user_net): DenseNet(
    (dense_layer_conv0): Conv2d(1, 64, kernel_size=(1, 300), stride=(1, 1))
    (dense_layer_conv1): Sequential(
      (0): ZeroPad2d(padding=(0, 0, 0, 1), value=0.0)
      (1): Conv2d(64, 64, kernel_size=(2, 1), stride=(1, 1))
    )
    (dense_layer_conv2): Sequential(
      (0): ZeroPad2d(padding=(0, 0, 0, 1), value=0.0)
      (1): Conv2d(128, 64, kernel_size=(2, 1), stride=(1, 1))
    )
    (dense_layer_conv3): Sequential(
      (0): ZeroPad2d(padding=(0, 0, 0, 1), value=0.0)
      (1): Conv2d(192, 64, kernel_size=(2, 1), stride=(1, 1))
    )
    (dense_layer_conv4): Sequential(
      (0): ZeroPad2d(padding=(0, 0, 0, 1), value=0.0)
      (1): Conv2d(256, 64, kernel_size=(2, 1), stride=(1, 1))
    )
    (activation_layer0): Sequential(
      (0): BatchNorm2d(64, eps=1e-05, momentum=0.1, affine=True, track_running_stats=True)
      (1): ReLU()
    )
    (activation_layer1): Sequential(
      (0): BatchNorm2d(128, eps=1e-05, momentum=0.1, affine=True, track_running_stats=True)
      (1): ReLU()
    )
    (activation_layer2): Sequential(
      (0): BatchNorm2d(192, eps=1e-05, momentum=0.1, affine=True, track_running_stats=True)
      (1): ReLU()
    )
    (activation_layer3): Sequential(
      (0): BatchNorm2d(256, eps=1e-05, momentum=0.1, affine=True, track_running_stats=True)
      (1): ReLU()
    )
    (activation_layer4): Sequential(
      (0): BatchNorm2d(320, eps=1e-05, momentum=0.1, affine=True, track_running_stats=True)
      (1): ReLU()
    )
    (scale_attention): Sequential(
      (0): Conv2d(1, 1, kernel_size=(1, 500), stride=(1, 1))
      (1): Softmax(dim=2)
    )
    (word_attention): Sequential(
      (0): Conv2d(1, 1, kernel_size=(5, 1), stride=(1, 1))
      (1): Softmax(dim=3)
    )
    (dropout): Dropout(p=0.9, inplace=False)
    (fcLayer): Sequential(
      (0): Linear(in_features=2500, out_features=500, bias=True)
      (1): Dropout(p=0.9, inplace=False)
      (2): ReLU()
      (3): Linear(in_features=500, out_features=50, bias=True)
    )
  ), weights = ((64, 1, 1, 300), (64,), (64, 64, 2, 1), (64,), (64, 128, 2, 1), (64,), (64, 192, 2, 1), (64,), (64, 256, 2, 1), (64,), (64,), (64,), (128,), (128,), (192,), (192,), (256,), (256,), (320,), (320,), (1, 1, 1, 500), (1,), (1, 1, 5, 1), (1,), (500, 2500), (500,), (50, 500), (50,)), parameters = 1,379,417 (Trainable)
  (item_net): DenseNet(
    (dense_layer_conv0): Conv2d(1, 64, kernel_size=(1, 300), stride=(1, 1))
    (dense_layer_conv1): Sequential(
      (0): ZeroPad2d(padding=(0, 0, 0, 1), value=0.0)
      (1): Conv2d(64, 64, kernel_size=(2, 1), stride=(1, 1))
    )
    (dense_layer_conv2): Sequential(
      (0): ZeroPad2d(padding=(0, 0, 0, 1), value=0.0)
      (1): Conv2d(128, 64, kernel_size=(2, 1), stride=(1, 1))
    )
    (dense_layer_conv3): Sequential(
      (0): ZeroPad2d(padding=(0, 0, 0, 1), value=0.0)
      (1): Conv2d(192, 64, kernel_size=(2, 1), stride=(1, 1))
    )
    (dense_layer_conv4): Sequential(
      (0): ZeroPad2d(padding=(0, 0, 0, 1), value=0.0)
      (1): Conv2d(256, 64, kernel_size=(2, 1), stride=(1, 1))
    )
    (activation_layer0): Sequential(
      (0): BatchNorm2d(64, eps=1e-05, momentum=0.1, affine=True, track_running_stats=True)
      (1): ReLU()
    )
    (activation_layer1): Sequential(
      (0): BatchNorm2d(128, eps=1e-05, momentum=0.1, affine=True, track_running_stats=True)
      (1): ReLU()
    )
    (activation_layer2): Sequential(
      (0): BatchNorm2d(192, eps=1e-05, momentum=0.1, affine=True, track_running_stats=True)
      (1): ReLU()
    )
    (activation_layer3): Sequential(
      (0): BatchNorm2d(256, eps=1e-05, momentum=0.1, affine=True, track_running_stats=True)
      (1): ReLU()
    )
    (activation_layer4): Sequential(
      (0): BatchNorm2d(320, eps=1e-05, momentum=0.1, affine=True, track_running_stats=True)
      (1): ReLU()
    )
    (scale_attention): Sequential(
      (0): Conv2d(1, 1, kernel_size=(1, 500), stride=(1, 1))
      (1): Softmax(dim=2)
    )
    (word_attention): Sequential(
      (0): Conv2d(1, 1, kernel_size=(5, 1), stride=(1, 1))
      (1): Softmax(dim=3)
    )
    (dropout): Dropout(p=0.9, inplace=False)
    (fcLayer): Sequential(
      (0): Linear(in_features=2500, out_features=500, bias=True)
      (1): Dropout(p=0.9, inplace=False)
      (2): ReLU()
      (3): Linear(in_features=500, out_features=50, bias=True)
    )
  ), weights = ((64, 1, 1, 300), (64,), (64, 64, 2, 1), (64,), (64, 128, 2, 1), (64,), (64, 192, 2, 1), (64,), (64, 256, 2, 1), (64,), (64,), (64,), (128,), (128,), (192,), (192,), (256,), (256,), (320,), (320,), (1, 1, 1, 500), (1,), (1, 1, 5, 1), (1,), (500, 2500), (500,), (50, 500), (50,)), parameters = 1,379,417 (Trainable)
  (DenseCNN_RatingPred): DenseCNN_RatingPred(
    (uid_userOffset): Embedding(77930, 1)
    (iid_itemOffset): Embedding(59172, 1)
    (globalOffset): Parameter(1,)
  ), weights = ((1,), (77930, 1), (59172, 1)), parameters = 137,103 (Trainable)
)
========================================================================================================================

[Epoch 1/10] Training Loss: 15480.56787	Elapsed Time: 66.83s (0:01:06)
[Epoch 1] [Dev]  MSE: 6731.86695, MAE: 18.24225
[Epoch 1] [Test] MSE: 1074.07576, MAE: 7.58310

*** MODEL has obtained the best DEV MSE of 6731.86695 so far!
*** The Best MODEL saved to "./__saved_models__/Small_Clothing - DenseCNN/Small_Clothing_1234.pth"

[Epoch 2/10] Training Loss: 628101540.55217	Elapsed Time: 133.35s (0:02:13)
[Epoch 2] [Dev]  MSE: 71.22488, MAE: 4.71748
[Epoch 2] [Test] MSE: 5743.68473, MAE: 10.33583

*** MODEL has obtained the best DEV MSE of 71.22488 so far!
*** The Best MODEL saved to "./__saved_models__/Small_Clothing - DenseCNN/Small_Clothing_1234.pth"

[Epoch 3/10] Training Loss: 3004923.12998	Elapsed Time: 199.83s (0:03:19)
[Epoch 3] [Dev]  MSE: 33.85964, MAE: 4.18296
[Epoch 3] [Test] MSE: 35923.54036, MAE: 18.54447

*** MODEL has obtained the best DEV MSE of 33.85964 so far!
*** The Best MODEL saved to "./__saved_models__/Small_Clothing - DenseCNN/Small_Clothing_1234.pth"

[Epoch 4/10] Training Loss: 142162942.33301	Elapsed Time: 266.34s (0:04:26)
[Epoch 4] [Dev]  MSE: 867373511.14884, MAE: 2620.04995
[Epoch 4] [Test] MSE: 10111.59317, MAE: 56.27683

[Epoch 5/10] Training Loss: 10174022622.99632	Elapsed Time: 332.82s (0:05:32)
[Epoch 5] [Dev]  MSE: 2539.43569, MAE: 11.63841
[Epoch 5] [Test] MSE: 874.98173, MAE: 9.44855

[Epoch 6/10] Training Loss: 470379400.33756	Elapsed Time: 399.29s (0:06:39)
[Epoch 6] [Dev]  MSE: 3355.64265, MAE: 14.73596
[Epoch 6] [Test] MSE: 397.85477, MAE: 6.82396

[Epoch 7/10] Training Loss: 91470905.90349	Elapsed Time: 465.75s (0:07:45)
[Epoch 7] [Dev]  MSE: 9501.97108, MAE: 29.35793
[Epoch 7] [Test] MSE: 8171.56340, MAE: 21.57740
