========================================================================================================================
  ARL_lr: 0.01
  ARL_path: 
  batch_size: 128
  channels_global: 100
  channels_local: 200
  command: -d Small_Clothing -m DenseCNN -e 10 -dr 0.9 -p 1 -v 43947 -K 5 -h1 50 -h2 50 -WED 300 -filters_num 8 -hiden_size 500 -output_size 50 -rs 1234 -gpu 0 -vb 1 -sm Small_Clothing_DenseCNN
  ctx_win_size: 3
  dataset: Small_Clothing
  disable_initial_eval: 0
  dropout_rate: 0.9
  epochs: 10
  filters_num: 8
  gpu: 0
  h1: 50
  h2: 50
  hidden_size: 500
  input_dir: ./datasets/Small_Clothing/
  L2_reg: 1e-06
  learning_rate: 0.002
  loss_function: MSELoss
  max_doc_len: 500
  max_vis_len: 500
  model: DenseCNN
  num_aspects: 5
  optimizer: Adam
  out_dir: ./experimental_results/Small_Clothing - DenseCNN/
  output_size: 50
  pretrained_src: 1
  random_seed: 1234
  save_model: Small_Clothing_DenseCNN
  use_cuda: True
  verbose: 1
  vocab_size: 43947
  word_embed_dim: 300
========================================================================================================================

[INFO] # of Users: 77,930, # of Items: 59,172

Creating model (Selected Model: DenseCNN)..
[args.use_cuda: True] Model is on the GPU! (args.gpu: 0, torch.cuda.current_device(): 0)
Model created! Elapsed Time: 1.90s (0.03 minute)

Loading uid_userDoc from "./datasets/Small_Clothing/Small_Clothing_uid_userDoc.npy"..
uid_userDoc loaded! [uid_userDoc: (77930, 500)]

Loading iid_itemDoc from "./datasets/Small_Clothing/Small_Clothing_iid_itemDoc.npy"..
iid_itemDoc loaded! [iid_itemDoc: (59172, 500)]

Loading pretrained word embeddings from "./datasets/Small_Clothing/Small_Clothing_wed300_wid_wordEmbed.npy"..
Pretrained word embeddings loaded! [wid_wEmbed: (43949, 300)]

Initialization Complete.. Elapsed Time: 2.16s (0.04 minute)

Train/Dev/Test splits loaded! |TRAIN|: 80,000, |DEV|: 150, |TEST|: 166
Train/Dev/Test splits loaded! Elapsed Time: 2.17s (0.04 minute)

Performing initial evaluation for VALIDATION set..
[Initial] [Dev]  MSE: 19.06616, MAE: 4.23994

Performing initial evaluation for TESTING set..
[Initial] [Test] MSE: 19.81884, MAE: 4.33730

Initial Evaluation Complete.. Elapsed Time: 2.32s (0.04 minute)

Optimizer: Adam, Loss Function: MSELoss

Model Size: 81,890,313
# of Trainable Parameters: 154,613
DenseCNN (
  (uid_userDoc): Embedding(77930, 500), weights = ((77930, 500),), parameters = 38,965,000
  (iid_itemDoc): Embedding(59172, 500), weights = ((59172, 500),), parameters = 29,586,000
  (wid_wEmbed): Embedding(43949, 300), weights = ((43949, 300),), parameters = 13,184,700
  (user_net): DenseNet(
    (attention_layers): ModuleList(
      (0): Sequential(
        (0): Conv2d(1, 1, kernel_size=(3, 50), stride=(1, 1), padding=(1, 0))
        (1): Softmax(dim=2)
      )
      (1): Sequential(
        (0): Conv2d(1, 1, kernel_size=(5, 50), stride=(1, 1), padding=(2, 0))
        (1): Softmax(dim=2)
      )
      (2): Sequential(
        (0): Conv2d(1, 1, kernel_size=(7, 50), stride=(1, 1), padding=(3, 0))
        (1): Softmax(dim=2)
      )
      (3): Sequential(
        (0): Conv2d(1, 1, kernel_size=(9, 50), stride=(1, 1), padding=(4, 0))
        (1): Softmax(dim=2)
      )
    )
    (scale_attention): Sequential(
      (0): Conv2d(1, 1, kernel_size=(1, 50), stride=(1, 1))
      (1): Softmax(dim=2)
    )
    (dropout): Dropout(p=0.9, inplace=False)
  ), weights = ((1, 1, 3, 50), (1,), (1, 1, 5, 50), (1,), (1, 1, 7, 50), (1,), (1, 1, 9, 50), (1,), (1, 1, 1, 50), (1,)), parameters = 1,255 (Trainable)
  (item_net): DenseNet(
    (attention_layers): ModuleList(
      (0): Sequential(
        (0): Conv2d(1, 1, kernel_size=(3, 50), stride=(1, 1), padding=(1, 0))
        (1): Softmax(dim=2)
      )
      (1): Sequential(
        (0): Conv2d(1, 1, kernel_size=(5, 50), stride=(1, 1), padding=(2, 0))
        (1): Softmax(dim=2)
      )
      (2): Sequential(
        (0): Conv2d(1, 1, kernel_size=(7, 50), stride=(1, 1), padding=(3, 0))
        (1): Softmax(dim=2)
      )
      (3): Sequential(
        (0): Conv2d(1, 1, kernel_size=(9, 50), stride=(1, 1), padding=(4, 0))
        (1): Softmax(dim=2)
      )
    )
    (scale_attention): Sequential(
      (0): Conv2d(1, 1, kernel_size=(1, 50), stride=(1, 1))
      (1): Softmax(dim=2)
    )
    (dropout): Dropout(p=0.9, inplace=False)
  ), weights = ((1, 1, 3, 50), (1,), (1, 1, 5, 50), (1,), (1, 1, 7, 50), (1,), (1, 1, 9, 50), (1,), (1, 1, 1, 50), (1,)), parameters = 1,255 (Trainable)
  (DenseCNN_RatingPred): DenseCNN_RatingPred(
    (uid_userOffset): Embedding(77930, 1)
    (iid_itemOffset): Embedding(59172, 1)
    (globalOffset): Parameter(1,)
  ), weights = ((1,), (77930, 1), (59172, 1)), parameters = 137,103 (Trainable)
)
========================================================================================================================

[Epoch 1/10] Training Loss: 4.42513	Elapsed Time: 26.44s (0:00:26)
[Epoch 1] [Dev]  MSE: 1.55443, MAE: 1.10211
[Epoch 1] [Test] MSE: 1.85344, MAE: 1.21809

*** MODEL has obtained the best DEV MSE of 1.55443 so far!
*** The Best MODEL saved to "./__saved_models__/Small_Clothing - DenseCNN/Small_Clothing_DenseCNN_1234.pth"

[Epoch 2/10] Training Loss: 2.74337	Elapsed Time: 53.08s (0:00:53)
[Epoch 2] [Dev]  MSE: 1.30387, MAE: 0.98116
[Epoch 2] [Test] MSE: 1.53402, MAE: 1.07683

*** MODEL has obtained the best DEV MSE of 1.30387 so far!
*** The Best MODEL saved to "./__saved_models__/Small_Clothing - DenseCNN/Small_Clothing_DenseCNN_1234.pth"

[Epoch 3/10] Training Loss: 1.91540	Elapsed Time: 79.59s (0:01:19)
[Epoch 3] [Dev]  MSE: 1.12754, MAE: 0.87085
[Epoch 3] [Test] MSE: 1.35759, MAE: 0.97414

*** MODEL has obtained the best DEV MSE of 1.12754 so far!
*** The Best MODEL saved to "./__saved_models__/Small_Clothing - DenseCNN/Small_Clothing_DenseCNN_1234.pth"

[Epoch 4/10] Training Loss: 1.37818	Elapsed Time: 106.10s (0:01:46)
[Epoch 4] [Dev]  MSE: 1.06602, MAE: 0.79704
[Epoch 4] [Test] MSE: 1.23727, MAE: 0.88719

*** MODEL has obtained the best DEV MSE of 1.06602 so far!
*** The Best MODEL saved to "./__saved_models__/Small_Clothing - DenseCNN/Small_Clothing_DenseCNN_1234.pth"

[Epoch 5/10] Training Loss: 1.07964	Elapsed Time: 132.61s (0:02:12)
[Epoch 5] [Dev]  MSE: 1.05685, MAE: 0.80751
[Epoch 5] [Test] MSE: 1.21898, MAE: 0.88887

*** MODEL has obtained the best DEV MSE of 1.05685 so far!
*** The Best MODEL saved to "./__saved_models__/Small_Clothing - DenseCNN/Small_Clothing_DenseCNN_1234.pth"

[Epoch 6/10] Training Loss: 0.88294	Elapsed Time: 159.11s (0:02:39)
[Epoch 6] [Dev]  MSE: 1.17281, MAE: 0.85433
[Epoch 6] [Test] MSE: 1.29208, MAE: 0.90117

[Epoch 7/10] Training Loss: 0.68144	Elapsed Time: 185.58s (0:03:05)
[Epoch 7] [Dev]  MSE: 1.15079, MAE: 0.81387
[Epoch 7] [Test] MSE: 1.30106, MAE: 0.86917

[Epoch 8/10] Training Loss: 0.57157	Elapsed Time: 212.10s (0:03:32)
[Epoch 8] [Dev]  MSE: 1.23042, MAE: 0.82899
[Epoch 8] [Test] MSE: 1.37662, MAE: 0.88082

[Epoch 9/10] Training Loss: 0.50309	Elapsed Time: 238.73s (0:03:58)
[Epoch 9] [Dev]  MSE: 1.19507, MAE: 0.80565
[Epoch 9] [Test] MSE: 1.34848, MAE: 0.85712

[Epoch 10/10] Training Loss: 0.44225	Elapsed Time: 265.81s (0:04:25)
[Epoch 10] [Dev]  MSE: 1.19003, MAE: 0.80653
[Epoch 10] [Test] MSE: 1.38284, MAE: 0.87878
*** The Last MODEL saved to "./__saved_models__/Small_Clothing - DenseCNN/Small_Clothing_DenseCNN_1234_10.pth"

[Training Loss]
[4.42513, 2.74337, 1.9154, 1.37818, 1.07964, 0.88294, 0.68144, 0.57157, 0.50309, 0.44225]

[Dev MSE]
[1.55443, 1.30387, 1.12754, 1.06602, 1.05685, 1.17281, 1.15079, 1.23042, 1.19507, 1.19003]
[Test MSE]
[1.85344, 1.53402, 1.35759, 1.23727, 1.21898, 1.29208, 1.30106, 1.37662, 1.34848, 1.38284]
[Test MAE]
[1.21809, 1.07683, 0.97414, 0.88719, 0.88887, 0.90117, 0.86917, 0.88082, 0.85712, 0.87878]


Best Dev MSE: 1.05685 (Obtained during Evaluation #5)
Test MSE: 1.21898, Test MAE: 0.88887

End of Program! Elapsed Time: 268.17s (0:04:28)
