========================================================================================================================
  ARL_lr: 0.01
  ARL_path: 
  batch_size: 128
  channels_global: 100
  channels_local: 200
  command: -d Small_Clothing -m DenseCNN -e 10 -dr 0.9 -p 1 -bs 128 -v 43947 -K 5 -h1 50 -h2 50 -WED 300 -filters_num 64 -hiden_size 500 -output_size 50 -rs 1234 -gpu 0 -vb 1 -sm Small_Clothing
  ctx_win_size: 3
  dataset: Small_Clothing
  disable_initial_eval: 0
  dropout_rate: 0.9
  epochs: 10
  filters_num: 64
  gpu: 0
  h1: 50
  h2: 50
  hidden_size: 500
  input_dir: ./datasets/Small_Clothing/
  L2_reg: 1e-06
  learning_rate: 0.002
  loss_function: MSELoss
  max_doc_len: 500
  max_vis_len: 500
  model: DenseCNN
  num_aspects: 5
  optimizer: Adam
  out_dir: ./experimental_results/Small_Clothing - DenseCNN/
  output_size: 50
  pretrained_src: 1
  random_seed: 1234
  save_model: Small_Clothing
  use_cuda: True
  verbose: 1
  vocab_size: 43947
  word_embed_dim: 300
========================================================================================================================

[INFO] # of Users: 77,930, # of Items: 59,172

Creating model (Selected Model: DenseCNN)..
[args.use_cuda: True] Model is on the GPU! (args.gpu: 0, torch.cuda.current_device(): 0)
Model created! Elapsed Time: 1.93s (0.03 minute)

Loading uid_userDoc from "./datasets/Small_Clothing/Small_Clothing_uid_userDoc.npy"..
uid_userDoc loaded! [uid_userDoc: (77930, 500)]

Loading iid_itemDoc from "./datasets/Small_Clothing/Small_Clothing_iid_itemDoc.npy"..
iid_itemDoc loaded! [iid_itemDoc: (59172, 500)]

Loading pretrained word embeddings from "./datasets/Small_Clothing/Small_Clothing_wed300_wid_wordEmbed.npy"..
Pretrained word embeddings loaded! [wid_wEmbed: (43949, 300)]

Initialization Complete.. Elapsed Time: 2.37s (0.04 minute)

Train/Dev/Test splits loaded! |TRAIN|: 80,000, |DEV|: 150, |TEST|: 166
Train/Dev/Test splits loaded! Elapsed Time: 2.40s (0.04 minute)

Performing initial evaluation for VALIDATION set..
[Initial] [Dev]  MSE: 19.05651, MAE: 4.23880

Performing initial evaluation for TESTING set..
[Initial] [Test] MSE: 19.80889, MAE: 4.33615

Initial Evaluation Complete.. Elapsed Time: 2.57s (0.04 minute)

Optimizer: Adam, Loss Function: MSELoss

Model Size: 84,580,437
# of Trainable Parameters: 2,844,737
DenseCNN (
  (uid_userDoc): Embedding(77930, 500), weights = ((77930, 500),), parameters = 38,965,000
  (iid_itemDoc): Embedding(59172, 500), weights = ((59172, 500),), parameters = 29,586,000
  (wid_wEmbed): Embedding(43949, 300), weights = ((43949, 300),), parameters = 13,184,700
  (user_net): DenseNet(
    (dense_layer_conv0): Conv2d(1, 64, kernel_size=(1, 300), stride=(1, 1))
    (dense_layer_conv1): Sequential(
      (0): ZeroPad2d(padding=(0, 0, 0, 1), value=0.0)
      (1): Conv2d(64, 64, kernel_size=(2, 1), stride=(1, 1))
    )
    (dense_layer_conv2): Sequential(
      (0): ZeroPad2d(padding=(0, 0, 0, 1), value=0.0)
      (1): Conv2d(128, 64, kernel_size=(2, 1), stride=(1, 1))
    )
    (dense_layer_conv3): Sequential(
      (0): ZeroPad2d(padding=(0, 0, 0, 1), value=0.0)
      (1): Conv2d(128, 64, kernel_size=(2, 1), stride=(1, 1))
    )
    (dense_layer_conv4): Sequential(
      (0): ZeroPad2d(padding=(0, 0, 0, 1), value=0.0)
      (1): Conv2d(128, 64, kernel_size=(2, 1), stride=(1, 1))
    )
    (activation_layer0): Sequential(
      (0): BatchNorm2d(64, eps=1e-05, momentum=0.1, affine=True, track_running_stats=True)
      (1): ReLU()
    )
    (activation_layer1): Sequential(
      (0): BatchNorm2d(128, eps=1e-05, momentum=0.1, affine=True, track_running_stats=True)
      (1): ReLU()
    )
    (activation_layer2): Sequential(
      (0): BatchNorm2d(128, eps=1e-05, momentum=0.1, affine=True, track_running_stats=True)
      (1): ReLU()
    )
    (activation_layer3): Sequential(
      (0): BatchNorm2d(128, eps=1e-05, momentum=0.1, affine=True, track_running_stats=True)
      (1): ReLU()
    )
    (scale_attention): Sequential(
      (0): Conv2d(1, 1, kernel_size=(1, 500), stride=(1, 1))
      (1): Softmax(dim=2)
    )
    (word_attention): Sequential(
      (0): Conv2d(1, 1, kernel_size=(5, 1), stride=(1, 1))
      (1): Softmax(dim=3)
    )
    (dropout): Dropout(p=0.9, inplace=False)
    (fcLayer): Sequential(
      (0): Linear(in_features=2500, out_features=500, bias=True)
      (1): Dropout(p=0.9, inplace=False)
      (2): ReLU()
      (3): Linear(in_features=500, out_features=50, bias=True)
    )
  ), weights = ((64, 1, 1, 300), (64,), (64, 64, 2, 1), (64,), (64, 128, 2, 1), (64,), (64, 128, 2, 1), (64,), (64, 128, 2, 1), (64,), (64,), (64,), (128,), (128,), (128,), (128,), (128,), (128,), (1, 1, 1, 500), (1,), (1, 1, 5, 1), (1,), (500, 2500), (500,), (50, 500), (50,)), parameters = 1,353,817 (Trainable)
  (item_net): DenseNet(
    (dense_layer_conv0): Conv2d(1, 64, kernel_size=(1, 300), stride=(1, 1))
    (dense_layer_conv1): Sequential(
      (0): ZeroPad2d(padding=(0, 0, 0, 1), value=0.0)
      (1): Conv2d(64, 64, kernel_size=(2, 1), stride=(1, 1))
    )
    (dense_layer_conv2): Sequential(
      (0): ZeroPad2d(padding=(0, 0, 0, 1), value=0.0)
      (1): Conv2d(128, 64, kernel_size=(2, 1), stride=(1, 1))
    )
    (dense_layer_conv3): Sequential(
      (0): ZeroPad2d(padding=(0, 0, 0, 1), value=0.0)
      (1): Conv2d(128, 64, kernel_size=(2, 1), stride=(1, 1))
    )
    (dense_layer_conv4): Sequential(
      (0): ZeroPad2d(padding=(0, 0, 0, 1), value=0.0)
      (1): Conv2d(128, 64, kernel_size=(2, 1), stride=(1, 1))
    )
    (activation_layer0): Sequential(
      (0): BatchNorm2d(64, eps=1e-05, momentum=0.1, affine=True, track_running_stats=True)
      (1): ReLU()
    )
    (activation_layer1): Sequential(
      (0): BatchNorm2d(128, eps=1e-05, momentum=0.1, affine=True, track_running_stats=True)
      (1): ReLU()
    )
    (activation_layer2): Sequential(
      (0): BatchNorm2d(128, eps=1e-05, momentum=0.1, affine=True, track_running_stats=True)
      (1): ReLU()
    )
    (activation_layer3): Sequential(
      (0): BatchNorm2d(128, eps=1e-05, momentum=0.1, affine=True, track_running_stats=True)
      (1): ReLU()
    )
    (scale_attention): Sequential(
      (0): Conv2d(1, 1, kernel_size=(1, 500), stride=(1, 1))
      (1): Softmax(dim=2)
    )
    (word_attention): Sequential(
      (0): Conv2d(1, 1, kernel_size=(5, 1), stride=(1, 1))
      (1): Softmax(dim=3)
    )
    (dropout): Dropout(p=0.9, inplace=False)
    (fcLayer): Sequential(
      (0): Linear(in_features=2500, out_features=500, bias=True)
      (1): Dropout(p=0.9, inplace=False)
      (2): ReLU()
      (3): Linear(in_features=500, out_features=50, bias=True)
    )
  ), weights = ((64, 1, 1, 300), (64,), (64, 64, 2, 1), (64,), (64, 128, 2, 1), (64,), (64, 128, 2, 1), (64,), (64, 128, 2, 1), (64,), (64,), (64,), (128,), (128,), (128,), (128,), (128,), (128,), (1, 1, 1, 500), (1,), (1, 1, 5, 1), (1,), (500, 2500), (500,), (50, 500), (50,)), parameters = 1,353,817 (Trainable)
  (DenseCNN_RatingPred): DenseCNN_RatingPred(
    (uid_userOffset): Embedding(77930, 1)
    (iid_itemOffset): Embedding(59172, 1)
    (globalOffset): Parameter(1,)
  ), weights = ((1,), (77930, 1), (59172, 1)), parameters = 137,103 (Trainable)
)
========================================================================================================================

[Epoch 1/10] Training Loss: 2.30739	Elapsed Time: 51.00s (0:00:51)
[Epoch 1] [Dev]  MSE: 1.12115, MAE: 0.87697
[Epoch 1] [Test] MSE: 1.11153, MAE: 0.87524

*** MODEL has obtained the best DEV MSE of 1.12115 so far!
*** The Best MODEL saved to "./__saved_models__/Small_Clothing - DenseCNN/Small_Clothing_1234.pth"

[Epoch 2/10] Training Loss: 1.60577	Elapsed Time: 102.15s (0:01:42)
[Epoch 2] [Dev]  MSE: 1.04868, MAE: 0.81569
[Epoch 2] [Test] MSE: 0.99842, MAE: 0.79597

*** MODEL has obtained the best DEV MSE of 1.04868 so far!
*** The Best MODEL saved to "./__saved_models__/Small_Clothing - DenseCNN/Small_Clothing_1234.pth"

[Epoch 3/10] Training Loss: 1.33164	Elapsed Time: 153.46s (0:02:33)
[Epoch 3] [Dev]  MSE: 1.04759, MAE: 0.83030
[Epoch 3] [Test] MSE: 1.03610, MAE: 0.83462

*** MODEL has obtained the best DEV MSE of 1.04759 so far!
*** The Best MODEL saved to "./__saved_models__/Small_Clothing - DenseCNN/Small_Clothing_1234.pth"

[Epoch 4/10] Training Loss: 1.17595	Elapsed Time: 204.54s (0:03:24)
[Epoch 4] [Dev]  MSE: 1.03398, MAE: 0.81645
[Epoch 4] [Test] MSE: 1.02561, MAE: 0.82438

*** MODEL has obtained the best DEV MSE of 1.03398 so far!
*** The Best MODEL saved to "./__saved_models__/Small_Clothing - DenseCNN/Small_Clothing_1234.pth"

[Epoch 5/10] Training Loss: 1.05619	Elapsed Time: 255.78s (0:04:15)
[Epoch 5] [Dev]  MSE: 1.02754, MAE: 0.80714
[Epoch 5] [Test] MSE: 1.03209, MAE: 0.82268

*** MODEL has obtained the best DEV MSE of 1.02754 so far!
*** The Best MODEL saved to "./__saved_models__/Small_Clothing - DenseCNN/Small_Clothing_1234.pth"

[Epoch 6/10] Training Loss: 0.94724	Elapsed Time: 306.90s (0:05:06)
[Epoch 6] [Dev]  MSE: 1.02866, MAE: 0.79110
[Epoch 6] [Test] MSE: 1.03060, MAE: 0.80731

[Epoch 7/10] Training Loss: 0.84772	Elapsed Time: 357.93s (0:05:57)
[Epoch 7] [Dev]  MSE: 1.03576, MAE: 0.79111
[Epoch 7] [Test] MSE: 1.05238, MAE: 0.81784

[Epoch 8/10] Training Loss: 0.75597	Elapsed Time: 408.98s (0:06:48)
[Epoch 8] [Dev]  MSE: 1.04826, MAE: 0.78050
[Epoch 8] [Test] MSE: 1.07396, MAE: 0.81313

[Epoch 9/10] Training Loss: 0.67152	Elapsed Time: 460.03s (0:07:40)
[Epoch 9] [Dev]  MSE: 1.05630, MAE: 0.77925
[Epoch 9] [Test] MSE: 1.09618, MAE: 0.82160

[Epoch 10/10] Training Loss: 0.59537	Elapsed Time: 511.07s (0:08:31)
[Epoch 10] [Dev]  MSE: 1.07743, MAE: 0.79344
[Epoch 10] [Test] MSE: 1.13819, MAE: 0.84249
*** The Last MODEL saved to "./__saved_models__/Small_Clothing - DenseCNN/Small_Clothing_1234_10.pth"

[Training Loss]
[2.30739, 1.60577, 1.33164, 1.17595, 1.05619, 0.94724, 0.84772, 0.75597, 0.67152, 0.59537]

[Dev MSE]
[1.12115, 1.04868, 1.04759, 1.03398, 1.02754, 1.02866, 1.03576, 1.04826, 1.0563, 1.07743]
[Test MSE]
[1.11153, 0.99842, 1.0361, 1.02561, 1.03209, 1.0306, 1.05238, 1.07396, 1.09618, 1.13819]
[Test MAE]
[0.87524, 0.79597, 0.83462, 0.82438, 0.82268, 0.80731, 0.81784, 0.81313, 0.8216, 0.84249]


Best Dev MSE: 1.02754 (Obtained during Evaluation #5)
Test MSE: 1.03209, Test MAE: 0.82268

End of Program! Elapsed Time: 513.75s (0:08:33)
