========================================================================================================================
  ARL_lr: 0.01
  ARL_path: 
  batch_size: 128
  channels_global: 100
  channels_local: 200
  command: -d Small_Clothing -m DenseCNN -e 10 -dr 0.9 -p 1 -v 43947 -K 5 -h1 50 -h2 50 -WED 300 -filters_num 64 -hiden_size 500 -output_size 50 -rs 1234 -gpu 0 -vb 1 -sm Small_Clothing_DenseCNN
  ctx_win_size: 3
  dataset: Small_Clothing
  disable_initial_eval: 0
  dropout_rate: 0.9
  epochs: 10
  filters_num: 64
  gpu: 0
  h1: 50
  h2: 50
  hidden_size: 500
  input_dir: ./datasets/Small_Clothing/
  L2_reg: 1e-06
  learning_rate: 0.002
  loss_function: MSELoss
  max_doc_len: 500
  max_vis_len: 500
  model: DenseCNN
  num_aspects: 5
  optimizer: Adam
  out_dir: ./experimental_results/Small_Clothing - DenseCNN/
  output_size: 50
  pretrained_src: 1
  random_seed: 1234
  save_model: Small_Clothing_DenseCNN
  use_cuda: True
  verbose: 1
  vocab_size: 43947
  word_embed_dim: 300
========================================================================================================================

[INFO] # of Users: 77,930, # of Items: 59,172

Creating model (Selected Model: DenseCNN)..
[args.use_cuda: True] Model is on the GPU! (args.gpu: 0, torch.cuda.current_device(): 0)
Model created! Elapsed Time: 1.89s (0.03 minute)

Loading uid_userDoc from "./datasets/Small_Clothing/Small_Clothing_uid_userDoc.npy"..
uid_userDoc loaded! [uid_userDoc: (77930, 500)]

Loading iid_itemDoc from "./datasets/Small_Clothing/Small_Clothing_iid_itemDoc.npy"..
iid_itemDoc loaded! [iid_itemDoc: (59172, 500)]

Loading pretrained word embeddings from "./datasets/Small_Clothing/Small_Clothing_wed300_wid_wordEmbed.npy"..
Pretrained word embeddings loaded! [wid_wEmbed: (43949, 300)]

Initialization Complete.. Elapsed Time: 2.15s (0.04 minute)

Train/Dev/Test splits loaded! |TRAIN|: 80,000, |DEV|: 150, |TEST|: 166
Train/Dev/Test splits loaded! Elapsed Time: 2.17s (0.04 minute)

Performing initial evaluation for VALIDATION set..
[Initial] [Dev]  MSE: 19.06616, MAE: 4.23994

Performing initial evaluation for TESTING set..
[Initial] [Test] MSE: 19.81884, MAE: 4.33730

Initial Evaluation Complete.. Elapsed Time: 2.31s (0.04 minute)

Optimizer: Adam, Loss Function: MSELoss

Model Size: 81,888,506
# of Trainable Parameters: 152,806
DenseCNN (
  (uid_userDoc): Embedding(77930, 500), weights = ((77930, 500),), parameters = 38,965,000
  (iid_itemDoc): Embedding(59172, 500), weights = ((59172, 500),), parameters = 29,586,000
  (wid_wEmbed): Embedding(43949, 300), weights = ((43949, 300),), parameters = 13,184,700
  (doc_net): DenseNet(
    (local_attention): ModuleList(
      (0): Sequential(
        (0): Conv2d(1, 1, kernel_size=(3, 50), stride=(1, 1), padding=(1, 0))
        (1): Softmax(dim=2)
      )
    )
    (global_attention): Sequential(
      (0): Conv2d(1, 1, kernel_size=(500, 1), stride=(1, 1))
    )
    (scale_attention): Sequential(
      (0): Conv2d(1, 1, kernel_size=(1, 50), stride=(1, 1))
      (1): Softmax(dim=2)
    )
    (dropout): Dropout(p=0.9, inplace=False)
  ), weights = ((1, 1, 3, 50), (1,), (1, 1, 500, 1), (1,), (1, 1, 1, 50), (1,)), parameters = 703 (Trainable)
  (DenseCNN_RatingPred): DenseCNN_RatingPred(
    (uid_userOffset): Embedding(77930, 1)
    (iid_itemOffset): Embedding(59172, 1)
    (globalOffset): Parameter(1,)
  ), weights = ((1,), (77930, 1), (59172, 1)), parameters = 137,103 (Trainable)
)
========================================================================================================================

[Epoch 1/10] Training Loss: 11.01175	Elapsed Time: 7.64s (0:00:07)
[Epoch 1] [Dev]  MSE: 5.68819, MAE: 2.21295
[Epoch 1] [Test] MSE: 6.14901, MAE: 2.32570

*** MODEL has obtained the best DEV MSE of 5.68819 so far!
*** The Best MODEL saved to "./__saved_models__/Small_Clothing - DenseCNN/Small_Clothing_DenseCNN_1234.pth"

[Epoch 2/10] Training Loss: 5.82279	Elapsed Time: 15.14s (0:00:15)
[Epoch 2] [Dev]  MSE: 2.81482, MAE: 1.52750
[Epoch 2] [Test] MSE: 3.11429, MAE: 1.62278

*** MODEL has obtained the best DEV MSE of 2.81482 so far!
*** The Best MODEL saved to "./__saved_models__/Small_Clothing - DenseCNN/Small_Clothing_DenseCNN_1234.pth"

[Epoch 3/10] Training Loss: 3.14462	Elapsed Time: 22.69s (0:00:22)
[Epoch 3] [Dev]  MSE: 1.72540, MAE: 1.18317
[Epoch 3] [Test] MSE: 1.92453, MAE: 1.26504

*** MODEL has obtained the best DEV MSE of 1.72540 so far!
*** The Best MODEL saved to "./__saved_models__/Small_Clothing - DenseCNN/Small_Clothing_DenseCNN_1234.pth"

[Epoch 4/10] Training Loss: 1.82709	Elapsed Time: 30.25s (0:00:30)
[Epoch 4] [Dev]  MSE: 1.22694, MAE: 0.95954
[Epoch 4] [Test] MSE: 1.32254, MAE: 1.00748

*** MODEL has obtained the best DEV MSE of 1.22694 so far!
*** The Best MODEL saved to "./__saved_models__/Small_Clothing - DenseCNN/Small_Clothing_DenseCNN_1234.pth"

[Epoch 5/10] Training Loss: 1.29266	Elapsed Time: 37.80s (0:00:37)
[Epoch 5] [Dev]  MSE: 1.07101, MAE: 0.85305
[Epoch 5] [Test] MSE: 1.11146, MAE: 0.88187

*** MODEL has obtained the best DEV MSE of 1.07101 so far!
*** The Best MODEL saved to "./__saved_models__/Small_Clothing - DenseCNN/Small_Clothing_DenseCNN_1234.pth"

[Epoch 6/10] Training Loss: 1.08974	Elapsed Time: 45.53s (0:00:45)
[Epoch 6] [Dev]  MSE: 1.02973, MAE: 0.81488
[Epoch 6] [Test] MSE: 1.04713, MAE: 0.83851

*** MODEL has obtained the best DEV MSE of 1.02973 so far!
*** The Best MODEL saved to "./__saved_models__/Small_Clothing - DenseCNN/Small_Clothing_DenseCNN_1234.pth"

[Epoch 7/10] Training Loss: 0.97929	Elapsed Time: 53.21s (0:00:53)
[Epoch 7] [Dev]  MSE: 1.01985, MAE: 0.80007
[Epoch 7] [Test] MSE: 1.04183, MAE: 0.82857

*** MODEL has obtained the best DEV MSE of 1.01985 so far!
*** The Best MODEL saved to "./__saved_models__/Small_Clothing - DenseCNN/Small_Clothing_DenseCNN_1234.pth"

[Epoch 8/10] Training Loss: 0.88186	Elapsed Time: 60.85s (0:01:00)
[Epoch 8] [Dev]  MSE: 1.01988, MAE: 0.79094
[Epoch 8] [Test] MSE: 1.05624, MAE: 0.82765

[Epoch 9/10] Training Loss: 0.79249	Elapsed Time: 68.50s (0:01:08)
[Epoch 9] [Dev]  MSE: 1.01997, MAE: 0.78080
[Epoch 9] [Test] MSE: 1.06299, MAE: 0.82441

[Epoch 10/10] Training Loss: 0.70825	Elapsed Time: 76.18s (0:01:16)
[Epoch 10] [Dev]  MSE: 1.03114, MAE: 0.78189
[Epoch 10] [Test] MSE: 1.08080, MAE: 0.82839
*** The Last MODEL saved to "./__saved_models__/Small_Clothing - DenseCNN/Small_Clothing_DenseCNN_1234_10.pth"

[Training Loss]
[11.01175, 5.82279, 3.14462, 1.82709, 1.29266, 1.08974, 0.97929, 0.88186, 0.79249, 0.70825]

[Dev MSE]
[5.68819, 2.81482, 1.7254, 1.22694, 1.07101, 1.02973, 1.01985, 1.01988, 1.01997, 1.03114]
[Test MSE]
[6.14901, 3.11429, 1.92453, 1.32254, 1.11146, 1.04713, 1.04183, 1.05624, 1.06299, 1.0808]
[Test MAE]
[2.3257, 1.62278, 1.26504, 1.00748, 0.88187, 0.83851, 0.82857, 0.82765, 0.82441, 0.82839]


Best Dev MSE: 1.01985 (Obtained during Evaluation #7)
Test MSE: 1.04183, Test MAE: 0.82857

End of Program! Elapsed Time: 78.50s (0:01:18)
