========================================================================================================================
  ARL_lr: 0.01
  ARL_path: 
  batch_size: 128
  channels_global: 100
  channels_local: 200
  command: -d Small_Clothing -m DenseCNN -e 10 -dr 0.9 -p 1 -v 43947 -K 5 -h1 50 -h2 50 -WED 300 -filters_num 8 -hiden_size 500 -output_size 50 -rs 1234 -gpu 0 -vb 1 -sm Small_Clothing_DenseCNN
  ctx_win_size: 3
  dataset: Small_Clothing
  disable_initial_eval: 0
  dropout_rate: 0.9
  epochs: 10
  filters_num: 8
  gpu: 0
  h1: 50
  h2: 50
  hidden_size: 500
  input_dir: ./datasets/Small_Clothing/
  L2_reg: 1e-06
  learning_rate: 0.002
  loss_function: MSELoss
  max_doc_len: 500
  max_vis_len: 500
  model: DenseCNN
  num_aspects: 5
  optimizer: Adam
  out_dir: ./experimental_results/Small_Clothing - DenseCNN/
  output_size: 50
  pretrained_src: 1
  random_seed: 1234
  save_model: Small_Clothing_DenseCNN
  use_cuda: True
  verbose: 1
  vocab_size: 43947
  word_embed_dim: 300
========================================================================================================================

[INFO] # of Users: 77,930, # of Items: 59,172

Creating model (Selected Model: DenseCNN)..
[args.use_cuda: True] Model is on the GPU! (args.gpu: 0, torch.cuda.current_device(): 0)
Model created! Elapsed Time: 1.90s (0.03 minute)

Loading uid_userDoc from "./datasets/Small_Clothing/Small_Clothing_uid_userDoc.npy"..
uid_userDoc loaded! [uid_userDoc: (77930, 500)]

Loading iid_itemDoc from "./datasets/Small_Clothing/Small_Clothing_iid_itemDoc.npy"..
iid_itemDoc loaded! [iid_itemDoc: (59172, 500)]

Loading pretrained word embeddings from "./datasets/Small_Clothing/Small_Clothing_wed300_wid_wordEmbed.npy"..
Pretrained word embeddings loaded! [wid_wEmbed: (43949, 300)]

Initialization Complete.. Elapsed Time: 2.16s (0.04 minute)

Train/Dev/Test splits loaded! |TRAIN|: 80,000, |DEV|: 150, |TEST|: 166
Train/Dev/Test splits loaded! Elapsed Time: 2.18s (0.04 minute)

Performing initial evaluation for VALIDATION set..
[Initial] [Dev]  MSE: 19.06634, MAE: 4.23996

Performing initial evaluation for TESTING set..
[Initial] [Test] MSE: 19.81900, MAE: 4.33732

Initial Evaluation Complete.. Elapsed Time: 2.33s (0.04 minute)

Optimizer: Adam, Loss Function: MSELoss

Model Size: 81,891,315
# of Trainable Parameters: 155,615
DenseCNN (
  (uid_userDoc): Embedding(77930, 500), weights = ((77930, 500),), parameters = 38,965,000
  (iid_itemDoc): Embedding(59172, 500), weights = ((59172, 500),), parameters = 29,586,000
  (wid_wEmbed): Embedding(43949, 300), weights = ((43949, 300),), parameters = 13,184,700
  (user_net): DenseNet(
    (local_attention): ModuleList(
      (0): Sequential(
        (0): Conv2d(1, 1, kernel_size=(3, 50), stride=(1, 1), padding=(1, 0))
        (1): Softmax(dim=2)
      )
      (1): Sequential(
        (0): Conv2d(1, 1, kernel_size=(5, 50), stride=(1, 1), padding=(2, 0))
        (1): Softmax(dim=2)
      )
      (2): Sequential(
        (0): Conv2d(1, 1, kernel_size=(7, 50), stride=(1, 1), padding=(3, 0))
        (1): Softmax(dim=2)
      )
      (3): Sequential(
        (0): Conv2d(1, 1, kernel_size=(9, 50), stride=(1, 1), padding=(4, 0))
        (1): Softmax(dim=2)
      )
    )
    (global_attention): Sequential(
      (0): Conv2d(1, 1, kernel_size=(500, 1), stride=(1, 1))
      (1): ReLU()
    )
    (scale_attention): Sequential(
      (0): Conv2d(1, 1, kernel_size=(1, 50), stride=(1, 1))
      (1): Softmax(dim=2)
    )
    (dropout): Dropout(p=0.9, inplace=False)
  ), weights = ((1, 1, 3, 50), (1,), (1, 1, 5, 50), (1,), (1, 1, 7, 50), (1,), (1, 1, 9, 50), (1,), (1, 1, 500, 1), (1,), (1, 1, 1, 50), (1,)), parameters = 1,756 (Trainable)
  (item_net): DenseNet(
    (local_attention): ModuleList(
      (0): Sequential(
        (0): Conv2d(1, 1, kernel_size=(3, 50), stride=(1, 1), padding=(1, 0))
        (1): Softmax(dim=2)
      )
      (1): Sequential(
        (0): Conv2d(1, 1, kernel_size=(5, 50), stride=(1, 1), padding=(2, 0))
        (1): Softmax(dim=2)
      )
      (2): Sequential(
        (0): Conv2d(1, 1, kernel_size=(7, 50), stride=(1, 1), padding=(3, 0))
        (1): Softmax(dim=2)
      )
      (3): Sequential(
        (0): Conv2d(1, 1, kernel_size=(9, 50), stride=(1, 1), padding=(4, 0))
        (1): Softmax(dim=2)
      )
    )
    (global_attention): Sequential(
      (0): Conv2d(1, 1, kernel_size=(500, 1), stride=(1, 1))
      (1): ReLU()
    )
    (scale_attention): Sequential(
      (0): Conv2d(1, 1, kernel_size=(1, 50), stride=(1, 1))
      (1): Softmax(dim=2)
    )
    (dropout): Dropout(p=0.9, inplace=False)
  ), weights = ((1, 1, 3, 50), (1,), (1, 1, 5, 50), (1,), (1, 1, 7, 50), (1,), (1, 1, 9, 50), (1,), (1, 1, 500, 1), (1,), (1, 1, 1, 50), (1,)), parameters = 1,756 (Trainable)
  (DenseCNN_RatingPred): DenseCNN_RatingPred(
    (uid_userOffset): Embedding(77930, 1)
    (iid_itemOffset): Embedding(59172, 1)
    (globalOffset): Parameter(1,)
  ), weights = ((1,), (77930, 1), (59172, 1)), parameters = 137,103 (Trainable)
)
========================================================================================================================

[Epoch 1/10] Training Loss: 4.23505	Elapsed Time: 35.88s (0:00:35)
[Epoch 1] [Dev]  MSE: 1.24619, MAE: 0.93717
[Epoch 1] [Test] MSE: 1.48505, MAE: 1.04008

*** MODEL has obtained the best DEV MSE of 1.24619 so far!
*** The Best MODEL saved to "./__saved_models__/Small_Clothing - DenseCNN/Small_Clothing_DenseCNN_1234.pth"

[Epoch 2/10] Training Loss: 2.54647	Elapsed Time: 71.70s (0:01:11)
[Epoch 2] [Dev]  MSE: 1.15186, MAE: 0.85749
[Epoch 2] [Test] MSE: 1.37708, MAE: 0.93954

*** MODEL has obtained the best DEV MSE of 1.15186 so far!
*** The Best MODEL saved to "./__saved_models__/Small_Clothing - DenseCNN/Small_Clothing_DenseCNN_1234.pth"

[Epoch 3/10] Training Loss: 1.81728	Elapsed Time: 107.46s (0:01:47)
[Epoch 3] [Dev]  MSE: 1.19841, MAE: 0.84260
[Epoch 3] [Test] MSE: 1.45251, MAE: 0.93037

[Epoch 4/10] Training Loss: 1.29830	Elapsed Time: 143.70s (0:02:23)
[Epoch 4] [Dev]  MSE: 1.19960, MAE: 0.83140
[Epoch 4] [Test] MSE: 1.40878, MAE: 0.90767

[Epoch 5/10] Training Loss: 1.01634	Elapsed Time: 179.48s (0:02:59)
[Epoch 5] [Dev]  MSE: 1.15365, MAE: 0.80678
[Epoch 5] [Test] MSE: 1.35502, MAE: 0.88010

[Epoch 6/10] Training Loss: 0.86899	Elapsed Time: 215.33s (0:03:35)
[Epoch 6] [Dev]  MSE: 1.16329, MAE: 0.80355
[Epoch 6] [Test] MSE: 1.31688, MAE: 0.85285

[Epoch 7/10] Training Loss: 0.77635	Elapsed Time: 252.71s (0:04:12)
[Epoch 7] [Dev]  MSE: 1.15552, MAE: 0.80577
[Epoch 7] [Test] MSE: 1.31741, MAE: 0.85562

[Epoch 8/10] Training Loss: 0.66002	Elapsed Time: 288.79s (0:04:48)
[Epoch 8] [Dev]  MSE: 1.16008, MAE: 0.79368
[Epoch 8] [Test] MSE: 1.38960, MAE: 0.86134

[Epoch 9/10] Training Loss: 0.53458	Elapsed Time: 325.25s (0:05:25)
[Epoch 9] [Dev]  MSE: 1.24596, MAE: 0.81127
[Epoch 9] [Test] MSE: 1.48624, MAE: 0.89778

[Epoch 10/10] Training Loss: 0.45241	Elapsed Time: 362.25s (0:06:02)
[Epoch 10] [Dev]  MSE: 1.25416, MAE: 0.81052
[Epoch 10] [Test] MSE: 1.55465, MAE: 0.90098
*** The Last MODEL saved to "./__saved_models__/Small_Clothing - DenseCNN/Small_Clothing_DenseCNN_1234_10.pth"

[Training Loss]
[4.23505, 2.54647, 1.81728, 1.2983, 1.01634, 0.86899, 0.77635, 0.66002, 0.53458, 0.45241]

[Dev MSE]
[1.24619, 1.15186, 1.19841, 1.1996, 1.15365, 1.16329, 1.15552, 1.16008, 1.24596, 1.25416]
[Test MSE]
[1.48505, 1.37708, 1.45251, 1.40878, 1.35502, 1.31688, 1.31741, 1.3896, 1.48624, 1.55465]
[Test MAE]
[1.04008, 0.93954, 0.93037, 0.90767, 0.8801, 0.85285, 0.85562, 0.86134, 0.89778, 0.90098]


Best Dev MSE: 1.15186 (Obtained during Evaluation #2)
Test MSE: 1.37708, Test MAE: 0.93954

End of Program! Elapsed Time: 364.62s (0:06:04)
