========================================================================================================================
  ARL_lr: 0.01
  ARL_path: 
  batch_size: 128
  channels_global: 100
  channels_local: 200
  command: -d Small_Clothing -m DenseCNN -e 10 -dr 0.9 -p 1 -v 43947 -K 5 -h1 50 -h2 50 -WED 300 -filters_num 1 -hiden_size 500 -output_size 50 -rs 1234 -gpu 0 -vb 1 -sm Small_Clothing_DenseCNN
  ctx_win_size: 3
  dataset: Small_Clothing
  disable_initial_eval: 0
  dropout_rate: 0.9
  epochs: 10
  filters_num: 1
  gpu: 0
  h1: 50
  h2: 50
  hidden_size: 500
  input_dir: ./datasets/Small_Clothing/
  L2_reg: 1e-06
  learning_rate: 0.002
  loss_function: MSELoss
  max_doc_len: 500
  max_vis_len: 500
  model: DenseCNN
  num_aspects: 5
  optimizer: Adam
  out_dir: ./experimental_results/Small_Clothing - DenseCNN/
  output_size: 50
  pretrained_src: 1
  random_seed: 1234
  save_model: Small_Clothing_DenseCNN
  use_cuda: True
  verbose: 1
  vocab_size: 43947
  word_embed_dim: 300
========================================================================================================================

[INFO] # of Users: 77,930, # of Items: 59,172

Creating model (Selected Model: DenseCNN)..
[args.use_cuda: True] Model is on the GPU! (args.gpu: 0, torch.cuda.current_device(): 0)
Model created! Elapsed Time: 1.92s (0.03 minute)

Loading uid_userDoc from "./datasets/Small_Clothing/Small_Clothing_uid_userDoc.npy"..
uid_userDoc loaded! [uid_userDoc: (77930, 500)]

Loading iid_itemDoc from "./datasets/Small_Clothing/Small_Clothing_iid_itemDoc.npy"..
iid_itemDoc loaded! [iid_itemDoc: (59172, 500)]

Loading pretrained word embeddings from "./datasets/Small_Clothing/Small_Clothing_wed300_wid_wordEmbed.npy"..
Pretrained word embeddings loaded! [wid_wEmbed: (43949, 300)]

Initialization Complete.. Elapsed Time: 2.18s (0.04 minute)

Train/Dev/Test splits loaded! |TRAIN|: 80,000, |DEV|: 150, |TEST|: 166
Train/Dev/Test splits loaded! Elapsed Time: 2.20s (0.04 minute)

Performing initial evaluation for VALIDATION set..
[Initial] [Dev]  MSE: 17.45790, MAE: 4.04584

Performing initial evaluation for TESTING set..
[Initial] [Test] MSE: 18.17280, MAE: 4.14320

Initial Evaluation Complete.. Elapsed Time: 2.38s (0.04 minute)

Optimizer: Adam, Loss Function: MSELoss

Model Size: 81,888,190
# of Trainable Parameters: 152,490
DenseCNN (
  (uid_userDoc): Embedding(77930, 500), weights = ((77930, 500),), parameters = 38,965,000
  (iid_itemDoc): Embedding(59172, 500), weights = ((59172, 500),), parameters = 29,586,000
  (wid_wEmbed): Embedding(43949, 300), weights = ((43949, 300),), parameters = 13,184,700
  (doc_net): DenseNet(
    (attention_layer_conv0): Sequential(
      (0): Conv2d(1, 1, kernel_size=(1, 50), stride=(1, 1))
      (1): Softmax(dim=2)
    )
    (attention_layer_conv1): Sequential(
      (0): Conv2d(1, 1, kernel_size=(1, 50), stride=(1, 1))
      (1): Softmax(dim=2)
    )
    (attention_layer_conv2): Sequential(
      (0): Conv2d(1, 1, kernel_size=(1, 50), stride=(1, 1))
      (1): Softmax(dim=2)
    )
    (attention_layer_conv3): Sequential(
      (0): Conv2d(1, 1, kernel_size=(1, 50), stride=(1, 1))
      (1): Softmax(dim=2)
    )
    (attention_layer_conv4): Sequential(
      (0): Conv2d(1, 1, kernel_size=(1, 50), stride=(1, 1))
      (1): Softmax(dim=2)
    )
    (dense_layer_conv0): Sequential(
      (0): Conv2d(1, 1, kernel_size=(1, 1), stride=(1, 1))
      (1): BatchNorm2d(1, eps=1e-05, momentum=0.1, affine=True, track_running_stats=True)
      (2): ReLU()
    )
    (dense_layer_conv1): Sequential(
      (0): ZeroPad2d(padding=(0, 0, 0, 1), value=0.0)
      (1): Conv2d(1, 1, kernel_size=(2, 1), stride=(1, 1))
      (2): BatchNorm2d(1, eps=1e-05, momentum=0.1, affine=True, track_running_stats=True)
      (3): ReLU()
    )
    (dense_layer_conv2): Sequential(
      (0): ZeroPad2d(padding=(0, 0, 0, 1), value=0.0)
      (1): Conv2d(2, 1, kernel_size=(2, 1), stride=(1, 1))
      (2): BatchNorm2d(1, eps=1e-05, momentum=0.1, affine=True, track_running_stats=True)
      (3): ReLU()
    )
    (dense_layer_conv3): Sequential(
      (0): ZeroPad2d(padding=(0, 0, 0, 1), value=0.0)
      (1): Conv2d(2, 1, kernel_size=(2, 1), stride=(1, 1))
      (2): BatchNorm2d(1, eps=1e-05, momentum=0.1, affine=True, track_running_stats=True)
      (3): ReLU()
    )
    (dense_layer_conv4): Sequential(
      (0): ZeroPad2d(padding=(0, 0, 0, 1), value=0.0)
      (1): Conv2d(2, 1, kernel_size=(2, 1), stride=(1, 1))
      (2): BatchNorm2d(1, eps=1e-05, momentum=0.1, affine=True, track_running_stats=True)
      (3): ReLU()
    )
    (scale_attention): Sequential(
      (0): Conv2d(1, 1, kernel_size=(50, 1), stride=(1, 1))
      (1): Softmax(dim=3)
    )
    (filter_attention): Sequential(
      (0): Conv2d(1, 1, kernel_size=(1, 50), stride=(1, 1))
      (1): Softmax(dim=2)
    )
    (dropout): Dropout(p=0.9, inplace=False)
  ), weights = ((1, 1, 1, 50), (1,), (1, 1, 1, 50), (1,), (1, 1, 1, 50), (1,), (1, 1, 1, 50), (1,), (1, 1, 1, 50), (1,), (1, 1, 1, 1), (1,), (1,), (1,), (1, 1, 2, 1), (1,), (1,), (1,), (1, 2, 2, 1), (1,), (1,), (1,), (1, 2, 2, 1), (1,), (1,), (1,), (1, 2, 2, 1), (1,), (1,), (1,), (1, 1, 50, 1), (1,), (1, 1, 1, 50), (1,)), parameters = 387 (Trainable)
  (DenseCNN_RatingPred): DenseCNN_RatingPred(
    (uid_userOffset): Embedding(77930, 1)
    (iid_itemOffset): Embedding(59172, 1)
    (globalOffset): Parameter(1,)
  ), weights = ((1,), (77930, 1), (59172, 1)), parameters = 137,103 (Trainable)
)
========================================================================================================================

[Epoch 1/10] Training Loss: 282.88695	Elapsed Time: 87.56s (0:01:27)
[Epoch 1] [Dev]  MSE: 11.08055, MAE: 3.16543
[Epoch 1] [Test] MSE: 11.62908, MAE: 3.26307

*** MODEL has obtained the best DEV MSE of 11.08055 so far!
*** The Best MODEL saved to "./__saved_models__/Small_Clothing - DenseCNN/Small_Clothing_DenseCNN_1234.pth"

[Epoch 2/10] Training Loss: 8.39946	Elapsed Time: 176.19s (0:02:56)
[Epoch 2] [Dev]  MSE: 5.33812, MAE: 2.14748
[Epoch 2] [Test] MSE: 5.66313, MAE: 2.24228

*** MODEL has obtained the best DEV MSE of 5.33812 so far!
*** The Best MODEL saved to "./__saved_models__/Small_Clothing - DenseCNN/Small_Clothing_DenseCNN_1234.pth"

[Epoch 3/10] Training Loss: 5.38714	Elapsed Time: 265.02s (0:04:25)
[Epoch 3] [Dev]  MSE: 2.55398, MAE: 1.44756
[Epoch 3] [Test] MSE: 2.75179, MAE: 1.52352

*** MODEL has obtained the best DEV MSE of 2.55398 so far!
*** The Best MODEL saved to "./__saved_models__/Small_Clothing - DenseCNN/Small_Clothing_DenseCNN_1234.pth"

[Epoch 4/10] Training Loss: 2.47405	Elapsed Time: 354.32s (0:05:54)
[Epoch 4] [Dev]  MSE: 1.46387, MAE: 1.08968
[Epoch 4] [Test] MSE: 1.56943, MAE: 1.13573

*** MODEL has obtained the best DEV MSE of 1.46387 so far!
*** The Best MODEL saved to "./__saved_models__/Small_Clothing - DenseCNN/Small_Clothing_DenseCNN_1234.pth"

[Epoch 5/10] Training Loss: 1.48049	Elapsed Time: 442.21s (0:07:22)
[Epoch 5] [Dev]  MSE: 1.11756, MAE: 0.89245
[Epoch 5] [Test] MSE: 1.17069, MAE: 0.92092

*** MODEL has obtained the best DEV MSE of 1.11756 so far!
*** The Best MODEL saved to "./__saved_models__/Small_Clothing - DenseCNN/Small_Clothing_DenseCNN_1234.pth"

[Epoch 6/10] Training Loss: 1.30812	Elapsed Time: 529.84s (0:08:49)
[Epoch 6] [Dev]  MSE: 1.04761, MAE: 0.84187
[Epoch 6] [Test] MSE: 1.08517, MAE: 0.86521

*** MODEL has obtained the best DEV MSE of 1.04761 so far!
*** The Best MODEL saved to "./__saved_models__/Small_Clothing - DenseCNN/Small_Clothing_DenseCNN_1234.pth"

[Epoch 7/10] Training Loss: 1.29306	Elapsed Time: 617.96s (0:10:17)
[Epoch 7] [Dev]  MSE: 1.06451, MAE: 0.81217
[Epoch 7] [Test] MSE: 1.11967, MAE: 0.83078

[Epoch 8/10] Training Loss: 1.20788	Elapsed Time: 708.86s (0:11:48)
[Epoch 8] [Dev]  MSE: 1.02617, MAE: 0.81258
[Epoch 8] [Test] MSE: 1.06100, MAE: 0.83769

*** MODEL has obtained the best DEV MSE of 1.02617 so far!
*** The Best MODEL saved to "./__saved_models__/Small_Clothing - DenseCNN/Small_Clothing_DenseCNN_1234.pth"

[Epoch 9/10] Training Loss: 0.92762	Elapsed Time: 796.79s (0:13:16)
[Epoch 9] [Dev]  MSE: 1.02290, MAE: 0.80283
[Epoch 9] [Test] MSE: 1.07031, MAE: 0.83485

*** MODEL has obtained the best DEV MSE of 1.02290 so far!
*** The Best MODEL saved to "./__saved_models__/Small_Clothing - DenseCNN/Small_Clothing_DenseCNN_1234.pth"

[Epoch 10/10] Training Loss: 0.81673	Elapsed Time: 884.83s (0:14:44)
[Epoch 10] [Dev]  MSE: 1.02866, MAE: 0.79313
[Epoch 10] [Test] MSE: 1.08060, MAE: 0.82965
*** The Last MODEL saved to "./__saved_models__/Small_Clothing - DenseCNN/Small_Clothing_DenseCNN_1234_10.pth"

[Training Loss]
[282.88695, 8.39946, 5.38714, 2.47405, 1.48049, 1.30812, 1.29306, 1.20788, 0.92762, 0.81673]

[Dev MSE]
[11.08055, 5.33812, 2.55398, 1.46387, 1.11756, 1.04761, 1.06451, 1.02617, 1.0229, 1.02866]
[Test MSE]
[11.62908, 5.66313, 2.75179, 1.56943, 1.17069, 1.08517, 1.11967, 1.061, 1.07031, 1.0806]
[Test MAE]
[3.26307, 2.24228, 1.52352, 1.13573, 0.92092, 0.86521, 0.83078, 0.83769, 0.83485, 0.82965]


Best Dev MSE: 1.02290 (Obtained during Evaluation #9)
Test MSE: 1.07031, Test MAE: 0.83485

End of Program! Elapsed Time: 887.28s (0:14:47)
