========================================================================================================================
  ARL_lr: 0.01
  ARL_path: 
  batch_size: 128
  channels_global: 100
  channels_local: 200
  command: -d Small_Clothing -m DenseCNN -e 10 -dr 0.5 -p 1 -v 43947 -K 5 -h1 50 -h2 50 -WED 300 -filters_num 64 -hiden_size 500 -output_size 50 -rs 1234 -gpu 0 -vb 1 -sm Small_Clothing_DenseCNN
  ctx_win_size: 3
  dataset: Small_Clothing
  disable_initial_eval: 0
  dropout_rate: 0.5
  epochs: 10
  filters_num: 64
  gpu: 0
  h1: 50
  h2: 50
  hidden_size: 500
  input_dir: ./datasets/Small_Clothing/
  L2_reg: 1e-06
  learning_rate: 0.002
  loss_function: MSELoss
  max_doc_len: 500
  max_vis_len: 500
  model: DenseCNN
  num_aspects: 5
  optimizer: Adam
  out_dir: ./experimental_results/Small_Clothing - DenseCNN/
  output_size: 50
  pretrained_src: 1
  random_seed: 1234
  save_model: Small_Clothing_DenseCNN
  use_cuda: True
  verbose: 1
  vocab_size: 43947
  word_embed_dim: 300
========================================================================================================================

[INFO] # of Users: 77,930, # of Items: 59,172

Creating model (Selected Model: DenseCNN)..
[args.use_cuda: True] Model is on the GPU! (args.gpu: 0, torch.cuda.current_device(): 0)
Model created! Elapsed Time: 1.95s (0.03 minute)

Loading uid_userDoc from "./datasets/Small_Clothing/Small_Clothing_uid_userDoc.npy"..
uid_userDoc loaded! [uid_userDoc: (77930, 500)]

Loading iid_itemDoc from "./datasets/Small_Clothing/Small_Clothing_iid_itemDoc.npy"..
iid_itemDoc loaded! [iid_itemDoc: (59172, 500)]

Loading pretrained word embeddings from "./datasets/Small_Clothing/Small_Clothing_wed300_wid_wordEmbed.npy"..
Pretrained word embeddings loaded! [wid_wEmbed: (43949, 300)]

Initialization Complete.. Elapsed Time: 2.20s (0.04 minute)

Train/Dev/Test splits loaded! |TRAIN|: 80,000, |DEV|: 150, |TEST|: 166
Train/Dev/Test splits loaded! Elapsed Time: 2.22s (0.04 minute)

Performing initial evaluation for VALIDATION set..
[Initial] [Dev]  MSE: 19.06616, MAE: 4.23994

Performing initial evaluation for TESTING set..
[Initial] [Test] MSE: 19.81884, MAE: 4.33730

Initial Evaluation Complete.. Elapsed Time: 2.37s (0.04 minute)

Optimizer: Adam, Loss Function: MSELoss

Model Size: 81,888,506
# of Trainable Parameters: 152,806
DenseCNN (
  (uid_userDoc): Embedding(77930, 500), weights = ((77930, 500),), parameters = 38,965,000
  (iid_itemDoc): Embedding(59172, 500), weights = ((59172, 500),), parameters = 29,586,000
  (wid_wEmbed): Embedding(43949, 300), weights = ((43949, 300),), parameters = 13,184,700
  (doc_net): DenseNet(
    (local_attention): ModuleList(
      (0): Sequential(
        (0): Conv2d(1, 1, kernel_size=(3, 50), stride=(1, 1), padding=(1, 0))
        (1): Softmax(dim=2)
      )
    )
    (global_attention): Sequential(
      (0): Conv2d(1, 1, kernel_size=(500, 1), stride=(1, 1))
    )
    (scale_attention): Sequential(
      (0): Conv2d(1, 1, kernel_size=(1, 50), stride=(1, 1))
      (1): Softmax(dim=2)
    )
    (dropout): Dropout(p=0.5, inplace=False)
  ), weights = ((1, 1, 3, 50), (1,), (1, 1, 500, 1), (1,), (1, 1, 1, 50), (1,)), parameters = 703 (Trainable)
  (DenseCNN_RatingPred): DenseCNN_RatingPred(
    (uid_userOffset): Embedding(77930, 1)
    (iid_itemOffset): Embedding(59172, 1)
    (globalOffset): Parameter(1,)
  ), weights = ((1,), (77930, 1), (59172, 1)), parameters = 137,103 (Trainable)
)
========================================================================================================================

[Epoch 1/10] Training Loss: 3.04492	Elapsed Time: 7.39s (0:00:07)
[Epoch 1] [Dev]  MSE: 1.21856, MAE: 0.93029
[Epoch 1] [Test] MSE: 1.47191, MAE: 1.02635

*** MODEL has obtained the best DEV MSE of 1.21856 so far!
*** The Best MODEL saved to "./__saved_models__/Small_Clothing - DenseCNN/Small_Clothing_DenseCNN_1234.pth"

[Epoch 2/10] Training Loss: 1.87029	Elapsed Time: 14.85s (0:00:14)
[Epoch 2] [Dev]  MSE: 1.20620, MAE: 0.92190
[Epoch 2] [Test] MSE: 1.45510, MAE: 1.02930

*** MODEL has obtained the best DEV MSE of 1.20620 so far!
*** The Best MODEL saved to "./__saved_models__/Small_Clothing - DenseCNN/Small_Clothing_DenseCNN_1234.pth"

[Epoch 3/10] Training Loss: 1.51941	Elapsed Time: 22.31s (0:00:22)
[Epoch 3] [Dev]  MSE: 1.29346, MAE: 0.94856
[Epoch 3] [Test] MSE: 1.51841, MAE: 1.04124

[Epoch 4/10] Training Loss: 1.21604	Elapsed Time: 29.75s (0:00:29)
[Epoch 4] [Dev]  MSE: 1.15336, MAE: 0.85025
[Epoch 4] [Test] MSE: 1.40804, MAE: 0.96189

*** MODEL has obtained the best DEV MSE of 1.15336 so far!
*** The Best MODEL saved to "./__saved_models__/Small_Clothing - DenseCNN/Small_Clothing_DenseCNN_1234.pth"

[Epoch 5/10] Training Loss: 0.98659	Elapsed Time: 37.18s (0:00:37)
[Epoch 5] [Dev]  MSE: 1.17216, MAE: 0.83698
[Epoch 5] [Test] MSE: 1.35668, MAE: 0.91964

[Epoch 6/10] Training Loss: 0.82181	Elapsed Time: 44.62s (0:00:44)
[Epoch 6] [Dev]  MSE: 1.16064, MAE: 0.80146
[Epoch 6] [Test] MSE: 1.35206, MAE: 0.89655

[Epoch 7/10] Training Loss: 0.71787	Elapsed Time: 52.08s (0:00:52)
[Epoch 7] [Dev]  MSE: 1.15930, MAE: 0.84277
[Epoch 7] [Test] MSE: 1.37413, MAE: 0.93921

[Epoch 8/10] Training Loss: 0.63506	Elapsed Time: 59.55s (0:00:59)
[Epoch 8] [Dev]  MSE: 1.16900, MAE: 0.84201
[Epoch 8] [Test] MSE: 1.38008, MAE: 0.93815

[Epoch 9/10] Training Loss: 0.57276	Elapsed Time: 67.02s (0:01:07)
[Epoch 9] [Dev]  MSE: 1.14965, MAE: 0.81985
[Epoch 9] [Test] MSE: 1.39668, MAE: 0.93748

*** MODEL has obtained the best DEV MSE of 1.14965 so far!
*** The Best MODEL saved to "./__saved_models__/Small_Clothing - DenseCNN/Small_Clothing_DenseCNN_1234.pth"

[Epoch 10/10] Training Loss: 0.51240	Elapsed Time: 74.59s (0:01:14)
[Epoch 10] [Dev]  MSE: 1.22122, MAE: 0.89465
[Epoch 10] [Test] MSE: 1.45613, MAE: 0.99326
*** The Last MODEL saved to "./__saved_models__/Small_Clothing - DenseCNN/Small_Clothing_DenseCNN_1234_10.pth"

[Training Loss]
[3.04492, 1.87029, 1.51941, 1.21604, 0.98659, 0.82181, 0.71787, 0.63506, 0.57276, 0.5124]

[Dev MSE]
[1.21856, 1.2062, 1.29346, 1.15336, 1.17216, 1.16064, 1.1593, 1.169, 1.14965, 1.22122]
[Test MSE]
[1.47191, 1.4551, 1.51841, 1.40804, 1.35668, 1.35206, 1.37413, 1.38008, 1.39668, 1.45613]
[Test MAE]
[1.02635, 1.0293, 1.04124, 0.96189, 0.91964, 0.89655, 0.93921, 0.93815, 0.93748, 0.99326]


Best Dev MSE: 1.14965 (Obtained during Evaluation #9)
Test MSE: 1.39668, Test MAE: 0.93748

End of Program! Elapsed Time: 76.98s (0:01:16)
