========================================================================================================================
  ARL_lr: 0.01
  ARL_path: 
  batch_size: 128
  channels_global: 100
  channels_local: 200
  command: -d Small_Clothing -m DenseCNN -e 10 -dr 0.9 -p 1 -v 43947 -K 5 -h1 50 -h2 50 -WED 300 -filters_num 64 -hiden_size 500 -output_size 50 -rs 1234 -gpu 0 -vb 1 -sm Small_Clothing_DenseCNN
  ctx_win_size: 3
  dataset: Small_Clothing
  disable_initial_eval: 0
  dropout_rate: 0.9
  epochs: 10
  filters_num: 64
  gpu: 0
  h1: 50
  h2: 50
  hidden_size: 500
  input_dir: ./datasets/Small_Clothing/
  L2_reg: 1e-06
  learning_rate: 0.002
  loss_function: MSELoss
  max_doc_len: 500
  max_vis_len: 500
  model: DenseCNN
  num_aspects: 5
  optimizer: Adam
  out_dir: ./experimental_results/Small_Clothing - DenseCNN/
  output_size: 50
  pretrained_src: 1
  random_seed: 1234
  save_model: Small_Clothing_DenseCNN
  use_cuda: True
  verbose: 1
  vocab_size: 43947
  word_embed_dim: 300
========================================================================================================================

[INFO] # of Users: 77,930, # of Items: 59,172

Creating model (Selected Model: DenseCNN)..
[args.use_cuda: True] Model is on the GPU! (args.gpu: 0, torch.cuda.current_device(): 0)
Model created! Elapsed Time: 1.89s (0.03 minute)

Loading uid_userDoc from "./datasets/Small_Clothing/Small_Clothing_uid_userDoc.npy"..
uid_userDoc loaded! [uid_userDoc: (77930, 500)]

Loading iid_itemDoc from "./datasets/Small_Clothing/Small_Clothing_iid_itemDoc.npy"..
iid_itemDoc loaded! [iid_itemDoc: (59172, 500)]

Loading pretrained word embeddings from "./datasets/Small_Clothing/Small_Clothing_wed300_wid_wordEmbed.npy"..
Pretrained word embeddings loaded! [wid_wEmbed: (43949, 300)]

Initialization Complete.. Elapsed Time: 2.15s (0.04 minute)

Train/Dev/Test splits loaded! |TRAIN|: 80,000, |DEV|: 150, |TEST|: 166
Train/Dev/Test splits loaded! Elapsed Time: 2.17s (0.04 minute)

Performing initial evaluation for VALIDATION set..
[Initial] [Dev]  MSE: 19.06616, MAE: 4.23994

Performing initial evaluation for TESTING set..
[Initial] [Test] MSE: 19.81884, MAE: 4.33730

Initial Evaluation Complete.. Elapsed Time: 2.38s (0.04 minute)

Optimizer: Adam, Loss Function: MSELoss

Model Size: 81,889,058
# of Trainable Parameters: 153,358
DenseCNN (
  (uid_userDoc): Embedding(77930, 500), weights = ((77930, 500),), parameters = 38,965,000
  (iid_itemDoc): Embedding(59172, 500), weights = ((59172, 500),), parameters = 29,586,000
  (wid_wEmbed): Embedding(43949, 300), weights = ((43949, 300),), parameters = 13,184,700
  (doc_net): DenseNet(
    (local_attention): ModuleList(
      (0): Sequential(
        (0): Conv2d(1, 1, kernel_size=(3, 50), stride=(1, 1), padding=(1, 0))
        (1): Softmax(dim=2)
      )
      (1): Sequential(
        (0): Conv2d(1, 1, kernel_size=(5, 50), stride=(1, 1), padding=(2, 0))
        (1): Softmax(dim=2)
      )
      (2): Sequential(
        (0): Conv2d(1, 1, kernel_size=(7, 50), stride=(1, 1), padding=(3, 0))
        (1): Softmax(dim=2)
      )
      (3): Sequential(
        (0): Conv2d(1, 1, kernel_size=(9, 50), stride=(1, 1), padding=(4, 0))
        (1): Softmax(dim=2)
      )
    )
    (scale_attention): Sequential(
      (0): Conv2d(1, 1, kernel_size=(1, 50), stride=(1, 1))
      (1): Softmax(dim=2)
    )
    (dropout): Dropout(p=0.9, inplace=False)
  ), weights = ((1, 1, 3, 50), (1,), (1, 1, 5, 50), (1,), (1, 1, 7, 50), (1,), (1, 1, 9, 50), (1,), (1, 1, 1, 50), (1,)), parameters = 1,255 (Trainable)
  (DenseCNN_RatingPred): DenseCNN_RatingPred(
    (uid_userOffset): Embedding(77930, 1)
    (iid_itemOffset): Embedding(59172, 1)
    (globalOffset): Parameter(1,)
  ), weights = ((1,), (77930, 1), (59172, 1)), parameters = 137,103 (Trainable)
)
========================================================================================================================
