========================================================================================================================
  ARL_lr: 0.01
  ARL_path: 
  batch_size: 128
  channels_global: 100
  channels_local: 200
  command: -d Small_Clothing -m DenseCNN -e 10 -dr 0.9 -p 1 -v 43947 -K 5 -h1 50 -h2 50 -WED 300 -filters_num 10 -hiden_size 500 -output_size 50 -rs 1234 -gpu 0 -vb 1 -sm Small_Clothing_DenseCNN
  ctx_win_size: 3
  dataset: Small_Clothing
  disable_initial_eval: 0
  dropout_rate: 0.9
  epochs: 10
  filters_num: 10
  gpu: 0
  h1: 50
  h2: 50
  hidden_size: 500
  input_dir: ./datasets/Small_Clothing/
  L2_reg: 1e-06
  learning_rate: 0.002
  loss_function: MSELoss
  max_doc_len: 500
  max_vis_len: 500
  model: DenseCNN
  num_aspects: 5
  optimizer: Adam
  out_dir: ./experimental_results/Small_Clothing - DenseCNN/
  output_size: 50
  pretrained_src: 1
  random_seed: 1234
  save_model: Small_Clothing_DenseCNN
  use_cuda: True
  verbose: 1
  vocab_size: 43947
  word_embed_dim: 300
========================================================================================================================

[INFO] # of Users: 77,930, # of Items: 59,172

Creating model (Selected Model: DenseCNN)..
[args.use_cuda: True] Model is on the GPU! (args.gpu: 0, torch.cuda.current_device(): 0)
Model created! Elapsed Time: 1.90s (0.03 minute)

Loading uid_userDoc from "./datasets/Small_Clothing/Small_Clothing_uid_userDoc.npy"..
uid_userDoc loaded! [uid_userDoc: (77930, 500)]

Loading iid_itemDoc from "./datasets/Small_Clothing/Small_Clothing_iid_itemDoc.npy"..
iid_itemDoc loaded! [iid_itemDoc: (59172, 500)]

Loading pretrained word embeddings from "./datasets/Small_Clothing/Small_Clothing_wed300_wid_wordEmbed.npy"..
Pretrained word embeddings loaded! [wid_wEmbed: (43949, 300)]

Initialization Complete.. Elapsed Time: 2.16s (0.04 minute)

Train/Dev/Test splits loaded! |TRAIN|: 80,000, |DEV|: 150, |TEST|: 166
Train/Dev/Test splits loaded! Elapsed Time: 2.17s (0.04 minute)

Performing initial evaluation for VALIDATION set..
[Initial] [Dev]  MSE: 19.07191, MAE: 4.24061

Performing initial evaluation for TESTING set..
[Initial] [Test] MSE: 19.82452, MAE: 4.33795

Initial Evaluation Complete.. Elapsed Time: 2.35s (0.04 minute)

Optimizer: Adam, Loss Function: MSELoss

Model Size: 81,888,451
# of Trainable Parameters: 152,751
DenseCNN (
  (uid_userDoc): Embedding(77930, 500), weights = ((77930, 500),), parameters = 38,965,000
  (iid_itemDoc): Embedding(59172, 500), weights = ((59172, 500),), parameters = 29,586,000
  (wid_wEmbed): Embedding(43949, 300), weights = ((43949, 300),), parameters = 13,184,700
  (user_net): DenseNet(
    (attention_layer_conv0): Sequential(
      (0): Conv2d(1, 1, kernel_size=(1, 50), stride=(1, 1))
      (1): Softmax(dim=2)
    )
    (attention_layer_conv1): Sequential(
      (0): Conv2d(1, 1, kernel_size=(1, 50), stride=(1, 1))
      (1): Softmax(dim=2)
    )
    (attention_layer_conv2): Sequential(
      (0): Conv2d(1, 1, kernel_size=(1, 50), stride=(1, 1))
      (1): Softmax(dim=2)
    )
    (attention_layer_conv3): Sequential(
      (0): Conv2d(1, 1, kernel_size=(1, 50), stride=(1, 1))
      (1): Softmax(dim=2)
    )
    (attention_layer_conv4): Sequential(
      (0): Conv2d(1, 1, kernel_size=(1, 50), stride=(1, 1))
      (1): Softmax(dim=2)
    )
    (dense_layer_conv1): Sequential(
      (0): ZeroPad2d(padding=(0, 0, 0, 1), value=0.0)
      (1): Conv2d(1, 1, kernel_size=(2, 1), stride=(1, 1))
      (2): ReLU()
    )
    (dense_layer_conv2): Sequential(
      (0): ZeroPad2d(padding=(0, 0, 0, 1), value=0.0)
      (1): Conv2d(2, 1, kernel_size=(2, 1), stride=(1, 1))
      (2): ReLU()
    )
    (dense_layer_conv3): Sequential(
      (0): ZeroPad2d(padding=(0, 0, 0, 1), value=0.0)
      (1): Conv2d(2, 1, kernel_size=(2, 1), stride=(1, 1))
      (2): ReLU()
    )
    (dense_layer_conv4): Sequential(
      (0): ZeroPad2d(padding=(0, 0, 0, 1), value=0.0)
      (1): Conv2d(2, 1, kernel_size=(2, 1), stride=(1, 1))
      (2): ReLU()
    )
    (scale_attention): Sequential(
      (0): Conv2d(1, 1, kernel_size=(50, 1), stride=(1, 1))
      (1): Softmax(dim=3)
    )
    (dropout): Dropout(p=0.9, inplace=False)
  ), weights = ((1, 1, 1, 50), (1,), (1, 1, 1, 50), (1,), (1, 1, 1, 50), (1,), (1, 1, 1, 50), (1,), (1, 1, 1, 50), (1,), (1, 1, 2, 1), (1,), (1, 2, 2, 1), (1,), (1, 2, 2, 1), (1,), (1, 2, 2, 1), (1,), (1, 1, 50, 1), (1,)), parameters = 324 (Trainable)
  (item_net): DenseNet(
    (attention_layer_conv0): Sequential(
      (0): Conv2d(1, 1, kernel_size=(1, 50), stride=(1, 1))
      (1): Softmax(dim=2)
    )
    (attention_layer_conv1): Sequential(
      (0): Conv2d(1, 1, kernel_size=(1, 50), stride=(1, 1))
      (1): Softmax(dim=2)
    )
    (attention_layer_conv2): Sequential(
      (0): Conv2d(1, 1, kernel_size=(1, 50), stride=(1, 1))
      (1): Softmax(dim=2)
    )
    (attention_layer_conv3): Sequential(
      (0): Conv2d(1, 1, kernel_size=(1, 50), stride=(1, 1))
      (1): Softmax(dim=2)
    )
    (attention_layer_conv4): Sequential(
      (0): Conv2d(1, 1, kernel_size=(1, 50), stride=(1, 1))
      (1): Softmax(dim=2)
    )
    (dense_layer_conv1): Sequential(
      (0): ZeroPad2d(padding=(0, 0, 0, 1), value=0.0)
      (1): Conv2d(1, 1, kernel_size=(2, 1), stride=(1, 1))
      (2): ReLU()
    )
    (dense_layer_conv2): Sequential(
      (0): ZeroPad2d(padding=(0, 0, 0, 1), value=0.0)
      (1): Conv2d(2, 1, kernel_size=(2, 1), stride=(1, 1))
      (2): ReLU()
    )
    (dense_layer_conv3): Sequential(
      (0): ZeroPad2d(padding=(0, 0, 0, 1), value=0.0)
      (1): Conv2d(2, 1, kernel_size=(2, 1), stride=(1, 1))
      (2): ReLU()
    )
    (dense_layer_conv4): Sequential(
      (0): ZeroPad2d(padding=(0, 0, 0, 1), value=0.0)
      (1): Conv2d(2, 1, kernel_size=(2, 1), stride=(1, 1))
      (2): ReLU()
    )
    (scale_attention): Sequential(
      (0): Conv2d(1, 1, kernel_size=(50, 1), stride=(1, 1))
      (1): Softmax(dim=3)
    )
    (dropout): Dropout(p=0.9, inplace=False)
  ), weights = ((1, 1, 1, 50), (1,), (1, 1, 1, 50), (1,), (1, 1, 1, 50), (1,), (1, 1, 1, 50), (1,), (1, 1, 1, 50), (1,), (1, 1, 2, 1), (1,), (1, 2, 2, 1), (1,), (1, 2, 2, 1), (1,), (1, 2, 2, 1), (1,), (1, 1, 50, 1), (1,)), parameters = 324 (Trainable)
  (DenseCNN_RatingPred): DenseCNN_RatingPred(
    (uid_userOffset): Embedding(77930, 1)
    (iid_itemOffset): Embedding(59172, 1)
    (globalOffset): Parameter(1,)
  ), weights = ((1,), (77930, 1), (59172, 1)), parameters = 137,103 (Trainable)
)
========================================================================================================================

[Epoch 1/10] Training Loss: 5.33637	Elapsed Time: 55.02s (0:00:55)
[Epoch 1] [Dev]  MSE: 1.51799, MAE: 1.02838
[Epoch 1] [Test] MSE: 2.28874, MAE: 1.14754

*** MODEL has obtained the best DEV MSE of 1.51799 so far!
*** The Best MODEL saved to "./__saved_models__/Small_Clothing - DenseCNN/Small_Clothing_DenseCNN_1234.pth"

[Epoch 2/10] Training Loss: 1.50564	Elapsed Time: 110.18s (0:01:50)
[Epoch 2] [Dev]  MSE: 1.13030, MAE: 0.88157
[Epoch 2] [Test] MSE: 1.35739, MAE: 0.93715

*** MODEL has obtained the best DEV MSE of 1.13030 so far!
*** The Best MODEL saved to "./__saved_models__/Small_Clothing - DenseCNN/Small_Clothing_DenseCNN_1234.pth"

[Epoch 3/10] Training Loss: 1.26981	Elapsed Time: 165.50s (0:02:45)
[Epoch 3] [Dev]  MSE: 1.09581, MAE: 0.87035
[Epoch 3] [Test] MSE: 1.13730, MAE: 0.88054

*** MODEL has obtained the best DEV MSE of 1.09581 so far!
*** The Best MODEL saved to "./__saved_models__/Small_Clothing - DenseCNN/Small_Clothing_DenseCNN_1234.pth"

[Epoch 4/10] Training Loss: 1.07735	Elapsed Time: 220.82s (0:03:40)
[Epoch 4] [Dev]  MSE: 1.07677, MAE: 0.83722
[Epoch 4] [Test] MSE: 1.11983, MAE: 0.86154

*** MODEL has obtained the best DEV MSE of 1.07677 so far!
*** The Best MODEL saved to "./__saved_models__/Small_Clothing - DenseCNN/Small_Clothing_DenseCNN_1234.pth"

[Epoch 5/10] Training Loss: 0.89348	Elapsed Time: 275.97s (0:04:35)
[Epoch 5] [Dev]  MSE: 1.11066, MAE: 0.82131
[Epoch 5] [Test] MSE: 1.22790, MAE: 0.89182

[Epoch 6/10] Training Loss: 0.73116	Elapsed Time: 330.97s (0:05:30)
[Epoch 6] [Dev]  MSE: 1.12140, MAE: 0.79825
[Epoch 6] [Test] MSE: 1.27487, MAE: 0.86868

[Epoch 7/10] Training Loss: 0.62527	Elapsed Time: 386.41s (0:06:26)
[Epoch 7] [Dev]  MSE: 1.11940, MAE: 0.81308
[Epoch 7] [Test] MSE: 1.28956, MAE: 0.88749

[Epoch 8/10] Training Loss: 0.54485	Elapsed Time: 441.47s (0:07:21)
[Epoch 8] [Dev]  MSE: 1.14015, MAE: 0.81996
[Epoch 8] [Test] MSE: 1.35426, MAE: 0.90862

[Epoch 9/10] Training Loss: 0.47939	Elapsed Time: 496.51s (0:08:16)
[Epoch 9] [Dev]  MSE: 1.14746, MAE: 0.80712
[Epoch 9] [Test] MSE: 1.36565, MAE: 0.89820

[Epoch 10/10] Training Loss: 0.42194	Elapsed Time: 551.49s (0:09:11)
[Epoch 10] [Dev]  MSE: 1.16383, MAE: 0.80123
[Epoch 10] [Test] MSE: 1.39299, MAE: 0.90074
*** The Last MODEL saved to "./__saved_models__/Small_Clothing - DenseCNN/Small_Clothing_DenseCNN_1234_10.pth"

[Training Loss]
[5.33637, 1.50564, 1.26981, 1.07735, 0.89348, 0.73116, 0.62527, 0.54485, 0.47939, 0.42194]

[Dev MSE]
[1.51799, 1.1303, 1.09581, 1.07677, 1.11066, 1.1214, 1.1194, 1.14015, 1.14746, 1.16383]
[Test MSE]
[2.28874, 1.35739, 1.1373, 1.11983, 1.2279, 1.27487, 1.28956, 1.35426, 1.36565, 1.39299]
[Test MAE]
[1.14754, 0.93715, 0.88054, 0.86154, 0.89182, 0.86868, 0.88749, 0.90862, 0.8982, 0.90074]


Best Dev MSE: 1.07677 (Obtained during Evaluation #4)
Test MSE: 1.11983, Test MAE: 0.86154

End of Program! Elapsed Time: 553.90s (0:09:13)
