========================================================================================================================
  ARL_lr: 0.01
  ARL_path: 
  batch_size: 128
  channels_global: 100
  channels_local: 200
  command: -d Small_Clothing -m DenseCNN -e 10 -dr 0.9 -p 1 -v 43947 -K 5 -h1 50 -h2 50 -WED 300 -filters_num 8 -hiden_size 500 -output_size 50 -rs 1234 -gpu 0 -vb 1 -sm Small_Clothing_DenseCNN
  ctx_win_size: 3
  dataset: Small_Clothing
  disable_initial_eval: 0
  dropout_rate: 0.9
  epochs: 10
  filters_num: 8
  gpu: 0
  h1: 50
  h2: 50
  hidden_size: 500
  input_dir: ./datasets/Small_Clothing/
  L2_reg: 1e-06
  learning_rate: 0.002
  loss_function: MSELoss
  max_doc_len: 500
  max_vis_len: 500
  model: DenseCNN
  num_aspects: 5
  optimizer: Adam
  out_dir: ./experimental_results/Small_Clothing - DenseCNN/
  output_size: 50
  pretrained_src: 1
  random_seed: 1234
  save_model: Small_Clothing_DenseCNN
  use_cuda: True
  verbose: 1
  vocab_size: 43947
  word_embed_dim: 300
========================================================================================================================

[INFO] # of Users: 77,930, # of Items: 59,172

Creating model (Selected Model: DenseCNN)..
[args.use_cuda: True] Model is on the GPU! (args.gpu: 0, torch.cuda.current_device(): 0)
Model created! Elapsed Time: 1.92s (0.03 minute)

Loading uid_userDoc from "./datasets/Small_Clothing/Small_Clothing_uid_userDoc.npy"..
uid_userDoc loaded! [uid_userDoc: (77930, 500)]

Loading iid_itemDoc from "./datasets/Small_Clothing/Small_Clothing_iid_itemDoc.npy"..
iid_itemDoc loaded! [iid_itemDoc: (59172, 500)]

Loading pretrained word embeddings from "./datasets/Small_Clothing/Small_Clothing_wed300_wid_wordEmbed.npy"..
Pretrained word embeddings loaded! [wid_wEmbed: (43949, 300)]

Initialization Complete.. Elapsed Time: 2.18s (0.04 minute)

Train/Dev/Test splits loaded! |TRAIN|: 80,000, |DEV|: 150, |TEST|: 166
Train/Dev/Test splits loaded! Elapsed Time: 2.20s (0.04 minute)

Performing initial evaluation for VALIDATION set..
[Initial] [Dev]  MSE: 18.85477, MAE: 4.21580

Performing initial evaluation for TESTING set..
[Initial] [Test] MSE: 19.63278, MAE: 4.31585

Initial Evaluation Complete.. Elapsed Time: 2.47s (0.04 minute)

Optimizer: Adam, Loss Function: MSELoss

Model Size: 81,903,815
# of Trainable Parameters: 168,115
DenseCNN (
  (uid_userDoc): Embedding(77930, 500), weights = ((77930, 500),), parameters = 38,965,000
  (iid_itemDoc): Embedding(59172, 500), weights = ((59172, 500),), parameters = 29,586,000
  (wid_wEmbed): Embedding(43949, 300), weights = ((43949, 300),), parameters = 13,184,700
  (user_net): DenseNet(
    (local_attention): ModuleList(
      (0): Sequential(
        (0): Conv2d(1, 1, kernel_size=(3, 300), stride=(1, 1), padding=(1, 0))
        (1): Softmax(dim=2)
      )
      (1): Sequential(
        (0): Conv2d(1, 1, kernel_size=(5, 300), stride=(1, 1), padding=(2, 0))
        (1): Softmax(dim=2)
      )
      (2): Sequential(
        (0): Conv2d(1, 1, kernel_size=(7, 300), stride=(1, 1), padding=(3, 0))
        (1): Softmax(dim=2)
      )
      (3): Sequential(
        (0): Conv2d(1, 1, kernel_size=(9, 300), stride=(1, 1), padding=(4, 0))
        (1): Softmax(dim=2)
      )
    )
    (global_attention): Sequential(
      (0): Conv2d(1, 1, kernel_size=(500, 1), stride=(1, 1))
      (1): ReLU()
    )
    (scale_attention): Sequential(
      (0): Conv2d(1, 1, kernel_size=(1, 300), stride=(1, 1))
      (1): Softmax(dim=2)
    )
    (dropout): Dropout(p=0.9, inplace=False)
  ), weights = ((1, 1, 3, 300), (1,), (1, 1, 5, 300), (1,), (1, 1, 7, 300), (1,), (1, 1, 9, 300), (1,), (1, 1, 500, 1), (1,), (1, 1, 1, 300), (1,)), parameters = 8,006 (Trainable)
  (item_net): DenseNet(
    (local_attention): ModuleList(
      (0): Sequential(
        (0): Conv2d(1, 1, kernel_size=(3, 300), stride=(1, 1), padding=(1, 0))
        (1): Softmax(dim=2)
      )
      (1): Sequential(
        (0): Conv2d(1, 1, kernel_size=(5, 300), stride=(1, 1), padding=(2, 0))
        (1): Softmax(dim=2)
      )
      (2): Sequential(
        (0): Conv2d(1, 1, kernel_size=(7, 300), stride=(1, 1), padding=(3, 0))
        (1): Softmax(dim=2)
      )
      (3): Sequential(
        (0): Conv2d(1, 1, kernel_size=(9, 300), stride=(1, 1), padding=(4, 0))
        (1): Softmax(dim=2)
      )
    )
    (global_attention): Sequential(
      (0): Conv2d(1, 1, kernel_size=(500, 1), stride=(1, 1))
      (1): ReLU()
    )
    (scale_attention): Sequential(
      (0): Conv2d(1, 1, kernel_size=(1, 300), stride=(1, 1))
      (1): Softmax(dim=2)
    )
    (dropout): Dropout(p=0.9, inplace=False)
  ), weights = ((1, 1, 3, 300), (1,), (1, 1, 5, 300), (1,), (1, 1, 7, 300), (1,), (1, 1, 9, 300), (1,), (1, 1, 500, 1), (1,), (1, 1, 1, 300), (1,)), parameters = 8,006 (Trainable)
  (DenseCNN_RatingPred): DenseCNN_RatingPred(
    (uid_userOffset): Embedding(77930, 1)
    (iid_itemOffset): Embedding(59172, 1)
    (globalOffset): Parameter(1,)
  ), weights = ((1,), (77930, 1), (59172, 1)), parameters = 137,103 (Trainable)
)
========================================================================================================================

[Epoch 1/10] Training Loss: 4.44410	Elapsed Time: 55.79s (0:00:55)
[Epoch 1] [Dev]  MSE: 2.32222, MAE: 1.33710
[Epoch 1] [Test] MSE: 2.65279, MAE: 1.44189

*** MODEL has obtained the best DEV MSE of 2.32222 so far!
*** The Best MODEL saved to "./__saved_models__/Small_Clothing - DenseCNN/Small_Clothing_DenseCNN_1234.pth"

[Epoch 2/10] Training Loss: 2.23481	Elapsed Time: 112.28s (0:01:52)
[Epoch 2] [Dev]  MSE: 1.66198, MAE: 1.10151
[Epoch 2] [Test] MSE: 1.90048, MAE: 1.19512

*** MODEL has obtained the best DEV MSE of 1.66198 so far!
*** The Best MODEL saved to "./__saved_models__/Small_Clothing - DenseCNN/Small_Clothing_DenseCNN_1234.pth"

[Epoch 3/10] Training Loss: 1.67515	Elapsed Time: 168.43s (0:02:48)
[Epoch 3] [Dev]  MSE: 1.44404, MAE: 1.01147
[Epoch 3] [Test] MSE: 1.68005, MAE: 1.11470

*** MODEL has obtained the best DEV MSE of 1.44404 so far!
*** The Best MODEL saved to "./__saved_models__/Small_Clothing - DenseCNN/Small_Clothing_DenseCNN_1234.pth"

[Epoch 4/10] Training Loss: 1.27984	Elapsed Time: 224.70s (0:03:44)
[Epoch 4] [Dev]  MSE: 1.31298, MAE: 0.94859
[Epoch 4] [Test] MSE: 1.47716, MAE: 1.02742

*** MODEL has obtained the best DEV MSE of 1.31298 so far!
*** The Best MODEL saved to "./__saved_models__/Small_Clothing - DenseCNN/Small_Clothing_DenseCNN_1234.pth"

[Epoch 5/10] Training Loss: 1.02598	Elapsed Time: 281.21s (0:04:41)
[Epoch 5] [Dev]  MSE: 1.24190, MAE: 0.90835
[Epoch 5] [Test] MSE: 1.38184, MAE: 0.97839

*** MODEL has obtained the best DEV MSE of 1.24190 so far!
*** The Best MODEL saved to "./__saved_models__/Small_Clothing - DenseCNN/Small_Clothing_DenseCNN_1234.pth"

[Epoch 6/10] Training Loss: 0.86346	Elapsed Time: 337.08s (0:05:37)
[Epoch 6] [Dev]  MSE: 1.20116, MAE: 0.88652
[Epoch 6] [Test] MSE: 1.32866, MAE: 0.95114

*** MODEL has obtained the best DEV MSE of 1.20116 so far!
*** The Best MODEL saved to "./__saved_models__/Small_Clothing - DenseCNN/Small_Clothing_DenseCNN_1234.pth"

[Epoch 7/10] Training Loss: 0.75026	Elapsed Time: 393.21s (0:06:33)
[Epoch 7] [Dev]  MSE: 1.16294, MAE: 0.86144
[Epoch 7] [Test] MSE: 1.28992, MAE: 0.92574

*** MODEL has obtained the best DEV MSE of 1.16294 so far!
*** The Best MODEL saved to "./__saved_models__/Small_Clothing - DenseCNN/Small_Clothing_DenseCNN_1234.pth"

[Epoch 8/10] Training Loss: 0.65455	Elapsed Time: 449.26s (0:07:29)
[Epoch 8] [Dev]  MSE: 1.15429, MAE: 0.85787
[Epoch 8] [Test] MSE: 1.28160, MAE: 0.91863

*** MODEL has obtained the best DEV MSE of 1.15429 so far!
*** The Best MODEL saved to "./__saved_models__/Small_Clothing - DenseCNN/Small_Clothing_DenseCNN_1234.pth"

[Epoch 9/10] Training Loss: 0.58278	Elapsed Time: 505.22s (0:08:25)
[Epoch 9] [Dev]  MSE: 1.15839, MAE: 0.85668
[Epoch 9] [Test] MSE: 1.29230, MAE: 0.91649

[Epoch 10/10] Training Loss: 0.52055	Elapsed Time: 562.25s (0:09:22)
[Epoch 10] [Dev]  MSE: 1.15846, MAE: 0.84785
[Epoch 10] [Test] MSE: 1.30250, MAE: 0.91257
*** The Last MODEL saved to "./__saved_models__/Small_Clothing - DenseCNN/Small_Clothing_DenseCNN_1234_10.pth"

[Training Loss]
[4.4441, 2.23481, 1.67515, 1.27984, 1.02598, 0.86346, 0.75026, 0.65455, 0.58278, 0.52055]

[Dev MSE]
[2.32222, 1.66198, 1.44404, 1.31298, 1.2419, 1.20116, 1.16294, 1.15429, 1.15839, 1.15846]
[Test MSE]
[2.65279, 1.90048, 1.68005, 1.47716, 1.38184, 1.32866, 1.28992, 1.2816, 1.2923, 1.3025]
[Test MAE]
[1.44189, 1.19512, 1.1147, 1.02742, 0.97839, 0.95114, 0.92574, 0.91863, 0.91649, 0.91257]


Best Dev MSE: 1.15429 (Obtained during Evaluation #8)
Test MSE: 1.28160, Test MAE: 0.91863

End of Program! Elapsed Time: 564.88s (0:09:24)
