
Dataset: Baby

[args from argparse.ArgumentParser().parse_args()]
command: pretrained_vectors_simple.py -emb_dim 100 -d Baby
dataset: Baby
emb_dim: 100
emb_rand_init: 0.01
random_seed: 1337

[INPUT] Source Folder:                 ../datasets/
[INPUT] Category Folder:               ../datasets/Baby/
[INPUT] env:                           ../datasets/Baby/Baby_env.pkl
[INPUT] Pretrained Word Embeddings:    ../datasets/glove.twitter.word2vec.27B.100d.txt

[OUTPUT] wid_wordEmbed:                ../datasets/Baby/Baby_wed100_wid_wordEmbed.npy

Loading word-to-wid mappings (i.e. word_wid) from "../datasets/Baby/Baby_env.pkl"

|V|: 50002

Finished processing pretrained embeddings..
# of words with pretrained embeddings: 36524

Embedding Matrix=(50002, 100), |V|=50002
# of Words w/ No Pretrained Embeddings=13478 (26.955%)

Embeddings successfully saved to '../datasets/Baby/Baby_wed100_wid_wordEmbed.npy'


Pretrained word embeddings for "Baby" obtained after 73.96 seconds (1.23 minutes)

