
Dataset: Cell_Phones_and_Accessories

[args from argparse.ArgumentParser().parse_args()]
command: pretrained_vectors_simple.py -emb_dim 100 -d Cell_Phones_and_Accessories
dataset: Cell_Phones_and_Accessories
emb_dim: 100
emb_rand_init: 0.01
random_seed: 1337

[INPUT] Source Folder:                 ../datasets/
[INPUT] Category Folder:               ../datasets/Cell_Phones_and_Accessories/
[INPUT] env:                           ../datasets/Cell_Phones_and_Accessories/Cell_Phones_and_Accessories_env.pkl
[INPUT] Pretrained Word Embeddings:    ../datasets/glove.twitter.word2vec.27B.100d.txt

[OUTPUT] wid_wordEmbed:                ../datasets/Cell_Phones_and_Accessories/Cell_Phones_and_Accessories_wed100_wid_wordEmbed.npy

Loading word-to-wid mappings (i.e. word_wid) from "../datasets/Cell_Phones_and_Accessories/Cell_Phones_and_Accessories_env.pkl"

|V|: 50002

Finished processing pretrained embeddings..
# of words with pretrained embeddings: 34611

Embedding Matrix=(50002, 100), |V|=50002
# of Words w/ No Pretrained Embeddings=15391 (30.781%)

Embeddings successfully saved to '../datasets/Cell_Phones_and_Accessories/Cell_Phones_and_Accessories_wed100_wid_wordEmbed.npy'


Pretrained word embeddings for "Cell_Phones_and_Accessories" obtained after 74.09 seconds (1.23 minutes)

