
Dataset: Patio_Lawn_and_Garden

[args from argparse.ArgumentParser().parse_args()]
command: pretrained_vectors_simple.py -emb_dim 100 -d Patio_Lawn_and_Garden
dataset: Patio_Lawn_and_Garden
emb_dim: 100
emb_rand_init: 0.01
random_seed: 1337

[INPUT] Source Folder:                 ../datasets/
[INPUT] Category Folder:               ../datasets/Patio_Lawn_and_Garden/
[INPUT] env:                           ../datasets/Patio_Lawn_and_Garden/Patio_Lawn_and_Garden_env.pkl
[INPUT] Pretrained Word Embeddings:    ../datasets/glove.twitter.word2vec.27B.100d.txt

[OUTPUT] wid_wordEmbed:                ../datasets/Patio_Lawn_and_Garden/Patio_Lawn_and_Garden_wed100_wid_wordEmbed.npy

Loading word-to-wid mappings (i.e. word_wid) from "../datasets/Patio_Lawn_and_Garden/Patio_Lawn_and_Garden_env.pkl"

|V|: 50002

Finished processing pretrained embeddings..
# of words with pretrained embeddings: 36153

Embedding Matrix=(50002, 100), |V|=50002
# of Words w/ No Pretrained Embeddings=13849 (27.697%)

Embeddings successfully saved to '../datasets/Patio_Lawn_and_Garden/Patio_Lawn_and_Garden_wed100_wid_wordEmbed.npy'


Pretrained word embeddings for "Patio_Lawn_and_Garden" obtained after 73.49 seconds (1.22 minutes)

