========================================================================================================================
  ARL_lr: 0.01
  ARL_path: 
  batch_size: 128
  channels_global: 100
  channels_local: 200
  command: -d Toys_and_Games -m ANRS -e 10 -dr 0.9 -WED 300 -K 5 -h1 50 -h2 50 -p 1 -v 50000 -rs 1337 -gpu 0 -vb 1 -sm Toys_and_Games_ANRS
  ctx_win_size: 3
  dataset: Toys_and_Games
  disable_initial_eval: 0
  dropout_rate: 0.9
  epochs: 10
  filters_num: 100
  gpu: 0
  h1: 50
  h2: 50
  hidden_size: 500
  input_dir: ./datasets/Toys_and_Games/
  L2_reg: 1e-06
  learning_rate: 0.002
  loss_function: MSELoss
  max_doc_len: 500
  max_vis_len: 500
  model: ANRS
  num_aspects: 5
  optimizer: Adam
  out_dir: ./experimental_results/Toys_and_Games - ANRS/
  output_size: 50
  pretrained_src: 1
  random_seed: 1337
  save_model: Toys_and_Games_ANRS
  use_cuda: True
  verbose: 1
  vocab_size: 50000
  word_embed_dim: 300
========================================================================================================================

[INFO] # of Users: 598,485, # of Items: 197,223

Creating model (Selected Model: ANRS)..
[args.use_cuda: True] Model is on the GPU! (args.gpu: 0, torch.cuda.current_device(): 0)
Model created! Elapsed Time: 4.45s (0.07 minute)

Loading uid_userDoc from "./datasets/Toys_and_Games/Toys_and_Games_uid_userDoc.npy"..
uid_userDoc loaded! [uid_userDoc: (598485, 500)]

Loading iid_itemDoc from "./datasets/Toys_and_Games/Toys_and_Games_iid_itemDoc.npy"..
iid_itemDoc loaded! [iid_itemDoc: (197223, 500)]

Loading pretrained word embeddings from "./datasets/Toys_and_Games/Toys_and_Games_wed300_wid_wordEmbed.npy"..
Pretrained word embeddings loaded! [wid_wEmbed: (50002, 300)]

Initialization Complete.. Elapsed Time: 31.58s (0.53 minute)

Train/Dev/Test splits loaded! |TRAIN|: 800,000, |DEV|: 32,587, |TEST|: 32,299
Train/Dev/Test splits loaded! Elapsed Time: 31.78s (0.53 minute)

Performing initial evaluation for VALIDATION set..
[Initial] [Dev]  MSE: 19.81500, MAE: 4.31328

Performing initial evaluation for TESTING set..
[Initial] [Test] MSE: 19.77562, MAE: 4.30555

Initial Evaluation Complete.. Elapsed Time: 39.71s (0.66 minute)

Parameters with L2 Regularization (Regularization Strength: 1e-06):
ANRS_RatingPred.uid_userOffset.weight, ANRS_RatingPred.iid_itemOffset.weight

Optimizer: Adam, Loss Function: MSELoss

Model Size: 413,726,059
# of Trainable Parameters: 871,459
ANR (
  (uid_userDoc): Embedding(598485, 500), weights = ((598485, 500),), parameters = 299,242,500
  (iid_itemDoc): Embedding(197223, 500), weights = ((197223, 500),), parameters = 98,611,500
  (wid_wEmbed): Embedding(50002, 300), weights = ((50002, 300),), parameters = 15,000,600
  (shared_ANR_ARL): ANR_ARL(
    (aspEmbed): Embedding(5, 150)
    (aspProj): Parameter(5, 300, 50)
  ), weights = ((5, 300, 50), (5, 150)), parameters = 75,750 (Trainable)
  (ANRS_RatingPred): ANRS_RatingPred(
    (userAspRepDropout): Dropout(p=0.9, inplace=False)
    (itemAspRepDropout): Dropout(p=0.9, inplace=False)
    (uid_userOffset): Embedding(598485, 1)
    (iid_itemOffset): Embedding(197223, 1)
    (globalOffset): Parameter(1,)
  ), weights = ((1,), (598485, 1), (197223, 1)), parameters = 795,709 (Trainable)
)
========================================================================================================================

[Epoch 1/10] Training Loss: 2.57599	Elapsed Time: 229.03s (0:03:49)
[Epoch 1] [Dev]  MSE: 1.10528, MAE: 0.83157
[Epoch 1] [Test] MSE: 1.12897, MAE: 0.83646

*** MODEL has obtained the best DEV MSE of 1.10528 so far!
*** The Best MODEL saved to "./__saved_models__/Toys_and_Games - ANRS/Toys_and_Games_ANRS_1337.pth"

[Epoch 2/10] Training Loss: 1.35531	Elapsed Time: 466.06s (0:07:46)
[Epoch 2] [Dev]  MSE: 1.04348, MAE: 0.79598
[Epoch 2] [Test] MSE: 1.06655, MAE: 0.80148

*** MODEL has obtained the best DEV MSE of 1.04348 so far!
*** The Best MODEL saved to "./__saved_models__/Toys_and_Games - ANRS/Toys_and_Games_ANRS_1337.pth"

[Epoch 3/10] Training Loss: 1.20732	Elapsed Time: 703.17s (0:11:43)
[Epoch 3] [Dev]  MSE: 1.02306, MAE: 0.77796
[Epoch 3] [Test] MSE: 1.04443, MAE: 0.78359

*** MODEL has obtained the best DEV MSE of 1.02306 so far!
*** The Best MODEL saved to "./__saved_models__/Toys_and_Games - ANRS/Toys_and_Games_ANRS_1337.pth"

[Epoch 4/10] Training Loss: 1.10468	Elapsed Time: 940.23s (0:15:40)
[Epoch 4] [Dev]  MSE: 1.01671, MAE: 0.76345
[Epoch 4] [Test] MSE: 1.03781, MAE: 0.76933

*** MODEL has obtained the best DEV MSE of 1.01671 so far!
*** The Best MODEL saved to "./__saved_models__/Toys_and_Games - ANRS/Toys_and_Games_ANRS_1337.pth"

[Epoch 5/10] Training Loss: 1.04215	Elapsed Time: 1,177.72s (0:19:37)
[Epoch 5] [Dev]  MSE: 1.02031, MAE: 0.75876
[Epoch 5] [Test] MSE: 1.04277, MAE: 0.76487

[Epoch 6/10] Training Loss: 1.00033	Elapsed Time: 1,417.56s (0:23:37)
[Epoch 6] [Dev]  MSE: 1.02182, MAE: 0.75684
[Epoch 6] [Test] MSE: 1.04410, MAE: 0.76321

[Epoch 7/10] Training Loss: 1.01158	Elapsed Time: 1,656.30s (0:27:36)
[Epoch 7] [Dev]  MSE: 1.02852, MAE: 0.76169
[Epoch 7] [Test] MSE: 1.05020, MAE: 0.76738

[Epoch 8/10] Training Loss: 0.94817	Elapsed Time: 1,893.33s (0:31:33)
[Epoch 8] [Dev]  MSE: 1.02878, MAE: 0.75288
[Epoch 8] [Test] MSE: 1.05258, MAE: 0.75987

[Epoch 9/10] Training Loss: 0.93364	Elapsed Time: 2,130.44s (0:35:30)
[Epoch 9] [Dev]  MSE: 1.03378, MAE: 0.75917
[Epoch 9] [Test] MSE: 1.05667, MAE: 0.76566

[Epoch 10/10] Training Loss: 0.92224	Elapsed Time: 2,367.43s (0:39:27)
[Epoch 10] [Dev]  MSE: 1.03438, MAE: 0.75693
[Epoch 10] [Test] MSE: 1.05899, MAE: 0.76370
*** The Last MODEL saved to "./__saved_models__/Toys_and_Games - ANRS/Toys_and_Games_ANRS_1337_10.pth"

[Training Loss]
[2.57599, 1.35531, 1.20732, 1.10468, 1.04215, 1.00033, 1.01158, 0.94817, 0.93364, 0.92224]

[Dev MSE]
[1.10528, 1.04348, 1.02306, 1.01671, 1.02031, 1.02182, 1.02852, 1.02878, 1.03378, 1.03438]
[Test MSE]
[1.12897, 1.06655, 1.04443, 1.03781, 1.04277, 1.0441, 1.0502, 1.05258, 1.05667, 1.05899]
[Test MAE]
[0.83646, 0.80148, 0.78359, 0.76933, 0.76487, 0.76321, 0.76738, 0.75987, 0.76566, 0.7637]


Best Dev MSE: 1.01671 (Obtained during Evaluation #4)
Test MSE: 1.03781, Test MAE: 0.76933

End of Program! Elapsed Time: 2,414.97s (0:40:14)
