╭─xulabzz ~/Dev/NLP/ANR/preprocessing ‹master*›
╰─➤  $ python preprocessing_simple.py -d Automotive -dev_test_in_train 1                                                                                143 ↵

Dataset: Automotive
[args from argparse.ArgumentParser().parse_args()]
command: preprocessing_simple.py -d Automotive -dev_test_in_train 1
dataset: Automotive
dataset_maximum_size: 1000000
dev_test_in_train: True
maxDL: 500
maxVL: 500
minImages: 1
minReviews: 1
minRL: 10
random_seed: 1337
train_ratio: 0.8
vocab: 50000

[INPUT] Source Folder:       ../datasets/
[INPUT] Reviews/Ratings:     ../datasets/reviews_Automotive.json

[OUTPUT] Category Folder:    ../datasets/Automotive/
[OUTPUT] env:                ../datasets/Automotive/Automotive_env.pkl
[OUTPUT] info:               ../datasets/Automotive/Automotive_info.pkl
[OUTPUT] split_train:        ../datasets/Automotive/Automotive_train_interactions.pkl
[OUTPUT] split_dev:          ../datasets/Automotive/Automotive_dev_interactions.pkl
[OUTPUT] split_test:         ../datasets/Automotive/Automotive_test_interactions.pkl
[OUTPUT] split_train:        ../datasets/Automotive/Automotive_split_train.pkl
[OUTPUT] split_dev:          ../datasets/Automotive/Automotive_split_dev.pkl
[OUTPUT] split_test:         ../datasets/Automotive/Automotive_split_test.pkl
[OUTPUT] uid_userDoc:        ../datasets/Automotive/Automotive_uid_userDoc.npy
[OUTPUT] iid_itemDoc:        ../datasets/Automotive/Automotive_iid_itemDoc.npy
[OUTPUT] uid_userDoc:        ../datasets/Automotive/Automotive_uid_userVis.npy
[OUTPUT] iid_itemDoc:        ../datasets/Automotive/Automotive_iid_itemVis.npy

Preprocessing data for "Automotive"

[Settings]
Min reviews for user/item: 1
Min review length to qualify as an user-item interaction: 10
Max words for user/item document: 500 (For truncating/padding to get a fixed-size representation)
Top-50000 words in vocabulary being utilized!


Initial pass of reviews to get the user-item interactions!
Initial pass of reviews for "Automotive": 1373768it [00:39, 35216.32it/s]
[Initial stats] Users: 851,418, Items: 320,112, Ratings: 1,373,768, Density: 0.0000050


Second pass of visual features to get the item-feature interactions!
Initial pass of reviews for "Automotive": 100%|████████████████████████████████████████████████████████████████████| 328480/328480 [00:05<00:00, 59194.68it/s]
[Second stats] Items with image: 328,480, Images: 328,480, Density: 1.0000000


Starting to filter away users & items based on thresold of 1 images!
Updating interactions based on the num of images...
Filtering interactions: 100%|██████████████████████████████████████████████████████████████████████████████████| 1373768/1373768 [00:00<00:00, 3423272.32it/s]

Filtered users & items based on thresold of 1 images!
Users: 851418 -> 846942, Items: 320112 -> 317586
[Current stats] Users: 846942, Items: 317586, Ratings: 1363644, Density: 0.0000051
Updating interactions based on the num of images...
Filtering interactions: 100%|██████████████████████████████████████████████████████████████████████████████████| 1363644/1363644 [00:00<00:00, 3645794.81it/s]

Filtered users & items based on thresold of 1 images!
Users: 846942 -> 846942, Items: 317586 -> 317586
[Current stats] Users: 846942, Items: 317586, Ratings: 1363644, Density: 0.0000051

No change in # of users or # of items!

[Final stats] Users: 846,942, Items: 317,586, Ratings: 1,363,644, Density: 0.0000051

Elapsed time for "Automotive": 51.01 seconds (0.85 minutes)

Starting to filter away users & items based on thresold of 1 reviews!

Filtered users & items based on hresold of 1 reviews!
Users: 846942 -> 846942, Items: 317586 -> 317586

No change in # of users or # of items!

[Final stats] Users: 846,942, Items: 317,586, Ratings: 1,363,644, Density: 0.0000051

Elapsed time for "Automotive": 51.22 seconds (0.85 minutes)


Third pass of reviews to get the rating, date, the num of tokenized review and index!
Third pass of len of reviews for "Automotive": 1373768it [01:01, 22327.16it/s]
[Current stats] Users: 846,942, Items: 317,586, Ratings: 1,363,644, Density: 0.0000051

Filtering user-item interactions based on minimum review length of 10 tokens..
Filtering interactions: 100%|██████████████████████████████████████████████████████████████████████████████████| 1363644/1363644 [00:00<00:00, 4305638.87it/s]

Filtered users & items based on minimum review length of 10 tokens!
Users: 846,942 -> 835,219, Items: 317,586 -> 314,206
[Current stats] Users: 835,219, Items: 314,206, Ratings: 1,342,239, Density: 0.0000051


Starting to filter away users & items based on thresold of 1 reviews (after removing reviews with <= 10 tokens)!

Filtered users & items based on thresold of 1 reviews!
Users: 835,219 -> 835,219, Items: 314,206 -> 314,206

No change in # of users or # of items!

[Final stats] Users: 835,219, Items: 314,206, Ratings: 1,342,239, Density: 0.0000051

*****************************************************************************************************************************
*** Original Dataset Size (i.e. num_ratings): 1,342,239!
*** Selecting a random subsample of 1,000,000 user-item interactions!
*** Current Dataset Size (i.e. num_ratings):  1,000,000!
*****************************************************************************************************************************
Fourth pass of reviews for "Automotive": 1373768it [01:02, 21968.68it/s]


80.0% of ALL reviews are RANDOMLY selected for TRAIN, another 10.0% RANDOMLY selected for DEV, and remaining 10.0% used for TEST.

[Initial Stats] Total Interactions: 1,000,000, TRAIN: 800,000 (80.00%), DEV: 100,000 (10.00%), TEST: 100,000 (10.00%)


Removing users & items who do not appear in the training set, from the dev and test sets..
Updating DEV interactions: 100%|█████████████████████████████████████████████████████████████████████████████████| 100000/100000 [00:00<00:00, 1051264.61it/s]
Updating TEST interactions: 100%|████████████████████████████████████████████████████████████████████████████████| 100000/100000 [00:00<00:00, 1015454.42it/s]

Removed 64,454 interactions from DEV and 64,310 interactions from TEST! (i.e. Those belonging to Users/Items which do not appear in TRAIN)

[Current Stats] Total Interactions: 871,236, TRAIN: 800,000 (91.82%), DEV: 35,546 (4.08%), TEST: 35,690 (4.10%)


[FINAL Stats] Users: 561,942, Items: 233,577, Ratings: 871,236, Density: 0.0000066

[FINAL Stats] Total Interactions: 871,236, TRAIN: 800,000 (91.82%), DEV: 35,546 (4.08%), TEST: 35,690 (4.10%)

[FINAL Stats][TRAIN] Users: 561,942, Items: 233,577, Ratings: 800,000
[FINAL Stats][DEV]   Users: 31,081, Items: 22,633, Ratings: 35,546
[FINAL Stats][TEST]  Users: 31,277, Items: 22,588, Ratings: 35,690


train_interactions:   ../datasets/Automotive/Automotive_train_interactions.pkl
dev_interactions:     ../datasets/Automotive/Automotive_dev_interactions.pkl
test_interactions:    ../datasets/Automotive/Automotive_test_interactions.pkl

Consolidating user/item reviews from TRAINING set
Consolidating user/item reviews from TRAINING set: 100%|██████████████████████████████████████████████████████████| 800000/800000 [00:04<00:00, 162961.16it/s]

Creating user docs from TRAINING set
Creating item docs from TRAINING set

Minimum User Doc Len: 10, Minimum Item Doc Len: 10

Original number of words (based on USER & ITEM documents constructed from TRAINING set): 189,498
For the vocabulary, we are only using the 50,000 most frequent words
Current number of words: 50,000

For each user doc, converting words to wids using word_wid...: 100%|███████████████████████████████████████████████| 561942/561942 [00:06<00:00, 84848.25it/s]
For each item doc, converting words to wids using word_wid...: 100%|███████████████████████████████████████████████| 233577/233577 [00:03<00:00, 61612.69it/s]
Store the actual length of each user document (before padding): 100%|████████████████████████████████████████████| 561942/561942 [00:00<00:00, 3336601.92it/s]
Store the actual length of each item document (before padding): 100%|████████████████████████████████████████████| 233577/233577 [00:00<00:00, 3049267.15it/s]
Pad the user documents to MAX_DOC_LEN: 100%|██████████████████████████████████████████████████████████████████████| 561942/561942 [00:04<00:00, 136767.89it/s]
Pad the item documents to MAX_DOC_LEN: 100%|██████████████████████████████████████████████████████████████████████| 233577/233577 [00:01<00:00, 136592.75it/s]
Preparing the TRAINING set: 100%|█████████████████████████████████████████████████████████████████████████████████| 800000/800000 [00:00<00:00, 873997.46it/s]
Preparing the DEV set: 100%|████████████████████████████████████████████████████████████████████████████████████████| 35546/35546 [00:00<00:00, 735030.91it/s]
Preparing the TESTING set: 100%|████████████████████████████████████████████████████████████████████████████████████| 35690/35690 [00:00<00:00, 618987.54it/s]
Info:                 ../datasets/Automotive/Automotive_info.pkl
Training Set:         ../datasets/Automotive/Automotive_split_train.pkl
Validation Set:       ../datasets/Automotive/Automotive_split_dev.pkl
Test Set:             ../datasets/Automotive/Automotive_split_test.pkl

Creating numpy matrix for uid_userDoc..
User Document Matrix: (561942, 500)
User Document Matrix: ../datasets/Automotive/Automotive_uid_userDoc.npy

Creating numpy matrix for iid_itemDoc..
Item Document Matrix: (233577, 500)
Item Document Matrix: ../datasets/Automotive/Automotive_iid_itemDoc.npy

Consolidating user/item visual features from TRAINING set
Consolidating user/item visual features from TRAINING set: 100%|██████████████████████████████████████████████████| 800000/800000 [00:04<00:00, 181519.76it/s]

Creating user visuals from TRAINING set
Creating item visuals from TRAINING set

Minimum User Vis Len: 50, Minimum Item Vis Len: 50
Convert user to uid...: 100%|████████████████████████████████████████████████████████████████████████████████████| 561942/561942 [00:00<00:00, 1698432.53it/s]
Convert item to iid...: 100%|████████████████████████████████████████████████████████████████████████████████████| 233577/233577 [00:00<00:00, 1470688.03it/s]
Store the actual length of each user visual feature (before padding): 100%|██████████████████████████████████████| 561942/561942 [00:00<00:00, 3664939.50it/s]
Store the actual length of each item visual feature (before padding): 100%|██████████████████████████████████████| 233577/233577 [00:00<00:00, 3112844.01it/s]
Pad the user visual feature to MAX_VIS_LEN: 100%|██████████████████████████████████████████████████████████████████| 561942/561942 [00:06<00:00, 89138.97it/s]
Pad the item visual feature to MAX_VIS_LEN: 100%|█████████████████████████████████████████████████████████████████| 233577/233577 [00:01<00:00, 151922.88it/s]

Creating numpy matrix for uid_userVis..
User Visual Feature Matrix: (561942, 500)
User Visual Feature Matrix: ../datasets/Automotive/Automotive_uid_userDoc.npy

Creating numpy matrix for iid_itemVis..
Item Visual Feature Matrix: (233577, 500)
Item Visual Feature Matrix: ../datasets/Automotive/Automotive_iid_itemDoc.npy

Saving all required files for "Automotive"..
Environment:          ../datasets/Automotive/Automotive_env.pkl

All required files for "Automotive" successfully saved to '../datasets/Automotive/'

Preprocessing for "Automotive" done after 396.22 seconds (6.60 minutes)


Done!!
