╭─xulabzz ~/Dev/NLP/ANR/preprocessing ‹master*›
╰─➤  $ python preprocessing_simple.py -d Cell_Phones_and_Accessories -dev_test_in_train 1

Dataset: Cell_Phones_and_Accessories
[args from argparse.ArgumentParser().parse_args()]
command: preprocessing_simple.py -d Cell_Phones_and_Accessories -dev_test_in_train 1
dataset: Cell_Phones_and_Accessories
dataset_maximum_size: 1000000
dev_test_in_train: True
maxDL: 500
maxVL: 500
minImages: 1
minReviews: 1
minRL: 10
random_seed: 1337
train_ratio: 0.8
vocab: 50000

[INPUT] Source Folder:       ../datasets/
[INPUT] Reviews/Ratings:     ../datasets/reviews_Cell_Phones_and_Accessories.json

[OUTPUT] Category Folder:    ../datasets/Cell_Phones_and_Accessories/
[OUTPUT] env:                ../datasets/Cell_Phones_and_Accessories/Cell_Phones_and_Accessories_env.pkl
[OUTPUT] info:               ../datasets/Cell_Phones_and_Accessories/Cell_Phones_and_Accessories_info.pkl
[OUTPUT] split_train:        ../datasets/Cell_Phones_and_Accessories/Cell_Phones_and_Accessories_train_interactions.pkl
[OUTPUT] split_dev:          ../datasets/Cell_Phones_and_Accessories/Cell_Phones_and_Accessories_dev_interactions.pkl
[OUTPUT] split_test:         ../datasets/Cell_Phones_and_Accessories/Cell_Phones_and_Accessories_test_interactions.pkl
[OUTPUT] split_train:        ../datasets/Cell_Phones_and_Accessories/Cell_Phones_and_Accessories_split_train.pkl
[OUTPUT] split_dev:          ../datasets/Cell_Phones_and_Accessories/Cell_Phones_and_Accessories_split_dev.pkl
[OUTPUT] split_test:         ../datasets/Cell_Phones_and_Accessories/Cell_Phones_and_Accessories_split_test.pkl
[OUTPUT] uid_userDoc:        ../datasets/Cell_Phones_and_Accessories/Cell_Phones_and_Accessories_uid_userDoc.npy
[OUTPUT] iid_itemDoc:        ../datasets/Cell_Phones_and_Accessories/Cell_Phones_and_Accessories_iid_itemDoc.npy
[OUTPUT] uid_userDoc:        ../datasets/Cell_Phones_and_Accessories/Cell_Phones_and_Accessories_uid_userVis.npy
[OUTPUT] iid_itemDoc:        ../datasets/Cell_Phones_and_Accessories/Cell_Phones_and_Accessories_iid_itemVis.npy

Preprocessing data for "Cell_Phones_and_Accessories"

[Settings]
Min reviews for user/item: 1
Min review length to qualify as an user-item interaction: 10
Max words for user/item document: 500 (For truncating/padding to get a fixed-size representation)
Top-50000 words in vocabulary being utilized!


Initial pass of reviews to get the user-item interactions!
Initial pass of reviews for "Cell_Phones_and_Accessories": 3447249it [01:38, 35163.64it/s]
[Initial stats] Users: 2,261,045, Items: 319,678, Ratings: 3,447,249, Density: 0.0000048


Second pass of visual features to get the item-feature interactions!
Initial pass of reviews for "Cell_Phones_and_Accessories": 100%|███████████████████████████████████████████████████| 343343/343343 [00:05<00:00, 66582.96it/s]
[Second stats] Items with image: 343,343, Images: 343,343, Density: 1.0000000


Starting to filter away users & items based on thresold of 1 images!
Updating interactions based on the num of images...
Filtering interactions: 100%|██████████████████████████████████████████████████████████████████████████████████| 3447249/3447249 [00:00<00:00, 4565256.26it/s]

Filtered users & items based on thresold of 1 images!
Users: 2261045 -> 2235942, Items: 319678 -> 316358
[Current stats] Users: 2235942, Items: 316358, Ratings: 3397816, Density: 0.0000048
Updating interactions based on the num of images...
Filtering interactions: 100%|██████████████████████████████████████████████████████████████████████████████████| 3397816/3397816 [00:00<00:00, 4505655.27it/s]

Filtered users & items based on thresold of 1 imaes!
Users: 2235942 -> 2235942, Items: 316358 -> 316358
[Current stats] Users: 2235942, Items: 316358, Ratings: 3397816, Density: 0.0000048

No change in # of users or # of items!

[Final stats] Users: 2,235,942, Items: 316,358, Ratings: 3,397,816, Density: 0.0000048

Elapsed time for "Cell_Phones_and_Accessories": 114.19 seconds (1.90 minutes)

Starting to filter away users & items based on thresold of 1 reviews!

Filtered users & items based on thresold of 1 reviews!
Users: 2235942 -> 2235942, Items: 316358 -> 316358

No change in # of users or # of items!

[Final stats] Users: 2,235,942, Items: 316,358, Ratings: 3,397,816, Density: 0.0000048

Elapsed time for "Cell_Phones_and_Accessories": 114.73 seconds (1.91 minutes)


Third pass of reviews to get the rating, date, the num of tokenized review and index!
Third pass of len of reviews for "Cell_Phones_and_Accessories": 3447249it [02:35, 22183.35it/s]
[Current stats] Users: 2,235,942, Items: 316,358, Ratings: 3,397,816, Density: 0.0000048

Filtering user-item interactions based on minimum review length of 10 tokens..
Filtering interactions: 100%|██████████████████████████████████████████████████████████████████████████████████| 3397816/3397816 [00:00<00:00, 5212966.34it/s]

Filtered users & items based on minimum review length of 10 tokens!
Users: 2,235,942 -> 2,204,951, Items: 316,358 -> 313,775
[Current stats] Users: 2,204,951, Items: 313,775, Ratings: 3,345,027, Density: 0.0000048


Starting to filter away users & items based on thresold of 1 reviews (after removing reviews with <= 10 tokens)!

Filtered users & items based on thresold of 1 reviews!
Users: 2,204,951 -> 2,204,951, Items: 313,775 -> 313,775

No change in # of users or # of items!

[Final stats] Users: 2,204,951, Items: 313,775, Ratings: 3,345,027, Density: 0.0000048

*****************************************************************************************************************************
*** Original Dataset Size (i.e. num_ratings): 3,345,027!
*** Selecting a random subsample of 1,000,000 user-item interactions!
*** Current Dataset Size (i.e. num_ratings):  1,000,000!
*****************************************************************************************************************************
Fourth pass of reviews for "Cell_Phones_and_Accessories": 3447246it [02:01, 28401.71it/s]


80.0% of ALL reviews are RANDOMLY selected for TRAIN, another 10.0% RANDOMLY selected for DEV, and remaining 10.0% used for TEST.

[Initial Stats] Total Interactions: 1,000,000, TRAIN: 800,000 (80.00%), DEV: 100,000 (10.00%), TEST: 100,000 (10.00%)


Removing users & items who do not appear in the training set, from the dev and test sets..
Updating DEV interactions: 100%|█████████████████████████████████████████████████████████████████████████████████| 100000/100000 [00:00<00:00, 1091993.67it/s]
Updating TEST interactions: 100%|████████████████████████████████████████████████████████████████████████████████| 100000/100000 [00:00<00:00, 1059753.75it/s]

Removed 78,955 interactions from DEV and 78,846 interactions from TEST! (i.e. Those belonging to Users/Items which do not appear in TRAIN)

[Current Stats] Total Interactions: 842,199, TRAIN: 800,000 (94.99%), DEV: 21,045 (2.50%), TEST: 21,154 (2.51%)


[FINAL Stats] Users: 687,583, Items: 148,399, Ratings: 842,199, Density: 0.0000083

[FINAL Stats] Total Interactions: 842,199, TRAIN: 800,000 (94.99%), DEV: 21,045 (2.50%), TEST: 21,154 (2.51%)

[FINAL Stats][TRAIN] Users: 687,583, Items: 148,399, Ratings: 800,000
[FINAL Stats][DEV]   Users: 19,836, Items: 12,092, Ratings: 21,045
[FINAL Stats][TEST]  Users: 19,898, Items: 12,119, Ratings: 21,154


train_interactions:   ../datasets/Cell_Phones_and_Accessories/Cell_Phones_and_Accessories_train_interactions.pkl
dev_interactions:     ../datasets/Cell_Phones_and_Accessories/Cell_Phones_and_Accessories_dev_interactions.pkl
test_interactions:    ../datasets/Cell_Phones_and_Accessories/Cell_Phones_and_Accessories_test_interactions.pkl

Consolidating user/item reviews from TRAINING set
Consolidating user/item reviews from TRAINING set: 100%|██████████████████████████████████████████████████████████| 800000/800000 [00:04<00:00, 171063.66it/s]

Creating user docs from TRAINING set
Creating item docs from TRAINING set

Minimum User Doc Len: 10, Minimum Item Doc Len: 10

Original number of words (based on USER & ITEM documents constructed from TRAINING set): 155,733
For the vocabulary, we are only using the 50,000 most frequent words
Current number of words: 50,000

For each user doc, converting words to wids using word_wid...: 100%|██████████████████████████████████████████████| 687583/687583 [00:06<00:00, 105815.70it/s]
For each item doc, converting words to wids using word_wid...: 100%|███████████████████████████████████████████████| 148399/148399 [00:07<00:00, 20283.43it/s]
Store the actual length of each user document (before padding): 100%|████████████████████████████████████████████| 687583/687583 [00:00<00:00, 3541404.50it/s]
Store the actual length of each item document (before padding): 100%|████████████████████████████████████████████| 148399/148399 [00:00<00:00, 3516894.39it/s]
Pad the user documents to MAX_DOC_LEN: 100%|██████████████████████████████████████████████████████████████████████| 687583/687583 [00:04<00:00, 148023.84it/s]
Pad the item documents to MAX_DOC_LEN: 100%|███████████████████████████████████████████████████████████████████████| 148399/148399 [00:05<00:00, 24921.98it/s]
Preparing the TRAINING set: 100%|█████████████████████████████████████████████████████████████████████████████████| 800000/800000 [00:00<00:00, 956031.82it/s]
Preparing the DEV set: 100%|████████████████████████████████████████████████████████████████████████████████████████| 21045/21045 [00:00<00:00, 830463.43it/s]
Preparing the TESTING set: 100%|████████████████████████████████████████████████████████████████████████████████████| 21154/21154 [00:00<00:00, 821364.96it/s]
Info:                 ../datasets/Cell_Phones_and_Accessories/Cell_Phones_and_Accessories_info.pkl
Training Set:         ../datasets/Cell_Phones_and_Accessories/Cell_Phones_and_Accessories_split_train.pkl
Validation Set:       ../datasets/Cell_Phones_and_Accessories/Cell_Phones_and_Accessories_split_dev.pkl
Test Set:             ../datasets/Cell_Phones_and_Accessories/Cell_Phones_and_Accessories_split_test.pkl

Creating numpy matrix for uid_userDoc..
User Document Matrix: (687583, 500)
User Document Matrix: ../datasets/Cell_Phones_and_Accessories/Cell_Phones_and_Accessories_uid_userDoc.npy

Creating numpy matrix for iid_itemDoc..
Item Document Matrix: (148399, 500)
Item Document Matrix: ../datasets/Cell_Phones_and_Accessories/Cell_Phones_and_Accessories_iid_itemDoc.npy

Consolidating user/item visual features from TRAINING set
Consolidating user/item visual features from TRAINING set: 100%|██████████████████████████████████████████████████| 800000/800000 [00:02<00:00, 306258.59it/s]

Creating user visuals from TRAINING set
Creating item visuals from TRAINING set

Minimum User Vis Len: 50, Minimum Item Vis Len: 50
Convert user to uid...: 100%|████████████████████████████████████████████████████████████████████████████████████| 687583/687583 [00:00<00:00, 1778689.84it/s]
Convert item to iid...: 100%|████████████████████████████████████████████████████████████████████████████████████| 148399/148399 [00:00<00:00, 1810975.65it/s]
Store the actual length of each user visual feature (before padding): 100%|██████████████████████████████████████| 687583/687583 [00:00<00:00, 3719801.22it/s]
Store the actual length of each item visual feature (before padding): 100%|██████████████████████████████████████| 148399/148399 [00:00<00:00, 3265192.15it/s]
Pad the user visual feature to MAX_VIS_LEN: 100%|█████████████████████████████████████████████████████████████████| 687583/687583 [00:06<00:00, 100024.25it/s]
Pad the item visual feature to MAX_VIS_LEN: 100%|█████████████████████████████████████████████████████████████████| 148399/148399 [00:00<00:00, 156140.26it/s]

Creating numpy matrix for uid_userVis..
User Visual Feature Matrix: (687583, 500)
User Visual Feature Matrix: ../datasets/Cell_Phones_and_Accessories/Cell_Phones_and_Accessories_uid_userDoc.npy

Creating numpy matrix for iid_itemVis..
Item Visual Feature Matrix: (148399, 500)
Item Visual Feature Matrix: ../datasets/Cell_Phones_and_Accessories/Cell_Phones_and_Accessories_iid_itemDoc.npy

Saving all required files for "Cell_Phones_and_Accessories"..
Environment:          ../datasets/Cell_Phones_and_Accessories/Cell_Phones_and_Accessories_env.pkl

All required files for "Cell_Phones_and_Accessories" successfully saved to '../datasets/Cell_Phones_and_Accessories/'

Preprocessing for "Cell_Phones_and_Accessories" done after 1316.60 seconds (21.94 minutes)


Done!!
