╭─xulabzz ~/Dev/NLP/ANR/preprocessing ‹master*›
╰─➤  $ python preprocessing_simple.py -d Electronics -dev_test_in_train 1

Dataset: Electronics
[args from argparse.ArgumentParser().parse_args()]
command: preprocessing_simple.py -d Electronics -dev_test_in_train 1
dataset: Electronics
dataset_maximum_size: 1000000
dev_test_in_train: True
maxDL: 500
maxVL: 500
minImages: 1
minReviews: 1
minRL: 10
random_seed: 1337
train_ratio: 0.8
vocab: 50000

[INPUT] Source Folder:       ../datasets/
[INPUT] Reviews/Ratings:     ../datasets/reviews_Electronics.json

[OUTPUT] Category Folder:    ../datasets/Electronics/
[OUTPUT] env:                ../datasets/Electronics/Electronics_env.pkl
[OUTPUT] info:               ../datasets/Electronics/Electronics_info.pkl
[OUTPUT] split_train:        ../datasets/Electronics/Electronics_train_interactions.pkl
[OUTPUT] split_dev:          ../datasets/Electronics/Electronics_dev_interactions.pkl
[OUTPUT] split_test:         ../datasets/Electronics/Electronics_test_interactions.pkl
[OUTPUT] split_train:        ../datasets/Electronics/Electronics_split_train.pkl
[OUTPUT] split_dev:          ../datasets/Electronics/Electronics_split_dev.pkl
[OUTPUT] split_test:         ../datasets/Electronics/Electronics_split_test.pkl
[OUTPUT] uid_userDoc:        ../datasets/Electronics/Electronics_uid_userDoc.npy
[OUTPUT] iid_itemDoc:        ../datasets/Electronics/Electronics_iid_itemDoc.npy
[OUTPUT] uid_userDoc:        ../datasets/Electronics/Electronics_uid_userVis.npy
[OUTPUT] iid_itemDoc:        ../datasets/Electronics/Electronics_iid_itemVis.npy

Preprocessing data for "Electronics"

[Settings]
Min reviews for user/item: 1
Min review length to qualify as an user-item interaction: 10
Max words for user/item document: 500 (For truncating/padding to get a fixed-size representation)
Top-50000 words in vocabulary being utilized!


Initial pass of reviews to get the user-item interactions!
Initial pass of reviews for "Electronics": 7824482it [03:54, 33395.30it/s]
[Initial stats] Users: 4,201,696, Items: 476,002, Ratings: 7,824,482, Density: 0.0000039


Second pass of visual features to get the item-feature interactions!
Initial pass of reviews for "Electronics": 100%|███████████████████████████████████████████████████████████████████| 494726/494726 [00:08<00:00, 56647.61it/s]
[Second stats] Items with image: 494,726, Images: 494,726, Density: 1.0000000


Starting to filter away users & items based on thresold of 1 images!
Updating interactions based on the num of images...
Filtering interactions: 100%|██████████████████████████████████████████████████████████████████████████████████| 7824482/7824482 [00:01<00:00, 5088739.99it/s]

Filtered users & items based on thresold of 1 images!
Users: 4201696 -> 4180078, Items: 476002 -> 472669
[Current stats] Users: 4180078, Items: 472669, Ratings: 7762221, Density: 0.0000039
Updating interactions based on the num of images...
Filtering interactions: 100%|██████████████████████████████████████████████████████████████████████████████████| 7762221/7762221 [00:01<00:00, 5064456.14it/s]

Filtered users & items based on thresold of 1 images!
Users: 4180078 -> 4180078, Items: 472669 -> 472669
[Current stats] Users: 4180078, Items: 472669, Ratings: 7762221, Density: 0.0000039

No change in # of users or # of items!

[Final stats] Users: 4,180,078, Items: 472,669, Ratings: 7,762,221, Density: 0.0000039

Elapsed time for "Electronics": 265.65 seconds (4.43 minutes)

Starting to filter away users & items based on thresold of 1 reviews!

Filtered users & items based on thresold of 1 reviews!
Users: 4180078 -> 418078, Items: 472669 -> 472669

No change in # of users or # of items!

[Final stats] Users: 4,180,078, Items: 472,669, Ratings: 7,762,221, Density: 0.0000039

Elapsed time for "Electronics": 266.65 seconds (4.44 minutes)


Third pass of reviews to get the rating, date, the num of tokenized review and index!
Third pass of len of reviews for "Electronics": 7824482it [06:44, 19334.65it/s]
[Current stats] Users: 4,180,078, Items: 472,669, Ratings: 7,762,221, Density: 0.0000039

Filtering user-item interactions based on minimum review length of 10 tokens..
Filtering interactions: 100%|██████████████████████████████████████████████████████████████████████████████████| 7762221/7762221 [00:01<00:00, 5493387.29it/s]

Filtered users & items based on minimum review length of 10 tokens!
Users: 4,180,078 -> 4,147,690, Items: 472,669 -> 470,149
[Current stats] Users: 4,147,690, Items: 470,149, Ratings: 7,696,101, Density: 0.0000039


Starting to filter away users & items based on thresold of 1 reviews (after removing reviews with <= 10 tokens)!

Filtered users & items based on thresold of 1 reviews!
Users: 4,147,690 -> 4,147,690, Items: 470,149 -> 470,149

No change in # of users or # of items!

[Final stats] Users: 4,147,690, Items: 470,149, Ratings: 7,696,101, Density: 0.0000039

*****************************************************************************************************************************
*** Original Dataset Size (i.e. num_ratings): 7,696,101!
*** Selecting a random subsample of 1,000,000 user-item interactions!
*** Current Dataset Size (i.e. num_ratings):  1,000,000!
*****************************************************************************************************************************
Fourth pass of reviews for "Electronics": 7824481it [04:20, 30007.58it/s]


80.0% of ALL reviews are RANDOMLY selected for TRAIN, another 10.0% RANDOMLY selected for DEV, and remaining 10.0% used for TEST.

[Initial Stats] Total Interactions: 1,000,000, TRAIN: 800,000 (80.00%), DEV: 100,000 (10.00%), TEST: 100,000 (10.00%)


Removing users & items who do not appear in the training set, from the dev and test sets..
Updating DEV interactions: 100%|█████████████████████████████████████████████████████████████████████████████████| 100000/100000 [00:00<00:00, 1011072.78it/s]
Updating TEST interactions: 100%|█████████████████████████████████████████████████████████████████████████████████| 100000/100000 [00:00<00:00, 973637.55it/s]

Removed 79,075 interactions from DEV and 79,046 interactions from TEST! (i.e. Those belonging to Users/Items which do not appear in TRAIN)

[Current Stats] Total Interactions: 841,879, TRAIN: 800,000 (95.03%), DEV: 20,925 (2.49%), TEST: 20,954 (2.49%)


[FINAL Stats] Users: 685,969, Items: 168,412, Ratings: 841,879, Density: 0.0000073

[FINAL Stats] Total Interactions: 841,879, TRAIN: 800,000 (95.03%), DEV: 20,925 (2.49%), TEST: 20,954 (2.49%)

[FINAL Stats][TRAIN] Users: 685,969, Items: 168,412, Ratings: 800,000
[FINAL Stats][DEV]   Users: 19,349, Items: 13,659, Ratings: 20,925
[FINAL Stats][TEST]  Users: 19,418, Items: 13,674, Ratings: 20,954


train_interactions:   ../datasets/Electronics/Electronics_train_interactions.pkl
dev_interactions:     ../datasets/Electronics/Electronics_dev_interactions.pkl
test_interactions:    ../datasets/Electronics/Electronics_test_interactions.pkl

Consolidating user/item reviews from TRAINING set
Consolidating user/item reviews from TRAINING set: 100%|██████████████████████████████████████████████████████████| 800000/800000 [00:05<00:00, 148413.23it/s]

Creating user docs from TRAINING set
Creating item docs from TRAINING set

Minimum User Doc Len: 10, Minimum Item Doc Len: 10

Original number of words (based on USER & ITEM documents constructed from TRAINING set): 259,654
For the vocabulary, we are only using the 50,000 most frequent words
Current number of words: 50,000

For each user doc, converting words to wids using word_wid...: 100%|███████████████████████████████████████████████| 685969/685969 [00:08<00:00, 78446.05it/s]
For each item doc, converting words to wids using word_wid...: 100%|███████████████████████████████████████████████| 168412/168412 [00:03<00:00, 43308.86it/s]
Store the actual length of each user document (before padding): 100%|████████████████████████████████████████████| 685969/685969 [00:00<00:00, 3309944.37it/s]
Store the actual length of each item document (before padding): 100%|████████████████████████████████████████████| 168412/168412 [00:00<00:00, 2980079.08it/s]
Pad the user documents to MAX_DOC_LEN: 100%|██████████████████████████████████████████████████████████████████████| 685969/685969 [00:04<00:00, 139586.17it/s]
Pad the item documents to MAX_DOC_LEN: 100%|██████████████████████████████████████████████████████████████████████| 168412/168412 [00:01<00:00, 145444.71it/s]
Preparing the TRAINING set: 100%|█████████████████████████████████████████████████████████████████████████████████| 800000/800000 [00:00<00:00, 838274.01it/s]
Preparing the DEV set: 100%|████████████████████████████████████████████████████████████████████████████████████████| 20925/20925 [00:00<00:00, 779378.49it/s]
Preparing the TESTING set: 100%|████████████████████████████████████████████████████████████████████████████████████| 20954/20954 [00:00<00:00, 463118.81it/s]
Info:                 ../datasets/Electronics/Electronics_info.pkl
Training Set:         ../datasets/Electronics/Electronics_split_train.pkl
Validation Set:       ../datasets/Electronics/Electronics_split_dev.pkl
Test Set:             ../datasets/Electronics/Electronics_split_test.pkl

Creating numpy matrix for uid_userDoc..
User Document Matrix: (685969, 500)
User Document Matrix: ../datasets/Electronics/Electronics_uid_userDoc.npy

Creating numpy matrix for iid_itemDoc..
Item Document Matrix: (168412, 500)
Item Document Matrix: ../datasets/Electronics/Electronics_iid_itemDoc.npy

Consolidating user/item visual features from TRAINING set
Consolidating user/item visual features from TRAINING set: 100%|██████████████████████████████████████████████████| 800000/800000 [00:03<00:00, 263038.10it/s]

Creating user visuals from TRAINING set
Creating item visuals from TRAINING set

Minimum User Vis Len: 50, Minimum Item Vis Len: 50
Convert user to uid...: 100%|████████████████████████████████████████████████████████████████████████████████████| 685969/685969 [00:00<00:00, 1717532.60it/s]
Convert item to iid...: 100%|████████████████████████████████████████████████████████████████████████████████████| 168412/168412 [00:00<00:00, 1591642.91it/s]
Store the actual length of each user visual feature (before padding): 100%|██████████████████████████████████████| 685969/685969 [00:00<00:00, 3740733.23it/s]
Store the actual length of each item visual feature (before padding): 100%|██████████████████████████████████████| 168412/168412 [00:00<00:00, 2866161.06it/s]
Pad the user visual feature to MAX_VIS_LEN: 100%|██████████████████████████████████████████████████████████████████| 685969/685969 [00:07<00:00, 94853.17it/s]
Pad the item visual feature to MAX_VIS_LEN: 100%|█████████████████████████████████████████████████████████████████| 168412/168412 [00:01<00:00, 151621.12it/s]

Creating numpy matrix for uid_userVis..
User Visual Feature Matrix: (685969, 500)
User Visual Feature Matrix: ../datasets/Electronics/Electronics_uid_userDoc.npy

Creating numpy matrix for iid_itemVis..
Item Visual Feature Matrix: (168412, 500)
Item Visual Feature Matrix: ../datasets/Electronics/Electronics_iid_itemDoc.npy

Saving all required files for "Electronics"..
Environment:          ../datasets/Electronics/Electronics_env.pkl

All required files for "Electronics" successfully saved to '../datasets/Electronics/'

Preprocessing for "Electronics" done after 2736.36 seconds (45.61 minutes)


Done!!
0
