╭─xulabzz ~/Dev/NLP/ANR/preprocessing ‹master*›
╰─➤  $ python preprocessing_simple.py -d Grocery_and_Gourmet_Food -dev_test_in_train 1                                                                  130 ↵

Dataset: Grocery_and_Gourmet_Food
[args from argparse.ArgumentParser().parse_args()]
command: preprocessing_simple.py -d Grocery_and_Gourmet_Food -dev_test_in_train 1
dataset: Grocery_and_Gourmet_Food
dataset_maximum_size: 1000000
dev_test_in_train: True
maxDL: 500
maxVL: 500
minImages: 1
minReviews: 1
minRL: 10
random_seed: 1337
train_ratio: 0.8
vocab: 50000

[INPUT] Source Folder:       ../datasets/
[INPUT] Reviews/Ratings:     ../datasets/reviews_Grocery_and_Gourmet_Food.json

[OUTPUT] Category Folder:    ../datasets/Grocery_and_Gourmet_Food/
[OUTPUT] env:                ../datasets/Grocery_and_Gourmet_Food/Grocery_and_Gourmet_Food_env.pkl
[OUTPUT] info:               ../datasets/Grocery_and_Gourmet_Food/Grocery_and_Gourmet_Food_info.pkl
[OUTPUT] split_train:        ../datasets/Grocery_and_Gourmet_Food/Grocery_and_Gourmet_Food_train_interactions.pkl
[OUTPUT] split_dev:          ../datasets/Grocery_and_Gourmet_Food/Grocery_and_Gourmet_Food_dev_interactions.pkl
[OUTPUT] split_test:         ../datasets/Grocery_and_Gourmet_Food/Grocery_and_Gourmet_Food_test_interactions.pkl
[OUTPUT] split_train:        ../datasets/Grocery_and_Gourmet_Food/Grocery_and_Gourmet_Food_split_train.pkl
[OUTPUT] split_dev:          ../datasets/Grocery_and_Gourmet_Food/Grocery_and_Gourmet_Food_split_dev.pkl
[OUTPUT] split_test:         ../datasets/Grocery_and_Gourmet_Food/Grocery_and_Gourmet_Food_split_test.pkl
[OUTPUT] uid_userDoc:        ../datasets/Grocery_and_Gourmet_Food/Grocery_and_Gourmet_Food_uid_userDoc.npy
[OUTPUT] iid_itemDoc:        ../datasets/Grocery_and_Gourmet_Food/Grocery_and_Gourmet_Food_iid_itemDoc.npy
[OUTPUT] uid_userDoc:        ../datasets/Grocery_and_Gourmet_Food/Grocery_and_Gourmet_Food_uid_userVis.npy
[OUTPUT] iid_itemDoc:        ../datasets/Grocery_and_Gourmet_Food/Grocery_and_Gourmet_Food_iid_itemVis.npy

Preprocessing data for "Grocery_and_Gourmet_Food"

[Settings]
Min reviews for user/item: 1
Min review length to qualify as an user-item interaction: 10
Max words for user/item document: 500 (For truncating/padding to get a fixed-size representation)
Top-50000 words in vocabulary being utilized!


Initial pass of reviews to get the user-item interactions!
Initial pass of reviews for "Grocery_and_Gourmet_Food": 1297156it [00:37, 34347.73it/s]
[Initial stats] Users: 768,438, Items: 166,049, Ratings: 1,297,156, Density: 0.0000102


Second pass of visual features to get the item-feature interactions!
Initial pass of reviews for "Grocery_and_Gourmet_Food": 100%|██████████████████████████████████████████████████████| 170361/170361 [00:02<00:00, 61735.14it/s]
[Second stats] Items with image: 170,361, Images: 170,361, Density: 1.0000000


Starting to filter away users & items based on thresold of 1 images!
Updating interactions based on the num of images...
Filtering interactions: 100%|██████████████████████████████████████████████████████████████████████████████████| 1297156/1297156 [00:00<00:00, 4035348.44it/s]

Filtered users & items based on thresold of 1 images!
Users: 768438 -> 763108, Items: 166049 -> 164691
[Current stats] Users: 763108, Items: 164691, Ratings: 1284178, Density: 0.0000102
Updating interactions based on the num of images...
Filtering interactions: 100%|██████████████████████████████████████████████████████████████████████████████████| 1284178/1284178 [00:00<00:00, 3989663.27it/s]

Filtered users & items based on thresold of 1 images!
Users: 763108 -> 63108, Items: 164691 -> 164691
[Current stats] Users: 763108, Items: 164691, Ratings: 1284178, Density: 0.0000102

No change in # of users or # of items!

[Final stats] Users: 763,108, Items: 164,691, Ratings: 1,284,178, Density: 0.0000102

Elapsed time for "Grocery_and_Gourmet_Food": 45.07 seconds (0.75 minutes)

Starting to filter away users & items based on thresold of 1 reviews!

Filtered users & items based on thresold of 1 reviews!
Users: 763108 -> 763108, Items: 164691 -> 164691

No change in # of users or # of items!

[Final stats] Users: 763,108, Items: 164,691, Ratings: 1,284,178, Density: 0.0000102

Elapsed time for "Grocery_and_Gourmet_Food": 45.24 seconds (0.75 minutes)


Third pass of reviews to get the rating, date, the num of tokenized review and index!
Third pass of len of reviews for "Grocery_and_Gourmet_Food": 1297156it [00:58, 22029.21it/s]
[Current stats] Users: 763,108, Items: 164,691, Ratings: 1,284,178, Density: 0.0000102

Filtering user-item interactions based on minimum review length of 10 tokens..
Filtering interactions: 100%|██████████████████████████████████████████████████████████████████████████████████| 1284178/1284178 [00:00<00:00, 4552043.62it/s]

Filtered users & items based on minimum review length of 10 tokens!
Users: 763,108 -> 755,624, Items: 164,691 -> 163,811
[Current stats] Users: 755,624, Items: 163,811, Ratings: 1,271,319, Density: 0.0000103


Starting to filter away users & items based on thresold of 1 reviews (after removing reviews with <= 10 tokens)!

Filtered users & items based on thresold of 1 reviews!
Users: 755,624 -> 755,624, Items: 163,811 -> 163,811

No change in # of users or # of items!

[Final stats] Users: 755,624, Items: 163,811, Ratings: 1,271,319, Density: 0.0000103

*****************************************************************************************************************************
*** Original Dataset Size (i.e. num_ratings): 1,271,319!
*** Selecting a random subsample of 1,000,000 user-item interactions!
*** Current Dataset Size (i.e. num_ratings):  1,000,000!
*****************************************************************************************************************************
Fourth pass of reviews for "Grocery_and_Gourmet_Food": 1297156it [01:01, 21099.60it/s]


80.0% of ALL reviews are RANDOMLY selected for TRAIN, another 10.0% RANDOMLY selected for DEV, and remaining 10.0% used for TEST.

[Initial Stats] Total Interactions: 1,000,000, TRAIN: 800,000 (80.00%), DEV: 100,000 (10.00%), TEST: 100,000 (10.00%)


Removing users & items who do not appear in the training set, from the dev and test sets..
Updating DEV interactions: 100%|█████████████████████████████████████████████████████████████████████████████████| 100000/100000 [00:00<00:00, 1065336.40it/s]
Updating TEST interactions: 100%|████████████████████████████████████████████████████████████████████████████████| 100000/100000 [00:00<00:00, 1035068.36it/s]

Removed 56,536 interactions from DEV and 56,009 interactions from TEST! (i.e. Those belonging to Users/Items which do not appear in TRAIN)

[Current Stats] Total Interactions: 887,455, TRAIN: 800,000 (90.15%), DEV: 43,464 (4.90%), TEST: 43,991 (4.96%)


[FINAL Stats] Users: 528,374, Items: 134,221, Ratings: 887,455, Density: 0.0000125

[FINAL Stats] Total Interactions: 887,455, TRAIN: 800,000 (90.15%), DEV: 43,464 (4.90%), TEST: 43,991 (4.96%)

[FINAL Stats][TRAIN] Users: 528,374, Items: 134,221, Ratings: 800,000
[FINAL Stats][DEV]   Users: 33,957, Items: 21,775, Ratings: 43,464
[FINAL Stats][TEST]  Users: 34,399, Items: 21,874, Ratings: 43,991


train_interactions:   ../datasets/Grocery_and_Gourmet_Food/Grocery_and_Gourmet_Food_train_interactions.pkl
dev_interactions:     ../datasets/Grocery_and_Gourmet_Food/Grocery_and_Gourmet_Food_dev_interactions.pkl
test_interactions:    ../datasets/Grocery_and_Gourmet_Food/Grocery_and_Gourmet_Food_test_interactions.pkl

Consolidating user/item reviews from TRAINING set
Consolidating user/item reviews from TRAINING set: 100%|██████████████████████████████████████████████████████████| 800000/800000 [00:04<00:00, 172161.11it/s]

Creating user docs from TRAINING set
Creating item docs from TRAINING set

Minimum User Doc Len: 10, Minimum Item Doc Len: 10

Original number of words (based on USER & ITEM documents constructed from TRAINING set): 167,596
For the vocabulary, we are only using the 50,000 most frequent words
Current number of words: 50,000

For each user doc, converting words to wids using word_wid...: 100%|███████████████████████████████████████████████| 528374/528374 [00:05<00:00, 91486.50it/s]
For each item doc, converting words to wids using word_wid...: 100%|███████████████████████████████████████████████| 134221/134221 [00:02<00:00, 45819.81it/s]
Store the actual length of each user document (before padding): 100%|████████████████████████████████████████████| 528374/528374 [00:00<00:00, 3364298.80it/s]
Store the actual length of each item document (before padding): 100%|████████████████████████████████████████████| 134221/134221 [00:00<00:00, 2922209.59it/s]
Pad the user documents to MAX_DOC_LEN: 100%|██████████████████████████████████████████████████████████████████████| 528374/528374 [00:03<00:00, 137269.33it/s]
Pad the item documents to MAX_DOC_LEN: 100%|██████████████████████████████████████████████████████████████████████| 134221/134221 [00:00<00:00, 139635.74it/s]
Preparing the TRAINING set: 100%|█████████████████████████████████████████████████████████████████████████████████| 800000/800000 [00:00<00:00, 909785.15it/s]
Preparing the DEV set: 100%|████████████████████████████████████████████████████████████████████████████████████████| 43464/43464 [00:00<00:00, 784533.35it/s]
Preparing the TESTING set: 100%|████████████████████████████████████████████████████████████████████████████████████| 43991/43991 [00:00<00:00, 670931.85it/s]
Info:                 ../datasets/Grocery_and_Gourmet_Food/Grocery_and_Gourmet_Food_info.pkl
Training Set:         ../datasets/Grocery_and_Gourmet_Food/Grocery_and_Gourmet_Food_split_train.pkl
Validation Set:       ../datasets/Grocery_and_Gourmet_Food/Grocery_and_Gourmet_Food_split_dev.pkl
Test Set:             ../datasets/Grocery_and_Gourmet_Food/Grocery_and_Gourmet_Food_split_test.pkl

Creating numpy matrix for uid_userDoc..
User Document Matrix: (528374, 500)
User Document Matrix: ../datasets/Grocery_and_Gourmet_Food/Grocery_and_Gourmet_Food_uid_userDoc.npy

Creating numpy matrix for iid_itemDoc..
Item Document Matrix: (134221, 500)
Item Document Matrix: ../datasets/Grocery_and_Gourmet_Food/Grocery_and_Gourmet_Food_iid_itemDoc.npy

Consolidating user/item visual features from TRAINING set
Consolidating user/item visual features from TRAINING set: 100%|██████████████████████████████████████████████████| 800000/800000 [00:02<00:00, 324120.15it/s]

Creating user visuals from TRAINING set
Creating item visuals from TRAINING set

Minimum User Vis Len: 50, Minimum Item Vis Len: 50
Convert user to uid...: 100%|████████████████████████████████████████████████████████████████████████████████████| 528374/528374 [00:00<00:00, 1779430.27it/s]
Convert item to iid...: 100%|████████████████████████████████████████████████████████████████████████████████████| 134221/134221 [00:00<00:00, 1575402.21it/s]
Store the actual length of each user visual feature (before padding): 100%|██████████████████████████████████████| 528374/528374 [00:00<00:00, 3643216.29it/s]
Store the actual length of each item visual feature (before padding): 100%|██████████████████████████████████████| 134221/134221 [00:00<00:00, 2970596.46it/s]
Pad the user visual feature to MAX_VIS_LEN: 100%|██████████████████████████████████████████████████████████████████| 528374/528374 [00:05<00:00, 94774.23it/s]
Pad the item visual feature to MAX_VIS_LEN: 100%|██████████████████████████████████████████████████████████████████| 134221/134221 [00:02<00:00, 48942.64it/s]

Creating numpy matrix for uid_userVis..
User Visual Feature Matrix: (528374, 500)
User Visual Feature Matrix: ../datasets/Grocery_and_Gourmet_Food/Grocery_and_Gourmet_Food_uid_userDoc.npy

Creating numpy matrix for iid_itemVis..
Item Visual Feature Matrix: (134221, 500)
Item Visual Feature Matrix: ../datasets/Grocery_and_Gourmet_Food/Grocery_and_Gourmet_Food_iid_itemDoc.npy

Saving all required files for "Grocery_and_Gourmet_Food"..
Environment:          ../datasets/Grocery_and_Gourmet_Food/Grocery_and_Gourmet_Food_env.pkl

All required files for "Grocery_and_Gourmet_Food" successfully saved to '../datasets/Grocery_and_Gourmet_Food/'

Preprocessing for "Grocery_and_Gourmet_Food" done after 343.19 seconds (5.72 minutes)


Done!!
