========================================================================================================================
  ARL_lr: 0.01
  ARL_path: 
  batch_size: 128
  channels_global: 100
  channels_local: 200
  command: -d Automotive -m DAttn -e 10 -dr 0.9 -p 1 -v 50000 -K 5 -h1 50 -h2 50 -WED 100 -c_local 200 -c_global 100 -hiden_size 500 -output_size 50 -rs 1234 -gpu 0 -vb 1 -sm Automotive_DAttn
  ctx_win_size: 3
  dataset: Automotive
  disable_initial_eval: 0
  dropout_rate: 0.9
  epochs: 10
  filters_num: 100
  gpu: 0
  h1: 50
  h2: 50
  hidden_size: 500
  input_dir: ./datasets/Automotive/
  L2_reg: 1e-06
  learning_rate: 0.002
  loss_function: MSELoss
  max_doc_len: 500
  max_vis_len: 500
  model: DAttn
  num_aspects: 5
  optimizer: Adam
  out_dir: ./experimental_results/Automotive - DAttn/
  output_size: 50
  pretrained_src: 1
  random_seed: 1234
  save_model: Automotive_DAttn
  use_cuda: True
  verbose: 1
  vocab_size: 50000
  word_embed_dim: 100
========================================================================================================================

[INFO] # of Users: 561,942, # of Items: 233,577

Creating model (Selected Model: DAttn)..
[args.use_cuda: True] Model is on the GPU! (args.gpu: 0, torch.cuda.current_device(): 0)
Model created! Elapsed Time: 4.42s (0.07 minute)

Loading uid_userDoc from "./datasets/Automotive/Automotive_uid_userDoc.npy"..
uid_userDoc loaded! [uid_userDoc: (561942, 500)]

Loading iid_itemDoc from "./datasets/Automotive/Automotive_iid_itemDoc.npy"..
iid_itemDoc loaded! [iid_itemDoc: (233577, 500)]

Loading pretrained word embeddings from "./datasets/Automotive/Automotive_wed100_wid_wordEmbed.npy"..
Pretrained word embeddings loaded! [wid_wEmbed: (50002, 100)]

Initialization Complete.. Elapsed Time: 31.49s (0.52 minute)

Train/Dev/Test splits loaded! |TRAIN|: 800,000, |DEV|: 35,546, |TEST|: 35,690
Train/Dev/Test splits loaded! Elapsed Time: 31.76s (0.53 minute)

Performing initial evaluation for VALIDATION set..
[Initial] [Dev]  MSE: 21.67032, MAE: 4.51500

Performing initial evaluation for TESTING set..
[Initial] [Test] MSE: 21.64670, MAE: 4.51034

Initial Evaluation Complete.. Elapsed Time: 47.90s (0.80 minute)

Optimizer: Adam, Loss Function: MSELoss

Model Size: 404,427,924
# of Trainable Parameters: 1,668,224
DAttn (
  (uid_userDoc): Embedding(561942, 500), weights = ((561942, 500),), parameters = 280,971,000
  (iid_itemDoc): Embedding(233577, 500), weights = ((233577, 500),), parameters = 116,788,500
  (wid_wEmbed): Embedding(50002, 100), weights = ((50002, 100),), parameters = 5,000,200
  (user_net): Net(
    (localAttentionLayer): LocalAttention(
      (attention_layer): Sequential(
        (0): Conv2d(1, 1, kernel_size=(3, 100), stride=(1, 1), padding=(1, 0))
        (1): Sigmoid()
      )
      (cnn): Sequential(
        (0): Conv2d(1, 200, kernel_size=(1, 100), stride=(1, 1))
        (1): Tanh()
      )
    )
    (globalAttentionLayer): GlobalAttention(
      (attention_layer): Sequential(
        (0): Conv2d(1, 1, kernel_size=(500, 100), stride=(1, 1))
        (1): Sigmoid()
      )
      (convs): ModuleList(
        (0): Conv2d(1, 100, kernel_size=(2, 100), stride=(1, 1))
        (1): Conv2d(1, 100, kernel_size=(3, 100), stride=(1, 1))
        (2): Conv2d(1, 100, kernel_size=(4, 100), stride=(1, 1))
      )
    )
    (fcLayer): Sequential(
      (0): Linear(in_features=500, out_features=500, bias=True)
      (1): Dropout(p=0.9, inplace=False)
      (2): ReLU()
      (3): Linear(in_features=500, out_features=50, bias=True)
    )
    (dropout): Dropout(p=0.9, inplace=False)
  ), weights = ((1, 1, 3, 100), (1,), (200, 1, 1, 100), (200,), (1, 1, 500, 100), (1,), (100, 1, 2, 100), (100,), (100, 1, 3, 100), (100,), (100, 1, 4, 100), (100,), (500, 500), (500,), (50, 500), (50,)), parameters = 436,352 (Trainable)
  (item_net): Net(
    (localAttentionLayer): LocalAttention(
      (attention_layer): Sequential(
        (0): Conv2d(1, 1, kernel_size=(3, 100), stride=(1, 1), padding=(1, 0))
        (1): Sigmoid()
      )
      (cnn): Sequential(
        (0): Conv2d(1, 200, kernel_size=(1, 100), stride=(1, 1))
        (1): Tanh()
      )
    )
    (globalAttentionLayer): GlobalAttention(
      (attention_layer): Sequential(
        (0): Conv2d(1, 1, kernel_size=(500, 100), stride=(1, 1))
        (1): Sigmoid()
      )
      (convs): ModuleList(
        (0): Conv2d(1, 100, kernel_size=(2, 100), stride=(1, 1))
        (1): Conv2d(1, 100, kernel_size=(3, 100), stride=(1, 1))
        (2): Conv2d(1, 100, kernel_size=(4, 100), stride=(1, 1))
      )
    )
    (fcLayer): Sequential(
      (0): Linear(in_features=500, out_features=500, bias=True)
      (1): Dropout(p=0.9, inplace=False)
      (2): ReLU()
      (3): Linear(in_features=500, out_features=50, bias=True)
    )
    (dropout): Dropout(p=0.9, inplace=False)
  ), weights = ((1, 1, 3, 100), (1,), (200, 1, 1, 100), (200,), (1, 1, 500, 100), (1,), (100, 1, 2, 100), (100,), (100, 1, 3, 100), (100,), (100, 1, 4, 100), (100,), (500, 500), (500,), (50, 500), (50,)), parameters = 436,352 (Trainable)
  (DAttn_RatingPred): DAttn_RatingPred(
    (uid_userOffset): Embedding(561942, 1)
    (iid_itemOffset): Embedding(233577, 1)
    (globalOffset): Parameter(1,)
  ), weights = ((1,), (561942, 1), (233577, 1)), parameters = 795,520 (Trainable)
)
========================================================================================================================

[Epoch 1/10] Training Loss: 1.60699	Elapsed Time: 612.22s (0:10:12)
[Epoch 1] [Dev]  MSE: 1.19968, MAE: 0.84771
[Epoch 1] [Test] MSE: 1.21766, MAE: 0.85274

*** MODEL has obtained the best DEV MSE of 1.19968 so far!
*** The Best MODEL saved to "./__saved_models__/Automotive - DAttn/Automotive_DAttn_1234.pth"

[Epoch 2/10] Training Loss: 1.10467	Elapsed Time: 1,235.77s (0:20:35)
[Epoch 2] [Dev]  MSE: 1.20460, MAE: 0.83413
[Epoch 2] [Test] MSE: 1.22565, MAE: 0.84048

[Epoch 3/10] Training Loss: 0.96222	Elapsed Time: 1,859.87s (0:30:59)
[Epoch 3] [Dev]  MSE: 1.21832, MAE: 0.81096
[Epoch 3] [Test] MSE: 1.23751, MAE: 0.81796

[Epoch 4/10] Training Loss: 0.92458	Elapsed Time: 2,489.31s (0:41:29)
[Epoch 4] [Dev]  MSE: 1.15656, MAE: 0.78436
[Epoch 4] [Test] MSE: 1.17306, MAE: 0.78808

*** MODEL has obtained the best DEV MSE of 1.15656 so far!
*** The Best MODEL saved to "./__saved_models__/Automotive - DAttn/Automotive_DAttn_1234.pth"

[Epoch 5/10] Training Loss: 0.80343	Elapsed Time: 3,109.66s (0:51:49)
[Epoch 5] [Dev]  MSE: 1.19945, MAE: 0.77792
[Epoch 5] [Test] MSE: 1.21880, MAE: 0.78262

[Epoch 6/10] Training Loss: 0.70890	Elapsed Time: 3,734.84s (1:02:14)
[Epoch 6] [Dev]  MSE: 1.20886, MAE: 0.79256
[Epoch 6] [Test] MSE: 1.22809, MAE: 0.79791

[Epoch 7/10] Training Loss: 0.68847	Elapsed Time: 4,357.89s (1:12:37)
[Epoch 7] [Dev]  MSE: 1.19326, MAE: 0.78715
[Epoch 7] [Test] MSE: 1.21381, MAE: 0.79186

[Epoch 8/10] Training Loss: 0.62923	Elapsed Time: 4,978.65s (1:22:58)
[Epoch 8] [Dev]  MSE: 1.22221, MAE: 0.78256
[Epoch 8] [Test] MSE: 1.24103, MAE: 0.78662

[Epoch 9/10] Training Loss: 10.75414	Elapsed Time: 5,599.79s (1:33:19)
[Epoch 9] [Dev]  MSE: 1.21104, MAE: 0.82421
[Epoch 9] [Test] MSE: 1.22241, MAE: 0.82602

[Epoch 10/10] Training Loss: 0.91388	Elapsed Time: 6,233.44s (1:43:53)
[Epoch 10] [Dev]  MSE: 1.22046, MAE: 0.79922
[Epoch 10] [Test] MSE: 1.23558, MAE: 0.80188
*** The Last MODEL saved to "./__saved_models__/Automotive - DAttn/Automotive_DAttn_1234_10.pth"

[Training Loss]
[1.60699, 1.10467, 0.96222, 0.92458, 0.80343, 0.7089, 0.68847, 0.62923, 10.75414, 0.91388]

[Dev MSE]
[1.19968, 1.2046, 1.21832, 1.15656, 1.19945, 1.20886, 1.19326, 1.22221, 1.21104, 1.22046]
[Test MSE]
[1.21766, 1.22565, 1.23751, 1.17306, 1.2188, 1.22809, 1.21381, 1.24103, 1.22241, 1.23558]
[Test MAE]
[0.85274, 0.84048, 0.81796, 0.78808, 0.78262, 0.79791, 0.79186, 0.78662, 0.82602, 0.80188]


Best Dev MSE: 1.15656 (Obtained during Evaluation #4)
Test MSE: 1.17306, Test MAE: 0.78808

End of Program! Elapsed Time: 6,298.11s (1:44:58)
