========================================================================================================================
  ARL_lr: 0.01
  ARL_path: 
  batch_size: 128
  channels_global: 100
  channels_local: 200
  command: -d Kindle_Store -m DeepCoNN -e 10 -dr 0.9 -WED 300 -p 1 -v 50000 -K 5 -h1 50 -h2 50 -filters_num 100 -output_size 50 -rs 1234 -gpu 0 -vb 1 -sm Kindle_Store_DeepCoNN
  ctx_win_size: 3
  dataset: Kindle_Store
  disable_initial_eval: 0
  dropout_rate: 0.9
  epochs: 10
  filters_num: 100
  gpu: 0
  h1: 50
  h2: 50
  hidden_size: 500
  input_dir: ./datasets/Kindle_Store/
  L2_reg: 1e-06
  learning_rate: 0.002
  loss_function: MSELoss
  max_doc_len: 500
  max_vis_len: 500
  model: DeepCoNN
  num_aspects: 5
  optimizer: Adam
  out_dir: ./experimental_results/Kindle_Store - DeepCoNN/
  output_size: 50
  pretrained_src: 1
  random_seed: 1234
  save_model: Kindle_Store_DeepCoNN
  use_cuda: True
  verbose: 1
  vocab_size: 50000
  word_embed_dim: 300
========================================================================================================================

[INFO] # of Users: 488,920, # of Items: 232,137

Creating model (Selected Model: DeepCoNN)..
[args.use_cuda: True] Model is on the GPU! (args.gpu: 0, torch.cuda.current_device(): 0)
Model created! Elapsed Time: 4.16s (0.07 minute)

Loading uid_userDoc from "./datasets/Kindle_Store/Kindle_Store_uid_userDoc.npy"..
uid_userDoc loaded! [uid_userDoc: (488920, 500)]

Loading iid_itemDoc from "./datasets/Kindle_Store/Kindle_Store_iid_itemDoc.npy"..
iid_itemDoc loaded! [iid_itemDoc: (232137, 500)]

Loading pretrained word embeddings from "./datasets/Kindle_Store/Kindle_Store_wed300_wid_wordEmbed.npy"..
Pretrained word embeddings loaded! [wid_wEmbed: (50002, 300)]

Initialization Complete.. Elapsed Time: 24.09s (0.40 minute)

Train/Dev/Test splits loaded! |TRAIN|: 800,000, |DEV|: 43,894, |TEST|: 43,882
Train/Dev/Test splits loaded! Elapsed Time: 24.34s (0.41 minute)

Performing initial evaluation for VALIDATION set..
[Initial] [Dev]  MSE: 15.05577, MAE: 3.74561

Performing initial evaluation for TESTING set..
[Initial] [Test] MSE: 15.10074, MAE: 3.75204

Initial Evaluation Complete.. Elapsed Time: 31.55s (0.53 minute)

Optimizer: Adam, Loss Function: MSELoss

Model Size: 376,440,458
# of Trainable Parameters: 911,358
DeepCoNN (
  (uid_userDoc): Embedding(488920, 500), weights = ((488920, 500),), parameters = 244,460,000
  (iid_itemDoc): Embedding(232137, 500), weights = ((232137, 500),), parameters = 116,068,500
  (wid_wEmbed): Embedding(50002, 300), weights = ((50002, 300),), parameters = 15,000,600
  (user_CNN): Conv2d(1, 100, kernel_size=(3, 300), stride=(1, 1)), weights = ((100, 1, 3, 300), (100,)), parameters = 90,100 (Trainable)
  (item_CNN): Conv2d(1, 100, kernel_size=(3, 300), stride=(1, 1)), weights = ((100, 1, 3, 300), (100,)), parameters = 90,100 (Trainable)
  (user_fcLayer): Linear(in_features=100, out_features=50, bias=True), weights = ((50, 100), (50,)), parameters = 5,050 (Trainable)
  (item_fcLayer): Linear(in_features=100, out_features=50, bias=True), weights = ((50, 100), (50,)), parameters = 5,050 (Trainable)
  (userDropout): Dropout(p=0.9, inplace=False), weights = (), parameters = 0
  (itemDropout): Dropout(p=0.9, inplace=False), weights = (), parameters = 0
  (DeepCoNN_RatingPred): DeepCoNN_RatingPred(
    (uid_userOffset): Embedding(488920, 1)
    (iid_itemOffset): Embedding(232137, 1)
    (globalOffset): Parameter(1,)
  ), weights = ((1,), (488920, 1), (232137, 1)), parameters = 721,058 (Trainable)
)
========================================================================================================================

[Epoch 1/10] Training Loss: 2.80429	Elapsed Time: 123.77s (0:02:03)
[Epoch 1] [Dev]  MSE: 0.85739, MAE: 0.70704
[Epoch 1] [Test] MSE: 0.85642, MAE: 0.70919

*** MODEL has obtained the best DEV MSE of 0.85739 so far!
*** The Best MODEL saved to "./__saved_models__/Kindle_Store - DeepCoNN/Kindle_Store_DeepCoNN_1234.pth"

[Epoch 2/10] Training Loss: 0.95056	Elapsed Time: 254.89s (0:04:14)
[Epoch 2] [Dev]  MSE: 0.80408, MAE: 0.66625
[Epoch 2] [Test] MSE: 0.80347, MAE: 0.66892

*** MODEL has obtained the best DEV MSE of 0.80408 so far!
*** The Best MODEL saved to "./__saved_models__/Kindle_Store - DeepCoNN/Kindle_Store_DeepCoNN_1234.pth"

[Epoch 3/10] Training Loss: 0.81670	Elapsed Time: 386.00s (0:06:26)
[Epoch 3] [Dev]  MSE: 0.78960, MAE: 0.64807
[Epoch 3] [Test] MSE: 0.78775, MAE: 0.64933

*** MODEL has obtained the best DEV MSE of 0.78960 so far!
*** The Best MODEL saved to "./__saved_models__/Kindle_Store - DeepCoNN/Kindle_Store_DeepCoNN_1234.pth"

[Epoch 4/10] Training Loss: 0.72195	Elapsed Time: 517.07s (0:08:37)
[Epoch 4] [Dev]  MSE: 0.78876, MAE: 0.64474
[Epoch 4] [Test] MSE: 0.78748, MAE: 0.64561

*** MODEL has obtained the best DEV MSE of 0.78876 so far!
*** The Best MODEL saved to "./__saved_models__/Kindle_Store - DeepCoNN/Kindle_Store_DeepCoNN_1234.pth"

[Epoch 5/10] Training Loss: 0.64792	Elapsed Time: 648.11s (0:10:48)
[Epoch 5] [Dev]  MSE: 0.79180, MAE: 0.64347
[Epoch 5] [Test] MSE: 0.78992, MAE: 0.64422

[Epoch 6/10] Training Loss: 0.58625	Elapsed Time: 779.18s (0:12:59)
[Epoch 6] [Dev]  MSE: 0.79988, MAE: 0.64273
[Epoch 6] [Test] MSE: 0.79798, MAE: 0.64345

[Epoch 7/10] Training Loss: 0.53405	Elapsed Time: 910.24s (0:15:10)
[Epoch 7] [Dev]  MSE: 0.80930, MAE: 0.64939
[Epoch 7] [Test] MSE: 0.80673, MAE: 0.64945

[Epoch 8/10] Training Loss: 0.48939	Elapsed Time: 1,041.34s (0:17:21)
[Epoch 8] [Dev]  MSE: 0.81772, MAE: 0.64834
[Epoch 8] [Test] MSE: 0.81401, MAE: 0.64814

[Epoch 9/10] Training Loss: 0.45034	Elapsed Time: 1,172.42s (0:19:32)
[Epoch 9] [Dev]  MSE: 0.82830, MAE: 0.65168
[Epoch 9] [Test] MSE: 0.82418, MAE: 0.65127

[Epoch 10/10] Training Loss: 0.41726	Elapsed Time: 1,303.49s (0:21:43)
[Epoch 10] [Dev]  MSE: 0.83747, MAE: 0.65351
[Epoch 10] [Test] MSE: 0.83304, MAE: 0.65253
*** The Last MODEL saved to "./__saved_models__/Kindle_Store - DeepCoNN/Kindle_Store_DeepCoNN_1234_10.pth"

[Training Loss]
[2.80429, 0.95056, 0.8167, 0.72195, 0.64792, 0.58625, 0.53405, 0.48939, 0.45034, 0.41726]

[Dev MSE]
[0.85739, 0.80408, 0.7896, 0.78876, 0.7918, 0.79988, 0.8093, 0.81772, 0.8283, 0.83747]
[Test MSE]
[0.85642, 0.80347, 0.78775, 0.78748, 0.78992, 0.79798, 0.80673, 0.81401, 0.82418, 0.83304]
[Test MAE]
[0.70919, 0.66892, 0.64933, 0.64561, 0.64422, 0.64345, 0.64945, 0.64814, 0.65127, 0.65253]


Best Dev MSE: 0.78876 (Obtained during Evaluation #4)
Test MSE: 0.78748, Test MAE: 0.64561

End of Program! Elapsed Time: 1,342.18s (0:22:22)
