
Dataset: Baby

[args from argparse.ArgumentParser().parse_args()]
command: pretrained_vectors_simple.py -d Baby
dataset: Baby
emb_dim: 300
emb_rand_init: 0.01
random_seed: 1337

[INPUT] Source Folder:                 ../datasets/
[INPUT] Category Folder:               ../datasets/Baby/
[INPUT] env:                           ../datasets/Baby/Baby_env.pkl
[INPUT] Pretrained Word Embeddings:    ../datasets/GoogleNews-vectors-negative300.bin

[OUTPUT] wid_wordEmbed:                ../datasets/Baby/Baby_wid_wordEmbed.npy

Loading word-to-wid mappings (i.e. word_wid) from "../datasets/Baby/Baby_env.pkl"

|V|: 50002

Finished processing pretrained embeddings..
# of words with pretrained embeddings: 36367

Embedding Matrix=(50002, 300), |V|=50002
# of Words w/ No Pretrained Embeddings=13635 (27.269%)

Embeddings successfully saved to '../datasets/Baby/Baby_wid_wordEmbed.npy'


Pretrained word embeddings for "Baby" obtained after 16.30 seconds (0.27 minutes)

