╭─xulabzz ~/Dev/NLP/ANR/preprocessing ‹master*›
╰─➤  $ python preprocessing_simple.py -d Beauty -dev_test_in_train 1

Dataset: Beauty
[args from argparse.ArgumentParser().parse_args()]
command: preprocessing_simple.py -d Beauty -dev_test_in_train 1
dataset: Beauty
dataset_maximum_size: 1000000
dev_test_in_train: True
maxDL: 500
maxVL: 500
minImages: 1
minReviews: 1
minRL: 10
random_seed: 1337
train_ratio: 0.8
vocab: 50000

[INPUT] Source Folder:       ../datasets/
[INPUT] Reviews/Ratings:     ../datasets/reviews_Beauty.json

[OUTPUT] Category Folder:    ../datasets/Beauty/
[OUTPUT] env:                ../datasets/Beauty/Beauty_env.pkl
[OUTPUT] info:               ../datasets/Beauty/Beauty_info.pkl
[OUTPUT] split_train:        ../datasets/Beauty/Beauty_train_interactions.pkl
[OUTPUT] split_dev:          ../datasets/Beauty/Beauty_dev_interactions.pkl
[OUTPUT] split_test:         ../datasets/Beauty/Beauty_test_interactions.pkl
[OUTPUT] split_train:        ../datasets/Beauty/Beauty_split_train.pkl
[OUTPUT] split_dev:          ../datasets/Beauty/Beauty_split_dev.pkl
[OUTPUT] split_test:         ../datasets/Beauty/Beauty_split_test.pkl
[OUTPUT] uid_userDoc:        ../datasets/Beauty/Beauty_uid_userDoc.npy
[OUTPUT] iid_itemDoc:        ../datasets/Beauty/Beauty_iid_itemDoc.npy
[OUTPUT] uid_userDoc:        ../datasets/Beauty/Beauty_uid_userVis.npy
[OUTPUT] iid_itemDoc:        ../datasets/Beauty/Beauty_iid_itemVis.npy

Preprocessing data for "Beauty"

[Settings]
Min reviews for user/item: 1
Min review length to qualify as an user-item interaction: 10
Max words for user/item document: 500 (For truncating/padding to get a fixed-size representation)
Top-50000 words in vocabulary being utilized!


Initial pass of reviews to get the user-item interactions!
Initial pass of reviews for "Beauty": 2023070it [00:57, 35174.64it/s]
[Initial stats] Users: 1,210,271, Items: 249,274, Ratings: 2,023,070, Density: 0.0000067


Second pass of visual features to get the item-feature interactions!
Initial pass of reviews for "Beauty": 100%|████████████████████████████████████████████████████████████████████████| 257313/257313 [00:04<00:00, 61485.99it/s]
[Second stats] Items with image: 257,313, Images: 257,313, Density: 1.0000000


Starting to filter away users & items based on thresold of 1 images!
Updating interactions based on the num of images...
Filtering interactions: 100%|██████████████████████████████████████████████████████████████████████████████████| 2023070/2023070 [00:00<00:00, 4185443.08it/s]

Filtered users & items based on thresold of 1 images!
Users: 1210271 -> 1204459, Items: 249274 -> 247448
[Current stats] Users: 1204459, Items: 247448, Ratings: 2009548, Density: 0.0000067
Updating interactions based on the num of images...
Filtering interactions: 100%|██████████████████████████████████████████████████████████████████████████████████| 2009548/2009548 [00:00<00:00, 4102042.40it/s]

Filtered users & items based on thresold of 1 images!
Users: 1204459 -> 1204459, Items: 247448 -> 247448
[Current stats] Users: 1204459, Items: 247448, Ratings: 2009548, Density: 0.0000067

No change in # of users or # of items!

[Final stats] Users: 1,204,459, Items: 247,448, Ratings: 2,009,548, Density: 0.0000067

Elapsed time for "Beauty": 68.60 seconds (1.14 minutes)

Starting to filter away users & items based on thresold of 1 reviews!

Filtered users & items based on thresold of 1 reviews!
Users: 1204459 -> 1204459, Items: 247448 -> 247448

No change in # of users or # of items!

[Final stats] Users: 1,204,459, Items: 247,448, Ratings: 2,009,548, Density: 0.0000067

Elaped time for "Beauty": 68.88 seconds (1.15 minutes)


Third pass of reviews to get the rating, date, the num of tokenized review and index!
Third pass of len of reviews for "Beauty": 2023070it [01:32, 21762.11it/s]
[Current stats] Users: 1,204,459, Items: 247,448, Ratings: 2,009,548, Density: 0.0000067

Filtering user-item interactions based on minimum review length of 10 tokens..
Filtering interactions: 100%|██████████████████████████████████████████████████████████████████████████████████| 2009548/2009548 [00:00<00:00, 4746778.50it/s]

Filtered users & items based on minimum review length of 10 tokens!
Users: 1,204,459 -> 1,191,319, Items: 247,448 -> 245,627
[Current stats] Users: 1,191,319, Items: 245,627, Ratings: 1,986,205, Density: 0.0000068


Starting to filter away users & items based on thresold of 1 reviews (after removing reviews with <= 10 tokens)!

Filtered users & items based on thresold of 1 reviews!
Users: 1,191,319 -> 1,191,319, Items: 245,627 -> 245,627

No change in # of users or # of items!

[Final stats] Users: 1,191,319, Items: 245,627, Ratings: 1,986,205, Density: 0.0000068

*****************************************************************************************************************************
*** Original Dataset Size (i.e. num_ratings): 1,986,205!
*** Selecting a random subsample of 1,000,000 user-item interactions!
*** Current Dataset Size (i.e. num_ratings):  1,000,000!
*****************************************************************************************************************************
Fourth pass of reviews for "Beauty": 2023065it [01:22, 24497.89it/s]


80.0% of ALL reviews are RANDOMLY selected for TRAIN, another 10.0% RANDOMLY selected for DEV, and remaining 10.0% used for TEST.

[Initial Stats] Total Interactions: 1,000,000, TRAIN: 800,000 (80.00%), DEV: 100,000 (10.00%), TEST: 100,000 (10.00%)


Removing users & items who do not appear in the training set, from the dev and test sets..
Updating DEV interactions: 100%|█████████████████████████████████████████████████████████████████████████████████| 100000/100000 [00:00<00:00, 1041444.71it/s]
Updating TEST interactions: 100%|█████████████████████████████████████████████████████████████████████████████████| 100000/100000 [00:00<00:00, 999357.64it/s]

Removed 64,174 interactions from DEV and 64,431 interactions from TEST! (i.e. Those belonging to Users/Items which do not appear in TRAIN)

[Current Stats] Total Interactions: 871,395, TRAIN: 800,000 (91.81%), DEV: 35,826 (4.11%), TEST: 35,569 (4.08%)


[FINAL Stats] Users: 588,069, Items: 161,739, Ratings: 871,395, Density: 0.0000092

[FINAL Stats] Total Interactions: 871,395, TRAIN: 800,000 (91.81%), DEV: 35,826 (4.11%), TEST: 35,569 (4.08%)

[FINAL Stats][TRAIN] Users: 588,069, Items: 161,739, Ratings: 800,000
[FINAL Stats][DEV]   Users: 30,807, Items: 20,585, Ratings: 35,826
[FINAL Stats][TEST]  Users: 30,619, Items: 20,631, Ratings: 35,569


train_interactions:   ../datasets/Beauty/Beauty_train_interactions.pkl
dev_interactions:     ../datasets/Beauty/Beauty_dev_interactions.pkl
test_interactions:    ../datasets/Beauty/Beauty_test_interactions.pkl

Consolidating user/item reviews from TRAINING set
Consolidating user/item reviews from TRAINING set: 100%|██████████████████████████████████████████████████████████| 800000/800000 [00:04<00:00, 167868.31it/s]

Creating user docs from TRAINING set
Creating item docs from TRAINING set

Minimum User Doc Len: 10, Minimum Item Doc Len: 10

Original number of words (based on USER & ITEM documents constructed from TRAINING set): 158,408
For the vocabulary, we are only using the 50,000 most frequent words
Current number of words: 50,000

For each user doc, converting words to wids using word_wid...: 100%|███████████████████████████████████████████████| 588069/588069 [00:06<00:00, 89647.02it/s]
For each item doc, converting words to wids using word_wid...: 100%|███████████████████████████████████████████████| 161739/161739 [00:03<00:00, 50273.74it/s]
Store the actual length of each user document (before padding): 100%|████████████████████████████████████████████| 588069/588069 [00:00<00:00, 3416279.53it/s]
Store the actual length of each item document (before padding): 100%|████████████████████████████████████████████| 161739/161739 [00:00<00:00, 2994511.10it/s]
Pad the user documents to MAX_DOC_LEN: 100%|██████████████████████████████████████████████████████████████████████| 588069/588069 [00:04<00:00, 139926.69it/s]
Pad the item documents to MAX_DOC_LEN: 100%|██████████████████████████████████████████████████████████████████████| 161739/161739 [00:01<00:00, 141270.74it/s]
Preparing the TRAINING set: 100%|█████████████████████████████████████████████████████████████████████████████████| 800000/800000 [00:00<00:00, 899493.40it/s]
Preparing the DEV set: 100%|████████████████████████████████████████████████████████████████████████████████████████| 35826/35826 [00:00<00:00, 759390.40it/s]
Preparing the TESTING set: 100%|████████████████████████████████████████████████████████████████████████████████████| 35569/35569 [00:00<00:00, 625606.79it/s]
Info:                 ../datasets/Beauty/Beauty_info.pkl
Training Set:         ../datasets/Beauty/Beauty_split_train.pkl
Validation Set:       ../datasets/Beauty/Beauty_split_dev.pkl
Test Set:             ../datasets/Beauty/Beauty_split_test.pkl

Creating numpy matrix for uid_userDoc..
User Document Matrix: (588069, 500)
User Document Matrix: ../datasets/Beauty/Beauty_uid_userDoc.npy

Creating numpy matrix for iid_itemDoc..
Item Document Matrix: (161739, 500)
Item Document Matrix: ../datasets/Beauty/Beauty_iid_itemDoc.npy

Consolidating user/item visual features from TRAINING set
Consolidating user/item visual features from TRAINING set: 100%|██████████████████████████████████████████████████| 800000/800000 [00:02<00:00, 306661.41it/s]

Creating user visuals from TRAINING set
Creating item visuals from TRAINING set

Minimum User Vis Len: 50, Minimum Item Vis Len: 50
Convert user to uid...: 100%|████████████████████████████████████████████████████████████████████████████████████| 588069/588069 [00:00<00:00, 1710812.63it/s]
Convert item to iid...: 100%|████████████████████████████████████████████████████████████████████████████████████| 161739/161739 [00:00<00:00, 1462538.80it/s]
Store the actual length of each user visual feature (before padding): 100%|██████████████████████████████████████| 588069/588069 [00:00<00:00, 3650834.30it/s]
Store the actual length of each item visual feature (before padding): 100%|██████████████████████████████████████| 161739/161739 [00:00<00:00, 2952133.37it/s]
Pad the user visual feature to MAX_VIS_LEN: 100%|██████████████████████████████████████████████████████████████████| 588069/588069 [00:06<00:00, 94394.26it/s]
Pad the item visual feature to MAX_VIS_LEN: 100%|██████████████████████████████████████████████████████████████████| 161739/161739 [00:03<00:00, 48445.46it/s]

Creating numpy matrix for uid_userVis..
User Visual Feature Matrix: (588069, 500)
User Visual Feature Matrix: ../datasets/Beauty/Beauty_uid_userDoc.npy

Creating numpy matrix for iid_itemVis..
Item Visual Feature Matrix: (161739, 500)
Item Visual Feature Matrix: ../datasets/Beauty/Beauty_iid_itemDoc.npy

Saving all required files for "Beauty"..
Environment:          ../datasets/Beauty/Beauty_env.pkl

All required files for "Beauty" successfully saved to '../datasets/Beauty/'

Preprocessing for "Beauty" done after 462.27 seconds (7.70 minutes)


Done!!
