
Dataset: Cell_Phones_and_Accessories

[args from argparse.ArgumentParser().parse_args()]
command: pretrained_vectors_simple.py -d Cell_Phones_and_Accessories
dataset: Cell_Phones_and_Accessories
emb_dim: 300
emb_rand_init: 0.01
random_seed: 1337

[INPUT] Source Folder:                 ../datasets/
[INPUT] Category Folder:               ../datasets/Cell_Phones_and_Accessories/
[INPUT] env:                           ../datasets/Cell_Phones_and_Accessories/Cell_Phones_and_Accessories_env.pkl
[INPUT] Pretrained Word Embeddings:    ../datasets/GoogleNews-vectors-negative300.bin

[OUTPUT] wid_wordEmbed:                ../datasets/Cell_Phones_and_Accessories/Cell_Phones_and_Accessories_wid_wordEmbed.npy

Loading word-to-wid mappings (i.e. word_wid) from "../datasets/Cell_Phones_and_Accessories/Cell_Phones_and_Accessories_env.pkl"

|V|: 50002

Finished processing pretrained embeddings..
# of words with pretrained embeddings: 33108

Embedding Matrix=(50002, 300), |V|=50002
# of Words w/ No Pretrained Embeddings=16894 (33.787%)

Embeddings successfully saved to '../datasets/Cell_Phones_and_Accessories/Cell_Phones_and_Accessories_wid_wordEmbed.npy'


Pretrained word embeddings for "Cell_Phones_and_Accessories" obtained after 16.45 seconds (0.27 minutes)

