╭─xulabzz ~/Dev/NLP/ANR/preprocessing ‹master*›
╰─➤  $ python preprocessing_simple.py -d Clothing_Shoes_and_Jewelry -dev_test_in_train 1                                                                143 ↵

Dataset: Clothing_Shoes_and_Jewelry
[args from argparse.ArgumentParser().parse_args()]
command: preprocessing_simple.py -d Clothing_Shoes_and_Jewelry -dev_test_in_train 1
dataset: Clothing_Shoes_and_Jewelry
dataset_maximum_size: 1000000
dev_test_in_train: True
maxDL: 500
maxVL: 500
minImages: 1
minReviews: 1
minRL: 10
random_seed: 1337
train_ratio: 0.8
vocab: 50000

[INPUT] Source Folder:       ../datasets/
[INPUT] Reviews/Ratings:     ../datasets/reviews_Clothing_Shoes_and_Jewelry.json

[OUTPUT] Category Folder:    ../datasets/Clothing_Shoes_and_Jewelry/
[OUTPUT] env:                ../datasets/Clothing_Shoes_and_Jewelry/Clothing_Shoes_and_Jewelry_env.pkl
[OUTPUT] info:               ../datasets/Clothing_Shoes_and_Jewelry/Clothing_Shoes_and_Jewelry_info.pkl
[OUTPUT] split_train:        ../datasets/Clothing_Shoes_and_Jewelry/Clothing_Shoes_and_Jewelry_train_interactions.pkl
[OUTPUT] split_dev:          ../datasets/Clothing_Shoes_and_Jewelry/Clothing_Shoes_and_Jewelry_dev_interactions.pkl
[OUTPUT] split_test:         ../datasets/Clothing_Shoes_and_Jewelry/Clothing_Shoes_and_Jewelry_test_interactions.pkl
[OUTPUT] split_train:        ../datasets/Clothing_Shoes_and_Jewelry/Clothing_Shoes_and_Jewelry_split_train.pkl
[OUTPUT] split_dev:          ../datasets/Clothing_Shoes_and_Jewelry/Clothing_Shoes_and_Jewelry_split_dev.pkl
[OUTPUT] split_test:         ../datasets/Clothing_Shoes_and_Jewelry/Clothing_Shoes_and_Jewelry_split_test.pkl
[OUTPUT] uid_userDoc:        ../datasets/Clothing_Shoes_and_Jewelry/Clothing_Shoes_and_Jewelry_uid_userDoc.npy
[OUTPUT] iid_itemDoc:        ../datasets/Clothing_Shoes_and_Jewelry/Clothing_Shoes_and_Jewelry_iid_itemDoc.npy
[OUTPUT] uid_userDoc:        ../datasets/Clothing_Shoes_and_Jewelry/Clothing_Shoes_and_Jewelry_uid_userVis.npy
[OUTPUT] iid_itemDoc:        ../datasets/Clothing_Shoes_and_Jewelry/Clothing_Shoes_and_Jewelry_iid_itemVis.npy

Preprocessing data for "Clothing_Shoes_and_Jewelry"

[Settings]
Min reviews for user/item: 1
Min review length to qualify as an user-item interaction: 10
Max words for user/item document: 500 (For truncating/padding to get a fixed-size representation)
Top-50000 words in vocabulary being utilized!


Initial pass of reviews to get the user-item interactions!
Initial pass of reviews for "Clothing_Shoes_and_Jewelry": 5748920it [02:39, 36128.57it/s]
[Initial stats] Users: 3,117,268, Items: 1,136,004, Ratings: 5,748,920, Density: 0.0000016


Second pass of visual features to get the item-feature interactions!
Initial pass of reviews for "Clothing_Shoes_and_Jewelry": 100%|██████████████████████████████████████████████████| 1494171/1494171 [00:25<00:00, 58945.94it/s]
[Second stats] Items with image: 1,494,171, Images: 1,494,171, Density: 1.0000000


Starting to filter away users & items based on thresold of 1 images!
Updating interactions based on the num of images...
Filtering interactions: 100%|██████████████████████████████████████████████████████████████████████████████████| 5748920/5748920 [00:01<00:00, 4175132.55it/s]

Filtered users & items based on thresold of 1 images!
Users: 3117268 -> 3103441, Items: 1136004 -> 1128716
[Current stats] Users: 3103441, Items: 1128716, Ratings: 5711764, Density: 0.0000016
Updating interactions based on the num of images...
Filtering interactions: 100%|██████████████████████████████████████████████████████████████████████████████████| 5711764/5711764 [00:01<00:00, 4146794.67it/s]

Filered users & items based on thresold of 1 images!
Users: 3103441 -> 3103441, Items: 1128716 -> 1128716
[Current stats] Users: 3103441, Items: 1128716, Ratings: 5711764, Density: 0.0000016

No change in # of users or # of items!

[Final stats] Users: 3,103,441, Items: 1,128,716, Ratings: 5,711,764, Density: 0.0000016

Elapsed time for "Clothing_Shoes_and_Jewelry": 213.68 seconds (3.56 minutes)

Starting to filter away users & items based on thresold of 1 reviews!

Filtered users & items based on thresold of 1 reviews!
Users: 3103441 -> 3103441, Items: 1128716 -> 1128716

No change in # of users or # of items!

[Final stats] Users: 3,103,441, Items: 1,128,716, Ratings: 5,711,764, Density: 0.0000016

Elapsed time for "Clothing_Shoes_and_Jewelry": 214.56 seconds (3.58 minutes)


Third pass of reviews to get the rating, date, the num of tokenized review and index!
Third pass of len of reviews for "Clothing_Shoes_and_Jewelry": 5748920it [04:09, 23005.06it/s]
[Current stats] Users: 3,103,441, Items: 1,128,716, Ratings: 5,711,764, Density: 0.0000016

Filtering user-item interactions based on minimum review length of 10 tokens..
Filtering interactions: 100%|██████████████████████████████████████████████████████████████████████████████████| 5711764/5711764 [00:01<00:00, 5214040.70it/s]

Filtered users & items based on minimum review length of 10 tokens!
Users: 3,103,441 -> 3,067,624, Items: 1,128,716 -> 1,117,869
[Current stats] Users: 3,067,624, Items: 1,117,869, Ratings: 5,634,543, Density: 0.0000016


Starting to filter away users & items based on thresold of 1 reviews (after removing reviews with <= 10 tokens)!

Filtered users & items based on thresold of 1 reviews!
Users: 3,067,624 -> 3,067,624, Items: 1,117,869 -> 1,117,869

No change in # of users or # of items!

[Final stats] Users: 3,067,624, Items: 1,117,869, Ratings: 5,634,543, Density: 0.0000016

*****************************************************************************************************************************
*** Original Dataset Size (i.e. num_ratings): 5,634,543!
*** Selecting a random subsample of 1,000,000 user-item interactions!
*** Current Dataset Size (i.e. num_ratings):  1,000,000!
*****************************************************************************************************************************
Fourth pass of reviews for "Clothing_Shoes_and_Jewelry": 5748920it [02:59, 31998.55it/s]


80.0% of ALL reviews are RANDOMLY selected for TRAIN, another 10.0% RANDOMLY selected for DEV, and remaining 10.0% used for TEST.

[Initial Stats] Total Interactions: 1,000,000, TRAIN: 800,000 (80.00%), DEV: 100,000 (10.00%), TEST: 100,000 (10.00%)


Removing users & items who do not appear in the training set, from the dev and test sets..
Updating DEV interactions: 100%|█████████████████████████████████████████████████████████████████████████████████| 100000/100000 [00:00<00:00, 1011548.28it/s]
Updating TEST interactions: 100%|█████████████████████████████████████████████████████████████████████████████████| 100000/100000 [00:00<00:00, 982663.82it/s]

Removed 82,246 interactions from DEV and 82,154 interactions from TEST! (i.e. Those belonging to Users/Items which do not appear in TRAIN)

[Current Stats] Total Interactions: 835,600, TRAIN: 800,000 (95.74%), DEV: 17,754 (2.12%), TEST: 17,846 (2.14%)


[FINAL Stats] Users: 669,835, Items: 335,585, Ratings: 835,600, Density: 0.0000037

[FINAL Stats] Total Interactions: 835,600, TRAIN: 800,000 (95.74%), DEV: 17,754 (2.12%), TEST: 17,846 (2.14%)

[FINAL Stats][TRAIN] Users: 669,835, Items: 335,585, Ratings: 800,000
[FINAL Stats][DEV]   Users: 16,863, Items: 14,718, Ratings: 17,754
[FINAL Stats][TEST]  Users: 16,923, Items: 14,836, Ratings: 17,846


train_interactions:   ../datasets/Clothing_Shoes_and_Jewelry/Clothing_Shoes_and_Jewelry_train_interactions.pkl
dev_interactions:     ../datasets/Clothing_Shoes_and_Jewelry/Clothing_Shoes_and_Jewelry_dev_interactions.pkl
test_interactions:    ../datasets/Clothing_Shoes_and_Jewelry/Clothing_Shoes_and_Jewelry_test_interactions.pkl

Consolidating user/item reviews from TRAINING set
Consolidating user/item reviews from TRAINING set: 100%|██████████████████████████████████████████████████████████| 800000/800000 [00:01<00:00, 530961.35it/s]

Creating user docs from TRAINING set
Creating item docs from TRAINING set

Minimum User Doc Len: 10, Minimum Item Doc Len: 10

Original number of words (based on USER & ITEM documents constructed from TRAINING set): 151,449
For the vocabulary, we are only using the 50,000 most frequent words
Current number of words: 50,000

For each user doc, converting words to wids using word_wid...: 100%|██████████████████████████████████████████████| 669835/669835 [00:06<00:00, 108841.19it/s]
For each item doc, converting words to wids using word_wid...: 100%|███████████████████████████████████████████████| 335585/335585 [00:04<00:00, 74202.53it/s]
Store the actual length of each user document (before padding): 100%|████████████████████████████████████████████| 669835/669835 [00:00<00:00, 3398947.25it/s]
Store the actual length of each item document (before padding): 100%|████████████████████████████████████████████| 335585/335585 [00:00<00:00, 3277012.09it/s]
Pad the user documents to MAX_DOC_LEN: 100%|██████████████████████████████████████████████████████████████████████| 669835/669835 [00:04<00:00, 140565.64it/s]
Pad the item documents to MAX_DOC_LEN: 100%|██████████████████████████████████████████████████████████████████████| 335585/335585 [00:02<00:00, 138446.21it/s]
Preparing the TRAINING set: 100%|█████████████████████████████████████████████████████████████████████████████████| 800000/800000 [00:00<00:00, 824528.03it/s]
Preparing the DEV set: 100%|████████████████████████████████████████████████████████████████████████████████████████| 17754/17754 [00:00<00:00, 645473.30it/s]
Preparing the TESTING set: 100%|████████████████████████████████████████████████████████████████████████████████████| 17846/17846 [00:00<00:00, 631568.04it/s]
Info:                 ../datasets/Clothing_Shoes_and_Jewelry/Clothing_Shoes_and_Jewelry_info.pkl
Training Set:         ../datasets/Clothing_Shoes_and_Jewelry/Clothing_Shoes_and_Jewelry_split_train.pkl
Validation Set:       ../datasets/Clothing_Shoes_and_Jewelry/Clothing_Shoes_and_Jewelry_split_dev.pkl
Test Set:             ../datasets/Clothing_Shoes_and_Jewelry/Clothing_Shoes_and_Jewelry_split_test.pkl

Creating numpy matrix for uid_userDoc..
User Document Matrix: (669835, 500)
User Document Matrix: ../datasets/Clothing_Shoes_and_Jewelry/Clothing_Shoes_and_Jewelry_uid_userDoc.npy

Creating numpy matrix for iid_itemDoc..
Item Document Matrix: (335585, 500)
Item Document Matrix: ../datasets/Clothing_Shoes_and_Jewelry/Clothing_Shoes_and_Jewelry_iid_itemDoc.npy

Consolidating user/item visual features from TRAINING set
Consolidating user/item visual features from TRAINING set: 100%|██████████████████████████████████████████████████| 800000/800000 [00:03<00:00, 219877.71it/s]

Creating user visuals from TRAINING set
Creating item visuals from TRAINING set

Minimum User Vis Len: 50, Minimum Item Vis Len: 50
Convert user to uid...: 100%|████████████████████████████████████████████████████████████████████████████████████| 669835/669835 [00:00<00:00, 1764864.68it/s]
Convert item to iid...: 100%|████████████████████████████████████████████████████████████████████████████████████| 335585/335585 [00:00<00:00, 1790194.13it/s]
Store the actual length of each user visual feature (before padding): 100%|██████████████████████████████████████| 669835/669835 [00:00<00:00, 3673392.79it/s]
Store the actual length of each item visual feature (before padding): 100%|██████████████████████████████████████| 335585/335585 [00:00<00:00, 3424260.03it/s]
Pad the user visual feature to MAX_VIS_LEN: 100%|█████████████████████████████████████████████████████████████████| 669835/669835 [00:04<00:00, 138521.84it/s]
Pad the item visual feature to MAX_VIS_LEN: 100%|█████████████████████████████████████████████████████████████████| 335585/335585 [00:02<00:00, 153042.63it/s]

Creating numpy matrix for uid_userVis..
User Visual Feature Matrix: (669835, 500)
User Visual Feature Matrix: ../datasets/Clothing_Shoes_and_Jewelry/Clothing_Shoes_and_Jewelry_uid_userDoc.npy

Creating numpy matrix for iid_itemVis..
Item Visual Feature Matrix: (335585, 500)
Item Visual Feature Matrix: ../datasets/Clothing_Shoes_and_Jewelry/Clothing_Shoes_and_Jewelry_iid_itemDoc.npy

Saving all required files for "Clothing_Shoes_and_Jewelry"..
Environment:          ../datasets/Clothing_Shoes_and_Jewelry/Clothing_Shoes_and_Jewelry_env.pkl

All required files for "Clothing_Shoes_and_Jewelry" successfully saved to '../datasets/Clothing_Shoes_and_Jewelry/'

Preprocessing for "Clothing_Shoes_and_Jewelry" done after 2415.27 seconds (40.25 minutes)


Done!!
