
Dataset: Grocery_and_Gourmet_Food

[args from argparse.ArgumentParser().parse_args()]
command: pretrained_vectors_simple.py -d Grocery_and_Gourmet_Food
dataset: Grocery_and_Gourmet_Food
emb_dim: 300
emb_rand_init: 0.01
random_seed: 1337

[INPUT] Source Folder:                 ../datasets/
[INPUT] Category Folder:               ../datasets/Grocery_and_Gourmet_Food/
[INPUT] env:                           ../datasets/Grocery_and_Gourmet_Food/Grocery_and_Gourmet_Food_env.pkl
[INPUT] Pretrained Word Embeddings:    ../datasets/GoogleNews-vectors-negative300.bin

[OUTPUT] wid_wordEmbed:                ../datasets/Grocery_and_Gourmet_Food/Grocery_and_Gourmet_Food_wid_wordEmbed.npy

Loading word-to-wid mappings (i.e. word_wid) from "../datasets/Grocery_and_Gourmet_Food/Grocery_and_Gourmet_Food_env.pkl"

|V|: 50002

Finished processing pretrained embeddings..
# of words with pretrained embeddings: 36991

Embedding Matrix=(50002, 300), |V|=50002
# of Words w/ No Pretrained Embeddings=13011 (26.021%)

Embeddings successfully saved to '../datasets/Grocery_and_Gourmet_Food/Grocery_and_Gourmet_Food_wid_wordEmbed.npy'


Pretrained word embeddings for "Grocery_and_Gourmet_Food" obtained after 16.72 seconds (0.28 minutes)

