╭─xulabzz ~/Dev/NLP/ANR/preprocessing ‹master*›
╰─➤  $ python preprocessing_simple.py -d Video_Games -dev_test_in_train 1

Dataset: Video_Games
[args from argparse.ArgumentParser().parse_args()]
command: preprocessing_simple.py -d Video_Games -dev_test_in_train 1
dataset: Video_Games
dataset_maximum_size: 1000000
dev_test_in_train: True
maxDL: 500
maxVL: 500
minImages: 1
minReviews: 1
minRL: 10
random_seed: 1337
train_ratio: 0.8
vocab: 50000

[INPUT] Source Folder:       ../datasets/
[INPUT] Reviews/Ratings:     ../datasets/reviews_Video_Games.json

[OUTPUT] Category Folder:    ../datasets/Video_Games/
[OUTPUT] env:                ../datasets/Video_Games/Video_Games_env.pkl
[OUTPUT] info:               ../datasets/Video_Games/Video_Games_info.pkl
[OUTPUT] split_train:        ../datasets/Video_Games/Video_Games_train_interactions.pkl
[OUTPUT] split_dev:          ../datasets/Video_Games/Video_Games_dev_interactions.pkl
[OUTPUT] split_test:         ../datasets/Video_Games/Video_Games_test_interactions.pkl
[OUTPUT] split_train:        ../datasets/Video_Games/Video_Games_split_train.pkl
[OUTPUT] split_dev:          ../datasets/Video_Games/Video_Games_split_dev.pkl
[OUTPUT] split_test:         ../datasets/Video_Games/Video_Games_split_test.pkl
[OUTPUT] uid_userDoc:        ../datasets/Video_Games/Video_Games_uid_userDoc.npy
[OUTPUT] iid_itemDoc:        ../datasets/Video_Games/Video_Games_iid_itemDoc.npy
[OUTPUT] uid_userDoc:        ../datasets/Video_Games/Video_Games_uid_userVis.npy
[OUTPUT] iid_itemDoc:        ../datasets/Video_Games/Video_Games_iid_itemVis.npy

Preprocessing data for "Video_Games"

[Settings]
Min reviews for user/item: 1
Min review length to qualify as an user-item interaction: 10
Max words for user/item document: 500 (For truncating/padding to get a fixed-size representation)
Top-50000 words in vocabulary being utilized!


Initial pass of reviews to get the user-item interactions!
Initial pass of reviews for "Video_Games": 1324753it [00:43, 30398.25it/s]
[Initial stats] Users: 826,767, Items: 50,210, Ratings: 1,324,753, Density: 0.0000319


Second pass of visual features to get the item-feature interactions!
Initial pass of reviews for "Video_Games": 100%|█████████████████████████████████████████████████████████████████████| 50425/50425 [00:00<00:00, 53824.68it/s]
[Second stats] Items with image: 50,425, Images: 50,425, Density: 1.0000000


Starting to filter away users & items based on thresold of 1 images!
Updating interactions based on the num of images...
Filtering interactions: 100%|██████████████████████████████████████████████████████████████████████████████████| 1324753/1324753 [00:00<00:00, 3807008.73it/s]

Filtered users & items based on thresold of 1 images!
Users: 826767 -> 769014, Items: 50210 -> 49689
[Current stats] Users: 769014, Items: 49689, Ratings: 1255533, Density: 0.0000329
Updating interactions based on the num of images...
Filtering interactions: 100%|██████████████████████████████████████████████████████████████████████████████████| 1255533/1255533 [00:00<00:00, 4233801.58it/s]

Filtered users & items based on thresold of 1 images!
Users: 769014 -> 769014, Items: 49689 -> 49689
[Current stats] Users: 769014, Items: 49689, Ratings: 1255533, Density: 0.0000329

No change in # of users or # of items!

[Final stats] Users: 769,014, Items: 49,689, Ratings: 1,255,533, Density: 0.0000329

Elapsed time for "Video_Games": 47.83 seconds (0.80 minutes)

Starting to filter away users & items based on thresold of 1 reviews!

Filtered users & items based on thresold of 1 reviews!
Users: 769014 -> 769014, Items: 49689 - 49689

No change in # of users or # of items!

[Final stats] Users: 769,014, Items: 49,689, Ratings: 1,255,533, Density: 0.0000329

Elapsed time for "Video_Games": 47.99 seconds (0.80 minutes)


Third pass of reviews to get the rating, date, the num of tokenized review and index!
Third pass of len of reviews for "Video_Games": 1324753it [01:19, 16721.41it/s]
[Current stats] Users: 769,014, Items: 49,689, Ratings: 1,255,533, Density: 0.0000329

Filtering user-item interactions based on minimum review length of 10 tokens..
Filtering interactions: 100%|██████████████████████████████████████████████████████████████████████████████████| 1255533/1255533 [00:00<00:00, 4270750.29it/s]

Filtered users & items based on minimum review length of 10 tokens!
Users: 769,014 -> 763,346, Items: 49,689 -> 49,577
[Current stats] Users: 763,346, Items: 49,577, Ratings: 1,246,408, Density: 0.0000329


Starting to filter away users & items based on thresold of 1 reviews (after removing reviews with <= 10 tokens)!

Filtered users & items based on thresold of 1 reviews!
Users: 763,346 -> 763,346, Items: 49,577 -> 49,577

No change in # of users or # of items!

[Final stats] Users: 763,346, Items: 49,577, Ratings: 1,246,408, Density: 0.0000329

*****************************************************************************************************************************
*** Original Dataset Size (i.e. num_ratings): 1,246,408!
*** Selecting a random subsample of 1,000,000 user-item interactions!
*** Current Dataset Size (i.e. num_ratings):  1,000,000!
*****************************************************************************************************************************
Fourth pass of reviews for "Video_Games": 1324753it [01:22, 16049.75it/s]


80.0% of ALL reviews are RANDOMLY selected for TRAIN, another 10.0% RANDOMLY selected for DEV, and remaining 10.0% used for TEST.

[Initial Stats] Total Interactions: 1,000,000, TRAIN: 800,000 (80.00%), DEV: 100,000 (10.00%), TEST: 100,000 (10.00%)


Removing users & items who do not appear in the training set, from the dev and test sets..
Updating DEV interactions: 100%|█████████████████████████████████████████████████████████████████████████████████| 100000/100000 [00:00<00:00, 1072709.28it/s]
Updating TEST interactions: 100%|█████████████████████████████████████████████████████████████████████████████████| 100000/100000 [00:00<00:00, 992232.10it/s]

Removed 54,413 interactions from DEV and 54,531 interactions from TEST! (i.e. Those belonging to Users/Items which do not appear in TRAIN)

[Current Stats] Total Interactions: 891,056, TRAIN: 800,000 (89.78%), DEV: 45,587 (5.12%), TEST: 45,469 (5.10%)


[FINAL Stats] Users: 540,331, Items: 44,636, Ratings: 891,056, Density: 0.0000369

[FINAL Stats] Total Interactions: 891,056, TRAIN: 800,000 (89.78%), DEV: 45,587 (5.12%), TEST: 45,469 (5.10%)

[FINAL Stats][TRAIN] Users: 540,331, Items: 44,636, Ratings: 800,000
[FINAL Stats][DEV]   Users: 35,990, Items: 14,488, Ratings: 45,587
[FINAL Stats][TEST]  Users: 35,932, Items: 14,569, Ratings: 45,469


train_interactions:   ../datasets/Video_Games/Video_Games_train_interactions.pkl
dev_interactions:     ../datasets/Video_Games/Video_Games_dev_interactions.pkl
test_interactions:    ../datasets/Video_Games/Video_Games_test_interactions.pkl

Consolidating user/item reviews from TRAINING set
Consolidating user/item reviews from TRAINING set: 100%|███████████████████████████████████████████████████████████| 800000/800000 [00:23<00:00, 34355.26it/s]

Creating user docs from TRAINING set
Creating item docs from TRAINING set

Minimum User Doc Len: 10, Minimum Item Doc Len: 10

Original number of words (based on USER & ITEM documents constructed from TRAINING set): 276,174
For the vocabulary, we are only using the 50,000 most frequent words
Current number of words: 50,000

For each user doc, converting words to wids using word_wid...: 100%|███████████████████████████████████████████████| 540331/540331 [00:10<00:00, 51133.85it/s]
For each item doc, converting words to wids using word_wid...: 100%|█████████████████████████████████████████████████| 44636/44636 [00:01<00:00, 24419.69it/s]
Store the actual length of each user document (before padding): 100%|████████████████████████████████████████████| 540331/540331 [00:00<00:00, 3219317.32it/s]
Store the actual length of each item document (before padding): 100%|██████████████████████████████████████████████| 44636/44636 [00:00<00:00, 3082623.18it/s]
Pad the user documents to MAX_DOC_LEN: 100%|██████████████████████████████████████████████████████████████████████| 540331/540331 [00:03<00:00, 135555.84it/s]
Pad the item documents to MAX_DOC_LEN: 100%|████████████████████████████████████████████████████████████████████████| 44636/44636 [00:00<00:00, 144043.29it/s]
Preparing the TRAINING set: 100%|█████████████████████████████████████████████████████████████████████████████████| 800000/800000 [00:00<00:00, 932825.74it/s]
Preparing the DEV set: 100%|████████████████████████████████████████████████████████████████████████████████████████| 45587/45587 [00:00<00:00, 834136.34it/s]
Preparing the TESTING set: 100%|████████████████████████████████████████████████████████████████████████████████████| 45469/45469 [00:00<00:00, 841823.08it/s]
Info:                 ../datasets/Video_Games/Video_Games_info.pkl
Training Set:         ../datasets/Video_Games/Video_Games_split_train.pkl
Validation Set:       ../datasets/Video_Games/Video_Games_split_dev.pkl
Test Set:             ../datasets/Video_Games/Video_Games_split_test.pkl

Creating numpy matrix for uid_userDoc..
User Document Matrix: (540331, 500)
User Document Matrix: ../datasets/Video_Games/Video_Games_uid_userDoc.npy

Creating numpy matrix for iid_itemDoc..
Item Document Matrix: (44636, 500)
Item Document Matrix: ../datasets/Video_Games/Video_Games_iid_itemDoc.npy

Consolidating user/item visual features from TRAINING set
Consolidating user/item visual features from TRAINING set: 100%|██████████████████████████████████████████████████| 800000/800000 [00:02<00:00, 287104.29it/s]

Creating user visuals from TRAINING set
Creating item visuals from TRAINING set

Minimum User Vis Len: 50, Minimum Item Vis Len: 50
Convert user to uid...: 100%|████████████████████████████████████████████████████████████████████████████████████| 540331/540331 [00:00<00:00, 1758491.72it/s]
Convert item to iid...: 100%|██████████████████████████████████████████████████████████████████████████████████████| 44636/44636 [00:00<00:00, 1808527.45it/s]
Store the actual length of each user visual feature (before padding): 100%|██████████████████████████████████████| 540331/540331 [00:00<00:00, 3514000.53it/s]
Store the actual length of each item visual feature (before padding): 100%|████████████████████████████████████████| 44636/44636 [00:00<00:00, 1863485.69it/s]
Pad the user visual feature to MAX_VIS_LEN: 100%|██████████████████████████████████████████████████████████████████| 540331/540331 [00:07<00:00, 74649.87it/s]
Pad the item visual feature to MAX_VIS_LEN: 100%|███████████████████████████████████████████████████████████████████| 44636/44636 [00:00<00:00, 148303.70it/s]

Creating numpy matrix for uid_userVis..
User Visual Feature Matrix: (540331, 500)
User Visual Feature Matrix: ../datasets/Video_Games/Video_Games_uid_userDoc.npy

Creating numpy matrix for iid_itemVis..
Item Visual Feature Matrix: (44636, 500)
Item Visual Feature Matrix: ../datasets/Video_Games/Video_Games_iid_itemDoc.npy

Saving all required files for "Video_Games"..
Environment:          ../datasets/Video_Games/Video_Games_env.pkl

All required files for "Video_Games" successfully saved to '../datasets/Video_Games/'

Preprocessing for "Video_Games" done after 1619.26 seconds (26.99 minutes)


Done!!
