========================================================================================================================
  ARL_lr: 0.01
  ARL_path: 
  batch_size: 128
  channels_global: 100
  channels_local: 200
  command: -d Home_and_Kitchen -m DAttn -e 10 -p 1 -v 50000 -K 5 -h1 10 -h2 50 -WED 100 -c_local 200 -c_global 100 -hiden_size 500 -output_size 50 -rs 1234 -gpu 0 -vb 1 -sm Home_and_Kitchen_DAttn
  ctx_win_size: 3
  dataset: Home_and_Kitchen
  disable_initial_eval: 0
  dropout_rate: 0.5
  epochs: 10
  filters_num: 100
  gpu: 0
  h1: 10
  h2: 50
  hidden_size: 500
  input_dir: ./datasets/Home_and_Kitchen/
  L2_reg: 1e-06
  learning_rate: 0.002
  loss_function: MSELoss
  max_doc_len: 500
  max_vis_len: 500
  model: DAttn
  num_aspects: 5
  optimizer: Adam
  out_dir: ./experimental_results/Home_and_Kitchen - DAttn/
  output_size: 50
  pretrained_src: 1
  random_seed: 1234
  save_model: Home_and_Kitchen_DAttn
  use_cuda: True
  verbose: 1
  vocab_size: 50000
  word_embed_dim: 100
========================================================================================================================

[INFO] # of Users: 662,395, # of Items: 177,303

Creating model (Selected Model: DAttn)..
[args.use_cuda: True] Model is on the GPU! (args.gpu: 0, torch.cuda.current_device(): 0)
Model created! Elapsed Time: 4.57s (0.08 minute)

Loading uid_userDoc from "./datasets/Home_and_Kitchen/Home_and_Kitchen_uid_userDoc.npy"..
uid_userDoc loaded! [uid_userDoc: (662395, 500)]

Loading iid_itemDoc from "./datasets/Home_and_Kitchen/Home_and_Kitchen_iid_itemDoc.npy"..
iid_itemDoc loaded! [iid_itemDoc: (177303, 500)]

Loading pretrained word embeddings from "./datasets/Home_and_Kitchen/Home_and_Kitchen_wed100_wid_wordEmbed.npy"..
Pretrained word embeddings loaded! [wid_wEmbed: (50002, 100)]

Initialization Complete.. Elapsed Time: 27.37s (0.46 minute)

Train/Dev/Test splits loaded! |TRAIN|: 800,000, |DEV|: 24,704, |TEST|: 24,485
Train/Dev/Test splits loaded! Elapsed Time: 27.64s (0.46 minute)

Performing initial evaluation for VALIDATION set..
[Initial] [Dev]  MSE: 19.44468, MAE: 4.25030

Performing initial evaluation for TESTING set..
[Initial] [Test] MSE: 19.39363, MAE: 4.24094

Initial Evaluation Complete.. Elapsed Time: 38.77s (0.65 minute)

Optimizer: Adam, Loss Function: MSELoss

Model Size: 426,561,603
# of Trainable Parameters: 1,712,403
DAttn (
  (uid_userDoc): Embedding(662395, 500), weights = ((662395, 500),), parameters = 331,197,500
  (iid_itemDoc): Embedding(177303, 500), weights = ((177303, 500),), parameters = 88,651,500
  (wid_wEmbed): Embedding(50002, 100), weights = ((50002, 100),), parameters = 5,000,200
  (user_net): Net(
    (localAttentionLayer): LocalAttention(
      (attention_layer): Sequential(
        (0): Conv2d(1, 1, kernel_size=(3, 100), stride=(1, 1), padding=(1, 0))
        (1): Sigmoid()
      )
      (cnn): Sequential(
        (0): Conv2d(1, 200, kernel_size=(1, 100), stride=(1, 1))
        (1): Tanh()
      )
    )
    (globalAttentionLayer): GlobalAttention(
      (attention_layer): Sequential(
        (0): Conv2d(1, 1, kernel_size=(500, 100), stride=(1, 1))
        (1): Sigmoid()
      )
      (convs): ModuleList(
        (0): Conv2d(1, 100, kernel_size=(2, 100), stride=(1, 1))
        (1): Conv2d(1, 100, kernel_size=(3, 100), stride=(1, 1))
        (2): Conv2d(1, 100, kernel_size=(4, 100), stride=(1, 1))
      )
    )
    (fcLayer): Sequential(
      (0): Linear(in_features=500, out_features=500, bias=True)
      (1): Dropout(p=0.5, inplace=False)
      (2): ReLU()
      (3): Linear(in_features=500, out_features=50, bias=True)
    )
    (dropout): Dropout(p=0.5, inplace=False)
  ), weights = ((1, 1, 3, 100), (1,), (200, 1, 1, 100), (200,), (1, 1, 500, 100), (1,), (100, 1, 2, 100), (100,), (100, 1, 3, 100), (100,), (100, 1, 4, 100), (100,), (500, 500), (500,), (50, 500), (50,)), parameters = 436,352 (Trainable)
  (item_net): Net(
    (localAttentionLayer): LocalAttention(
      (attention_layer): Sequential(
        (0): Conv2d(1, 1, kernel_size=(3, 100), stride=(1, 1), padding=(1, 0))
        (1): Sigmoid()
      )
      (cnn): Sequential(
        (0): Conv2d(1, 200, kernel_size=(1, 100), stride=(1, 1))
        (1): Tanh()
      )
    )
    (globalAttentionLayer): GlobalAttention(
      (attention_layer): Sequential(
        (0): Conv2d(1, 1, kernel_size=(500, 100), stride=(1, 1))
        (1): Sigmoid()
      )
      (convs): ModuleList(
        (0): Conv2d(1, 100, kernel_size=(2, 100), stride=(1, 1))
        (1): Conv2d(1, 100, kernel_size=(3, 100), stride=(1, 1))
        (2): Conv2d(1, 100, kernel_size=(4, 100), stride=(1, 1))
      )
    )
    (fcLayer): Sequential(
      (0): Linear(in_features=500, out_features=500, bias=True)
      (1): Dropout(p=0.5, inplace=False)
      (2): ReLU()
      (3): Linear(in_features=500, out_features=50, bias=True)
    )
    (dropout): Dropout(p=0.5, inplace=False)
  ), weights = ((1, 1, 3, 100), (1,), (200, 1, 1, 100), (200,), (1, 1, 500, 100), (1,), (100, 1, 2, 100), (100,), (100, 1, 3, 100), (100,), (100, 1, 4, 100), (100,), (500, 500), (500,), (50, 500), (50,)), parameters = 436,352 (Trainable)
  (DAttn_RatingPred): DAttn_RatingPred(
    (uid_userOffset): Embedding(662395, 1)
    (iid_itemOffset): Embedding(177303, 1)
    (globalOffset): Parameter(1,)
  ), weights = ((1,), (662395, 1), (177303, 1)), parameters = 839,699 (Trainable)
)
========================================================================================================================

[Epoch 1/10] Training Loss: 1.06496	Elapsed Time: 606.40s (0:10:06)
[Epoch 1] [Dev]  MSE: 1.54325, MAE: 0.84880
[Epoch 1] [Test] MSE: 1.60250, MAE: 0.86203

*** MODEL has obtained the best DEV MSE of 1.54325 so far!
*** The Best MODEL saved to "./__saved_models__/Home_and_Kitchen - DAttn/Home_and_Kitchen_DAttn_1234.pth"

[Epoch 2/10] Training Loss: 0.78867	Elapsed Time: 1,223.59s (0:20:23)
[Epoch 2] [Dev]  MSE: 1.57773, MAE: 0.88836
[Epoch 2] [Test] MSE: 1.62656, MAE: 0.89704

[Epoch 3/10] Training Loss: 0.69143	Elapsed Time: 1,840.75s (0:30:40)
[Epoch 3] [Dev]  MSE: 1.55704, MAE: 0.89236
[Epoch 3] [Test] MSE: 1.61198, MAE: 0.90226

[Epoch 4/10] Training Loss: 0.61823	Elapsed Time: 2,457.96s (0:40:57)
[Epoch 4] [Dev]  MSE: 1.58302, MAE: 0.90905
[Epoch 4] [Test] MSE: 1.63408, MAE: 0.91741

[Epoch 5/10] Training Loss: 0.55599	Elapsed Time: 3,075.18s (0:51:15)
[Epoch 5] [Dev]  MSE: 1.64630, MAE: 0.90100
[Epoch 5] [Test] MSE: 1.70709, MAE: 0.91171

[Epoch 6/10] Training Loss: 0.50861	Elapsed Time: 3,692.29s (1:01:32)
[Epoch 6] [Dev]  MSE: 1.62528, MAE: 0.90099
[Epoch 6] [Test] MSE: 1.68152, MAE: 0.90957

[Epoch 7/10] Training Loss: 0.46511	Elapsed Time: 4,309.45s (1:11:49)
[Epoch 7] [Dev]  MSE: 1.51874, MAE: 0.87967
[Epoch 7] [Test] MSE: 1.57414, MAE: 0.88786

*** MODEL has obtained the best DEV MSE of 1.51874 so far!
*** The Best MODEL saved to "./__saved_models__/Home_and_Kitchen - DAttn/Home_and_Kitchen_DAttn_1234.pth"

[Epoch 8/10] Training Loss: 0.42970	Elapsed Time: 4,926.70s (1:22:06)
[Epoch 8] [Dev]  MSE: 1.57456, MAE: 0.88207
[Epoch 8] [Test] MSE: 1.64093, MAE: 0.89122

[Epoch 9/10] Training Loss: 0.39623	Elapsed Time: 5,543.96s (1:32:23)
[Epoch 9] [Dev]  MSE: 1.56728, MAE: 0.88635
[Epoch 9] [Test] MSE: 1.62014, MAE: 0.89285

[Epoch 10/10] Training Loss: 0.36919	Elapsed Time: 6,161.15s (1:42:41)
[Epoch 10] [Dev]  MSE: 1.59335, MAE: 0.89523
[Epoch 10] [Test] MSE: 1.64573, MAE: 0.90050
*** The Last MODEL saved to "./__saved_models__/Home_and_Kitchen - DAttn/Home_and_Kitchen_DAttn_1234_10.pth"

[Training Loss]
[1.06496, 0.78867, 0.69143, 0.61823, 0.55599, 0.50861, 0.46511, 0.4297, 0.39623, 0.36919]

[Dev MSE]
[1.54325, 1.57773, 1.55704, 1.58302, 1.6463, 1.62528, 1.51874, 1.57456, 1.56728, 1.59335]
[Test MSE]
[1.6025, 1.62656, 1.61198, 1.63408, 1.70709, 1.68152, 1.57414, 1.64093, 1.62014, 1.64573]
[Test MAE]
[0.86203, 0.89704, 0.90226, 0.91741, 0.91171, 0.90957, 0.88786, 0.89122, 0.89285, 0.9005]


Best Dev MSE: 1.51874 (Obtained during Evaluation #7)
Test MSE: 1.57414, Test MAE: 0.88786

End of Program! Elapsed Time: 6,210.90s (1:43:30)
