========================================================================================================================
  ARL_lr: 0.01
  ARL_path: 
  batch_size: 128
  channels_global: 100
  channels_local: 200
  command: -d Beauty -m VANRA -e 10 -dr 0.9 -WED 300 -p 1 -v 50000 -K 5 -h1 10 -h2 50 -output_size 50 -rs 1234 -gpu 0 -vb 1 -sm Beauty_VANRA
  ctx_win_size: 3
  dataset: Beauty
  disable_initial_eval: 0
  dropout_rate: 0.9
  epochs: 10
  filters_num: 100
  gpu: 0
  h1: 10
  h2: 50
  hidden_size: 500
  input_dir: ./datasets/Beauty/
  L2_reg: 1e-06
  learning_rate: 0.002
  loss_function: MSELoss
  max_doc_len: 500
  max_vis_len: 500
  model: VANRA
  num_aspects: 5
  optimizer: Adam
  out_dir: ./experimental_results/Beauty - VANRA/
  output_size: 50
  pretrained_src: 1
  random_seed: 1234
  save_model: Beauty_VANRA
  use_cuda: True
  verbose: 1
  vocab_size: 50000
  word_embed_dim: 300
========================================================================================================================

[INFO] # of Users: 588,069, # of Items: 161,739

Creating model (Selected Model: VANRA)..
[args.use_cuda: True] Model is on the GPU! (args.gpu: 0, torch.cuda.current_device(): 0)
Model created! Elapsed Time: 7.32s (0.12 minute)

Loading uid_userDoc from "./datasets/Beauty/Beauty_uid_userDoc.npy"..
uid_userDoc loaded! [uid_userDoc: (588069, 500)]

Loading iid_itemDoc from "./datasets/Beauty/Beauty_iid_itemDoc.npy"..
iid_itemDoc loaded! [iid_itemDoc: (161739, 500)]

Loading pretrained word embeddings from "./datasets/Beauty/Beauty_wed300_wid_wordEmbed.npy"..
Pretrained word embeddings loaded! [wid_wEmbed: (50002, 300)]

Loading uid_userVis from "./datasets/Beauty/Beauty_uid_userVis.npy"..
uid_userVis loaded! [uid_userVis: (588069, 500)]

Loading iid_itemVis from "./datasets/Beauty/Beauty_iid_itemVis.npy"..
iid_itemVis loaded! [iid_itemVis: (161739, 500)]

Initialization Complete.. Elapsed Time: 61.35s (1.02 minutes)

Train/Dev/Test splits loaded! |TRAIN|: 800,000, |DEV|: 35,826, |TEST|: 35,569
Train/Dev/Test splits loaded! Elapsed Time: 61.66s (1.03 minutes)

Performing initial evaluation for VALIDATION set..
[Initial] [Dev]  MSE: 12.73846, MAE: 3.13250

Performing initial evaluation for TESTING set..
[Initial] [Test] MSE: 12.84838, MAE: 3.14087

Initial Evaluation Complete.. Elapsed Time: 74.88s (1.25 minutes)

Parameters with L2 Regularization (Regularization Strength: 1e-06):
VANRA_RatingPred.uid_userOffset.weight, VANRA_RatingPred.iid_itemOffset.weight

Optimizer: Adam, Loss Function: MSELoss

Model Size: 765,605,269
# of Trainable Parameters: 796,669
VANRA (
  (uid_userDoc): Embedding(588069, 500), weights = ((588069, 500),), parameters = 294,034,500
  (iid_itemDoc): Embedding(161739, 500), weights = ((161739, 500),), parameters = 80,869,500
  (wid_wEmbed): Embedding(50002, 300), weights = ((50002, 300),), parameters = 15,000,600
  (uid_userVis): Embedding(588069, 500), weights = ((588069, 500),), parameters = 294,034,500
  (iid_itemVis): Embedding(161739, 500), weights = ((161739, 500),), parameters = 80,869,500
  (MSANR_ARL): MSANR_ARL(
    (aspEmbed): ModuleList(
      (0): Embedding(5, 30)
      (1): Embedding(5, 50)
      (2): Embedding(5, 70)
    )
    (filterEmbed): Embedding(5, 10)
    (aspProj): Parameter(5, 300, 10)
  ), weights = ((5, 300, 10), (5, 30), (5, 50), (5, 70), (5, 10)), parameters = 15,800 (Trainable)
  (VANRA_VRL): VANRA_VRL(
    (fcLayer): Sequential(
      (0): Dropout(p=0.9, inplace=False)
      (1): Linear(in_features=500, out_features=50, bias=True)
    )
    (visProj): Parameter(500, 10)
  ), weights = ((500, 10), (50, 500), (50,)), parameters = 30,050 (Trainable)
  (VANRA_RatingPred): VANRA_RatingPred(
    (uid_userOffset): Embedding(588069, 1)
    (iid_itemOffset): Embedding(161739, 1)
    (fcLayer1): Sequential(
      (0): Linear(in_features=100, out_features=10, bias=True)
      (1): ReLU()
      (2): Dropout(p=0.9, inplace=False)
    )
    (globalOffset): Parameter(1,)
  ), weights = ((1,), (588069, 1), (161739, 1), (10, 100), (10,)), parameters = 750,819 (Trainable)
)
========================================================================================================================

[Epoch 1/10] Training Loss: 1243.23985	Elapsed Time: 412.98s (0:06:52)
[Epoch 1] [Dev]  MSE: 1.48672, MAE: 0.95742
[Epoch 1] [Test] MSE: 1.46377, MAE: 0.95179

*** MODEL has obtained the best DEV MSE of 1.48672 so far!
*** The Best MODEL saved to "./__saved_models__/Beauty - VANRA/Beauty_VANRA_1234.pth"

[Epoch 2/10] Training Loss: 1.55017	Elapsed Time: 839.39s (0:13:59)
[Epoch 2] [Dev]  MSE: 1.40056, MAE: 0.91705
[Epoch 2] [Test] MSE: 1.37758, MAE: 0.91140

*** MODEL has obtained the best DEV MSE of 1.40056 so far!
*** The Best MODEL saved to "./__saved_models__/Beauty - VANRA/Beauty_VANRA_1234.pth"

[Epoch 3/10] Training Loss: 1.38812	Elapsed Time: 1,265.76s (0:21:05)
[Epoch 3] [Dev]  MSE: 1.38663, MAE: 0.89959
[Epoch 3] [Test] MSE: 1.36406, MAE: 0.89399

*** MODEL has obtained the best DEV MSE of 1.38663 so far!
*** The Best MODEL saved to "./__saved_models__/Beauty - VANRA/Beauty_VANRA_1234.pth"

[Epoch 4/10] Training Loss: 1.29296	Elapsed Time: 1,692.38s (0:28:12)
[Epoch 4] [Dev]  MSE: 1.38675, MAE: 0.89988
[Epoch 4] [Test] MSE: 1.36518, MAE: 0.89462

[Epoch 5/10] Training Loss: 1.23097	Elapsed Time: 2,118.64s (0:35:18)
[Epoch 5] [Dev]  MSE: 1.39069, MAE: 0.89564
[Epoch 5] [Test] MSE: 1.37071, MAE: 0.89087

[Epoch 6/10] Training Loss: 1.18796	Elapsed Time: 2,544.84s (0:42:24)
[Epoch 6] [Dev]  MSE: 1.39884, MAE: 0.88944
[Epoch 6] [Test] MSE: 1.37919, MAE: 0.88476

[Epoch 7/10] Training Loss: 1.15745	Elapsed Time: 2,971.19s (0:49:31)
[Epoch 7] [Dev]  MSE: 1.40357, MAE: 0.89502
[Epoch 7] [Test] MSE: 1.38314, MAE: 0.89002

[Epoch 8/10] Training Loss: 1.13449	Elapsed Time: 3,397.55s (0:56:37)
[Epoch 8] [Dev]  MSE: 1.40808, MAE: 0.89701
[Epoch 8] [Test] MSE: 1.38861, MAE: 0.89238

[Epoch 9/10] Training Loss: 1.11748	Elapsed Time: 3,823.77s (1:03:43)
[Epoch 9] [Dev]  MSE: 1.41235, MAE: 0.89574
[Epoch 9] [Test] MSE: 1.39259, MAE: 0.89106

[Epoch 10/10] Training Loss: 1.10418	Elapsed Time: 4,250.01s (1:10:50)
[Epoch 10] [Dev]  MSE: 1.41593, MAE: 0.89428
[Epoch 10] [Test] MSE: 1.39766, MAE: 0.89015
*** The Last MODEL saved to "./__saved_models__/Beauty - VANRA/Beauty_VANRA_1234_10.pth"

[Training Loss]
[1243.23985, 1.55017, 1.38812, 1.29296, 1.23097, 1.18796, 1.15745, 1.13449, 1.11748, 1.10418]

[Dev MSE]
[1.48672, 1.40056, 1.38663, 1.38675, 1.39069, 1.39884, 1.40357, 1.40808, 1.41235, 1.41593]
[Test MSE]
[1.46377, 1.37758, 1.36406, 1.36518, 1.37071, 1.37919, 1.38314, 1.38861, 1.39259, 1.39766]
[Test MAE]
[0.95179, 0.9114, 0.89399, 0.89462, 0.89087, 0.88476, 0.89002, 0.89238, 0.89106, 0.89015]


Best Dev MSE: 1.38663 (Obtained during Evaluation #3)
Test MSE: 1.36406, Test MAE: 0.89399

End of Program! Elapsed Time: 4,337.89s (1:12:17)
