========================================================================================================================
  ARL_lr: 0.01
  ARL_path: Office_Products_ANRS_1337
  batch_size: 128
  channels_global: 100
  channels_local: 200
  command: -d Office_Products -m ANR -e 10 -dr 0.9 -WED 300 -h1 50 -h2 50 -p 1 -v 50000 -rs 1234 -gpu 0 -vb 1 -sm Office_Products_ANR -ARL_path Office_Products_ANRS_1337
  ctx_win_size: 3
  dataset: Office_Products
  disable_initial_eval: 0
  dropout_rate: 0.9
  epochs: 10
  filters_num: 100
  gpu: 0
  h1: 50
  h2: 50
  hidden_size: 500
  input_dir: ./datasets/Office_Products/
  L2_reg: 1e-06
  learning_rate: 0.002
  loss_function: MSELoss
  max_doc_len: 500
  max_vis_len: 500
  model: ANR
  num_aspects: 5
  optimizer: Adam
  out_dir: ./experimental_results/Office_Products - ANR/
  output_size: 50
  pretrained_src: 1
  random_seed: 1234
  save_model: Office_Products_ANR
  use_cuda: True
  verbose: 1
  vocab_size: 50000
  word_embed_dim: 300
========================================================================================================================

[INFO] # of Users: 628,512, # of Items: 105,406

Creating model (Selected Model: ANR)..
[args.use_cuda: True] Model is on the GPU! (args.gpu: 0, torch.cuda.current_device(): 0)
Model created! Elapsed Time: 4.20s (0.07 minute)

Loading uid_userDoc from "./datasets/Office_Products/Office_Products_uid_userDoc.npy"..
uid_userDoc loaded! [uid_userDoc: (628512, 500)]

Loading iid_itemDoc from "./datasets/Office_Products/Office_Products_iid_itemDoc.npy"..
iid_itemDoc loaded! [iid_itemDoc: (105406, 500)]

Loading pretrained word embeddings from "./datasets/Office_Products/Office_Products_wed300_wid_wordEmbed.npy"..
Pretrained word embeddings loaded! [wid_wEmbed: (50002, 300)]

Loading pretrained ARL weights of "ANR" for dataset "Office_Products" from "./__saved_models__/Office_Products - ANRS/Office_Products_ANRS_1337.pth"!
Loading pretrained ARL weights on GPU "0"!

Loaded pretrained model states:

	shared_ANR_ARL.aspProj
	shared_ANR_ARL.aspEmbed.weight

Pretrained model states transferred to current model!

*** "shared_ANR_ARL.aspProj, shared_ANR_ARL.aspEmbed.weight" are FINE-TUNED!! ***


Initialization Complete.. Elapsed Time: 29.19s (0.49 minute)

Train/Dev/Test splits loaded! |TRAIN|: 800,000, |DEV|: 30,765, |TEST|: 30,933
Train/Dev/Test splits loaded! Elapsed Time: 29.45s (0.49 minute)

Performing initial evaluation for VALIDATION set..
[Initial] [Dev]  MSE: 19.07257, MAE: 4.18849

Performing initial evaluation for TESTING set..
[Initial] [Test] MSE: 18.93012, MAE: 4.16673

Initial Evaluation Complete.. Elapsed Time: 37.27s (0.62 minute)

Parameters that are fine-tuned using a smaller LR (LR: 2e-05):
shared_ANR_ARL.aspProj, shared_ANR_ARL.aspEmbed.weight

Parameters with L2 Regularization (Regularization Strength: 1e-06):
ANR_RatingPred.uid_userOffset.weight, ANR_RatingPred.iid_itemOffset.weight

Optimizer: Adam, Loss Function: MSELoss

Model Size: 382,776,869
# of Trainable Parameters: 817,269
ANR (
  (uid_userDoc): Embedding(628512, 500), weights = ((628512, 500),), parameters = 314,256,000
  (iid_itemDoc): Embedding(105406, 500), weights = ((105406, 500),), parameters = 52,703,000
  (wid_wEmbed): Embedding(50002, 300), weights = ((50002, 300),), parameters = 15,000,600
  (shared_ANR_ARL): ANR_ARL(
    (aspEmbed): Embedding(5, 150)
    (aspProj): Parameter(5, 300, 50)
  ), weights = ((5, 300, 50), (5, 150)), parameters = 75,750 (Trainable)
  (ANR_AIE): ANR_AIE(  (W_a): Parameter(50, 50)
    (W_u): Parameter(50, 50)
    (w_hu): Parameter(50, 1)
    (W_i): Parameter(50, 50)
    (w_hi): Parameter(50, 1)
  ), weights = ((50, 50), (50, 50), (50, 1), (50, 50), (50, 1)), parameters = 7,600 (Trainable)
  (ANR_RatingPred): ANR_RatingPred(
    (userAspRepDropout): Dropout(p=0.9, inplace=False)
    (itemAspRepDropout): Dropout(p=0.9, inplace=False)
    (uid_userOffset): Embedding(628512, 1)
    (iid_itemOffset): Embedding(105406, 1)
    (globalOffset): Parameter(1,)
  ), weights = ((1,), (628512, 1), (105406, 1)), parameters = 733,919 (Trainable)
)
========================================================================================================================

[Epoch 1/10] Training Loss: 3.68501	Elapsed Time: 236.81s (0:03:56)
[Epoch 1] [Dev]  MSE: 1.40664, MAE: 0.95833
[Epoch 1] [Test] MSE: 1.41657, MAE: 0.96021

*** MODEL has obtained the best DEV MSE of 1.40664 so far!
*** The Best MODEL saved to "./__saved_models__/Office_Products - ANR/Office_Products_ANR_1234.pth"

[Epoch 2/10] Training Loss: 1.63207	Elapsed Time: 481.39s (0:08:01)
[Epoch 2] [Dev]  MSE: 1.33144, MAE: 0.91140
[Epoch 2] [Test] MSE: 1.33439, MAE: 0.90918

*** MODEL has obtained the best DEV MSE of 1.33144 so far!
*** The Best MODEL saved to "./__saved_models__/Office_Products - ANR/Office_Products_ANR_1234.pth"

[Epoch 3/10] Training Loss: 1.47180	Elapsed Time: 726.11s (0:12:06)
[Epoch 3] [Dev]  MSE: 1.31123, MAE: 0.88259
[Epoch 3] [Test] MSE: 1.31301, MAE: 0.88024

*** MODEL has obtained the best DEV MSE of 1.31123 so far!
*** The Best MODEL saved to "./__saved_models__/Office_Products - ANR/Office_Products_ANR_1234.pth"

[Epoch 4/10] Training Loss: 1.37808	Elapsed Time: 970.81s (0:16:10)
[Epoch 4] [Dev]  MSE: 1.31219, MAE: 0.88437
[Epoch 4] [Test] MSE: 1.30997, MAE: 0.88101

[Epoch 5/10] Training Loss: 1.31437	Elapsed Time: 1,215.50s (0:20:15)
[Epoch 5] [Dev]  MSE: 1.31395, MAE: 0.87781
[Epoch 5] [Test] MSE: 1.30918, MAE: 0.87360

[Epoch 6/10] Training Loss: 1.26936	Elapsed Time: 1,460.21s (0:24:20)
[Epoch 6] [Dev]  MSE: 1.31727, MAE: 0.87844
[Epoch 6] [Test] MSE: 1.31017, MAE: 0.87346

[Epoch 7/10] Training Loss: 1.23728	Elapsed Time: 1,704.89s (0:28:24)
[Epoch 7] [Dev]  MSE: 1.31877, MAE: 0.87581
[Epoch 7] [Test] MSE: 1.31139, MAE: 0.86998

[Epoch 8/10] Training Loss: 1.21184	Elapsed Time: 1,949.65s (0:32:29)
[Epoch 8] [Dev]  MSE: 1.32131, MAE: 0.87130
[Epoch 8] [Test] MSE: 1.31286, MAE: 0.86526

[Epoch 9/10] Training Loss: 1.19238	Elapsed Time: 2,194.44s (0:36:34)
[Epoch 9] [Dev]  MSE: 1.32609, MAE: 0.87998
[Epoch 9] [Test] MSE: 1.31654, MAE: 0.87405

[Epoch 10/10] Training Loss: 1.17830	Elapsed Time: 2,439.03s (0:40:39)
[Epoch 10] [Dev]  MSE: 1.32809, MAE: 0.88000
[Epoch 10] [Test] MSE: 1.31881, MAE: 0.87347
*** The Last MODEL saved to "./__saved_models__/Office_Products - ANR/Office_Products_ANR_1234_10.pth"

[Training Loss]
[3.68501, 1.63207, 1.4718, 1.37808, 1.31437, 1.26936, 1.23728, 1.21184, 1.19238, 1.1783]

[Dev MSE]
[1.40664, 1.33144, 1.31123, 1.31219, 1.31395, 1.31727, 1.31877, 1.32131, 1.32609, 1.32809]
[Test MSE]
[1.41657, 1.33439, 1.31301, 1.30997, 1.30918, 1.31017, 1.31139, 1.31286, 1.31654, 1.31881]
[Test MAE]
[0.96021, 0.90918, 0.88024, 0.88101, 0.8736, 0.87346, 0.86998, 0.86526, 0.87405, 0.87347]


Best Dev MSE: 1.31123 (Obtained during Evaluation #3)
Test MSE: 1.31301, Test MAE: 0.88024

End of Program! Elapsed Time: 2,483.95s (0:41:23)
