========================================================================================================================
  ARL_lr: 0.01
  ARL_path: 
  batch_size: 128
  channels_global: 100
  channels_local: 200
  command: -d Books -m ANRS -e 10 -dr 0.9 -WED 300 -K 5 -h1 50 -h2 50 -p 1 -v 50000 -rs 1337 -gpu 0 -vb 1 -sm Books_ANRS
  ctx_win_size: 3
  dataset: Books
  disable_initial_eval: 0
  dropout_rate: 0.9
  epochs: 10
  filters_num: 100
  gpu: 0
  h1: 50
  h2: 50
  hidden_size: 500
  input_dir: ./datasets/Books/
  L2_reg: 1e-06
  learning_rate: 0.002
  loss_function: MSELoss
  max_doc_len: 500
  max_vis_len: 500
  model: ANRS
  num_aspects: 5
  optimizer: Adam
  out_dir: ./experimental_results/Books - ANRS/
  output_size: 50
  pretrained_src: 1
  random_seed: 1337
  save_model: Books_ANRS
  use_cuda: True
  verbose: 1
  vocab_size: 50000
  word_embed_dim: 300
========================================================================================================================

[INFO] # of Users: 621,433, # of Items: 390,310

Creating model (Selected Model: ANRS)..
[args.use_cuda: True] Model is on the GPU! (args.gpu: 0, torch.cuda.current_device(): 0)
Model created! Elapsed Time: 5.29s (0.09 minute)

Loading uid_userDoc from "./datasets/Books/Books_uid_userDoc.npy"..
uid_userDoc loaded! [uid_userDoc: (621433, 500)]

Loading iid_itemDoc from "./datasets/Books/Books_iid_itemDoc.npy"..
iid_itemDoc loaded! [iid_itemDoc: (390310, 500)]

Loading pretrained word embeddings from "./datasets/Books/Books_wed300_wid_wordEmbed.npy"..
Pretrained word embeddings loaded! [wid_wEmbed: (50002, 300)]

Initialization Complete.. Elapsed Time: 41.64s (0.69 minute)

Train/Dev/Test splits loaded! |TRAIN|: 800,000, |DEV|: 20,828, |TEST|: 21,246
Train/Dev/Test splits loaded! Elapsed Time: 41.90s (0.70 minute)

Performing initial evaluation for VALIDATION set..
[Initial] [Dev]  MSE: 18.92607, MAE: 4.21974

Performing initial evaluation for TESTING set..
[Initial] [Test] MSE: 19.08409, MAE: 4.24381

Initial Evaluation Complete.. Elapsed Time: 47.06s (0.78 minute)

Parameters with L2 Regularization (Regularization Strength: 1e-06):
ANRS_RatingPred.uid_userOffset.weight, ANRS_RatingPred.iid_itemOffset.weight

Optimizer: Adam, Loss Function: MSELoss

Model Size: 521,959,594
# of Trainable Parameters: 1,087,494
ANR (
  (uid_userDoc): Embedding(621433, 500), weights = ((621433, 500),), parameters = 310,716,500
  (iid_itemDoc): Embedding(390310, 500), weights = ((390310, 500),), parameters = 195,155,000
  (wid_wEmbed): Embedding(50002, 300), weights = ((50002, 300),), parameters = 15,000,600
  (shared_ANR_ARL): ANR_ARL(
    (aspEmbed): Embedding(5, 150)
    (aspProj): Parameter(5, 300, 50)
  ), weights = ((5, 300, 50), (5, 150)), parameters = 75,750 (Trainable)
  (ANRS_RatingPred): ANRS_RatingPred(
    (userAspRepDropout): Dropout(p=0.9, inplace=False)
    (itemAspRepDropout): Dropout(p=0.9, inplace=False)
    (uid_userOffset): Embedding(621433, 1)
    (iid_itemOffset): Embedding(390310, 1)
    (globalOffset): Parameter(1,)
  ), weights = ((1,), (621433, 1), (390310, 1)), parameters = 1,011,744 (Trainable)
)
========================================================================================================================

[Epoch 1/10] Training Loss: 2.39514	Elapsed Time: 229.02s (0:03:49)
[Epoch 1] [Dev]  MSE: 1.05441, MAE: 0.77519
[Epoch 1] [Test] MSE: 1.01382, MAE: 0.76499

*** MODEL has obtained the best DEV MSE of 1.05441 so far!
*** The Best MODEL saved to "./__saved_models__/Books - ANRS/Books_ANRS_1337.pth"

[Epoch 2/10] Training Loss: 1.07953	Elapsed Time: 463.45s (0:07:43)
[Epoch 2] [Dev]  MSE: 1.00632, MAE: 0.74849
[Epoch 2] [Test] MSE: 0.96666, MAE: 0.73857

*** MODEL has obtained the best DEV MSE of 1.00632 so far!
*** The Best MODEL saved to "./__saved_models__/Books - ANRS/Books_ANRS_1337.pth"

[Epoch 3/10] Training Loss: 0.95925	Elapsed Time: 697.75s (0:11:37)
[Epoch 3] [Dev]  MSE: 0.99070, MAE: 0.73590
[Epoch 3] [Test] MSE: 0.95315, MAE: 0.72604

*** MODEL has obtained the best DEV MSE of 0.99070 so far!
*** The Best MODEL saved to "./__saved_models__/Books - ANRS/Books_ANRS_1337.pth"

[Epoch 4/10] Training Loss: 0.89351	Elapsed Time: 932.12s (0:15:32)
[Epoch 4] [Dev]  MSE: 0.98886, MAE: 0.73286
[Epoch 4] [Test] MSE: 0.95346, MAE: 0.72328

*** MODEL has obtained the best DEV MSE of 0.98886 so far!
*** The Best MODEL saved to "./__saved_models__/Books - ANRS/Books_ANRS_1337.pth"

[Epoch 5/10] Training Loss: 0.84480	Elapsed Time: 1,166.43s (0:19:26)
[Epoch 5] [Dev]  MSE: 0.99278, MAE: 0.73052
[Epoch 5] [Test] MSE: 0.95922, MAE: 0.72099

[Epoch 6/10] Training Loss: 0.80538	Elapsed Time: 1,400.76s (0:23:20)
[Epoch 6] [Dev]  MSE: 0.99501, MAE: 0.73103
[Epoch 6] [Test] MSE: 0.96264, MAE: 0.72139

[Epoch 7/10] Training Loss: 0.78400	Elapsed Time: 1,635.07s (0:27:15)
[Epoch 7] [Dev]  MSE: 0.99597, MAE: 0.73309
[Epoch 7] [Test] MSE: 0.96463, MAE: 0.72435

[Epoch 8/10] Training Loss: 0.78623	Elapsed Time: 1,869.38s (0:31:09)
[Epoch 8] [Dev]  MSE: 0.99736, MAE: 0.73459
[Epoch 8] [Test] MSE: 0.96775, MAE: 0.72682

[Epoch 9/10] Training Loss: 0.75387	Elapsed Time: 2,103.78s (0:35:03)
[Epoch 9] [Dev]  MSE: 0.99966, MAE: 0.73497
[Epoch 9] [Test] MSE: 0.96957, MAE: 0.72592

[Epoch 10/10] Training Loss: 0.78861	Elapsed Time: 2,338.15s (0:38:58)
[Epoch 10] [Dev]  MSE: 1.00492, MAE: 0.73430
[Epoch 10] [Test] MSE: 0.97537, MAE: 0.72496
*** The Last MODEL saved to "./__saved_models__/Books - ANRS/Books_ANRS_1337_10.pth"

[Training Loss]
[2.39514, 1.07953, 0.95925, 0.89351, 0.8448, 0.80538, 0.784, 0.78623, 0.75387, 0.78861]

[Dev MSE]
[1.05441, 1.00632, 0.9907, 0.98886, 0.99278, 0.99501, 0.99597, 0.99736, 0.99966, 1.00492]
[Test MSE]
[1.01382, 0.96666, 0.95315, 0.95346, 0.95922, 0.96264, 0.96463, 0.96775, 0.96957, 0.97537]
[Test MAE]
[0.76499, 0.73857, 0.72604, 0.72328, 0.72099, 0.72139, 0.72435, 0.72682, 0.72592, 0.72496]


Best Dev MSE: 0.98886 (Obtained during Evaluation #4)
Test MSE: 0.95346, Test MAE: 0.72328

End of Program! Elapsed Time: 2,390.28s (0:39:50)
