
Dataset: Automotive

[args from argparse.ArgumentParser().parse_args()]
command: pretrained_vectors_simple.py -d Automotive
dataset: Automotive
emb_dim: 300
emb_rand_init: 0.01
random_seed: 1337

[INPUT] Source Folder:                 ../datasets/
[INPUT] Category Folder:               ../datasets/Automotive/
[INPUT] env:                           ../datasets/Automotive/Automotive_env.pkl
[INPUT] Pretrained Word Embeddings:    ../datasets/GoogleNews-vectors-negative300.bin

[OUTPUT] wid_wordEmbed:                ../datasets/Automotive/Automotive_wid_wordEmbed.npy

Loading word-to-wid mappings (i.e. word_wid) from "../datasets/Automotive/Automotive_env.pkl"

|V|: 50002

Finished processing pretrained embeddings..
# of words with pretrained embeddings: 34625

Embedding Matrix=(50002, 300), |V|=50002
# of Words w/ No Pretrained Embeddings=15377 (30.753%)

Embeddings successfully saved to '../datasets/Automotive/Automotive_wid_wordEmbed.npy'


Pretrained word embeddings for "Automotive" obtained after 16.66 seconds (0.28 minutes)

