
Dataset: Beauty

[args from argparse.ArgumentParser().parse_args()]
command: pretrained_vectors_simple.py -d Beauty
dataset: Beauty
emb_dim: 300
emb_rand_init: 0.01
random_seed: 1337

[INPUT] Source Folder:                 ../datasets/
[INPUT] Category Folder:               ../datasets/Beauty/
[INPUT] env:                           ../datasets/Beauty/Beauty_env.pkl
[INPUT] Pretrained Word Embeddings:    ../datasets/GoogleNews-vectors-negative300.bin

[OUTPUT] wid_wordEmbed:                ../datasets/Beauty/Beauty_wid_wordEmbed.npy

Loading word-to-wid mappings (i.e. word_wid) from "../datasets/Beauty/Beauty_env.pkl"

|V|: 50002

Finished processing pretrained embeddings..
# of words with pretrained embeddings: 35806

Embedding Matrix=(50002, 300), |V|=50002
# of Words w/ No Pretrained Embeddings=14196 (28.391%)

Embeddings successfully saved to '../datasets/Beauty/Beauty_wid_wordEmbed.npy'


Pretrained word embeddings for "Beauty" obtained after 16.40 seconds (0.27 minutes)

