
Dataset: Clothing_Shoes_and_Jewelry

[args from argparse.ArgumentParser().parse_args()]
command: pretrained_vectors_simple.py -d Clothing_Shoes_and_Jewelry
dataset: Clothing_Shoes_and_Jewelry
emb_dim: 300
emb_rand_init: 0.01
random_seed: 1337

[INPUT] Source Folder:                 ../datasets/
[INPUT] Category Folder:               ../datasets/Clothing_Shoes_and_Jewelry/
[INPUT] env:                           ../datasets/Clothing_Shoes_and_Jewelry/Clothing_Shoes_and_Jewelry_env.pkl
[INPUT] Pretrained Word Embeddings:    ../datasets/GoogleNews-vectors-negative300.bin

[OUTPUT] wid_wordEmbed:                ../datasets/Clothing_Shoes_and_Jewelry/Clothing_Shoes_and_Jewelry_wid_wordEmbed.npy

Loading word-to-wid mappings (i.e. word_wid) from "../datasets/Clothing_Shoes_and_Jewelry/Clothing_Shoes_and_Jewelry_env.pkl"

|V|: 50002

Finished processing pretrained embeddings..
# of words with pretrained embeddings: 36585

Embedding Matrix=(50002, 300), |V|=50002
# of Words w/ No Pretrained Embeddings=13417 (26.833%)

Embeddings successfully saved to '../datasets/Clothing_Shoes_and_Jewelry/Clothing_Shoes_and_Jewelry_wid_wordEmbed.npy'


Pretrained word embeddings for "Clothing_Shoes_and_Jewelry" obtained after 17.74 seconds (0.30 minutes)

