
Dataset: Digital_Music

[args from argparse.ArgumentParser().parse_args()]
command: pretrained_vectors_simple.py -d Digital_Music
dataset: Digital_Music
emb_dim: 300
emb_rand_init: 0.01
random_seed: 1337

[INPUT] Source Folder:                 ../datasets/
[INPUT] Category Folder:               ../datasets/Digital_Music/
[INPUT] env:                           ../datasets/Digital_Music/Digital_Music_env.pkl
[INPUT] Pretrained Word Embeddings:    ../datasets/GoogleNews-vectors-negative300.bin

[OUTPUT] wid_wordEmbed:                ../datasets/Digital_Music/Digital_Music_wid_wordEmbed.npy

Loading word-to-wid mappings (i.e. word_wid) from "../datasets/Digital_Music/Digital_Music_env.pkl"

|V|: 50002

Finished processing pretrained embeddings..
# of words with pretrained embeddings: 37516

Embedding Matrix=(50002, 300), |V|=50002
# of Words w/ No Pretrained Embeddings=12486 (24.971%)

Embeddings successfully saved to '../datasets/Digital_Music/Digital_Music_wid_wordEmbed.npy'


Pretrained word embeddings for "Digital_Music" obtained after 17.51 seconds (0.29 minutes)

