
Dataset: Electronics

[args from argparse.ArgumentParser().parse_args()]
command: pretrained_vectors_simple.py -d Electronics
dataset: Electronics
emb_dim: 300
emb_rand_init: 0.01
random_seed: 1337

[INPUT] Source Folder:                 ../datasets/
[INPUT] Category Folder:               ../datasets/Electronics/
[INPUT] env:                           ../datasets/Electronics/Electronics_env.pkl
[INPUT] Pretrained Word Embeddings:    ../datasets/GoogleNews-vectors-negative300.bin

[OUTPUT] wid_wordEmbed:                ../datasets/Electronics/Electronics_wid_wordEmbed.npy

Loading word-to-wid mappings (i.e. word_wid) from "../datasets/Electronics/Electronics_env.pkl"

|V|: 50002

Finished processing pretrained embeddings..
# of words with pretrained embeddings: 33579

Embedding Matrix=(50002, 300), |V|=50002
# of Words w/ No Pretrained Embeddings=16423 (32.845%)

Embeddings successfully saved to '../datasets/Electronics/Electronics_wid_wordEmbed.npy'


Pretrained word embeddings for "Electronics" obtained after 17.48 seconds (0.29 minutes)

