
Dataset: Movies_and_TV

[args from argparse.ArgumentParser().parse_args()]
command: pretrained_vectors_simple.py -d Movies_and_TV
dataset: Movies_and_TV
emb_dim: 300
emb_rand_init: 0.01
random_seed: 1337

[INPUT] Source Folder:                 ../datasets/
[INPUT] Category Folder:               ../datasets/Movies_and_TV/
[INPUT] env:                           ../datasets/Movies_and_TV/Movies_and_TV_env.pkl
[INPUT] Pretrained Word Embeddings:    ../datasets/GoogleNews-vectors-negative300.bin

[OUTPUT] wid_wordEmbed:                ../datasets/Movies_and_TV/Movies_and_TV_wid_wordEmbed.npy

Loading word-to-wid mappings (i.e. word_wid) from "../datasets/Movies_and_TV/Movies_and_TV_env.pkl"

|V|: 50002

Finished processing pretrained embeddings..
# of words with pretrained embeddings: 39125

Embedding Matrix=(50002, 300), |V|=50002
# of Words w/ No Pretrained Embeddings=10877 (21.753%)

Embeddings successfully saved to '../datasets/Movies_and_TV/Movies_and_TV_wid_wordEmbed.npy'


Pretrained word embeddings for "Movies_and_TV" obtained after 17.68 seconds (0.29 minutes)

