========================================================================================================================
  ARL_lr: 0.01
  ARL_path: 
  batch_size: 128
  channels_global: 20
  channels_local: 20
  command: -d Beauty -m DAttn -e 10 -p 1 -v 50000 -K 5 -h1 10 -h2 50 -WED 300 -c_local 20 -c_global 20 -hiden_size 200 -output_size 50 -rs 1234 -gpu 0 -vb 1 -sm Beauty_DAttn
  ctx_win_size: 3
  dataset: Beauty
  disable_initial_eval: 0
  dropout_rate: 0.5
  epochs: 10
  gpu: 0
  h1: 10
  h2: 50
  hidden_size: 200
  input_dir: ./datasets/Beauty/
  L2_reg: 1e-06
  learning_rate: 0.002
  loss_function: MSELoss
  max_doc_len: 500
  max_vis_len: 500
  model: DAttn
  num_aspects: 5
  optimizer: Adam
  out_dir: ./experimental_results/Beauty - DAttn/
  output_size: 50
  pretrained_src: 1
  random_seed: 1234
  save_model: Beauty_DAttn
  use_cuda: True
  verbose: 1
  vocab_size: 50000
  word_embed_dim: 300
========================================================================================================================

[INFO] # of Users: 588,069, # of Items: 161,739

Creating model (Selected Model: DAttn)..
[args.use_cuda: True] Model is on the GPU! (args.gpu: 0, torch.cuda.current_device(): 0)
Model created! Elapsed Time: 4.31s (0.07 minute)

Loading uid_userDoc from "./datasets/Beauty/Beauty_uid_userDoc.npy"..
uid_userDoc loaded! [uid_userDoc: (588069, 500)]

Loading iid_itemDoc from "./datasets/Beauty/Beauty_iid_itemDoc.npy"..
iid_itemDoc loaded! [iid_itemDoc: (161739, 500)]

Loading pretrained word embeddings from "./datasets/Beauty/Beauty_wid_wordEmbed.npy"..
Pretrained word embeddings loaded! [wid_wEmbed: (50002, 300)]

Initialization Complete.. Elapsed Time: 31.65s (0.53 minute)

Train/Dev/Test splits loaded! |TRAIN|: 800,000, |DEV|: 35,826, |TEST|: 35,569
Train/Dev/Test splits loaded! Elapsed Time: 31.91s (0.53 minute)

Performing initial evaluation for VALIDATION set..
[Initial] [Dev]  MSE: 18.05485, MAE: 4.06765

Performing initial evaluation for TESTING set..
[Initial] [Test] MSE: 18.10940, MAE: 4.07727

Initial Evaluation Complete.. Elapsed Time: 68.67s (1.14 minutes)

Optimizer: Adam, Loss Function: MSELoss

Model Size: 391,102,623
# of Trainable Parameters: 1,198,023
DAttn (
  (uid_userDoc): Embedding(588069, 500), weights = ((588069, 500),), parameters = 294,034,500
  (iid_itemDoc): Embedding(161739, 500), weights = ((161739, 500),), parameters = 80,869,500
  (wid_wEmbed): Embedding(50002, 300), weights = ((50002, 300),), parameters = 15,000,600
  (DAttn_RatingPred): DAttn_RatingPred(
    (uid_userOffset): Embedding(588069, 1)
    (iid_itemOffset): Embedding(161739, 1)
    (globalOffset): Parameter(1,)
  ), weights = ((1,), (588069, 1), (161739, 1)), parameters = 749,809 (Trainable)
  (localAttentionLayer_user): LocalAttention(
    (attention_layer): Sequential(
      (0): Conv2d(1, 1, kernel_size=(3, 300), stride=(1, 1))
      (1): Sigmoid()
    )
    (cnn): Sequential(
      (0): Conv2d(1, 20, kernel_size=(1, 300), stride=(1, 1))
      (1): Tanh()
      (2): MaxPool2d(kernel_size=(500, 1), stride=(500, 1), padding=0, dilation=1, ceil_mode=False)
    )
  ), weights = ((1, 1, 3, 300), (1,), (20, 1, 1, 300), (20,)), parameters = 6,921 (Trainable)
  (globalAttentionLayer_user): GlobalAttention(
    (attention_layer): Sequential(
      (0): Conv2d(1, 1, kernel_size=(500, 300), stride=(1, 1))
      (1): Sigmoid()
    )
    (cnn_1): Sequential(
      (0): Conv2d(1, 20, kernel_size=(2, 300), stride=(1, 1))
      (1): Tanh()
      (2): MaxPool2d(kernel_size=(499, 1), stride=(499, 1), padding=0, dilation=1, ceil_mode=False)
    )
    (cnn_2): Sequential(
      (0): Conv2d(1, 20, kernel_size=(3, 300), stride=(1, 1))
      (1): Tanh()
      (2): MaxPool2d(kernel_size=(498, 1), stride=(498, 1), padding=0, dilation=1, ceil_mode=False)
    )
    (cnn_3): Sequential(
      (0): Conv2d(1, 20, kernel_size=(4, 300), stride=(1, 1))
      (1): Tanh()
      (2): MaxPool2d(kernel_size=(497, 1), stride=(497, 1), padding=0, dilation=1, ceil_mode=False)
    )
  ), weights = ((1, 1, 500, 300), (1,), (20, 1, 2, 300), (20,), (20, 1, 3, 300), (20,), (20, 1, 4, 300), (20,)), parameters = 204,061 (Trainable)
  (localAttentionLayer_item): LocalAttention(
    (attention_layer): Sequential(
      (0): Conv2d(1, 1, kernel_size=(3, 300), stride=(1, 1))
      (1): Sigmoid()
    )
    (cnn): Sequential(
      (0): Conv2d(1, 20, kernel_size=(1, 300), stride=(1, 1))
      (1): Tanh()
      (2): MaxPool2d(kernel_size=(500, 1), stride=(500, 1), padding=0, dilation=1, ceil_mode=False)
    )
  ), weights = ((1, 1, 3, 300), (1,), (20, 1, 1, 300), (20,)), parameters = 6,921 (Trainable)
  (globalAttentionLayer_item): GlobalAttention(
    (attention_layer): Sequential(
      (0): Conv2d(1, 1, kernel_size=(500, 300), stride=(1, 1))
      (1): Sigmoid()
    )
    (cnn_1): Sequential(
      (0): Conv2d(1, 20, kernel_size=(2, 300), stride=(1, 1))
      (1): Tanh()
      (2): MaxPool2d(kernel_size=(499, 1), stride=(499, 1), padding=0, dilation=1, ceil_mode=False)
    )
    (cnn_2): Sequential(
      (0): Conv2d(1, 20, kernel_size=(3, 300), stride=(1, 1))
      (1): Tanh()
      (2): MaxPool2d(kernel_size=(498, 1), stride=(498, 1), padding=0, dilation=1, ceil_mode=False)
    )
    (cnn_3): Sequential(
      (0): Conv2d(1, 20, kernel_size=(4, 300), stride=(1, 1))
      (1): Tanh()
      (2): MaxPool2d(kernel_size=(497, 1), stride=(497, 1), padding=0, dilation=1, ceil_mode=False)
    )
  ), weights = ((1, 1, 500, 300), (1,), (20, 1, 2, 300), (20,), (20, 1, 3, 300), (20,), (20, 1, 4, 300), (20,)), parameters = 204,061 (Trainable)
  (fcLayer): Sequential (
    (0): Linear(in_features=80, out_features=200, bias=True), weights = ((200, 80), (200,)), parameters = 16,200 (Trainable)
    (1): Dropout(p=0.5, inplace=False), weights = (), parameters = 0
    (2): ReLU(), weights = (), parameters = 0
    (3): Linear(in_features=200, out_features=50, bias=True), weights = ((50, 200), (50,)), parameters = 10,050 (Trainable)
  ), weights = ((200, 80), (200,), (50, 200), (50,)), parameters = 26,250 (Trainable)
)
========================================================================================================================

[Epoch 1/10] Training Loss: 0.95621	Elapsed Time: 1,183.69s (0:19:43)
[Epoch 1] [Dev]  MSE: 1.63144, MAE: 0.94622
[Epoch 1] [Test] MSE: 1.61631, MAE: 0.94233

*** MODEL has obtained the best DEV MSE of 1.63144 so far!
*** The Best MODEL saved to "./__saved_models__/Beauty - DAttn/Beauty_DAttn_1234.pth"

[Epoch 2/10] Training Loss: 0.73854	Elapsed Time: 2,404.05s (0:40:04)
[Epoch 2] [Dev]  MSE: 1.69031, MAE: 0.91345
[Epoch 2] [Test] MSE: 1.67485, MAE: 0.90891

[Epoch 3/10] Training Loss: 0.65579	Elapsed Time: 3,624.35s (1:00:24)
[Epoch 3] [Dev]  MSE: 1.75177, MAE: 0.93547
[Epoch 3] [Test] MSE: 1.73119, MAE: 0.92863

[Epoch 4/10] Training Loss: 0.59589	Elapsed Time: 4,844.72s (1:20:44)
[Epoch 4] [Dev]  MSE: 1.72920, MAE: 0.92168
[Epoch 4] [Test] MSE: 1.70905, MAE: 0.91577

[Epoch 5/10] Training Loss: 0.54552	Elapsed Time: 6,065.21s (1:41:05)
[Epoch 5] [Dev]  MSE: 1.66037, MAE: 0.91125
[Epoch 5] [Test] MSE: 1.64571, MAE: 0.90631

[Epoch 6/10] Training Loss: 0.50656	Elapsed Time: 7,285.67s (2:01:25)
[Epoch 6] [Dev]  MSE: 1.69441, MAE: 0.92392
[Epoch 6] [Test] MSE: 1.67363, MAE: 0.91728

[Epoch 7/10] Training Loss: 0.47420	Elapsed Time: 8,506.24s (2:21:46)
[Epoch 7] [Dev]  MSE: 1.73441, MAE: 0.93107
[Epoch 7] [Test] MSE: 1.71689, MAE: 0.92593

[Epoch 8/10] Training Loss: 0.44587	Elapsed Time: 9,726.75s (2:42:06)
[Epoch 8] [Dev]  MSE: 1.71828, MAE: 0.91410
[Epoch 8] [Test] MSE: 1.69370, MAE: 0.90740

[Epoch 9/10] Training Loss: 0.42147	Elapsed Time: 10,947.48s (3:02:27)
[Epoch 9] [Dev]  MSE: 1.72994, MAE: 0.93863
[Epoch 9] [Test] MSE: 1.70856, MAE: 0.93261

[Epoch 10/10] Training Loss: 0.40026	Elapsed Time: 12,167.91s (3:22:47)
[Epoch 10] [Dev]  MSE: 1.73636, MAE: 0.93849
[Epoch 10] [Test] MSE: 1.71480, MAE: 0.93205
*** The Last MODEL saved to "./__saved_models__/Beauty - DAttn/Beauty_DAttn_1234_10.pth"

[Training Loss]
[0.95621, 0.73854, 0.65579, 0.59589, 0.54552, 0.50656, 0.4742, 0.44587, 0.42147, 0.40026]

[Dev MSE]
[1.63144, 1.69031, 1.75177, 1.7292, 1.66037, 1.69441, 1.73441, 1.71828, 1.72994, 1.73636]
[Test MSE]
[1.61631, 1.67485, 1.73119, 1.70905, 1.64571, 1.67363, 1.71689, 1.6937, 1.70856, 1.7148]
[Test MAE]
[0.94233, 0.90891, 0.92863, 0.91577, 0.90631, 0.91728, 0.92593, 0.9074, 0.93261, 0.93205]


Best Dev MSE: 1.63144 (Obtained during Evaluation #1)
Test MSE: 1.61631, Test MAE: 0.94233

End of Program! Elapsed Time: 12,273.24s (3:24:33)
