========================================================================================================================
  ARL_lr: 0.01
  ARL_path: 
  batch_size: 128
  channels_global: 10
  channels_local: 10
  command: -d Health_and_Personal_Care -m VANRA -e 15 -dr 0.9 -p 1 -v 50000 -K 5 -h1 10 -h2 50 -c_local 10 -c_global 10 -hiden_size 100 -output_size 50 -rs 1234 -gpu 0 -vb 1 -sm Health_and_Personal_Care_VANRA
  ctx_win_size: 3
  dataset: Health_and_Personal_Care
  disable_initial_eval: 0
  dropout_rate: 0.9
  epochs: 15
  gpu: 0
  h1: 10
  h2: 50
  hidden_size: 100
  input_dir: ./datasets/Health_and_Personal_Care/
  L2_reg: 1e-06
  learning_rate: 0.002
  loss_function: MSELoss
  max_doc_len: 500
  max_vis_len: 500
  model: VANRA
  num_aspects: 5
  optimizer: Adam
  out_dir: ./experimental_results/Health_and_Personal_Care - VANRA/
  output_size: 50
  pretrained_src: 1
  random_seed: 1234
  save_model: Health_and_Personal_Care_VANRA
  use_cuda: True
  verbose: 1
  vocab_size: 50000
  word_embed_dim: 300
========================================================================================================================

[INFO] # of Users: 640,558, # of Items: 140,129

Creating model (Selected Model: VANRA)..
[args.use_cuda: True] Model is on the GPU! (args.gpu: 0, torch.cuda.current_device(): 0)
Model created! Elapsed Time: 7.50s (0.12 minute)

Loading uid_userDoc from "./datasets/Health_and_Personal_Care/Health_and_Personal_Care_uid_userDoc.npy"..
uid_userDoc loaded! [uid_userDoc: (640558, 500)]

Loading iid_itemDoc from "./datasets/Health_and_Personal_Care/Health_and_Personal_Care_iid_itemDoc.npy"..
iid_itemDoc loaded! [iid_itemDoc: (140129, 500)]

Loading pretrained word embeddings from "./datasets/Health_and_Personal_Care/Health_and_Personal_Care_wid_wordEmbed.npy"..
Pretrained word embeddings loaded! [wid_wEmbed: (50002, 300)]

Loading uid_userVis from "./datasets/Health_and_Personal_Care/Health_and_Personal_Care_uid_userVis.npy"..
uid_userVis loaded! [uid_userVis: (640558, 500)]

Loading iid_itemVis from "./datasets/Health_and_Personal_Care/Health_and_Personal_Care_iid_itemVis.npy"..
iid_itemVis loaded! [iid_itemVis: (140129, 500)]

Initialization Complete.. Elapsed Time: 56.83s (0.95 minute)

Train/Dev/Test splits loaded! |TRAIN|: 800,000, |DEV|: 28,579, |TEST|: 28,406
Train/Dev/Test splits loaded! Elapsed Time: 57.10s (0.95 minute)

Performing initial evaluation for VALIDATION set..
[Initial] [Dev]  MSE: 19.01247, MAE: 4.18437

Performing initial evaluation for TESTING set..
[Initial] [Test] MSE: 19.12237, MAE: 4.20118

Initial Evaluation Complete.. Elapsed Time: 62.47s (1.04 minutes)

Parameters with L2 Regularization (Regularization Strength: 1e-06):
VANRA_RatingPred.uid_userOffset.weight, VANRA_RatingPred.iid_itemOffset.weight

Optimizer: Adam, Loss Function: MSELoss

Model Size: 796,594,946
# of Trainable Parameters: 907,346
VANRA (
  (uid_userDoc): Embedding(640558, 500), weights = ((640558, 500),), parameters = 320,279,000
  (iid_itemDoc): Embedding(140129, 500), weights = ((140129, 500),), parameters = 70,064,500
  (wid_wEmbed): Embedding(50002, 300), weights = ((50002, 300),), parameters = 15,000,600
  (uid_userVis): Embedding(640558, 500), weights = ((640558, 500),), parameters = 320,279,000
  (iid_itemVis): Embedding(140129, 500), weights = ((140129, 500),), parameters = 70,064,500
  (shared_ANR_ARL): ANR_ARL(
    (aspEmbed): Embedding(5, 30)
    (aspProj): Parameter(5, 300, 10)
  ), weights = ((5, 300, 10), (5, 30)), parameters = 15,150 (Trainable)
  (ANR_AIE): ANR_AIE(  (W_a): Parameter(10, 10)
    (W_u): Parameter(50, 10)
    (w_hu): Parameter(50, 1)
    (W_i): Parameter(50, 10)
    (w_hi): Parameter(50, 1)
  ), weights = ((10, 10), (50, 10), (50, 1), (50, 10), (50, 1)), parameters = 1,200 (Trainable)
  (VANRA_VRL): VANRA_VRL(
    (localAttentionLayer_user): LocalAttention(
      (attention_layer): Sequential(
        (0): Conv2d(1, 1, kernel_size=(3, 1), stride=(1, 1))
        (1): Softmax(dim=2)
      )
      (fcLayer): Sequential(
        (0): Linear(in_features=500, out_features=100, bias=True)
        (1): Dropout(p=0.9, inplace=False)
        (2): ReLU()
        (3): Linear(in_features=100, out_features=50, bias=True)
      )
    )
    (localAttentionLayer_item): LocalAttention(
      (attention_layer): Sequential(
        (0): Conv2d(1, 1, kernel_size=(3, 1), stride=(1, 1))
        (1): Softmax(dim=2)
      )
      (fcLayer): Sequential(
        (0): Linear(in_features=500, out_features=100, bias=True)
        (1): Dropout(p=0.9, inplace=False)
        (2): ReLU()
        (3): Linear(in_features=100, out_features=50, bias=True)
      )
    )
  ), weights = ((1, 1, 3, 1), (1,), (100, 500), (100,), (50, 100), (50,), (1, 1, 3, 1), (1,), (100, 500), (100,), (50, 100), (50,)), parameters = 110,308 (Trainable)
  (VANRA_RatingPred): VANRA_RatingPred(
    (userAspRepDropout): Dropout(p=0.9, inplace=False)
    (itemAspRepDropout): Dropout(p=0.9, inplace=False)
    (uid_userOffset): Embedding(640558, 1)
    (iid_itemOffset): Embedding(140129, 1)
    (globalOffset): Parameter(1,)
  ), weights = ((1,), (640558, 1), (140129, 1)), parameters = 780,688 (Trainable)
)
========================================================================================================================

[Epoch 1/15] Training Loss: 1.90461	Elapsed Time: 168.49s (0:02:48)
[Epoch 1] [Dev]  MSE: 1.38661, MAE: 0.93461
[Epoch 1] [Test] MSE: 1.35620, MAE: 0.92422

*** MODEL has obtained the best DEV MSE of 1.38661 so far!
*** The Best MODEL saved to "./__saved_models__/Health_and_Personal_Care - VANRA/Health_and_Personal_Care_VANRA_1234.pth"

[Epoch 2/15] Training Loss: 1.51064	Elapsed Time: 341.73s (0:05:41)
[Epoch 2] [Dev]  MSE: 1.35559, MAE: 0.90974
[Epoch 2] [Test] MSE: 1.32279, MAE: 0.89710

*** MODEL has obtained the best DEV MSE of 1.35559 so far!
*** The Best MODEL saved to "./__saved_models__/Health_and_Personal_Care - VANRA/Health_and_Personal_Care_VANRA_1234.pth"

[Epoch 3/15] Training Loss: 1.38132	Elapsed Time: 515.05s (0:08:35)
[Epoch 3] [Dev]  MSE: 1.35204, MAE: 0.90085
[Epoch 3] [Test] MSE: 1.31958, MAE: 0.88734

*** MODEL has obtained the best DEV MSE of 1.35204 so far!
*** The Best MODEL saved to "./__saved_models__/Health_and_Personal_Care - VANRA/Health_and_Personal_Care_VANRA_1234.pth"

[Epoch 4/15] Training Loss: 1.29916	Elapsed Time: 688.20s (0:11:28)
[Epoch 4] [Dev]  MSE: 1.36013, MAE: 0.86855
[Epoch 4] [Test] MSE: 1.32721, MAE: 0.85482

[Epoch 5/15] Training Loss: 1.24275	Elapsed Time: 861.36s (0:14:21)
[Epoch 5] [Dev]  MSE: 1.36437, MAE: 0.88354
[Epoch 5] [Test] MSE: 1.33167, MAE: 0.86976

[Epoch 6/15] Training Loss: 1.20252	Elapsed Time: 1,034.81s (0:17:14)
[Epoch 6] [Dev]  MSE: 1.36811, MAE: 0.88364
[Epoch 6] [Test] MSE: 1.33726, MAE: 0.86995

[Epoch 7/15] Training Loss: 1.17276	Elapsed Time: 1,208.13s (0:20:08)
[Epoch 7] [Dev]  MSE: 1.37780, MAE: 0.87810
[Epoch 7] [Test] MSE: 1.34766, MAE: 0.86503

[Epoch 8/15] Training Loss: 1.15125	Elapsed Time: 1,381.35s (0:23:01)
[Epoch 8] [Dev]  MSE: 1.37987, MAE: 0.88119
[Epoch 8] [Test] MSE: 1.35015, MAE: 0.86815

[Epoch 9/15] Training Loss: 1.13608	Elapsed Time: 1,554.63s (0:25:54)
[Epoch 9] [Dev]  MSE: 1.38883, MAE: 0.87527
[Epoch 9] [Test] MSE: 1.35659, MAE: 0.86078

[Epoch 10/15] Training Loss: 1.12223	Elapsed Time: 1,727.94s (0:28:47)
[Epoch 10] [Dev]  MSE: 1.38759, MAE: 0.88435
[Epoch 10] [Test] MSE: 1.35818, MAE: 0.87099

[Epoch 11/15] Training Loss: 1.11125	Elapsed Time: 1,901.19s (0:31:41)
[Epoch 11] [Dev]  MSE: 1.38840, MAE: 0.89007
[Epoch 11] [Test] MSE: 1.36103, MAE: 0.87768

[Epoch 12/15] Training Loss: 1.10248	Elapsed Time: 2,074.47s (0:34:34)
[Epoch 12] [Dev]  MSE: 1.39230, MAE: 0.88629
[Epoch 12] [Test] MSE: 1.36363, MAE: 0.87327

[Epoch 13/15] Training Loss: 1.09602	Elapsed Time: 2,247.73s (0:37:27)
[Epoch 13] [Dev]  MSE: 1.39471, MAE: 0.88398
[Epoch 13] [Test] MSE: 1.36649, MAE: 0.87146

[Epoch 14/15] Training Loss: 1.27642	Elapsed Time: 2,421.01s (0:40:21)
[Epoch 14] [Dev]  MSE: 1.39892, MAE: 0.90059
[Epoch 14] [Test] MSE: 1.37135, MAE: 0.88798

[Epoch 15/15] Training Loss: 1.08517	Elapsed Time: 2,594.40s (0:43:14)
[Epoch 15] [Dev]  MSE: 1.40392, MAE: 0.87363
[Epoch 15] [Test] MSE: 1.37397, MAE: 0.86022
*** The Last MODEL saved to "./__saved_models__/Health_and_Personal_Care - VANRA/Health_and_Personal_Care_VANRA_1234_15.pth"

[Training Loss]
[1.90461, 1.51064, 1.38132, 1.29916, 1.24275, 1.20252, 1.17276, 1.15125, 1.13608, 1.12223, 1.11125, 1.10248, 1.09602, 1.27642, 1.08517]

[Dev MSE]
[1.38661, 1.35559, 1.35204, 1.36013, 1.36437, 1.36811, 1.3778, 1.37987, 1.38883, 1.38759, 1.3884, 1.3923, 1.39471, 1.39892, 1.40392]
[Test MSE]
[1.3562, 1.32279, 1.31958, 1.32721, 1.33167, 1.33726, 1.34766, 1.35015, 1.35659, 1.35818, 1.36103, 1.36363, 1.36649, 1.37135, 1.37397]
[Test MAE]
[0.92422, 0.8971, 0.88734, 0.85482, 0.86976, 0.86995, 0.86503, 0.86815, 0.86078, 0.87099, 0.87768, 0.87327, 0.87146, 0.88798, 0.86022]


Best Dev MSE: 1.35204 (Obtained during Evaluation #3)
Test MSE: 1.31958, Test MAE: 0.88734

End of Program! Elapsed Time: 2,661.47s (0:44:21)
