========================================================================================================================
  ARL_lr: 0.01
  ARL_path: 
  batch_size: 128
  channels_global: 100
  channels_local: 200
  command: -d Kindle_Store -m ANRS -e 10 -dr 0.9 -WED 300 -K 5 -h1 50 -h2 50 -p 1 -v 50000 -rs 1337 -gpu 0 -vb 1 -sm Kindle_Store_ANRS
  ctx_win_size: 3
  dataset: Kindle_Store
  disable_initial_eval: 0
  dropout_rate: 0.9
  epochs: 10
  filters_num: 100
  gpu: 0
  h1: 50
  h2: 50
  hidden_size: 500
  input_dir: ./datasets/Kindle_Store/
  L2_reg: 1e-06
  learning_rate: 0.002
  loss_function: MSELoss
  max_doc_len: 500
  max_vis_len: 500
  model: ANRS
  num_aspects: 5
  optimizer: Adam
  out_dir: ./experimental_results/Kindle_Store - ANRS/
  output_size: 50
  pretrained_src: 1
  random_seed: 1337
  save_model: Kindle_Store_ANRS
  use_cuda: True
  verbose: 1
  vocab_size: 50000
  word_embed_dim: 300
========================================================================================================================

[INFO] # of Users: 488,920, # of Items: 232,137

Creating model (Selected Model: ANRS)..
[args.use_cuda: True] Model is on the GPU! (args.gpu: 0, torch.cuda.current_device(): 0)
Model created! Elapsed Time: 4.26s (0.07 minute)

Loading uid_userDoc from "./datasets/Kindle_Store/Kindle_Store_uid_userDoc.npy"..
uid_userDoc loaded! [uid_userDoc: (488920, 500)]

Loading iid_itemDoc from "./datasets/Kindle_Store/Kindle_Store_iid_itemDoc.npy"..
iid_itemDoc loaded! [iid_itemDoc: (232137, 500)]

Loading pretrained word embeddings from "./datasets/Kindle_Store/Kindle_Store_wed300_wid_wordEmbed.npy"..
Pretrained word embeddings loaded! [wid_wEmbed: (50002, 300)]

Initialization Complete.. Elapsed Time: 23.57s (0.39 minute)

Train/Dev/Test splits loaded! |TRAIN|: 800,000, |DEV|: 43,894, |TEST|: 43,882
Train/Dev/Test splits loaded! Elapsed Time: 23.82s (0.40 minute)

Performing initial evaluation for VALIDATION set..
[Initial] [Dev]  MSE: 19.51450, MAE: 4.29981

Performing initial evaluation for TESTING set..
[Initial] [Test] MSE: 19.56600, MAE: 4.30615

Initial Evaluation Complete.. Elapsed Time: 34.48s (0.57 minute)

Parameters with L2 Regularization (Regularization Strength: 1e-06):
ANRS_RatingPred.uid_userOffset.weight, ANRS_RatingPred.iid_itemOffset.weight

Optimizer: Adam, Loss Function: MSELoss

Model Size: 376,325,908
# of Trainable Parameters: 796,808
ANR (
  (uid_userDoc): Embedding(488920, 500), weights = ((488920, 500),), parameters = 244,460,000
  (iid_itemDoc): Embedding(232137, 500), weights = ((232137, 500),), parameters = 116,068,500
  (wid_wEmbed): Embedding(50002, 300), weights = ((50002, 300),), parameters = 15,000,600
  (shared_ANR_ARL): ANR_ARL(
    (aspEmbed): Embedding(5, 150)
    (aspProj): Parameter(5, 300, 50)
  ), weights = ((5, 300, 50), (5, 150)), parameters = 75,750 (Trainable)
  (ANRS_RatingPred): ANRS_RatingPred(
    (userAspRepDropout): Dropout(p=0.9, inplace=False)
    (itemAspRepDropout): Dropout(p=0.9, inplace=False)
    (uid_userOffset): Embedding(488920, 1)
    (iid_itemOffset): Embedding(232137, 1)
    (globalOffset): Parameter(1,)
  ), weights = ((1,), (488920, 1), (232137, 1)), parameters = 721,058 (Trainable)
)
========================================================================================================================

[Epoch 1/10] Training Loss: 2.28024	Elapsed Time: 229.73s (0:03:49)
[Epoch 1] [Dev]  MSE: 0.88256, MAE: 0.72033
[Epoch 1] [Test] MSE: 0.88103, MAE: 0.72148

*** MODEL has obtained the best DEV MSE of 0.88256 so far!
*** The Best MODEL saved to "./__saved_models__/Kindle_Store - ANRS/Kindle_Store_ANRS_1337.pth"

[Epoch 2/10] Training Loss: 1.04722	Elapsed Time: 472.27s (0:07:52)
[Epoch 2] [Dev]  MSE: 0.82638, MAE: 0.67446
[Epoch 2] [Test] MSE: 0.82469, MAE: 0.67557

*** MODEL has obtained the best DEV MSE of 0.82638 so far!
*** The Best MODEL saved to "./__saved_models__/Kindle_Store - ANRS/Kindle_Store_ANRS_1337.pth"

[Epoch 3/10] Training Loss: 0.94472	Elapsed Time: 714.61s (0:11:54)
[Epoch 3] [Dev]  MSE: 0.80550, MAE: 0.65723
[Epoch 3] [Test] MSE: 0.80344, MAE: 0.65737

*** MODEL has obtained the best DEV MSE of 0.80550 so far!
*** The Best MODEL saved to "./__saved_models__/Kindle_Store - ANRS/Kindle_Store_ANRS_1337.pth"

[Epoch 4/10] Training Loss: 0.85454	Elapsed Time: 957.03s (0:15:57)
[Epoch 4] [Dev]  MSE: 0.80031, MAE: 0.65249
[Epoch 4] [Test] MSE: 0.79835, MAE: 0.65300

*** MODEL has obtained the best DEV MSE of 0.80031 so far!
*** The Best MODEL saved to "./__saved_models__/Kindle_Store - ANRS/Kindle_Store_ANRS_1337.pth"

[Epoch 5/10] Training Loss: 0.79733	Elapsed Time: 1,199.43s (0:19:59)
[Epoch 5] [Dev]  MSE: 0.79990, MAE: 0.65581
[Epoch 5] [Test] MSE: 0.79843, MAE: 0.65681

*** MODEL has obtained the best DEV MSE of 0.79990 so far!
*** The Best MODEL saved to "./__saved_models__/Kindle_Store - ANRS/Kindle_Store_ANRS_1337.pth"

[Epoch 6/10] Training Loss: 0.76475	Elapsed Time: 1,441.84s (0:24:01)
[Epoch 6] [Dev]  MSE: 0.80227, MAE: 0.65546
[Epoch 6] [Test] MSE: 0.80005, MAE: 0.65640

[Epoch 7/10] Training Loss: 0.74397	Elapsed Time: 1,684.16s (0:28:04)
[Epoch 7] [Dev]  MSE: 0.80437, MAE: 0.65654
[Epoch 7] [Test] MSE: 0.80182, MAE: 0.65736

[Epoch 8/10] Training Loss: 0.72822	Elapsed Time: 1,926.44s (0:32:06)
[Epoch 8] [Dev]  MSE: 0.80650, MAE: 0.65446
[Epoch 8] [Test] MSE: 0.80268, MAE: 0.65466

[Epoch 9/10] Training Loss: 0.72570	Elapsed Time: 2,168.76s (0:36:08)
[Epoch 9] [Dev]  MSE: 0.80827, MAE: 0.65667
[Epoch 9] [Test] MSE: 0.80526, MAE: 0.65754

[Epoch 10/10] Training Loss: 0.70917	Elapsed Time: 2,411.10s (0:40:11)
[Epoch 10] [Dev]  MSE: 0.81128, MAE: 0.65941
[Epoch 10] [Test] MSE: 0.80798, MAE: 0.66021
*** The Last MODEL saved to "./__saved_models__/Kindle_Store - ANRS/Kindle_Store_ANRS_1337_10.pth"

[Training Loss]
[2.28024, 1.04722, 0.94472, 0.85454, 0.79733, 0.76475, 0.74397, 0.72822, 0.7257, 0.70917]

[Dev MSE]
[0.88256, 0.82638, 0.8055, 0.80031, 0.7999, 0.80227, 0.80437, 0.8065, 0.80827, 0.81128]
[Test MSE]
[0.88103, 0.82469, 0.80344, 0.79835, 0.79843, 0.80005, 0.80182, 0.80268, 0.80526, 0.80798]
[Test MAE]
[0.72148, 0.67557, 0.65737, 0.653, 0.65681, 0.6564, 0.65736, 0.65466, 0.65754, 0.66021]


Best Dev MSE: 0.79990 (Obtained during Evaluation #5)
Test MSE: 0.79843, Test MAE: 0.65681

End of Program! Elapsed Time: 2,456.19s (0:40:56)
