========================================================================================================================
  ARL_lr: 0.01
  ARL_path: 
  batch_size: 128
  channels_global: 100
  channels_local: 200
  command: -d Health_and_Personal_Care -m DAttn -e 10 -p 1 -v 50000 -K 5 -h1 10 -h2 50 -WED 100 -c_local 200 -c_global 100 -hiden_size 500 -output_size 50 -rs 1234 -gpu 0 -vb 1 -sm Health_and_Personal_Care_DAttn
  ctx_win_size: 3
  dataset: Health_and_Personal_Care
  disable_initial_eval: 0
  dropout_rate: 0.5
  epochs: 10
  filters_num: 100
  gpu: 0
  h1: 10
  h2: 50
  hidden_size: 500
  input_dir: ./datasets/Health_and_Personal_Care/
  L2_reg: 1e-06
  learning_rate: 0.002
  loss_function: MSELoss
  max_doc_len: 500
  max_vis_len: 500
  model: DAttn
  num_aspects: 5
  optimizer: Adam
  out_dir: ./experimental_results/Health_and_Personal_Care - DAttn/
  output_size: 50
  pretrained_src: 1
  random_seed: 1234
  save_model: Health_and_Personal_Care_DAttn
  use_cuda: True
  verbose: 1
  vocab_size: 50000
  word_embed_dim: 100
========================================================================================================================

[INFO] # of Users: 640,558, # of Items: 140,129

Creating model (Selected Model: DAttn)..
[args.use_cuda: True] Model is on the GPU! (args.gpu: 0, torch.cuda.current_device(): 0)
Model created! Elapsed Time: 4.39s (0.07 minute)

Loading uid_userDoc from "./datasets/Health_and_Personal_Care/Health_and_Personal_Care_uid_userDoc.npy"..
uid_userDoc loaded! [uid_userDoc: (640558, 500)]

Loading iid_itemDoc from "./datasets/Health_and_Personal_Care/Health_and_Personal_Care_iid_itemDoc.npy"..
iid_itemDoc loaded! [iid_itemDoc: (140129, 500)]

Loading pretrained word embeddings from "./datasets/Health_and_Personal_Care/Health_and_Personal_Care_wed100_wid_wordEmbed.npy"..
Pretrained word embeddings loaded! [wid_wEmbed: (50002, 100)]

Initialization Complete.. Elapsed Time: 28.37s (0.47 minute)

Train/Dev/Test splits loaded! |TRAIN|: 800,000, |DEV|: 28,579, |TEST|: 28,406
Train/Dev/Test splits loaded! Elapsed Time: 28.63s (0.48 minute)

Performing initial evaluation for VALIDATION set..
[Initial] [Dev]  MSE: 18.71072, MAE: 4.14821

Performing initial evaluation for TESTING set..
[Initial] [Test] MSE: 18.81808, MAE: 4.16489

Initial Evaluation Complete.. Elapsed Time: 41.55s (0.69 minute)

Optimizer: Adam, Loss Function: MSELoss

Model Size: 396,997,092
# of Trainable Parameters: 1,653,392
DAttn (
  (uid_userDoc): Embedding(640558, 500), weights = ((640558, 500),), parameters = 320,279,000
  (iid_itemDoc): Embedding(140129, 500), weights = ((140129, 500),), parameters = 70,064,500
  (wid_wEmbed): Embedding(50002, 100), weights = ((50002, 100),), parameters = 5,000,200
  (user_net): Net(
    (localAttentionLayer): LocalAttention(
      (attention_layer): Sequential(
        (0): Conv2d(1, 1, kernel_size=(3, 100), stride=(1, 1), padding=(1, 0))
        (1): Sigmoid()
      )
      (cnn): Sequential(
        (0): Conv2d(1, 200, kernel_size=(1, 100), stride=(1, 1))
        (1): Tanh()
      )
    )
    (globalAttentionLayer): GlobalAttention(
      (attention_layer): Sequential(
        (0): Conv2d(1, 1, kernel_size=(500, 100), stride=(1, 1))
        (1): Sigmoid()
      )
      (convs): ModuleList(
        (0): Conv2d(1, 100, kernel_size=(2, 100), stride=(1, 1))
        (1): Conv2d(1, 100, kernel_size=(3, 100), stride=(1, 1))
        (2): Conv2d(1, 100, kernel_size=(4, 100), stride=(1, 1))
      )
    )
    (fcLayer): Sequential(
      (0): Linear(in_features=500, out_features=500, bias=True)
      (1): Dropout(p=0.5, inplace=False)
      (2): ReLU()
      (3): Linear(in_features=500, out_features=50, bias=True)
    )
    (dropout): Dropout(p=0.5, inplace=False)
  ), weights = ((1, 1, 3, 100), (1,), (200, 1, 1, 100), (200,), (1, 1, 500, 100), (1,), (100, 1, 2, 100), (100,), (100, 1, 3, 100), (100,), (100, 1, 4, 100), (100,), (500, 500), (500,), (50, 500), (50,)), parameters = 436,352 (Trainable)
  (item_net): Net(
    (localAttentionLayer): LocalAttention(
      (attention_layer): Sequential(
        (0): Conv2d(1, 1, kernel_size=(3, 100), stride=(1, 1), padding=(1, 0))
        (1): Sigmoid()
      )
      (cnn): Sequential(
        (0): Conv2d(1, 200, kernel_size=(1, 100), stride=(1, 1))
        (1): Tanh()
      )
    )
    (globalAttentionLayer): GlobalAttention(
      (attention_layer): Sequential(
        (0): Conv2d(1, 1, kernel_size=(500, 100), stride=(1, 1))
        (1): Sigmoid()
      )
      (convs): ModuleList(
        (0): Conv2d(1, 100, kernel_size=(2, 100), stride=(1, 1))
        (1): Conv2d(1, 100, kernel_size=(3, 100), stride=(1, 1))
        (2): Conv2d(1, 100, kernel_size=(4, 100), stride=(1, 1))
      )
    )
    (fcLayer): Sequential(
      (0): Linear(in_features=500, out_features=500, bias=True)
      (1): Dropout(p=0.5, inplace=False)
      (2): ReLU()
      (3): Linear(in_features=500, out_features=50, bias=True)
    )
    (dropout): Dropout(p=0.5, inplace=False)
  ), weights = ((1, 1, 3, 100), (1,), (200, 1, 1, 100), (200,), (1, 1, 500, 100), (1,), (100, 1, 2, 100), (100,), (100, 1, 3, 100), (100,), (100, 1, 4, 100), (100,), (500, 500), (500,), (50, 500), (50,)), parameters = 436,352 (Trainable)
  (DAttn_RatingPred): DAttn_RatingPred(
    (uid_userOffset): Embedding(640558, 1)
    (iid_itemOffset): Embedding(140129, 1)
    (globalOffset): Parameter(1,)
  ), weights = ((1,), (640558, 1), (140129, 1)), parameters = 780,688 (Trainable)
)
========================================================================================================================

[Epoch 1/10] Training Loss: 1.20853	Elapsed Time: 604.91s (0:10:04)
[Epoch 1] [Dev]  MSE: 1.55951, MAE: 0.89523
[Epoch 1] [Test] MSE: 1.55764, MAE: 0.89292

*** MODEL has obtained the best DEV MSE of 1.55951 so far!
*** The Best MODEL saved to "./__saved_models__/Health_and_Personal_Care - DAttn/Health_and_Personal_Care_DAttn_1234.pth"

[Epoch 2/10] Training Loss: 0.90479	Elapsed Time: 1,223.02s (0:20:23)
[Epoch 2] [Dev]  MSE: 1.59363, MAE: 0.91911
[Epoch 2] [Test] MSE: 1.59998, MAE: 0.91839

[Epoch 3/10] Training Loss: 0.79654	Elapsed Time: 1,841.13s (0:30:41)
[Epoch 3] [Dev]  MSE: 1.67457, MAE: 0.90988
[Epoch 3] [Test] MSE: 1.68112, MAE: 0.90798

[Epoch 4/10] Training Loss: 0.71582	Elapsed Time: 2,459.29s (0:40:59)
[Epoch 4] [Dev]  MSE: 1.63351, MAE: 0.90185
[Epoch 4] [Test] MSE: 1.64504, MAE: 0.90198

[Epoch 5/10] Training Loss: 0.65093	Elapsed Time: 3,077.45s (0:51:17)
[Epoch 5] [Dev]  MSE: 1.52476, MAE: 0.88911
[Epoch 5] [Test] MSE: 1.52485, MAE: 0.88649

*** MODEL has obtained the best DEV MSE of 1.52476 so far!
*** The Best MODEL saved to "./__saved_models__/Health_and_Personal_Care - DAttn/Health_and_Personal_Care_DAttn_1234.pth"

[Epoch 6/10] Training Loss: 0.59509	Elapsed Time: 3,695.70s (1:01:35)
[Epoch 6] [Dev]  MSE: 1.62959, MAE: 0.89171
[Epoch 6] [Test] MSE: 1.62918, MAE: 0.88883

[Epoch 7/10] Training Loss: 0.54786	Elapsed Time: 4,313.90s (1:11:53)
[Epoch 7] [Dev]  MSE: 1.61416, MAE: 0.90709
[Epoch 7] [Test] MSE: 1.61182, MAE: 0.90382

[Epoch 8/10] Training Loss: 0.50617	Elapsed Time: 4,932.08s (1:22:12)
[Epoch 8] [Dev]  MSE: 1.61452, MAE: 0.89943
[Epoch 8] [Test] MSE: 1.60898, MAE: 0.89539

[Epoch 9/10] Training Loss: 0.47084	Elapsed Time: 5,550.24s (1:32:30)
[Epoch 9] [Dev]  MSE: 1.63645, MAE: 0.90973
[Epoch 9] [Test] MSE: 1.63396, MAE: 0.90639

[Epoch 10/10] Training Loss: 0.43973	Elapsed Time: 6,168.42s (1:42:48)
[Epoch 10] [Dev]  MSE: 1.61514, MAE: 0.89818
[Epoch 10] [Test] MSE: 1.60396, MAE: 0.89277
*** The Last MODEL saved to "./__saved_models__/Health_and_Personal_Care - DAttn/Health_and_Personal_Care_DAttn_1234_10.pth"

[Training Loss]
[1.20853, 0.90479, 0.79654, 0.71582, 0.65093, 0.59509, 0.54786, 0.50617, 0.47084, 0.43973]

[Dev MSE]
[1.55951, 1.59363, 1.67457, 1.63351, 1.52476, 1.62959, 1.61416, 1.61452, 1.63645, 1.61514]
[Test MSE]
[1.55764, 1.59998, 1.68112, 1.64504, 1.52485, 1.62918, 1.61182, 1.60898, 1.63396, 1.60396]
[Test MAE]
[0.89292, 0.91839, 0.90798, 0.90198, 0.88649, 0.88883, 0.90382, 0.89539, 0.90639, 0.89277]


Best Dev MSE: 1.52476 (Obtained during Evaluation #5)
Test MSE: 1.52485, Test MAE: 0.88649

End of Program! Elapsed Time: 6,222.80s (1:43:42)
