========================================================================================================================
  ARL_lr: 0.01
  ARL_path: 
  batch_size: 128
  channels_global: 10
  channels_local: 10
  command: -d Home_and_Kitchen -m VANRA -e 15 -dr 0.9 -p 1 -v 50000 -K 5 -h1 10 -h2 50 -c_local 10 -c_global 10 -hiden_size 100 -output_size 50 -rs 1234 -gpu 0 -vb 1 -sm Home_and_Kitchen_VANRA
  ctx_win_size: 3
  dataset: Home_and_Kitchen
  disable_initial_eval: 0
  dropout_rate: 0.9
  epochs: 15
  gpu: 0
  h1: 10
  h2: 50
  hidden_size: 100
  input_dir: ./datasets/Home_and_Kitchen/
  L2_reg: 1e-06
  learning_rate: 0.002
  loss_function: MSELoss
  max_doc_len: 500
  max_vis_len: 500
  model: VANRA
  num_aspects: 5
  optimizer: Adam
  out_dir: ./experimental_results/Home_and_Kitchen - VANRA/
  output_size: 50
  pretrained_src: 1
  random_seed: 1234
  save_model: Home_and_Kitchen_VANRA
  use_cuda: True
  verbose: 1
  vocab_size: 50000
  word_embed_dim: 300
========================================================================================================================

[INFO] # of Users: 662,395, # of Items: 177,303

Creating model (Selected Model: VANRA)..
[args.use_cuda: True] Model is on the GPU! (args.gpu: 0, torch.cuda.current_device(): 0)
Model created! Elapsed Time: 8.00s (0.13 minute)

Loading uid_userDoc from "./datasets/Home_and_Kitchen/Home_and_Kitchen_uid_userDoc.npy"..
uid_userDoc loaded! [uid_userDoc: (662395, 500)]

Loading iid_itemDoc from "./datasets/Home_and_Kitchen/Home_and_Kitchen_iid_itemDoc.npy"..
iid_itemDoc loaded! [iid_itemDoc: (177303, 500)]

Loading pretrained word embeddings from "./datasets/Home_and_Kitchen/Home_and_Kitchen_wid_wordEmbed.npy"..
Pretrained word embeddings loaded! [wid_wEmbed: (50002, 300)]

Loading uid_userVis from "./datasets/Home_and_Kitchen/Home_and_Kitchen_uid_userVis.npy"..
uid_userVis loaded! [uid_userVis: (662395, 500)]

Loading iid_itemVis from "./datasets/Home_and_Kitchen/Home_and_Kitchen_iid_itemVis.npy"..
iid_itemVis loaded! [iid_itemVis: (177303, 500)]

Initialization Complete.. Elapsed Time: 53.04s (0.88 minute)

Train/Dev/Test splits loaded! |TRAIN|: 800,000, |DEV|: 24,704, |TEST|: 24,485
Train/Dev/Test splits loaded! Elapsed Time: 53.32s (0.89 minute)

Performing initial evaluation for VALIDATION set..
[Initial] [Dev]  MSE: 19.37888, MAE: 4.24256

Performing initial evaluation for TESTING set..
[Initial] [Test] MSE: 19.32424, MAE: 4.23285

Initial Evaluation Complete.. Elapsed Time: 58.14s (0.97 minute)

Parameters with L2 Regularization (Regularization Strength: 1e-06):
VANRA_RatingPred.uid_userOffset.weight, VANRA_RatingPred.iid_itemOffset.weight

Optimizer: Adam, Loss Function: MSELoss

Model Size: 855,664,957
# of Trainable Parameters: 966,357
VANRA (
  (uid_userDoc): Embedding(662395, 500), weights = ((662395, 500),), parameters = 331,197,500
  (iid_itemDoc): Embedding(177303, 500), weights = ((177303, 500),), parameters = 88,651,500
  (wid_wEmbed): Embedding(50002, 300), weights = ((50002, 300),), parameters = 15,000,600
  (uid_userVis): Embedding(662395, 500), weights = ((662395, 500),), parameters = 331,197,500
  (iid_itemVis): Embedding(177303, 500), weights = ((177303, 500),), parameters = 88,651,500
  (shared_ANR_ARL): ANR_ARL(
    (aspEmbed): Embedding(5, 30)
    (aspProj): Parameter(5, 300, 10)
  ), weights = ((5, 300, 10), (5, 30)), parameters = 15,150 (Trainable)
  (ANR_AIE): ANR_AIE(  (W_a): Parameter(10, 10)
    (W_u): Parameter(50, 10)
    (w_hu): Parameter(50, 1)
    (W_i): Parameter(50, 10)
    (w_hi): Parameter(50, 1)
  ), weights = ((10, 10), (50, 10), (50, 1), (50, 10), (50, 1)), parameters = 1,200 (Trainable)
  (VANRA_VRL): VANRA_VRL(
    (localAttentionLayer_user): LocalAttention(
      (attention_layer): Sequential(
        (0): Conv2d(1, 1, kernel_size=(3, 1), stride=(1, 1))
        (1): Softmax(dim=2)
      )
      (fcLayer): Sequential(
        (0): Linear(in_features=500, out_features=100, bias=True)
        (1): Dropout(p=0.9, inplace=False)
        (2): ReLU()
        (3): Linear(in_features=100, out_features=50, bias=True)
      )
    )
    (localAttentionLayer_item): LocalAttention(
      (attention_layer): Sequential(
        (0): Conv2d(1, 1, kernel_size=(3, 1), stride=(1, 1))
        (1): Softmax(dim=2)
      )
      (fcLayer): Sequential(
        (0): Linear(in_features=500, out_features=100, bias=True)
        (1): Dropout(p=0.9, inplace=False)
        (2): ReLU()
        (3): Linear(in_features=100, out_features=50, bias=True)
      )
    )
  ), weights = ((1, 1, 3, 1), (1,), (100, 500), (100,), (50, 100), (50,), (1, 1, 3, 1), (1,), (100, 500), (100,), (50, 100), (50,)), parameters = 110,308 (Trainable)
  (VANRA_RatingPred): VANRA_RatingPred(
    (userAspRepDropout): Dropout(p=0.9, inplace=False)
    (itemAspRepDropout): Dropout(p=0.9, inplace=False)
    (uid_userOffset): Embedding(662395, 1)
    (iid_itemOffset): Embedding(177303, 1)
    (globalOffset): Parameter(1,)
  ), weights = ((1,), (662395, 1), (177303, 1)), parameters = 839,699 (Trainable)
)
========================================================================================================================

[Epoch 1/15] Training Loss: 1.89105	Elapsed Time: 168.90s (0:02:48)
[Epoch 1] [Dev]  MSE: 1.29690, MAE: 0.90797
[Epoch 1] [Test] MSE: 1.32737, MAE: 0.91447

*** MODEL has obtained the best DEV MSE of 1.29690 so far!
*** The Best MODEL saved to "./__saved_models__/Home_and_Kitchen - VANRA/Home_and_Kitchen_VANRA_1234.pth"

[Epoch 2/15] Training Loss: 1.49882	Elapsed Time: 341.90s (0:05:41)
[Epoch 2] [Dev]  MSE: 1.28082, MAE: 0.90445
[Epoch 2] [Test] MSE: 1.31210, MAE: 0.91195

*** MODEL has obtained the best DEV MSE of 1.28082 so far!
*** The Best MODEL saved to "./__saved_models__/Home_and_Kitchen - VANRA/Home_and_Kitchen_VANRA_1234.pth"

[Epoch 3/15] Training Loss: 1.36631	Elapsed Time: 514.85s (0:08:34)
[Epoch 3] [Dev]  MSE: 1.26204, MAE: 0.86326
[Epoch 3] [Test] MSE: 1.29525, MAE: 0.87197

*** MODEL has obtained the best DEV MSE of 1.26204 so far!
*** The Best MODEL saved to "./__saved_models__/Home_and_Kitchen - VANRA/Home_and_Kitchen_VANRA_1234.pth"

[Epoch 4/15] Training Loss: 1.28188	Elapsed Time: 687.78s (0:11:27)
[Epoch 4] [Dev]  MSE: 1.27043, MAE: 0.85169
[Epoch 4] [Test] MSE: 1.30416, MAE: 0.86058

[Epoch 5/15] Training Loss: 1.22230	Elapsed Time: 860.70s (0:14:20)
[Epoch 5] [Dev]  MSE: 1.28165, MAE: 0.87226
[Epoch 5] [Test] MSE: 1.31302, MAE: 0.88035

[Epoch 6/15] Training Loss: 1.17953	Elapsed Time: 1,033.58s (0:17:13)
[Epoch 6] [Dev]  MSE: 1.28415, MAE: 0.85488
[Epoch 6] [Test] MSE: 1.31563, MAE: 0.86323

[Epoch 7/15] Training Loss: 1.14856	Elapsed Time: 1,206.61s (0:20:06)
[Epoch 7] [Dev]  MSE: 1.29010, MAE: 0.85174
[Epoch 7] [Test] MSE: 1.32105, MAE: 0.85950

[Epoch 8/15] Training Loss: 1.12690	Elapsed Time: 1,379.40s (0:22:59)
[Epoch 8] [Dev]  MSE: 1.29494, MAE: 0.86266
[Epoch 8] [Test] MSE: 1.32663, MAE: 0.87180

[Epoch 9/15] Training Loss: 1.10969	Elapsed Time: 1,552.39s (0:25:52)
[Epoch 9] [Dev]  MSE: 1.30297, MAE: 0.86983
[Epoch 9] [Test] MSE: 1.33102, MAE: 0.87712

[Epoch 10/15] Training Loss: 1.09847	Elapsed Time: 1,725.23s (0:28:45)
[Epoch 10] [Dev]  MSE: 1.30840, MAE: 0.87059
[Epoch 10] [Test] MSE: 1.33910, MAE: 0.87874

[Epoch 11/15] Training Loss: 1.08709	Elapsed Time: 1,898.12s (0:31:38)
[Epoch 11] [Dev]  MSE: 1.30653, MAE: 0.85166
[Epoch 11] [Test] MSE: 1.33812, MAE: 0.85993

[Epoch 12/15] Training Loss: 1.07943	Elapsed Time: 2,070.92s (0:34:30)
[Epoch 12] [Dev]  MSE: 1.32010, MAE: 0.88417
[Epoch 12] [Test] MSE: 1.34975, MAE: 0.89265

[Epoch 13/15] Training Loss: 1.07256	Elapsed Time: 2,243.77s (0:37:23)
[Epoch 13] [Dev]  MSE: 1.31238, MAE: 0.86868
[Epoch 13] [Test] MSE: 1.34341, MAE: 0.87686

[Epoch 14/15] Training Loss: 1.06901	Elapsed Time: 2,416.70s (0:40:16)
[Epoch 14] [Dev]  MSE: 1.31030, MAE: 0.84792
[Epoch 14] [Test] MSE: 1.34195, MAE: 0.85637

[Epoch 15/15] Training Loss: 1.06384	Elapsed Time: 2,589.62s (0:43:09)
[Epoch 15] [Dev]  MSE: 1.31295, MAE: 0.85935
[Epoch 15] [Test] MSE: 1.34308, MAE: 0.86768
*** The Last MODEL saved to "./__saved_models__/Home_and_Kitchen - VANRA/Home_and_Kitchen_VANRA_1234_15.pth"

[Training Loss]
[1.89105, 1.49882, 1.36631, 1.28188, 1.2223, 1.17953, 1.14856, 1.1269, 1.10969, 1.09847, 1.08709, 1.07943, 1.07256, 1.06901, 1.06384]

[Dev MSE]
[1.2969, 1.28082, 1.26204, 1.27043, 1.28165, 1.28415, 1.2901, 1.29494, 1.30297, 1.3084, 1.30653, 1.3201, 1.31238, 1.3103, 1.31295]
[Test MSE]
[1.32737, 1.3121, 1.29525, 1.30416, 1.31302, 1.31563, 1.32105, 1.32663, 1.33102, 1.3391, 1.33812, 1.34975, 1.34341, 1.34195, 1.34308]
[Test MAE]
[0.91447, 0.91195, 0.87197, 0.86058, 0.88035, 0.86323, 0.8595, 0.8718, 0.87712, 0.87874, 0.85993, 0.89265, 0.87686, 0.85637, 0.86768]


Best Dev MSE: 1.26204 (Obtained during Evaluation #3)
Test MSE: 1.29525, Test MAE: 0.87197

End of Program! Elapsed Time: 2,651.71s (0:44:11)
