========================================================================================================================
  ARL_lr: 0.01
  ARL_path: 
  batch_size: 128
  channels_global: 100
  channels_local: 200
  command: -d Office_Products -m VANRA -e 10 -dr 0.9 -WED 300 -p 1 -v 50000 -K 5 -h1 10 -h2 50 -output_size 50 -rs 1234 -gpu 0 -vb 1 -sm Office_Products_VANRA
  ctx_win_size: 3
  dataset: Office_Products
  disable_initial_eval: 0
  dropout_rate: 0.9
  epochs: 10
  filters_num: 100
  gpu: 0
  h1: 10
  h2: 50
  hidden_size: 500
  input_dir: ./datasets/Office_Products/
  L2_reg: 1e-06
  learning_rate: 0.002
  loss_function: MSELoss
  max_doc_len: 500
  max_vis_len: 500
  model: VANRA
  num_aspects: 5
  optimizer: Adam
  out_dir: ./experimental_results/Office_Products - VANRA/
  output_size: 50
  pretrained_src: 1
  random_seed: 1234
  save_model: Office_Products_VANRA
  use_cuda: True
  verbose: 1
  vocab_size: 50000
  word_embed_dim: 300
========================================================================================================================

[INFO] # of Users: 628,512, # of Items: 105,406

Creating model (Selected Model: VANRA)..
[args.use_cuda: True] Model is on the GPU! (args.gpu: 0, torch.cuda.current_device(): 0)
Model created! Elapsed Time: 7.16s (0.12 minute)

Loading uid_userDoc from "./datasets/Office_Products/Office_Products_uid_userDoc.npy"..
uid_userDoc loaded! [uid_userDoc: (628512, 500)]

Loading iid_itemDoc from "./datasets/Office_Products/Office_Products_iid_itemDoc.npy"..
iid_itemDoc loaded! [iid_itemDoc: (105406, 500)]

Loading pretrained word embeddings from "./datasets/Office_Products/Office_Products_wed300_wid_wordEmbed.npy"..
Pretrained word embeddings loaded! [wid_wEmbed: (50002, 300)]

Loading uid_userVis from "./datasets/Office_Products/Office_Products_uid_userVis.npy"..
uid_userVis loaded! [uid_userVis: (628512, 500)]

Loading iid_itemVis from "./datasets/Office_Products/Office_Products_iid_itemVis.npy"..
iid_itemVis loaded! [iid_itemVis: (105406, 500)]

Initialization Complete.. Elapsed Time: 57.51s (0.96 minute)

Train/Dev/Test splits loaded! |TRAIN|: 800,000, |DEV|: 30,765, |TEST|: 30,933
Train/Dev/Test splits loaded! Elapsed Time: 57.78s (0.96 minute)

Performing initial evaluation for VALIDATION set..
[Initial] [Dev]  MSE: 12.95981, MAE: 3.16964

Performing initial evaluation for TESTING set..
[Initial] [Test] MSE: 12.77976, MAE: 3.14300

Initial Evaluation Complete.. Elapsed Time: 69.22s (1.15 minutes)

Parameters with L2 Regularization (Regularization Strength: 1e-06):
VANRA_RatingPred.uid_userOffset.weight, VANRA_RatingPred.iid_itemOffset.weight

Optimizer: Adam, Loss Function: MSELoss

Model Size: 749,699,379
# of Trainable Parameters: 780,779
VANRA (
  (uid_userDoc): Embedding(628512, 500), weights = ((628512, 500),), parameters = 314,256,000
  (iid_itemDoc): Embedding(105406, 500), weights = ((105406, 500),), parameters = 52,703,000
  (wid_wEmbed): Embedding(50002, 300), weights = ((50002, 300),), parameters = 15,000,600
  (uid_userVis): Embedding(628512, 500), weights = ((628512, 500),), parameters = 314,256,000
  (iid_itemVis): Embedding(105406, 500), weights = ((105406, 500),), parameters = 52,703,000
  (MSANR_ARL): MSANR_ARL(
    (aspEmbed): ModuleList(
      (0): Embedding(5, 30)
      (1): Embedding(5, 50)
      (2): Embedding(5, 70)
    )
    (filterEmbed): Embedding(5, 10)
    (aspProj): Parameter(5, 300, 10)
  ), weights = ((5, 300, 10), (5, 30), (5, 50), (5, 70), (5, 10)), parameters = 15,800 (Trainable)
  (VANRA_VRL): VANRA_VRL(
    (fcLayer): Sequential(
      (0): Dropout(p=0.9, inplace=False)
      (1): Linear(in_features=500, out_features=50, bias=True)
    )
    (visProj): Parameter(500, 10)
  ), weights = ((500, 10), (50, 500), (50,)), parameters = 30,050 (Trainable)
  (VANRA_RatingPred): VANRA_RatingPred(
    (uid_userOffset): Embedding(628512, 1)
    (iid_itemOffset): Embedding(105406, 1)
    (fcLayer1): Sequential(
      (0): Linear(in_features=100, out_features=10, bias=True)
      (1): ReLU()
      (2): Dropout(p=0.9, inplace=False)
    )
    (globalOffset): Parameter(1,)
  ), weights = ((1,), (628512, 1), (105406, 1), (10, 100), (10,)), parameters = 734,929 (Trainable)
)
========================================================================================================================

[Epoch 1/10] Training Loss: 288.11515	Elapsed Time: 412.61s (0:06:52)
[Epoch 1] [Dev]  MSE: 1.44554, MAE: 0.97105
[Epoch 1] [Test] MSE: 1.45512, MAE: 0.97434

*** MODEL has obtained the best DEV MSE of 1.44554 so far!
*** The Best MODEL saved to "./__saved_models__/Office_Products - VANRA/Office_Products_VANRA_1234.pth"

[Epoch 2/10] Training Loss: 1.68747	Elapsed Time: 836.42s (0:13:56)
[Epoch 2] [Dev]  MSE: 1.34584, MAE: 0.91320
[Epoch 2] [Test] MSE: 1.35280, MAE: 0.91309

*** MODEL has obtained the best DEV MSE of 1.34584 so far!
*** The Best MODEL saved to "./__saved_models__/Office_Products - VANRA/Office_Products_VANRA_1234.pth"

[Epoch 3/10] Training Loss: 1.51479	Elapsed Time: 1,260.35s (0:21:00)
[Epoch 3] [Dev]  MSE: 1.32652, MAE: 0.89893
[Epoch 3] [Test] MSE: 1.32988, MAE: 0.89745

*** MODEL has obtained the best DEV MSE of 1.32652 so far!
*** The Best MODEL saved to "./__saved_models__/Office_Products - VANRA/Office_Products_VANRA_1234.pth"

[Epoch 4/10] Training Loss: 1.41488	Elapsed Time: 1,684.30s (0:28:04)
[Epoch 4] [Dev]  MSE: 1.32110, MAE: 0.88772
[Epoch 4] [Test] MSE: 1.32232, MAE: 0.88473

*** MODEL has obtained the best DEV MSE of 1.32110 so far!
*** The Best MODEL saved to "./__saved_models__/Office_Products - VANRA/Office_Products_VANRA_1234.pth"

[Epoch 5/10] Training Loss: 1.34893	Elapsed Time: 2,108.29s (0:35:08)
[Epoch 5] [Dev]  MSE: 1.32376, MAE: 0.88537
[Epoch 5] [Test] MSE: 1.32097, MAE: 0.88116

[Epoch 6/10] Training Loss: 1.30252	Elapsed Time: 2,532.16s (0:42:12)
[Epoch 6] [Dev]  MSE: 1.32650, MAE: 0.88157
[Epoch 6] [Test] MSE: 1.32148, MAE: 0.87703

[Epoch 7/10] Training Loss: 1.26878	Elapsed Time: 2,956.11s (0:49:16)
[Epoch 7] [Dev]  MSE: 1.32843, MAE: 0.87519
[Epoch 7] [Test] MSE: 1.32420, MAE: 0.87046

[Epoch 8/10] Training Loss: 1.24401	Elapsed Time: 3,379.98s (0:56:19)
[Epoch 8] [Dev]  MSE: 1.33266, MAE: 0.87944
[Epoch 8] [Test] MSE: 1.32827, MAE: 0.87482

[Epoch 9/10] Training Loss: 1.22484	Elapsed Time: 3,803.89s (1:03:23)
[Epoch 9] [Dev]  MSE: 1.33448, MAE: 0.87789
[Epoch 9] [Test] MSE: 1.32987, MAE: 0.87346

[Epoch 10/10] Training Loss: 1.21033	Elapsed Time: 4,227.94s (1:10:27)
[Epoch 10] [Dev]  MSE: 1.33726, MAE: 0.87766
[Epoch 10] [Test] MSE: 1.33253, MAE: 0.87314
*** The Last MODEL saved to "./__saved_models__/Office_Products - VANRA/Office_Products_VANRA_1234_10.pth"

[Training Loss]
[288.11515, 1.68747, 1.51479, 1.41488, 1.34893, 1.30252, 1.26878, 1.24401, 1.22484, 1.21033]

[Dev MSE]
[1.44554, 1.34584, 1.32652, 1.3211, 1.32376, 1.3265, 1.32843, 1.33266, 1.33448, 1.33726]
[Test MSE]
[1.45512, 1.3528, 1.32988, 1.32232, 1.32097, 1.32148, 1.3242, 1.32827, 1.32987, 1.33253]
[Test MAE]
[0.97434, 0.91309, 0.89745, 0.88473, 0.88116, 0.87703, 0.87046, 0.87482, 0.87346, 0.87314]


Best Dev MSE: 1.32110 (Obtained during Evaluation #4)
Test MSE: 1.32232, Test MAE: 0.88473

End of Program! Elapsed Time: 4,308.40s (1:11:48)
