========================================================================================================================
  ARL_lr: 0.01
  ARL_path: 
  batch_size: 128
  channels_global: 100
  channels_local: 200
  command: -d Grocery_and_Gourmet_Food -m DeepCoNN -e 10 -dr 0.5 -p 1 -v 50000 -K 5 -h1 10 -h2 50 -filters_num 100 -output_size 50 -rs 1234 -gpu 0 -vb 1 -sm Grocery_and_Gourmet_Food_DeepCoNN
  ctx_win_size: 3
  dataset: Grocery_and_Gourmet_Food
  disable_initial_eval: 0
  dropout_rate: 0.5
  epochs: 10
  filters_num: 100
  gpu: 0
  h1: 10
  h2: 50
  hidden_size: 500
  input_dir: ./datasets/Grocery_and_Gourmet_Food/
  L2_reg: 1e-06
  learning_rate: 0.002
  loss_function: MSELoss
  max_doc_len: 500
  max_vis_len: 500
  model: DeepCoNN
  num_aspects: 5
  optimizer: Adam
  out_dir: ./experimental_results/Grocery_and_Gourmet_Food - DeepCoNN/
  output_size: 50
  pretrained_src: 1
  random_seed: 1234
  save_model: Grocery_and_Gourmet_Food_DeepCoNN
  use_cuda: True
  verbose: 1
  vocab_size: 50000
  word_embed_dim: 300
========================================================================================================================

[INFO] # of Users: 528,374, # of Items: 134,221

Creating model (Selected Model: DeepCoNN)..
[args.use_cuda: True] Model is on the GPU! (args.gpu: 0, torch.cuda.current_device(): 0)
Model created! Elapsed Time: 3.96s (0.07 minute)

Loading uid_userDoc from "./datasets/Grocery_and_Gourmet_Food/Grocery_and_Gourmet_Food_uid_userDoc.npy"..
uid_userDoc loaded! [uid_userDoc: (528374, 500)]

Loading iid_itemDoc from "./datasets/Grocery_and_Gourmet_Food/Grocery_and_Gourmet_Food_iid_itemDoc.npy"..
iid_itemDoc loaded! [iid_itemDoc: (134221, 500)]

Loading pretrained word embeddings from "./datasets/Grocery_and_Gourmet_Food/Grocery_and_Gourmet_Food_wid_wordEmbed.npy"..
Pretrained word embeddings loaded! [wid_wEmbed: (50002, 300)]

Initialization Complete.. Elapsed Time: 21.71s (0.36 minute)

Train/Dev/Test splits loaded! |TRAIN|: 800,000, |DEV|: 43,464, |TEST|: 43,991
Train/Dev/Test splits loaded! Elapsed Time: 21.96s (0.37 minute)

Performing initial evaluation for VALIDATION set..
[Initial] [Dev]  MSE: 14.54777, MAE: 3.62967

Performing initial evaluation for TESTING set..
[Initial] [Test] MSE: 14.61429, MAE: 3.64217

Initial Evaluation Complete.. Elapsed Time: 29.32s (0.49 minute)

Optimizer: Adam, Loss Function: MSELoss

Model Size: 347,150,996
# of Trainable Parameters: 852,896
DeepCoNN (
  (uid_userDoc): Embedding(528374, 500), weights = ((528374, 500),), parameters = 264,187,000
  (iid_itemDoc): Embedding(134221, 500), weights = ((134221, 500),), parameters = 67,110,500
  (wid_wEmbed): Embedding(50002, 300), weights = ((50002, 300),), parameters = 15,000,600
  (user_CNN): Conv2d(1, 100, kernel_size=(3, 300), stride=(1, 1)), weights = ((100, 1, 3, 300), (100,)), parameters = 90,100 (Trainable)
  (item_CNN): Conv2d(1, 100, kernel_size=(3, 300), stride=(1, 1)), weights = ((100, 1, 3, 300), (100,)), parameters = 90,100 (Trainable)
  (user_fcLayer): Linear(in_features=100, out_features=50, bias=True), weights = ((50, 100), (50,)), parameters = 5,050 (Trainable)
  (item_fcLayer): Linear(in_features=100, out_features=50, bias=True), weights = ((50, 100), (50,)), parameters = 5,050 (Trainable)
  (userDropout): Dropout(p=0.5, inplace=False), weights = (), parameters = 0
  (itemDropout): Dropout(p=0.5, inplace=False), weights = (), parameters = 0
  (DeepCoNN_RatingPred): DeepCoNN_RatingPred(
    (uid_userOffset): Embedding(528374, 1)
    (iid_itemOffset): Embedding(134221, 1)
    (globalOffset): Parameter(1,)
  ), weights = ((1,), (528374, 1), (134221, 1)), parameters = 662,596 (Trainable)
)
========================================================================================================================

[Epoch 1/10] Training Loss: 1.24303	Elapsed Time: 123.82s (0:02:03)
[Epoch 1] [Dev]  MSE: 1.47064, MAE: 0.89688
[Epoch 1] [Test] MSE: 1.43912, MAE: 0.88564

*** MODEL has obtained the best DEV MSE of 1.47064 so far!
*** The Best MODEL saved to "./__saved_models__/Grocery_and_Gourmet_Food - DeepCoNN/Grocery_and_Gourmet_Food_DeepCoNN_1234.pth"

[Epoch 2/10] Training Loss: 0.82903	Elapsed Time: 254.94s (0:04:14)
[Epoch 2] [Dev]  MSE: 1.42882, MAE: 0.85433
[Epoch 2] [Test] MSE: 1.39555, MAE: 0.84248

*** MODEL has obtained the best DEV MSE of 1.42882 so far!
*** The Best MODEL saved to "./__saved_models__/Grocery_and_Gourmet_Food - DeepCoNN/Grocery_and_Gourmet_Food_DeepCoNN_1234.pth"

[Epoch 3/10] Training Loss: 0.74307	Elapsed Time: 386.02s (0:06:26)
[Epoch 3] [Dev]  MSE: 1.38838, MAE: 0.83789
[Epoch 3] [Test] MSE: 1.36118, MAE: 0.82793

*** MODEL has obtained the best DEV MSE of 1.38838 so far!
*** The Best MODEL saved to "./__saved_models__/Grocery_and_Gourmet_Food - DeepCoNN/Grocery_and_Gourmet_Food_DeepCoNN_1234.pth"

[Epoch 4/10] Training Loss: 0.68137	Elapsed Time: 517.16s (0:08:37)
[Epoch 4] [Dev]  MSE: 1.42471, MAE: 0.86232
[Epoch 4] [Test] MSE: 1.39819, MAE: 0.85163

[Epoch 5/10] Training Loss: 0.63161	Elapsed Time: 648.21s (0:10:48)
[Epoch 5] [Dev]  MSE: 1.39320, MAE: 0.81971
[Epoch 5] [Test] MSE: 1.36396, MAE: 0.80981

[Epoch 6/10] Training Loss: 0.59189	Elapsed Time: 779.33s (0:12:59)
[Epoch 6] [Dev]  MSE: 1.41661, MAE: 0.84025
[Epoch 6] [Test] MSE: 1.38911, MAE: 0.82994

[Epoch 7/10] Training Loss: 0.55895	Elapsed Time: 910.42s (0:15:10)
[Epoch 7] [Dev]  MSE: 1.40514, MAE: 0.85171
[Epoch 7] [Test] MSE: 1.37787, MAE: 0.84217

[Epoch 8/10] Training Loss: 0.52881	Elapsed Time: 1,041.55s (0:17:21)
[Epoch 8] [Dev]  MSE: 1.41385, MAE: 0.82565
[Epoch 8] [Test] MSE: 1.38130, MAE: 0.81485

[Epoch 9/10] Training Loss: 0.50400	Elapsed Time: 1,172.63s (0:19:32)
[Epoch 9] [Dev]  MSE: 1.42968, MAE: 0.82887
[Epoch 9] [Test] MSE: 1.40135, MAE: 0.81936

[Epoch 10/10] Training Loss: 0.48175	Elapsed Time: 1,303.69s (0:21:43)
[Epoch 10] [Dev]  MSE: 1.44402, MAE: 0.83647
[Epoch 10] [Test] MSE: 1.41497, MAE: 0.82718
*** The Last MODEL saved to "./__saved_models__/Grocery_and_Gourmet_Food - DeepCoNN/Grocery_and_Gourmet_Food_DeepCoNN_1234_10.pth"

[Training Loss]
[1.24303, 0.82903, 0.74307, 0.68137, 0.63161, 0.59189, 0.55895, 0.52881, 0.504, 0.48175]

[Dev MSE]
[1.47064, 1.42882, 1.38838, 1.42471, 1.3932, 1.41661, 1.40514, 1.41385, 1.42968, 1.44402]
[Test MSE]
[1.43912, 1.39555, 1.36118, 1.39819, 1.36396, 1.38911, 1.37787, 1.3813, 1.40135, 1.41497]
[Test MAE]
[0.88564, 0.84248, 0.82793, 0.85163, 0.80981, 0.82994, 0.84217, 0.81485, 0.81936, 0.82718]


Best Dev MSE: 1.38838 (Obtained during Evaluation #3)
Test MSE: 1.36118, Test MAE: 0.82793

End of Program! Elapsed Time: 1,340.15s (0:22:20)
