========================================================================================================================
  ARL_lr: 0.01
  ARL_path: 
  batch_size: 128
  channels_global: 100
  channels_local: 200
  command: -d Musical_Instruments -m DeepCoNN -e 10 -dr 0.5 -p 1 -v 50000 -K 5 -h1 10 -h2 50 -filters_num 100 -output_size 50 -rs 1234 -gpu 0 -vb 1 -sm Musical_Instruments_DeepCoNN
  ctx_win_size: 3
  dataset: Musical_Instruments
  disable_initial_eval: 0
  dropout_rate: 0.5
  epochs: 10
  filters_num: 100
  gpu: 0
  h1: 10
  h2: 50
  hidden_size: 500
  input_dir: ./datasets/Musical_Instruments/
  L2_reg: 1e-06
  learning_rate: 0.002
  loss_function: MSELoss
  max_doc_len: 500
  max_vis_len: 500
  model: DeepCoNN
  num_aspects: 5
  optimizer: Adam
  out_dir: ./experimental_results/Musical_Instruments - DeepCoNN/
  output_size: 50
  pretrained_src: 1
  random_seed: 1234
  save_model: Musical_Instruments_DeepCoNN
  use_cuda: True
  verbose: 1
  vocab_size: 50000
  word_embed_dim: 300
========================================================================================================================

[INFO] # of Users: 280,020, # of Items: 74,260

Creating model (Selected Model: DeepCoNN)..
[args.use_cuda: True] Model is on the GPU! (args.gpu: 0, torch.cuda.current_device(): 0)
Model created! Elapsed Time: 2.75s (0.05 minute)

Loading uid_userDoc from "./datasets/Musical_Instruments/Musical_Instruments_uid_userDoc.npy"..
uid_userDoc loaded! [uid_userDoc: (280020, 500)]

Loading iid_itemDoc from "./datasets/Musical_Instruments/Musical_Instruments_iid_itemDoc.npy"..
iid_itemDoc loaded! [iid_itemDoc: (74260, 500)]

Loading pretrained word embeddings from "./datasets/Musical_Instruments/Musical_Instruments_wid_wordEmbed.npy"..
Pretrained word embeddings loaded! [wid_wEmbed: (50002, 300)]

Initialization Complete.. Elapsed Time: 14.76s (0.25 minute)

Train/Dev/Test splits loaded! |TRAIN|: 394,376, |DEV|: 18,487, |TEST|: 18,692
Train/Dev/Test splits loaded! Elapsed Time: 14.89s (0.25 minute)

Performing initial evaluation for VALIDATION set..
[Initial] [Dev]  MSE: 15.93763, MAE: 3.84249

Performing initial evaluation for TESTING set..
[Initial] [Test] MSE: 15.99415, MAE: 3.85124

Initial Evaluation Complete.. Elapsed Time: 18.03s (0.30 minute)

Optimizer: Adam, Loss Function: MSELoss

Model Size: 192,685,181
# of Trainable Parameters: 544,581
DeepCoNN (
  (uid_userDoc): Embedding(280020, 500), weights = ((280020, 500),), parameters = 140,010,000
  (iid_itemDoc): Embedding(74260, 500), weights = ((74260, 500),), parameters = 37,130,000
  (wid_wEmbed): Embedding(50002, 300), weights = ((50002, 300),), parameters = 15,000,600
  (user_CNN): Conv2d(1, 100, kernel_size=(3, 300), stride=(1, 1)), weights = ((100, 1, 3, 300), (100,)), parameters = 90,100 (Trainable)
  (item_CNN): Conv2d(1, 100, kernel_size=(3, 300), stride=(1, 1)), weights = ((100, 1, 3, 300), (100,)), parameters = 90,100 (Trainable)
  (user_fcLayer): Linear(in_features=100, out_features=50, bias=True), weights = ((50, 100), (50,)), parameters = 5,050 (Trainable)
  (item_fcLayer): Linear(in_features=100, out_features=50, bias=True), weights = ((50, 100), (50,)), parameters = 5,050 (Trainable)
  (userDropout): Dropout(p=0.5, inplace=False), weights = (), parameters = 0
  (itemDropout): Dropout(p=0.5, inplace=False), weights = (), parameters = 0
  (DeepCoNN_RatingPred): DeepCoNN_RatingPred(
    (uid_userOffset): Embedding(280020, 1)
    (iid_itemOffset): Embedding(74260, 1)
    (globalOffset): Parameter(1,)
  ), weights = ((1,), (280020, 1), (74260, 1)), parameters = 354,281 (Trainable)
)
========================================================================================================================

[Epoch 1/10] Training Loss: 1.40485	Elapsed Time: 60.76s (0:01:00)
[Epoch 1] [Dev]  MSE: 1.24761, MAE: 0.85281
[Epoch 1] [Test] MSE: 1.23572, MAE: 0.84509

*** MODEL has obtained the best DEV MSE of 1.24761 so far!
*** The Best MODEL saved to "./__saved_models__/Musical_Instruments - DeepCoNN/Musical_Instruments_DeepCoNN_1234.pth"

[Epoch 2/10] Training Loss: 0.76718	Elapsed Time: 124.60s (0:02:04)
[Epoch 2] [Dev]  MSE: 1.21906, MAE: 0.76992
[Epoch 2] [Test] MSE: 1.20035, MAE: 0.76025

*** MODEL has obtained the best DEV MSE of 1.21906 so far!
*** The Best MODEL saved to "./__saved_models__/Musical_Instruments - DeepCoNN/Musical_Instruments_DeepCoNN_1234.pth"

[Epoch 3/10] Training Loss: 0.65775	Elapsed Time: 188.42s (0:03:08)
[Epoch 3] [Dev]  MSE: 1.23604, MAE: 0.78096
[Epoch 3] [Test] MSE: 1.22138, MAE: 0.77281

[Epoch 4/10] Training Loss: 0.59049	Elapsed Time: 252.28s (0:04:12)
[Epoch 4] [Dev]  MSE: 1.29547, MAE: 0.79637
[Epoch 4] [Test] MSE: 1.27726, MAE: 0.78685

[Epoch 5/10] Training Loss: 0.53737	Elapsed Time: 316.13s (0:05:16)
[Epoch 5] [Dev]  MSE: 1.21699, MAE: 0.77100
[Epoch 5] [Test] MSE: 1.19874, MAE: 0.76136

*** MODEL has obtained the best DEV MSE of 1.21699 so far!
*** The Best MODEL saved to "./__saved_models__/Musical_Instruments - DeepCoNN/Musical_Instruments_DeepCoNN_1234.pth"

[Epoch 6/10] Training Loss: 0.49269	Elapsed Time: 379.96s (0:06:19)
[Epoch 6] [Dev]  MSE: 1.25437, MAE: 0.78761
[Epoch 6] [Test] MSE: 1.23061, MAE: 0.77739

[Epoch 7/10] Training Loss: 0.45801	Elapsed Time: 443.80s (0:07:23)
[Epoch 7] [Dev]  MSE: 1.30362, MAE: 0.79603
[Epoch 7] [Test] MSE: 1.28462, MAE: 0.78700

[Epoch 8/10] Training Loss: 0.42792	Elapsed Time: 507.64s (0:08:27)
[Epoch 8] [Dev]  MSE: 1.27948, MAE: 0.79000
[Epoch 8] [Test] MSE: 1.25924, MAE: 0.78199

[Epoch 9/10] Training Loss: 0.40193	Elapsed Time: 571.47s (0:09:31)
[Epoch 9] [Dev]  MSE: 1.25203, MAE: 0.78697
[Epoch 9] [Test] MSE: 1.22876, MAE: 0.77756

[Epoch 10/10] Training Loss: 0.37917	Elapsed Time: 635.29s (0:10:35)
[Epoch 10] [Dev]  MSE: 1.27759, MAE: 0.82107
[Epoch 10] [Test] MSE: 1.26541, MAE: 0.81545
*** The Last MODEL saved to "./__saved_models__/Musical_Instruments - DeepCoNN/Musical_Instruments_DeepCoNN_1234_10.pth"

[Training Loss]
[1.40485, 0.76718, 0.65775, 0.59049, 0.53737, 0.49269, 0.45801, 0.42792, 0.40193, 0.37917]

[Dev MSE]
[1.24761, 1.21906, 1.23604, 1.29547, 1.21699, 1.25437, 1.30362, 1.27948, 1.25203, 1.27759]
[Test MSE]
[1.23572, 1.20035, 1.22138, 1.27726, 1.19874, 1.23061, 1.28462, 1.25924, 1.22876, 1.26541]
[Test MAE]
[0.84509, 0.76025, 0.77281, 0.78685, 0.76136, 0.77739, 0.787, 0.78199, 0.77756, 0.81545]


Best Dev MSE: 1.21699 (Obtained during Evaluation #5)
Test MSE: 1.19874, Test MAE: 0.76136

End of Program! Elapsed Time: 656.41s (0:10:56)
