========================================================================================================================
  ARL_lr: 0.01
  ARL_path: 
  batch_size: 128
  channels_global: 100
  channels_local: 200
  command: -d Health_and_Personal_Care -m VANRA -e 10 -dr 0.9 -WED 300 -p 1 -v 50000 -K 5 -h1 10 -h2 50 -output_size 50 -rs 1234 -gpu 0 -vb 1 -sm Health_and_Personal_Care_VANRA
  ctx_win_size: 3
  dataset: Health_and_Personal_Care
  disable_initial_eval: 0
  dropout_rate: 0.9
  epochs: 10
  filters_num: 100
  gpu: 0
  h1: 10
  h2: 50
  hidden_size: 500
  input_dir: ./datasets/Health_and_Personal_Care/
  L2_reg: 1e-06
  learning_rate: 0.002
  loss_function: MSELoss
  max_doc_len: 500
  max_vis_len: 500
  model: VANRA
  num_aspects: 5
  optimizer: Adam
  out_dir: ./experimental_results/Health_and_Personal_Care - VANRA/
  output_size: 50
  pretrained_src: 1
  random_seed: 1234
  save_model: Health_and_Personal_Care_VANRA
  use_cuda: True
  verbose: 1
  vocab_size: 50000
  word_embed_dim: 300
========================================================================================================================

[INFO] # of Users: 640,558, # of Items: 140,129

Creating model (Selected Model: VANRA)..
[args.use_cuda: True] Model is on the GPU! (args.gpu: 0, torch.cuda.current_device(): 0)
Model created! Elapsed Time: 7.89s (0.13 minute)

Loading uid_userDoc from "./datasets/Health_and_Personal_Care/Health_and_Personal_Care_uid_userDoc.npy"..
uid_userDoc loaded! [uid_userDoc: (640558, 500)]

Loading iid_itemDoc from "./datasets/Health_and_Personal_Care/Health_and_Personal_Care_iid_itemDoc.npy"..
iid_itemDoc loaded! [iid_itemDoc: (140129, 500)]

Loading pretrained word embeddings from "./datasets/Health_and_Personal_Care/Health_and_Personal_Care_wed300_wid_wordEmbed.npy"..
Pretrained word embeddings loaded! [wid_wEmbed: (50002, 300)]

Loading uid_userVis from "./datasets/Health_and_Personal_Care/Health_and_Personal_Care_uid_userVis.npy"..
uid_userVis loaded! [uid_userVis: (640558, 500)]

Loading iid_itemVis from "./datasets/Health_and_Personal_Care/Health_and_Personal_Care_iid_itemVis.npy"..
iid_itemVis loaded! [iid_itemVis: (140129, 500)]

Initialization Complete.. Elapsed Time: 58.37s (0.97 minute)

Train/Dev/Test splits loaded! |TRAIN|: 800,000, |DEV|: 28,579, |TEST|: 28,406
Train/Dev/Test splits loaded! Elapsed Time: 58.64s (0.98 minute)

Performing initial evaluation for VALIDATION set..
[Initial] [Dev]  MSE: 12.01928, MAE: 3.03248

Performing initial evaluation for TESTING set..
[Initial] [Test] MSE: 12.19311, MAE: 3.05474

Initial Evaluation Complete.. Elapsed Time: 69.89s (1.16 minutes)

Parameters with L2 Regularization (Regularization Strength: 1e-06):
VANRA_RatingPred.uid_userOffset.weight, VANRA_RatingPred.iid_itemOffset.weight

Optimizer: Adam, Loss Function: MSELoss

Model Size: 796,515,148
# of Trainable Parameters: 827,548
VANRA (
  (uid_userDoc): Embedding(640558, 500), weights = ((640558, 500),), parameters = 320,279,000
  (iid_itemDoc): Embedding(140129, 500), weights = ((140129, 500),), parameters = 70,064,500
  (wid_wEmbed): Embedding(50002, 300), weights = ((50002, 300),), parameters = 15,000,600
  (uid_userVis): Embedding(640558, 500), weights = ((640558, 500),), parameters = 320,279,000
  (iid_itemVis): Embedding(140129, 500), weights = ((140129, 500),), parameters = 70,064,500
  (MSANR_ARL): MSANR_ARL(
    (aspEmbed): ModuleList(
      (0): Embedding(5, 30)
      (1): Embedding(5, 50)
      (2): Embedding(5, 70)
    )
    (filterEmbed): Embedding(5, 10)
    (aspProj): Parameter(5, 300, 10)
  ), weights = ((5, 300, 10), (5, 30), (5, 50), (5, 70), (5, 10)), parameters = 15,800 (Trainable)
  (VANRA_VRL): VANRA_VRL(
    (fcLayer): Sequential(
      (0): Dropout(p=0.9, inplace=False)
      (1): Linear(in_features=500, out_features=50, bias=True)
    )
    (visProj): Parameter(500, 10)
  ), weights = ((500, 10), (50, 500), (50,)), parameters = 30,050 (Trainable)
  (VANRA_RatingPred): VANRA_RatingPred(
    (uid_userOffset): Embedding(640558, 1)
    (iid_itemOffset): Embedding(140129, 1)
    (fcLayer1): Sequential(
      (0): Linear(in_features=100, out_features=10, bias=True)
      (1): ReLU()
      (2): Dropout(p=0.9, inplace=False)
    )
    (globalOffset): Parameter(1,)
  ), weights = ((1,), (640558, 1), (140129, 1), (10, 100), (10,)), parameters = 781,698 (Trainable)
)
========================================================================================================================

[Epoch 1/10] Training Loss: 586.70393	Elapsed Time: 412.86s (0:06:52)
[Epoch 1] [Dev]  MSE: 1.45324, MAE: 0.95374
[Epoch 1] [Test] MSE: 1.42043, MAE: 0.94349

*** MODEL has obtained the best DEV MSE of 1.45324 so far!
*** The Best MODEL saved to "./__saved_models__/Health_and_Personal_Care - VANRA/Health_and_Personal_Care_VANRA_1234.pth"

[Epoch 2/10] Training Loss: 1.96008	Elapsed Time: 836.28s (0:13:56)
[Epoch 2] [Dev]  MSE: 1.37455, MAE: 0.91419
[Epoch 2] [Test] MSE: 1.34090, MAE: 0.90206

*** MODEL has obtained the best DEV MSE of 1.37455 so far!
*** The Best MODEL saved to "./__saved_models__/Health_and_Personal_Care - VANRA/Health_and_Personal_Care_VANRA_1234.pth"

[Epoch 3/10] Training Loss: 1.41222	Elapsed Time: 1,259.87s (0:20:59)
[Epoch 3] [Dev]  MSE: 1.35830, MAE: 0.89777
[Epoch 3] [Test] MSE: 1.32492, MAE: 0.88440

*** MODEL has obtained the best DEV MSE of 1.35830 so far!
*** The Best MODEL saved to "./__saved_models__/Health_and_Personal_Care - VANRA/Health_and_Personal_Care_VANRA_1234.pth"

[Epoch 4/10] Training Loss: 1.31760	Elapsed Time: 1,683.31s (0:28:03)
[Epoch 4] [Dev]  MSE: 1.35798, MAE: 0.89169
[Epoch 4] [Test] MSE: 1.32681, MAE: 0.87840

*** MODEL has obtained the best DEV MSE of 1.35798 so far!
*** The Best MODEL saved to "./__saved_models__/Health_and_Personal_Care - VANRA/Health_and_Personal_Care_VANRA_1234.pth"

[Epoch 5/10] Training Loss: 1.25500	Elapsed Time: 2,107.95s (0:35:07)
[Epoch 5] [Dev]  MSE: 1.36417, MAE: 0.88488
[Epoch 5] [Test] MSE: 1.33259, MAE: 0.87202

[Epoch 6/10] Training Loss: 1.21157	Elapsed Time: 2,532.89s (0:42:12)
[Epoch 6] [Dev]  MSE: 1.36941, MAE: 0.88116
[Epoch 6] [Test] MSE: 1.33995, MAE: 0.86828

[Epoch 7/10] Training Loss: 1.17995	Elapsed Time: 2,957.95s (0:49:17)
[Epoch 7] [Dev]  MSE: 1.37678, MAE: 0.87802
[Epoch 7] [Test] MSE: 1.34745, MAE: 0.86485

[Epoch 8/10] Training Loss: 1.15692	Elapsed Time: 3,382.81s (0:56:22)
[Epoch 8] [Dev]  MSE: 1.38063, MAE: 0.88846
[Epoch 8] [Test] MSE: 1.35148, MAE: 0.87520

[Epoch 9/10] Training Loss: 1.13946	Elapsed Time: 3,807.97s (1:03:27)
[Epoch 9] [Dev]  MSE: 1.38709, MAE: 0.88547
[Epoch 9] [Test] MSE: 1.35642, MAE: 0.87139

[Epoch 10/10] Training Loss: 1.12569	Elapsed Time: 4,233.20s (1:10:33)
[Epoch 10] [Dev]  MSE: 1.39048, MAE: 0.88316
[Epoch 10] [Test] MSE: 1.35941, MAE: 0.86876
*** The Last MODEL saved to "./__saved_models__/Health_and_Personal_Care - VANRA/Health_and_Personal_Care_VANRA_1234_10.pth"

[Training Loss]
[586.70393, 1.96008, 1.41222, 1.3176, 1.255, 1.21157, 1.17995, 1.15692, 1.13946, 1.12569]

[Dev MSE]
[1.45324, 1.37455, 1.3583, 1.35798, 1.36417, 1.36941, 1.37678, 1.38063, 1.38709, 1.39048]
[Test MSE]
[1.42043, 1.3409, 1.32492, 1.32681, 1.33259, 1.33995, 1.34745, 1.35148, 1.35642, 1.35941]
[Test MAE]
[0.94349, 0.90206, 0.8844, 0.8784, 0.87202, 0.86828, 0.86485, 0.8752, 0.87139, 0.86876]


Best Dev MSE: 1.35798 (Obtained during Evaluation #4)
Test MSE: 1.32681, Test MAE: 0.87840

End of Program! Elapsed Time: 4,313.54s (1:11:53)
