
Dataset: Beauty
[args from argparse.ArgumentParser().parse_args()]
command: preprocessing_simple.py -d Beauty -dev_test_in_train 1
dataset: Beauty
dataset_maximum_size: 1000000
dev_test_in_train: True
maxDL: 500
maxVL: 500
minImages: 1
minReviews: 1
minRL: 10
random_seed: 1337
train_ratio: 0.8
vocab: 50000

[INPUT] Source Folder:       ../datasets/
[INPUT] Reviews/Ratings:     ../datasets/reviews_Beauty.json

[OUTPUT] Category Folder:    ../datasets/Beauty/
[OUTPUT] env:                ../datasets/Beauty/Beauty_env.pkl
[OUTPUT] info:               ../datasets/Beauty/Beauty_info.pkl
[OUTPUT] interactions:       ../datasets/Beauty/Beauty_interactions.pkl
[OUTPUT] train_interactions: ../datasets/Beauty/Beauty_train_interactions.pkl
[OUTPUT] dev_interactions:   ../datasets/Beauty/Beauty_dev_interactions.pkl
[OUTPUT] test_interactions:  ../datasets/Beauty/Beauty_test_interactions.pkl
[OUTPUT] split_train:        ../datasets/Beauty/Beauty_split_train.pkl
[OUTPUT] split_dev:          ../datasets/Beauty/Beauty_split_dev.pkl
[OUTPUT] split_test:         ../datasets/Beauty/Beauty_split_test.pkl
[OUTPUT] uid_userDoc:        ../datasets/Beauty/Beauty_uid_userDoc.npy
[OUTPUT] iid_itemDoc:        ../datasets/Beauty/Beauty_iid_itemDoc.npy
[OUTPUT] uid_userDoc:        ../datasets/Beauty/Beauty_uid_userVis.npy
[OUTPUT] iid_itemDoc:        ../datasets/Beauty/Beauty_iid_itemVis.npy

Preprocessing data for "Beauty"

[Settings]
Min reviews for user/item: 1
Min review length to qualify as an user-item interaction: 10
Max words for user/item document: 500 (For truncating/padding to get a fixed-size representation)
Top-50000 words in vocabulary being utilized!


Initial pass of reviews to get the user-item interactions!
[Initial stats] Users: 1,210,271, Items: 249,274, Ratings: 2,023,070, Density: 0.0000067


Second pass of visual features to get the item-feature interactions!
[Second stats] Items with image: 257,313, Images: 257,313, Density: 1.0000000


Starting to filter away users & items based on thresold of 1 images!
Updating interactions based on the num of images...

Filtered users & items based on thresold of 1 images!
Users: 1210271 -> 1204459, Items: 249274 -> 247448
[Current stats] Users: 1204459, Items: 247448, Ratings: 2009548, Density: 0.0000067
Updating interactions based on the num of images...

Filtered users & items based on thresold of 1 images!
Users: 1204459 -> 1204459, Items: 247448 -> 247448
[Current stats] Users: 1204459, Items: 247448, Ratings: 2009548, Density: 0.0000067

No change in # of users or # of items!

[Final stats] Users: 1,204,459, Items: 247,448, Ratings: 2,009,548, Density: 0.0000067

Elapsed time for "Beauty": 68.94 seconds (1.15 minutes)

Starting to filter away users & items based on thresold of 1 reviews!

Filtered users & items based on thresold of 1 reviews!
Users: 1204459 -> 1204459, Items: 247448 -> 247448

No change in # of users or # of items!

[Final stats] Users: 1,204,459, Items: 247,448, Ratings: 2,009,548, Density: 0.0000067

Elapsed time for "Beauty": 69.22 seconds (1.15 minutes)


Third pass of reviews to get the rating, date, the num of tokenized review and index!
[Current stats] Users: 1,204,459, Items: 247,448, Ratings: 2,009,548, Density: 0.0000067

Filtering user-item interactions based on minimum review length of 10 tokens..

Filtered users & items based on minimum review length of 10 tokens!
Users: 1,204,459 -> 1,191,319, Items: 247,448 -> 245,627
[Current stats] Users: 1,191,319, Items: 245,627, Ratings: 1,986,205, Density: 0.0000068


Starting to filter away users & items based on thresold of 1 reviews (after removing reviews with <= 10 tokens)!

Filtered users & items based on thresold of 1 reviews!
Users: 1,191,319 -> 1,191,319, Items: 245,627 -> 245,627

No change in # of users or # of items!

[Final stats] Users: 1,191,319, Items: 245,627, Ratings: 1,986,205, Density: 0.0000068

*****************************************************************************************************************************
*** Original Dataset Size (i.e. num_ratings): 1,986,205!
*** Selecting a random subsample of 1,000,000 user-item interactions!
*** Current Dataset Size (i.e. num_ratings):  1,000,000!
*****************************************************************************************************************************
[Current stats] Users: 703,928, Items: 180,482, Ratings: 1,000,000, Density: 0.0000079
