
Dataset: CDs_and_Vinyl
[args from argparse.ArgumentParser().parse_args()]
command: preprocessing_simple.py -d CDs_and_Vinyl -dev_test_in_train 1
dataset: CDs_and_Vinyl
dataset_maximum_size: 1000000
dev_test_in_train: True
maxDL: 500
maxVL: 500
minImages: 1
minReviews: 1
minRL: 10
random_seed: 1337
train_ratio: 0.8
vocab: 50000

[INPUT] Source Folder:       ../datasets/
[INPUT] Reviews/Ratings:     ../datasets/reviews_CDs_and_Vinyl.json

[OUTPUT] Category Folder:    ../datasets/CDs_and_Vinyl/
[OUTPUT] env:                ../datasets/CDs_and_Vinyl/CDs_and_Vinyl_env.pkl
[OUTPUT] info:               ../datasets/CDs_and_Vinyl/CDs_and_Vinyl_info.pkl
[OUTPUT] interactions:       ../datasets/CDs_and_Vinyl/CDs_and_Vinyl_interactions.pkl
[OUTPUT] train_interactions: ../datasets/CDs_and_Vinyl/CDs_and_Vinyl_train_interactions.pkl
[OUTPUT] dev_interactions:   ../datasets/CDs_and_Vinyl/CDs_and_Vinyl_dev_interactions.pkl
[OUTPUT] test_interactions:  ../datasets/CDs_and_Vinyl/CDs_and_Vinyl_test_interactions.pkl
[OUTPUT] split_train:        ../datasets/CDs_and_Vinyl/CDs_and_Vinyl_split_train.pkl
[OUTPUT] split_dev:          ../datasets/CDs_and_Vinyl/CDs_and_Vinyl_split_dev.pkl
[OUTPUT] split_test:         ../datasets/CDs_and_Vinyl/CDs_and_Vinyl_split_test.pkl
[OUTPUT] uid_userDoc:        ../datasets/CDs_and_Vinyl/CDs_and_Vinyl_uid_userDoc.npy
[OUTPUT] iid_itemDoc:        ../datasets/CDs_and_Vinyl/CDs_and_Vinyl_iid_itemDoc.npy
[OUTPUT] uid_userDoc:        ../datasets/CDs_and_Vinyl/CDs_and_Vinyl_uid_userVis.npy
[OUTPUT] iid_itemDoc:        ../datasets/CDs_and_Vinyl/CDs_and_Vinyl_iid_itemVis.npy

Preprocessing data for "CDs_and_Vinyl"

[Settings]
Min reviews for user/item: 1
Min review length to qualify as an user-item interaction: 10
Max words for user/item document: 500 (For truncating/padding to get a fixed-size representation)
Top-50000 words in vocabulary being utilized!


Initial pass of reviews to get the user-item interactions!
[Initial stats] Users: 1,578,597, Items: 486,360, Ratings: 3,749,004, Density: 0.0000049


Second pass of visual features to get the item-feature interactions!
[Second stats] Items with image: 490,077, Images: 490,077, Density: 1.0000000


Starting to filter away users & items based on thresold of 1 images!
Updating interactions based on the num of images...

Filtered users & items based on thresold of 1 images!
Users: 1578597 -> 1573030, Items: 486360 -> 483687
[Current stats] Users: 1573030, Items: 483687, Ratings: 3730759, Density: 0.0000049
Updating interactions based on the num of images...

Filtered users & items based on thresold of 1 images!
Users: 1573030 -> 1573030, Items: 483687 -> 483687
[Current stats] Users: 1573030, Items: 483687, Ratings: 3730759, Density: 0.0000049

No change in # of users or # of items!

[Final stats] Users: 1,573,030, Items: 483,687, Ratings: 3,730,759, Density: 0.0000049

Elapsed time for "CDs_and_Vinyl": 148.50 seconds (2.47 minutes)

Starting to filter away users & items based on thresold of 1 reviews!

Filtered users & items based on thresold of 1 reviews!
Users: 1573030 -> 1573030, Items: 483687 -> 483687

No change in # of users or # of items!

[Final stats] Users: 1,573,030, Items: 483,687, Ratings: 3,730,759, Density: 0.0000049

Elapsed time for "CDs_and_Vinyl": 148.90 seconds (2.48 minutes)


Third pass of reviews to get the rating, date, the num of tokenized review and index!
[Current stats] Users: 1,573,030, Items: 483,687, Ratings: 3,730,759, Density: 0.0000049

Filtering user-item interactions based on minimum review length of 10 tokens..

Filtered users & items based on minimum review length of 10 tokens!
Users: 1,573,030 -> 1,564,096, Items: 483,687 -> 482,993
[Current stats] Users: 1,564,096, Items: 482,993, Ratings: 3,712,556, Density: 0.0000049


Starting to filter away users & items based on thresold of 1 reviews (after removing reviews with <= 10 tokens)!

Filtered users & items based on thresold of 1 reviews!
Users: 1,564,096 -> 1,564,096, Items: 482,993 -> 482,993

No change in # of users or # of items!

[Final stats] Users: 1,564,096, Items: 482,993, Ratings: 3,712,556, Density: 0.0000049

*****************************************************************************************************************************
*** Original Dataset Size (i.e. num_ratings): 3,712,556!
*** Selecting a random subsample of 1,000,000 user-item interactions!
*** Current Dataset Size (i.e. num_ratings):  1,000,000!
*****************************************************************************************************************************
[Current stats] Users: 583,868, Items: 267,719, Ratings: 1,000,000, Density: 0.0000064
