
Dataset: Movies_and_TV
[args from argparse.ArgumentParser().parse_args()]
command: preprocessing_simple.py -d Movies_and_TV -dev_test_in_train 1
dataset: Movies_and_TV
dataset_maximum_size: 1000000
dev_test_in_train: True
maxDL: 500
maxVL: 500
minImages: 1
minReviews: 1
minRL: 10
random_seed: 1337
train_ratio: 0.8
vocab: 50000

[INPUT] Source Folder:       ../datasets/
[INPUT] Reviews/Ratings:     ../datasets/reviews_Movies_and_TV.json

[OUTPUT] Category Folder:    ../datasets/Movies_and_TV/
[OUTPUT] env:                ../datasets/Movies_and_TV/Movies_and_TV_env.pkl
[OUTPUT] info:               ../datasets/Movies_and_TV/Movies_and_TV_info.pkl
[OUTPUT] interactions:       ../datasets/Movies_and_TV/Movies_and_TV_interactions.pkl
[OUTPUT] train_interactions: ../datasets/Movies_and_TV/Movies_and_TV_train_interactions.pkl
[OUTPUT] dev_interactions:   ../datasets/Movies_and_TV/Movies_and_TV_dev_interactions.pkl
[OUTPUT] test_interactions:  ../datasets/Movies_and_TV/Movies_and_TV_test_interactions.pkl
[OUTPUT] split_train:        ../datasets/Movies_and_TV/Movies_and_TV_split_train.pkl
[OUTPUT] split_dev:          ../datasets/Movies_and_TV/Movies_and_TV_split_dev.pkl
[OUTPUT] split_test:         ../datasets/Movies_and_TV/Movies_and_TV_split_test.pkl
[OUTPUT] uid_userDoc:        ../datasets/Movies_and_TV/Movies_and_TV_uid_userDoc.npy
[OUTPUT] iid_itemDoc:        ../datasets/Movies_and_TV/Movies_and_TV_iid_itemDoc.npy
[OUTPUT] uid_userDoc:        ../datasets/Movies_and_TV/Movies_and_TV_uid_userVis.npy
[OUTPUT] iid_itemDoc:        ../datasets/Movies_and_TV/Movies_and_TV_iid_itemVis.npy

Preprocessing data for "Movies_and_TV"

[Settings]
Min reviews for user/item: 1
Min review length to qualify as an user-item interaction: 10
Max words for user/item document: 500 (For truncating/padding to get a fixed-size representation)
Top-50000 words in vocabulary being utilized!


Initial pass of reviews to get the user-item interactions!
[Initial stats] Users: 2,088,620, Items: 200,941, Ratings: 4,607,047, Density: 0.0000110


Second pass of visual features to get the item-feature interactions!
[Second stats] Items with image: 206,426, Images: 206,426, Density: 1.0000000


Starting to filter away users & items based on thresold of 1 images!
Updating interactions based on the num of images...

Filtered users & items based on thresold of 1 images!
Users: 2088620 -> 2077268, Items: 200941 -> 199113
[Current stats] Users: 2077268, Items: 199113, Ratings: 4572429, Density: 0.0000111
Updating interactions based on the num of images...

Filtered users & items based on thresold of 1 images!
Users: 2077268 -> 2077268, Items: 199113 -> 199113
[Current stats] Users: 2077268, Items: 199113, Ratings: 4572429, Density: 0.0000111

No change in # of users or # of items!

[Final stats] Users: 2,077,268, Items: 199,113, Ratings: 4,572,429, Density: 0.0000111

Elapsed time for "Movies_and_TV": 163.74 seconds (2.73 minutes)

Starting to filter away users & items based on thresold of 1 reviews!

Filtered users & items based on thresold of 1 reviews!
Users: 2077268 -> 2077268, Items: 199113 -> 199113

No change in # of users or # of items!

[Final stats] Users: 2,077,268, Items: 199,113, Ratings: 4,572,429, Density: 0.0000111

Elapsed time for "Movies_and_TV": 164.22 seconds (2.74 minutes)


Third pass of reviews to get the rating, date, the num of tokenized review and index!
[Current stats] Users: 2,077,268, Items: 199,113, Ratings: 4,572,429, Density: 0.0000111

Filtering user-item interactions based on minimum review length of 10 tokens..

Filtered users & items based on minimum review length of 10 tokens!
Users: 2,077,268 -> 2,057,853, Items: 199,113 -> 198,648
[Current stats] Users: 2,057,853, Items: 198,648, Ratings: 4,534,791, Density: 0.0000111


Starting to filter away users & items based on thresold of 1 reviews (after removing reviews with <= 10 tokens)!

Filtered users & items based on thresold of 1 reviews!
Users: 2,057,853 -> 2,057,853, Items: 198,648 -> 198,648

No change in # of users or # of items!

[Final stats] Users: 2,057,853, Items: 198,648, Ratings: 4,534,791, Density: 0.0000111

*****************************************************************************************************************************
*** Original Dataset Size (i.e. num_ratings): 4,534,791!
*** Selecting a random subsample of 1,000,000 user-item interactions!
*** Current Dataset Size (i.e. num_ratings):  1,000,000!
*****************************************************************************************************************************
[Current stats] Users: 650,755, Items: 116,516, Ratings: 1,000,000, Density: 0.0000132
