
Dataset: Musical_Instruments
[args from argparse.ArgumentParser().parse_args()]
command: preprocessing_simple.py -d Musical_Instruments -dev_test_in_train 1
dataset: Musical_Instruments
dataset_maximum_size: 1000000
dev_test_in_train: True
maxDL: 500
maxVL: 500
minImages: 1
minReviews: 1
minRL: 10
random_seed: 1337
train_ratio: 0.8
vocab: 50000

[INPUT] Source Folder:       ../datasets/
[INPUT] Reviews/Ratings:     ../datasets/reviews_Musical_Instruments.json

[OUTPUT] Category Folder:    ../datasets/Musical_Instruments/
[OUTPUT] env:                ../datasets/Musical_Instruments/Musical_Instruments_env.pkl
[OUTPUT] info:               ../datasets/Musical_Instruments/Musical_Instruments_info.pkl
[OUTPUT] interactions:       ../datasets/Musical_Instruments/Musical_Instruments_interactions.pkl
[OUTPUT] train_interactions: ../datasets/Musical_Instruments/Musical_Instruments_train_interactions.pkl
[OUTPUT] dev_interactions:   ../datasets/Musical_Instruments/Musical_Instruments_dev_interactions.pkl
[OUTPUT] test_interactions:  ../datasets/Musical_Instruments/Musical_Instruments_test_interactions.pkl
[OUTPUT] split_train:        ../datasets/Musical_Instruments/Musical_Instruments_split_train.pkl
[OUTPUT] split_dev:          ../datasets/Musical_Instruments/Musical_Instruments_split_dev.pkl
[OUTPUT] split_test:         ../datasets/Musical_Instruments/Musical_Instruments_split_test.pkl
[OUTPUT] uid_userDoc:        ../datasets/Musical_Instruments/Musical_Instruments_uid_userDoc.npy
[OUTPUT] iid_itemDoc:        ../datasets/Musical_Instruments/Musical_Instruments_iid_itemDoc.npy
[OUTPUT] uid_userDoc:        ../datasets/Musical_Instruments/Musical_Instruments_uid_userVis.npy
[OUTPUT] iid_itemDoc:        ../datasets/Musical_Instruments/Musical_Instruments_iid_itemVis.npy

Preprocessing data for "Musical_Instruments"

[Settings]
Min reviews for user/item: 1
Min review length to qualify as an user-item interaction: 10
Max words for user/item document: 500 (For truncating/padding to get a fixed-size representation)
Top-50000 words in vocabulary being utilized!


Initial pass of reviews to get the user-item interactions!
[Initial stats] Users: 339,231, Items: 83,046, Ratings: 500,176, Density: 0.0000178


Second pass of visual features to get the item-feature interactions!
[Second stats] Items with image: 84,283, Images: 84,283, Density: 1.0000000


Starting to filter away users & items based on thresold of 1 images!
Updating interactions based on the num of images...

Filtered users & items based on thresold of 1 images!
Users: 339231 -> 337830, Items: 83046 -> 82444
[Current stats] Users: 337830, Items: 82444, Ratings: 497155, Density: 0.0000178
Updating interactions based on the num of images...

Filtered users & items based on thresold of 1 images!
Users: 337830 -> 337830, Items: 82444 -> 82444
[Current stats] Users: 337830, Items: 82444, Ratings: 497155, Density: 0.0000178

No change in # of users or # of items!

[Final stats] Users: 337,830, Items: 82,444, Ratings: 497,155, Density: 0.0000178

Elapsed time for "Musical_Instruments": 18.39 seconds (0.31 minutes)

Starting to filter away users & items based on thresold of 1 reviews!

Filtered users & items based on thresold of 1 reviews!
Users: 337830 -> 337830, Items: 82444 -> 82444

No change in # of users or # of items!

[Final stats] Users: 337,830, Items: 82,444, Ratings: 497,155, Density: 0.0000178

Elapsed time for "Musical_Instruments": 18.45 seconds (0.31 minutes)


Third pass of reviews to get the rating, date, the num of tokenized review and index!
[Current stats] Users: 337,830, Items: 82,444, Ratings: 497,155, Density: 0.0000178

Filtering user-item interactions based on minimum review length of 10 tokens..

Filtered users & items based on minimum review length of 10 tokens!
Users: 337,830 -> 335,081, Items: 82,444 -> 82,137
[Current stats] Users: 335,081, Items: 82,137, Ratings: 492,970, Density: 0.0000179


Starting to filter away users & items based on thresold of 1 reviews (after removing reviews with <= 10 tokens)!

Filtered users & items based on thresold of 1 reviews!
Users: 335,081 -> 335,081, Items: 82,137 -> 82,137

No change in # of users or # of items!

[Final stats] Users: 335,081, Items: 82,137, Ratings: 492,970, Density: 0.0000179
[Current stats] Users: 335,081, Items: 82,137, Ratings: 492,970, Density: 0.0000179
