
Dataset: Pet_Supplies
[args from argparse.ArgumentParser().parse_args()]
command: preprocessing_simple.py -d Pet_Supplies -dev_test_in_train 1
dataset: Pet_Supplies
dataset_maximum_size: 1000000
dev_test_in_train: True
maxDL: 500
maxVL: 500
minImages: 1
minReviews: 1
minRL: 10
random_seed: 1337
train_ratio: 0.8
vocab: 50000

[INPUT] Source Folder:       ../datasets/
[INPUT] Reviews/Ratings:     ../datasets/reviews_Pet_Supplies.json

[OUTPUT] Category Folder:    ../datasets/Pet_Supplies/
[OUTPUT] env:                ../datasets/Pet_Supplies/Pet_Supplies_env.pkl
[OUTPUT] info:               ../datasets/Pet_Supplies/Pet_Supplies_info.pkl
[OUTPUT] interactions:       ../datasets/Pet_Supplies/Pet_Supplies_interactions.pkl
[OUTPUT] train_interactions: ../datasets/Pet_Supplies/Pet_Supplies_train_interactions.pkl
[OUTPUT] dev_interactions:   ../datasets/Pet_Supplies/Pet_Supplies_dev_interactions.pkl
[OUTPUT] test_interactions:  ../datasets/Pet_Supplies/Pet_Supplies_test_interactions.pkl
[OUTPUT] split_train:        ../datasets/Pet_Supplies/Pet_Supplies_split_train.pkl
[OUTPUT] split_dev:          ../datasets/Pet_Supplies/Pet_Supplies_split_dev.pkl
[OUTPUT] split_test:         ../datasets/Pet_Supplies/Pet_Supplies_split_test.pkl
[OUTPUT] uid_userDoc:        ../datasets/Pet_Supplies/Pet_Supplies_uid_userDoc.npy
[OUTPUT] iid_itemDoc:        ../datasets/Pet_Supplies/Pet_Supplies_iid_itemDoc.npy
[OUTPUT] uid_userDoc:        ../datasets/Pet_Supplies/Pet_Supplies_uid_userVis.npy
[OUTPUT] iid_itemDoc:        ../datasets/Pet_Supplies/Pet_Supplies_iid_itemVis.npy

Preprocessing data for "Pet_Supplies"

[Settings]
Min reviews for user/item: 1
Min review length to qualify as an user-item interaction: 10
Max words for user/item document: 500 (For truncating/padding to get a fixed-size representation)
Top-50000 words in vocabulary being utilized!


Initial pass of reviews to get the user-item interactions!
[Initial stats] Users: 740,985, Items: 103,288, Ratings: 1,235,316, Density: 0.0000161


Second pass of visual features to get the item-feature interactions!
[Second stats] Items with image: 109,844, Images: 109,844, Density: 1.0000000


Starting to filter away users & items based on thresold of 1 images!
Updating interactions based on the num of images...

Filtered users & items based on thresold of 1 images!
Users: 740985 -> 737576, Items: 103288 -> 102486
[Current stats] Users: 737576, Items: 102486, Ratings: 1226918, Density: 0.0000162
Updating interactions based on the num of images...

Filtered users & items based on thresold of 1 images!
Users: 737576 -> 737576, Items: 102486 -> 102486
[Current stats] Users: 737576, Items: 102486, Ratings: 1226918, Density: 0.0000162

No change in # of users or # of items!

[Final stats] Users: 737,576, Items: 102,486, Ratings: 1,226,918, Density: 0.0000162

Elapsed time for "Pet_Supplies": 41.07 seconds (0.68 minutes)

Starting to filter away users & items based on thresold of 1 reviews!

Filtered users & items based on thresold of 1 reviews!
Users: 737576 -> 737576, Items: 102486 -> 102486

No change in # of users or # of items!

[Final stats] Users: 737,576, Items: 102,486, Ratings: 1,226,918, Density: 0.0000162

Elapsed time for "Pet_Supplies": 41.21 seconds (0.69 minutes)


Third pass of reviews to get the rating, date, the num of tokenized review and index!
[Current stats] Users: 737,576, Items: 102,486, Ratings: 1,226,918, Density: 0.0000162

Filtering user-item interactions based on minimum review length of 10 tokens..

Filtered users & items based on minimum review length of 10 tokens!
Users: 737,576 -> 732,362, Items: 102,486 -> 101,972
[Current stats] Users: 732,362, Items: 101,972, Ratings: 1,217,007, Density: 0.0000163


Starting to filter away users & items based on thresold of 1 reviews (after removing reviews with <= 10 tokens)!

Filtered users & items based on thresold of 1 reviews!
Users: 732,362 -> 732,362, Items: 101,972 -> 101,972

No change in # of users or # of items!

[Final stats] Users: 732,362, Items: 101,972, Ratings: 1,217,007, Density: 0.0000163

*****************************************************************************************************************************
*** Original Dataset Size (i.e. num_ratings): 1,217,007!
*** Selecting a random subsample of 1,000,000 user-item interactions!
*** Current Dataset Size (i.e. num_ratings):  1,000,000!
*****************************************************************************************************************************
[Current stats] Users: 633,705, Items: 94,202, Ratings: 1,000,000, Density: 0.0000168
