
Dataset: Video_Games
[args from argparse.ArgumentParser().parse_args()]
command: preprocessing_simple.py -d Video_Games -dev_test_in_train 1
dataset: Video_Games
dataset_maximum_size: 1000000
dev_test_in_train: True
maxDL: 500
maxVL: 500
minImages: 1
minReviews: 1
minRL: 10
random_seed: 1337
train_ratio: 0.8
vocab: 50000

[INPUT] Source Folder:       ../datasets/
[INPUT] Reviews/Ratings:     ../datasets/reviews_Video_Games.json

[OUTPUT] Category Folder:    ../datasets/Video_Games/
[OUTPUT] env:                ../datasets/Video_Games/Video_Games_env.pkl
[OUTPUT] info:               ../datasets/Video_Games/Video_Games_info.pkl
[OUTPUT] interactions:       ../datasets/Video_Games/Video_Games_interactions.pkl
[OUTPUT] train_interactions: ../datasets/Video_Games/Video_Games_train_interactions.pkl
[OUTPUT] dev_interactions:   ../datasets/Video_Games/Video_Games_dev_interactions.pkl
[OUTPUT] test_interactions:  ../datasets/Video_Games/Video_Games_test_interactions.pkl
[OUTPUT] split_train:        ../datasets/Video_Games/Video_Games_split_train.pkl
[OUTPUT] split_dev:          ../datasets/Video_Games/Video_Games_split_dev.pkl
[OUTPUT] split_test:         ../datasets/Video_Games/Video_Games_split_test.pkl
[OUTPUT] uid_userDoc:        ../datasets/Video_Games/Video_Games_uid_userDoc.npy
[OUTPUT] iid_itemDoc:        ../datasets/Video_Games/Video_Games_iid_itemDoc.npy
[OUTPUT] uid_userDoc:        ../datasets/Video_Games/Video_Games_uid_userVis.npy
[OUTPUT] iid_itemDoc:        ../datasets/Video_Games/Video_Games_iid_itemVis.npy

Preprocessing data for "Video_Games"

[Settings]
Min reviews for user/item: 1
Min review length to qualify as an user-item interaction: 10
Max words for user/item document: 500 (For truncating/padding to get a fixed-size representation)
Top-50000 words in vocabulary being utilized!


Initial pass of reviews to get the user-item interactions!
[Initial stats] Users: 826,767, Items: 50,210, Ratings: 1,324,753, Density: 0.0000319


Second pass of visual features to get the item-feature interactions!
[Second stats] Items with image: 50,425, Images: 50,425, Density: 1.0000000


Starting to filter away users & items based on thresold of 1 images!
Updating interactions based on the num of images...

Filtered users & items based on thresold of 1 images!
Users: 826767 -> 769014, Items: 50210 -> 49689
[Current stats] Users: 769014, Items: 49689, Ratings: 1255533, Density: 0.0000329
Updating interactions based on the num of images...

Filtered users & items based on thresold of 1 images!
Users: 769014 -> 769014, Items: 49689 -> 49689
[Current stats] Users: 769014, Items: 49689, Ratings: 1255533, Density: 0.0000329

No change in # of users or # of items!

[Final stats] Users: 769,014, Items: 49,689, Ratings: 1,255,533, Density: 0.0000329

Elapsed time for "Video_Games": 46.39 seconds (0.77 minutes)

Starting to filter away users & items based on thresold of 1 reviews!

Filtered users & items based on thresold of 1 reviews!
Users: 769014 -> 769014, Items: 49689 -> 49689

No change in # of users or # of items!

[Final stats] Users: 769,014, Items: 49,689, Ratings: 1,255,533, Density: 0.0000329

Elapsed time for "Video_Games": 46.53 seconds (0.78 minutes)


Third pass of reviews to get the rating, date, the num of tokenized review and index!
[Current stats] Users: 769,014, Items: 49,689, Ratings: 1,255,533, Density: 0.0000329

Filtering user-item interactions based on minimum review length of 10 tokens..

Filtered users & items based on minimum review length of 10 tokens!
Users: 769,014 -> 763,346, Items: 49,689 -> 49,577
[Current stats] Users: 763,346, Items: 49,577, Ratings: 1,246,408, Density: 0.0000329


Starting to filter away users & items based on thresold of 1 reviews (after removing reviews with <= 10 tokens)!

Filtered users & items based on thresold of 1 reviews!
Users: 763,346 -> 763,346, Items: 49,577 -> 49,577

No change in # of users or # of items!

[Final stats] Users: 763,346, Items: 49,577, Ratings: 1,246,408, Density: 0.0000329

*****************************************************************************************************************************
*** Original Dataset Size (i.e. num_ratings): 1,246,408!
*** Selecting a random subsample of 1,000,000 user-item interactions!
*** Current Dataset Size (i.e. num_ratings):  1,000,000!
*****************************************************************************************************************************
[Current stats] Users: 643,985, Items: 47,166, Ratings: 1,000,000, Density: 0.0000329
