========================================================================================================================
  ARL_lr: 0.01
  ARL_path: 
  batch_size: 128
  channels_global: 100
  channels_local: 200
  command: -d Movies_and_TV -m DeepCoNN -e 10 -dr 0.9 -WED 300 -p 1 -v 50000 -K 5 -h1 50 -h2 50 -filters_num 100 -output_size 50 -rs 1234 -gpu 0 -vb 1 -sm Movies_and_TV_DeepCoNN
  ctx_win_size: 3
  dataset: Movies_and_TV
  disable_initial_eval: 0
  dropout_rate: 0.9
  epochs: 10
  filters_num: 100
  gpu: 0
  h1: 50
  h2: 50
  hidden_size: 500
  input_dir: ./datasets/Movies_and_TV/
  L2_reg: 1e-06
  learning_rate: 0.002
  loss_function: MSELoss
  max_doc_len: 500
  max_vis_len: 500
  model: DeepCoNN
  num_aspects: 5
  optimizer: Adam
  out_dir: ./experimental_results/Movies_and_TV - DeepCoNN/
  output_size: 50
  pretrained_src: 1
  random_seed: 1234
  save_model: Movies_and_TV_DeepCoNN
  use_cuda: True
  verbose: 1
  vocab_size: 50000
  word_embed_dim: 300
========================================================================================================================

[INFO] # of Users: 541,405, # of Items: 106,040

Creating model (Selected Model: DeepCoNN)..
[args.use_cuda: True] Model is on the GPU! (args.gpu: 0, torch.cuda.current_device(): 0)
Model created! Elapsed Time: 3.93s (0.07 minute)

Loading uid_userDoc from "./datasets/Movies_and_TV/Movies_and_TV_uid_userDoc.npy"..
uid_userDoc loaded! [uid_userDoc: (541405, 500)]

Loading iid_itemDoc from "./datasets/Movies_and_TV/Movies_and_TV_iid_itemDoc.npy"..
iid_itemDoc loaded! [iid_itemDoc: (106040, 500)]

Loading pretrained word embeddings from "./datasets/Movies_and_TV/Movies_and_TV_wed300_wid_wordEmbed.npy"..
Pretrained word embeddings loaded! [wid_wEmbed: (50002, 300)]

Initialization Complete.. Elapsed Time: 25.09s (0.42 minute)

Train/Dev/Test splits loaded! |TRAIN|: 800,000, |DEV|: 40,918, |TEST|: 41,059
Train/Dev/Test splits loaded! Elapsed Time: 25.35s (0.42 minute)

Performing initial evaluation for VALIDATION set..
[Initial] [Dev]  MSE: 14.96571, MAE: 3.67866

Performing initial evaluation for TESTING set..
[Initial] [Test] MSE: 14.96287, MAE: 3.67715

Initial Evaluation Complete.. Elapsed Time: 32.13s (0.54 minute)

Optimizer: Adam, Loss Function: MSELoss

Model Size: 339,560,846
# of Trainable Parameters: 837,746
DeepCoNN (
  (uid_userDoc): Embedding(541405, 500), weights = ((541405, 500),), parameters = 270,702,500
  (iid_itemDoc): Embedding(106040, 500), weights = ((106040, 500),), parameters = 53,020,000
  (wid_wEmbed): Embedding(50002, 300), weights = ((50002, 300),), parameters = 15,000,600
  (user_CNN): Conv2d(1, 100, kernel_size=(3, 300), stride=(1, 1)), weights = ((100, 1, 3, 300), (100,)), parameters = 90,100 (Trainable)
  (item_CNN): Conv2d(1, 100, kernel_size=(3, 300), stride=(1, 1)), weights = ((100, 1, 3, 300), (100,)), parameters = 90,100 (Trainable)
  (user_fcLayer): Linear(in_features=100, out_features=50, bias=True), weights = ((50, 100), (50,)), parameters = 5,050 (Trainable)
  (item_fcLayer): Linear(in_features=100, out_features=50, bias=True), weights = ((50, 100), (50,)), parameters = 5,050 (Trainable)
  (userDropout): Dropout(p=0.9, inplace=False), weights = (), parameters = 0
  (itemDropout): Dropout(p=0.9, inplace=False), weights = (), parameters = 0
  (DeepCoNN_RatingPred): DeepCoNN_RatingPred(
    (uid_userOffset): Embedding(541405, 1)
    (iid_itemOffset): Embedding(106040, 1)
    (globalOffset): Parameter(1,)
  ), weights = ((1,), (541405, 1), (106040, 1)), parameters = 647,446 (Trainable)
)
========================================================================================================================

[Epoch 1/10] Training Loss: 2.92847	Elapsed Time: 123.81s (0:02:03)
[Epoch 1] [Dev]  MSE: 1.20094, MAE: 0.85041
[Epoch 1] [Test] MSE: 1.20941, MAE: 0.84879

*** MODEL has obtained the best DEV MSE of 1.20094 so far!
*** The Best MODEL saved to "./__saved_models__/Movies_and_TV - DeepCoNN/Movies_and_TV_DeepCoNN_1234.pth"

[Epoch 2/10] Training Loss: 1.13649	Elapsed Time: 254.55s (0:04:14)
[Epoch 2] [Dev]  MSE: 1.13651, MAE: 0.79982
[Epoch 2] [Test] MSE: 1.14764, MAE: 0.80079

*** MODEL has obtained the best DEV MSE of 1.13651 so far!
*** The Best MODEL saved to "./__saved_models__/Movies_and_TV - DeepCoNN/Movies_and_TV_DeepCoNN_1234.pth"

[Epoch 3/10] Training Loss: 1.00861	Elapsed Time: 385.28s (0:06:25)
[Epoch 3] [Dev]  MSE: 1.12046, MAE: 0.78276
[Epoch 3] [Test] MSE: 1.13003, MAE: 0.78442

*** MODEL has obtained the best DEV MSE of 1.12046 so far!
*** The Best MODEL saved to "./__saved_models__/Movies_and_TV - DeepCoNN/Movies_and_TV_DeepCoNN_1234.pth"

[Epoch 4/10] Training Loss: 0.91812	Elapsed Time: 515.99s (0:08:35)
[Epoch 4] [Dev]  MSE: 1.11536, MAE: 0.78924
[Epoch 4] [Test] MSE: 1.12562, MAE: 0.79124

*** MODEL has obtained the best DEV MSE of 1.11536 so far!
*** The Best MODEL saved to "./__saved_models__/Movies_and_TV - DeepCoNN/Movies_and_TV_DeepCoNN_1234.pth"

[Epoch 5/10] Training Loss: 0.84531	Elapsed Time: 646.67s (0:10:46)
[Epoch 5] [Dev]  MSE: 1.12041, MAE: 0.79113
[Epoch 5] [Test] MSE: 1.12962, MAE: 0.79364

[Epoch 6/10] Training Loss: 0.78271	Elapsed Time: 777.33s (0:12:57)
[Epoch 6] [Dev]  MSE: 1.13088, MAE: 0.78625
[Epoch 6] [Test] MSE: 1.13971, MAE: 0.78754

[Epoch 7/10] Training Loss: 0.73121	Elapsed Time: 908.04s (0:15:08)
[Epoch 7] [Dev]  MSE: 1.13775, MAE: 0.78737
[Epoch 7] [Test] MSE: 1.14852, MAE: 0.79043

[Epoch 8/10] Training Loss: 0.68325	Elapsed Time: 1,038.71s (0:17:18)
[Epoch 8] [Dev]  MSE: 1.15146, MAE: 0.78716
[Epoch 8] [Test] MSE: 1.16052, MAE: 0.78894

[Epoch 9/10] Training Loss: 0.64122	Elapsed Time: 1,169.47s (0:19:29)
[Epoch 9] [Dev]  MSE: 1.16177, MAE: 0.79615
[Epoch 9] [Test] MSE: 1.17143, MAE: 0.79815

[Epoch 10/10] Training Loss: 0.60420	Elapsed Time: 1,300.23s (0:21:40)
[Epoch 10] [Dev]  MSE: 1.17508, MAE: 0.79761
[Epoch 10] [Test] MSE: 1.18558, MAE: 0.79957
*** The Last MODEL saved to "./__saved_models__/Movies_and_TV - DeepCoNN/Movies_and_TV_DeepCoNN_1234_10.pth"

[Training Loss]
[2.92847, 1.13649, 1.00861, 0.91812, 0.84531, 0.78271, 0.73121, 0.68325, 0.64122, 0.6042]

[Dev MSE]
[1.20094, 1.13651, 1.12046, 1.11536, 1.12041, 1.13088, 1.13775, 1.15146, 1.16177, 1.17508]
[Test MSE]
[1.20941, 1.14764, 1.13003, 1.12562, 1.12962, 1.13971, 1.14852, 1.16052, 1.17143, 1.18558]
[Test MAE]
[0.84879, 0.80079, 0.78442, 0.79124, 0.79364, 0.78754, 0.79043, 0.78894, 0.79815, 0.79957]


Best Dev MSE: 1.11536 (Obtained during Evaluation #4)
Test MSE: 1.12562, Test MAE: 0.79124

End of Program! Elapsed Time: 1,339.05s (0:22:19)
