========================================================================================================================
  ARL_lr: 0.01
  ARL_path: 
  batch_size: 128
  channels_global: 100
  channels_local: 200
  command: -d Pet_Supplies -m DAttn -e 10 -p 1 -v 50000 -K 5 -h1 10 -h2 50 -WED 100 -c_local 200 -c_global 100 -hiden_size 500 -output_size 50 -rs 1234 -gpu 0 -vb 1 -sm Pet_Supplies_DAttn
  ctx_win_size: 3
  dataset: Pet_Supplies
  disable_initial_eval: 0
  dropout_rate: 0.5
  epochs: 10
  filters_num: 100
  gpu: 0
  h1: 10
  h2: 50
  hidden_size: 500
  input_dir: ./datasets/Pet_Supplies/
  L2_reg: 1e-06
  learning_rate: 0.002
  loss_function: MSELoss
  max_doc_len: 500
  max_vis_len: 500
  model: DAttn
  num_aspects: 5
  optimizer: Adam
  out_dir: ./experimental_results/Pet_Supplies - DAttn/
  output_size: 50
  pretrained_src: 1
  random_seed: 1234
  save_model: Pet_Supplies_DAttn
  use_cuda: True
  verbose: 1
  vocab_size: 50000
  word_embed_dim: 100
========================================================================================================================

[INFO] # of Users: 535,028, # of Items: 85,685

Creating model (Selected Model: DAttn)..
[args.use_cuda: True] Model is on the GPU! (args.gpu: 0, torch.cuda.current_device(): 0)
Model created! Elapsed Time: 3.72s (0.06 minute)

Loading uid_userDoc from "./datasets/Pet_Supplies/Pet_Supplies_uid_userDoc.npy"..
uid_userDoc loaded! [uid_userDoc: (535028, 500)]

Loading iid_itemDoc from "./datasets/Pet_Supplies/Pet_Supplies_iid_itemDoc.npy"..
iid_itemDoc loaded! [iid_itemDoc: (85685, 500)]

Loading pretrained word embeddings from "./datasets/Pet_Supplies/Pet_Supplies_wed100_wid_wordEmbed.npy"..
Pretrained word embeddings loaded! [wid_wEmbed: (50002, 100)]

Initialization Complete.. Elapsed Time: 24.26s (0.40 minute)

Train/Dev/Test splits loaded! |TRAIN|: 800,000, |DEV|: 46,037, |TEST|: 46,223
Train/Dev/Test splits loaded! Elapsed Time: 24.54s (0.41 minute)

Performing initial evaluation for VALIDATION set..
[Initial] [Dev]  MSE: 19.23262, MAE: 4.20559

Performing initial evaluation for TESTING set..
[Initial] [Test] MSE: 19.26703, MAE: 4.20922

Initial Evaluation Complete.. Elapsed Time: 45.35s (0.76 minute)

Optimizer: Adam, Loss Function: MSELoss

Model Size: 316,850,118
# of Trainable Parameters: 1,493,418
DAttn (
  (uid_userDoc): Embedding(535028, 500), weights = ((535028, 500),), parameters = 267,514,000
  (iid_itemDoc): Embedding(85685, 500), weights = ((85685, 500),), parameters = 42,842,500
  (wid_wEmbed): Embedding(50002, 100), weights = ((50002, 100),), parameters = 5,000,200
  (user_net): Net(
    (localAttentionLayer): LocalAttention(
      (attention_layer): Sequential(
        (0): Conv2d(1, 1, kernel_size=(3, 100), stride=(1, 1), padding=(1, 0))
        (1): Sigmoid()
      )
      (cnn): Sequential(
        (0): Conv2d(1, 200, kernel_size=(1, 100), stride=(1, 1))
        (1): Tanh()
      )
    )
    (globalAttentionLayer): GlobalAttention(
      (attention_layer): Sequential(
        (0): Conv2d(1, 1, kernel_size=(500, 100), stride=(1, 1))
        (1): Sigmoid()
      )
      (convs): ModuleList(
        (0): Conv2d(1, 100, kernel_size=(2, 100), stride=(1, 1))
        (1): Conv2d(1, 100, kernel_size=(3, 100), stride=(1, 1))
        (2): Conv2d(1, 100, kernel_size=(4, 100), stride=(1, 1))
      )
    )
    (fcLayer): Sequential(
      (0): Linear(in_features=500, out_features=500, bias=True)
      (1): Dropout(p=0.5, inplace=False)
      (2): ReLU()
      (3): Linear(in_features=500, out_features=50, bias=True)
    )
    (dropout): Dropout(p=0.5, inplace=False)
  ), weights = ((1, 1, 3, 100), (1,), (200, 1, 1, 100), (200,), (1, 1, 500, 100), (1,), (100, 1, 2, 100), (100,), (100, 1, 3, 100), (100,), (100, 1, 4, 100), (100,), (500, 500), (500,), (50, 500), (50,)), parameters = 436,352 (Trainable)
  (item_net): Net(
    (localAttentionLayer): LocalAttention(
      (attention_layer): Sequential(
        (0): Conv2d(1, 1, kernel_size=(3, 100), stride=(1, 1), padding=(1, 0))
        (1): Sigmoid()
      )
      (cnn): Sequential(
        (0): Conv2d(1, 200, kernel_size=(1, 100), stride=(1, 1))
        (1): Tanh()
      )
    )
    (globalAttentionLayer): GlobalAttention(
      (attention_layer): Sequential(
        (0): Conv2d(1, 1, kernel_size=(500, 100), stride=(1, 1))
        (1): Sigmoid()
      )
      (convs): ModuleList(
        (0): Conv2d(1, 100, kernel_size=(2, 100), stride=(1, 1))
        (1): Conv2d(1, 100, kernel_size=(3, 100), stride=(1, 1))
        (2): Conv2d(1, 100, kernel_size=(4, 100), stride=(1, 1))
      )
    )
    (fcLayer): Sequential(
      (0): Linear(in_features=500, out_features=500, bias=True)
      (1): Dropout(p=0.5, inplace=False)
      (2): ReLU()
      (3): Linear(in_features=500, out_features=50, bias=True)
    )
    (dropout): Dropout(p=0.5, inplace=False)
  ), weights = ((1, 1, 3, 100), (1,), (200, 1, 1, 100), (200,), (1, 1, 500, 100), (1,), (100, 1, 2, 100), (100,), (100, 1, 3, 100), (100,), (100, 1, 4, 100), (100,), (500, 500), (500,), (50, 500), (50,)), parameters = 436,352 (Trainable)
  (DAttn_RatingPred): DAttn_RatingPred(
    (uid_userOffset): Embedding(535028, 1)
    (iid_itemOffset): Embedding(85685, 1)
    (globalOffset): Parameter(1,)
  ), weights = ((1,), (535028, 1), (85685, 1)), parameters = 620,714 (Trainable)
)
========================================================================================================================

[Epoch 1/10] Training Loss: 1.34494	Elapsed Time: 609.25s (0:10:09)
[Epoch 1] [Dev]  MSE: 1.52969, MAE: 0.91746
[Epoch 1] [Test] MSE: 1.53255, MAE: 0.91868

*** MODEL has obtained the best DEV MSE of 1.52969 so far!
*** The Best MODEL saved to "./__saved_models__/Pet_Supplies - DAttn/Pet_Supplies_DAttn_1234.pth"

[Epoch 2/10] Training Loss: 0.99049	Elapsed Time: 1,239.47s (0:20:39)
[Epoch 2] [Dev]  MSE: 1.58696, MAE: 0.94119
[Epoch 2] [Test] MSE: 1.59312, MAE: 0.94337

[Epoch 3/10] Training Loss: 0.89338	Elapsed Time: 1,869.61s (0:31:09)
[Epoch 3] [Dev]  MSE: 1.70015, MAE: 0.94509
[Epoch 3] [Test] MSE: 1.64532, MAE: 0.94536

[Epoch 4/10] Training Loss: 0.83012	Elapsed Time: 2,499.69s (0:41:39)
[Epoch 4] [Dev]  MSE: 1.52211, MAE: 0.89533
[Epoch 4] [Test] MSE: 1.52427, MAE: 0.89482

*** MODEL has obtained the best DEV MSE of 1.52211 so far!
*** The Best MODEL saved to "./__saved_models__/Pet_Supplies - DAttn/Pet_Supplies_DAttn_1234.pth"

[Epoch 5/10] Training Loss: 0.76363	Elapsed Time: 3,129.79s (0:52:09)
[Epoch 5] [Dev]  MSE: 1.54601, MAE: 0.89580
[Epoch 5] [Test] MSE: 1.55049, MAE: 0.89582

[Epoch 6/10] Training Loss: 0.71612	Elapsed Time: 3,760.01s (1:02:40)
[Epoch 6] [Dev]  MSE: 1.56642, MAE: 0.91157
[Epoch 6] [Test] MSE: 1.57042, MAE: 0.91188

[Epoch 7/10] Training Loss: 0.67355	Elapsed Time: 4,390.23s (1:13:10)
[Epoch 7] [Dev]  MSE: 1.57623, MAE: 0.89978
[Epoch 7] [Test] MSE: 1.58272, MAE: 0.90036

[Epoch 8/10] Training Loss: 0.63863	Elapsed Time: 5,020.47s (1:23:40)
[Epoch 8] [Dev]  MSE: 1.56698, MAE: 0.91822
[Epoch 8] [Test] MSE: 1.57959, MAE: 0.92168

[Epoch 9/10] Training Loss: 0.60752	Elapsed Time: 5,650.65s (1:34:10)
[Epoch 9] [Dev]  MSE: 1.59869, MAE: 0.91631
[Epoch 9] [Test] MSE: 1.61028, MAE: 0.91826

[Epoch 10/10] Training Loss: 0.58080	Elapsed Time: 6,280.92s (1:44:40)
[Epoch 10] [Dev]  MSE: 1.60739, MAE: 0.91754
[Epoch 10] [Test] MSE: 1.61887, MAE: 0.91977
*** The Last MODEL saved to "./__saved_models__/Pet_Supplies - DAttn/Pet_Supplies_DAttn_1234_10.pth"

[Training Loss]
[1.34494, 0.99049, 0.89338, 0.83012, 0.76363, 0.71612, 0.67355, 0.63863, 0.60752, 0.5808]

[Dev MSE]
[1.52969, 1.58696, 1.70015, 1.52211, 1.54601, 1.56642, 1.57623, 1.56698, 1.59869, 1.60739]
[Test MSE]
[1.53255, 1.59312, 1.64532, 1.52427, 1.55049, 1.57042, 1.58272, 1.57959, 1.61028, 1.61887]
[Test MAE]
[0.91868, 0.94337, 0.94536, 0.89482, 0.89582, 0.91188, 0.90036, 0.92168, 0.91826, 0.91977]


Best Dev MSE: 1.52211 (Obtained during Evaluation #4)
Test MSE: 1.52427, Test MAE: 0.89482

End of Program! Elapsed Time: 6,347.01s (1:45:47)
