========================================================================================================================
  ARL_lr: 0.01
  ARL_path: 
  batch_size: 128
  channels_global: 10
  channels_local: 10
  command: -d Books -m VANRA -e 15 -dr 0.9 -p 1 -v 50000 -K 5 -h1 10 -h2 50 -c_local 10 -c_global 10 -hiden_size 100 -output_size 50 -rs 1234 -gpu 0 -vb 1 -sm Books_VANRA
  ctx_win_size: 3
  dataset: Books
  disable_initial_eval: 0
  dropout_rate: 0.9
  epochs: 15
  gpu: 0
  h1: 10
  h2: 50
  hidden_size: 100
  input_dir: ./datasets/Books/
  L2_reg: 1e-06
  learning_rate: 0.002
  loss_function: MSELoss
  max_doc_len: 500
  max_vis_len: 500
  model: VANRA
  num_aspects: 5
  optimizer: Adam
  out_dir: ./experimental_results/Books - VANRA/
  output_size: 50
  pretrained_src: 1
  random_seed: 1234
  save_model: Books_VANRA
  use_cuda: True
  verbose: 1
  vocab_size: 50000
  word_embed_dim: 300
========================================================================================================================

[INFO] # of Users: 621,433, # of Items: 390,310

Creating model (Selected Model: VANRA)..
[args.use_cuda: True] Model is on the GPU! (args.gpu: 0, torch.cuda.current_device(): 0)
Model created! Elapsed Time: 12.06s (0.20 minute)

Loading uid_userDoc from "./datasets/Books/Books_uid_userDoc.npy"..
uid_userDoc loaded! [uid_userDoc: (621433, 500)]

Loading iid_itemDoc from "./datasets/Books/Books_iid_itemDoc.npy"..
iid_itemDoc loaded! [iid_itemDoc: (390310, 500)]

Loading pretrained word embeddings from "./datasets/Books/Books_wid_wordEmbed.npy"..
Pretrained word embeddings loaded! [wid_wEmbed: (50002, 300)]

Loading uid_userVis from "./datasets/Books/Books_uid_userVis.npy"..
uid_userVis loaded! [uid_userVis: (621433, 500)]

Loading iid_itemVis from "./datasets/Books/Books_iid_itemVis.npy"..
iid_itemVis loaded! [iid_itemVis: (390310, 500)]

Initialization Complete.. Elapsed Time: 88.32s (1.47 minutes)

Train/Dev/Test splits loaded! |TRAIN|: 800,000, |DEV|: 20,828, |TEST|: 21,246
Train/Dev/Test splits loaded! Elapsed Time: 88.64s (1.48 minutes)

Performing initial evaluation for VALIDATION set..
[Initial] [Dev]  MSE: 19.00640, MAE: 4.22922

Performing initial evaluation for TESTING set..
[Initial] [Test] MSE: 19.16282, MAE: 4.25301

Initial Evaluation Complete.. Elapsed Time: 93.12s (1.55 minutes)

Parameters with L2 Regularization (Regularization Strength: 1e-06):
VANRA_RatingPred.uid_userOffset.weight, VANRA_RatingPred.iid_itemOffset.weight

Optimizer: Adam, Loss Function: MSELoss

Model Size: 1,027,882,002
# of Trainable Parameters: 1,138,402
VANRA (
  (uid_userDoc): Embedding(621433, 500), weights = ((621433, 500),), parameters = 310,716,500
  (iid_itemDoc): Embedding(390310, 500), weights = ((390310, 500),), parameters = 195,155,000
  (wid_wEmbed): Embedding(50002, 300), weights = ((50002, 300),), parameters = 15,000,600
  (uid_userVis): Embedding(621433, 500), weights = ((621433, 500),), parameters = 310,716,500
  (iid_itemVis): Embedding(390310, 500), weights = ((390310, 500),), parameters = 195,155,000
  (shared_ANR_ARL): ANR_ARL(
    (aspEmbed): Embedding(5, 30)
    (aspProj): Parameter(5, 300, 10)
  ), weights = ((5, 300, 10), (5, 30)), parameters = 15,150 (Trainable)
  (ANR_AIE): ANR_AIE(  (W_a): Parameter(10, 10)
    (W_u): Parameter(50, 10)
    (w_hu): Parameter(50, 1)
    (W_i): Parameter(50, 10)
    (w_hi): Parameter(50, 1)
  ), weights = ((10, 10), (50, 10), (50, 1), (50, 10), (50, 1)), parameters = 1,200 (Trainable)
  (VANRA_VRL): VANRA_VRL(
    (localAttentionLayer_user): LocalAttention(
      (attention_layer): Sequential(
        (0): Conv2d(1, 1, kernel_size=(3, 1), stride=(1, 1))
        (1): Softmax(dim=2)
      )
      (fcLayer): Sequential(
        (0): Linear(in_features=500, out_features=100, bias=True)
        (1): Dropout(p=0.9, inplace=False)
        (2): ReLU()
        (3): Linear(in_features=100, out_features=50, bias=True)
      )
    )
    (localAttentionLayer_item): LocalAttention(
      (attention_layer): Sequential(
        (0): Conv2d(1, 1, kernel_size=(3, 1), stride=(1, 1))
        (1): Softmax(dim=2)
      )
      (fcLayer): Sequential(
        (0): Linear(in_features=500, out_features=100, bias=True)
        (1): Dropout(p=0.9, inplace=False)
        (2): ReLU()
        (3): Linear(in_features=100, out_features=50, bias=True)
      )
    )
  ), weights = ((1, 1, 3, 1), (1,), (100, 500), (100,), (50, 100), (50,), (1, 1, 3, 1), (1,), (100, 500), (100,), (50, 100), (50,)), parameters = 110,308 (Trainable)
  (VANRA_RatingPred): VANRA_RatingPred(
    (userAspRepDropout): Dropout(p=0.9, inplace=False)
    (itemAspRepDropout): Dropout(p=0.9, inplace=False)
    (uid_userOffset): Embedding(621433, 1)
    (iid_itemOffset): Embedding(390310, 1)
    (globalOffset): Parameter(1,)
  ), weights = ((1,), (621433, 1), (390310, 1)), parameters = 1,011,744 (Trainable)
)
========================================================================================================================

[Epoch 1/15] Training Loss: 1.40498	Elapsed Time: 169.58s (0:02:49)
[Epoch 1] [Dev]  MSE: 1.02222, MAE: 0.77327
[Epoch 1] [Test] MSE: 0.98244, MAE: 0.76351

*** MODEL has obtained the best DEV MSE of 1.02222 so far!
*** The Best MODEL saved to "./__saved_models__/Books - VANRA/Books_VANRA_1234.pth"

[Epoch 2/15] Training Loss: 1.05121	Elapsed Time: 342.48s (0:05:42)
[Epoch 2] [Dev]  MSE: 0.99013, MAE: 0.75278
[Epoch 2] [Test] MSE: 0.95408, MAE: 0.74291

*** MODEL has obtained the best DEV MSE of 0.99013 so far!
*** The Best MODEL saved to "./__saved_models__/Books - VANRA/Books_VANRA_1234.pth"

[Epoch 3/15] Training Loss: 0.94893	Elapsed Time: 515.49s (0:08:35)
[Epoch 3] [Dev]  MSE: 0.98616, MAE: 0.74069
[Epoch 3] [Test] MSE: 0.95157, MAE: 0.73084

*** MODEL has obtained the best DEV MSE of 0.98616 so far!
*** The Best MODEL saved to "./__saved_models__/Books - VANRA/Books_VANRA_1234.pth"

[Epoch 4/15] Training Loss: 0.88357	Elapsed Time: 688.55s (0:11:28)
[Epoch 4] [Dev]  MSE: 0.99537, MAE: 0.73097
[Epoch 4] [Test] MSE: 0.96003, MAE: 0.72052

[Epoch 5/15] Training Loss: 0.84010	Elapsed Time: 861.53s (0:14:21)
[Epoch 5] [Dev]  MSE: 0.99804, MAE: 0.73067
[Epoch 5] [Test] MSE: 0.96314, MAE: 0.72042

[Epoch 6/15] Training Loss: 0.80843	Elapsed Time: 1,034.40s (0:17:14)
[Epoch 6] [Dev]  MSE: 0.98688, MAE: 0.74313
[Epoch 6] [Test] MSE: 0.95639, MAE: 0.73465

[Epoch 7/15] Training Loss: 0.78644	Elapsed Time: 1,207.30s (0:20:07)
[Epoch 7] [Dev]  MSE: 1.00909, MAE: 0.72759
[Epoch 7] [Test] MSE: 0.97666, MAE: 0.71781

[Epoch 8/15] Training Loss: 0.76813	Elapsed Time: 1,380.26s (0:23:00)
[Epoch 8] [Dev]  MSE: 1.00097, MAE: 0.73207
[Epoch 8] [Test] MSE: 0.96864, MAE: 0.72184

[Epoch 9/15] Training Loss: 0.75413	Elapsed Time: 1,553.23s (0:25:53)
[Epoch 9] [Dev]  MSE: 1.00890, MAE: 0.72979
[Epoch 9] [Test] MSE: 0.97597, MAE: 0.71918

[Epoch 10/15] Training Loss: 0.74353	Elapsed Time: 1,726.11s (0:28:46)
[Epoch 10] [Dev]  MSE: 1.01352, MAE: 0.72949
[Epoch 10] [Test] MSE: 0.98118, MAE: 0.71876

[Epoch 11/15] Training Loss: 0.73433	Elapsed Time: 1,899.10s (0:31:39)
[Epoch 11] [Dev]  MSE: 1.00786, MAE: 0.73288
[Epoch 11] [Test] MSE: 0.97548, MAE: 0.72275

[Epoch 12/15] Training Loss: 0.72764	Elapsed Time: 2,072.13s (0:34:32)
[Epoch 12] [Dev]  MSE: 0.99847, MAE: 0.74260
[Epoch 12] [Test] MSE: 0.96900, MAE: 0.73345

[Epoch 13/15] Training Loss: 0.72249	Elapsed Time: 2,245.02s (0:37:25)
[Epoch 13] [Dev]  MSE: 0.99742, MAE: 0.74594
[Epoch 13] [Test] MSE: 0.97020, MAE: 0.73796

[Epoch 14/15] Training Loss: 0.73089	Elapsed Time: 2,417.98s (0:40:17)
[Epoch 14] [Dev]  MSE: 1.01169, MAE: 0.73379
[Epoch 14] [Test] MSE: 0.98100, MAE: 0.72413

[Epoch 15/15] Training Loss: 0.71484	Elapsed Time: 2,590.99s (0:43:10)
[Epoch 15] [Dev]  MSE: 1.00448, MAE: 0.73597
[Epoch 15] [Test] MSE: 0.97636, MAE: 0.72790
*** The Last MODEL saved to "./__saved_models__/Books - VANRA/Books_VANRA_1234_15.pth"

[Training Loss]
[1.40498, 1.05121, 0.94893, 0.88357, 0.8401, 0.80843, 0.78644, 0.76813, 0.75413, 0.74353, 0.73433, 0.72764, 0.72249, 0.73089, 0.71484]

[Dev MSE]
[1.02222, 0.99013, 0.98616, 0.99537, 0.99804, 0.98688, 1.00909, 1.00097, 1.0089, 1.01352, 1.00786, 0.99847, 0.99742, 1.01169, 1.00448]
[Test MSE]
[0.98244, 0.95408, 0.95157, 0.96003, 0.96314, 0.95639, 0.97666, 0.96864, 0.97597, 0.98118, 0.97548, 0.969, 0.9702, 0.981, 0.97636]
[Test MAE]
[0.76351, 0.74291, 0.73084, 0.72052, 0.72042, 0.73465, 0.71781, 0.72184, 0.71918, 0.71876, 0.72275, 0.73345, 0.73796, 0.72413, 0.7279]


Best Dev MSE: 0.98616 (Obtained during Evaluation #3)
Test MSE: 0.95157, Test MAE: 0.73084

End of Program! Elapsed Time: 2,687.54s (0:44:47)
