========================================================================================================================
  ARL_lr: 0.01
  ARL_path: 
  batch_size: 128
  channels_global: 100
  channels_local: 200
  command: -d Small_Clothing -m DAttn -e 10 -dr 0.9 -p 1 -v 43947 -K 5 -h1 50 -h2 50 -WED 300 -c_local 200 -c_global 100 -hiden_size 500 -output_size 50 -rs 1234 -gpu 0 -vb 1 -sm Small_Clothing_DAttn
  ctx_win_size: 3
  dataset: Small_Clothing
  disable_initial_eval: 0
  dropout_rate: 0.9
  epochs: 10
  filters_num: 100
  gpu: 0
  h1: 50
  h2: 50
  hidden_size: 500
  input_dir: ./datasets/Small_Clothing/
  L2_reg: 1e-06
  learning_rate: 0.002
  loss_function: MSELoss
  max_doc_len: 500
  max_vis_len: 500
  model: DAttn
  num_aspects: 5
  optimizer: Adam
  out_dir: ./experimental_results/Small_Clothing - DAttn/
  output_size: 50
  pretrained_src: 1
  random_seed: 1234
  save_model: Small_Clothing_DAttn
  use_cuda: True
  verbose: 1
  vocab_size: 43947
  word_embed_dim: 300
========================================================================================================================

[INFO] # of Users: 77,930, # of Items: 59,172

Creating model (Selected Model: DAttn)..
[args.use_cuda: True] Model is on the GPU! (args.gpu: 0, torch.cuda.current_device(): 0)
Model created! Elapsed Time: 2.24s (0.04 minute)

Loading uid_userDoc from "./datasets/Small_Clothing/Small_Clothing_uid_userDoc.npy"..
uid_userDoc loaded! [uid_userDoc: (77930, 500)]

Loading iid_itemDoc from "./datasets/Small_Clothing/Small_Clothing_iid_itemDoc.npy"..
iid_itemDoc loaded! [iid_itemDoc: (59172, 500)]

Loading pretrained word embeddings from "./datasets/Small_Clothing/Small_Clothing_wed300_wid_wordEmbed.npy"..
Pretrained word embeddings loaded! [wid_wEmbed: (43949, 300)]

Initialization Complete.. Elapsed Time: 2.63s (0.04 minute)

Train/Dev/Test splits loaded! |TRAIN|: 80,000, |DEV|: 150, |TEST|: 166
Train/Dev/Test splits loaded! Elapsed Time: 2.68s (0.04 minute)

Performing initial evaluation for VALIDATION set..
[Initial] [Dev]  MSE: 18.98943, MAE: 4.23138

Performing initial evaluation for TESTING set..
[Initial] [Test] MSE: 19.76138, MAE: 4.33015

Initial Evaluation Complete.. Elapsed Time: 2.99s (0.05 minute)

Optimizer: Adam, Loss Function: MSELoss

Model Size: 83,133,911
# of Trainable Parameters: 1,398,211
DAttn (
  (uid_userDoc): Embedding(77930, 500), weights = ((77930, 500),), parameters = 38,965,000
  (iid_itemDoc): Embedding(59172, 500), weights = ((59172, 500),), parameters = 29,586,000
  (wid_wEmbed): Embedding(43949, 300), weights = ((43949, 300),), parameters = 13,184,700
  (user_net): Net(
    (localAttentionLayer): LocalAttention(
      (attention_layers): ModuleList(
        (0): Sequential(
          (0): Conv2d(1, 1, kernel_size=(3, 300), stride=(1, 1), padding=(1, 0))
          (1): Softmax(dim=2)
        )
        (1): Sequential(
          (0): Conv2d(1, 1, kernel_size=(5, 300), stride=(1, 1), padding=(2, 0))
          (1): Softmax(dim=2)
        )
        (2): Sequential(
          (0): Conv2d(1, 1, kernel_size=(7, 300), stride=(1, 1), padding=(3, 0))
          (1): Softmax(dim=2)
        )
      )
    )
    (globalAttentionLayer): GlobalAttention(
      (attention_layer): Sequential(
        (0): Conv2d(1, 1, kernel_size=(500, 1), stride=(1, 1))
      )
    )
    (fcLayer): Sequential(
      (0): Linear(in_features=1200, out_features=500, bias=True)
      (1): Dropout(p=0.9, inplace=False)
      (2): ReLU()
      (3): Linear(in_features=500, out_features=50, bias=True)
    )
    (dropout): Dropout(p=0.9, inplace=False)
  ), weights = ((1, 1, 3, 300), (1,), (1, 1, 5, 300), (1,), (1, 1, 7, 300), (1,), (1, 1, 500, 1), (1,), (500, 1200), (500,), (50, 500), (50,)), parameters = 630,554 (Trainable)
  (item_net): Net(
    (localAttentionLayer): LocalAttention(
      (attention_layers): ModuleList(
        (0): Sequential(
          (0): Conv2d(1, 1, kernel_size=(3, 300), stride=(1, 1), padding=(1, 0))
          (1): Softmax(dim=2)
        )
        (1): Sequential(
          (0): Conv2d(1, 1, kernel_size=(5, 300), stride=(1, 1), padding=(2, 0))
          (1): Softmax(dim=2)
        )
        (2): Sequential(
          (0): Conv2d(1, 1, kernel_size=(7, 300), stride=(1, 1), padding=(3, 0))
          (1): Softmax(dim=2)
        )
      )
    )
    (globalAttentionLayer): GlobalAttention(
      (attention_layer): Sequential(
        (0): Conv2d(1, 1, kernel_size=(500, 1), stride=(1, 1))
      )
    )
    (fcLayer): Sequential(
      (0): Linear(in_features=1200, out_features=500, bias=True)
      (1): Dropout(p=0.9, inplace=False)
      (2): ReLU()
      (3): Linear(in_features=500, out_features=50, bias=True)
    )
    (dropout): Dropout(p=0.9, inplace=False)
  ), weights = ((1, 1, 3, 300), (1,), (1, 1, 5, 300), (1,), (1, 1, 7, 300), (1,), (1, 1, 500, 1), (1,), (500, 1200), (500,), (50, 500), (50,)), parameters = 630,554 (Trainable)
  (DAttn_RatingPred): DAttn_RatingPred(
    (uid_userOffset): Embedding(77930, 1)
    (iid_itemOffset): Embedding(59172, 1)
    (globalOffset): Parameter(1,)
  ), weights = ((1,), (77930, 1), (59172, 1)), parameters = 137,103 (Trainable)
)
========================================================================================================================

[Epoch 1/10] Training Loss: 3.21565	Elapsed Time: 68.62s (0:01:08)
[Epoch 1] [Dev]  MSE: 1.31302, MAE: 0.98221
[Epoch 1] [Test] MSE: 1.34208, MAE: 1.00749

*** MODEL has obtained the best DEV MSE of 1.31302 so far!
*** The Best MODEL saved to "./__saved_models__/Small_Clothing - DAttn/Small_Clothing_DAttn_1234.pth"

[Epoch 2/10] Training Loss: 1.32125	Elapsed Time: 137.45s (0:02:17)
[Epoch 2] [Dev]  MSE: 1.23917, MAE: 0.93655
[Epoch 2] [Test] MSE: 1.25185, MAE: 0.95028

*** MODEL has obtained the best DEV MSE of 1.23917 so far!
*** The Best MODEL saved to "./__saved_models__/Small_Clothing - DAttn/Small_Clothing_DAttn_1234.pth"

[Epoch 3/10] Training Loss: 1.04249	Elapsed Time: 207.83s (0:03:27)
[Epoch 3] [Dev]  MSE: 1.16203, MAE: 0.89096
[Epoch 3] [Test] MSE: 1.24566, MAE: 0.91621

*** MODEL has obtained the best DEV MSE of 1.16203 so far!
*** The Best MODEL saved to "./__saved_models__/Small_Clothing - DAttn/Small_Clothing_DAttn_1234.pth"

[Epoch 4/10] Training Loss: 1.37967	Elapsed Time: 278.37s (0:04:38)
[Epoch 4] [Dev]  MSE: 1.06552, MAE: 0.83438
[Epoch 4] [Test] MSE: 1.10982, MAE: 0.86848

*** MODEL has obtained the best DEV MSE of 1.06552 so far!
*** The Best MODEL saved to "./__saved_models__/Small_Clothing - DAttn/Small_Clothing_DAttn_1234.pth"
