========================================================================================================================
  ARL_lr: 0.01
  ARL_path: 
  batch_size: 128
  channels_global: 100
  channels_local: 200
  command: -d Small_Clothing -m DAttn -e 10 -dr 0.9 -WED 300 -K 5 -h1 50 -h2 50 -p 1 -v 43947 -rs 1337 -gpu 0 -vb 1 -sm Small_Clothing_DAttn
  ctx_win_size: 3
  dataset: Small_Clothing
  disable_initial_eval: 0
  dropout_rate: 0.9
  epochs: 10
  filters_num: 100
  gpu: 0
  h1: 50
  h2: 50
  hidden_size: 500
  input_dir: ./datasets/Small_Clothing/
  L2_reg: 1e-06
  learning_rate: 0.002
  loss_function: MSELoss
  max_doc_len: 500
  max_vis_len: 500
  model: DAttn
  num_aspects: 5
  optimizer: Adam
  out_dir: ./experimental_results/Small_Clothing - DAttn/
  output_size: 50
  pretrained_src: 1
  random_seed: 1337
  save_model: Small_Clothing_DAttn
  use_cuda: True
  verbose: 1
  vocab_size: 43947
  word_embed_dim: 300
========================================================================================================================

[INFO] # of Users: 77,930, # of Items: 59,172

Creating model (Selected Model: DAttn)..
[args.use_cuda: True] Model is on the GPU! (args.gpu: 0, torch.cuda.current_device(): 0)
Model created! Elapsed Time: 13.13s (0.22 minute)

Loading uid_userDoc from "./datasets/Small_Clothing/Small_Clothing_uid_userDoc.npy"..
uid_userDoc loaded! [uid_userDoc: (77930, 500)]

Loading iid_itemDoc from "./datasets/Small_Clothing/Small_Clothing_iid_itemDoc.npy"..
iid_itemDoc loaded! [iid_itemDoc: (59172, 500)]

Loading pretrained word embeddings from "./datasets/Small_Clothing/Small_Clothing_wed300_wid_wordEmbed.npy"..
Pretrained word embeddings loaded! [wid_wEmbed: (43949, 300)]

Initialization Complete.. Elapsed Time: 25.02s (0.42 minute)

Train/Dev/Test splits loaded! |TRAIN|: 80,000, |DEV|: 150, |TEST|: 166
Train/Dev/Test splits loaded! Elapsed Time: 25.31s (0.42 minute)

Performing initial evaluation for VALIDATION set..
[Initial] [Dev]  MSE: 18.82347, MAE: 4.21165

Performing initial evaluation for TESTING set..
[Initial] [Test] MSE: 19.53226, MAE: 4.30269

Initial Evaluation Complete.. Elapsed Time: 27.25s (0.45 minute)

Optimizer: Adam, Loss Function: MSELoss

Model Size: 81,935,707
# of Trainable Parameters: 200,007
DAttn (
  (uid_userDoc): Embedding(77930, 500), weights = ((77930, 500),), parameters = 38,965,000
  (iid_itemDoc): Embedding(59172, 500), weights = ((59172, 500),), parameters = 29,586,000
  (wid_wEmbed): Embedding(43949, 300), weights = ((43949, 300),), parameters = 13,184,700
  (user_net): Net(
    (localAttentionLayer): LocalAttention(
      (attention_layer): Sequential(
        (0): Conv2d(1, 1, kernel_size=(3, 300), stride=(1, 1), padding=(1, 0))
        (1): Softmax(dim=2)
      )
    )
    (globalAttentionLayer): GlobalAttention(
      (attention_layer): Sequential(
        (0): Conv2d(1, 1, kernel_size=(500, 1), stride=(1, 1))
      )
    )
    (fcLayer): Sequential(
      (0): Dropout(p=0.9, inplace=False)
      (1): Linear(in_features=600, out_features=50, bias=True)
    )
    (dropout): Dropout(p=0.9, inplace=False)
  ), weights = ((1, 1, 3, 300), (1,), (1, 1, 500, 1), (1,), (50, 600), (50,)), parameters = 31,452 (Trainable)
  (item_net): Net(
    (localAttentionLayer): LocalAttention(
      (attention_layer): Sequential(
        (0): Conv2d(1, 1, kernel_size=(3, 300), stride=(1, 1), padding=(1, 0))
        (1): Softmax(dim=2)
      )
    )
    (globalAttentionLayer): GlobalAttention(
      (attention_layer): Sequential(
        (0): Conv2d(1, 1, kernel_size=(500, 1), stride=(1, 1))
      )
    )
    (fcLayer): Sequential(
      (0): Dropout(p=0.9, inplace=False)
      (1): Linear(in_features=600, out_features=50, bias=True)
    )
    (dropout): Dropout(p=0.9, inplace=False)
  ), weights = ((1, 1, 3, 300), (1,), (1, 1, 500, 1), (1,), (50, 600), (50,)), parameters = 31,452 (Trainable)
  (DAttn_RatingPred): DAttn_RatingPred(
    (uid_userOffset): Embedding(77930, 1)
    (iid_itemOffset): Embedding(59172, 1)
    (globalOffset): Parameter(1,)
  ), weights = ((1,), (77930, 1), (59172, 1)), parameters = 137,103 (Trainable)
)
========================================================================================================================

[Epoch 1/10] Training Loss: 4.94405	Elapsed Time: 23.93s (0:00:23)
[Epoch 1] [Dev]  MSE: 1.07390, MAE: 0.84043
[Epoch 1] [Test] MSE: 1.04471, MAE: 0.83603

*** MODEL has obtained the best DEV MSE of 1.07390 so far!
*** The Best MODEL saved to "./__saved_models__/Small_Clothing - DAttn/Small_Clothing_DAttn_1337.pth"

[Epoch 2/10] Training Loss: 1.50922	Elapsed Time: 48.13s (0:00:48)
[Epoch 2] [Dev]  MSE: 1.05131, MAE: 0.83141
[Epoch 2] [Test] MSE: 1.02086, MAE: 0.82023

*** MODEL has obtained the best DEV MSE of 1.05131 so far!
*** The Best MODEL saved to "./__saved_models__/Small_Clothing - DAttn/Small_Clothing_DAttn_1337.pth"

[Epoch 3/10] Training Loss: 1.36962	Elapsed Time: 72.70s (0:01:12)
[Epoch 3] [Dev]  MSE: 1.04735, MAE: 0.82183
[Epoch 3] [Test] MSE: 1.00497, MAE: 0.80715

*** MODEL has obtained the best DEV MSE of 1.04735 so far!
*** The Best MODEL saved to "./__saved_models__/Small_Clothing - DAttn/Small_Clothing_DAttn_1337.pth"

[Epoch 4/10] Training Loss: 1.21644	Elapsed Time: 97.27s (0:01:37)
[Epoch 4] [Dev]  MSE: 1.03730, MAE: 0.81965
[Epoch 4] [Test] MSE: 1.02407, MAE: 0.82093

*** MODEL has obtained the best DEV MSE of 1.03730 so far!
*** The Best MODEL saved to "./__saved_models__/Small_Clothing - DAttn/Small_Clothing_DAttn_1337.pth"

[Epoch 5/10] Training Loss: 1.09798	Elapsed Time: 121.36s (0:02:01)
[Epoch 5] [Dev]  MSE: 1.02657, MAE: 0.81574
[Epoch 5] [Test] MSE: 1.03066, MAE: 0.82507

*** MODEL has obtained the best DEV MSE of 1.02657 so far!
*** The Best MODEL saved to "./__saved_models__/Small_Clothing - DAttn/Small_Clothing_DAttn_1337.pth"

[Epoch 6/10] Training Loss: 0.98560	Elapsed Time: 146.11s (0:02:26)
[Epoch 6] [Dev]  MSE: 1.02250, MAE: 0.79131
[Epoch 6] [Test] MSE: 1.02048, MAE: 0.80284

*** MODEL has obtained the best DEV MSE of 1.02250 so far!
*** The Best MODEL saved to "./__saved_models__/Small_Clothing - DAttn/Small_Clothing_DAttn_1337.pth"

[Epoch 7/10] Training Loss: 0.88631	Elapsed Time: 170.81s (0:02:50)
[Epoch 7] [Dev]  MSE: 1.03817, MAE: 0.80578
[Epoch 7] [Test] MSE: 1.08830, MAE: 0.83708

[Epoch 8/10] Training Loss: 0.80265	Elapsed Time: 195.74s (0:03:15)
[Epoch 8] [Dev]  MSE: 1.04047, MAE: 0.80477
[Epoch 8] [Test] MSE: 1.09612, MAE: 0.84463

[Epoch 9/10] Training Loss: 0.74786	Elapsed Time: 220.52s (0:03:40)
[Epoch 9] [Dev]  MSE: 1.08688, MAE: 0.78495
[Epoch 9] [Test] MSE: 1.10243, MAE: 0.81247

[Epoch 10/10] Training Loss: 113.93682	Elapsed Time: 245.00s (0:04:04)
[Epoch 10] [Dev]  MSE: 1.13608, MAE: 0.86115
[Epoch 10] [Test] MSE: 1.21735, MAE: 0.92382
*** The Last MODEL saved to "./__saved_models__/Small_Clothing - DAttn/Small_Clothing_DAttn_1337_10.pth"

[Training Loss]
[4.94405, 1.50922, 1.36962, 1.21644, 1.09798, 0.9856, 0.88631, 0.80265, 0.74786, 113.93682]

[Dev MSE]
[1.0739, 1.05131, 1.04735, 1.0373, 1.02657, 1.0225, 1.03817, 1.04047, 1.08688, 1.13608]
[Test MSE]
[1.04471, 1.02086, 1.00497, 1.02407, 1.03066, 1.02048, 1.0883, 1.09612, 1.10243, 1.21735]
[Test MAE]
[0.83603, 0.82023, 0.80715, 0.82093, 0.82507, 0.80284, 0.83708, 0.84463, 0.81247, 0.92382]


Best Dev MSE: 1.02250 (Obtained during Evaluation #6)
Test MSE: 1.02048, Test MAE: 0.80284

End of Program! Elapsed Time: 272.31s (0:04:32)
