========================================================================================================================
  ARL_lr: 0.01
  ARL_path: 
  batch_size: 128
  channels_global: 1
  channels_local: 1
  command: -d Small_Clothing -m DAttn -e 10 -dr 0.9 -p 1 -v 43947 -K 5 -h1 50 -h2 50 -WED 100 -c_local 1 -c_global 1 -hiden_size 500 -output_size 50 -rs 1234 -gpu 0 -vb 1 -sm Small_Clothing
  ctx_win_size: 3
  dataset: Small_Clothing
  disable_initial_eval: 0
  dropout_rate: 0.9
  epochs: 10
  filters_num: 100
  gpu: 0
  h1: 50
  h2: 50
  hidden_size: 500
  input_dir: ./datasets/Small_Clothing/
  L2_reg: 1e-06
  learning_rate: 0.002
  loss_function: MSELoss
  max_doc_len: 500
  max_vis_len: 500
  model: DAttn
  num_aspects: 5
  optimizer: Adam
  out_dir: ./experimental_results/Small_Clothing - DAttn/
  output_size: 50
  pretrained_src: 1
  random_seed: 1234
  save_model: Small_Clothing
  use_cuda: True
  verbose: 1
  vocab_size: 43947
  word_embed_dim: 100
========================================================================================================================

[INFO] # of Users: 77,930, # of Items: 59,172

Creating model (Selected Model: DAttn)..
[args.use_cuda: True] Model is on the GPU! (args.gpu: 0, torch.cuda.current_device(): 0)
Model created! Elapsed Time: 1.81s (0.03 minute)

Loading uid_userDoc from "./datasets/Small_Clothing/Small_Clothing_uid_userDoc.npy"..
uid_userDoc loaded! [uid_userDoc: (77930, 500)]

Loading iid_itemDoc from "./datasets/Small_Clothing/Small_Clothing_iid_itemDoc.npy"..
iid_itemDoc loaded! [iid_itemDoc: (59172, 500)]

Loading pretrained word embeddings from "./datasets/Small_Clothing/Small_Clothing_wed100_wid_wordEmbed.npy"..
Pretrained word embeddings loaded! [wid_wEmbed: (43949, 100)]

Initialization Complete.. Elapsed Time: 2.09s (0.03 minute)

Train/Dev/Test splits loaded! |TRAIN|: 80,000, |DEV|: 150, |TEST|: 166
Train/Dev/Test splits loaded! Elapsed Time: 2.11s (0.04 minute)

Performing initial evaluation for VALIDATION set..
[Initial] [Dev]  MSE: 16.79168, MAE: 3.88288

Performing initial evaluation for TESTING set..
[Initial] [Test] MSE: 16.98733, MAE: 3.95020

Initial Evaluation Complete.. Elapsed Time: 2.32s (0.04 minute)

Optimizer: Adam, Loss Function: MSELoss

Model Size: 75,237,919
# of Trainable Parameters: 2,292,019
DAttn (
  (uid_userDoc): Embedding(77930, 500), weights = ((77930, 500),), parameters = 38,965,000
  (iid_itemDoc): Embedding(59172, 500), weights = ((59172, 500),), parameters = 29,586,000
  (wid_wEmbed): Embedding(43949, 100), weights = ((43949, 100),), parameters = 4,394,900
  (user_net): Net(
    (localAttentionLayer): LocalAttention(
      (attention_layers): ModuleList(
        (0): Sequential(
          (0): Conv2d(1, 1, kernel_size=(3, 100), stride=(1, 1), padding=(1, 0))
          (1): Sigmoid()
        )
        (1): Sequential(
          (0): Conv2d(1, 1, kernel_size=(5, 100), stride=(1, 1), padding=(2, 0))
          (1): Sigmoid()
        )
        (2): Sequential(
          (0): Conv2d(1, 1, kernel_size=(7, 100), stride=(1, 1), padding=(3, 0))
          (1): Sigmoid()
        )
      )
      (convs): ModuleList(
        (0): Sequential(
          (0): Conv2d(1, 1, kernel_size=(1, 100), stride=(1, 1))
          (1): Tanh()
        )
        (1): Sequential(
          (0): Conv2d(1, 1, kernel_size=(1, 100), stride=(1, 1))
          (1): Tanh()
        )
        (2): Sequential(
          (0): Conv2d(1, 1, kernel_size=(1, 100), stride=(1, 1))
          (1): Tanh()
        )
      )
    )
    (globalAttentionLayer): GlobalAttention(
      (attention_layer): Sequential(
        (0): Conv2d(1, 1, kernel_size=(500, 100), stride=(1, 1))
        (1): Sigmoid()
      )
      (cnn): Sequential(
        (0): Conv2d(1, 1, kernel_size=(1, 100), stride=(1, 1))
        (1): Tanh()
      )
    )
    (fcLayer): Sequential(
      (0): Linear(in_features=2000, out_features=500, bias=True)
      (1): Dropout(p=0.9, inplace=False)
      (2): ReLU()
      (3): Linear(in_features=500, out_features=50, bias=True)
    )
    (dropout): Dropout(p=0.9, inplace=False)
  ), weights = ((1, 1, 3, 100), (1,), (1, 1, 5, 100), (1,), (1, 1, 7, 100), (1,), (1, 1, 1, 100), (1,), (1, 1, 1, 100), (1,), (1, 1, 1, 100), (1,), (1, 1, 500, 100), (1,), (1, 1, 1, 100), (1,), (500, 2000), (500,), (50, 500), (50,)), parameters = 1,077,458 (Trainable)
  (item_net): Net(
    (localAttentionLayer): LocalAttention(
      (attention_layers): ModuleList(
        (0): Sequential(
          (0): Conv2d(1, 1, kernel_size=(3, 100), stride=(1, 1), padding=(1, 0))
          (1): Sigmoid()
        )
        (1): Sequential(
          (0): Conv2d(1, 1, kernel_size=(5, 100), stride=(1, 1), padding=(2, 0))
          (1): Sigmoid()
        )
        (2): Sequential(
          (0): Conv2d(1, 1, kernel_size=(7, 100), stride=(1, 1), padding=(3, 0))
          (1): Sigmoid()
        )
      )
      (convs): ModuleList(
        (0): Sequential(
          (0): Conv2d(1, 1, kernel_size=(1, 100), stride=(1, 1))
          (1): Tanh()
        )
        (1): Sequential(
          (0): Conv2d(1, 1, kernel_size=(1, 100), stride=(1, 1))
          (1): Tanh()
        )
        (2): Sequential(
          (0): Conv2d(1, 1, kernel_size=(1, 100), stride=(1, 1))
          (1): Tanh()
        )
      )
    )
    (globalAttentionLayer): GlobalAttention(
      (attention_layer): Sequential(
        (0): Conv2d(1, 1, kernel_size=(500, 100), stride=(1, 1))
        (1): Sigmoid()
      )
      (cnn): Sequential(
        (0): Conv2d(1, 1, kernel_size=(1, 100), stride=(1, 1))
        (1): Tanh()
      )
    )
    (fcLayer): Sequential(
      (0): Linear(in_features=2000, out_features=500, bias=True)
      (1): Dropout(p=0.9, inplace=False)
      (2): ReLU()
      (3): Linear(in_features=500, out_features=50, bias=True)
    )
    (dropout): Dropout(p=0.9, inplace=False)
  ), weights = ((1, 1, 3, 100), (1,), (1, 1, 5, 100), (1,), (1, 1, 7, 100), (1,), (1, 1, 1, 100), (1,), (1, 1, 1, 100), (1,), (1, 1, 1, 100), (1,), (1, 1, 500, 100), (1,), (1, 1, 1, 100), (1,), (500, 2000), (500,), (50, 500), (50,)), parameters = 1,077,458 (Trainable)
  (DAttn_RatingPred): DAttn_RatingPred(
    (uid_userOffset): Embedding(77930, 1)
    (iid_itemOffset): Embedding(59172, 1)
    (globalOffset): Parameter(1,)
  ), weights = ((1,), (77930, 1), (59172, 1)), parameters = 137,103 (Trainable)
)
========================================================================================================================

[Epoch 1/10] Training Loss: 27.65523	Elapsed Time: 35.90s (0:00:35)
[Epoch 1] [Dev]  MSE: 5.31064, MAE: 2.13590
[Epoch 1] [Test] MSE: 5.70463, MAE: 2.24655

*** MODEL has obtained the best DEV MSE of 5.31064 so far!
*** The Best MODEL saved to "./__saved_models__/Small_Clothing - DAttn/Small_Clothing_1234.pth"

[Epoch 2/10] Training Loss: 2.53589	Elapsed Time: 71.79s (0:01:11)
[Epoch 2] [Dev]  MSE: 2.32503, MAE: 1.37837
[Epoch 2] [Test] MSE: 2.53995, MAE: 1.46311

*** MODEL has obtained the best DEV MSE of 2.32503 so far!
*** The Best MODEL saved to "./__saved_models__/Small_Clothing - DAttn/Small_Clothing_1234.pth"

[Epoch 3/10] Training Loss: 1.69167	Elapsed Time: 107.73s (0:01:47)
[Epoch 3] [Dev]  MSE: 1.49872, MAE: 1.10794
[Epoch 3] [Test] MSE: 1.61818, MAE: 1.16141

*** MODEL has obtained the best DEV MSE of 1.49872 so far!
*** The Best MODEL saved to "./__saved_models__/Small_Clothing - DAttn/Small_Clothing_1234.pth"

[Epoch 4/10] Training Loss: 1.34902	Elapsed Time: 143.69s (0:02:23)
[Epoch 4] [Dev]  MSE: 1.14276, MAE: 0.90712
[Epoch 4] [Test] MSE: 1.19747, MAE: 0.93476

*** MODEL has obtained the best DEV MSE of 1.14276 so far!
*** The Best MODEL saved to "./__saved_models__/Small_Clothing - DAttn/Small_Clothing_1234.pth"

[Epoch 5/10] Training Loss: 1.17851	Elapsed Time: 179.65s (0:02:59)
[Epoch 5] [Dev]  MSE: 1.06520, MAE: 0.85182
[Epoch 5] [Test] MSE: 1.09728, MAE: 0.87306

*** MODEL has obtained the best DEV MSE of 1.06520 so far!
*** The Best MODEL saved to "./__saved_models__/Small_Clothing - DAttn/Small_Clothing_1234.pth"

[Epoch 6/10] Training Loss: 1.05510	Elapsed Time: 215.58s (0:03:35)
[Epoch 6] [Dev]  MSE: 1.04407, MAE: 0.83116
[Epoch 6] [Test] MSE: 1.07273, MAE: 0.85221

*** MODEL has obtained the best DEV MSE of 1.04407 so far!
*** The Best MODEL saved to "./__saved_models__/Small_Clothing - DAttn/Small_Clothing_1234.pth"

[Epoch 7/10] Training Loss: 0.94792	Elapsed Time: 251.56s (0:04:11)
[Epoch 7] [Dev]  MSE: 1.03818, MAE: 0.81796
[Epoch 7] [Test] MSE: 1.07614, MAE: 0.84365

*** MODEL has obtained the best DEV MSE of 1.03818 so far!
*** The Best MODEL saved to "./__saved_models__/Small_Clothing - DAttn/Small_Clothing_1234.pth"

[Epoch 8/10] Training Loss: 0.84935	Elapsed Time: 287.57s (0:04:47)
[Epoch 8] [Dev]  MSE: 1.04508, MAE: 0.81729
[Epoch 8] [Test] MSE: 1.10001, MAE: 0.85405

[Epoch 9/10] Training Loss: 0.75848	Elapsed Time: 323.53s (0:05:23)
[Epoch 9] [Dev]  MSE: 1.04471, MAE: 0.80218
[Epoch 9] [Test] MSE: 1.10778, MAE: 0.84435

[Epoch 10/10] Training Loss: 0.67412	Elapsed Time: 359.46s (0:05:59)
[Epoch 10] [Dev]  MSE: 1.05550, MAE: 0.80342
[Epoch 10] [Test] MSE: 1.13829, MAE: 0.85509
*** The Last MODEL saved to "./__saved_models__/Small_Clothing - DAttn/Small_Clothing_1234_10.pth"

[Training Loss]
[27.65523, 2.53589, 1.69167, 1.34902, 1.17851, 1.0551, 0.94792, 0.84935, 0.75848, 0.67412]

[Dev MSE]
[5.31064, 2.32503, 1.49872, 1.14276, 1.0652, 1.04407, 1.03818, 1.04508, 1.04471, 1.0555]
[Test MSE]
[5.70463, 2.53995, 1.61818, 1.19747, 1.09728, 1.07273, 1.07614, 1.10001, 1.10778, 1.13829]
[Test MAE]
[2.24655, 1.46311, 1.16141, 0.93476, 0.87306, 0.85221, 0.84365, 0.85405, 0.84435, 0.85509]


Best Dev MSE: 1.03818 (Obtained during Evaluation #7)
Test MSE: 1.07614, Test MAE: 0.84365

End of Program! Elapsed Time: 361.91s (0:06:01)
