========================================================================================================================
  ARL_lr: 0.01
  ARL_path: 
  batch_size: 128
  channels_global: 2
  channels_local: 2
  command: -d Small_Clothing -m DAttn -e 20 -dr 0.9 -lr 6E-3 -p 1 -v 43947 -K 5 -h1 10 -h2 50 -c_local 2 -c_global 2 -hiden_size 200 -output_size 50 -rs 1234 -gpu 0 -vb 1 -sm Small_Clothing_DAttn
  ctx_win_size: 3
  dataset: Small_Clothing
  disable_initial_eval: 0
  dropout_rate: 0.9
  epochs: 20
  gpu: 0
  h1: 10
  h2: 50
  hidden_size: 200
  input_dir: ./datasets/Small_Clothing/
  L2_reg: 1e-06
  learning_rate: 0.006
  loss_function: MSELoss
  max_doc_len: 500
  max_vis_len: 500
  model: DAttn
  num_aspects: 5
  optimizer: Adam
  out_dir: ./experimental_results/Small_Clothing - DAttn/
  output_size: 50
  pretrained_src: 1
  random_seed: 1234
  save_model: Small_Clothing_DAttn
  use_cuda: True
  verbose: 1
  vocab_size: 43947
  word_embed_dim: 300
========================================================================================================================

[INFO] # of Users: 77,930, # of Items: 59,172

Creating model (Selected Model: DAttn)..
[args.use_cuda: True] Model is on the GPU! (args.gpu: 0, torch.cuda.current_device(): 0)
Model created! Elapsed Time: 1.86s (0.03 minute)

Loading uid_userDoc from "./datasets/Small_Clothing/Small_Clothing_uid_userDoc.npy"..
uid_userDoc loaded! [uid_userDoc: (77930, 500)]

Loading iid_itemDoc from "./datasets/Small_Clothing/Small_Clothing_iid_itemDoc.npy"..
iid_itemDoc loaded! [iid_itemDoc: (59172, 500)]

Loading pretrained word embeddings from "./datasets/Small_Clothing/Small_Clothing_wid_wordEmbed.npy"..
Pretrained word embeddings loaded! [wid_wEmbed: (43949, 300)]

Initialization Complete.. Elapsed Time: 2.11s (0.04 minute)

Train/Dev/Test splits loaded! |TRAIN|: 80,000, |DEV|: 150, |TEST|: 166
Train/Dev/Test splits loaded! Elapsed Time: 2.13s (0.04 minute)

Performing initial evaluation for VALIDATION set..
[Initial] [Dev]  MSE: 18.24815, MAE: 4.14235

Performing initial evaluation for TESTING set..
[Initial] [Test] MSE: 18.98175, MAE: 4.23970

Initial Evaluation Complete.. Elapsed Time: 2.30s (0.04 minute)

Optimizer: Adam, Loss Function: MSELoss

Model Size: 83,601,619
# of Trainable Parameters: 1,865,919
DAttn (
  (uid_userDoc): Embedding(77930, 500), weights = ((77930, 500),), parameters = 38,965,000
  (iid_itemDoc): Embedding(59172, 500), weights = ((59172, 500),), parameters = 29,586,000
  (wid_wEmbed): Embedding(43949, 300), weights = ((43949, 300),), parameters = 13,184,700
  (DAttn_RatingPred): DAttn_RatingPred(
    (uid_userOffset): Embedding(77930, 1)
    (iid_itemOffset): Embedding(59172, 1)
    (globalOffset): Parameter(1,)
  ), weights = ((1,), (77930, 1), (59172, 1)), parameters = 137,103 (Trainable)
  (localAttentionLayer_user): LocalAttention(
    (attention_layer): Sequential(
      (0): Conv2d(1, 1, kernel_size=(3, 1), stride=(1, 1))
      (1): Softmax(dim=2)
    )
    (cnn): Sequential(
      (0): Conv2d(1, 2, kernel_size=(1, 1), stride=(1, 1))
      (1): Tanh()
    )
    (fcLayer): Sequential(
      (0): Linear(in_features=1000, out_features=200, bias=True)
      (1): Dropout(p=0.9, inplace=False)
      (2): ReLU()
      (3): Linear(in_features=200, out_features=50, bias=True)
    )
  ), weights = ((1, 1, 3, 1), (1,), (2, 1, 1, 1), (2,), (200, 1000), (200,), (50, 200), (50,)), parameters = 210,258 (Trainable)
  (globalAttentionLayer_user): GlobalAttention(
    (attention_layer): Sequential(
      (0): Conv2d(1, 1, kernel_size=(500, 1), stride=(1, 1))
      (1): Sigmoid()
    )
    (cnn_1): Sequential(
      (0): Conv2d(1, 2, kernel_size=(2, 1), stride=(1, 1))
      (1): Tanh()
    )
    (fcLayer1): Sequential(
      (0): Linear(in_features=998, out_features=200, bias=True)
      (1): Dropout(p=0.9, inplace=False)
      (2): ReLU()
      (3): Linear(in_features=200, out_features=50, bias=True)
    )
    (cnn_2): Sequential(
      (0): Conv2d(1, 2, kernel_size=(3, 1), stride=(1, 1))
      (1): Tanh()
    )
    (fcLayer2): Sequential(
      (0): Linear(in_features=996, out_features=200, bias=True)
      (1): Dropout(p=0.9, inplace=False)
      (2): ReLU()
      (3): Linear(in_features=200, out_features=50, bias=True)
    )
    (cnn_3): Sequential(
      (0): Conv2d(1, 2, kernel_size=(4, 1), stride=(1, 1))
      (1): Tanh()
    )
    (fcLayer3): Sequential(
      (0): Linear(in_features=994, out_features=200, bias=True)
      (1): Dropout(p=0.9, inplace=False)
      (2): ReLU()
      (3): Linear(in_features=200, out_features=50, bias=True)
    )
  ), weights = ((1, 1, 500, 1), (1,), (2, 1, 2, 1), (2,), (200, 998), (200,), (50, 200), (50,), (2, 1, 3, 1), (2,), (200, 996), (200,), (50, 200), (50,), (2, 1, 4, 1), (2,), (200, 994), (200,), (50, 200), (50,)), parameters = 628,875 (Trainable)
  (localAttentionLayer_item): LocalAttention(
    (attention_layer): Sequential(
      (0): Conv2d(1, 1, kernel_size=(3, 1), stride=(1, 1))
      (1): Softmax(dim=2)
    )
    (cnn): Sequential(
      (0): Conv2d(1, 2, kernel_size=(1, 1), stride=(1, 1))
      (1): Tanh()
    )
    (fcLayer): Sequential(
      (0): Linear(in_features=1000, out_features=200, bias=True)
      (1): Dropout(p=0.9, inplace=False)
      (2): ReLU()
      (3): Linear(in_features=200, out_features=50, bias=True)
    )
  ), weights = ((1, 1, 3, 1), (1,), (2, 1, 1, 1), (2,), (200, 1000), (200,), (50, 200), (50,)), parameters = 210,258 (Trainable)
  (globalAttentionLayer_item): GlobalAttention(
    (attention_layer): Sequential(
      (0): Conv2d(1, 1, kernel_size=(500, 1), stride=(1, 1))
      (1): Sigmoid()
    )
    (cnn_1): Sequential(
      (0): Conv2d(1, 2, kernel_size=(2, 1), stride=(1, 1))
      (1): Tanh()
    )
    (fcLayer1): Sequential(
      (0): Linear(in_features=998, out_features=200, bias=True)
      (1): Dropout(p=0.9, inplace=False)
      (2): ReLU()
      (3): Linear(in_features=200, out_features=50, bias=True)
    )
    (cnn_2): Sequential(
      (0): Conv2d(1, 2, kernel_size=(3, 1), stride=(1, 1))
      (1): Tanh()
    )
    (fcLayer2): Sequential(
      (0): Linear(in_features=996, out_features=200, bias=True)
      (1): Dropout(p=0.9, inplace=False)
      (2): ReLU()
      (3): Linear(in_features=200, out_features=50, bias=True)
    )
    (cnn_3): Sequential(
      (0): Conv2d(1, 2, kernel_size=(4, 1), stride=(1, 1))
      (1): Tanh()
    )
    (fcLayer3): Sequential(
      (0): Linear(in_features=994, out_features=200, bias=True)
      (1): Dropout(p=0.9, inplace=False)
      (2): ReLU()
      (3): Linear(in_features=200, out_features=50, bias=True)
    )
  ), weights = ((1, 1, 500, 1), (1,), (2, 1, 2, 1), (2,), (200, 998), (200,), (50, 200), (50,), (2, 1, 3, 1), (2,), (200, 996), (200,), (50, 200), (50,), (2, 1, 4, 1), (2,), (200, 994), (200,), (50, 200), (50,)), parameters = 628,875 (Trainable)
  (fcLayer): Sequential (
    (0): Linear(in_features=200, out_features=200, bias=True), weights = ((200, 200), (200,)), parameters = 40,200 (Trainable)
    (1): ReLU(), weights = (), parameters = 0
    (2): Linear(in_features=200, out_features=50, bias=True), weights = ((50, 200), (50,)), parameters = 10,050 (Trainable)
  ), weights = ((200, 200), (200,), (50, 200), (50,)), parameters = 50,250 (Trainable)
)
========================================================================================================================

[Epoch 1/20] Training Loss: 1577.84430	Elapsed Time: 17.90s (0:00:17)
[Epoch 1] [Dev]  MSE: 15.96500, MAE: 3.85830
[Epoch 1] [Test] MSE: 16.67261, MAE: 3.95864

*** MODEL has obtained the best DEV MSE of 15.96500 so far!
*** The Best MODEL saved to "./__saved_models__/Small_Clothing - DAttn/Small_Clothing_DAttn_1234.pth"

[Epoch 2/20] Training Loss: 1.47700	Elapsed Time: 35.82s (0:00:35)
[Epoch 2] [Dev]  MSE: 15.73996, MAE: 3.83250
[Epoch 2] [Test] MSE: 16.48192, MAE: 3.93551

*** MODEL has obtained the best DEV MSE of 15.73996 so far!
*** The Best MODEL saved to "./__saved_models__/Small_Clothing - DAttn/Small_Clothing_DAttn_1234.pth"

[Epoch 3/20] Training Loss: 1.12262	Elapsed Time: 53.69s (0:00:53)
[Epoch 3] [Dev]  MSE: 15.33727, MAE: 3.77933
[Epoch 3] [Test] MSE: 16.08731, MAE: 3.88017

*** MODEL has obtained the best DEV MSE of 15.33727 so far!
*** The Best MODEL saved to "./__saved_models__/Small_Clothing - DAttn/Small_Clothing_DAttn_1234.pth"
