========================================================================================================================
  ARL_lr: 0.01
  ARL_path: 
  batch_size: 128
  channels_global: 100
  channels_local: 200
  command: -d Small_Clothing -m DAttn -e 20 -dr 0.9 -p 1 -v 43947 -K 5 -h1 50 -h2 50 -WED 300 -c_local 200 -c_global 100 -hiden_size 500 -output_size 50 -rs 1234 -gpu 0 -vb 1 -sm Small_Clothing
  ctx_win_size: 3
  dataset: Small_Clothing
  disable_initial_eval: 0
  dropout_rate: 0.9
  epochs: 20
  filters_num: 100
  gpu: 0
  h1: 50
  h2: 50
  hidden_size: 500
  input_dir: ./datasets/Small_Clothing/
  L2_reg: 1e-06
  learning_rate: 0.002
  loss_function: MSELoss
  max_doc_len: 500
  max_vis_len: 500
  model: DAttn
  num_aspects: 5
  optimizer: Adam
  out_dir: ./experimental_results/Small_Clothing - DAttn/
  output_size: 50
  pretrained_src: 1
  random_seed: 1234
  save_model: Small_Clothing
  use_cuda: True
  verbose: 1
  vocab_size: 43947
  word_embed_dim: 300
========================================================================================================================

[INFO] # of Users: 77,930, # of Items: 59,172

Creating model (Selected Model: DAttn)..
[args.use_cuda: True] Model is on the GPU! (args.gpu: 0, torch.cuda.current_device(): 0)
Model created! Elapsed Time: 1.91s (0.03 minute)

Loading uid_userDoc from "./datasets/Small_Clothing/Small_Clothing_uid_userDoc.npy"..
uid_userDoc loaded! [uid_userDoc: (77930, 500)]

Loading iid_itemDoc from "./datasets/Small_Clothing/Small_Clothing_iid_itemDoc.npy"..
iid_itemDoc loaded! [iid_itemDoc: (59172, 500)]

Loading pretrained word embeddings from "./datasets/Small_Clothing/Small_Clothing_wed300_wid_wordEmbed.npy"..
Pretrained word embeddings loaded! [wid_wEmbed: (43949, 300)]

Initialization Complete.. Elapsed Time: 2.16s (0.04 minute)

Train/Dev/Test splits loaded! |TRAIN|: 80,000, |DEV|: 150, |TEST|: 166
Train/Dev/Test splits loaded! Elapsed Time: 2.18s (0.04 minute)

Performing initial evaluation for VALIDATION set..
[Initial] [Dev]  MSE: 18.98943, MAE: 4.23138

Performing initial evaluation for TESTING set..
[Initial] [Test] MSE: 19.76138, MAE: 4.33015

Initial Evaluation Complete.. Elapsed Time: 2.40s (0.04 minute)

Optimizer: Adam, Loss Function: MSELoss

Model Size: 83,133,911
# of Trainable Parameters: 1,398,211
DAttn (
  (uid_userDoc): Embedding(77930, 500), weights = ((77930, 500),), parameters = 38,965,000
  (iid_itemDoc): Embedding(59172, 500), weights = ((59172, 500),), parameters = 29,586,000
  (wid_wEmbed): Embedding(43949, 300), weights = ((43949, 300),), parameters = 13,184,700
  (user_net): Net(
    (localAttentionLayer): LocalAttention(
      (attention_layers): ModuleList(
        (0): Sequential(
          (0): Conv2d(1, 1, kernel_size=(3, 300), stride=(1, 1), padding=(1, 0))
          (1): Softmax(dim=2)
        )
        (1): Sequential(
          (0): Conv2d(1, 1, kernel_size=(5, 300), stride=(1, 1), padding=(2, 0))
          (1): Softmax(dim=2)
        )
        (2): Sequential(
          (0): Conv2d(1, 1, kernel_size=(7, 300), stride=(1, 1), padding=(3, 0))
          (1): Softmax(dim=2)
        )
      )
    )
    (globalAttentionLayer): GlobalAttention(
      (attention_layer): Sequential(
        (0): Conv2d(1, 1, kernel_size=(500, 1), stride=(1, 1))
      )
    )
    (fcLayer): Sequential(
      (0): Linear(in_features=1200, out_features=500, bias=True)
      (1): Dropout(p=0.9, inplace=False)
      (2): ReLU()
      (3): Linear(in_features=500, out_features=50, bias=True)
    )
    (dropout): Dropout(p=0.9, inplace=False)
  ), weights = ((1, 1, 3, 300), (1,), (1, 1, 5, 300), (1,), (1, 1, 7, 300), (1,), (1, 1, 500, 1), (1,), (500, 1200), (500,), (50, 500), (50,)), parameters = 630,554 (Trainable)
  (item_net): Net(
    (localAttentionLayer): LocalAttention(
      (attention_layers): ModuleList(
        (0): Sequential(
          (0): Conv2d(1, 1, kernel_size=(3, 300), stride=(1, 1), padding=(1, 0))
          (1): Softmax(dim=2)
        )
        (1): Sequential(
          (0): Conv2d(1, 1, kernel_size=(5, 300), stride=(1, 1), padding=(2, 0))
          (1): Softmax(dim=2)
        )
        (2): Sequential(
          (0): Conv2d(1, 1, kernel_size=(7, 300), stride=(1, 1), padding=(3, 0))
          (1): Softmax(dim=2)
        )
      )
    )
    (globalAttentionLayer): GlobalAttention(
      (attention_layer): Sequential(
        (0): Conv2d(1, 1, kernel_size=(500, 1), stride=(1, 1))
      )
    )
    (fcLayer): Sequential(
      (0): Linear(in_features=1200, out_features=500, bias=True)
      (1): Dropout(p=0.9, inplace=False)
      (2): ReLU()
      (3): Linear(in_features=500, out_features=50, bias=True)
    )
    (dropout): Dropout(p=0.9, inplace=False)
  ), weights = ((1, 1, 3, 300), (1,), (1, 1, 5, 300), (1,), (1, 1, 7, 300), (1,), (1, 1, 500, 1), (1,), (500, 1200), (500,), (50, 500), (50,)), parameters = 630,554 (Trainable)
  (DAttn_RatingPred): DAttn_RatingPred(
    (uid_userOffset): Embedding(77930, 1)
    (iid_itemOffset): Embedding(59172, 1)
    (globalOffset): Parameter(1,)
  ), weights = ((1,), (77930, 1), (59172, 1)), parameters = 137,103 (Trainable)
)
========================================================================================================================

[Epoch 1/20] Training Loss: 3.28432	Elapsed Time: 40.87s (0:00:40)
[Epoch 1] [Dev]  MSE: 1.34964, MAE: 0.99866
[Epoch 1] [Test] MSE: 1.39212, MAE: 1.03048

*** MODEL has obtained the best DEV MSE of 1.34964 so far!
*** The Best MODEL saved to "./__saved_models__/Small_Clothing - DAttn/Small_Clothing_1234.pth"

[Epoch 2/20] Training Loss: 1.34512	Elapsed Time: 82.16s (0:01:22)
[Epoch 2] [Dev]  MSE: 1.23879, MAE: 0.94024
[Epoch 2] [Test] MSE: 1.22581, MAE: 0.94911

*** MODEL has obtained the best DEV MSE of 1.23879 so far!
*** The Best MODEL saved to "./__saved_models__/Small_Clothing - DAttn/Small_Clothing_1234.pth"

[Epoch 3/20] Training Loss: 1.16143	Elapsed Time: 122.60s (0:02:02)
[Epoch 3] [Dev]  MSE: 1.21432, MAE: 0.92663
[Epoch 3] [Test] MSE: 1.23099, MAE: 0.94102

*** MODEL has obtained the best DEV MSE of 1.21432 so far!
*** The Best MODEL saved to "./__saved_models__/Small_Clothing - DAttn/Small_Clothing_1234.pth"

[Epoch 4/20] Training Loss: 1.00508	Elapsed Time: 163.35s (0:02:43)
[Epoch 4] [Dev]  MSE: 1.13730, MAE: 0.86688
[Epoch 4] [Test] MSE: 1.21730, MAE: 0.89872

*** MODEL has obtained the best DEV MSE of 1.13730 so far!
*** The Best MODEL saved to "./__saved_models__/Small_Clothing - DAttn/Small_Clothing_1234.pth"

[Epoch 5/20] Training Loss: 0.82328	Elapsed Time: 204.09s (0:03:24)
[Epoch 5] [Dev]  MSE: 1.20973, MAE: 0.92283
[Epoch 5] [Test] MSE: 1.26314, MAE: 0.95268

[Epoch 6/20] Training Loss: 0.90446	Elapsed Time: 244.69s (0:04:04)
[Epoch 6] [Dev]  MSE: 1.17748, MAE: 0.84822
[Epoch 6] [Test] MSE: 1.25240, MAE: 0.88865

[Epoch 7/20] Training Loss: 2.76008	Elapsed Time: 285.33s (0:04:45)
[Epoch 7] [Dev]  MSE: 1.51311, MAE: 1.08882
[Epoch 7] [Test] MSE: 1.63667, MAE: 1.14707

[Epoch 8/20] Training Loss: 370.82640	Elapsed Time: 325.69s (0:05:25)
[Epoch 8] [Dev]  MSE: 1.09719, MAE: 0.82781
[Epoch 8] [Test] MSE: 1.13026, MAE: 0.86609

*** MODEL has obtained the best DEV MSE of 1.09719 so far!
*** The Best MODEL saved to "./__saved_models__/Small_Clothing - DAttn/Small_Clothing_1234.pth"

[Epoch 9/20] Training Loss: 540.72163	Elapsed Time: 365.96s (0:06:05)
[Epoch 9] [Dev]  MSE: 1.13665, MAE: 0.88103
[Epoch 9] [Test] MSE: 1.20541, MAE: 0.93483

[Epoch 10/20] Training Loss: 34.91925	Elapsed Time: 406.41s (0:06:46)
[Epoch 10] [Dev]  MSE: 1.09149, MAE: 0.83814
[Epoch 10] [Test] MSE: 1.16391, MAE: 0.89374

*** MODEL has obtained the best DEV MSE of 1.09149 so far!
*** The Best MODEL saved to "./__saved_models__/Small_Clothing - DAttn/Small_Clothing_1234.pth"

[Epoch 11/20] Training Loss: 2071.35077	Elapsed Time: 446.76s (0:07:26)
[Epoch 11] [Dev]  MSE: 1.08825, MAE: 0.78063
[Epoch 11] [Test] MSE: 1.11817, MAE: 0.81791

*** MODEL has obtained the best DEV MSE of 1.08825 so far!
*** The Best MODEL saved to "./__saved_models__/Small_Clothing - DAttn/Small_Clothing_1234.pth"

[Epoch 12/20] Training Loss: 2.23725	Elapsed Time: 487.32s (0:08:07)
[Epoch 12] [Dev]  MSE: 1.09600, MAE: 0.78728
[Epoch 12] [Test] MSE: 1.14618, MAE: 0.83482

[Epoch 13/20] Training Loss: 5.65056	Elapsed Time: 527.89s (0:08:47)
[Epoch 13] [Dev]  MSE: 1.11109, MAE: 0.78960
[Epoch 13] [Test] MSE: 1.17078, MAE: 0.84158

[Epoch 14/20] Training Loss: 44.33998	Elapsed Time: 568.43s (0:09:28)
[Epoch 14] [Dev]  MSE: 1.12814, MAE: 0.78412
[Epoch 14] [Test] MSE: 1.19095, MAE: 0.83772

[Epoch 15/20] Training Loss: 1.60384	Elapsed Time: 608.98s (0:10:08)
[Epoch 15] [Dev]  MSE: 1.14666, MAE: 0.79236
[Epoch 15] [Test] MSE: 1.22595, MAE: 0.85173

[Epoch 16/20] Training Loss: 28.73829	Elapsed Time: 649.57s (0:10:49)
[Epoch 16] [Dev]  MSE: 1.16766, MAE: 0.79605
[Epoch 16] [Test] MSE: 1.25600, MAE: 0.85970

[Epoch 17/20] Training Loss: 0.51193	Elapsed Time: 690.25s (0:11:30)
[Epoch 17] [Dev]  MSE: 1.18588, MAE: 0.79409
[Epoch 17] [Test] MSE: 1.28791, MAE: 0.86414

[Epoch 18/20] Training Loss: 4.07354	Elapsed Time: 730.56s (0:12:10)
[Epoch 18] [Dev]  MSE: 1.20522, MAE: 0.79736
[Epoch 18] [Test] MSE: 1.31516, MAE: 0.86858

[Epoch 19/20] Training Loss: 95.63503	Elapsed Time: 772.13s (0:12:52)
[Epoch 19] [Dev]  MSE: 1.22290, MAE: 0.80060
[Epoch 19] [Test] MSE: 1.33540, MAE: 0.87074

[Epoch 20/20] Training Loss: 150.81632	Elapsed Time: 814.89s (0:13:34)
[Epoch 20] [Dev]  MSE: 1.24479, MAE: 0.80371
[Epoch 20] [Test] MSE: 1.36026, MAE: 0.87513
*** The Last MODEL saved to "./__saved_models__/Small_Clothing - DAttn/Small_Clothing_1234_20.pth"

[Training Loss]
[3.28432, 1.34512, 1.16143, 1.00508, 0.82328, 0.90446, 2.76008, 370.8264, 540.72163, 34.91925, 2071.35077, 2.23725, 5.65056, 44.33998, 1.60384, 28.73829, 0.51193, 4.07354, 95.63503, 150.81632]

[Dev MSE]
[1.34964, 1.23879, 1.21432, 1.1373, 1.20973, 1.17748, 1.51311, 1.09719, 1.13665, 1.09149, 1.08825, 1.096, 1.11109, 1.12814, 1.14666, 1.16766, 1.18588, 1.20522, 1.2229, 1.24479]
[Test MSE]
[1.39212, 1.22581, 1.23099, 1.2173, 1.26314, 1.2524, 1.63667, 1.13026, 1.20541, 1.16391, 1.11817, 1.14618, 1.17078, 1.19095, 1.22595, 1.256, 1.28791, 1.31516, 1.3354, 1.36026]
[Test MAE]
[1.03048, 0.94911, 0.94102, 0.89872, 0.95268, 0.88865, 1.14707, 0.86609, 0.93483, 0.89374, 0.81791, 0.83482, 0.84158, 0.83772, 0.85173, 0.8597, 0.86414, 0.86858, 0.87074, 0.87513]


Best Dev MSE: 1.08825 (Obtained during Evaluation #11)
Test MSE: 1.11817, Test MAE: 0.81791

End of Program! Elapsed Time: 817.43s (0:13:37)
