========================================================================================================================
  ARL_lr: 0.01
  ARL_path: 
  batch_size: 128
  channels_global: 2
  channels_local: 2
  command: -d Small_Clothing -m DAttn -e 10 -dr 0.9 -lr 2E-3 -p 1 -v 43947 -K 5 -h1 10 -h2 50 -c_local 2 -c_global 2 -hiden_size 200 -output_size 50 -rs 1234 -gpu 0 -vb 1 -sm Small_Clothing_DAttn
  ctx_win_size: 3
  dataset: Small_Clothing
  disable_initial_eval: 0
  dropout_rate: 0.9
  epochs: 10
  gpu: 0
  h1: 10
  h2: 50
  hidden_size: 200
  input_dir: ./datasets/Small_Clothing/
  L2_reg: 1e-06
  learning_rate: 0.002
  loss_function: MSELoss
  max_doc_len: 500
  max_vis_len: 500
  model: DAttn
  num_aspects: 5
  optimizer: Adam
  out_dir: ./experimental_results/Small_Clothing - DAttn/
  output_size: 50
  pretrained_src: 1
  random_seed: 1234
  save_model: Small_Clothing_DAttn
  use_cuda: True
  verbose: 1
  vocab_size: 43947
  word_embed_dim: 300
========================================================================================================================

[INFO] # of Users: 77,930, # of Items: 59,172

Creating model (Selected Model: DAttn)..
[args.use_cuda: True] Model is on the GPU! (args.gpu: 0, torch.cuda.current_device(): 0)
Model created! Elapsed Time: 1.89s (0.03 minute)

Loading uid_userDoc from "./datasets/Small_Clothing/Small_Clothing_uid_userDoc.npy"..
uid_userDoc loaded! [uid_userDoc: (77930, 500)]

Loading iid_itemDoc from "./datasets/Small_Clothing/Small_Clothing_iid_itemDoc.npy"..
iid_itemDoc loaded! [iid_itemDoc: (59172, 500)]

Loading pretrained word embeddings from "./datasets/Small_Clothing/Small_Clothing_wid_wordEmbed.npy"..
Pretrained word embeddings loaded! [wid_wEmbed: (43949, 300)]

Initialization Complete.. Elapsed Time: 2.14s (0.04 minute)

Train/Dev/Test splits loaded! |TRAIN|: 80,000, |DEV|: 150, |TEST|: 166
Train/Dev/Test splits loaded! Elapsed Time: 2.16s (0.04 minute)

Performing initial evaluation for VALIDATION set..
[Initial] [Dev]  MSE: 18.22895, MAE: 4.14004

Performing initial evaluation for TESTING set..
[Initial] [Test] MSE: 18.96210, MAE: 4.23738

Initial Evaluation Complete.. Elapsed Time: 2.31s (0.04 minute)

Optimizer: Adam, Loss Function: MSELoss

Model Size: 83,601,619
# of Trainable Parameters: 1,865,919
DAttn (
  (uid_userDoc): Embedding(77930, 500), weights = ((77930, 500),), parameters = 38,965,000
  (iid_itemDoc): Embedding(59172, 500), weights = ((59172, 500),), parameters = 29,586,000
  (wid_wEmbed): Embedding(43949, 300), weights = ((43949, 300),), parameters = 13,184,700
  (DAttn_RatingPred): DAttn_RatingPred(
    (uid_userOffset): Embedding(77930, 1)
    (iid_itemOffset): Embedding(59172, 1)
    (globalOffset): Parameter(1,)
  ), weights = ((1,), (77930, 1), (59172, 1)), parameters = 137,103 (Trainable)
  (localAttentionLayer_user): LocalAttention(
    (attention_layer): Sequential(
      (0): Conv2d(1, 1, kernel_size=(3, 1), stride=(1, 1))
      (1): Softmax(dim=2)
    )
    (cnn): Sequential(
      (0): Conv2d(1, 2, kernel_size=(1, 1), stride=(1, 1))
      (1): Tanh()
    )
    (fcLayer): Sequential(
      (0): Linear(in_features=1000, out_features=200, bias=True)
      (1): Dropout(p=0.9, inplace=False)
      (2): ReLU()
      (3): Linear(in_features=200, out_features=50, bias=True)
    )
  ), weights = ((1, 1, 3, 1), (1,), (2, 1, 1, 1), (2,), (200, 1000), (200,), (50, 200), (50,)), parameters = 210,258 (Trainable)
  (globalAttentionLayer_user): GlobalAttention(
    (attention_layer): Sequential(
      (0): Conv2d(1, 1, kernel_size=(500, 1), stride=(1, 1))
      (1): Sigmoid()
    )
    (cnn_1): Sequential(
      (0): Conv2d(1, 2, kernel_size=(2, 1), stride=(1, 1))
      (1): Tanh()
    )
    (fcLayer1): Sequential(
      (0): Linear(in_features=998, out_features=200, bias=True)
      (1): Dropout(p=0.9, inplace=False)
      (2): ReLU()
      (3): Linear(in_features=200, out_features=50, bias=True)
    )
    (cnn_2): Sequential(
      (0): Conv2d(1, 2, kernel_size=(3, 1), stride=(1, 1))
      (1): Tanh()
    )
    (fcLayer2): Sequential(
      (0): Linear(in_features=996, out_features=200, bias=True)
      (1): Dropout(p=0.9, inplace=False)
      (2): ReLU()
      (3): Linear(in_features=200, out_features=50, bias=True)
    )
    (cnn_3): Sequential(
      (0): Conv2d(1, 2, kernel_size=(4, 1), stride=(1, 1))
      (1): Tanh()
    )
    (fcLayer3): Sequential(
      (0): Linear(in_features=994, out_features=200, bias=True)
      (1): Dropout(p=0.9, inplace=False)
      (2): ReLU()
      (3): Linear(in_features=200, out_features=50, bias=True)
    )
  ), weights = ((1, 1, 500, 1), (1,), (2, 1, 2, 1), (2,), (200, 998), (200,), (50, 200), (50,), (2, 1, 3, 1), (2,), (200, 996), (200,), (50, 200), (50,), (2, 1, 4, 1), (2,), (200, 994), (200,), (50, 200), (50,)), parameters = 628,875 (Trainable)
  (localAttentionLayer_item): LocalAttention(
    (attention_layer): Sequential(
      (0): Conv2d(1, 1, kernel_size=(3, 1), stride=(1, 1))
      (1): Softmax(dim=2)
    )
    (cnn): Sequential(
      (0): Conv2d(1, 2, kernel_size=(1, 1), stride=(1, 1))
      (1): Tanh()
    )
    (fcLayer): Sequential(
      (0): Linear(in_features=1000, out_features=200, bias=True)
      (1): Dropout(p=0.9, inplace=False)
      (2): ReLU()
      (3): Linear(in_features=200, out_features=50, bias=True)
    )
  ), weights = ((1, 1, 3, 1), (1,), (2, 1, 1, 1), (2,), (200, 1000), (200,), (50, 200), (50,)), parameters = 210,258 (Trainable)
  (globalAttentionLayer_item): GlobalAttention(
    (attention_layer): Sequential(
      (0): Conv2d(1, 1, kernel_size=(500, 1), stride=(1, 1))
      (1): Sigmoid()
    )
    (cnn_1): Sequential(
      (0): Conv2d(1, 2, kernel_size=(2, 1), stride=(1, 1))
      (1): Tanh()
    )
    (fcLayer1): Sequential(
      (0): Linear(in_features=998, out_features=200, bias=True)
      (1): Dropout(p=0.9, inplace=False)
      (2): ReLU()
      (3): Linear(in_features=200, out_features=50, bias=True)
    )
    (cnn_2): Sequential(
      (0): Conv2d(1, 2, kernel_size=(3, 1), stride=(1, 1))
      (1): Tanh()
    )
    (fcLayer2): Sequential(
      (0): Linear(in_features=996, out_features=200, bias=True)
      (1): Dropout(p=0.9, inplace=False)
      (2): ReLU()
      (3): Linear(in_features=200, out_features=50, bias=True)
    )
    (cnn_3): Sequential(
      (0): Conv2d(1, 2, kernel_size=(4, 1), stride=(1, 1))
      (1): Tanh()
    )
    (fcLayer3): Sequential(
      (0): Linear(in_features=994, out_features=200, bias=True)
      (1): Dropout(p=0.9, inplace=False)
      (2): ReLU()
      (3): Linear(in_features=200, out_features=50, bias=True)
    )
  ), weights = ((1, 1, 500, 1), (1,), (2, 1, 2, 1), (2,), (200, 998), (200,), (50, 200), (50,), (2, 1, 3, 1), (2,), (200, 996), (200,), (50, 200), (50,), (2, 1, 4, 1), (2,), (200, 994), (200,), (50, 200), (50,)), parameters = 628,875 (Trainable)
  (fcLayer): Sequential (
    (0): Linear(in_features=200, out_features=200, bias=True), weights = ((200, 200), (200,)), parameters = 40,200 (Trainable)
    (1): ReLU(), weights = (), parameters = 0
    (2): Linear(in_features=200, out_features=50, bias=True), weights = ((50, 200), (50,)), parameters = 10,050 (Trainable)
  ), weights = ((200, 200), (200,), (50, 200), (50,)), parameters = 50,250 (Trainable)
)
========================================================================================================================

[Epoch 1/10] Training Loss: 1.78588	Elapsed Time: 17.91s (0:00:17)
[Epoch 1] [Dev]  MSE: 3.81364, MAE: 1.79987
[Epoch 1] [Test] MSE: 4.06640, MAE: 1.88511

*** MODEL has obtained the best DEV MSE of 3.81364 so far!
*** The Best MODEL saved to "./__saved_models__/Small_Clothing - DAttn/Small_Clothing_DAttn_1234.pth"

[Epoch 2/10] Training Loss: 1.09352	Elapsed Time: 35.78s (0:00:35)
[Epoch 2] [Dev]  MSE: 2.36054, MAE: 1.39282
[Epoch 2] [Test] MSE: 2.52005, MAE: 1.45535

*** MODEL has obtained the best DEV MSE of 2.36054 so far!
*** The Best MODEL saved to "./__saved_models__/Small_Clothing - DAttn/Small_Clothing_DAttn_1234.pth"

[Epoch 3/10] Training Loss: 0.89417	Elapsed Time: 53.63s (0:00:53)
[Epoch 3] [Dev]  MSE: 1.86326, MAE: 1.22362
[Epoch 3] [Test] MSE: 2.01647, MAE: 1.28645

*** MODEL has obtained the best DEV MSE of 1.86326 so far!
*** The Best MODEL saved to "./__saved_models__/Small_Clothing - DAttn/Small_Clothing_DAttn_1234.pth"

[Epoch 4/10] Training Loss: 1.16312	Elapsed Time: 71.58s (0:01:11)
[Epoch 4] [Dev]  MSE: 1.24288, MAE: 0.83453
[Epoch 4] [Test] MSE: 1.22913, MAE: 0.84171

*** MODEL has obtained the best DEV MSE of 1.24288 so far!
*** The Best MODEL saved to "./__saved_models__/Small_Clothing - DAttn/Small_Clothing_DAttn_1234.pth"

[Epoch 5/10] Training Loss: 0.81729	Elapsed Time: 89.46s (0:01:29)
[Epoch 5] [Dev]  MSE: 1.24807, MAE: 0.86915
[Epoch 5] [Test] MSE: 1.32992, MAE: 0.90987

[Epoch 6/10] Training Loss: 0.70529	Elapsed Time: 107.63s (0:01:47)
[Epoch 6] [Dev]  MSE: 1.25190, MAE: 0.83717
[Epoch 6] [Test] MSE: 1.34442, MAE: 0.87141

[Epoch 7/10] Training Loss: 0.62174	Elapsed Time: 125.61s (0:02:05)
[Epoch 7] [Dev]  MSE: 1.26487, MAE: 0.85367
[Epoch 7] [Test] MSE: 1.39402, MAE: 0.90984

[Epoch 8/10] Training Loss: 0.55252	Elapsed Time: 143.54s (0:02:23)
[Epoch 8] [Dev]  MSE: 1.26215, MAE: 0.83720
[Epoch 8] [Test] MSE: 1.38147, MAE: 0.88735

[Epoch 9/10] Training Loss: 0.49380	Elapsed Time: 161.46s (0:02:41)
[Epoch 9] [Dev]  MSE: 1.21454, MAE: 0.82721
[Epoch 9] [Test] MSE: 1.35870, MAE: 0.88411

*** MODEL has obtained the best DEV MSE of 1.21454 so far!
*** The Best MODEL saved to "./__saved_models__/Small_Clothing - DAttn/Small_Clothing_DAttn_1234.pth"

[Epoch 10/10] Training Loss: 0.44496	Elapsed Time: 179.56s (0:02:59)
[Epoch 10] [Dev]  MSE: 1.28197, MAE: 0.82545
[Epoch 10] [Test] MSE: 1.43306, MAE: 0.89159
*** The Last MODEL saved to "./__saved_models__/Small_Clothing - DAttn/Small_Clothing_DAttn_1234_10.pth"

[Training Loss]
[1.78588, 1.09352, 0.89417, 1.16312, 0.81729, 0.70529, 0.62174, 0.55252, 0.4938, 0.44496]

[Dev MSE]
[3.81364, 2.36054, 1.86326, 1.24288, 1.24807, 1.2519, 1.26487, 1.26215, 1.21454, 1.28197]
[Test MSE]
[4.0664, 2.52005, 2.01647, 1.22913, 1.32992, 1.34442, 1.39402, 1.38147, 1.3587, 1.43306]
[Test MAE]
[1.88511, 1.45535, 1.28645, 0.84171, 0.90987, 0.87141, 0.90984, 0.88735, 0.88411, 0.89159]


Best Dev MSE: 1.21454 (Obtained during Evaluation #9)
Test MSE: 1.35870, Test MAE: 0.88411

End of Program! Elapsed Time: 181.93s (0:03:01)
