========================================================================================================================
  ARL_lr: 0.01
  ARL_path: 
  batch_size: 128
  channels_global: 20
  channels_local: 20
  command: -d Small_Clothing -m DAttn -e 10 -dr 0.9 -lr 2E-3 -p 1 -v 43947 -K 5 -h1 10 -h2 50 -c_local 20 -c_global 20 -hiden_size 200 -output_size 50 -rs 1234 -gpu 0 -vb 1 -sm Small_Clothing_DAttn
  ctx_win_size: 3
  dataset: Small_Clothing
  disable_initial_eval: 0
  dropout_rate: 0.9
  epochs: 10
  gpu: 0
  h1: 10
  h2: 50
  hidden_size: 200
  input_dir: ./datasets/Small_Clothing/
  L2_reg: 1e-06
  learning_rate: 0.002
  loss_function: MSELoss
  max_doc_len: 500
  max_vis_len: 500
  model: DAttn
  num_aspects: 5
  optimizer: Adam
  out_dir: ./experimental_results/Small_Clothing - DAttn/
  output_size: 50
  pretrained_src: 1
  random_seed: 1234
  save_model: Small_Clothing_DAttn
  use_cuda: True
  verbose: 1
  vocab_size: 43947
  word_embed_dim: 300
========================================================================================================================

[INFO] # of Users: 77,930, # of Items: 59,172

Creating model (Selected Model: DAttn)..
[args.use_cuda: True] Model is on the GPU! (args.gpu: 0, torch.cuda.current_device(): 0)
Model created! Elapsed Time: 1.93s (0.03 minute)

Loading uid_userDoc from "./datasets/Small_Clothing/Small_Clothing_uid_userDoc.npy"..
uid_userDoc loaded! [uid_userDoc: (77930, 500)]

Loading iid_itemDoc from "./datasets/Small_Clothing/Small_Clothing_iid_itemDoc.npy"..
iid_itemDoc loaded! [iid_itemDoc: (59172, 500)]

Loading pretrained word embeddings from "./datasets/Small_Clothing/Small_Clothing_wid_wordEmbed.npy"..
Pretrained word embeddings loaded! [wid_wEmbed: (43949, 300)]

Initialization Complete.. Elapsed Time: 2.22s (0.04 minute)

Train/Dev/Test splits loaded! |TRAIN|: 80,000, |DEV|: 150, |TEST|: 166
Train/Dev/Test splits loaded! Elapsed Time: 2.24s (0.04 minute)

Performing initial evaluation for VALIDATION set..
[Initial] [Dev]  MSE: 17.90545, MAE: 4.10078

Performing initial evaluation for TESTING set..
[Initial] [Test] MSE: 18.63085, MAE: 4.19812

Initial Evaluation Complete.. Elapsed Time: 2.39s (0.04 minute)

Optimizer: Adam, Loss Function: MSELoss

Model Size: 97,958,923
# of Trainable Parameters: 16,223,223
DAttn (
  (uid_userDoc): Embedding(77930, 500), weights = ((77930, 500),), parameters = 38,965,000
  (iid_itemDoc): Embedding(59172, 500), weights = ((59172, 500),), parameters = 29,586,000
  (wid_wEmbed): Embedding(43949, 300), weights = ((43949, 300),), parameters = 13,184,700
  (DAttn_RatingPred): DAttn_RatingPred(
    (uid_userOffset): Embedding(77930, 1)
    (iid_itemOffset): Embedding(59172, 1)
    (globalOffset): Parameter(1,)
  ), weights = ((1,), (77930, 1), (59172, 1)), parameters = 137,103 (Trainable)
  (localAttentionLayer_user): LocalAttention(
    (attention_layer): Sequential(
      (0): Conv2d(1, 1, kernel_size=(3, 1), stride=(1, 1))
      (1): Softmax(dim=2)
    )
    (cnn): Sequential(
      (0): Conv2d(1, 20, kernel_size=(1, 1), stride=(1, 1))
      (1): Tanh()
    )
    (fcLayer): Sequential(
      (0): Linear(in_features=10000, out_features=200, bias=True)
      (1): Dropout(p=0.9, inplace=False)
      (2): ReLU()
      (3): Linear(in_features=200, out_features=50, bias=True)
    )
  ), weights = ((1, 1, 3, 1), (1,), (20, 1, 1, 1), (20,), (200, 10000), (200,), (50, 200), (50,)), parameters = 2,010,294 (Trainable)
  (globalAttentionLayer_user): GlobalAttention(
    (attention_layer): Sequential(
      (0): Conv2d(1, 1, kernel_size=(500, 1), stride=(1, 1))
      (1): Sigmoid()
    )
    (cnn_1): Sequential(
      (0): Conv2d(1, 20, kernel_size=(2, 1), stride=(1, 1))
      (1): Tanh()
    )
    (fcLayer1): Sequential(
      (0): Linear(in_features=9980, out_features=200, bias=True)
      (1): Dropout(p=0.9, inplace=False)
      (2): ReLU()
      (3): Linear(in_features=200, out_features=50, bias=True)
    )
    (cnn_2): Sequential(
      (0): Conv2d(1, 20, kernel_size=(3, 1), stride=(1, 1))
      (1): Tanh()
    )
    (fcLayer2): Sequential(
      (0): Linear(in_features=9960, out_features=200, bias=True)
      (1): Dropout(p=0.9, inplace=False)
      (2): ReLU()
      (3): Linear(in_features=200, out_features=50, bias=True)
    )
    (cnn_3): Sequential(
      (0): Conv2d(1, 20, kernel_size=(4, 1), stride=(1, 1))
      (1): Tanh()
    )
    (fcLayer3): Sequential(
      (0): Linear(in_features=9940, out_features=200, bias=True)
      (1): Dropout(p=0.9, inplace=False)
      (2): ReLU()
      (3): Linear(in_features=200, out_features=50, bias=True)
    )
  ), weights = ((1, 1, 500, 1), (1,), (20, 1, 2, 1), (20,), (200, 9980), (200,), (50, 200), (50,), (20, 1, 3, 1), (20,), (200, 9960), (200,), (50, 200), (50,), (20, 1, 4, 1), (20,), (200, 9940), (200,), (50, 200), (50,)), parameters = 6,007,491 (Trainable)
  (localAttentionLayer_item): LocalAttention(
    (attention_layer): Sequential(
      (0): Conv2d(1, 1, kernel_size=(3, 1), stride=(1, 1))
      (1): Softmax(dim=2)
    )
    (cnn): Sequential(
      (0): Conv2d(1, 20, kernel_size=(1, 1), stride=(1, 1))
      (1): Tanh()
    )
    (fcLayer): Sequential(
      (0): Linear(in_features=10000, out_features=200, bias=True)
      (1): Dropout(p=0.9, inplace=False)
      (2): ReLU()
      (3): Linear(in_features=200, out_features=50, bias=True)
    )
  ), weights = ((1, 1, 3, 1), (1,), (20, 1, 1, 1), (20,), (200, 10000), (200,), (50, 200), (50,)), parameters = 2,010,294 (Trainable)
  (globalAttentionLayer_item): GlobalAttention(
    (attention_layer): Sequential(
      (0): Conv2d(1, 1, kernel_size=(500, 1), stride=(1, 1))
      (1): Sigmoid()
    )
    (cnn_1): Sequential(
      (0): Conv2d(1, 20, kernel_size=(2, 1), stride=(1, 1))
      (1): Tanh()
    )
    (fcLayer1): Sequential(
      (0): Linear(in_features=9980, out_features=200, bias=True)
      (1): Dropout(p=0.9, inplace=False)
      (2): ReLU()
      (3): Linear(in_features=200, out_features=50, bias=True)
    )
    (cnn_2): Sequential(
      (0): Conv2d(1, 20, kernel_size=(3, 1), stride=(1, 1))
      (1): Tanh()
    )
    (fcLayer2): Sequential(
      (0): Linear(in_features=9960, out_features=200, bias=True)
      (1): Dropout(p=0.9, inplace=False)
      (2): ReLU()
      (3): Linear(in_features=200, out_features=50, bias=True)
    )
    (cnn_3): Sequential(
      (0): Conv2d(1, 20, kernel_size=(4, 1), stride=(1, 1))
      (1): Tanh()
    )
    (fcLayer3): Sequential(
      (0): Linear(in_features=9940, out_features=200, bias=True)
      (1): Dropout(p=0.9, inplace=False)
      (2): ReLU()
      (3): Linear(in_features=200, out_features=50, bias=True)
    )
  ), weights = ((1, 1, 500, 1), (1,), (20, 1, 2, 1), (20,), (200, 9980), (200,), (50, 200), (50,), (20, 1, 3, 1), (20,), (200, 9960), (200,), (50, 200), (50,), (20, 1, 4, 1), (20,), (200, 9940), (200,), (50, 200), (50,)), parameters = 6,007,491 (Trainable)
  (fcLayer): Sequential (
    (0): Linear(in_features=200, out_features=200, bias=True), weights = ((200, 200), (200,)), parameters = 40,200 (Trainable)
    (1): ReLU(), weights = (), parameters = 0
    (2): Linear(in_features=200, out_features=50, bias=True), weights = ((50, 200), (50,)), parameters = 10,050 (Trainable)
  ), weights = ((200, 200), (200,), (50, 200), (50,)), parameters = 50,250 (Trainable)
)
========================================================================================================================

[Epoch 1/10] Training Loss: 313.65475	Elapsed Time: 21.50s (0:00:21)
[Epoch 1] [Dev]  MSE: 14.47076, MAE: 3.66041
[Epoch 1] [Test] MSE: 15.10737, MAE: 3.75544

*** MODEL has obtained the best DEV MSE of 14.47076 so far!
*** The Best MODEL saved to "./__saved_models__/Small_Clothing - DAttn/Small_Clothing_DAttn_1234.pth"

[Epoch 2/10] Training Loss: 2.71837	Elapsed Time: 44.06s (0:00:44)
[Epoch 2] [Dev]  MSE: 7.52775, MAE: 2.57818
[Epoch 2] [Test] MSE: 7.95176, MAE: 2.67550

*** MODEL has obtained the best DEV MSE of 7.52775 so far!
*** The Best MODEL saved to "./__saved_models__/Small_Clothing - DAttn/Small_Clothing_DAttn_1234.pth"

[Epoch 3/10] Training Loss: 1.62210	Elapsed Time: 66.71s (0:01:06)
[Epoch 3] [Dev]  MSE: 5.96401, MAE: 2.27347
[Epoch 3] [Test] MSE: 6.32721, MAE: 2.37025

*** MODEL has obtained the best DEV MSE of 5.96401 so far!
*** The Best MODEL saved to "./__saved_models__/Small_Clothing - DAttn/Small_Clothing_DAttn_1234.pth"

[Epoch 4/10] Training Loss: 1.37182	Elapsed Time: 89.28s (0:01:29)
[Epoch 4] [Dev]  MSE: 4.39614, MAE: 1.94920
[Epoch 4] [Test] MSE: 4.68128, MAE: 2.02637

*** MODEL has obtained the best DEV MSE of 4.39614 so far!
*** The Best MODEL saved to "./__saved_models__/Small_Clothing - DAttn/Small_Clothing_DAttn_1234.pth"

[Epoch 5/10] Training Loss: 1.16093	Elapsed Time: 111.91s (0:01:51)
[Epoch 5] [Dev]  MSE: 3.31464, MAE: 1.67672
[Epoch 5] [Test] MSE: 3.53238, MAE: 1.74096

*** MODEL has obtained the best DEV MSE of 3.31464 so far!
*** The Best MODEL saved to "./__saved_models__/Small_Clothing - DAttn/Small_Clothing_DAttn_1234.pth"

[Epoch 6/10] Training Loss: 0.97917	Elapsed Time: 134.71s (0:02:14)
[Epoch 6] [Dev]  MSE: 3.46297, MAE: 1.71556
[Epoch 6] [Test] MSE: 3.70331, MAE: 1.78339

[Epoch 7/10] Training Loss: 0.86947	Elapsed Time: 156.38s (0:02:36)
[Epoch 7] [Dev]  MSE: 4.14572, MAE: 1.88368
[Epoch 7] [Test] MSE: 4.41721, MAE: 1.95503
