========================================================================================================================
  ARL_lr: 0.01
  ARL_path: 
  batch_size: 128
  channels_global: 1
  channels_local: 1
  command: -d Small_Clothing -m DAttn -e 10 -dr 0.9 -p 1 -v 43947 -K 5 -h1 50 -h2 50 -WED 100 -c_local 1 -c_global 1 -hiden_size 500 -output_size 50 -rs 1234 -gpu 0 -vb 1 -sm Small_Clothing
  ctx_win_size: 3
  dataset: Small_Clothing
  disable_initial_eval: 0
  dropout_rate: 0.9
  epochs: 10
  filters_num: 100
  gpu: 0
  h1: 50
  h2: 50
  hidden_size: 500
  input_dir: ./datasets/Small_Clothing/
  L2_reg: 1e-06
  learning_rate: 0.002
  loss_function: MSELoss
  max_doc_len: 500
  max_vis_len: 500
  model: DAttn
  num_aspects: 5
  optimizer: Adam
  out_dir: ./experimental_results/Small_Clothing - DAttn/
  output_size: 50
  pretrained_src: 1
  random_seed: 1234
  save_model: Small_Clothing
  use_cuda: True
  verbose: 1
  vocab_size: 43947
  word_embed_dim: 100
========================================================================================================================

[INFO] # of Users: 77,930, # of Items: 59,172

Creating model (Selected Model: DAttn)..
[args.use_cuda: True] Model is on the GPU! (args.gpu: 0, torch.cuda.current_device(): 0)
Model created! Elapsed Time: 1.85s (0.03 minute)

Loading uid_userDoc from "./datasets/Small_Clothing/Small_Clothing_uid_userDoc.npy"..
uid_userDoc loaded! [uid_userDoc: (77930, 500)]

Loading iid_itemDoc from "./datasets/Small_Clothing/Small_Clothing_iid_itemDoc.npy"..
iid_itemDoc loaded! [iid_itemDoc: (59172, 500)]

Loading pretrained word embeddings from "./datasets/Small_Clothing/Small_Clothing_wed100_wid_wordEmbed.npy"..
Pretrained word embeddings loaded! [wid_wEmbed: (43949, 100)]

Initialization Complete.. Elapsed Time: 6.37s (0.11 minute)

Train/Dev/Test splits loaded! |TRAIN|: 80,000, |DEV|: 150, |TEST|: 166
Train/Dev/Test splits loaded! Elapsed Time: 6.42s (0.11 minute)

Performing initial evaluation for VALIDATION set..
[Initial] [Dev]  MSE: 19.14315, MAE: 4.24913

Performing initial evaluation for TESTING set..
[Initial] [Test] MSE: 19.90055, MAE: 4.34664

Initial Evaluation Complete.. Elapsed Time: 6.62s (0.11 minute)

Optimizer: Adam, Loss Function: MSELoss

Model Size: 75,484,515
# of Trainable Parameters: 2,538,615
DAttn (
  (uid_userDoc): Embedding(77930, 500), weights = ((77930, 500),), parameters = 38,965,000
  (iid_itemDoc): Embedding(59172, 500), weights = ((59172, 500),), parameters = 29,586,000
  (wid_wEmbed): Embedding(43949, 100), weights = ((43949, 100),), parameters = 4,394,900
  (user_net): Net(
    (localAttentionLayer): LocalAttention(
      (attention_layer): Sequential(
        (0): Conv2d(1, 1, kernel_size=(3, 100), stride=(1, 1), padding=(1, 0))
        (1): Sigmoid()
      )
      (cnn): Sequential(
        (0): Conv2d(1, 1, kernel_size=(1, 100), stride=(1, 1))
        (1): Tanh()
      )
      (fcLayer): Sequential(
        (0): Linear(in_features=500, out_features=500, bias=True)
        (1): Dropout(p=0.9, inplace=False)
        (2): ReLU()
        (3): Linear(in_features=500, out_features=50, bias=True)
      )
    )
    (globalAttentionLayer): GlobalAttention(
      (attention_layer): Sequential(
        (0): Conv2d(1, 1, kernel_size=(500, 100), stride=(1, 1))
        (1): Sigmoid()
      )
      (convs): ModuleList(
        (0): Conv2d(1, 1, kernel_size=(2, 100), stride=(1, 1))
        (1): Conv2d(1, 1, kernel_size=(3, 100), stride=(1, 1))
        (2): Conv2d(1, 1, kernel_size=(4, 100), stride=(1, 1))
      )
      (fcLayers): ModuleList(
        (0): Sequential(
          (0): Linear(in_features=499, out_features=500, bias=True)
          (1): Dropout(p=0.9, inplace=False)
          (2): ReLU()
          (3): Linear(in_features=500, out_features=50, bias=True)
        )
        (1): Sequential(
          (0): Linear(in_features=498, out_features=500, bias=True)
          (1): Dropout(p=0.9, inplace=False)
          (2): ReLU()
          (3): Linear(in_features=500, out_features=50, bias=True)
        )
        (2): Sequential(
          (0): Linear(in_features=497, out_features=500, bias=True)
          (1): Dropout(p=0.9, inplace=False)
          (2): ReLU()
          (3): Linear(in_features=500, out_features=50, bias=True)
        )
      )
    )
    (fcLayer): Sequential(
      (0): Linear(in_features=200, out_features=200, bias=True)
      (1): Dropout(p=0.9, inplace=False)
      (2): ReLU()
      (3): Linear(in_features=200, out_features=50, bias=True)
    )
    (dropout): Dropout(p=0.9, inplace=False)
  ), weights = ((1, 1, 3, 100), (1,), (1, 1, 1, 100), (1,), (500, 500), (500,), (50, 500), (50,), (1, 1, 500, 100), (1,), (1, 1, 2, 100), (1,), (1, 1, 3, 100), (1,), (1, 1, 4, 100), (1,), (500, 499), (500,), (50, 500), (50,), (500, 498), (500,), (50, 500), (50,), (500, 497), (500,), (50, 500), (50,), (200, 200), (200,), (50, 200), (50,)), parameters = 1,200,756 (Trainable)
  (item_net): Net(
    (localAttentionLayer): LocalAttention(
      (attention_layer): Sequential(
        (0): Conv2d(1, 1, kernel_size=(3, 100), stride=(1, 1), padding=(1, 0))
        (1): Sigmoid()
      )
      (cnn): Sequential(
        (0): Conv2d(1, 1, kernel_size=(1, 100), stride=(1, 1))
        (1): Tanh()
      )
      (fcLayer): Sequential(
        (0): Linear(in_features=500, out_features=500, bias=True)
        (1): Dropout(p=0.9, inplace=False)
        (2): ReLU()
        (3): Linear(in_features=500, out_features=50, bias=True)
      )
    )
    (globalAttentionLayer): GlobalAttention(
      (attention_layer): Sequential(
        (0): Conv2d(1, 1, kernel_size=(500, 100), stride=(1, 1))
        (1): Sigmoid()
      )
      (convs): ModuleList(
        (0): Conv2d(1, 1, kernel_size=(2, 100), stride=(1, 1))
        (1): Conv2d(1, 1, kernel_size=(3, 100), stride=(1, 1))
        (2): Conv2d(1, 1, kernel_size=(4, 100), stride=(1, 1))
      )
      (fcLayers): ModuleList(
        (0): Sequential(
          (0): Linear(in_features=499, out_features=500, bias=True)
          (1): Dropout(p=0.9, inplace=False)
          (2): ReLU()
          (3): Linear(in_features=500, out_features=50, bias=True)
        )
        (1): Sequential(
          (0): Linear(in_features=498, out_features=500, bias=True)
          (1): Dropout(p=0.9, inplace=False)
          (2): ReLU()
          (3): Linear(in_features=500, out_features=50, bias=True)
        )
        (2): Sequential(
          (0): Linear(in_features=497, out_features=500, bias=True)
          (1): Dropout(p=0.9, inplace=False)
          (2): ReLU()
          (3): Linear(in_features=500, out_features=50, bias=True)
        )
      )
    )
    (fcLayer): Sequential(
      (0): Linear(in_features=200, out_features=200, bias=True)
      (1): Dropout(p=0.9, inplace=False)
      (2): ReLU()
      (3): Linear(in_features=200, out_features=50, bias=True)
    )
    (dropout): Dropout(p=0.9, inplace=False)
  ), weights = ((1, 1, 3, 100), (1,), (1, 1, 1, 100), (1,), (500, 500), (500,), (50, 500), (50,), (1, 1, 500, 100), (1,), (1, 1, 2, 100), (1,), (1, 1, 3, 100), (1,), (1, 1, 4, 100), (1,), (500, 499), (500,), (50, 500), (50,), (500, 498), (500,), (50, 500), (50,), (500, 497), (500,), (50, 500), (50,), (200, 200), (200,), (50, 200), (50,)), parameters = 1,200,756 (Trainable)
  (DAttn_RatingPred): DAttn_RatingPred(
    (uid_userOffset): Embedding(77930, 1)
    (iid_itemOffset): Embedding(59172, 1)
    (globalOffset): Parameter(1,)
  ), weights = ((1,), (77930, 1), (59172, 1)), parameters = 137,103 (Trainable)
)
========================================================================================================================

[Epoch 1/10] Training Loss: 2.84385	Elapsed Time: 33.68s (0:00:33)
[Epoch 1] [Dev]  MSE: 1.12253, MAE: 0.87470
[Epoch 1] [Test] MSE: 1.09779, MAE: 0.86492

*** MODEL has obtained the best DEV MSE of 1.12253 so far!
*** The Best MODEL saved to "./__saved_models__/Small_Clothing - DAttn/Small_Clothing_1234.pth"

[Epoch 2/10] Training Loss: 1.43574	Elapsed Time: 67.80s (0:01:07)
[Epoch 2] [Dev]  MSE: 1.06476, MAE: 0.84084
[Epoch 2] [Test] MSE: 1.03833, MAE: 0.83250

*** MODEL has obtained the best DEV MSE of 1.06476 so far!
*** The Best MODEL saved to "./__saved_models__/Small_Clothing - DAttn/Small_Clothing_1234.pth"

[Epoch 3/10] Training Loss: 1.29632	Elapsed Time: 101.77s (0:01:41)
[Epoch 3] [Dev]  MSE: 1.05186, MAE: 0.83724
[Epoch 3] [Test] MSE: 1.04802, MAE: 0.84349

*** MODEL has obtained the best DEV MSE of 1.05186 so far!
*** The Best MODEL saved to "./__saved_models__/Small_Clothing - DAttn/Small_Clothing_1234.pth"

[Epoch 4/10] Training Loss: 1.33889	Elapsed Time: 136.09s (0:02:16)
[Epoch 4] [Dev]  MSE: 1.03572, MAE: 0.82191
[Epoch 4] [Test] MSE: 1.03545, MAE: 0.83362

*** MODEL has obtained the best DEV MSE of 1.03572 so far!
*** The Best MODEL saved to "./__saved_models__/Small_Clothing - DAttn/Small_Clothing_1234.pth"

[Epoch 5/10] Training Loss: 1.52737	Elapsed Time: 170.24s (0:02:50)
[Epoch 5] [Dev]  MSE: 1.03214, MAE: 0.81424
[Epoch 5] [Test] MSE: 1.04163, MAE: 0.83507

*** MODEL has obtained the best DEV MSE of 1.03214 so far!
*** The Best MODEL saved to "./__saved_models__/Small_Clothing - DAttn/Small_Clothing_1234.pth"

[Epoch 6/10] Training Loss: 0.94958	Elapsed Time: 204.51s (0:03:24)
[Epoch 6] [Dev]  MSE: 1.03214, MAE: 0.79581
[Epoch 6] [Test] MSE: 1.03335, MAE: 0.81749

*** MODEL has obtained the best DEV MSE of 1.03214 so far!
*** The Best MODEL saved to "./__saved_models__/Small_Clothing - DAttn/Small_Clothing_1234.pth"

[Epoch 7/10] Training Loss: 0.88727	Elapsed Time: 238.14s (0:03:58)
[Epoch 7] [Dev]  MSE: 1.04148, MAE: 0.80066
[Epoch 7] [Test] MSE: 1.05695, MAE: 0.82989

[Epoch 8/10] Training Loss: 0.75931	Elapsed Time: 271.75s (0:04:31)
[Epoch 8] [Dev]  MSE: 1.05059, MAE: 0.79732
[Epoch 8] [Test] MSE: 1.07537, MAE: 0.83302

[Epoch 9/10] Training Loss: 1.80162	Elapsed Time: 305.38s (0:05:05)
[Epoch 9] [Dev]  MSE: 1.06685, MAE: 0.77896
[Epoch 9] [Test] MSE: 1.08957, MAE: 0.81802

[Epoch 10/10] Training Loss: 0.79465	Elapsed Time: 338.98s (0:05:38)
[Epoch 10] [Dev]  MSE: 1.08184, MAE: 0.79272
[Epoch 10] [Test] MSE: 1.12420, MAE: 0.83873
*** The Last MODEL saved to "./__saved_models__/Small_Clothing - DAttn/Small_Clothing_1234_10.pth"

[Training Loss]
[2.84385, 1.43574, 1.29632, 1.33889, 1.52737, 0.94958, 0.88727, 0.75931, 1.80162, 0.79465]

[Dev MSE]
[1.12253, 1.06476, 1.05186, 1.03572, 1.03214, 1.03214, 1.04148, 1.05059, 1.06685, 1.08184]
[Test MSE]
[1.09779, 1.03833, 1.04802, 1.03545, 1.04163, 1.03335, 1.05695, 1.07537, 1.08957, 1.1242]
[Test MAE]
[0.86492, 0.8325, 0.84349, 0.83362, 0.83507, 0.81749, 0.82989, 0.83302, 0.81802, 0.83873]


Best Dev MSE: 1.03214 (Obtained during Evaluation #6)
Test MSE: 1.03335, Test MAE: 0.81749

End of Program! Elapsed Time: 345.72s (0:05:45)
