========================================================================================================================
  ARL_lr: 0.01
  ARL_path: 
  batch_size: 128
  channels_global: 20
  channels_local: 20
  command: -d Small_Clothing -m DAttn -e 10 -dr 0.9 -p 1 -v 43947 -K 5 -h1 10 -h2 50 -c_local 20 -c_global 20 -hiden_size 200 -output_size 50 -rs 1234 -gpu 0 -vb 1 -sm Small_Clothing_DAttn
  ctx_win_size: 3
  dataset: Small_Clothing
  disable_initial_eval: 0
  dropout_rate: 0.9
  epochs: 10
  gpu: 0
  h1: 10
  h2: 50
  hidden_size: 200
  input_dir: ./datasets/Small_Clothing/
  L2_reg: 1e-06
  learning_rate: 0.002
  loss_function: MSELoss
  max_doc_len: 500
  max_vis_len: 500
  model: DAttn
  num_aspects: 5
  optimizer: Adam
  out_dir: ./experimental_results/Small_Clothing - DAttn/
  output_size: 50
  pretrained_src: 1
  random_seed: 1234
  save_model: Small_Clothing_DAttn
  use_cuda: True
  verbose: 1
  vocab_size: 43947
  word_embed_dim: 300
========================================================================================================================

[INFO] # of Users: 77,930, # of Items: 59,172

Creating model (Selected Model: DAttn)..
[args.use_cuda: True] Model is on the GPU! (args.gpu: 0, torch.cuda.current_device(): 0)
Model created! Elapsed Time: 1.86s (0.03 minute)

Loading uid_userDoc from "./datasets/Small_Clothing/Small_Clothing_uid_userDoc.npy"..
uid_userDoc loaded! [uid_userDoc: (77930, 500)]

Loading iid_itemDoc from "./datasets/Small_Clothing/Small_Clothing_iid_itemDoc.npy"..
iid_itemDoc loaded! [iid_itemDoc: (59172, 500)]

Loading pretrained word embeddings from "./datasets/Small_Clothing/Small_Clothing_wid_wordEmbed.npy"..
Pretrained word embeddings loaded! [wid_wEmbed: (43949, 300)]

Initialization Complete.. Elapsed Time: 2.10s (0.04 minute)

Train/Dev/Test splits loaded! |TRAIN|: 80,000, |DEV|: 150, |TEST|: 166
Train/Dev/Test splits loaded! Elapsed Time: 2.13s (0.04 minute)

Performing initial evaluation for VALIDATION set..
[Initial] [Dev]  MSE: 1.13003, MAE: 0.87549

Performing initial evaluation for TESTING set..
[Initial] [Test] MSE: 1.09652, MAE: 0.85977

Initial Evaluation Complete.. Elapsed Time: 2.27s (0.04 minute)

Optimizer: Adam, Loss Function: MSELoss

Model Size: 81,900,923
# of Trainable Parameters: 165,223
DAttn (
  (uid_userDoc): Embedding(77930, 500), weights = ((77930, 500),), parameters = 38,965,000
  (iid_itemDoc): Embedding(59172, 500), weights = ((59172, 500),), parameters = 29,586,000
  (wid_wEmbed): Embedding(43949, 300), weights = ((43949, 300),), parameters = 13,184,700
  (DAttn_RatingPred): DAttn_RatingPred(
    (uid_userOffset): Embedding(77930, 1)
    (iid_itemOffset): Embedding(59172, 1)
    (globalOffset): Parameter(1,)
  ), weights = ((1,), (77930, 1), (59172, 1)), parameters = 137,103 (Trainable)
  (localAttentionLayer_user): LocalAttention(
    (attention_layer): Sequential(
      (0): Conv2d(1, 1, kernel_size=(3, 1), stride=(1, 1))
      (1): Sigmoid()
    )
    (cnn): Sequential(
      (0): Conv2d(1, 20, kernel_size=(1, 1), stride=(1, 1))
      (1): Tanh()
      (2): MaxPool2d(kernel_size=(500, 1), stride=(500, 1), padding=0, dilation=1, ceil_mode=False)
    )
  ), weights = ((1, 1, 3, 1), (1,), (20, 1, 1, 1), (20,)), parameters = 44 (Trainable)
  (globalAttentionLayer_user): GlobalAttention(
    (attention_layer): Sequential(
      (0): Conv2d(1, 1, kernel_size=(500, 1), stride=(1, 1))
      (1): Sigmoid()
    )
    (cnn_1): Sequential(
      (0): Conv2d(1, 20, kernel_size=(2, 1), stride=(1, 1))
      (1): Tanh()
      (2): MaxPool2d(kernel_size=(499, 1), stride=(499, 1), padding=0, dilation=1, ceil_mode=False)
    )
    (cnn_2): Sequential(
      (0): Conv2d(1, 20, kernel_size=(3, 1), stride=(1, 1))
      (1): Tanh()
      (2): MaxPool2d(kernel_size=(498, 1), stride=(498, 1), padding=0, dilation=1, ceil_mode=False)
    )
    (cnn_3): Sequential(
      (0): Conv2d(1, 20, kernel_size=(4, 1), stride=(1, 1))
      (1): Tanh()
      (2): MaxPool2d(kernel_size=(497, 1), stride=(497, 1), padding=0, dilation=1, ceil_mode=False)
    )
  ), weights = ((1, 1, 500, 1), (1,), (20, 1, 2, 1), (20,), (20, 1, 3, 1), (20,), (20, 1, 4, 1), (20,)), parameters = 741 (Trainable)
  (localAttentionLayer_item): LocalAttention(
    (attention_layer): Sequential(
      (0): Conv2d(1, 1, kernel_size=(3, 1), stride=(1, 1))
      (1): Sigmoid()
    )
    (cnn): Sequential(
      (0): Conv2d(1, 20, kernel_size=(1, 1), stride=(1, 1))
      (1): Tanh()
      (2): MaxPool2d(kernel_size=(500, 1), stride=(500, 1), padding=0, dilation=1, ceil_mode=False)
    )
  ), weights = ((1, 1, 3, 1), (1,), (20, 1, 1, 1), (20,)), parameters = 44 (Trainable)
  (globalAttentionLayer_item): GlobalAttention(
    (attention_layer): Sequential(
      (0): Conv2d(1, 1, kernel_size=(500, 1), stride=(1, 1))
      (1): Sigmoid()
    )
    (cnn_1): Sequential(
      (0): Conv2d(1, 20, kernel_size=(2, 1), stride=(1, 1))
      (1): Tanh()
      (2): MaxPool2d(kernel_size=(499, 1), stride=(499, 1), padding=0, dilation=1, ceil_mode=False)
    )
    (cnn_2): Sequential(
      (0): Conv2d(1, 20, kernel_size=(3, 1), stride=(1, 1))
      (1): Tanh()
      (2): MaxPool2d(kernel_size=(498, 1), stride=(498, 1), padding=0, dilation=1, ceil_mode=False)
    )
    (cnn_3): Sequential(
      (0): Conv2d(1, 20, kernel_size=(4, 1), stride=(1, 1))
      (1): Tanh()
      (2): MaxPool2d(kernel_size=(497, 1), stride=(497, 1), padding=0, dilation=1, ceil_mode=False)
    )
  ), weights = ((1, 1, 500, 1), (1,), (20, 1, 2, 1), (20,), (20, 1, 3, 1), (20,), (20, 1, 4, 1), (20,)), parameters = 741 (Trainable)
  (fcLayer): Sequential (
    (0): Linear(in_features=80, out_features=200, bias=True), weights = ((200, 80), (200,)), parameters = 16,200 (Trainable)
    (1): Dropout(p=0.5, inplace=False), weights = (), parameters = 0
    (2): ReLU(), weights = (), parameters = 0
    (3): Linear(in_features=200, out_features=50, bias=True), weights = ((50, 200), (50,)), parameters = 10,050 (Trainable)
  ), weights = ((200, 80), (200,), (50, 200), (50,)), parameters = 26,250 (Trainable)
)
========================================================================================================================

[Epoch 1/10] Training Loss: 1.84034	Elapsed Time: 18.63s (0:00:18)
[Epoch 1] [Dev]  MSE: 1.12995, MAE: 0.88106
[Epoch 1] [Test] MSE: 1.12133, MAE: 0.88056

*** MODEL has obtained the best DEV MSE of 1.12995 so far!
*** The Best MODEL saved to "./__saved_models__/Small_Clothing - DAttn/Small_Clothing_DAttn_1234.pth"

[Epoch 2/10] Training Loss: 1.43655	Elapsed Time: 37.02s (0:00:37)
[Epoch 2] [Dev]  MSE: 1.05213, MAE: 0.82863
[Epoch 2] [Test] MSE: 1.01406, MAE: 0.81555

*** MODEL has obtained the best DEV MSE of 1.05213 so far!
*** The Best MODEL saved to "./__saved_models__/Small_Clothing - DAttn/Small_Clothing_DAttn_1234.pth"

[Epoch 3/10] Training Loss: 1.27876	Elapsed Time: 55.53s (0:00:55)
[Epoch 3] [Dev]  MSE: 1.05899, MAE: 0.84125
[Epoch 3] [Test] MSE: 1.06023, MAE: 0.85240

[Epoch 4/10] Training Loss: 1.15375	Elapsed Time: 74.15s (0:01:14)
[Epoch 4] [Dev]  MSE: 1.04027, MAE: 0.82025
[Epoch 4] [Test] MSE: 1.03657, MAE: 0.83235

*** MODEL has obtained the best DEV MSE of 1.04027 so far!
*** The Best MODEL saved to "./__saved_models__/Small_Clothing - DAttn/Small_Clothing_DAttn_1234.pth"

[Epoch 5/10] Training Loss: 1.03664	Elapsed Time: 92.78s (0:01:32)
[Epoch 5] [Dev]  MSE: 1.03507, MAE: 0.78981
[Epoch 5] [Test] MSE: 1.02153, MAE: 0.79893

*** MODEL has obtained the best DEV MSE of 1.03507 so far!
*** The Best MODEL saved to "./__saved_models__/Small_Clothing - DAttn/Small_Clothing_DAttn_1234.pth"

[Epoch 6/10] Training Loss: 0.92893	Elapsed Time: 111.41s (0:01:51)
[Epoch 6] [Dev]  MSE: 1.04709, MAE: 0.81495
[Epoch 6] [Test] MSE: 1.06552, MAE: 0.84382

[Epoch 7/10] Training Loss: 0.82989	Elapsed Time: 130.18s (0:02:10)
[Epoch 7] [Dev]  MSE: 1.04858, MAE: 0.79235
[Epoch 7] [Test] MSE: 1.06647, MAE: 0.82382

[Epoch 8/10] Training Loss: 0.73847	Elapsed Time: 148.79s (0:02:28)
[Epoch 8] [Dev]  MSE: 1.07831, MAE: 0.83222
[Epoch 8] [Test] MSE: 1.13852, MAE: 0.88142

[Epoch 9/10] Training Loss: 0.65650	Elapsed Time: 167.38s (0:02:47)
[Epoch 9] [Dev]  MSE: 1.07511, MAE: 0.78430
[Epoch 9] [Test] MSE: 1.11449, MAE: 0.83071

[Epoch 10/10] Training Loss: 0.58128	Elapsed Time: 185.99s (0:03:05)
[Epoch 10] [Dev]  MSE: 1.09745, MAE: 0.80709
[Epoch 10] [Test] MSE: 1.16279, MAE: 0.86438
*** The Last MODEL saved to "./__saved_models__/Small_Clothing - DAttn/Small_Clothing_DAttn_1234_10.pth"

[Training Loss]
[1.84034, 1.43655, 1.27876, 1.15375, 1.03664, 0.92893, 0.82989, 0.73847, 0.6565, 0.58128]

[Dev MSE]
[1.12995, 1.05213, 1.05899, 1.04027, 1.03507, 1.04709, 1.04858, 1.07831, 1.07511, 1.09745]
[Test MSE]
[1.12133, 1.01406, 1.06023, 1.03657, 1.02153, 1.06552, 1.06647, 1.13852, 1.11449, 1.16279]
[Test MAE]
[0.88056, 0.81555, 0.8524, 0.83235, 0.79893, 0.84382, 0.82382, 0.88142, 0.83071, 0.86438]


Best Dev MSE: 1.03507 (Obtained during Evaluation #5)
Test MSE: 1.02153, Test MAE: 0.79893

End of Program! Elapsed Time: 188.29s (0:03:08)
