
Dataset: Beauty

[args from argparse.ArgumentParser().parse_args()]
command: pretrained_vectors_simple.py -emb_dim 100 -d Beauty
dataset: Beauty
emb_dim: 100
emb_rand_init: 0.01
random_seed: 1337

[INPUT] Source Folder:                 ../datasets/
[INPUT] Category Folder:               ../datasets/Beauty/
[INPUT] env:                           ../datasets/Beauty/Beauty_env.pkl
[INPUT] Pretrained Word Embeddings:    ../datasets/glove.twitter.word2vec.27B.100d.txt

[OUTPUT] wid_wordEmbed:                ../datasets/Beauty/Beauty_wed100_wid_wordEmbed.npy

Loading word-to-wid mappings (i.e. word_wid) from "../datasets/Beauty/Beauty_env.pkl"

|V|: 50002

Finished processing pretrained embeddings..
# of words with pretrained embeddings: 37029

Embedding Matrix=(50002, 100), |V|=50002
# of Words w/ No Pretrained Embeddings=12973 (25.945%)

Embeddings successfully saved to '../datasets/Beauty/Beauty_wed100_wid_wordEmbed.npy'


Pretrained word embeddings for "Beauty" obtained after 74.43 seconds (1.24 minutes)

