
Dataset: Movies_and_TV

[args from argparse.ArgumentParser().parse_args()]
command: pretrained_vectors_simple.py -emb_dim 100 -d Movies_and_TV
dataset: Movies_and_TV
emb_dim: 100
emb_rand_init: 0.01
random_seed: 1337

[INPUT] Source Folder:                 ../datasets/
[INPUT] Category Folder:               ../datasets/Movies_and_TV/
[INPUT] env:                           ../datasets/Movies_and_TV/Movies_and_TV_env.pkl
[INPUT] Pretrained Word Embeddings:    ../datasets/glove.twitter.word2vec.27B.100d.txt

[OUTPUT] wid_wordEmbed:                ../datasets/Movies_and_TV/Movies_and_TV_wed100_wid_wordEmbed.npy

Loading word-to-wid mappings (i.e. word_wid) from "../datasets/Movies_and_TV/Movies_and_TV_env.pkl"

|V|: 50002

Finished processing pretrained embeddings..
# of words with pretrained embeddings: 44964

Embedding Matrix=(50002, 100), |V|=50002
# of Words w/ No Pretrained Embeddings=5038 (10.076%)

Embeddings successfully saved to '../datasets/Movies_and_TV/Movies_and_TV_wed100_wid_wordEmbed.npy'


Pretrained word embeddings for "Movies_and_TV" obtained after 77.03 seconds (1.28 minutes)

