
Dataset: Sports_and_Outdoors

[args from argparse.ArgumentParser().parse_args()]
command: pretrained_vectors_simple.py -emb_dim 100 -d Sports_and_Outdoors
dataset: Sports_and_Outdoors
emb_dim: 100
emb_rand_init: 0.01
random_seed: 1337

[INPUT] Source Folder:                 ../datasets/
[INPUT] Category Folder:               ../datasets/Sports_and_Outdoors/
[INPUT] env:                           ../datasets/Sports_and_Outdoors/Sports_and_Outdoors_env.pkl
[INPUT] Pretrained Word Embeddings:    ../datasets/glove.twitter.word2vec.27B.100d.txt

[OUTPUT] wid_wordEmbed:                ../datasets/Sports_and_Outdoors/Sports_and_Outdoors_wed100_wid_wordEmbed.npy

Loading word-to-wid mappings (i.e. word_wid) from "../datasets/Sports_and_Outdoors/Sports_and_Outdoors_env.pkl"

|V|: 50002

Finished processing pretrained embeddings..
# of words with pretrained embeddings: 38027

Embedding Matrix=(50002, 100), |V|=50002
# of Words w/ No Pretrained Embeddings=11975 (23.949%)

Embeddings successfully saved to '../datasets/Sports_and_Outdoors/Sports_and_Outdoors_wed100_wid_wordEmbed.npy'


Pretrained word embeddings for "Sports_and_Outdoors" obtained after 74.31 seconds (1.24 minutes)

