========================================================================================================================
  ARL_lr: 0.01
  ARL_path: 
  batch_size: 128
  channels_global: 100
  channels_local: 200
  command: -d Baby -m DAttn -e 10 -dr 0.9 -p 1 -v 50000 -K 5 -h1 50 -h2 50 -WED 100 -c_local 200 -c_global 100 -hiden_size 500 -output_size 50 -rs 1234 -gpu 0 -vb 1 -sm Baby_DAttn
  ctx_win_size: 3
  dataset: Baby
  disable_initial_eval: 0
  dropout_rate: 0.9
  epochs: 10
  filters_num: 100
  gpu: 0
  h1: 50
  h2: 50
  hidden_size: 500
  input_dir: ./datasets/Baby/
  L2_reg: 1e-06
  learning_rate: 0.002
  loss_function: MSELoss
  max_doc_len: 500
  max_vis_len: 500
  model: DAttn
  num_aspects: 5
  optimizer: Adam
  out_dir: ./experimental_results/Baby - DAttn/
  output_size: 50
  pretrained_src: 1
  random_seed: 1234
  save_model: Baby_DAttn
  use_cuda: True
  verbose: 1
  vocab_size: 50000
  word_embed_dim: 100
========================================================================================================================

[INFO] # of Users: 446,248, # of Items: 58,586

Creating model (Selected Model: DAttn)..
[args.use_cuda: True] Model is on the GPU! (args.gpu: 0, torch.cuda.current_device(): 0)
Model created! Elapsed Time: 3.25s (0.05 minute)

Loading uid_userDoc from "./datasets/Baby/Baby_uid_userDoc.npy"..
uid_userDoc loaded! [uid_userDoc: (446248, 500)]

Loading iid_itemDoc from "./datasets/Baby/Baby_iid_itemDoc.npy"..
iid_itemDoc loaded! [iid_itemDoc: (58586, 500)]

Loading pretrained word embeddings from "./datasets/Baby/Baby_wed100_wid_wordEmbed.npy"..
Pretrained word embeddings loaded! [wid_wEmbed: (50002, 100)]

Initialization Complete.. Elapsed Time: 21.97s (0.37 minute)

Train/Dev/Test splits loaded! |TRAIN|: 721,979, |DEV|: 47,357, |TEST|: 47,373
Train/Dev/Test splits loaded! Elapsed Time: 22.22s (0.37 minute)

Performing initial evaluation for VALIDATION set..
[Initial] [Dev]  MSE: 17.52483, MAE: 4.00761

Performing initial evaluation for TESTING set..
[Initial] [Test] MSE: 17.49612, MAE: 4.00450

Initial Evaluation Complete.. Elapsed Time: 44.35s (0.74 minute)

Optimizer: Adam, Loss Function: MSELoss

Model Size: 258,794,739
# of Trainable Parameters: 1,377,539
DAttn (
  (uid_userDoc): Embedding(446248, 500), weights = ((446248, 500),), parameters = 223,124,000
  (iid_itemDoc): Embedding(58586, 500), weights = ((58586, 500),), parameters = 29,293,000
  (wid_wEmbed): Embedding(50002, 100), weights = ((50002, 100),), parameters = 5,000,200
  (user_net): Net(
    (localAttentionLayer): LocalAttention(
      (attention_layer): Sequential(
        (0): Conv2d(1, 1, kernel_size=(3, 100), stride=(1, 1), padding=(1, 0))
        (1): Sigmoid()
      )
      (cnn): Sequential(
        (0): Conv2d(1, 200, kernel_size=(1, 100), stride=(1, 1))
        (1): Tanh()
      )
    )
    (globalAttentionLayer): GlobalAttention(
      (attention_layer): Sequential(
        (0): Conv2d(1, 1, kernel_size=(500, 100), stride=(1, 1))
        (1): Sigmoid()
      )
      (convs): ModuleList(
        (0): Conv2d(1, 100, kernel_size=(2, 100), stride=(1, 1))
        (1): Conv2d(1, 100, kernel_size=(3, 100), stride=(1, 1))
        (2): Conv2d(1, 100, kernel_size=(4, 100), stride=(1, 1))
      )
    )
    (fcLayer): Sequential(
      (0): Linear(in_features=500, out_features=500, bias=True)
      (1): Dropout(p=0.9, inplace=False)
      (2): ReLU()
      (3): Linear(in_features=500, out_features=50, bias=True)
    )
    (dropout): Dropout(p=0.9, inplace=False)
  ), weights = ((1, 1, 3, 100), (1,), (200, 1, 1, 100), (200,), (1, 1, 500, 100), (1,), (100, 1, 2, 100), (100,), (100, 1, 3, 100), (100,), (100, 1, 4, 100), (100,), (500, 500), (500,), (50, 500), (50,)), parameters = 436,352 (Trainable)
  (item_net): Net(
    (localAttentionLayer): LocalAttention(
      (attention_layer): Sequential(
        (0): Conv2d(1, 1, kernel_size=(3, 100), stride=(1, 1), padding=(1, 0))
        (1): Sigmoid()
      )
      (cnn): Sequential(
        (0): Conv2d(1, 200, kernel_size=(1, 100), stride=(1, 1))
        (1): Tanh()
      )
    )
    (globalAttentionLayer): GlobalAttention(
      (attention_layer): Sequential(
        (0): Conv2d(1, 1, kernel_size=(500, 100), stride=(1, 1))
        (1): Sigmoid()
      )
      (convs): ModuleList(
        (0): Conv2d(1, 100, kernel_size=(2, 100), stride=(1, 1))
        (1): Conv2d(1, 100, kernel_size=(3, 100), stride=(1, 1))
        (2): Conv2d(1, 100, kernel_size=(4, 100), stride=(1, 1))
      )
    )
    (fcLayer): Sequential(
      (0): Linear(in_features=500, out_features=500, bias=True)
      (1): Dropout(p=0.9, inplace=False)
      (2): ReLU()
      (3): Linear(in_features=500, out_features=50, bias=True)
    )
    (dropout): Dropout(p=0.9, inplace=False)
  ), weights = ((1, 1, 3, 100), (1,), (200, 1, 1, 100), (200,), (1, 1, 500, 100), (1,), (100, 1, 2, 100), (100,), (100, 1, 3, 100), (100,), (100, 1, 4, 100), (100,), (500, 500), (500,), (50, 500), (50,)), parameters = 436,352 (Trainable)
  (DAttn_RatingPred): DAttn_RatingPred(
    (uid_userOffset): Embedding(446248, 1)
    (iid_itemOffset): Embedding(58586, 1)
    (globalOffset): Parameter(1,)
  ), weights = ((1,), (446248, 1), (58586, 1)), parameters = 504,835 (Trainable)
)
========================================================================================================================

[Epoch 1/10] Training Loss: 1.59110	Elapsed Time: 573.08s (0:09:33)
[Epoch 1] [Dev]  MSE: 1.34043, MAE: 0.94086
[Epoch 1] [Test] MSE: 1.34470, MAE: 0.94272

*** MODEL has obtained the best DEV MSE of 1.34043 so far!
*** The Best MODEL saved to "./__saved_models__/Baby - DAttn/Baby_DAttn_1234.pth"

[Epoch 2/10] Training Loss: 1.13091	Elapsed Time: 1,165.29s (0:19:25)
[Epoch 2] [Dev]  MSE: 1.28144, MAE: 0.88566
[Epoch 2] [Test] MSE: 1.28090, MAE: 0.88654

*** MODEL has obtained the best DEV MSE of 1.28144 so far!
*** The Best MODEL saved to "./__saved_models__/Baby - DAttn/Baby_DAttn_1234.pth"

[Epoch 3/10] Training Loss: 1.00404	Elapsed Time: 1,748.56s (0:29:08)
[Epoch 3] [Dev]  MSE: 1.31385, MAE: 0.86629
[Epoch 3] [Test] MSE: 1.31729, MAE: 0.86972

[Epoch 4/10] Training Loss: 0.97617	Elapsed Time: 2,332.42s (0:38:52)
[Epoch 4] [Dev]  MSE: 1.28898, MAE: 0.85729
[Epoch 4] [Test] MSE: 1.28889, MAE: 0.85892

[Epoch 5/10] Training Loss: 0.91146	Elapsed Time: 2,910.41s (0:48:30)
[Epoch 5] [Dev]  MSE: 1.28184, MAE: 0.87299
[Epoch 5] [Test] MSE: 1.27306, MAE: 0.87198

[Epoch 6/10] Training Loss: 0.85535	Elapsed Time: 3,507.90s (0:58:27)
[Epoch 6] [Dev]  MSE: 1.31195, MAE: 0.86598
[Epoch 6] [Test] MSE: 1.30944, MAE: 0.86752

[Epoch 7/10] Training Loss: 0.81464	Elapsed Time: 4,086.88s (1:08:06)
[Epoch 7] [Dev]  MSE: 1.34910, MAE: 0.87565
[Epoch 7] [Test] MSE: 1.34526, MAE: 0.87561

[Epoch 8/10] Training Loss: 0.73642	Elapsed Time: 4,660.24s (1:17:40)
[Epoch 8] [Dev]  MSE: 1.33107, MAE: 0.86351
[Epoch 8] [Test] MSE: 1.31994, MAE: 0.86103

[Epoch 9/10] Training Loss: 0.74570	Elapsed Time: 5,240.34s (1:27:20)
[Epoch 9] [Dev]  MSE: 1.36637, MAE: 0.86746
[Epoch 9] [Test] MSE: 1.36505, MAE: 0.86778

[Epoch 10/10] Training Loss: 0.70721	Elapsed Time: 5,823.05s (1:37:03)
[Epoch 10] [Dev]  MSE: 1.37858, MAE: 0.87316
[Epoch 10] [Test] MSE: 1.37576, MAE: 0.87355
*** The Last MODEL saved to "./__saved_models__/Baby - DAttn/Baby_DAttn_1234_10.pth"

[Training Loss]
[1.5911, 1.13091, 1.00404, 0.97617, 0.91146, 0.85535, 0.81464, 0.73642, 0.7457, 0.70721]

[Dev MSE]
[1.34043, 1.28144, 1.31385, 1.28898, 1.28184, 1.31195, 1.3491, 1.33107, 1.36637, 1.37858]
[Test MSE]
[1.3447, 1.2809, 1.31729, 1.28889, 1.27306, 1.30944, 1.34526, 1.31994, 1.36505, 1.37576]
[Test MAE]
[0.94272, 0.88654, 0.86972, 0.85892, 0.87198, 0.86752, 0.87561, 0.86103, 0.86778, 0.87355]


Best Dev MSE: 1.28144 (Obtained during Evaluation #2)
Test MSE: 1.28090, Test MAE: 0.88654

End of Program! Elapsed Time: 5,889.32s (1:38:09)
