========================================================================================================================
  ARL_lr: 0.01
  ARL_path: 
  batch_size: 128
  channels_global: 100
  channels_local: 200
  command: -d Home_and_Kitchen -m MSANR -e 10 -dr 0.9 -WED 300 -p 1 -v 50000 -K 5 -h1 50 -h2 50 -output_size 50 -rs 1234 -gpu 0 -vb 1 -sm Home_and_Kitchen_MSANR
  ctx_win_size: 3
  dataset: Home_and_Kitchen
  disable_initial_eval: 0
  dropout_rate: 0.9
  epochs: 10
  filters_num: 100
  gpu: 0
  h1: 50
  h2: 50
  hidden_size: 500
  input_dir: ./datasets/Home_and_Kitchen/
  L2_reg: 1e-06
  learning_rate: 0.002
  loss_function: MSELoss
  max_doc_len: 500
  max_vis_len: 500
  model: MSANR
  num_aspects: 5
  optimizer: Adam
  out_dir: ./experimental_results/Home_and_Kitchen - MSANR/
  output_size: 50
  pretrained_src: 1
  random_seed: 1234
  save_model: Home_and_Kitchen_MSANR
  use_cuda: True
  verbose: 1
  vocab_size: 50000
  word_embed_dim: 300
========================================================================================================================

[INFO] # of Users: 662,395, # of Items: 177,303

Creating model (Selected Model: MSANR)..
[args.use_cuda: True] Model is on the GPU! (args.gpu: 0, torch.cuda.current_device(): 0)
Model created! Elapsed Time: 4.76s (0.08 minute)

Loading uid_userDoc from "./datasets/Home_and_Kitchen/Home_and_Kitchen_uid_userDoc.npy"..
uid_userDoc loaded! [uid_userDoc: (662395, 500)]

Loading iid_itemDoc from "./datasets/Home_and_Kitchen/Home_and_Kitchen_iid_itemDoc.npy"..
iid_itemDoc loaded! [iid_itemDoc: (177303, 500)]

Loading pretrained word embeddings from "./datasets/Home_and_Kitchen/Home_and_Kitchen_wed300_wid_wordEmbed.npy"..
Pretrained word embeddings loaded! [wid_wEmbed: (50002, 300)]

Initialization Complete.. Elapsed Time: 28.67s (0.48 minute)

Train/Dev/Test splits loaded! |TRAIN|: 800,000, |DEV|: 24,704, |TEST|: 24,485
Train/Dev/Test splits loaded! Elapsed Time: 28.94s (0.48 minute)

Performing initial evaluation for VALIDATION set..
[Initial] [Dev]  MSE: 19.50891, MAE: 4.25785

Performing initial evaluation for TESTING set..
[Initial] [Test] MSE: 19.45591, MAE: 4.24840

Initial Evaluation Complete.. Elapsed Time: 47.36s (0.79 minute)

Parameters with L2 Regularization (Regularization Strength: 1e-06):
MSANR_RatingPred.uid_userOffset.weight, MSANR_RatingPred.iid_itemOffset.weight

Optimizer: Adam, Loss Function: MSELoss

Model Size: 435,768,299
# of Trainable Parameters: 918,699
MSANR (
  (uid_userDoc): Embedding(662395, 500), weights = ((662395, 500),), parameters = 331,197,500
  (iid_itemDoc): Embedding(177303, 500), weights = ((177303, 500),), parameters = 88,651,500
  (wid_wEmbed): Embedding(50002, 300), weights = ((50002, 300),), parameters = 15,000,600
  (MSANR_ARL): MSANR_ARL(
    (aspEmbed): ModuleList(
      (0): Embedding(5, 150)
      (1): Embedding(5, 250)
      (2): Embedding(5, 350)
    )
    (filterEmbed): Embedding(5, 50)
    (aspProj): Parameter(5, 300, 50)
  ), weights = ((5, 300, 50), (5, 150), (5, 250), (5, 350), (5, 50)), parameters = 79,000 (Trainable)
  (MSANR_RatingPred): MSANR_RatingPred(
    (userAspRepDropout): Dropout(p=0.9, inplace=False)
    (itemAspRepDropout): Dropout(p=0.9, inplace=False)
    (uid_userOffset): Embedding(662395, 1)
    (iid_itemOffset): Embedding(177303, 1)
    (globalOffset): Parameter(1,)
  ), weights = ((1,), (662395, 1), (177303, 1)), parameters = 839,699 (Trainable)
)
========================================================================================================================

[Epoch 1/10] Training Loss: 2.44191	Elapsed Time: 772.82s (0:12:52)
[Epoch 1] [Dev]  MSE: 1.31539, MAE: 0.92756
[Epoch 1] [Test] MSE: 1.34083, MAE: 0.93214

*** MODEL has obtained the best DEV MSE of 1.31539 so far!
*** The Best MODEL saved to "./__saved_models__/Home_and_Kitchen - MSANR/Home_and_Kitchen_MSANR_1234.pth"

[Epoch 2/10] Training Loss: 1.44972	Elapsed Time: 1,564.84s (0:26:04)
[Epoch 2] [Dev]  MSE: 1.27263, MAE: 0.88112
[Epoch 2] [Test] MSE: 1.29924, MAE: 0.88599

*** MODEL has obtained the best DEV MSE of 1.27263 so far!
*** The Best MODEL saved to "./__saved_models__/Home_and_Kitchen - MSANR/Home_and_Kitchen_MSANR_1234.pth"

[Epoch 3/10] Training Loss: 1.32834	Elapsed Time: 2,356.77s (0:39:16)
[Epoch 3] [Dev]  MSE: 1.26560, MAE: 0.86988
[Epoch 3] [Test] MSE: 1.29745, MAE: 0.87756

*** MODEL has obtained the best DEV MSE of 1.26560 so far!
*** The Best MODEL saved to "./__saved_models__/Home_and_Kitchen - MSANR/Home_and_Kitchen_MSANR_1234.pth"

[Epoch 4/10] Training Loss: 1.25964	Elapsed Time: 3,148.70s (0:52:28)
[Epoch 4] [Dev]  MSE: 1.27145, MAE: 0.86132
[Epoch 4] [Test] MSE: 1.30406, MAE: 0.86936

[Epoch 5/10] Training Loss: 1.19264	Elapsed Time: 3,940.66s (1:05:40)
[Epoch 5] [Dev]  MSE: 1.28261, MAE: 0.85010
[Epoch 5] [Test] MSE: 1.32006, MAE: 0.85982

[Epoch 6/10] Training Loss: 1.33026	Elapsed Time: 4,732.65s (1:18:52)
[Epoch 6] [Dev]  MSE: 1.27640, MAE: 0.84961
[Epoch 6] [Test] MSE: 1.30978, MAE: 0.85874

[Epoch 7/10] Training Loss: 1.12265	Elapsed Time: 5,524.69s (1:32:04)
[Epoch 7] [Dev]  MSE: 1.29254, MAE: 0.85454
[Epoch 7] [Test] MSE: 1.32613, MAE: 0.86301

[Epoch 8/10] Training Loss: 1.11031	Elapsed Time: 6,316.73s (1:45:16)
[Epoch 8] [Dev]  MSE: 1.29813, MAE: 0.85499
[Epoch 8] [Test] MSE: 1.33288, MAE: 0.86335

[Epoch 9/10] Training Loss: 1.07602	Elapsed Time: 7,108.51s (1:58:28)
[Epoch 9] [Dev]  MSE: 1.30131, MAE: 0.86087
[Epoch 9] [Test] MSE: 1.33257, MAE: 0.86877

[Epoch 10/10] Training Loss: 1.11873	Elapsed Time: 7,900.52s (2:11:40)
[Epoch 10] [Dev]  MSE: 1.30701, MAE: 0.85881
[Epoch 10] [Test] MSE: 1.33844, MAE: 0.86635
*** The Last MODEL saved to "./__saved_models__/Home_and_Kitchen - MSANR/Home_and_Kitchen_MSANR_1234_10.pth"

[Training Loss]
[2.44191, 1.44972, 1.32834, 1.25964, 1.19264, 1.33026, 1.12265, 1.11031, 1.07602, 1.11873]

[Dev MSE]
[1.31539, 1.27263, 1.2656, 1.27145, 1.28261, 1.2764, 1.29254, 1.29813, 1.30131, 1.30701]
[Test MSE]
[1.34083, 1.29924, 1.29745, 1.30406, 1.32006, 1.30978, 1.32613, 1.33288, 1.33257, 1.33844]
[Test MAE]
[0.93214, 0.88599, 0.87756, 0.86936, 0.85982, 0.85874, 0.86301, 0.86335, 0.86877, 0.86635]


Best Dev MSE: 1.26560 (Obtained during Evaluation #3)
Test MSE: 1.29745, Test MAE: 0.87756

End of Program! Elapsed Time: 7,966.18s (2:12:46)
