========================================================================================================================
  ARL_lr: 0.01
  ARL_path: 
  batch_size: 128
  channels_global: 100
  channels_local: 200
  command: -d Beauty -m DeepCoNN -e 10 -dr 0.5 -p 1 -v 50000 -K 5 -h1 10 -h2 50 -filters_num 100 -output_size 50 -rs 1234 -gpu 0 -vb 1 -sm Beauty_DeepCoNN
  ctx_win_size: 3
  dataset: Beauty
  disable_initial_eval: 0
  dropout_rate: 0.5
  epochs: 10
  filters_num: 100
  gpu: 0
  h1: 10
  h2: 50
  hidden_size: 500
  input_dir: ./datasets/Beauty/
  L2_reg: 1e-06
  learning_rate: 0.002
  loss_function: MSELoss
  max_doc_len: 500
  max_vis_len: 500
  model: DeepCoNN
  num_aspects: 5
  optimizer: Adam
  out_dir: ./experimental_results/Beauty - DeepCoNN/
  output_size: 50
  pretrained_src: 1
  random_seed: 1234
  save_model: Beauty_DeepCoNN
  use_cuda: True
  verbose: 1
  vocab_size: 50000
  word_embed_dim: 300
========================================================================================================================

[INFO] # of Users: 588,069, # of Items: 161,739

Creating model (Selected Model: DeepCoNN)..
[args.use_cuda: True] Model is on the GPU! (args.gpu: 0, torch.cuda.current_device(): 0)
Model created! Elapsed Time: 4.28s (0.07 minute)

Loading uid_userDoc from "./datasets/Beauty/Beauty_uid_userDoc.npy"..
uid_userDoc loaded! [uid_userDoc: (588069, 500)]

Loading iid_itemDoc from "./datasets/Beauty/Beauty_iid_itemDoc.npy"..
iid_itemDoc loaded! [iid_itemDoc: (161739, 500)]

Loading pretrained word embeddings from "./datasets/Beauty/Beauty_wid_wordEmbed.npy"..
Pretrained word embeddings loaded! [wid_wEmbed: (50002, 300)]

Initialization Complete.. Elapsed Time: 31.10s (0.52 minute)

Train/Dev/Test splits loaded! |TRAIN|: 800,000, |DEV|: 35,826, |TEST|: 35,569
Train/Dev/Test splits loaded! Elapsed Time: 31.37s (0.52 minute)

Performing initial evaluation for VALIDATION set..
[Initial] [Dev]  MSE: 14.49373, MAE: 3.60337

Performing initial evaluation for TESTING set..
[Initial] [Test] MSE: 14.53823, MAE: 3.61283

Initial Evaluation Complete.. Elapsed Time: 37.25s (0.62 minute)

Optimizer: Adam, Loss Function: MSELoss

Model Size: 390,844,709
# of Trainable Parameters: 940,109
DeepCoNN (
  (uid_userDoc): Embedding(588069, 500), weights = ((588069, 500),), parameters = 294,034,500
  (iid_itemDoc): Embedding(161739, 500), weights = ((161739, 500),), parameters = 80,869,500
  (wid_wEmbed): Embedding(50002, 300), weights = ((50002, 300),), parameters = 15,000,600
  (user_CNN): Conv2d(1, 100, kernel_size=(3, 300), stride=(1, 1)), weights = ((100, 1, 3, 300), (100,)), parameters = 90,100 (Trainable)
  (item_CNN): Conv2d(1, 100, kernel_size=(3, 300), stride=(1, 1)), weights = ((100, 1, 3, 300), (100,)), parameters = 90,100 (Trainable)
  (user_fcLayer): Linear(in_features=100, out_features=50, bias=True), weights = ((50, 100), (50,)), parameters = 5,050 (Trainable)
  (item_fcLayer): Linear(in_features=100, out_features=50, bias=True), weights = ((50, 100), (50,)), parameters = 5,050 (Trainable)
  (userDropout): Dropout(p=0.5, inplace=False), weights = (), parameters = 0
  (itemDropout): Dropout(p=0.5, inplace=False), weights = (), parameters = 0
  (DeepCoNN_RatingPred): DeepCoNN_RatingPred(
    (uid_userOffset): Embedding(588069, 1)
    (iid_itemOffset): Embedding(161739, 1)
    (globalOffset): Parameter(1,)
  ), weights = ((1,), (588069, 1), (161739, 1)), parameters = 749,809 (Trainable)
)
========================================================================================================================

[Epoch 1/10] Training Loss: 1.25007	Elapsed Time: 123.54s (0:02:03)
[Epoch 1] [Dev]  MSE: 1.64546, MAE: 0.94071
[Epoch 1] [Test] MSE: 1.61670, MAE: 0.93337

*** MODEL has obtained the best DEV MSE of 1.64546 so far!
*** The Best MODEL saved to "./__saved_models__/Beauty - DeepCoNN/Beauty_DeepCoNN_1234.pth"

[Epoch 2/10] Training Loss: 0.83391	Elapsed Time: 253.03s (0:04:13)
[Epoch 2] [Dev]  MSE: 1.72749, MAE: 0.93187
[Epoch 2] [Test] MSE: 1.69469, MAE: 0.92310

[Epoch 3/10] Training Loss: 0.74352	Elapsed Time: 382.42s (0:06:22)
[Epoch 3] [Dev]  MSE: 1.64726, MAE: 0.96326
[Epoch 3] [Test] MSE: 1.62869, MAE: 0.95897

[Epoch 4/10] Training Loss: 0.67510	Elapsed Time: 511.85s (0:08:31)
[Epoch 4] [Dev]  MSE: 1.63099, MAE: 0.92240
[Epoch 4] [Test] MSE: 1.60456, MAE: 0.91533

*** MODEL has obtained the best DEV MSE of 1.63099 so far!
*** The Best MODEL saved to "./__saved_models__/Beauty - DeepCoNN/Beauty_DeepCoNN_1234.pth"

[Epoch 5/10] Training Loss: 0.62137	Elapsed Time: 641.24s (0:10:41)
[Epoch 5] [Dev]  MSE: 1.63327, MAE: 0.91524
[Epoch 5] [Test] MSE: 1.60357, MAE: 0.90722

[Epoch 6/10] Training Loss: 0.57853	Elapsed Time: 770.60s (0:12:50)
[Epoch 6] [Dev]  MSE: 1.62823, MAE: 0.91795
[Epoch 6] [Test] MSE: 1.60427, MAE: 0.91153

*** MODEL has obtained the best DEV MSE of 1.62823 so far!
*** The Best MODEL saved to "./__saved_models__/Beauty - DeepCoNN/Beauty_DeepCoNN_1234.pth"

[Epoch 7/10] Training Loss: 0.54109	Elapsed Time: 900.00s (0:14:59)
[Epoch 7] [Dev]  MSE: 1.66841, MAE: 0.91906
[Epoch 7] [Test] MSE: 1.64123, MAE: 0.91229

[Epoch 8/10] Training Loss: 0.50908	Elapsed Time: 1,029.37s (0:17:09)
[Epoch 8] [Dev]  MSE: 1.65643, MAE: 0.92579
[Epoch 8] [Test] MSE: 1.63215, MAE: 0.91907

[Epoch 9/10] Training Loss: 0.48172	Elapsed Time: 1,158.74s (0:19:18)
[Epoch 9] [Dev]  MSE: 1.67163, MAE: 0.92270
[Epoch 9] [Test] MSE: 1.64286, MAE: 0.91497

[Epoch 10/10] Training Loss: 0.45740	Elapsed Time: 1,288.15s (0:21:28)
[Epoch 10] [Dev]  MSE: 1.68429, MAE: 0.93129
[Epoch 10] [Test] MSE: 1.65815, MAE: 0.92390
*** The Last MODEL saved to "./__saved_models__/Beauty - DeepCoNN/Beauty_DeepCoNN_1234_10.pth"

[Training Loss]
[1.25007, 0.83391, 0.74352, 0.6751, 0.62137, 0.57853, 0.54109, 0.50908, 0.48172, 0.4574]

[Dev MSE]
[1.64546, 1.72749, 1.64726, 1.63099, 1.63327, 1.62823, 1.66841, 1.65643, 1.67163, 1.68429]
[Test MSE]
[1.6167, 1.69469, 1.62869, 1.60456, 1.60357, 1.60427, 1.64123, 1.63215, 1.64286, 1.65815]
[Test MAE]
[0.93337, 0.9231, 0.95897, 0.91533, 0.90722, 0.91153, 0.91229, 0.91907, 0.91497, 0.9239]


Best Dev MSE: 1.62823 (Obtained during Evaluation #6)
Test MSE: 1.60427, Test MAE: 0.91153

End of Program! Elapsed Time: 1,331.20s (0:22:11)
