========================================================================================================================
  ARL_lr: 0.01
  ARL_path: Health_and_Personal_Care_ANRS_1337
  batch_size: 128
  channels_global: 100
  channels_local: 200
  command: -d Health_and_Personal_Care -m ANR -e 10 -dr 0.9 -WED 300 -h1 50 -h2 50 -p 1 -v 50000 -rs 1234 -gpu 0 -vb 1 -sm Health_and_Personal_Care_ANR -ARL_path Health_and_Personal_Care_ANRS_1337
  ctx_win_size: 3
  dataset: Health_and_Personal_Care
  disable_initial_eval: 0
  dropout_rate: 0.9
  epochs: 10
  filters_num: 100
  gpu: 0
  h1: 50
  h2: 50
  hidden_size: 500
  input_dir: ./datasets/Health_and_Personal_Care/
  L2_reg: 1e-06
  learning_rate: 0.002
  loss_function: MSELoss
  max_doc_len: 500
  max_vis_len: 500
  model: ANR
  num_aspects: 5
  optimizer: Adam
  out_dir: ./experimental_results/Health_and_Personal_Care - ANR/
  output_size: 50
  pretrained_src: 1
  random_seed: 1234
  save_model: Health_and_Personal_Care_ANR
  use_cuda: True
  verbose: 1
  vocab_size: 50000
  word_embed_dim: 300
========================================================================================================================

[INFO] # of Users: 640,558, # of Items: 140,129

Creating model (Selected Model: ANR)..
[args.use_cuda: True] Model is on the GPU! (args.gpu: 0, torch.cuda.current_device(): 0)
Model created! Elapsed Time: 4.39s (0.07 minute)

Loading uid_userDoc from "./datasets/Health_and_Personal_Care/Health_and_Personal_Care_uid_userDoc.npy"..
uid_userDoc loaded! [uid_userDoc: (640558, 500)]

Loading iid_itemDoc from "./datasets/Health_and_Personal_Care/Health_and_Personal_Care_iid_itemDoc.npy"..
iid_itemDoc loaded! [iid_itemDoc: (140129, 500)]

Loading pretrained word embeddings from "./datasets/Health_and_Personal_Care/Health_and_Personal_Care_wed300_wid_wordEmbed.npy"..
Pretrained word embeddings loaded! [wid_wEmbed: (50002, 300)]

Loading pretrained ARL weights of "ANR" for dataset "Health_and_Personal_Care" from "./__saved_models__/Health_and_Personal_Care - ANRS/Health_and_Personal_Care_ANRS_1337.pth"!
Loading pretrained ARL weights on GPU "0"!

Loaded pretrained model states:

	shared_ANR_ARL.aspProj
	shared_ANR_ARL.aspEmbed.weight

Pretrained model states transferred to current model!

*** "shared_ANR_ARL.aspProj, shared_ANR_ARL.aspEmbed.weight" are FINE-TUNED!! ***


Initialization Complete.. Elapsed Time: 29.40s (0.49 minute)

Train/Dev/Test splits loaded! |TRAIN|: 800,000, |DEV|: 28,579, |TEST|: 28,406
Train/Dev/Test splits loaded! Elapsed Time: 29.68s (0.49 minute)

Performing initial evaluation for VALIDATION set..
[Initial] [Dev]  MSE: 19.12177, MAE: 4.19743

Performing initial evaluation for TESTING set..
[Initial] [Test] MSE: 19.23271, MAE: 4.21436

Initial Evaluation Complete.. Elapsed Time: 36.89s (0.61 minute)

Parameters that are fine-tuned using a smaller LR (LR: 2e-05):
shared_ANR_ARL.aspProj, shared_ANR_ARL.aspEmbed.weight

Parameters with L2 Regularization (Regularization Strength: 1e-06):
ANR_RatingPred.uid_userOffset.weight, ANR_RatingPred.iid_itemOffset.weight

Optimizer: Adam, Loss Function: MSELoss

Model Size: 406,208,138
# of Trainable Parameters: 864,038
ANR (
  (uid_userDoc): Embedding(640558, 500), weights = ((640558, 500),), parameters = 320,279,000
  (iid_itemDoc): Embedding(140129, 500), weights = ((140129, 500),), parameters = 70,064,500
  (wid_wEmbed): Embedding(50002, 300), weights = ((50002, 300),), parameters = 15,000,600
  (shared_ANR_ARL): ANR_ARL(
    (aspEmbed): Embedding(5, 150)
    (aspProj): Parameter(5, 300, 50)
  ), weights = ((5, 300, 50), (5, 150)), parameters = 75,750 (Trainable)
  (ANR_AIE): ANR_AIE(  (W_a): Parameter(50, 50)
    (W_u): Parameter(50, 50)
    (w_hu): Parameter(50, 1)
    (W_i): Parameter(50, 50)
    (w_hi): Parameter(50, 1)
  ), weights = ((50, 50), (50, 50), (50, 1), (50, 50), (50, 1)), parameters = 7,600 (Trainable)
  (ANR_RatingPred): ANR_RatingPred(
    (userAspRepDropout): Dropout(p=0.9, inplace=False)
    (itemAspRepDropout): Dropout(p=0.9, inplace=False)
    (uid_userOffset): Embedding(640558, 1)
    (iid_itemOffset): Embedding(140129, 1)
    (globalOffset): Parameter(1,)
  ), weights = ((1,), (640558, 1), (140129, 1)), parameters = 780,688 (Trainable)
)
========================================================================================================================

[Epoch 1/10] Training Loss: 3.75066	Elapsed Time: 236.47s (0:03:56)
[Epoch 1] [Dev]  MSE: 1.41530, MAE: 0.94189
[Epoch 1] [Test] MSE: 1.38453, MAE: 0.93164

*** MODEL has obtained the best DEV MSE of 1.41530 so far!
*** The Best MODEL saved to "./__saved_models__/Health_and_Personal_Care - ANR/Health_and_Personal_Care_ANR_1234.pth"

[Epoch 2/10] Training Loss: 1.53255	Elapsed Time: 480.11s (0:08:00)
[Epoch 2] [Dev]  MSE: 1.36254, MAE: 0.91519
[Epoch 2] [Test] MSE: 1.33106, MAE: 0.90344

*** MODEL has obtained the best DEV MSE of 1.36254 so far!
*** The Best MODEL saved to "./__saved_models__/Health_and_Personal_Care - ANR/Health_and_Personal_Care_ANR_1234.pth"

[Epoch 3/10] Training Loss: 1.38874	Elapsed Time: 723.76s (0:12:03)
[Epoch 3] [Dev]  MSE: 1.35236, MAE: 0.89705
[Epoch 3] [Test] MSE: 1.32132, MAE: 0.88467

*** MODEL has obtained the best DEV MSE of 1.35236 so far!
*** The Best MODEL saved to "./__saved_models__/Health_and_Personal_Care - ANR/Health_and_Personal_Care_ANR_1234.pth"

[Epoch 4/10] Training Loss: 1.29790	Elapsed Time: 967.51s (0:16:07)
[Epoch 4] [Dev]  MSE: 1.35374, MAE: 0.88819
[Epoch 4] [Test] MSE: 1.32364, MAE: 0.87566

[Epoch 5/10] Training Loss: 1.23772	Elapsed Time: 1,211.07s (0:20:11)
[Epoch 5] [Dev]  MSE: 1.36042, MAE: 0.88992
[Epoch 5] [Test] MSE: 1.33149, MAE: 0.87757

[Epoch 6/10] Training Loss: 1.19606	Elapsed Time: 1,454.71s (0:24:14)
[Epoch 6] [Dev]  MSE: 1.36706, MAE: 0.88101
[Epoch 6] [Test] MSE: 1.33908, MAE: 0.86887

[Epoch 7/10] Training Loss: 1.16544	Elapsed Time: 1,698.48s (0:28:18)
[Epoch 7] [Dev]  MSE: 1.37245, MAE: 0.88384
[Epoch 7] [Test] MSE: 1.34410, MAE: 0.87171

[Epoch 8/10] Training Loss: 1.14183	Elapsed Time: 1,942.10s (0:32:22)
[Epoch 8] [Dev]  MSE: 1.37703, MAE: 0.88148
[Epoch 8] [Test] MSE: 1.35111, MAE: 0.86987

[Epoch 9/10] Training Loss: 1.12225	Elapsed Time: 2,185.75s (0:36:25)
[Epoch 9] [Dev]  MSE: 1.38185, MAE: 0.88097
[Epoch 9] [Test] MSE: 1.35664, MAE: 0.86902

[Epoch 10/10] Training Loss: 1.10601	Elapsed Time: 2,429.45s (0:40:29)
[Epoch 10] [Dev]  MSE: 1.38571, MAE: 0.88089
[Epoch 10] [Test] MSE: 1.35890, MAE: 0.86853
*** The Last MODEL saved to "./__saved_models__/Health_and_Personal_Care - ANR/Health_and_Personal_Care_ANR_1234_10.pth"

[Training Loss]
[3.75066, 1.53255, 1.38874, 1.2979, 1.23772, 1.19606, 1.16544, 1.14183, 1.12225, 1.10601]

[Dev MSE]
[1.4153, 1.36254, 1.35236, 1.35374, 1.36042, 1.36706, 1.37245, 1.37703, 1.38185, 1.38571]
[Test MSE]
[1.38453, 1.33106, 1.32132, 1.32364, 1.33149, 1.33908, 1.3441, 1.35111, 1.35664, 1.3589]
[Test MAE]
[0.93164, 0.90344, 0.88467, 0.87566, 0.87757, 0.86887, 0.87171, 0.86987, 0.86902, 0.86853]


Best Dev MSE: 1.35236 (Obtained during Evaluation #3)
Test MSE: 1.32132, Test MAE: 0.88467

End of Program! Elapsed Time: 2,473.43s (0:41:13)
