========================================================================================================================
  ARL_lr: 0.01
  ARL_path: 
  batch_size: 128
  channels_global: 10
  channels_local: 10
  command: -d Automotive -m VANRA -e 15 -dr 0.9 -p 1 -v 50000 -K 5 -h1 10 -h2 50 -c_local 10 -c_global 10 -hiden_size 100 -output_size 50 -rs 1234 -gpu 0 -vb 1 -sm Automotive_VANRA
  ctx_win_size: 3
  dataset: Automotive
  disable_initial_eval: 0
  dropout_rate: 0.9
  epochs: 15
  gpu: 0
  h1: 10
  h2: 50
  hidden_size: 100
  input_dir: ./datasets/Automotive/
  L2_reg: 1e-06
  learning_rate: 0.002
  loss_function: MSELoss
  max_doc_len: 500
  max_vis_len: 500
  model: VANRA
  num_aspects: 5
  optimizer: Adam
  out_dir: ./experimental_results/Automotive - VANRA/
  output_size: 50
  pretrained_src: 1
  random_seed: 1234
  save_model: Automotive_VANRA
  use_cuda: True
  verbose: 1
  vocab_size: 50000
  word_embed_dim: 300
========================================================================================================================

[INFO] # of Users: 561,942, # of Items: 233,577

Creating model (Selected Model: VANRA)..
[args.use_cuda: True] Model is on the GPU! (args.gpu: 0, torch.cuda.current_device(): 0)
Model created! Elapsed Time: 13.84s (0.23 minute)

Loading uid_userDoc from "./datasets/Automotive/Automotive_uid_userDoc.npy"..
uid_userDoc loaded! [uid_userDoc: (561942, 500)]

Loading iid_itemDoc from "./datasets/Automotive/Automotive_iid_itemDoc.npy"..
iid_itemDoc loaded! [iid_itemDoc: (233577, 500)]

Loading pretrained word embeddings from "./datasets/Automotive/Automotive_wid_wordEmbed.npy"..
Pretrained word embeddings loaded! [wid_wEmbed: (50002, 300)]

Loading uid_userVis from "./datasets/Automotive/Automotive_uid_userVis.npy"..
uid_userVis loaded! [uid_userVis: (561942, 500)]

Loading iid_itemVis from "./datasets/Automotive/Automotive_iid_itemVis.npy"..
iid_itemVis loaded! [iid_itemVis: (233577, 500)]

Initialization Complete.. Elapsed Time: 83.54s (1.39 minutes)

Train/Dev/Test splits loaded! |TRAIN|: 800,000, |DEV|: 35,546, |TEST|: 35,690
Train/Dev/Test splits loaded! Elapsed Time: 84.08s (1.40 minutes)

Performing initial evaluation for VALIDATION set..
[Initial] [Dev]  MSE: 19.90898, MAE: 4.31542

Performing initial evaluation for TESTING set..
[Initial] [Test] MSE: 19.87953, MAE: 4.30980

Initial Evaluation Complete.. Elapsed Time: 91.21s (1.52 minutes)

Parameters with L2 Regularization (Regularization Strength: 1e-06):
VANRA_RatingPred.uid_userOffset.weight, VANRA_RatingPred.iid_itemOffset.weight

Optimizer: Adam, Loss Function: MSELoss

Model Size: 811,441,778
# of Trainable Parameters: 922,178
VANRA (
  (uid_userDoc): Embedding(561942, 500), weights = ((561942, 500),), parameters = 280,971,000
  (iid_itemDoc): Embedding(233577, 500), weights = ((233577, 500),), parameters = 116,788,500
  (wid_wEmbed): Embedding(50002, 300), weights = ((50002, 300),), parameters = 15,000,600
  (uid_userVis): Embedding(561942, 500), weights = ((561942, 500),), parameters = 280,971,000
  (iid_itemVis): Embedding(233577, 500), weights = ((233577, 500),), parameters = 116,788,500
  (shared_ANR_ARL): ANR_ARL(
    (aspEmbed): Embedding(5, 30)
    (aspProj): Parameter(5, 300, 10)
  ), weights = ((5, 300, 10), (5, 30)), parameters = 15,150 (Trainable)
  (ANR_AIE): ANR_AIE(  (W_a): Parameter(10, 10)
    (W_u): Parameter(50, 10)
    (w_hu): Parameter(50, 1)
    (W_i): Parameter(50, 10)
    (w_hi): Parameter(50, 1)
  ), weights = ((10, 10), (50, 10), (50, 1), (50, 10), (50, 1)), parameters = 1,200 (Trainable)
  (VANRA_VRL): VANRA_VRL(
    (localAttentionLayer_user): LocalAttention(
      (attention_layer): Sequential(
        (0): Conv2d(1, 1, kernel_size=(3, 1), stride=(1, 1))
        (1): Softmax(dim=2)
      )
      (fcLayer): Sequential(
        (0): Linear(in_features=500, out_features=100, bias=True)
        (1): Dropout(p=0.9, inplace=False)
        (2): ReLU()
        (3): Linear(in_features=100, out_features=50, bias=True)
      )
    )
    (localAttentionLayer_item): LocalAttention(
      (attention_layer): Sequential(
        (0): Conv2d(1, 1, kernel_size=(3, 1), stride=(1, 1))
        (1): Softmax(dim=2)
      )
      (fcLayer): Sequential(
        (0): Linear(in_features=500, out_features=100, bias=True)
        (1): Dropout(p=0.9, inplace=False)
        (2): ReLU()
        (3): Linear(in_features=100, out_features=50, bias=True)
      )
    )
  ), weights = ((1, 1, 3, 1), (1,), (100, 500), (100,), (50, 100), (50,), (1, 1, 3, 1), (1,), (100, 500), (100,), (50, 100), (50,)), parameters = 110,308 (Trainable)
  (VANRA_RatingPred): VANRA_RatingPred(
    (userAspRepDropout): Dropout(p=0.9, inplace=False)
    (itemAspRepDropout): Dropout(p=0.9, inplace=False)
    (uid_userOffset): Embedding(561942, 1)
    (iid_itemOffset): Embedding(233577, 1)
    (globalOffset): Parameter(1,)
  ), weights = ((1,), (561942, 1), (233577, 1)), parameters = 795,520 (Trainable)
)
========================================================================================================================

[Epoch 1/15] Training Loss: 1.80147	Elapsed Time: 169.79s (0:02:49)
[Epoch 1] [Dev]  MSE: 1.19690, MAE: 0.86394
[Epoch 1] [Test] MSE: 1.21218, MAE: 0.86767

*** MODEL has obtained the best DEV MSE of 1.19690 so far!
*** The Best MODEL saved to "./__saved_models__/Automotive - VANRA/Automotive_VANRA_1234.pth"

[Epoch 2/15] Training Loss: 1.39003	Elapsed Time: 344.41s (0:05:44)
[Epoch 2] [Dev]  MSE: 1.14965, MAE: 0.80036
[Epoch 2] [Test] MSE: 1.16434, MAE: 0.80307

*** MODEL has obtained the best DEV MSE of 1.14965 so far!
*** The Best MODEL saved to "./__saved_models__/Automotive - VANRA/Automotive_VANRA_1234.pth"

[Epoch 3/15] Training Loss: 1.25765	Elapsed Time: 519.02s (0:08:39)
[Epoch 3] [Dev]  MSE: 1.14815, MAE: 0.80724
[Epoch 3] [Test] MSE: 1.16283, MAE: 0.80974

*** MODEL has obtained the best DEV MSE of 1.14815 so far!
*** The Best MODEL saved to "./__saved_models__/Automotive - VANRA/Automotive_VANRA_1234.pth"

[Epoch 4/15] Training Loss: 1.17182	Elapsed Time: 693.64s (0:11:33)
[Epoch 4] [Dev]  MSE: 1.15280, MAE: 0.80670
[Epoch 4] [Test] MSE: 1.16559, MAE: 0.80802

[Epoch 5/15] Training Loss: 1.11564	Elapsed Time: 868.33s (0:14:28)
[Epoch 5] [Dev]  MSE: 1.15315, MAE: 0.79064
[Epoch 5] [Test] MSE: 1.16559, MAE: 0.79154

[Epoch 6/15] Training Loss: 1.07304	Elapsed Time: 1,042.95s (0:17:22)
[Epoch 6] [Dev]  MSE: 1.16168, MAE: 0.80426
[Epoch 6] [Test] MSE: 1.17519, MAE: 0.80601

[Epoch 7/15] Training Loss: 1.04317	Elapsed Time: 1,217.51s (0:20:17)
[Epoch 7] [Dev]  MSE: 1.16910, MAE: 0.81368
[Epoch 7] [Test] MSE: 1.18099, MAE: 0.81496

[Epoch 8/15] Training Loss: 1.02021	Elapsed Time: 1,392.09s (0:23:12)
[Epoch 8] [Dev]  MSE: 1.16985, MAE: 0.78379
[Epoch 8] [Test] MSE: 1.18178, MAE: 0.78483

[Epoch 9/15] Training Loss: 1.00344	Elapsed Time: 1,566.81s (0:26:06)
[Epoch 9] [Dev]  MSE: 1.17372, MAE: 0.79787
[Epoch 9] [Test] MSE: 1.18652, MAE: 0.79918

[Epoch 10/15] Training Loss: 0.99121	Elapsed Time: 1,741.41s (0:29:01)
[Epoch 10] [Dev]  MSE: 1.17723, MAE: 0.79762
[Epoch 10] [Test] MSE: 1.18933, MAE: 0.79896

[Epoch 11/15] Training Loss: 0.98106	Elapsed Time: 1,916.09s (0:31:56)
[Epoch 11] [Dev]  MSE: 1.18399, MAE: 0.81100
[Epoch 11] [Test] MSE: 1.19577, MAE: 0.81161

[Epoch 12/15] Training Loss: 0.97314	Elapsed Time: 2,090.66s (0:34:50)
[Epoch 12] [Dev]  MSE: 1.18418, MAE: 0.80377
[Epoch 12] [Test] MSE: 1.19603, MAE: 0.80435

[Epoch 13/15] Training Loss: 0.97309	Elapsed Time: 2,265.32s (0:37:45)
[Epoch 13] [Dev]  MSE: 1.18584, MAE: 0.79648
[Epoch 13] [Test] MSE: 1.19635, MAE: 0.79693

[Epoch 14/15] Training Loss: 0.96144	Elapsed Time: 2,439.99s (0:40:39)
[Epoch 14] [Dev]  MSE: 1.19088, MAE: 0.80872
[Epoch 14] [Test] MSE: 1.20144, MAE: 0.80891

[Epoch 15/15] Training Loss: 0.95783	Elapsed Time: 2,614.59s (0:43:34)
[Epoch 15] [Dev]  MSE: 1.19091, MAE: 0.80558
[Epoch 15] [Test] MSE: 1.20044, MAE: 0.80551
*** The Last MODEL saved to "./__saved_models__/Automotive - VANRA/Automotive_VANRA_1234_15.pth"

[Training Loss]
[1.80147, 1.39003, 1.25765, 1.17182, 1.11564, 1.07304, 1.04317, 1.02021, 1.00344, 0.99121, 0.98106, 0.97314, 0.97309, 0.96144, 0.95783]

[Dev MSE]
[1.1969, 1.14965, 1.14815, 1.1528, 1.15315, 1.16168, 1.1691, 1.16985, 1.17372, 1.17723, 1.18399, 1.18418, 1.18584, 1.19088, 1.19091]
[Test MSE]
[1.21218, 1.16434, 1.16283, 1.16559, 1.16559, 1.17519, 1.18099, 1.18178, 1.18652, 1.18933, 1.19577, 1.19603, 1.19635, 1.20144, 1.20044]
[Test MAE]
[0.86767, 0.80307, 0.80974, 0.80802, 0.79154, 0.80601, 0.81496, 0.78483, 0.79918, 0.79896, 0.81161, 0.80435, 0.79693, 0.80891, 0.80551]


Best Dev MSE: 1.14815 (Obtained during Evaluation #3)
Test MSE: 1.16283, Test MAE: 0.80974

End of Program! Elapsed Time: 2,711.56s (0:45:11)
