========================================================================================================================
  ARL_lr: 0.01
  ARL_path: 
  batch_size: 128
  channels_global: 100
  channels_local: 200
  command: -d Automotive -m DeepCoNN -e 10 -dr 0.5 -p 1 -v 50000 -K 5 -h1 10 -h2 50 -filters_num 100 -output_size 50 -rs 1234 -gpu 0 -vb 1 -sm Automotive_DeepCoNN
  ctx_win_size: 3
  dataset: Automotive
  disable_initial_eval: 0
  dropout_rate: 0.5
  epochs: 10
  filters_num: 100
  gpu: 0
  h1: 10
  h2: 50
  hidden_size: 500
  input_dir: ./datasets/Automotive/
  L2_reg: 1e-06
  learning_rate: 0.002
  loss_function: MSELoss
  max_doc_len: 500
  max_vis_len: 500
  model: DeepCoNN
  num_aspects: 5
  optimizer: Adam
  out_dir: ./experimental_results/Automotive - DeepCoNN/
  output_size: 50
  pretrained_src: 1
  random_seed: 1234
  save_model: Automotive_DeepCoNN
  use_cuda: True
  verbose: 1
  vocab_size: 50000
  word_embed_dim: 300
========================================================================================================================

[INFO] # of Users: 561,942, # of Items: 233,577

Creating model (Selected Model: DeepCoNN)..
[args.use_cuda: True] Model is on the GPU! (args.gpu: 0, torch.cuda.current_device(): 0)
Model created! Elapsed Time: 4.49s (0.07 minute)

Loading uid_userDoc from "./datasets/Automotive/Automotive_uid_userDoc.npy"..
uid_userDoc loaded! [uid_userDoc: (561942, 500)]

Loading iid_itemDoc from "./datasets/Automotive/Automotive_iid_itemDoc.npy"..
iid_itemDoc loaded! [iid_itemDoc: (233577, 500)]

Loading pretrained word embeddings from "./datasets/Automotive/Automotive_wid_wordEmbed.npy"..
Pretrained word embeddings loaded! [wid_wEmbed: (50002, 300)]

Initialization Complete.. Elapsed Time: 32.31s (0.54 minute)

Train/Dev/Test splits loaded! |TRAIN|: 800,000, |DEV|: 35,546, |TEST|: 35,690
Train/Dev/Test splits loaded! Elapsed Time: 32.58s (0.54 minute)

Performing initial evaluation for VALIDATION set..
[Initial] [Dev]  MSE: 17.49557, MAE: 4.02627

Performing initial evaluation for TESTING set..
[Initial] [Test] MSE: 17.47476, MAE: 4.02143

Initial Evaluation Complete.. Elapsed Time: 38.46s (0.64 minute)

Optimizer: Adam, Loss Function: MSELoss

Model Size: 413,745,920
# of Trainable Parameters: 985,820
DeepCoNN (
  (uid_userDoc): Embedding(561942, 500), weights = ((561942, 500),), parameters = 280,971,000
  (iid_itemDoc): Embedding(233577, 500), weights = ((233577, 500),), parameters = 116,788,500
  (wid_wEmbed): Embedding(50002, 300), weights = ((50002, 300),), parameters = 15,000,600
  (user_CNN): Conv2d(1, 100, kernel_size=(3, 300), stride=(1, 1)), weights = ((100, 1, 3, 300), (100,)), parameters = 90,100 (Trainable)
  (item_CNN): Conv2d(1, 100, kernel_size=(3, 300), stride=(1, 1)), weights = ((100, 1, 3, 300), (100,)), parameters = 90,100 (Trainable)
  (user_fcLayer): Linear(in_features=100, out_features=50, bias=True), weights = ((50, 100), (50,)), parameters = 5,050 (Trainable)
  (item_fcLayer): Linear(in_features=100, out_features=50, bias=True), weights = ((50, 100), (50,)), parameters = 5,050 (Trainable)
  (userDropout): Dropout(p=0.5, inplace=False), weights = (), parameters = 0
  (itemDropout): Dropout(p=0.5, inplace=False), weights = (), parameters = 0
  (DeepCoNN_RatingPred): DeepCoNN_RatingPred(
    (uid_userOffset): Embedding(561942, 1)
    (iid_itemOffset): Embedding(233577, 1)
    (globalOffset): Parameter(1,)
  ), weights = ((1,), (561942, 1), (233577, 1)), parameters = 795,520 (Trainable)
)
========================================================================================================================

[Epoch 1/10] Training Loss: 1.24712	Elapsed Time: 123.84s (0:02:03)
[Epoch 1] [Dev]  MSE: 1.38613, MAE: 0.84379
[Epoch 1] [Test] MSE: 1.41108, MAE: 0.85320

*** MODEL has obtained the best DEV MSE of 1.38613 so far!
*** The Best MODEL saved to "./__saved_models__/Automotive - DeepCoNN/Automotive_DeepCoNN_1234.pth"

[Epoch 2/10] Training Loss: 0.82340	Elapsed Time: 255.53s (0:04:15)
[Epoch 2] [Dev]  MSE: 1.43991, MAE: 0.86448
[Epoch 2] [Test] MSE: 1.46156, MAE: 0.87180

[Epoch 3/10] Training Loss: 0.72824	Elapsed Time: 385.74s (0:06:25)
[Epoch 3] [Dev]  MSE: 1.37250, MAE: 0.83689
[Epoch 3] [Test] MSE: 1.39337, MAE: 0.84455

*** MODEL has obtained the best DEV MSE of 1.37250 so far!
*** The Best MODEL saved to "./__saved_models__/Automotive - DeepCoNN/Automotive_DeepCoNN_1234.pth"

[Epoch 4/10] Training Loss: 0.65606	Elapsed Time: 516.08s (0:08:36)
[Epoch 4] [Dev]  MSE: 1.31567, MAE: 0.80272
[Epoch 4] [Test] MSE: 1.33438, MAE: 0.80913

*** MODEL has obtained the best DEV MSE of 1.31567 so far!
*** The Best MODEL saved to "./__saved_models__/Automotive - DeepCoNN/Automotive_DeepCoNN_1234.pth"

[Epoch 5/10] Training Loss: 0.59590	Elapsed Time: 645.76s (0:10:45)
[Epoch 5] [Dev]  MSE: 1.33885, MAE: 0.83113
[Epoch 5] [Test] MSE: 1.35751, MAE: 0.83629

[Epoch 6/10] Training Loss: 0.54934	Elapsed Time: 775.44s (0:12:55)
[Epoch 6] [Dev]  MSE: 1.36497, MAE: 0.81876
[Epoch 6] [Test] MSE: 1.38005, MAE: 0.82292

[Epoch 7/10] Training Loss: 0.50620	Elapsed Time: 905.11s (0:15:05)
[Epoch 7] [Dev]  MSE: 1.41711, MAE: 0.82604
[Epoch 7] [Test] MSE: 1.43419, MAE: 0.83090

[Epoch 8/10] Training Loss: 0.47154	Elapsed Time: 1,034.77s (0:17:14)
[Epoch 8] [Dev]  MSE: 1.44434, MAE: 0.85574
[Epoch 8] [Test] MSE: 1.45835, MAE: 0.86054

[Epoch 9/10] Training Loss: 0.44062	Elapsed Time: 1,164.39s (0:19:24)
[Epoch 9] [Dev]  MSE: 1.37802, MAE: 0.81613
[Epoch 9] [Test] MSE: 1.39328, MAE: 0.82087

[Epoch 10/10] Training Loss: 0.41410	Elapsed Time: 1,294.08s (0:21:34)
[Epoch 10] [Dev]  MSE: 1.37474, MAE: 0.81756
[Epoch 10] [Test] MSE: 1.39100, MAE: 0.82275
*** The Last MODEL saved to "./__saved_models__/Automotive - DeepCoNN/Automotive_DeepCoNN_1234_10.pth"

[Training Loss]
[1.24712, 0.8234, 0.72824, 0.65606, 0.5959, 0.54934, 0.5062, 0.47154, 0.44062, 0.4141]

[Dev MSE]
[1.38613, 1.43991, 1.3725, 1.31567, 1.33885, 1.36497, 1.41711, 1.44434, 1.37802, 1.37474]
[Test MSE]
[1.41108, 1.46156, 1.39337, 1.33438, 1.35751, 1.38005, 1.43419, 1.45835, 1.39328, 1.391]
[Test MAE]
[0.8532, 0.8718, 0.84455, 0.80913, 0.83629, 0.82292, 0.8309, 0.86054, 0.82087, 0.82275]


Best Dev MSE: 1.31567 (Obtained during Evaluation #4)
Test MSE: 1.33438, Test MAE: 0.80913

End of Program! Elapsed Time: 1,338.34s (0:22:18)
