========================================================================================================================
  ARL_lr: 0.01
  ARL_path: 
  batch_size: 128
  channels_global: 100
  channels_local: 200
  command: -d Clothing_Shoes_and_Jewelry -m ANRS -e 10 -dr 0.9 -WED 300 -K 5 -h1 50 -h2 50 -p 1 -v 50000 -rs 1337 -gpu 0 -vb 1 -sm Clothing_Shoes_and_Jewelry_ANRS
  ctx_win_size: 3
  dataset: Clothing_Shoes_and_Jewelry
  disable_initial_eval: 0
  dropout_rate: 0.9
  epochs: 10
  filters_num: 100
  gpu: 0
  h1: 50
  h2: 50
  hidden_size: 500
  input_dir: ./datasets/Clothing_Shoes_and_Jewelry/
  L2_reg: 1e-06
  learning_rate: 0.002
  loss_function: MSELoss
  max_doc_len: 500
  max_vis_len: 500
  model: ANRS
  num_aspects: 5
  optimizer: Adam
  out_dir: ./experimental_results/Clothing_Shoes_and_Jewelry - ANRS/
  output_size: 50
  pretrained_src: 1
  random_seed: 1337
  save_model: Clothing_Shoes_and_Jewelry_ANRS
  use_cuda: True
  verbose: 1
  vocab_size: 50000
  word_embed_dim: 300
========================================================================================================================

[INFO] # of Users: 669,835, # of Items: 335,585

Creating model (Selected Model: ANRS)..
[args.use_cuda: True] Model is on the GPU! (args.gpu: 0, torch.cuda.current_device(): 0)
Model created! Elapsed Time: 5.26s (0.09 minute)

Loading uid_userDoc from "./datasets/Clothing_Shoes_and_Jewelry/Clothing_Shoes_and_Jewelry_uid_userDoc.npy"..
uid_userDoc loaded! [uid_userDoc: (669835, 500)]

Loading iid_itemDoc from "./datasets/Clothing_Shoes_and_Jewelry/Clothing_Shoes_and_Jewelry_iid_itemDoc.npy"..
iid_itemDoc loaded! [iid_itemDoc: (335585, 500)]

Loading pretrained word embeddings from "./datasets/Clothing_Shoes_and_Jewelry/Clothing_Shoes_and_Jewelry_wed300_wid_wordEmbed.npy"..
Pretrained word embeddings loaded! [wid_wEmbed: (50002, 300)]

Initialization Complete.. Elapsed Time: 41.21s (0.69 minute)

Train/Dev/Test splits loaded! |TRAIN|: 800,000, |DEV|: 17,754, |TEST|: 17,846
Train/Dev/Test splits loaded! Elapsed Time: 41.50s (0.69 minute)

Performing initial evaluation for VALIDATION set..
[Initial] [Dev]  MSE: 19.15132, MAE: 4.22498

Performing initial evaluation for TESTING set..
[Initial] [Test] MSE: 19.23409, MAE: 4.23620

Initial Evaluation Complete.. Elapsed Time: 45.89s (0.76 minute)

Parameters with L2 Regularization (Regularization Strength: 1e-06):
ANRS_RatingPred.uid_userOffset.weight, ANRS_RatingPred.iid_itemOffset.weight

Optimizer: Adam, Loss Function: MSELoss

Model Size: 518,791,771
# of Trainable Parameters: 1,081,171
ANR (
  (uid_userDoc): Embedding(669835, 500), weights = ((669835, 500),), parameters = 334,917,500
  (iid_itemDoc): Embedding(335585, 500), weights = ((335585, 500),), parameters = 167,792,500
  (wid_wEmbed): Embedding(50002, 300), weights = ((50002, 300),), parameters = 15,000,600
  (shared_ANR_ARL): ANR_ARL(
    (aspEmbed): Embedding(5, 150)
    (aspProj): Parameter(5, 300, 50)
  ), weights = ((5, 300, 50), (5, 150)), parameters = 75,750 (Trainable)
  (ANRS_RatingPred): ANRS_RatingPred(
    (userAspRepDropout): Dropout(p=0.9, inplace=False)
    (itemAspRepDropout): Dropout(p=0.9, inplace=False)
    (uid_userOffset): Embedding(669835, 1)
    (iid_itemOffset): Embedding(335585, 1)
    (globalOffset): Parameter(1,)
  ), weights = ((1,), (669835, 1), (335585, 1)), parameters = 1,005,421 (Trainable)
)
========================================================================================================================

[Epoch 1/10] Training Loss: 2.65146	Elapsed Time: 229.49s (0:03:49)
[Epoch 1] [Dev]  MSE: 1.24872, MAE: 0.88290
[Epoch 1] [Test] MSE: 1.24339, MAE: 0.88007

*** MODEL has obtained the best DEV MSE of 1.24872 so far!
*** The Best MODEL saved to "./__saved_models__/Clothing_Shoes_and_Jewelry - ANRS/Clothing_Shoes_and_Jewelry_ANRS_1337.pth"

[Epoch 2/10] Training Loss: 1.33904	Elapsed Time: 464.25s (0:07:44)
[Epoch 2] [Dev]  MSE: 1.22136, MAE: 0.86633
[Epoch 2] [Test] MSE: 1.21091, MAE: 0.86188

*** MODEL has obtained the best DEV MSE of 1.22136 so far!
*** The Best MODEL saved to "./__saved_models__/Clothing_Shoes_and_Jewelry - ANRS/Clothing_Shoes_and_Jewelry_ANRS_1337.pth"

[Epoch 3/10] Training Loss: 1.21658	Elapsed Time: 698.89s (0:11:38)
[Epoch 3] [Dev]  MSE: 1.21329, MAE: 0.86385
[Epoch 3] [Test] MSE: 1.20079, MAE: 0.85956

*** MODEL has obtained the best DEV MSE of 1.21329 so far!
*** The Best MODEL saved to "./__saved_models__/Clothing_Shoes_and_Jewelry - ANRS/Clothing_Shoes_and_Jewelry_ANRS_1337.pth"

[Epoch 4/10] Training Loss: 1.12792	Elapsed Time: 933.53s (0:15:33)
[Epoch 4] [Dev]  MSE: 1.21813, MAE: 0.86019
[Epoch 4] [Test] MSE: 1.20518, MAE: 0.85529

[Epoch 5/10] Training Loss: 1.05791	Elapsed Time: 1,168.11s (0:19:28)
[Epoch 5] [Dev]  MSE: 1.22850, MAE: 0.85532
[Epoch 5] [Test] MSE: 1.21387, MAE: 0.84917

[Epoch 6/10] Training Loss: 1.01554	Elapsed Time: 1,402.81s (0:23:22)
[Epoch 6] [Dev]  MSE: 1.23856, MAE: 0.85179
[Epoch 6] [Test] MSE: 1.21919, MAE: 0.84350

[Epoch 7/10] Training Loss: 1.16483	Elapsed Time: 1,637.51s (0:27:17)
[Epoch 7] [Dev]  MSE: 1.26175, MAE: 0.85971
[Epoch 7] [Test] MSE: 1.25420, MAE: 0.85229

[Epoch 8/10] Training Loss: 0.96082	Elapsed Time: 1,872.05s (0:31:12)
[Epoch 8] [Dev]  MSE: 1.25247, MAE: 0.85527
[Epoch 8] [Test] MSE: 1.23282, MAE: 0.84780

[Epoch 9/10] Training Loss: 0.94602	Elapsed Time: 2,106.64s (0:35:06)
[Epoch 9] [Dev]  MSE: 1.25658, MAE: 0.85819
[Epoch 9] [Test] MSE: 1.23761, MAE: 0.85033

[Epoch 10/10] Training Loss: 1.00025	Elapsed Time: 2,341.34s (0:39:01)
[Epoch 10] [Dev]  MSE: 1.25602, MAE: 0.85853
[Epoch 10] [Test] MSE: 1.23673, MAE: 0.85007
*** The Last MODEL saved to "./__saved_models__/Clothing_Shoes_and_Jewelry - ANRS/Clothing_Shoes_and_Jewelry_ANRS_1337_10.pth"

[Training Loss]
[2.65146, 1.33904, 1.21658, 1.12792, 1.05791, 1.01554, 1.16483, 0.96082, 0.94602, 1.00025]

[Dev MSE]
[1.24872, 1.22136, 1.21329, 1.21813, 1.2285, 1.23856, 1.26175, 1.25247, 1.25658, 1.25602]
[Test MSE]
[1.24339, 1.21091, 1.20079, 1.20518, 1.21387, 1.21919, 1.2542, 1.23282, 1.23761, 1.23673]
[Test MAE]
[0.88007, 0.86188, 0.85956, 0.85529, 0.84917, 0.8435, 0.85229, 0.8478, 0.85033, 0.85007]


Best Dev MSE: 1.21329 (Obtained during Evaluation #3)
Test MSE: 1.20079, Test MAE: 0.85956

End of Program! Elapsed Time: 2,391.50s (0:39:51)
