========================================================================================================================
  ARL_lr: 0.01
  ARL_path: 
  batch_size: 128
  channels_global: 100
  channels_local: 200
  command: -d Home_and_Kitchen -m DeepCoNN -e 10 -dr 0.9 -WED 300 -p 1 -v 50000 -K 5 -h1 50 -h2 50 -filters_num 100 -output_size 50 -rs 1234 -gpu 0 -vb 1 -sm Home_and_Kitchen_DeepCoNN
  ctx_win_size: 3
  dataset: Home_and_Kitchen
  disable_initial_eval: 0
  dropout_rate: 0.9
  epochs: 10
  filters_num: 100
  gpu: 0
  h1: 50
  h2: 50
  hidden_size: 500
  input_dir: ./datasets/Home_and_Kitchen/
  L2_reg: 1e-06
  learning_rate: 0.002
  loss_function: MSELoss
  max_doc_len: 500
  max_vis_len: 500
  model: DeepCoNN
  num_aspects: 5
  optimizer: Adam
  out_dir: ./experimental_results/Home_and_Kitchen - DeepCoNN/
  output_size: 50
  pretrained_src: 1
  random_seed: 1234
  save_model: Home_and_Kitchen_DeepCoNN
  use_cuda: True
  verbose: 1
  vocab_size: 50000
  word_embed_dim: 300
========================================================================================================================

[INFO] # of Users: 662,395, # of Items: 177,303

Creating model (Selected Model: DeepCoNN)..
[args.use_cuda: True] Model is on the GPU! (args.gpu: 0, torch.cuda.current_device(): 0)
Model created! Elapsed Time: 4.62s (0.08 minute)

Loading uid_userDoc from "./datasets/Home_and_Kitchen/Home_and_Kitchen_uid_userDoc.npy"..
uid_userDoc loaded! [uid_userDoc: (662395, 500)]

Loading iid_itemDoc from "./datasets/Home_and_Kitchen/Home_and_Kitchen_iid_itemDoc.npy"..
iid_itemDoc loaded! [iid_itemDoc: (177303, 500)]

Loading pretrained word embeddings from "./datasets/Home_and_Kitchen/Home_and_Kitchen_wed300_wid_wordEmbed.npy"..
Pretrained word embeddings loaded! [wid_wEmbed: (50002, 300)]

Initialization Complete.. Elapsed Time: 27.91s (0.47 minute)

Train/Dev/Test splits loaded! |TRAIN|: 800,000, |DEV|: 24,704, |TEST|: 24,485
Train/Dev/Test splits loaded! Elapsed Time: 28.17s (0.47 minute)

Performing initial evaluation for VALIDATION set..
[Initial] [Dev]  MSE: 16.84749, MAE: 3.93289

Performing initial evaluation for TESTING set..
[Initial] [Test] MSE: 16.80105, MAE: 3.92350

Initial Evaluation Complete.. Elapsed Time: 32.28s (0.54 minute)

Optimizer: Adam, Loss Function: MSELoss

Model Size: 435,879,599
# of Trainable Parameters: 1,029,999
DeepCoNN (
  (uid_userDoc): Embedding(662395, 500), weights = ((662395, 500),), parameters = 331,197,500
  (iid_itemDoc): Embedding(177303, 500), weights = ((177303, 500),), parameters = 88,651,500
  (wid_wEmbed): Embedding(50002, 300), weights = ((50002, 300),), parameters = 15,000,600
  (user_CNN): Conv2d(1, 100, kernel_size=(3, 300), stride=(1, 1)), weights = ((100, 1, 3, 300), (100,)), parameters = 90,100 (Trainable)
  (item_CNN): Conv2d(1, 100, kernel_size=(3, 300), stride=(1, 1)), weights = ((100, 1, 3, 300), (100,)), parameters = 90,100 (Trainable)
  (user_fcLayer): Linear(in_features=100, out_features=50, bias=True), weights = ((50, 100), (50,)), parameters = 5,050 (Trainable)
  (item_fcLayer): Linear(in_features=100, out_features=50, bias=True), weights = ((50, 100), (50,)), parameters = 5,050 (Trainable)
  (userDropout): Dropout(p=0.9, inplace=False), weights = (), parameters = 0
  (itemDropout): Dropout(p=0.9, inplace=False), weights = (), parameters = 0
  (DeepCoNN_RatingPred): DeepCoNN_RatingPred(
    (uid_userOffset): Embedding(662395, 1)
    (iid_itemOffset): Embedding(177303, 1)
    (globalOffset): Parameter(1,)
  ), weights = ((1,), (662395, 1), (177303, 1)), parameters = 839,699 (Trainable)
)
========================================================================================================================

[Epoch 1/10] Training Loss: 3.03384	Elapsed Time: 124.19s (0:02:04)
[Epoch 1] [Dev]  MSE: 1.30597, MAE: 0.90478
[Epoch 1] [Test] MSE: 1.33007, MAE: 0.90843

*** MODEL has obtained the best DEV MSE of 1.30597 so far!
*** The Best MODEL saved to "./__saved_models__/Home_and_Kitchen - DeepCoNN/Home_and_Kitchen_DeepCoNN_1234.pth"

[Epoch 2/10] Training Loss: 1.32295	Elapsed Time: 252.65s (0:04:12)
[Epoch 2] [Dev]  MSE: 1.27372, MAE: 0.87261
[Epoch 2] [Test] MSE: 1.30566, MAE: 0.87991

*** MODEL has obtained the best DEV MSE of 1.27372 so far!
*** The Best MODEL saved to "./__saved_models__/Home_and_Kitchen - DeepCoNN/Home_and_Kitchen_DeepCoNN_1234.pth"

[Epoch 3/10] Training Loss: 1.17439	Elapsed Time: 381.05s (0:06:21)
[Epoch 3] [Dev]  MSE: 1.27490, MAE: 0.86677
[Epoch 3] [Test] MSE: 1.30994, MAE: 0.87502

[Epoch 4/10] Training Loss: 1.05630	Elapsed Time: 509.43s (0:08:29)
[Epoch 4] [Dev]  MSE: 1.28252, MAE: 0.86491
[Epoch 4] [Test] MSE: 1.31628, MAE: 0.87250

[Epoch 5/10] Training Loss: 0.95741	Elapsed Time: 637.82s (0:10:37)
[Epoch 5] [Dev]  MSE: 1.29364, MAE: 0.85187
[Epoch 5] [Test] MSE: 1.32779, MAE: 0.85944

[Epoch 6/10] Training Loss: 0.87410	Elapsed Time: 766.20s (0:12:46)
[Epoch 6] [Dev]  MSE: 1.31008, MAE: 0.85361
[Epoch 6] [Test] MSE: 1.34762, MAE: 0.86264

[Epoch 7/10] Training Loss: 0.80016	Elapsed Time: 894.62s (0:14:54)
[Epoch 7] [Dev]  MSE: 1.32806, MAE: 0.86791
[Epoch 7] [Test] MSE: 1.36445, MAE: 0.87555

[Epoch 8/10] Training Loss: 0.73451	Elapsed Time: 1,022.93s (0:17:02)
[Epoch 8] [Dev]  MSE: 1.35343, MAE: 0.86391
[Epoch 8] [Test] MSE: 1.39148, MAE: 0.87228

[Epoch 9/10] Training Loss: 0.67491	Elapsed Time: 1,151.35s (0:19:11)
[Epoch 9] [Dev]  MSE: 1.36936, MAE: 0.87201
[Epoch 9] [Test] MSE: 1.40186, MAE: 0.87885

[Epoch 10/10] Training Loss: 0.62203	Elapsed Time: 1,279.72s (0:21:19)
[Epoch 10] [Dev]  MSE: 1.39475, MAE: 0.87247
[Epoch 10] [Test] MSE: 1.42927, MAE: 0.87985
*** The Last MODEL saved to "./__saved_models__/Home_and_Kitchen - DeepCoNN/Home_and_Kitchen_DeepCoNN_1234_10.pth"

[Training Loss]
[3.03384, 1.32295, 1.17439, 1.0563, 0.95741, 0.8741, 0.80016, 0.73451, 0.67491, 0.62203]

[Dev MSE]
[1.30597, 1.27372, 1.2749, 1.28252, 1.29364, 1.31008, 1.32806, 1.35343, 1.36936, 1.39475]
[Test MSE]
[1.33007, 1.30566, 1.30994, 1.31628, 1.32779, 1.34762, 1.36445, 1.39148, 1.40186, 1.42927]
[Test MAE]
[0.90843, 0.87991, 0.87502, 0.8725, 0.85944, 0.86264, 0.87555, 0.87228, 0.87885, 0.87985]


Best Dev MSE: 1.27372 (Obtained during Evaluation #2)
Test MSE: 1.30566, Test MAE: 0.87991

End of Program! Elapsed Time: 1,316.01s (0:21:56)
