========================================================================================================================
  ARL_lr: 0.01
  ARL_path: 
  batch_size: 128
  channels_global: 100
  channels_local: 200
  command: -d Tools_and_Home_Improvement -m MSANR -e 5 -dr 0.9 -WED 300 -p 1 -v 50000 -K 5 -h1 50 -h2 50 -output_size 50 -rs 1234 -gpu 0 -vb 1 -sm Tools_and_Home_Improvement_MSANR
  ctx_win_size: 3
  dataset: Tools_and_Home_Improvement
  disable_initial_eval: 0
  dropout_rate: 0.9
  epochs: 5
  filters_num: 100
  gpu: 0
  h1: 50
  h2: 50
  hidden_size: 500
  input_dir: ./datasets/Tools_and_Home_Improvement/
  L2_reg: 1e-06
  learning_rate: 0.002
  loss_function: MSELoss
  max_doc_len: 500
  max_vis_len: 500
  model: MSANR
  num_aspects: 5
  optimizer: Adam
  out_dir: ./experimental_results/Tools_and_Home_Improvement - MSANR/
  output_size: 50
  pretrained_src: 1
  random_seed: 1234
  save_model: Tools_and_Home_Improvement_MSANR
  use_cuda: True
  verbose: 1
  vocab_size: 50000
  word_embed_dim: 300
========================================================================================================================

[INFO] # of Users: 604,303, # of Items: 167,536

Creating model (Selected Model: MSANR)..
[args.use_cuda: True] Model is on the GPU! (args.gpu: 0, torch.cuda.current_device(): 0)
Model created! Elapsed Time: 5.63s (0.09 minute)

Loading uid_userDoc from "./datasets/Tools_and_Home_Improvement/Tools_and_Home_Improvement_uid_userDoc.npy"..
uid_userDoc loaded! [uid_userDoc: (604303, 500)]

Loading iid_itemDoc from "./datasets/Tools_and_Home_Improvement/Tools_and_Home_Improvement_iid_itemDoc.npy"..
iid_itemDoc loaded! [iid_itemDoc: (167536, 500)]

Loading pretrained word embeddings from "./datasets/Tools_and_Home_Improvement/Tools_and_Home_Improvement_wed300_wid_wordEmbed.npy"..
Pretrained word embeddings loaded! [wid_wEmbed: (50002, 300)]

Initialization Complete.. Elapsed Time: 32.13s (0.54 minute)

Train/Dev/Test splits loaded! |TRAIN|: 800,000, |DEV|: 32,887, |TEST|: 33,155
Train/Dev/Test splits loaded! Elapsed Time: 32.41s (0.54 minute)

Performing initial evaluation for VALIDATION set..
[Initial] [Dev]  MSE: 19.56956, MAE: 4.26661

Performing initial evaluation for TESTING set..
[Initial] [Test] MSE: 19.59910, MAE: 4.27212

Initial Evaluation Complete.. Elapsed Time: 57.98s (0.97 minute)

Parameters with L2 Regularization (Regularization Strength: 1e-06):
MSANR_RatingPred.uid_userOffset.weight, MSANR_RatingPred.iid_itemOffset.weight

Optimizer: Adam, Loss Function: MSELoss

Model Size: 401,770,940
# of Trainable Parameters: 850,840
MSANR (
  (uid_userDoc): Embedding(604303, 500), weights = ((604303, 500),), parameters = 302,151,500
  (iid_itemDoc): Embedding(167536, 500), weights = ((167536, 500),), parameters = 83,768,000
  (wid_wEmbed): Embedding(50002, 300), weights = ((50002, 300),), parameters = 15,000,600
  (MSANR_ARL): MSANR_ARL(
    (aspEmbed): ModuleList(
      (0): Embedding(5, 150)
      (1): Embedding(5, 250)
      (2): Embedding(5, 350)
    )
    (filterEmbed): Embedding(5, 50)
    (aspProj): Parameter(5, 300, 50)
  ), weights = ((5, 300, 50), (5, 150), (5, 250), (5, 350), (5, 50)), parameters = 79,000 (Trainable)
  (MSANR_RatingPred): MSANR_RatingPred(
    (userAspRepDropout): Dropout(p=0.9, inplace=False)
    (itemAspRepDropout): Dropout(p=0.9, inplace=False)
    (uid_userOffset): Embedding(604303, 1)
    (iid_itemOffset): Embedding(167536, 1)
    (globalOffset): Parameter(1,)
  ), weights = ((1,), (604303, 1), (167536, 1)), parameters = 771,840 (Trainable)
)
========================================================================================================================

[Epoch 1/5] Training Loss: 2.45123	Elapsed Time: 771.22s (0:12:51)
[Epoch 1] [Dev]  MSE: 1.27162, MAE: 0.89744
[Epoch 1] [Test] MSE: 1.25876, MAE: 0.89565

*** MODEL has obtained the best DEV MSE of 1.27162 so far!
*** The Best MODEL saved to "./__saved_models__/Tools_and_Home_Improvement - MSANR/Tools_and_Home_Improvement_MSANR_1234.pth"

[Epoch 2/5] Training Loss: 1.39677	Elapsed Time: 1,570.24s (0:26:10)
[Epoch 2] [Dev]  MSE: 1.22398, MAE: 0.85856
[Epoch 2] [Test] MSE: 1.21239, MAE: 0.85815

*** MODEL has obtained the best DEV MSE of 1.22398 so far!
*** The Best MODEL saved to "./__saved_models__/Tools_and_Home_Improvement - MSANR/Tools_and_Home_Improvement_MSANR_1234.pth"

[Epoch 3/5] Training Loss: 1.27496	Elapsed Time: 2,369.55s (0:39:29)
[Epoch 3] [Dev]  MSE: 1.21216, MAE: 0.83701
[Epoch 3] [Test] MSE: 1.20125, MAE: 0.83686

*** MODEL has obtained the best DEV MSE of 1.21216 so far!
*** The Best MODEL saved to "./__saved_models__/Tools_and_Home_Improvement - MSANR/Tools_and_Home_Improvement_MSANR_1234.pth"

[Epoch 4/5] Training Loss: 6.56371	Elapsed Time: 3,163.92s (0:52:43)
[Epoch 4] [Dev]  MSE: 1.21289, MAE: 0.82378
[Epoch 4] [Test] MSE: 1.20074, MAE: 0.82314

[Epoch 5/5] Training Loss: 1.22107	Elapsed Time: 3,956.98s (1:05:56)
[Epoch 5] [Dev]  MSE: 1.21679, MAE: 0.81799
[Epoch 5] [Test] MSE: 1.20485, MAE: 0.81786
*** The Last MODEL saved to "./__saved_models__/Tools_and_Home_Improvement - MSANR/Tools_and_Home_Improvement_MSANR_1234_5.pth"

[Training Loss]
[2.45123, 1.39677, 1.27496, 6.56371, 1.22107]

[Dev MSE]
[1.27162, 1.22398, 1.21216, 1.21289, 1.21679]
[Test MSE]
[1.25876, 1.21239, 1.20125, 1.20074, 1.20485]
[Test MAE]
[0.89565, 0.85815, 0.83686, 0.82314, 0.81786]


Best Dev MSE: 1.21216 (Obtained during Evaluation #3)
Test MSE: 1.20125, Test MAE: 0.83686

End of Program! Elapsed Time: 4,039.56s (1:07:19)
