========================================================================================================================
  ARL_lr: 0.01
  ARL_path: 
  batch_size: 128
  channels_global: 20
  channels_local: 20
  command: -d Baby -m DAttn -e 10 -p 1 -v 50000 -K 5 -h1 10 -h2 50 -WED 300 -c_local 20 -c_global 20 -hiden_size 200 -output_size 50 -rs 1234 -gpu 0 -vb 1 -sm Baby_DAttn
  ctx_win_size: 3
  dataset: Baby
  disable_initial_eval: 0
  dropout_rate: 0.5
  epochs: 10
  gpu: 0
  h1: 10
  h2: 50
  hidden_size: 200
  input_dir: ./datasets/Baby/
  L2_reg: 1e-06
  learning_rate: 0.002
  loss_function: MSELoss
  max_doc_len: 500
  max_vis_len: 500
  model: DAttn
  num_aspects: 5
  optimizer: Adam
  out_dir: ./experimental_results/Baby - DAttn/
  output_size: 50
  pretrained_src: 1
  random_seed: 1234
  save_model: Baby_DAttn
  use_cuda: True
  verbose: 1
  vocab_size: 50000
  word_embed_dim: 300
========================================================================================================================

[INFO] # of Users: 446,248, # of Items: 58,586

Creating model (Selected Model: DAttn)..
[args.use_cuda: True] Model is on the GPU! (args.gpu: 0, torch.cuda.current_device(): 0)
Model created! Elapsed Time: 3.29s (0.05 minute)

Loading uid_userDoc from "./datasets/Baby/Baby_uid_userDoc.npy"..
uid_userDoc loaded! [uid_userDoc: (446248, 500)]

Loading iid_itemDoc from "./datasets/Baby/Baby_iid_itemDoc.npy"..
iid_itemDoc loaded! [iid_itemDoc: (58586, 500)]

Loading pretrained word embeddings from "./datasets/Baby/Baby_wid_wordEmbed.npy"..
Pretrained word embeddings loaded! [wid_wEmbed: (50002, 300)]

Initialization Complete.. Elapsed Time: 21.87s (0.36 minute)

Train/Dev/Test splits loaded! |TRAIN|: 721,979, |DEV|: 47,357, |TEST|: 47,373
Train/Dev/Test splits loaded! Elapsed Time: 22.11s (0.37 minute)

Performing initial evaluation for VALIDATION set..
[Initial] [Dev]  MSE: 18.25447, MAE: 4.09796

Performing initial evaluation for TESTING set..
[Initial] [Test] MSE: 18.22722, MAE: 4.09504

Initial Evaluation Complete.. Elapsed Time: 70.89s (1.18 minutes)

Optimizer: Adam, Loss Function: MSELoss

Model Size: 268,370,649
# of Trainable Parameters: 953,049
DAttn (
  (uid_userDoc): Embedding(446248, 500), weights = ((446248, 500),), parameters = 223,124,000
  (iid_itemDoc): Embedding(58586, 500), weights = ((58586, 500),), parameters = 29,293,000
  (wid_wEmbed): Embedding(50002, 300), weights = ((50002, 300),), parameters = 15,000,600
  (DAttn_RatingPred): DAttn_RatingPred(
    (uid_userOffset): Embedding(446248, 1)
    (iid_itemOffset): Embedding(58586, 1)
    (globalOffset): Parameter(1,)
  ), weights = ((1,), (446248, 1), (58586, 1)), parameters = 504,835 (Trainable)
  (localAttentionLayer_user): LocalAttention(
    (attention_layer): Sequential(
      (0): Conv2d(1, 1, kernel_size=(3, 300), stride=(1, 1))
      (1): Sigmoid()
    )
    (cnn): Sequential(
      (0): Conv2d(1, 20, kernel_size=(1, 300), stride=(1, 1))
      (1): Tanh()
      (2): MaxPool2d(kernel_size=(500, 1), stride=(500, 1), padding=0, dilation=1, ceil_mode=False)
    )
  ), weights = ((1, 1, 3, 300), (1,), (20, 1, 1, 300), (20,)), parameters = 6,921 (Trainable)
  (globalAttentionLayer_user): GlobalAttention(
    (attention_layer): Sequential(
      (0): Conv2d(1, 1, kernel_size=(500, 300), stride=(1, 1))
      (1): Sigmoid()
    )
    (cnn_1): Sequential(
      (0): Conv2d(1, 20, kernel_size=(2, 300), stride=(1, 1))
      (1): Tanh()
      (2): MaxPool2d(kernel_size=(499, 1), stride=(499, 1), padding=0, dilation=1, ceil_mode=False)
    )
    (cnn_2): Sequential(
      (0): Conv2d(1, 20, kernel_size=(3, 300), stride=(1, 1))
      (1): Tanh()
      (2): MaxPool2d(kernel_size=(498, 1), stride=(498, 1), padding=0, dilation=1, ceil_mode=False)
    )
    (cnn_3): Sequential(
      (0): Conv2d(1, 20, kernel_size=(4, 300), stride=(1, 1))
      (1): Tanh()
      (2): MaxPool2d(kernel_size=(497, 1), stride=(497, 1), padding=0, dilation=1, ceil_mode=False)
    )
  ), weights = ((1, 1, 500, 300), (1,), (20, 1, 2, 300), (20,), (20, 1, 3, 300), (20,), (20, 1, 4, 300), (20,)), parameters = 204,061 (Trainable)
  (localAttentionLayer_item): LocalAttention(
    (attention_layer): Sequential(
      (0): Conv2d(1, 1, kernel_size=(3, 300), stride=(1, 1))
      (1): Sigmoid()
    )
    (cnn): Sequential(
      (0): Conv2d(1, 20, kernel_size=(1, 300), stride=(1, 1))
      (1): Tanh()
      (2): MaxPool2d(kernel_size=(500, 1), stride=(500, 1), padding=0, dilation=1, ceil_mode=False)
    )
  ), weights = ((1, 1, 3, 300), (1,), (20, 1, 1, 300), (20,)), parameters = 6,921 (Trainable)
  (globalAttentionLayer_item): GlobalAttention(
    (attention_layer): Sequential(
      (0): Conv2d(1, 1, kernel_size=(500, 300), stride=(1, 1))
      (1): Sigmoid()
    )
    (cnn_1): Sequential(
      (0): Conv2d(1, 20, kernel_size=(2, 300), stride=(1, 1))
      (1): Tanh()
      (2): MaxPool2d(kernel_size=(499, 1), stride=(499, 1), padding=0, dilation=1, ceil_mode=False)
    )
    (cnn_2): Sequential(
      (0): Conv2d(1, 20, kernel_size=(3, 300), stride=(1, 1))
      (1): Tanh()
      (2): MaxPool2d(kernel_size=(498, 1), stride=(498, 1), padding=0, dilation=1, ceil_mode=False)
    )
    (cnn_3): Sequential(
      (0): Conv2d(1, 20, kernel_size=(4, 300), stride=(1, 1))
      (1): Tanh()
      (2): MaxPool2d(kernel_size=(497, 1), stride=(497, 1), padding=0, dilation=1, ceil_mode=False)
    )
  ), weights = ((1, 1, 500, 300), (1,), (20, 1, 2, 300), (20,), (20, 1, 3, 300), (20,), (20, 1, 4, 300), (20,)), parameters = 204,061 (Trainable)
  (fcLayer): Sequential (
    (0): Linear(in_features=80, out_features=200, bias=True), weights = ((200, 80), (200,)), parameters = 16,200 (Trainable)
    (1): Dropout(p=0.5, inplace=False), weights = (), parameters = 0
    (2): ReLU(), weights = (), parameters = 0
    (3): Linear(in_features=200, out_features=50, bias=True), weights = ((50, 200), (50,)), parameters = 10,050 (Trainable)
  ), weights = ((200, 80), (200,), (50, 200), (50,)), parameters = 26,250 (Trainable)
)
========================================================================================================================

[Epoch 1/10] Training Loss: 1.02018	Elapsed Time: 1,068.44s (0:17:48)
[Epoch 1] [Dev]  MSE: 1.56077, MAE: 0.91714
[Epoch 1] [Test] MSE: 1.56902, MAE: 0.92127

*** MODEL has obtained the best DEV MSE of 1.56077 so far!
*** The Best MODEL saved to "./__saved_models__/Baby - DAttn/Baby_DAttn_1234.pth"

[Epoch 2/10] Training Loss: 0.81232	Elapsed Time: 2,185.60s (0:36:25)
[Epoch 2] [Dev]  MSE: 1.51046, MAE: 0.89070
[Epoch 2] [Test] MSE: 1.51868, MAE: 0.89421

*** MODEL has obtained the best DEV MSE of 1.51046 so far!
*** The Best MODEL saved to "./__saved_models__/Baby - DAttn/Baby_DAttn_1234.pth"

[Epoch 3/10] Training Loss: 0.74063	Elapsed Time: 3,302.81s (0:55:02)
[Epoch 3] [Dev]  MSE: 1.48331, MAE: 0.88090
[Epoch 3] [Test] MSE: 1.48786, MAE: 0.88362

*** MODEL has obtained the best DEV MSE of 1.48331 so far!
*** The Best MODEL saved to "./__saved_models__/Baby - DAttn/Baby_DAttn_1234.pth"

[Epoch 4/10] Training Loss: 0.69038	Elapsed Time: 4,420.11s (1:13:40)
[Epoch 4] [Dev]  MSE: 1.53040, MAE: 0.89524
[Epoch 4] [Test] MSE: 1.54301, MAE: 0.90078

[Epoch 5/10] Training Loss: 0.64979	Elapsed Time: 5,537.49s (1:32:17)
[Epoch 5] [Dev]  MSE: 1.54681, MAE: 0.88775
[Epoch 5] [Test] MSE: 1.55565, MAE: 0.89162

[Epoch 6/10] Training Loss: 0.61817	Elapsed Time: 6,654.70s (1:50:54)
[Epoch 6] [Dev]  MSE: 1.53339, MAE: 0.89206
[Epoch 6] [Test] MSE: 1.54396, MAE: 0.89747

[Epoch 7/10] Training Loss: 0.58972	Elapsed Time: 7,772.04s (2:09:32)
[Epoch 7] [Dev]  MSE: 1.59739, MAE: 0.91764
[Epoch 7] [Test] MSE: 1.60915, MAE: 0.92357

[Epoch 8/10] Training Loss: 0.56714	Elapsed Time: 8,889.38s (2:28:09)
[Epoch 8] [Dev]  MSE: 1.55733, MAE: 0.90942
[Epoch 8] [Test] MSE: 1.56431, MAE: 0.91289

[Epoch 9/10] Training Loss: 0.54729	Elapsed Time: 10,006.62s (2:46:46)
[Epoch 9] [Dev]  MSE: 1.55954, MAE: 0.91072
[Epoch 9] [Test] MSE: 1.56634, MAE: 0.91418

[Epoch 10/10] Training Loss: 0.53124	Elapsed Time: 11,123.91s (3:05:23)
[Epoch 10] [Dev]  MSE: 1.53259, MAE: 0.89818
[Epoch 10] [Test] MSE: 1.53994, MAE: 0.90226
*** The Last MODEL saved to "./__saved_models__/Baby - DAttn/Baby_DAttn_1234_10.pth"

[Training Loss]
[1.02018, 0.81232, 0.74063, 0.69038, 0.64979, 0.61817, 0.58972, 0.56714, 0.54729, 0.53124]

[Dev MSE]
[1.56077, 1.51046, 1.48331, 1.5304, 1.54681, 1.53339, 1.59739, 1.55733, 1.55954, 1.53259]
[Test MSE]
[1.56902, 1.51868, 1.48786, 1.54301, 1.55565, 1.54396, 1.60915, 1.56431, 1.56634, 1.53994]
[Test MAE]
[0.92127, 0.89421, 0.88362, 0.90078, 0.89162, 0.89747, 0.92357, 0.91289, 0.91418, 0.90226]


Best Dev MSE: 1.48331 (Obtained during Evaluation #3)
Test MSE: 1.48786, Test MAE: 0.88362

End of Program! Elapsed Time: 11,243.50s (3:07:23)
