========================================================================================================================
  ARL_lr: 0.01
  ARL_path: 
  batch_size: 128
  channels_global: 100
  channels_local: 200
  command: -d Baby -m DAttn -e 10 -p 1 -v 50000 -K 5 -h1 10 -h2 50 -WED 100 -c_local 200 -c_global 100 -hiden_size 500 -output_size 50 -rs 1234 -gpu 0 -vb 1 -sm Baby_DAttn
  ctx_win_size: 3
  dataset: Baby
  disable_initial_eval: 0
  dropout_rate: 0.5
  epochs: 10
  filters_num: 100
  gpu: 0
  h1: 10
  h2: 50
  hidden_size: 500
  input_dir: ./datasets/Baby/
  L2_reg: 1e-06
  learning_rate: 0.002
  loss_function: MSELoss
  max_doc_len: 500
  max_vis_len: 500
  model: DAttn
  num_aspects: 5
  optimizer: Adam
  out_dir: ./experimental_results/Baby - DAttn/
  output_size: 50
  pretrained_src: 1
  random_seed: 1234
  save_model: Baby_DAttn
  use_cuda: True
  verbose: 1
  vocab_size: 50000
  word_embed_dim: 100
========================================================================================================================

[INFO] # of Users: 446,248, # of Items: 58,586

Creating model (Selected Model: DAttn)..
[args.use_cuda: True] Model is on the GPU! (args.gpu: 0, torch.cuda.current_device(): 0)
Model created! Elapsed Time: 3.23s (0.05 minute)

Loading uid_userDoc from "./datasets/Baby/Baby_uid_userDoc.npy"..
uid_userDoc loaded! [uid_userDoc: (446248, 500)]

Loading iid_itemDoc from "./datasets/Baby/Baby_iid_itemDoc.npy"..
iid_itemDoc loaded! [iid_itemDoc: (58586, 500)]

Loading pretrained word embeddings from "./datasets/Baby/Baby_wed100_wid_wordEmbed.npy"..
Pretrained word embeddings loaded! [wid_wEmbed: (50002, 100)]

Initialization Complete.. Elapsed Time: 20.81s (0.35 minute)

Train/Dev/Test splits loaded! |TRAIN|: 721,979, |DEV|: 47,357, |TEST|: 47,373
Train/Dev/Test splits loaded! Elapsed Time: 21.07s (0.35 minute)

Performing initial evaluation for VALIDATION set..
[Initial] [Dev]  MSE: 17.52483, MAE: 4.00761

Performing initial evaluation for TESTING set..
[Initial] [Test] MSE: 17.49612, MAE: 4.00450

Initial Evaluation Complete.. Elapsed Time: 42.73s (0.71 minute)

Optimizer: Adam, Loss Function: MSELoss

Model Size: 258,794,739
# of Trainable Parameters: 1,377,539
DAttn (
  (uid_userDoc): Embedding(446248, 500), weights = ((446248, 500),), parameters = 223,124,000
  (iid_itemDoc): Embedding(58586, 500), weights = ((58586, 500),), parameters = 29,293,000
  (wid_wEmbed): Embedding(50002, 100), weights = ((50002, 100),), parameters = 5,000,200
  (user_net): Net(
    (localAttentionLayer): LocalAttention(
      (attention_layer): Sequential(
        (0): Conv2d(1, 1, kernel_size=(3, 100), stride=(1, 1), padding=(1, 0))
        (1): Sigmoid()
      )
      (cnn): Sequential(
        (0): Conv2d(1, 200, kernel_size=(1, 100), stride=(1, 1))
        (1): Tanh()
      )
    )
    (globalAttentionLayer): GlobalAttention(
      (attention_layer): Sequential(
        (0): Conv2d(1, 1, kernel_size=(500, 100), stride=(1, 1))
        (1): Sigmoid()
      )
      (convs): ModuleList(
        (0): Conv2d(1, 100, kernel_size=(2, 100), stride=(1, 1))
        (1): Conv2d(1, 100, kernel_size=(3, 100), stride=(1, 1))
        (2): Conv2d(1, 100, kernel_size=(4, 100), stride=(1, 1))
      )
    )
    (fcLayer): Sequential(
      (0): Linear(in_features=500, out_features=500, bias=True)
      (1): Dropout(p=0.5, inplace=False)
      (2): ReLU()
      (3): Linear(in_features=500, out_features=50, bias=True)
    )
    (dropout): Dropout(p=0.5, inplace=False)
  ), weights = ((1, 1, 3, 100), (1,), (200, 1, 1, 100), (200,), (1, 1, 500, 100), (1,), (100, 1, 2, 100), (100,), (100, 1, 3, 100), (100,), (100, 1, 4, 100), (100,), (500, 500), (500,), (50, 500), (50,)), parameters = 436,352 (Trainable)
  (item_net): Net(
    (localAttentionLayer): LocalAttention(
      (attention_layer): Sequential(
        (0): Conv2d(1, 1, kernel_size=(3, 100), stride=(1, 1), padding=(1, 0))
        (1): Sigmoid()
      )
      (cnn): Sequential(
        (0): Conv2d(1, 200, kernel_size=(1, 100), stride=(1, 1))
        (1): Tanh()
      )
    )
    (globalAttentionLayer): GlobalAttention(
      (attention_layer): Sequential(
        (0): Conv2d(1, 1, kernel_size=(500, 100), stride=(1, 1))
        (1): Sigmoid()
      )
      (convs): ModuleList(
        (0): Conv2d(1, 100, kernel_size=(2, 100), stride=(1, 1))
        (1): Conv2d(1, 100, kernel_size=(3, 100), stride=(1, 1))
        (2): Conv2d(1, 100, kernel_size=(4, 100), stride=(1, 1))
      )
    )
    (fcLayer): Sequential(
      (0): Linear(in_features=500, out_features=500, bias=True)
      (1): Dropout(p=0.5, inplace=False)
      (2): ReLU()
      (3): Linear(in_features=500, out_features=50, bias=True)
    )
    (dropout): Dropout(p=0.5, inplace=False)
  ), weights = ((1, 1, 3, 100), (1,), (200, 1, 1, 100), (200,), (1, 1, 500, 100), (1,), (100, 1, 2, 100), (100,), (100, 1, 3, 100), (100,), (100, 1, 4, 100), (100,), (500, 500), (500,), (50, 500), (50,)), parameters = 436,352 (Trainable)
  (DAttn_RatingPred): DAttn_RatingPred(
    (uid_userOffset): Embedding(446248, 1)
    (iid_itemOffset): Embedding(58586, 1)
    (globalOffset): Parameter(1,)
  ), weights = ((1,), (446248, 1), (58586, 1)), parameters = 504,835 (Trainable)
)
========================================================================================================================

[Epoch 1/10] Training Loss: 1.23196	Elapsed Time: 536.97s (0:08:56)
[Epoch 1] [Dev]  MSE: 1.40707, MAE: 0.90168
[Epoch 1] [Test] MSE: 1.41895, MAE: 0.90574

*** MODEL has obtained the best DEV MSE of 1.40707 so far!
*** The Best MODEL saved to "./__saved_models__/Baby - DAttn/Baby_DAttn_1234.pth"

[Epoch 2/10] Training Loss: 0.91788	Elapsed Time: 1,094.89s (0:18:14)
[Epoch 2] [Dev]  MSE: 1.44696, MAE: 0.89452
[Epoch 2] [Test] MSE: 1.45608, MAE: 0.89861

[Epoch 3/10] Training Loss: 0.83085	Elapsed Time: 1,652.79s (0:27:32)
[Epoch 3] [Dev]  MSE: 1.41658, MAE: 0.86185
[Epoch 3] [Test] MSE: 1.42171, MAE: 0.86611

[Epoch 4/10] Training Loss: 0.76976	Elapsed Time: 2,210.79s (0:36:50)
[Epoch 4] [Dev]  MSE: 1.42096, MAE: 0.88499
[Epoch 4] [Test] MSE: 1.42256, MAE: 0.88748

[Epoch 5/10] Training Loss: 0.72517	Elapsed Time: 2,768.74s (0:46:08)
[Epoch 5] [Dev]  MSE: 1.42383, MAE: 0.88649
[Epoch 5] [Test] MSE: 1.42424, MAE: 0.88822

[Epoch 6/10] Training Loss: 0.68572	Elapsed Time: 3,326.74s (0:55:26)
[Epoch 6] [Dev]  MSE: 1.52382, MAE: 0.90823
[Epoch 6] [Test] MSE: 1.52856, MAE: 0.91211

[Epoch 7/10] Training Loss: 0.65387	Elapsed Time: 3,884.70s (1:04:44)
[Epoch 7] [Dev]  MSE: 1.47664, MAE: 0.89044
[Epoch 7] [Test] MSE: 1.48075, MAE: 0.89369

[Epoch 8/10] Training Loss: 0.62583	Elapsed Time: 4,442.65s (1:14:02)
[Epoch 8] [Dev]  MSE: 1.45416, MAE: 0.88925
[Epoch 8] [Test] MSE: 1.45595, MAE: 0.89172

[Epoch 9/10] Training Loss: 0.60092	Elapsed Time: 5,000.64s (1:23:20)
[Epoch 9] [Dev]  MSE: 1.51380, MAE: 0.89406
[Epoch 9] [Test] MSE: 1.51688, MAE: 0.89799

[Epoch 10/10] Training Loss: 0.57941	Elapsed Time: 5,558.59s (1:32:38)
[Epoch 10] [Dev]  MSE: 1.55386, MAE: 0.90523
[Epoch 10] [Test] MSE: 1.55555, MAE: 0.90837
*** The Last MODEL saved to "./__saved_models__/Baby - DAttn/Baby_DAttn_1234_10.pth"

[Training Loss]
[1.23196, 0.91788, 0.83085, 0.76976, 0.72517, 0.68572, 0.65387, 0.62583, 0.60092, 0.57941]

[Dev MSE]
[1.40707, 1.44696, 1.41658, 1.42096, 1.42383, 1.52382, 1.47664, 1.45416, 1.5138, 1.55386]
[Test MSE]
[1.41895, 1.45608, 1.42171, 1.42256, 1.42424, 1.52856, 1.48075, 1.45595, 1.51688, 1.55555]
[Test MAE]
[0.90574, 0.89861, 0.86611, 0.88748, 0.88822, 0.91211, 0.89369, 0.89172, 0.89799, 0.90837]


Best Dev MSE: 1.40707 (Obtained during Evaluation #1)
Test MSE: 1.41895, Test MAE: 0.90574

End of Program! Elapsed Time: 5,622.25s (1:33:42)
