========================================================================================================================
  ARL_lr: 0.01
  ARL_path: 
  batch_size: 128
  channels_global: 100
  channels_local: 200
  command: -d CDs_and_Vinyl -m DeepCoNN -e 10 -dr 0.5 -p 1 -v 50000 -K 5 -h1 10 -h2 50 -filters_num 100 -output_size 50 -rs 1234 -gpu 0 -vb 1 -sm CDs_and_Vinyl_DeepCoNN
  ctx_win_size: 3
  dataset: CDs_and_Vinyl
  disable_initial_eval: 0
  dropout_rate: 0.5
  epochs: 10
  filters_num: 100
  gpu: 0
  h1: 10
  h2: 50
  hidden_size: 500
  input_dir: ./datasets/CDs_and_Vinyl/
  L2_reg: 1e-06
  learning_rate: 0.002
  loss_function: MSELoss
  max_doc_len: 500
  max_vis_len: 500
  model: DeepCoNN
  num_aspects: 5
  optimizer: Adam
  out_dir: ./experimental_results/CDs_and_Vinyl - DeepCoNN/
  output_size: 50
  pretrained_src: 1
  random_seed: 1234
  save_model: CDs_and_Vinyl_DeepCoNN
  use_cuda: True
  verbose: 1
  vocab_size: 50000
  word_embed_dim: 300
========================================================================================================================

[INFO] # of Users: 488,046, # of Items: 237,480

Creating model (Selected Model: DeepCoNN)..
[args.use_cuda: True] Model is on the GPU! (args.gpu: 0, torch.cuda.current_device(): 0)
Model created! Elapsed Time: 4.22s (0.07 minute)

Loading uid_userDoc from "./datasets/CDs_and_Vinyl/CDs_and_Vinyl_uid_userDoc.npy"..
uid_userDoc loaded! [uid_userDoc: (488046, 500)]

Loading iid_itemDoc from "./datasets/CDs_and_Vinyl/CDs_and_Vinyl_iid_itemDoc.npy"..
iid_itemDoc loaded! [iid_itemDoc: (237480, 500)]

Loading pretrained word embeddings from "./datasets/CDs_and_Vinyl/CDs_and_Vinyl_wid_wordEmbed.npy"..
Pretrained word embeddings loaded! [wid_wEmbed: (50002, 300)]

Initialization Complete.. Elapsed Time: 28.64s (0.48 minute)

Train/Dev/Test splits loaded! |TRAIN|: 800,000, |DEV|: 41,001, |TEST|: 41,018
Train/Dev/Test splits loaded! Elapsed Time: 28.88s (0.48 minute)

Performing initial evaluation for VALIDATION set..
[Initial] [Dev]  MSE: 16.35923, MAE: 3.90121

Performing initial evaluation for TESTING set..
[Initial] [Test] MSE: 16.38360, MAE: 3.90596

Initial Evaluation Complete.. Elapsed Time: 35.62s (0.59 minute)

Optimizer: Adam, Loss Function: MSELoss

Model Size: 378,679,427
# of Trainable Parameters: 915,827
DeepCoNN (
  (uid_userDoc): Embedding(488046, 500), weights = ((488046, 500),), parameters = 244,023,000
  (iid_itemDoc): Embedding(237480, 500), weights = ((237480, 500),), parameters = 118,740,000
  (wid_wEmbed): Embedding(50002, 300), weights = ((50002, 300),), parameters = 15,000,600
  (user_CNN): Conv2d(1, 100, kernel_size=(3, 300), stride=(1, 1)), weights = ((100, 1, 3, 300), (100,)), parameters = 90,100 (Trainable)
  (item_CNN): Conv2d(1, 100, kernel_size=(3, 300), stride=(1, 1)), weights = ((100, 1, 3, 300), (100,)), parameters = 90,100 (Trainable)
  (user_fcLayer): Linear(in_features=100, out_features=50, bias=True), weights = ((50, 100), (50,)), parameters = 5,050 (Trainable)
  (item_fcLayer): Linear(in_features=100, out_features=50, bias=True), weights = ((50, 100), (50,)), parameters = 5,050 (Trainable)
  (userDropout): Dropout(p=0.5, inplace=False), weights = (), parameters = 0
  (itemDropout): Dropout(p=0.5, inplace=False), weights = (), parameters = 0
  (DeepCoNN_RatingPred): DeepCoNN_RatingPred(
    (uid_userOffset): Embedding(488046, 1)
    (iid_itemOffset): Embedding(237480, 1)
    (globalOffset): Parameter(1,)
  ), weights = ((1,), (488046, 1), (237480, 1)), parameters = 725,527 (Trainable)
)
========================================================================================================================

[Epoch 1/10] Training Loss: 1.10441	Elapsed Time: 123.56s (0:02:03)
[Epoch 1] [Dev]  MSE: 1.09113, MAE: 0.78556
[Epoch 1] [Test] MSE: 1.08183, MAE: 0.78548

*** MODEL has obtained the best DEV MSE of 1.09113 so far!
*** The Best MODEL saved to "./__saved_models__/CDs_and_Vinyl - DeepCoNN/CDs_and_Vinyl_DeepCoNN_1234.pth"

[Epoch 2/10] Training Loss: 0.67905	Elapsed Time: 253.90s (0:04:13)
[Epoch 2] [Dev]  MSE: 1.04763, MAE: 0.70387
[Epoch 2] [Test] MSE: 1.03347, MAE: 0.69979

*** MODEL has obtained the best DEV MSE of 1.04763 so far!
*** The Best MODEL saved to "./__saved_models__/CDs_and_Vinyl - DeepCoNN/CDs_and_Vinyl_DeepCoNN_1234.pth"

[Epoch 3/10] Training Loss: 0.59767	Elapsed Time: 384.30s (0:06:24)
[Epoch 3] [Dev]  MSE: 1.04572, MAE: 0.71046
[Epoch 3] [Test] MSE: 1.03333, MAE: 0.70715

*** MODEL has obtained the best DEV MSE of 1.04572 so far!
*** The Best MODEL saved to "./__saved_models__/CDs_and_Vinyl - DeepCoNN/CDs_and_Vinyl_DeepCoNN_1234.pth"

[Epoch 4/10] Training Loss: 0.53988	Elapsed Time: 514.69s (0:08:34)
[Epoch 4] [Dev]  MSE: 1.07885, MAE: 0.72585
[Epoch 4] [Test] MSE: 1.06389, MAE: 0.72177

[Epoch 5/10] Training Loss: 0.49606	Elapsed Time: 645.02s (0:10:45)
[Epoch 5] [Dev]  MSE: 1.02836, MAE: 0.71128
[Epoch 5] [Test] MSE: 1.02042, MAE: 0.71042

*** MODEL has obtained the best DEV MSE of 1.02836 so far!
*** The Best MODEL saved to "./__saved_models__/CDs_and_Vinyl - DeepCoNN/CDs_and_Vinyl_DeepCoNN_1234.pth"

[Epoch 6/10] Training Loss: 0.46020	Elapsed Time: 775.34s (0:12:55)
[Epoch 6] [Dev]  MSE: 1.03436, MAE: 0.71663
[Epoch 6] [Test] MSE: 1.02607, MAE: 0.71567

[Epoch 7/10] Training Loss: 0.43024	Elapsed Time: 905.67s (0:15:05)
[Epoch 7] [Dev]  MSE: 1.06124, MAE: 0.71892
[Epoch 7] [Test] MSE: 1.05225, MAE: 0.71669

[Epoch 8/10] Training Loss: 0.40542	Elapsed Time: 1,035.99s (0:17:15)
[Epoch 8] [Dev]  MSE: 1.06837, MAE: 0.72293
[Epoch 8] [Test] MSE: 1.05935, MAE: 0.72027

[Epoch 9/10] Training Loss: 0.38354	Elapsed Time: 1,166.30s (0:19:26)
[Epoch 9] [Dev]  MSE: 1.06020, MAE: 0.72228
[Epoch 9] [Test] MSE: 1.05226, MAE: 0.71980

[Epoch 10/10] Training Loss: 0.36461	Elapsed Time: 1,296.65s (0:21:36)
[Epoch 10] [Dev]  MSE: 1.09204, MAE: 0.73348
[Epoch 10] [Test] MSE: 1.08270, MAE: 0.73083
*** The Last MODEL saved to "./__saved_models__/CDs_and_Vinyl - DeepCoNN/CDs_and_Vinyl_DeepCoNN_1234_10.pth"

[Training Loss]
[1.10441, 0.67905, 0.59767, 0.53988, 0.49606, 0.4602, 0.43024, 0.40542, 0.38354, 0.36461]

[Dev MSE]
[1.09113, 1.04763, 1.04572, 1.07885, 1.02836, 1.03436, 1.06124, 1.06837, 1.0602, 1.09204]
[Test MSE]
[1.08183, 1.03347, 1.03333, 1.06389, 1.02042, 1.02607, 1.05225, 1.05935, 1.05226, 1.0827]
[Test MAE]
[0.78548, 0.69979, 0.70715, 0.72177, 0.71042, 0.71567, 0.71669, 0.72027, 0.7198, 0.73083]


Best Dev MSE: 1.02836 (Obtained during Evaluation #5)
Test MSE: 1.02042, Test MAE: 0.71042

End of Program! Elapsed Time: 1,338.94s (0:22:18)
