========================================================================================================================
  ARL_lr: 0.01
  ARL_path: Electronics_ANRS_1337
  batch_size: 128
  channels_global: 100
  channels_local: 200
  command: -d Electronics -m ANR -e 10 -dr 0.9 -WED 300 -h1 50 -h2 50 -p 1 -v 50000 -rs 1234 -gpu 0 -vb 1 -sm Electronics_ANR -ARL_path Electronics_ANRS_1337
  ctx_win_size: 3
  dataset: Electronics
  disable_initial_eval: 0
  dropout_rate: 0.9
  epochs: 10
  filters_num: 100
  gpu: 0
  h1: 50
  h2: 50
  hidden_size: 500
  input_dir: ./datasets/Electronics/
  L2_reg: 1e-06
  learning_rate: 0.002
  loss_function: MSELoss
  max_doc_len: 500
  max_vis_len: 500
  model: ANR
  num_aspects: 5
  optimizer: Adam
  out_dir: ./experimental_results/Electronics - ANR/
  output_size: 50
  pretrained_src: 1
  random_seed: 1234
  save_model: Electronics_ANR
  use_cuda: True
  verbose: 1
  vocab_size: 50000
  word_embed_dim: 300
========================================================================================================================

[INFO] # of Users: 685,969, # of Items: 168,412

Creating model (Selected Model: ANR)..
[args.use_cuda: True] Model is on the GPU! (args.gpu: 0, torch.cuda.current_device(): 0)
Model created! Elapsed Time: 4.67s (0.08 minute)

Loading uid_userDoc from "./datasets/Electronics/Electronics_uid_userDoc.npy"..
uid_userDoc loaded! [uid_userDoc: (685969, 500)]

Loading iid_itemDoc from "./datasets/Electronics/Electronics_iid_itemDoc.npy"..
iid_itemDoc loaded! [iid_itemDoc: (168412, 500)]

Loading pretrained word embeddings from "./datasets/Electronics/Electronics_wed300_wid_wordEmbed.npy"..
Pretrained word embeddings loaded! [wid_wEmbed: (50002, 300)]

Loading pretrained ARL weights of "ANR" for dataset "Electronics" from "./__saved_models__/Electronics - ANRS/Electronics_ANRS_1337.pth"!
Loading pretrained ARL weights on GPU "0"!

Loaded pretrained model states:

	shared_ANR_ARL.aspProj
	shared_ANR_ARL.aspEmbed.weight

Pretrained model states transferred to current model!

*** "shared_ANR_ARL.aspProj, shared_ANR_ARL.aspEmbed.weight" are FINE-TUNED!! ***


Initialization Complete.. Elapsed Time: 40.56s (0.68 minute)

Train/Dev/Test splits loaded! |TRAIN|: 800,000, |DEV|: 20,925, |TEST|: 20,954
Train/Dev/Test splits loaded! Elapsed Time: 40.85s (0.68 minute)

Performing initial evaluation for VALIDATION set..
[Initial] [Dev]  MSE: 18.97482, MAE: 4.18091

Performing initial evaluation for TESTING set..
[Initial] [Test] MSE: 18.81043, MAE: 4.15538

Initial Evaluation Complete.. Elapsed Time: 46.16s (0.77 minute)

Parameters that are fine-tuned using a smaller LR (LR: 2e-05):
shared_ANR_ARL.aspProj, shared_ANR_ARL.aspEmbed.weight

Parameters with L2 Regularization (Regularization Strength: 1e-06):
ANR_RatingPred.uid_userOffset.weight, ANR_RatingPred.iid_itemOffset.weight

Optimizer: Adam, Loss Function: MSELoss

Model Size: 443,128,832
# of Trainable Parameters: 937,732
ANR (
  (uid_userDoc): Embedding(685969, 500), weights = ((685969, 500),), parameters = 342,984,500
  (iid_itemDoc): Embedding(168412, 500), weights = ((168412, 500),), parameters = 84,206,000
  (wid_wEmbed): Embedding(50002, 300), weights = ((50002, 300),), parameters = 15,000,600
  (shared_ANR_ARL): ANR_ARL(
    (aspEmbed): Embedding(5, 150)
    (aspProj): Parameter(5, 300, 50)
  ), weights = ((5, 300, 50), (5, 150)), parameters = 75,750 (Trainable)
  (ANR_AIE): ANR_AIE(  (W_a): Parameter(50, 50)
    (W_u): Parameter(50, 50)
    (w_hu): Parameter(50, 1)
    (W_i): Parameter(50, 50)
    (w_hi): Parameter(50, 1)
  ), weights = ((50, 50), (50, 50), (50, 1), (50, 50), (50, 1)), parameters = 7,600 (Trainable)
  (ANR_RatingPred): ANR_RatingPred(
    (userAspRepDropout): Dropout(p=0.9, inplace=False)
    (itemAspRepDropout): Dropout(p=0.9, inplace=False)
    (uid_userOffset): Embedding(685969, 1)
    (iid_itemOffset): Embedding(168412, 1)
    (globalOffset): Parameter(1,)
  ), weights = ((1,), (685969, 1), (168412, 1)), parameters = 854,382 (Trainable)
)
========================================================================================================================

[Epoch 1/10] Training Loss: 3.75776	Elapsed Time: 235.27s (0:03:55)
[Epoch 1] [Dev]  MSE: 1.42370, MAE: 0.95226
[Epoch 1] [Test] MSE: 1.46002, MAE: 0.96133

*** MODEL has obtained the best DEV MSE of 1.42370 so far!
*** The Best MODEL saved to "./__saved_models__/Electronics - ANR/Electronics_ANR_1234.pth"

[Epoch 2/10] Training Loss: 1.65039	Elapsed Time: 475.86s (0:07:55)
[Epoch 2] [Dev]  MSE: 1.38177, MAE: 0.93448
[Epoch 2] [Test] MSE: 1.41663, MAE: 0.94265

*** MODEL has obtained the best DEV MSE of 1.38177 so far!
*** The Best MODEL saved to "./__saved_models__/Electronics - ANR/Electronics_ANR_1234.pth"

[Epoch 3/10] Training Loss: 1.49414	Elapsed Time: 716.51s (0:11:56)
[Epoch 3] [Dev]  MSE: 1.36601, MAE: 0.91659
[Epoch 3] [Test] MSE: 1.40294, MAE: 0.92460

*** MODEL has obtained the best DEV MSE of 1.36601 so far!
*** The Best MODEL saved to "./__saved_models__/Electronics - ANR/Electronics_ANR_1234.pth"

[Epoch 4/10] Training Loss: 1.39375	Elapsed Time: 957.15s (0:15:57)
[Epoch 4] [Dev]  MSE: 1.36954, MAE: 0.91351
[Epoch 4] [Test] MSE: 1.40626, MAE: 0.92112

[Epoch 5/10] Training Loss: 1.32620	Elapsed Time: 1,197.74s (0:19:57)
[Epoch 5] [Dev]  MSE: 1.37383, MAE: 0.90454
[Epoch 5] [Test] MSE: 1.41198, MAE: 0.91331

[Epoch 6/10] Training Loss: 1.28153	Elapsed Time: 1,438.30s (0:23:58)
[Epoch 6] [Dev]  MSE: 1.38112, MAE: 0.90702
[Epoch 6] [Test] MSE: 1.41778, MAE: 0.91517

[Epoch 7/10] Training Loss: 1.24384	Elapsed Time: 1,678.92s (0:27:58)
[Epoch 7] [Dev]  MSE: 1.38765, MAE: 0.90801
[Epoch 7] [Test] MSE: 1.42699, MAE: 0.91609

[Epoch 8/10] Training Loss: 1.21875	Elapsed Time: 1,919.55s (0:31:59)
[Epoch 8] [Dev]  MSE: 1.39404, MAE: 0.90887
[Epoch 8] [Test] MSE: 1.43306, MAE: 0.91704

[Epoch 9/10] Training Loss: 1.19829	Elapsed Time: 2,160.12s (0:36:00)
[Epoch 9] [Dev]  MSE: 1.39714, MAE: 0.90585
[Epoch 9] [Test] MSE: 1.43749, MAE: 0.91427

[Epoch 10/10] Training Loss: 1.18357	Elapsed Time: 2,400.70s (0:40:00)
[Epoch 10] [Dev]  MSE: 1.40173, MAE: 0.90706
[Epoch 10] [Test] MSE: 1.44254, MAE: 0.91606
*** The Last MODEL saved to "./__saved_models__/Electronics - ANR/Electronics_ANR_1234_10.pth"

[Training Loss]
[3.75776, 1.65039, 1.49414, 1.39375, 1.3262, 1.28153, 1.24384, 1.21875, 1.19829, 1.18357]

[Dev MSE]
[1.4237, 1.38177, 1.36601, 1.36954, 1.37383, 1.38112, 1.38765, 1.39404, 1.39714, 1.40173]
[Test MSE]
[1.46002, 1.41663, 1.40294, 1.40626, 1.41198, 1.41778, 1.42699, 1.43306, 1.43749, 1.44254]
[Test MAE]
[0.96133, 0.94265, 0.9246, 0.92112, 0.91331, 0.91517, 0.91609, 0.91704, 0.91427, 0.91606]


Best Dev MSE: 1.36601 (Obtained during Evaluation #3)
Test MSE: 1.40294, Test MAE: 0.92460

End of Program! Elapsed Time: 2,452.06s (0:40:52)
