========================================================================================================================
  ARL_lr: 0.01
  ARL_path: 
  batch_size: 128
  channels_global: 100
  channels_local: 200
  command: -d Sports_and_Outdoors -m VANRA -e 5 -dr 0.9 -WED 300 -p 1 -v 50000 -K 5 -h1 50 -kernel_list 3 -output_size 15 -rs 1234 -gpu 0 -vb 1 -sm Sports_and_Outdoors_VANRA
  ctx_win_size: 3
  dataset: Sports_and_Outdoors
  disable_initial_eval: 0
  dropout_rate: 0.9
  epochs: 5
  filters_num: 100
  gpu: 0
  h1: 50
  h2: 50
  hidden_size: 500
  input_dir: ./datasets/Sports_and_Outdoors/
  kernel_list: [3]
  L2_reg: 1e-06
  learning_rate: 0.002
  loss_function: MSELoss
  max_doc_len: 500
  max_vis_len: 500
  model: VANRA
  num_aspects: 5
  optimizer: Adam
  out_dir: ./experimental_results/Sports_and_Outdoors - VANRA/
  output_size: 15
  pretrained_src: 1
  random_seed: 1234
  save_model: Sports_and_Outdoors_VANRA
  use_cuda: True
  verbose: 1
  vocab_size: 50000
  word_embed_dim: 300
========================================================================================================================

[INFO] # of Users: 645,026, # of Items: 221,569

Creating model (Selected Model: VANRA)..
[args.use_cuda: True] Model is on the GPU! (args.gpu: 0, torch.cuda.current_device(): 0)
Model created! Elapsed Time: 8.14s (0.14 minute)

Loading uid_userDoc from "./datasets/Sports_and_Outdoors/Sports_and_Outdoors_uid_userDoc.npy"..
uid_userDoc loaded! [uid_userDoc: (645026, 500)]

Loading iid_itemDoc from "./datasets/Sports_and_Outdoors/Sports_and_Outdoors_iid_itemDoc.npy"..
iid_itemDoc loaded! [iid_itemDoc: (221569, 500)]

Loading pretrained word embeddings from "./datasets/Sports_and_Outdoors/Sports_and_Outdoors_wed300_wid_wordEmbed.npy"..
Pretrained word embeddings loaded! [wid_wEmbed: (50002, 300)]

Loading uid_userVis from "./datasets/Sports_and_Outdoors/Sports_and_Outdoors_uid_userVis.npy"..
uid_userVis loaded! [uid_userVis: (645026, 500)]

Loading iid_itemVis from "./datasets/Sports_and_Outdoors/Sports_and_Outdoors_iid_itemVis.npy"..
iid_itemVis loaded! [iid_itemVis: (221569, 500)]

Initialization Complete.. Elapsed Time: 66.25s (1.10 minutes)

Train/Dev/Test splits loaded! |TRAIN|: 800,000, |DEV|: 25,665, |TEST|: 25,738
Train/Dev/Test splits loaded! Elapsed Time: 66.52s (1.11 minutes)

Performing initial evaluation for VALIDATION set..
[Initial] [Dev]  MSE: 14.10307, MAE: 3.54931

Performing initial evaluation for TESTING set..
[Initial] [Test] MSE: 14.09027, MAE: 3.54829

Initial Evaluation Complete.. Elapsed Time: 73.83s (1.23 minutes)

Parameters with L2 Regularization (Regularization Strength: 1e-06):
VANRA_RatingPred.uid_userOffset.weight, VANRA_RatingPred.iid_itemOffset.weight

Optimizer: Adam, Loss Function: MSELoss

Model Size: 882,584,011
# of Trainable Parameters: 988,411
VANRA (
  (uid_userDoc): Embedding(645026, 500), weights = ((645026, 500),), parameters = 322,513,000
  (iid_itemDoc): Embedding(221569, 500), weights = ((221569, 500),), parameters = 110,784,500
  (wid_wEmbed): Embedding(50002, 300), weights = ((50002, 300),), parameters = 15,000,600
  (uid_userVis): Embedding(645026, 500), weights = ((645026, 500),), parameters = 322,513,000
  (iid_itemVis): Embedding(221569, 500), weights = ((221569, 500),), parameters = 110,784,500
  (MSANR_ARL): MSANR_ARL(
    (aspEmbed): ModuleList(
      (0): Embedding(5, 150)
    )
    (filterEmbed): Embedding(5, 50)
    (aspProj): Parameter(5, 300, 50)
  ), weights = ((5, 300, 50), (5, 150), (5, 50)), parameters = 76,000 (Trainable)
  (VANRA_VRL): VANRA_VRL(
    (fcLayer): Sequential(
      (0): Dropout(p=0.9, inplace=False)
      (1): Linear(in_features=500, out_features=15, bias=True)
    )
    (visProj): Parameter(500, 50)
  ), weights = ((500, 50), (15, 500), (15,)), parameters = 32,515 (Trainable)
  (VANRA_RatingPred): VANRA_RatingPred(
    (uid_userOffset): Embedding(645026, 1)
    (iid_itemOffset): Embedding(221569, 1)
    (fcLayer1): Sequential(
      (0): Linear(in_features=265, out_features=50, bias=True)
      (1): ReLU()
      (2): Dropout(p=0.9, inplace=False)
    )
    (globalOffset): Parameter(1,)
  ), weights = ((1,), (645026, 1), (221569, 1), (50, 265), (50,)), parameters = 879,896 (Trainable)
)
========================================================================================================================

[Epoch 1/5] Training Loss: 7.64721	Elapsed Time: 239.64s (0:03:59)
[Epoch 1] [Dev]  MSE: 1.12518, MAE: 0.82305
[Epoch 1] [Test] MSE: 1.11810, MAE: 0.82299

*** MODEL has obtained the best DEV MSE of 1.12518 so far!
*** The Best MODEL saved to "./__saved_models__/Sports_and_Outdoors - VANRA/Sports_and_Outdoors_VANRA_1234.pth"

[Epoch 2/5] Training Loss: 1.32962	Elapsed Time: 486.55s (0:08:06)
[Epoch 2] [Dev]  MSE: 1.08847, MAE: 0.79294
[Epoch 2] [Test] MSE: 1.08258, MAE: 0.79237

*** MODEL has obtained the best DEV MSE of 1.08847 so far!
*** The Best MODEL saved to "./__saved_models__/Sports_and_Outdoors - VANRA/Sports_and_Outdoors_VANRA_1234.pth"

[Epoch 3/5] Training Loss: 1.20752	Elapsed Time: 733.42s (0:12:13)
[Epoch 3] [Dev]  MSE: 1.08457, MAE: 0.78277
[Epoch 3] [Test] MSE: 1.07954, MAE: 0.78216

*** MODEL has obtained the best DEV MSE of 1.08457 so far!
*** The Best MODEL saved to "./__saved_models__/Sports_and_Outdoors - VANRA/Sports_and_Outdoors_VANRA_1234.pth"

[Epoch 4/5] Training Loss: 1.11745	Elapsed Time: 980.27s (0:16:20)
[Epoch 4] [Dev]  MSE: 1.08906, MAE: 0.77709
[Epoch 4] [Test] MSE: 1.08389, MAE: 0.77604

[Epoch 5/5] Training Loss: 1.06274	Elapsed Time: 1,227.10s (0:20:27)
[Epoch 5] [Dev]  MSE: 1.09526, MAE: 0.78070
[Epoch 5] [Test] MSE: 1.08981, MAE: 0.77887
*** The Last MODEL saved to "./__saved_models__/Sports_and_Outdoors - VANRA/Sports_and_Outdoors_VANRA_1234_5.pth"

[Training Loss]
[7.64721, 1.32962, 1.20752, 1.11745, 1.06274]

[Dev MSE]
[1.12518, 1.08847, 1.08457, 1.08906, 1.09526]
[Test MSE]
[1.1181, 1.08258, 1.07954, 1.08389, 1.08981]
[Test MAE]
[0.82299, 0.79237, 0.78216, 0.77604, 0.77887]


Best Dev MSE: 1.08457 (Obtained during Evaluation #3)
Test MSE: 1.07954, Test MAE: 0.78216

End of Program! Elapsed Time: 1,307.97s (0:21:47)
