========================================================================================================================
  ARL_lr: 0.01
  ARL_path: 
  batch_size: 128
  channels_global: 100
  channels_local: 200
  command: -d Sports_and_Outdoors -m VANRA -e 5 -dr 0.9 -WED 300 -p 1 -v 50000 -K 5 -h1 50 -kernel_list 3 -output_size 5 -rs 1234 -gpu 0 -vb 1 -sm Sports_and_Outdoors_VANRA
  ctx_win_size: 3
  dataset: Sports_and_Outdoors
  disable_initial_eval: 0
  dropout_rate: 0.9
  epochs: 5
  filters_num: 100
  gpu: 0
  h1: 50
  h2: 50
  hidden_size: 500
  input_dir: ./datasets/Sports_and_Outdoors/
  kernel_list: [3]
  L2_reg: 1e-06
  learning_rate: 0.002
  loss_function: MSELoss
  max_doc_len: 500
  max_vis_len: 500
  model: VANRA
  num_aspects: 5
  optimizer: Adam
  out_dir: ./experimental_results/Sports_and_Outdoors - VANRA/
  output_size: 5
  pretrained_src: 1
  random_seed: 1234
  save_model: Sports_and_Outdoors_VANRA
  use_cuda: True
  verbose: 1
  vocab_size: 50000
  word_embed_dim: 300
========================================================================================================================

[INFO] # of Users: 645,026, # of Items: 221,569

Creating model (Selected Model: VANRA)..
[args.use_cuda: True] Model is on the GPU! (args.gpu: 0, torch.cuda.current_device(): 0)
Model created! Elapsed Time: 8.17s (0.14 minute)

Loading uid_userDoc from "./datasets/Sports_and_Outdoors/Sports_and_Outdoors_uid_userDoc.npy"..
uid_userDoc loaded! [uid_userDoc: (645026, 500)]

Loading iid_itemDoc from "./datasets/Sports_and_Outdoors/Sports_and_Outdoors_iid_itemDoc.npy"..
iid_itemDoc loaded! [iid_itemDoc: (221569, 500)]

Loading pretrained word embeddings from "./datasets/Sports_and_Outdoors/Sports_and_Outdoors_wed300_wid_wordEmbed.npy"..
Pretrained word embeddings loaded! [wid_wEmbed: (50002, 300)]

Loading uid_userVis from "./datasets/Sports_and_Outdoors/Sports_and_Outdoors_uid_userVis.npy"..
uid_userVis loaded! [uid_userVis: (645026, 500)]

Loading iid_itemVis from "./datasets/Sports_and_Outdoors/Sports_and_Outdoors_iid_itemVis.npy"..
iid_itemVis loaded! [iid_itemVis: (221569, 500)]

Initialization Complete.. Elapsed Time: 66.76s (1.11 minutes)

Train/Dev/Test splits loaded! |TRAIN|: 800,000, |DEV|: 25,665, |TEST|: 25,738
Train/Dev/Test splits loaded! Elapsed Time: 67.03s (1.12 minutes)

Performing initial evaluation for VALIDATION set..
[Initial] [Dev]  MSE: 17.29552, MAE: 4.00039

Performing initial evaluation for TESTING set..
[Initial] [Test] MSE: 17.30116, MAE: 4.00208

Initial Evaluation Complete.. Elapsed Time: 74.40s (1.24 minutes)

Parameters with L2 Regularization (Regularization Strength: 1e-06):
VANRA_RatingPred.uid_userOffset.weight, VANRA_RatingPred.iid_itemOffset.weight

Optimizer: Adam, Loss Function: MSELoss

Model Size: 882,578,501
# of Trainable Parameters: 982,901
VANRA (
  (uid_userDoc): Embedding(645026, 500), weights = ((645026, 500),), parameters = 322,513,000
  (iid_itemDoc): Embedding(221569, 500), weights = ((221569, 500),), parameters = 110,784,500
  (wid_wEmbed): Embedding(50002, 300), weights = ((50002, 300),), parameters = 15,000,600
  (uid_userVis): Embedding(645026, 500), weights = ((645026, 500),), parameters = 322,513,000
  (iid_itemVis): Embedding(221569, 500), weights = ((221569, 500),), parameters = 110,784,500
  (MSANR_ARL): MSANR_ARL(
    (aspEmbed): ModuleList(
      (0): Embedding(5, 150)
    )
    (filterEmbed): Embedding(5, 50)
    (aspProj): Parameter(5, 300, 50)
  ), weights = ((5, 300, 50), (5, 150), (5, 50)), parameters = 76,000 (Trainable)
  (VANRA_VRL): VANRA_VRL(
    (fcLayer): Sequential(
      (0): Dropout(p=0.9, inplace=False)
      (1): Linear(in_features=500, out_features=5, bias=True)
    )
    (visProj): Parameter(500, 50)
  ), weights = ((500, 50), (5, 500), (5,)), parameters = 27,505 (Trainable)
  (VANRA_RatingPred): VANRA_RatingPred(
    (uid_userOffset): Embedding(645026, 1)
    (iid_itemOffset): Embedding(221569, 1)
    (fcLayer1): Sequential(
      (0): Linear(in_features=255, out_features=50, bias=True)
      (1): ReLU()
      (2): Dropout(p=0.9, inplace=False)
    )
    (globalOffset): Parameter(1,)
  ), weights = ((1,), (645026, 1), (221569, 1), (50, 255), (50,)), parameters = 879,396 (Trainable)
)
========================================================================================================================

[Epoch 1/5] Training Loss: 4.84328	Elapsed Time: 239.87s (0:03:59)
[Epoch 1] [Dev]  MSE: 1.12359, MAE: 0.82614
[Epoch 1] [Test] MSE: 1.11977, MAE: 0.82672

*** MODEL has obtained the best DEV MSE of 1.12359 so far!
*** The Best MODEL saved to "./__saved_models__/Sports_and_Outdoors - VANRA/Sports_and_Outdoors_VANRA_1234.pth"

[Epoch 2/5] Training Loss: 1.32828	Elapsed Time: 487.15s (0:08:07)
[Epoch 2] [Dev]  MSE: 1.08743, MAE: 0.79613
[Epoch 2] [Test] MSE: 1.08340, MAE: 0.79628

*** MODEL has obtained the best DEV MSE of 1.08743 so far!
*** The Best MODEL saved to "./__saved_models__/Sports_and_Outdoors - VANRA/Sports_and_Outdoors_VANRA_1234.pth"

[Epoch 3/5] Training Loss: 1.19846	Elapsed Time: 734.47s (0:12:14)
[Epoch 3] [Dev]  MSE: 1.08416, MAE: 0.78473
[Epoch 3] [Test] MSE: 1.07969, MAE: 0.78401

*** MODEL has obtained the best DEV MSE of 1.08416 so far!
*** The Best MODEL saved to "./__saved_models__/Sports_and_Outdoors - VANRA/Sports_and_Outdoors_VANRA_1234.pth"

[Epoch 4/5] Training Loss: 1.11692	Elapsed Time: 981.65s (0:16:21)
[Epoch 4] [Dev]  MSE: 1.08886, MAE: 0.78030
[Epoch 4] [Test] MSE: 1.08389, MAE: 0.77911

[Epoch 5/5] Training Loss: 1.06257	Elapsed Time: 1,228.89s (0:20:28)
[Epoch 5] [Dev]  MSE: 1.09409, MAE: 0.77697
[Epoch 5] [Test] MSE: 1.09048, MAE: 0.77626
*** The Last MODEL saved to "./__saved_models__/Sports_and_Outdoors - VANRA/Sports_and_Outdoors_VANRA_1234_5.pth"

[Training Loss]
[4.84328, 1.32828, 1.19846, 1.11692, 1.06257]

[Dev MSE]
[1.12359, 1.08743, 1.08416, 1.08886, 1.09409]
[Test MSE]
[1.11977, 1.0834, 1.07969, 1.08389, 1.09048]
[Test MAE]
[0.82672, 0.79628, 0.78401, 0.77911, 0.77626]


Best Dev MSE: 1.08416 (Obtained during Evaluation #3)
Test MSE: 1.07969, Test MAE: 0.78401

End of Program! Elapsed Time: 1,310.33s (0:21:50)
