========================================================================================================================
  ARL_lr: 0.01
  ARL_path: 
  batch_size: 128
  channels_global: 100
  channels_local: 200
  command: -d Sports_and_Outdoors -m VANRA -e 5 -dr 0.9 -WED 300 -p 1 -v 50000 -K 5 -h1 5 -kernel_list 3 -output_size 15 -rs 1234 -gpu 0 -vb 1 -sm Sports_and_Outdoors_VANRA
  ctx_win_size: 3
  dataset: Sports_and_Outdoors
  disable_initial_eval: 0
  dropout_rate: 0.9
  epochs: 5
  filters_num: 100
  gpu: 0
  h1: 5
  h2: 50
  hidden_size: 500
  input_dir: ./datasets/Sports_and_Outdoors/
  kernel_list: [3]
  L2_reg: 1e-06
  learning_rate: 0.002
  loss_function: MSELoss
  max_doc_len: 500
  max_vis_len: 500
  model: VANRA
  num_aspects: 5
  optimizer: Adam
  out_dir: ./experimental_results/Sports_and_Outdoors - VANRA/
  output_size: 15
  pretrained_src: 1
  random_seed: 1234
  save_model: Sports_and_Outdoors_VANRA
  use_cuda: True
  verbose: 1
  vocab_size: 50000
  word_embed_dim: 300
========================================================================================================================

[INFO] # of Users: 645,026, # of Items: 221,569

Creating model (Selected Model: VANRA)..
[args.use_cuda: True] Model is on the GPU! (args.gpu: 0, torch.cuda.current_device(): 0)
Model created! Elapsed Time: 8.16s (0.14 minute)

Loading uid_userDoc from "./datasets/Sports_and_Outdoors/Sports_and_Outdoors_uid_userDoc.npy"..
uid_userDoc loaded! [uid_userDoc: (645026, 500)]

Loading iid_itemDoc from "./datasets/Sports_and_Outdoors/Sports_and_Outdoors_iid_itemDoc.npy"..
iid_itemDoc loaded! [iid_itemDoc: (221569, 500)]

Loading pretrained word embeddings from "./datasets/Sports_and_Outdoors/Sports_and_Outdoors_wed300_wid_wordEmbed.npy"..
Pretrained word embeddings loaded! [wid_wEmbed: (50002, 300)]

Loading uid_userVis from "./datasets/Sports_and_Outdoors/Sports_and_Outdoors_uid_userVis.npy"..
uid_userVis loaded! [uid_userVis: (645026, 500)]

Loading iid_itemVis from "./datasets/Sports_and_Outdoors/Sports_and_Outdoors_iid_itemVis.npy"..
iid_itemVis loaded! [iid_itemVis: (221569, 500)]

Initialization Complete.. Elapsed Time: 65.46s (1.09 minutes)

Train/Dev/Test splits loaded! |TRAIN|: 800,000, |DEV|: 25,665, |TEST|: 25,738
Train/Dev/Test splits loaded! Elapsed Time: 65.72s (1.10 minutes)

Performing initial evaluation for VALIDATION set..
[Initial] [Dev]  MSE: 15.17121, MAE: 3.66458

Performing initial evaluation for TESTING set..
[Initial] [Test] MSE: 15.24049, MAE: 3.67099

Initial Evaluation Complete.. Elapsed Time: 70.43s (1.17 minutes)

Parameters with L2 Regularization (Regularization Strength: 1e-06):
VANRA_RatingPred.uid_userOffset.weight, VANRA_RatingPred.iid_itemOffset.weight

Optimizer: Adam, Loss Function: MSELoss

Model Size: 882,480,016
# of Trainable Parameters: 884,416
VANRA (
  (uid_userDoc): Embedding(645026, 500), weights = ((645026, 500),), parameters = 322,513,000
  (iid_itemDoc): Embedding(221569, 500), weights = ((221569, 500),), parameters = 110,784,500
  (wid_wEmbed): Embedding(50002, 300), weights = ((50002, 300),), parameters = 15,000,600
  (uid_userVis): Embedding(645026, 500), weights = ((645026, 500),), parameters = 322,513,000
  (iid_itemVis): Embedding(221569, 500), weights = ((221569, 500),), parameters = 110,784,500
  (MSANR_ARL): MSANR_ARL(
    (aspEmbed): ModuleList(
      (0): Embedding(5, 15)
    )
    (filterEmbed): Embedding(5, 5)
    (aspProj): Parameter(5, 300, 5)
  ), weights = ((5, 300, 5), (5, 15), (5, 5)), parameters = 7,600 (Trainable)
  (VANRA_VRL): VANRA_VRL(
    (fcLayer): Sequential(
      (0): Dropout(p=0.9, inplace=False)
      (1): Linear(in_features=500, out_features=15, bias=True)
    )
    (visProj): Parameter(500, 5)
  ), weights = ((500, 5), (15, 500), (15,)), parameters = 10,015 (Trainable)
  (VANRA_RatingPred): VANRA_RatingPred(
    (uid_userOffset): Embedding(645026, 1)
    (iid_itemOffset): Embedding(221569, 1)
    (fcLayer1): Sequential(
      (0): Linear(in_features=40, out_features=5, bias=True)
      (1): ReLU()
      (2): Dropout(p=0.9, inplace=False)
    )
    (globalOffset): Parameter(1,)
  ), weights = ((1,), (645026, 1), (221569, 1), (5, 40), (5,)), parameters = 866,801 (Trainable)
)
========================================================================================================================

[Epoch 1/5] Training Loss: 85.99937	Elapsed Time: 141.68s (0:02:21)
[Epoch 1] [Dev]  MSE: 1.13132, MAE: 0.82843
[Epoch 1] [Test] MSE: 1.12484, MAE: 0.82781

*** MODEL has obtained the best DEV MSE of 1.13132 so far!
*** The Best MODEL saved to "./__saved_models__/Sports_and_Outdoors - VANRA/Sports_and_Outdoors_VANRA_1234.pth"

[Epoch 2/5] Training Loss: 1.33567	Elapsed Time: 288.21s (0:04:48)
[Epoch 2] [Dev]  MSE: 1.08885, MAE: 0.79191
[Epoch 2] [Test] MSE: 1.08426, MAE: 0.79162

*** MODEL has obtained the best DEV MSE of 1.08885 so far!
*** The Best MODEL saved to "./__saved_models__/Sports_and_Outdoors - VANRA/Sports_and_Outdoors_VANRA_1234.pth"

[Epoch 3/5] Training Loss: 1.20802	Elapsed Time: 434.66s (0:07:14)
[Epoch 3] [Dev]  MSE: 1.08441, MAE: 0.78614
[Epoch 3] [Test] MSE: 1.07995, MAE: 0.78530

*** MODEL has obtained the best DEV MSE of 1.08441 so far!
*** The Best MODEL saved to "./__saved_models__/Sports_and_Outdoors - VANRA/Sports_and_Outdoors_VANRA_1234.pth"

[Epoch 4/5] Training Loss: 1.11982	Elapsed Time: 581.08s (0:09:41)
[Epoch 4] [Dev]  MSE: 1.08857, MAE: 0.77707
[Epoch 4] [Test] MSE: 1.08394, MAE: 0.77564

[Epoch 5/5] Training Loss: 1.06480	Elapsed Time: 727.38s (0:12:07)
[Epoch 5] [Dev]  MSE: 1.09455, MAE: 0.78072
[Epoch 5] [Test] MSE: 1.09000, MAE: 0.77875
*** The Last MODEL saved to "./__saved_models__/Sports_and_Outdoors - VANRA/Sports_and_Outdoors_VANRA_1234_5.pth"

[Training Loss]
[85.99937, 1.33567, 1.20802, 1.11982, 1.0648]

[Dev MSE]
[1.13132, 1.08885, 1.08441, 1.08857, 1.09455]
[Test MSE]
[1.12484, 1.08426, 1.07995, 1.08394, 1.09]
[Test MAE]
[0.82781, 0.79162, 0.7853, 0.77564, 0.77875]


Best Dev MSE: 1.08441 (Obtained during Evaluation #3)
Test MSE: 1.07995, Test MAE: 0.78530

End of Program! Elapsed Time: 802.34s (0:13:22)
