========================================================================================================================
  ARL_lr: 0.01
  ARL_path: 
  batch_size: 128
  channels_global: 100
  channels_local: 200
  command: -d Sports_and_Outdoors -m VANRA -e 5 -dr 0.9 -WED 300 -p 1 -v 50000 -K 5 -h1 15 -kernel_list 3 -output_size 15 -rs 1234 -gpu 0 -vb 1 -sm Sports_and_Outdoors_VANRA
  ctx_win_size: 3
  dataset: Sports_and_Outdoors
  disable_initial_eval: 0
  dropout_rate: 0.9
  epochs: 5
  filters_num: 100
  gpu: 0
  h1: 15
  h2: 50
  hidden_size: 500
  input_dir: ./datasets/Sports_and_Outdoors/
  kernel_list: [3]
  L2_reg: 1e-06
  learning_rate: 0.002
  loss_function: MSELoss
  max_doc_len: 500
  max_vis_len: 500
  model: VANRA
  num_aspects: 5
  optimizer: Adam
  out_dir: ./experimental_results/Sports_and_Outdoors - VANRA/
  output_size: 15
  pretrained_src: 1
  random_seed: 1234
  save_model: Sports_and_Outdoors_VANRA
  use_cuda: True
  verbose: 1
  vocab_size: 50000
  word_embed_dim: 300
========================================================================================================================

[INFO] # of Users: 645,026, # of Items: 221,569

Creating model (Selected Model: VANRA)..
[args.use_cuda: True] Model is on the GPU! (args.gpu: 0, torch.cuda.current_device(): 0)
Model created! Elapsed Time: 8.19s (0.14 minute)

Loading uid_userDoc from "./datasets/Sports_and_Outdoors/Sports_and_Outdoors_uid_userDoc.npy"..
uid_userDoc loaded! [uid_userDoc: (645026, 500)]

Loading iid_itemDoc from "./datasets/Sports_and_Outdoors/Sports_and_Outdoors_iid_itemDoc.npy"..
iid_itemDoc loaded! [iid_itemDoc: (221569, 500)]

Loading pretrained word embeddings from "./datasets/Sports_and_Outdoors/Sports_and_Outdoors_wed300_wid_wordEmbed.npy"..
Pretrained word embeddings loaded! [wid_wEmbed: (50002, 300)]

Loading uid_userVis from "./datasets/Sports_and_Outdoors/Sports_and_Outdoors_uid_userVis.npy"..
uid_userVis loaded! [uid_userVis: (645026, 500)]

Loading iid_itemVis from "./datasets/Sports_and_Outdoors/Sports_and_Outdoors_iid_itemVis.npy"..
iid_itemVis loaded! [iid_itemVis: (221569, 500)]

Initialization Complete.. Elapsed Time: 65.30s (1.09 minutes)

Train/Dev/Test splits loaded! |TRAIN|: 800,000, |DEV|: 25,665, |TEST|: 25,738
Train/Dev/Test splits loaded! Elapsed Time: 65.56s (1.09 minutes)

Performing initial evaluation for VALIDATION set..
[Initial] [Dev]  MSE: 14.33339, MAE: 3.56242

Performing initial evaluation for TESTING set..
[Initial] [Test] MSE: 14.35844, MAE: 3.56484

Initial Evaluation Complete.. Elapsed Time: 70.50s (1.18 minutes)

Parameters with L2 Regularization (Regularization Strength: 1e-06):
VANRA_RatingPred.uid_userOffset.weight, VANRA_RatingPred.iid_itemOffset.weight

Optimizer: Adam, Loss Function: MSELoss

Model Size: 882,501,376
# of Trainable Parameters: 905,776
VANRA (
  (uid_userDoc): Embedding(645026, 500), weights = ((645026, 500),), parameters = 322,513,000
  (iid_itemDoc): Embedding(221569, 500), weights = ((221569, 500),), parameters = 110,784,500
  (wid_wEmbed): Embedding(50002, 300), weights = ((50002, 300),), parameters = 15,000,600
  (uid_userVis): Embedding(645026, 500), weights = ((645026, 500),), parameters = 322,513,000
  (iid_itemVis): Embedding(221569, 500), weights = ((221569, 500),), parameters = 110,784,500
  (MSANR_ARL): MSANR_ARL(
    (aspEmbed): ModuleList(
      (0): Embedding(5, 45)
    )
    (filterEmbed): Embedding(5, 15)
    (aspProj): Parameter(5, 300, 15)
  ), weights = ((5, 300, 15), (5, 45), (5, 15)), parameters = 22,800 (Trainable)
  (VANRA_VRL): VANRA_VRL(
    (fcLayer): Sequential(
      (0): Dropout(p=0.9, inplace=False)
      (1): Linear(in_features=500, out_features=15, bias=True)
    )
    (visProj): Parameter(500, 15)
  ), weights = ((500, 15), (15, 500), (15,)), parameters = 15,015 (Trainable)
  (VANRA_RatingPred): VANRA_RatingPred(
    (uid_userOffset): Embedding(645026, 1)
    (iid_itemOffset): Embedding(221569, 1)
    (fcLayer1): Sequential(
      (0): Linear(in_features=90, out_features=15, bias=True)
      (1): ReLU()
      (2): Dropout(p=0.9, inplace=False)
    )
    (globalOffset): Parameter(1,)
  ), weights = ((1,), (645026, 1), (221569, 1), (15, 90), (15,)), parameters = 867,961 (Trainable)
)
========================================================================================================================

[Epoch 1/5] Training Loss: 28.57995	Elapsed Time: 157.58s (0:02:37)
[Epoch 1] [Dev]  MSE: 1.12527, MAE: 0.82499
[Epoch 1] [Test] MSE: 1.12087, MAE: 0.82493

*** MODEL has obtained the best DEV MSE of 1.12527 so far!
*** The Best MODEL saved to "./__saved_models__/Sports_and_Outdoors - VANRA/Sports_and_Outdoors_VANRA_1234.pth"

[Epoch 2/5] Training Loss: 1.33147	Elapsed Time: 320.19s (0:05:20)
[Epoch 2] [Dev]  MSE: 1.08741, MAE: 0.79568
[Epoch 2] [Test] MSE: 1.08322, MAE: 0.79548

*** MODEL has obtained the best DEV MSE of 1.08741 so far!
*** The Best MODEL saved to "./__saved_models__/Sports_and_Outdoors - VANRA/Sports_and_Outdoors_VANRA_1234.pth"

[Epoch 3/5] Training Loss: 1.20044	Elapsed Time: 482.78s (0:08:02)
[Epoch 3] [Dev]  MSE: 1.08290, MAE: 0.78166
[Epoch 3] [Test] MSE: 1.07952, MAE: 0.78153

*** MODEL has obtained the best DEV MSE of 1.08290 so far!
*** The Best MODEL saved to "./__saved_models__/Sports_and_Outdoors - VANRA/Sports_and_Outdoors_VANRA_1234.pth"

[Epoch 4/5] Training Loss: 1.11852	Elapsed Time: 645.30s (0:10:45)
[Epoch 4] [Dev]  MSE: 1.08781, MAE: 0.78151
[Epoch 4] [Test] MSE: 1.08430, MAE: 0.78107

[Epoch 5/5] Training Loss: 1.06346	Elapsed Time: 807.83s (0:13:27)
[Epoch 5] [Dev]  MSE: 1.09458, MAE: 0.78232
[Epoch 5] [Test] MSE: 1.09119, MAE: 0.78143
*** The Last MODEL saved to "./__saved_models__/Sports_and_Outdoors - VANRA/Sports_and_Outdoors_VANRA_1234_5.pth"

[Training Loss]
[28.57995, 1.33147, 1.20044, 1.11852, 1.06346]

[Dev MSE]
[1.12527, 1.08741, 1.0829, 1.08781, 1.09458]
[Test MSE]
[1.12087, 1.08322, 1.07952, 1.0843, 1.09119]
[Test MAE]
[0.82493, 0.79548, 0.78153, 0.78107, 0.78143]


Best Dev MSE: 1.08290 (Obtained during Evaluation #3)
Test MSE: 1.07952, Test MAE: 0.78153

End of Program! Elapsed Time: 883.14s (0:14:43)
