========================================================================================================================
  ARL_lr: 0.01
  ARL_path: 
  batch_size: 128
  channels_global: 100
  channels_local: 200
  command: -d Sports_and_Outdoors -m VANRA -e 5 -dr 0.9 -WED 300 -p 1 -v 50000 -K 5 -h1 15 -kernel_list 3 -output_size 50 -rs 1234 -gpu 0 -vb 1 -sm Sports_and_Outdoors_VANRA
  ctx_win_size: 3
  dataset: Sports_and_Outdoors
  disable_initial_eval: 0
  dropout_rate: 0.9
  epochs: 5
  filters_num: 100
  gpu: 0
  h1: 15
  h2: 50
  hidden_size: 500
  input_dir: ./datasets/Sports_and_Outdoors/
  kernel_list: [3]
  L2_reg: 1e-06
  learning_rate: 0.002
  loss_function: MSELoss
  max_doc_len: 500
  max_vis_len: 500
  model: VANRA
  num_aspects: 5
  optimizer: Adam
  out_dir: ./experimental_results/Sports_and_Outdoors - VANRA/
  output_size: 50
  pretrained_src: 1
  random_seed: 1234
  save_model: Sports_and_Outdoors_VANRA
  use_cuda: True
  verbose: 1
  vocab_size: 50000
  word_embed_dim: 300
========================================================================================================================

[INFO] # of Users: 645,026, # of Items: 221,569

Creating model (Selected Model: VANRA)..
[args.use_cuda: True] Model is on the GPU! (args.gpu: 0, torch.cuda.current_device(): 0)
Model created! Elapsed Time: 8.13s (0.14 minute)

Loading uid_userDoc from "./datasets/Sports_and_Outdoors/Sports_and_Outdoors_uid_userDoc.npy"..
uid_userDoc loaded! [uid_userDoc: (645026, 500)]

Loading iid_itemDoc from "./datasets/Sports_and_Outdoors/Sports_and_Outdoors_iid_itemDoc.npy"..
iid_itemDoc loaded! [iid_itemDoc: (221569, 500)]

Loading pretrained word embeddings from "./datasets/Sports_and_Outdoors/Sports_and_Outdoors_wed300_wid_wordEmbed.npy"..
Pretrained word embeddings loaded! [wid_wEmbed: (50002, 300)]

Loading uid_userVis from "./datasets/Sports_and_Outdoors/Sports_and_Outdoors_uid_userVis.npy"..
uid_userVis loaded! [uid_userVis: (645026, 500)]

Loading iid_itemVis from "./datasets/Sports_and_Outdoors/Sports_and_Outdoors_iid_itemVis.npy"..
iid_itemVis loaded! [iid_itemVis: (221569, 500)]

Initialization Complete.. Elapsed Time: 66.26s (1.10 minutes)

Train/Dev/Test splits loaded! |TRAIN|: 800,000, |DEV|: 25,665, |TEST|: 25,738
Train/Dev/Test splits loaded! Elapsed Time: 66.53s (1.11 minutes)

Performing initial evaluation for VALIDATION set..
[Initial] [Dev]  MSE: 11.24072, MAE: 2.93943

Performing initial evaluation for TESTING set..
[Initial] [Test] MSE: 11.15963, MAE: 2.93797

Initial Evaluation Complete.. Elapsed Time: 71.46s (1.19 minutes)

Parameters with L2 Regularization (Regularization Strength: 1e-06):
VANRA_RatingPred.uid_userOffset.weight, VANRA_RatingPred.iid_itemOffset.weight

Optimizer: Adam, Loss Function: MSELoss

Model Size: 882,519,436
# of Trainable Parameters: 923,836
VANRA (
  (uid_userDoc): Embedding(645026, 500), weights = ((645026, 500),), parameters = 322,513,000
  (iid_itemDoc): Embedding(221569, 500), weights = ((221569, 500),), parameters = 110,784,500
  (wid_wEmbed): Embedding(50002, 300), weights = ((50002, 300),), parameters = 15,000,600
  (uid_userVis): Embedding(645026, 500), weights = ((645026, 500),), parameters = 322,513,000
  (iid_itemVis): Embedding(221569, 500), weights = ((221569, 500),), parameters = 110,784,500
  (MSANR_ARL): MSANR_ARL(
    (aspEmbed): ModuleList(
      (0): Embedding(5, 45)
    )
    (filterEmbed): Embedding(5, 15)
    (aspProj): Parameter(5, 300, 15)
  ), weights = ((5, 300, 15), (5, 45), (5, 15)), parameters = 22,800 (Trainable)
  (VANRA_VRL): VANRA_VRL(
    (fcLayer): Sequential(
      (0): Dropout(p=0.9, inplace=False)
      (1): Linear(in_features=500, out_features=50, bias=True)
    )
    (visProj): Parameter(500, 15)
  ), weights = ((500, 15), (50, 500), (50,)), parameters = 32,550 (Trainable)
  (VANRA_RatingPred): VANRA_RatingPred(
    (uid_userOffset): Embedding(645026, 1)
    (iid_itemOffset): Embedding(221569, 1)
    (fcLayer1): Sequential(
      (0): Linear(in_features=125, out_features=15, bias=True)
      (1): ReLU()
      (2): Dropout(p=0.9, inplace=False)
    )
    (globalOffset): Parameter(1,)
  ), weights = ((1,), (645026, 1), (221569, 1), (15, 125), (15,)), parameters = 868,486 (Trainable)
)
========================================================================================================================

[Epoch 1/5] Training Loss: 2545.57187	Elapsed Time: 157.37s (0:02:37)
[Epoch 1] [Dev]  MSE: 1.17207, MAE: 0.83868
[Epoch 1] [Test] MSE: 1.16934, MAE: 0.83943

*** MODEL has obtained the best DEV MSE of 1.17207 so far!
*** The Best MODEL saved to "./__saved_models__/Sports_and_Outdoors - VANRA/Sports_and_Outdoors_VANRA_1234.pth"

[Epoch 2/5] Training Loss: 1.37912	Elapsed Time: 320.11s (0:05:20)
[Epoch 2] [Dev]  MSE: 1.09893, MAE: 0.80118
[Epoch 2] [Test] MSE: 1.09703, MAE: 0.80186

*** MODEL has obtained the best DEV MSE of 1.09893 so far!
*** The Best MODEL saved to "./__saved_models__/Sports_and_Outdoors - VANRA/Sports_and_Outdoors_VANRA_1234.pth"

[Epoch 3/5] Training Loss: 1.22763	Elapsed Time: 482.81s (0:08:02)
[Epoch 3] [Dev]  MSE: 1.08710, MAE: 0.78835
[Epoch 3] [Test] MSE: 1.08442, MAE: 0.78810

*** MODEL has obtained the best DEV MSE of 1.08710 so far!
*** The Best MODEL saved to "./__saved_models__/Sports_and_Outdoors - VANRA/Sports_and_Outdoors_VANRA_1234.pth"

[Epoch 4/5] Training Loss: 1.13873	Elapsed Time: 645.55s (0:10:45)
[Epoch 4] [Dev]  MSE: 1.09004, MAE: 0.77844
[Epoch 4] [Test] MSE: 1.08680, MAE: 0.77735

[Epoch 5/5] Training Loss: 1.07719	Elapsed Time: 808.10s (0:13:28)
[Epoch 5] [Dev]  MSE: 1.09613, MAE: 0.78093
[Epoch 5] [Test] MSE: 1.09176, MAE: 0.77946
*** The Last MODEL saved to "./__saved_models__/Sports_and_Outdoors - VANRA/Sports_and_Outdoors_VANRA_1234_5.pth"

[Training Loss]
[2545.57187, 1.37912, 1.22763, 1.13873, 1.07719]

[Dev MSE]
[1.17207, 1.09893, 1.0871, 1.09004, 1.09613]
[Test MSE]
[1.16934, 1.09703, 1.08442, 1.0868, 1.09176]
[Test MAE]
[0.83943, 0.80186, 0.7881, 0.77735, 0.77946]


Best Dev MSE: 1.08710 (Obtained during Evaluation #3)
Test MSE: 1.08442, Test MAE: 0.78810

End of Program! Elapsed Time: 884.42s (0:14:44)
