========================================================================================================================
  ARL_lr: 0.01
  ARL_path: 
  batch_size: 128
  channels_global: 100
  channels_local: 200
  command: -d Sports_and_Outdoors -m VANRA -e 5 -dr 0.9 -WED 300 -p 1 -v 50000 -K 5 -h1 10 -kernel_list 3 -output_size 25 -rs 1234 -gpu 0 -vb 1 -sm Sports_and_Outdoors_VANRA
  ctx_win_size: 3
  dataset: Sports_and_Outdoors
  disable_initial_eval: 0
  dropout_rate: 0.9
  epochs: 5
  filters_num: 100
  gpu: 0
  h1: 10
  h2: 50
  hidden_size: 500
  input_dir: ./datasets/Sports_and_Outdoors/
  kernel_list: [3]
  L2_reg: 1e-06
  learning_rate: 0.002
  loss_function: MSELoss
  max_doc_len: 500
  max_vis_len: 500
  model: VANRA
  num_aspects: 5
  optimizer: Adam
  out_dir: ./experimental_results/Sports_and_Outdoors - VANRA/
  output_size: 25
  pretrained_src: 1
  random_seed: 1234
  save_model: Sports_and_Outdoors_VANRA
  use_cuda: True
  verbose: 1
  vocab_size: 50000
  word_embed_dim: 300
========================================================================================================================

[INFO] # of Users: 645,026, # of Items: 221,569

Creating model (Selected Model: VANRA)..
[args.use_cuda: True] Model is on the GPU! (args.gpu: 0, torch.cuda.current_device(): 0)
Model created! Elapsed Time: 8.13s (0.14 minute)

Loading uid_userDoc from "./datasets/Sports_and_Outdoors/Sports_and_Outdoors_uid_userDoc.npy"..
uid_userDoc loaded! [uid_userDoc: (645026, 500)]

Loading iid_itemDoc from "./datasets/Sports_and_Outdoors/Sports_and_Outdoors_iid_itemDoc.npy"..
iid_itemDoc loaded! [iid_itemDoc: (221569, 500)]

Loading pretrained word embeddings from "./datasets/Sports_and_Outdoors/Sports_and_Outdoors_wed300_wid_wordEmbed.npy"..
Pretrained word embeddings loaded! [wid_wEmbed: (50002, 300)]

Loading uid_userVis from "./datasets/Sports_and_Outdoors/Sports_and_Outdoors_uid_userVis.npy"..
uid_userVis loaded! [uid_userVis: (645026, 500)]

Loading iid_itemVis from "./datasets/Sports_and_Outdoors/Sports_and_Outdoors_iid_itemVis.npy"..
iid_itemVis loaded! [iid_itemVis: (221569, 500)]

Initialization Complete.. Elapsed Time: 65.43s (1.09 minutes)

Train/Dev/Test splits loaded! |TRAIN|: 800,000, |DEV|: 25,665, |TEST|: 25,738
Train/Dev/Test splits loaded! Elapsed Time: 65.68s (1.09 minutes)

Performing initial evaluation for VALIDATION set..
[Initial] [Dev]  MSE: 13.38504, MAE: 3.35511

Performing initial evaluation for TESTING set..
[Initial] [Test] MSE: 13.31393, MAE: 3.35675

Initial Evaluation Complete.. Elapsed Time: 70.45s (1.17 minutes)

Parameters with L2 Regularization (Regularization Strength: 1e-06):
VANRA_RatingPred.uid_userOffset.weight, VANRA_RatingPred.iid_itemOffset.weight

Optimizer: Adam, Loss Function: MSELoss

Model Size: 882,495,681
# of Trainable Parameters: 900,081
VANRA (
  (uid_userDoc): Embedding(645026, 500), weights = ((645026, 500),), parameters = 322,513,000
  (iid_itemDoc): Embedding(221569, 500), weights = ((221569, 500),), parameters = 110,784,500
  (wid_wEmbed): Embedding(50002, 300), weights = ((50002, 300),), parameters = 15,000,600
  (uid_userVis): Embedding(645026, 500), weights = ((645026, 500),), parameters = 322,513,000
  (iid_itemVis): Embedding(221569, 500), weights = ((221569, 500),), parameters = 110,784,500
  (MSANR_ARL): MSANR_ARL(
    (aspEmbed): ModuleList(
      (0): Embedding(5, 30)
    )
    (filterEmbed): Embedding(5, 10)
    (aspProj): Parameter(5, 300, 10)
  ), weights = ((5, 300, 10), (5, 30), (5, 10)), parameters = 15,200 (Trainable)
  (VANRA_VRL): VANRA_VRL(
    (fcLayer): Sequential(
      (0): Dropout(p=0.9, inplace=False)
      (1): Linear(in_features=500, out_features=25, bias=True)
    )
    (visProj): Parameter(500, 10)
  ), weights = ((500, 10), (25, 500), (25,)), parameters = 17,525 (Trainable)
  (VANRA_RatingPred): VANRA_RatingPred(
    (uid_userOffset): Embedding(645026, 1)
    (iid_itemOffset): Embedding(221569, 1)
    (fcLayer1): Sequential(
      (0): Linear(in_features=75, out_features=10, bias=True)
      (1): ReLU()
      (2): Dropout(p=0.9, inplace=False)
    )
    (globalOffset): Parameter(1,)
  ), weights = ((1,), (645026, 1), (221569, 1), (10, 75), (10,)), parameters = 867,356 (Trainable)
)
========================================================================================================================

[Epoch 1/5] Training Loss: 65.39057	Elapsed Time: 149.80s (0:02:29)
[Epoch 1] [Dev]  MSE: 1.12891, MAE: 0.82634
[Epoch 1] [Test] MSE: 1.12436, MAE: 0.82671

*** MODEL has obtained the best DEV MSE of 1.12891 so far!
*** The Best MODEL saved to "./__saved_models__/Sports_and_Outdoors - VANRA/Sports_and_Outdoors_VANRA_1234.pth"

[Epoch 2/5] Training Loss: 1.33502	Elapsed Time: 304.41s (0:05:04)
[Epoch 2] [Dev]  MSE: 1.08985, MAE: 0.79698
[Epoch 2] [Test] MSE: 1.08517, MAE: 0.79709

*** MODEL has obtained the best DEV MSE of 1.08985 so far!
*** The Best MODEL saved to "./__saved_models__/Sports_and_Outdoors - VANRA/Sports_and_Outdoors_VANRA_1234.pth"

[Epoch 3/5] Training Loss: 1.20222	Elapsed Time: 458.93s (0:07:38)
[Epoch 3] [Dev]  MSE: 1.08411, MAE: 0.78611
[Epoch 3] [Test] MSE: 1.08003, MAE: 0.78571

*** MODEL has obtained the best DEV MSE of 1.08411 so far!
*** The Best MODEL saved to "./__saved_models__/Sports_and_Outdoors - VANRA/Sports_and_Outdoors_VANRA_1234.pth"

[Epoch 4/5] Training Loss: 1.11932	Elapsed Time: 613.56s (0:10:13)
[Epoch 4] [Dev]  MSE: 1.08863, MAE: 0.78158
[Epoch 4] [Test] MSE: 1.08270, MAE: 0.78015

[Epoch 5/5] Training Loss: 1.06417	Elapsed Time: 767.98s (0:12:47)
[Epoch 5] [Dev]  MSE: 1.09520, MAE: 0.77889
[Epoch 5] [Test] MSE: 1.08944, MAE: 0.77718
*** The Last MODEL saved to "./__saved_models__/Sports_and_Outdoors - VANRA/Sports_and_Outdoors_VANRA_1234_5.pth"

[Training Loss]
[65.39057, 1.33502, 1.20222, 1.11932, 1.06417]

[Dev MSE]
[1.12891, 1.08985, 1.08411, 1.08863, 1.0952]
[Test MSE]
[1.12436, 1.08517, 1.08003, 1.0827, 1.08944]
[Test MAE]
[0.82671, 0.79709, 0.78571, 0.78015, 0.77718]


Best Dev MSE: 1.08411 (Obtained during Evaluation #3)
Test MSE: 1.08003, Test MAE: 0.78571

End of Program! Elapsed Time: 843.01s (0:14:03)
