========================================================================================================================
  ARL_lr: 0.01
  ARL_path: 
  batch_size: 128
  channels_global: 100
  channels_local: 200
  command: -d Sports_and_Outdoors -m VANRA -e 5 -dr 0.9 -WED 300 -p 1 -v 50000 -K 5 -h1 15 -kernel_list 3 -output_size 25 -rs 1234 -gpu 0 -vb 1 -sm Sports_and_Outdoors_VANRA
  ctx_win_size: 3
  dataset: Sports_and_Outdoors
  disable_initial_eval: 0
  dropout_rate: 0.9
  epochs: 5
  filters_num: 100
  gpu: 0
  h1: 15
  h2: 50
  hidden_size: 500
  input_dir: ./datasets/Sports_and_Outdoors/
  kernel_list: [3]
  L2_reg: 1e-06
  learning_rate: 0.002
  loss_function: MSELoss
  max_doc_len: 500
  max_vis_len: 500
  model: VANRA
  num_aspects: 5
  optimizer: Adam
  out_dir: ./experimental_results/Sports_and_Outdoors - VANRA/
  output_size: 25
  pretrained_src: 1
  random_seed: 1234
  save_model: Sports_and_Outdoors_VANRA
  use_cuda: True
  verbose: 1
  vocab_size: 50000
  word_embed_dim: 300
========================================================================================================================

[INFO] # of Users: 645,026, # of Items: 221,569

Creating model (Selected Model: VANRA)..
[args.use_cuda: True] Model is on the GPU! (args.gpu: 0, torch.cuda.current_device(): 0)
Model created! Elapsed Time: 8.18s (0.14 minute)

Loading uid_userDoc from "./datasets/Sports_and_Outdoors/Sports_and_Outdoors_uid_userDoc.npy"..
uid_userDoc loaded! [uid_userDoc: (645026, 500)]

Loading iid_itemDoc from "./datasets/Sports_and_Outdoors/Sports_and_Outdoors_iid_itemDoc.npy"..
iid_itemDoc loaded! [iid_itemDoc: (221569, 500)]

Loading pretrained word embeddings from "./datasets/Sports_and_Outdoors/Sports_and_Outdoors_wed300_wid_wordEmbed.npy"..
Pretrained word embeddings loaded! [wid_wEmbed: (50002, 300)]

Loading uid_userVis from "./datasets/Sports_and_Outdoors/Sports_and_Outdoors_uid_userVis.npy"..
uid_userVis loaded! [uid_userVis: (645026, 500)]

Loading iid_itemVis from "./datasets/Sports_and_Outdoors/Sports_and_Outdoors_iid_itemVis.npy"..
iid_itemVis loaded! [iid_itemVis: (221569, 500)]

Initialization Complete.. Elapsed Time: 65.69s (1.09 minutes)

Train/Dev/Test splits loaded! |TRAIN|: 800,000, |DEV|: 25,665, |TEST|: 25,738
Train/Dev/Test splits loaded! Elapsed Time: 65.95s (1.10 minutes)

Performing initial evaluation for VALIDATION set..
[Initial] [Dev]  MSE: 12.86799, MAE: 3.31334

Performing initial evaluation for TESTING set..
[Initial] [Test] MSE: 12.88135, MAE: 3.31108

Initial Evaluation Complete.. Elapsed Time: 70.93s (1.18 minutes)

Parameters with L2 Regularization (Regularization Strength: 1e-06):
VANRA_RatingPred.uid_userOffset.weight, VANRA_RatingPred.iid_itemOffset.weight

Optimizer: Adam, Loss Function: MSELoss

Model Size: 882,506,536
# of Trainable Parameters: 910,936
VANRA (
  (uid_userDoc): Embedding(645026, 500), weights = ((645026, 500),), parameters = 322,513,000
  (iid_itemDoc): Embedding(221569, 500), weights = ((221569, 500),), parameters = 110,784,500
  (wid_wEmbed): Embedding(50002, 300), weights = ((50002, 300),), parameters = 15,000,600
  (uid_userVis): Embedding(645026, 500), weights = ((645026, 500),), parameters = 322,513,000
  (iid_itemVis): Embedding(221569, 500), weights = ((221569, 500),), parameters = 110,784,500
  (MSANR_ARL): MSANR_ARL(
    (aspEmbed): ModuleList(
      (0): Embedding(5, 45)
    )
    (filterEmbed): Embedding(5, 15)
    (aspProj): Parameter(5, 300, 15)
  ), weights = ((5, 300, 15), (5, 45), (5, 15)), parameters = 22,800 (Trainable)
  (VANRA_VRL): VANRA_VRL(
    (fcLayer): Sequential(
      (0): Dropout(p=0.9, inplace=False)
      (1): Linear(in_features=500, out_features=25, bias=True)
    )
    (visProj): Parameter(500, 15)
  ), weights = ((500, 15), (25, 500), (25,)), parameters = 20,025 (Trainable)
  (VANRA_RatingPred): VANRA_RatingPred(
    (uid_userOffset): Embedding(645026, 1)
    (iid_itemOffset): Embedding(221569, 1)
    (fcLayer1): Sequential(
      (0): Linear(in_features=100, out_features=15, bias=True)
      (1): ReLU()
      (2): Dropout(p=0.9, inplace=False)
    )
    (globalOffset): Parameter(1,)
  ), weights = ((1,), (645026, 1), (221569, 1), (15, 100), (15,)), parameters = 868,111 (Trainable)
)
========================================================================================================================

[Epoch 1/5] Training Loss: 140.18019	Elapsed Time: 157.69s (0:02:37)
[Epoch 1] [Dev]  MSE: 1.13341, MAE: 0.82881
[Epoch 1] [Test] MSE: 1.12786, MAE: 0.82851

*** MODEL has obtained the best DEV MSE of 1.13341 so far!
*** The Best MODEL saved to "./__saved_models__/Sports_and_Outdoors - VANRA/Sports_and_Outdoors_VANRA_1234.pth"

[Epoch 2/5] Training Loss: 1.33968	Elapsed Time: 320.44s (0:05:20)
[Epoch 2] [Dev]  MSE: 1.09236, MAE: 0.80489
[Epoch 2] [Test] MSE: 1.08800, MAE: 0.80468

*** MODEL has obtained the best DEV MSE of 1.09236 so far!
*** The Best MODEL saved to "./__saved_models__/Sports_and_Outdoors - VANRA/Sports_and_Outdoors_VANRA_1234.pth"

[Epoch 3/5] Training Loss: 1.20529	Elapsed Time: 483.07s (0:08:03)
[Epoch 3] [Dev]  MSE: 1.08469, MAE: 0.78285
[Epoch 3] [Test] MSE: 1.07998, MAE: 0.78209

*** MODEL has obtained the best DEV MSE of 1.08469 so far!
*** The Best MODEL saved to "./__saved_models__/Sports_and_Outdoors - VANRA/Sports_and_Outdoors_VANRA_1234.pth"

[Epoch 4/5] Training Loss: 1.12179	Elapsed Time: 645.77s (0:10:45)
[Epoch 4] [Dev]  MSE: 1.08872, MAE: 0.78077
[Epoch 4] [Test] MSE: 1.08459, MAE: 0.77970

[Epoch 5/5] Training Loss: 1.06582	Elapsed Time: 808.40s (0:13:28)
[Epoch 5] [Dev]  MSE: 1.09509, MAE: 0.77752
[Epoch 5] [Test] MSE: 1.09159, MAE: 0.77650
*** The Last MODEL saved to "./__saved_models__/Sports_and_Outdoors - VANRA/Sports_and_Outdoors_VANRA_1234_5.pth"

[Training Loss]
[140.18019, 1.33968, 1.20529, 1.12179, 1.06582]

[Dev MSE]
[1.13341, 1.09236, 1.08469, 1.08872, 1.09509]
[Test MSE]
[1.12786, 1.088, 1.07998, 1.08459, 1.09159]
[Test MAE]
[0.82851, 0.80468, 0.78209, 0.7797, 0.7765]


Best Dev MSE: 1.08469 (Obtained during Evaluation #3)
Test MSE: 1.07998, Test MAE: 0.78209

End of Program! Elapsed Time: 884.15s (0:14:44)
