========================================================================================================================
  ARL_lr: 0.01
  ARL_path: 
  batch_size: 128
  channels_global: 100
  channels_local: 200
  command: -d Sports_and_Outdoors -m DAttn -e 10 -p 1 -v 50000 -K 5 -h1 10 -h2 50 -WED 100 -c_local 200 -c_global 100 -hiden_size 500 -output_size 50 -rs 1234 -gpu 0 -vb 1 -sm Sports_and_Outdoors_DAttn
  ctx_win_size: 3
  dataset: Sports_and_Outdoors
  disable_initial_eval: 0
  dropout_rate: 0.5
  epochs: 10
  filters_num: 100
  gpu: 0
  h1: 10
  h2: 50
  hidden_size: 500
  input_dir: ./datasets/Sports_and_Outdoors/
  L2_reg: 1e-06
  learning_rate: 0.002
  loss_function: MSELoss
  max_doc_len: 500
  max_vis_len: 500
  model: DAttn
  num_aspects: 5
  optimizer: Adam
  out_dir: ./experimental_results/Sports_and_Outdoors - DAttn/
  output_size: 50
  pretrained_src: 1
  random_seed: 1234
  save_model: Sports_and_Outdoors_DAttn
  use_cuda: True
  verbose: 1
  vocab_size: 50000
  word_embed_dim: 100
========================================================================================================================

[INFO] # of Users: 645,026, # of Items: 221,569

Creating model (Selected Model: DAttn)..
[args.use_cuda: True] Model is on the GPU! (args.gpu: 0, torch.cuda.current_device(): 0)
Model created! Elapsed Time: 4.79s (0.08 minute)

Loading uid_userDoc from "./datasets/Sports_and_Outdoors/Sports_and_Outdoors_uid_userDoc.npy"..
uid_userDoc loaded! [uid_userDoc: (645026, 500)]

Loading iid_itemDoc from "./datasets/Sports_and_Outdoors/Sports_and_Outdoors_iid_itemDoc.npy"..
iid_itemDoc loaded! [iid_itemDoc: (221569, 500)]

Loading pretrained word embeddings from "./datasets/Sports_and_Outdoors/Sports_and_Outdoors_wed100_wid_wordEmbed.npy"..
Pretrained word embeddings loaded! [wid_wEmbed: (50002, 100)]

Initialization Complete.. Elapsed Time: 33.60s (0.56 minute)

Train/Dev/Test splits loaded! |TRAIN|: 800,000, |DEV|: 25,665, |TEST|: 25,738
Train/Dev/Test splits loaded! Elapsed Time: 33.87s (0.56 minute)

Performing initial evaluation for VALIDATION set..
[Initial] [Dev]  MSE: 20.45040, MAE: 4.38938

Performing initial evaluation for TESTING set..
[Initial] [Test] MSE: 20.44584, MAE: 4.38972

Initial Evaluation Complete.. Elapsed Time: 45.53s (0.76 minute)

Optimizer: Adam, Loss Function: MSELoss

Model Size: 440,037,000
# of Trainable Parameters: 1,739,300
DAttn (
  (uid_userDoc): Embedding(645026, 500), weights = ((645026, 500),), parameters = 322,513,000
  (iid_itemDoc): Embedding(221569, 500), weights = ((221569, 500),), parameters = 110,784,500
  (wid_wEmbed): Embedding(50002, 100), weights = ((50002, 100),), parameters = 5,000,200
  (user_net): Net(
    (localAttentionLayer): LocalAttention(
      (attention_layer): Sequential(
        (0): Conv2d(1, 1, kernel_size=(3, 100), stride=(1, 1), padding=(1, 0))
        (1): Sigmoid()
      )
      (cnn): Sequential(
        (0): Conv2d(1, 200, kernel_size=(1, 100), stride=(1, 1))
        (1): Tanh()
      )
    )
    (globalAttentionLayer): GlobalAttention(
      (attention_layer): Sequential(
        (0): Conv2d(1, 1, kernel_size=(500, 100), stride=(1, 1))
        (1): Sigmoid()
      )
      (convs): ModuleList(
        (0): Conv2d(1, 100, kernel_size=(2, 100), stride=(1, 1))
        (1): Conv2d(1, 100, kernel_size=(3, 100), stride=(1, 1))
        (2): Conv2d(1, 100, kernel_size=(4, 100), stride=(1, 1))
      )
    )
    (fcLayer): Sequential(
      (0): Linear(in_features=500, out_features=500, bias=True)
      (1): Dropout(p=0.5, inplace=False)
      (2): ReLU()
      (3): Linear(in_features=500, out_features=50, bias=True)
    )
    (dropout): Dropout(p=0.5, inplace=False)
  ), weights = ((1, 1, 3, 100), (1,), (200, 1, 1, 100), (200,), (1, 1, 500, 100), (1,), (100, 1, 2, 100), (100,), (100, 1, 3, 100), (100,), (100, 1, 4, 100), (100,), (500, 500), (500,), (50, 500), (50,)), parameters = 436,352 (Trainable)
  (item_net): Net(
    (localAttentionLayer): LocalAttention(
      (attention_layer): Sequential(
        (0): Conv2d(1, 1, kernel_size=(3, 100), stride=(1, 1), padding=(1, 0))
        (1): Sigmoid()
      )
      (cnn): Sequential(
        (0): Conv2d(1, 200, kernel_size=(1, 100), stride=(1, 1))
        (1): Tanh()
      )
    )
    (globalAttentionLayer): GlobalAttention(
      (attention_layer): Sequential(
        (0): Conv2d(1, 1, kernel_size=(500, 100), stride=(1, 1))
        (1): Sigmoid()
      )
      (convs): ModuleList(
        (0): Conv2d(1, 100, kernel_size=(2, 100), stride=(1, 1))
        (1): Conv2d(1, 100, kernel_size=(3, 100), stride=(1, 1))
        (2): Conv2d(1, 100, kernel_size=(4, 100), stride=(1, 1))
      )
    )
    (fcLayer): Sequential(
      (0): Linear(in_features=500, out_features=500, bias=True)
      (1): Dropout(p=0.5, inplace=False)
      (2): ReLU()
      (3): Linear(in_features=500, out_features=50, bias=True)
    )
    (dropout): Dropout(p=0.5, inplace=False)
  ), weights = ((1, 1, 3, 100), (1,), (200, 1, 1, 100), (200,), (1, 1, 500, 100), (1,), (100, 1, 2, 100), (100,), (100, 1, 3, 100), (100,), (100, 1, 4, 100), (100,), (500, 500), (500,), (50, 500), (50,)), parameters = 436,352 (Trainable)
  (DAttn_RatingPred): DAttn_RatingPred(
    (uid_userOffset): Embedding(645026, 1)
    (iid_itemOffset): Embedding(221569, 1)
    (globalOffset): Parameter(1,)
  ), weights = ((1,), (645026, 1), (221569, 1)), parameters = 866,596 (Trainable)
)
========================================================================================================================

[Epoch 1/10] Training Loss: 0.97843	Elapsed Time: 609.94s (0:10:09)
[Epoch 1] [Dev]  MSE: 1.30546, MAE: 0.86352
[Epoch 1] [Test] MSE: 1.31686, MAE: 0.86689

*** MODEL has obtained the best DEV MSE of 1.30546 so far!
*** The Best MODEL saved to "./__saved_models__/Sports_and_Outdoors - DAttn/Sports_and_Outdoors_DAttn_1234.pth"

[Epoch 2/10] Training Loss: 0.73774	Elapsed Time: 1,231.53s (0:20:31)
[Epoch 2] [Dev]  MSE: 1.29894, MAE: 0.81946
[Epoch 2] [Test] MSE: 1.30937, MAE: 0.82314

*** MODEL has obtained the best DEV MSE of 1.29894 so far!
*** The Best MODEL saved to "./__saved_models__/Sports_and_Outdoors - DAttn/Sports_and_Outdoors_DAttn_1234.pth"

[Epoch 3/10] Training Loss: 0.65552	Elapsed Time: 1,853.23s (0:30:53)
[Epoch 3] [Dev]  MSE: 1.30165, MAE: 0.81110
[Epoch 3] [Test] MSE: 1.31088, MAE: 0.81451

[Epoch 4/10] Training Loss: 7.75940	Elapsed Time: 2,474.73s (0:41:14)
[Epoch 4] [Dev]  MSE: 1.25614, MAE: 0.80613
[Epoch 4] [Test] MSE: 1.26510, MAE: 0.80783

*** MODEL has obtained the best DEV MSE of 1.25614 so far!
*** The Best MODEL saved to "./__saved_models__/Sports_and_Outdoors - DAttn/Sports_and_Outdoors_DAttn_1234.pth"

[Epoch 5/10] Training Loss: 0.54405	Elapsed Time: 3,096.42s (0:51:36)
[Epoch 5] [Dev]  MSE: 1.44103, MAE: 0.84654
[Epoch 5] [Test] MSE: 1.45810, MAE: 0.85012

[Epoch 6/10] Training Loss: 0.47630	Elapsed Time: 3,718.03s (1:01:58)
[Epoch 6] [Dev]  MSE: 1.31632, MAE: 0.81491
[Epoch 6] [Test] MSE: 1.33194, MAE: 0.81743

[Epoch 7/10] Training Loss: 0.43011	Elapsed Time: 4,339.54s (1:12:19)
[Epoch 7] [Dev]  MSE: 1.27506, MAE: 0.79487
[Epoch 7] [Test] MSE: 1.28684, MAE: 0.79643

[Epoch 8/10] Training Loss: 0.39154	Elapsed Time: 4,961.15s (1:22:41)
[Epoch 8] [Dev]  MSE: 1.36138, MAE: 0.82190
[Epoch 8] [Test] MSE: 1.37146, MAE: 0.82346

[Epoch 9/10] Training Loss: 0.35959	Elapsed Time: 5,582.76s (1:33:02)
[Epoch 9] [Dev]  MSE: 1.38639, MAE: 0.83158
[Epoch 9] [Test] MSE: 1.39688, MAE: 0.83188

[Epoch 10/10] Training Loss: 0.33165	Elapsed Time: 6,204.32s (1:43:24)
[Epoch 10] [Dev]  MSE: 1.35716, MAE: 0.82447
[Epoch 10] [Test] MSE: 1.37064, MAE: 0.82540
*** The Last MODEL saved to "./__saved_models__/Sports_and_Outdoors - DAttn/Sports_and_Outdoors_DAttn_1234_10.pth"

[Training Loss]
[0.97843, 0.73774, 0.65552, 7.7594, 0.54405, 0.4763, 0.43011, 0.39154, 0.35959, 0.33165]

[Dev MSE]
[1.30546, 1.29894, 1.30165, 1.25614, 1.44103, 1.31632, 1.27506, 1.36138, 1.38639, 1.35716]
[Test MSE]
[1.31686, 1.30937, 1.31088, 1.2651, 1.4581, 1.33194, 1.28684, 1.37146, 1.39688, 1.37064]
[Test MAE]
[0.86689, 0.82314, 0.81451, 0.80783, 0.85012, 0.81743, 0.79643, 0.82346, 0.83188, 0.8254]


Best Dev MSE: 1.25614 (Obtained during Evaluation #4)
Test MSE: 1.26510, Test MAE: 0.80783

End of Program! Elapsed Time: 6,261.44s (1:44:21)
