========================================================================================================================
  ARL_lr: 0.01
  ARL_path: 
  batch_size: 128
  channels_global: 100
  channels_local: 200
  command: -d Baby -m DeepCoNN -e 10 -dr 0.9 -WED 300 -p 1 -v 50000 -K 5 -h1 50 -h2 50 -filters_num 100 -output_size 50 -rs 1234 -gpu 0 -vb 1 -sm Baby_DeepCoNN
  ctx_win_size: 3
  dataset: Baby
  disable_initial_eval: 0
  dropout_rate: 0.9
  epochs: 10
  filters_num: 100
  gpu: 0
  h1: 50
  h2: 50
  hidden_size: 500
  input_dir: ./datasets/Baby/
  L2_reg: 1e-06
  learning_rate: 0.002
  loss_function: MSELoss
  max_doc_len: 500
  max_vis_len: 500
  model: DeepCoNN
  num_aspects: 5
  optimizer: Adam
  out_dir: ./experimental_results/Baby - DeepCoNN/
  output_size: 50
  pretrained_src: 1
  random_seed: 1234
  save_model: Baby_DeepCoNN
  use_cuda: True
  verbose: 1
  vocab_size: 50000
  word_embed_dim: 300
========================================================================================================================

[INFO] # of Users: 446,248, # of Items: 58,586

Creating model (Selected Model: DeepCoNN)..
[args.use_cuda: True] Model is on the GPU! (args.gpu: 0, torch.cuda.current_device(): 0)
Model created! Elapsed Time: 3.32s (0.06 minute)

Loading uid_userDoc from "./datasets/Baby/Baby_uid_userDoc.npy"..
uid_userDoc loaded! [uid_userDoc: (446248, 500)]

Loading iid_itemDoc from "./datasets/Baby/Baby_iid_itemDoc.npy"..
iid_itemDoc loaded! [iid_itemDoc: (58586, 500)]

Loading pretrained word embeddings from "./datasets/Baby/Baby_wed300_wid_wordEmbed.npy"..
Pretrained word embeddings loaded! [wid_wEmbed: (50002, 300)]

Initialization Complete.. Elapsed Time: 21.76s (0.36 minute)

Train/Dev/Test splits loaded! |TRAIN|: 721,979, |DEV|: 47,357, |TEST|: 47,373
Train/Dev/Test splits loaded! Elapsed Time: 22.00s (0.37 minute)

Performing initial evaluation for VALIDATION set..
[Initial] [Dev]  MSE: 14.86648, MAE: 3.66137

Performing initial evaluation for TESTING set..
[Initial] [Test] MSE: 14.84209, MAE: 3.65849

Initial Evaluation Complete.. Elapsed Time: 29.76s (0.50 minute)

Optimizer: Adam, Loss Function: MSELoss

Model Size: 268,112,735
# of Trainable Parameters: 695,135
DeepCoNN (
  (uid_userDoc): Embedding(446248, 500), weights = ((446248, 500),), parameters = 223,124,000
  (iid_itemDoc): Embedding(58586, 500), weights = ((58586, 500),), parameters = 29,293,000
  (wid_wEmbed): Embedding(50002, 300), weights = ((50002, 300),), parameters = 15,000,600
  (user_CNN): Conv2d(1, 100, kernel_size=(3, 300), stride=(1, 1)), weights = ((100, 1, 3, 300), (100,)), parameters = 90,100 (Trainable)
  (item_CNN): Conv2d(1, 100, kernel_size=(3, 300), stride=(1, 1)), weights = ((100, 1, 3, 300), (100,)), parameters = 90,100 (Trainable)
  (user_fcLayer): Linear(in_features=100, out_features=50, bias=True), weights = ((50, 100), (50,)), parameters = 5,050 (Trainable)
  (item_fcLayer): Linear(in_features=100, out_features=50, bias=True), weights = ((50, 100), (50,)), parameters = 5,050 (Trainable)
  (userDropout): Dropout(p=0.9, inplace=False), weights = (), parameters = 0
  (itemDropout): Dropout(p=0.9, inplace=False), weights = (), parameters = 0
  (DeepCoNN_RatingPred): DeepCoNN_RatingPred(
    (uid_userOffset): Embedding(446248, 1)
    (iid_itemOffset): Embedding(58586, 1)
    (globalOffset): Parameter(1,)
  ), weights = ((1,), (446248, 1), (58586, 1)), parameters = 504,835 (Trainable)
)
========================================================================================================================

[Epoch 1/10] Training Loss: 3.11022	Elapsed Time: 111.20s (0:01:51)
[Epoch 1] [Dev]  MSE: 1.30355, MAE: 0.89727
[Epoch 1] [Test] MSE: 1.29899, MAE: 0.89684

*** MODEL has obtained the best DEV MSE of 1.30355 so far!
*** The Best MODEL saved to "./__saved_models__/Baby - DeepCoNN/Baby_DeepCoNN_1234.pth"

[Epoch 2/10] Training Loss: 1.26814	Elapsed Time: 230.34s (0:03:50)
[Epoch 2] [Dev]  MSE: 1.26454, MAE: 0.88157
[Epoch 2] [Test] MSE: 1.25803, MAE: 0.88069

*** MODEL has obtained the best DEV MSE of 1.26454 so far!
*** The Best MODEL saved to "./__saved_models__/Baby - DeepCoNN/Baby_DeepCoNN_1234.pth"

[Epoch 3/10] Training Loss: 1.14448	Elapsed Time: 349.47s (0:05:49)
[Epoch 3] [Dev]  MSE: 1.25910, MAE: 0.86130
[Epoch 3] [Test] MSE: 1.24968, MAE: 0.85999

*** MODEL has obtained the best DEV MSE of 1.25910 so far!
*** The Best MODEL saved to "./__saved_models__/Baby - DeepCoNN/Baby_DeepCoNN_1234.pth"

[Epoch 4/10] Training Loss: 1.05430	Elapsed Time: 468.56s (0:07:48)
[Epoch 4] [Dev]  MSE: 1.26587, MAE: 0.85572
[Epoch 4] [Test] MSE: 1.25718, MAE: 0.85511

[Epoch 5/10] Training Loss: 0.98236	Elapsed Time: 587.62s (0:09:47)
[Epoch 5] [Dev]  MSE: 1.28227, MAE: 0.86055
[Epoch 5] [Test] MSE: 1.27254, MAE: 0.85999

[Epoch 6/10] Training Loss: 0.92169	Elapsed Time: 706.71s (0:11:46)
[Epoch 6] [Dev]  MSE: 1.29065, MAE: 0.85952
[Epoch 6] [Test] MSE: 1.28030, MAE: 0.85795

[Epoch 7/10] Training Loss: 0.86894	Elapsed Time: 825.81s (0:13:45)
[Epoch 7] [Dev]  MSE: 1.30929, MAE: 0.85667
[Epoch 7] [Test] MSE: 1.29850, MAE: 0.85554

[Epoch 8/10] Training Loss: 0.82241	Elapsed Time: 944.91s (0:15:44)
[Epoch 8] [Dev]  MSE: 1.32189, MAE: 0.86116
[Epoch 8] [Test] MSE: 1.31184, MAE: 0.85939

[Epoch 9/10] Training Loss: 0.78045	Elapsed Time: 1,063.99s (0:17:43)
[Epoch 9] [Dev]  MSE: 1.33571, MAE: 0.86892
[Epoch 9] [Test] MSE: 1.32552, MAE: 0.86744

[Epoch 10/10] Training Loss: 0.74378	Elapsed Time: 1,183.04s (0:19:43)
[Epoch 10] [Dev]  MSE: 1.35213, MAE: 0.87521
[Epoch 10] [Test] MSE: 1.34141, MAE: 0.87346
*** The Last MODEL saved to "./__saved_models__/Baby - DeepCoNN/Baby_DeepCoNN_1234_10.pth"

[Training Loss]
[3.11022, 1.26814, 1.14448, 1.0543, 0.98236, 0.92169, 0.86894, 0.82241, 0.78045, 0.74378]

[Dev MSE]
[1.30355, 1.26454, 1.2591, 1.26587, 1.28227, 1.29065, 1.30929, 1.32189, 1.33571, 1.35213]
[Test MSE]
[1.29899, 1.25803, 1.24968, 1.25718, 1.27254, 1.2803, 1.2985, 1.31184, 1.32552, 1.34141]
[Test MAE]
[0.89684, 0.88069, 0.85999, 0.85511, 0.85999, 0.85795, 0.85554, 0.85939, 0.86744, 0.87346]


Best Dev MSE: 1.25910 (Obtained during Evaluation #3)
Test MSE: 1.24968, Test MAE: 0.85999

End of Program! Elapsed Time: 1,220.52s (0:20:20)
