========================================================================================================================
  ARL_lr: 0.01
  ARL_path: 
  batch_size: 128
  channels_global: 100
  channels_local: 200
  command: -d CDs_and_Vinyl -m DeepCoNN -e 10 -dr 0.9 -WED 300 -p 1 -v 50000 -K 5 -h1 50 -h2 50 -filters_num 100 -output_size 50 -rs 1234 -gpu 0 -vb 1 -sm CDs_and_Vinyl_DeepCoNN
  ctx_win_size: 3
  dataset: CDs_and_Vinyl
  disable_initial_eval: 0
  dropout_rate: 0.9
  epochs: 10
  filters_num: 100
  gpu: 0
  h1: 50
  h2: 50
  hidden_size: 500
  input_dir: ./datasets/CDs_and_Vinyl/
  L2_reg: 1e-06
  learning_rate: 0.002
  loss_function: MSELoss
  max_doc_len: 500
  max_vis_len: 500
  model: DeepCoNN
  num_aspects: 5
  optimizer: Adam
  out_dir: ./experimental_results/CDs_and_Vinyl - DeepCoNN/
  output_size: 50
  pretrained_src: 1
  random_seed: 1234
  save_model: CDs_and_Vinyl_DeepCoNN
  use_cuda: True
  verbose: 1
  vocab_size: 50000
  word_embed_dim: 300
========================================================================================================================

[INFO] # of Users: 488,046, # of Items: 237,480

Creating model (Selected Model: DeepCoNN)..
[args.use_cuda: True] Model is on the GPU! (args.gpu: 0, torch.cuda.current_device(): 0)
Model created! Elapsed Time: 4.18s (0.07 minute)

Loading uid_userDoc from "./datasets/CDs_and_Vinyl/CDs_and_Vinyl_uid_userDoc.npy"..
uid_userDoc loaded! [uid_userDoc: (488046, 500)]

Loading iid_itemDoc from "./datasets/CDs_and_Vinyl/CDs_and_Vinyl_iid_itemDoc.npy"..
iid_itemDoc loaded! [iid_itemDoc: (237480, 500)]

Loading pretrained word embeddings from "./datasets/CDs_and_Vinyl/CDs_and_Vinyl_wed300_wid_wordEmbed.npy"..
Pretrained word embeddings loaded! [wid_wEmbed: (50002, 300)]

Initialization Complete.. Elapsed Time: 28.54s (0.48 minute)

Train/Dev/Test splits loaded! |TRAIN|: 800,000, |DEV|: 41,001, |TEST|: 41,018
Train/Dev/Test splits loaded! Elapsed Time: 28.81s (0.48 minute)

Performing initial evaluation for VALIDATION set..
[Initial] [Dev]  MSE: 16.35923, MAE: 3.90121

Performing initial evaluation for TESTING set..
[Initial] [Test] MSE: 16.38360, MAE: 3.90596

Initial Evaluation Complete.. Elapsed Time: 35.58s (0.59 minute)

Optimizer: Adam, Loss Function: MSELoss

Model Size: 378,679,427
# of Trainable Parameters: 915,827
DeepCoNN (
  (uid_userDoc): Embedding(488046, 500), weights = ((488046, 500),), parameters = 244,023,000
  (iid_itemDoc): Embedding(237480, 500), weights = ((237480, 500),), parameters = 118,740,000
  (wid_wEmbed): Embedding(50002, 300), weights = ((50002, 300),), parameters = 15,000,600
  (user_CNN): Conv2d(1, 100, kernel_size=(3, 300), stride=(1, 1)), weights = ((100, 1, 3, 300), (100,)), parameters = 90,100 (Trainable)
  (item_CNN): Conv2d(1, 100, kernel_size=(3, 300), stride=(1, 1)), weights = ((100, 1, 3, 300), (100,)), parameters = 90,100 (Trainable)
  (user_fcLayer): Linear(in_features=100, out_features=50, bias=True), weights = ((50, 100), (50,)), parameters = 5,050 (Trainable)
  (item_fcLayer): Linear(in_features=100, out_features=50, bias=True), weights = ((50, 100), (50,)), parameters = 5,050 (Trainable)
  (userDropout): Dropout(p=0.9, inplace=False), weights = (), parameters = 0
  (itemDropout): Dropout(p=0.9, inplace=False), weights = (), parameters = 0
  (DeepCoNN_RatingPred): DeepCoNN_RatingPred(
    (uid_userOffset): Embedding(488046, 1)
    (iid_itemOffset): Embedding(237480, 1)
    (globalOffset): Parameter(1,)
  ), weights = ((1,), (488046, 1), (237480, 1)), parameters = 725,527 (Trainable)
)
========================================================================================================================

[Epoch 1/10] Training Loss: 2.90009	Elapsed Time: 123.26s (0:02:03)
[Epoch 1] [Dev]  MSE: 1.02410, MAE: 0.73592
[Epoch 1] [Test] MSE: 1.01191, MAE: 0.73400

*** MODEL has obtained the best DEV MSE of 1.02410 so far!
*** The Best MODEL saved to "./__saved_models__/CDs_and_Vinyl - DeepCoNN/CDs_and_Vinyl_DeepCoNN_1234.pth"

[Epoch 2/10] Training Loss: 0.89046	Elapsed Time: 253.45s (0:04:13)
[Epoch 2] [Dev]  MSE: 0.97450, MAE: 0.70154
[Epoch 2] [Test] MSE: 0.96069, MAE: 0.69837

*** MODEL has obtained the best DEV MSE of 0.97450 so far!
*** The Best MODEL saved to "./__saved_models__/CDs_and_Vinyl - DeepCoNN/CDs_and_Vinyl_DeepCoNN_1234.pth"

[Epoch 3/10] Training Loss: 0.77922	Elapsed Time: 383.58s (0:06:23)
[Epoch 3] [Dev]  MSE: 0.96235, MAE: 0.70144
[Epoch 3] [Test] MSE: 0.94873, MAE: 0.69743

*** MODEL has obtained the best DEV MSE of 0.96235 so far!
*** The Best MODEL saved to "./__saved_models__/CDs_and_Vinyl - DeepCoNN/CDs_and_Vinyl_DeepCoNN_1234.pth"

[Epoch 4/10] Training Loss: 0.69952	Elapsed Time: 513.72s (0:08:33)
[Epoch 4] [Dev]  MSE: 0.96907, MAE: 0.69255
[Epoch 4] [Test] MSE: 0.95470, MAE: 0.68869

[Epoch 5/10] Training Loss: 0.63760	Elapsed Time: 643.94s (0:10:43)
[Epoch 5] [Dev]  MSE: 0.97212, MAE: 0.69438
[Epoch 5] [Test] MSE: 0.96172, MAE: 0.69143

[Epoch 6/10] Training Loss: 0.58615	Elapsed Time: 774.08s (0:12:54)
[Epoch 6] [Dev]  MSE: 0.98346, MAE: 0.69943
[Epoch 6] [Test] MSE: 0.97266, MAE: 0.69571

[Epoch 7/10] Training Loss: 0.54297	Elapsed Time: 904.25s (0:15:04)
[Epoch 7] [Dev]  MSE: 0.99286, MAE: 0.70608
[Epoch 7] [Test] MSE: 0.98202, MAE: 0.70233

[Epoch 8/10] Training Loss: 0.50487	Elapsed Time: 1,034.39s (0:17:14)
[Epoch 8] [Dev]  MSE: 1.00476, MAE: 0.70756
[Epoch 8] [Test] MSE: 0.99689, MAE: 0.70509

[Epoch 9/10] Training Loss: 0.47272	Elapsed Time: 1,164.79s (0:19:24)
[Epoch 9] [Dev]  MSE: 1.01616, MAE: 0.71142
[Epoch 9] [Test] MSE: 1.00901, MAE: 0.70906

[Epoch 10/10] Training Loss: 0.44335	Elapsed Time: 1,295.13s (0:21:35)
[Epoch 10] [Dev]  MSE: 1.02898, MAE: 0.71979
[Epoch 10] [Test] MSE: 1.02238, MAE: 0.71749
*** The Last MODEL saved to "./__saved_models__/CDs_and_Vinyl - DeepCoNN/CDs_and_Vinyl_DeepCoNN_1234_10.pth"

[Training Loss]
[2.90009, 0.89046, 0.77922, 0.69952, 0.6376, 0.58615, 0.54297, 0.50487, 0.47272, 0.44335]

[Dev MSE]
[1.0241, 0.9745, 0.96235, 0.96907, 0.97212, 0.98346, 0.99286, 1.00476, 1.01616, 1.02898]
[Test MSE]
[1.01191, 0.96069, 0.94873, 0.9547, 0.96172, 0.97266, 0.98202, 0.99689, 1.00901, 1.02238]
[Test MAE]
[0.734, 0.69837, 0.69743, 0.68869, 0.69143, 0.69571, 0.70233, 0.70509, 0.70906, 0.71749]


Best Dev MSE: 0.96235 (Obtained during Evaluation #3)
Test MSE: 0.94873, Test MAE: 0.69743

End of Program! Elapsed Time: 1,337.42s (0:22:17)
