========================================================================================================================
  ARL_lr: 0.01
  ARL_path: 
  batch_size: 128
  channels_global: 100
  channels_local: 200
  command: -d Patio_Lawn_and_Garden -m VANRA -e 10 -dr 0.9 -WED 300 -p 1 -v 50000 -K 5 -h1 10 -h2 50 -output_size 50 -rs 1234 -gpu 0 -vb 1 -sm Patio_Lawn_and_Garden_VANRA
  ctx_win_size: 3
  dataset: Patio_Lawn_and_Garden
  disable_initial_eval: 0
  dropout_rate: 0.9
  epochs: 10
  filters_num: 100
  gpu: 0
  h1: 10
  h2: 50
  hidden_size: 500
  input_dir: ./datasets/Patio_Lawn_and_Garden/
  L2_reg: 1e-06
  learning_rate: 0.002
  loss_function: MSELoss
  max_doc_len: 500
  max_vis_len: 500
  model: VANRA
  num_aspects: 5
  optimizer: Adam
  out_dir: ./experimental_results/Patio_Lawn_and_Garden - VANRA/
  output_size: 50
  pretrained_src: 1
  random_seed: 1234
  save_model: Patio_Lawn_and_Garden_VANRA
  use_cuda: True
  verbose: 1
  vocab_size: 50000
  word_embed_dim: 300
========================================================================================================================

[INFO] # of Users: 584,107, # of Items: 95,030

Creating model (Selected Model: VANRA)..
[args.use_cuda: True] Model is on the GPU! (args.gpu: 0, torch.cuda.current_device(): 0)
Model created! Elapsed Time: 6.77s (0.11 minute)

Loading uid_userDoc from "./datasets/Patio_Lawn_and_Garden/Patio_Lawn_and_Garden_uid_userDoc.npy"..
uid_userDoc loaded! [uid_userDoc: (584107, 500)]

Loading iid_itemDoc from "./datasets/Patio_Lawn_and_Garden/Patio_Lawn_and_Garden_iid_itemDoc.npy"..
iid_itemDoc loaded! [iid_itemDoc: (95030, 500)]

Loading pretrained word embeddings from "./datasets/Patio_Lawn_and_Garden/Patio_Lawn_and_Garden_wed300_wid_wordEmbed.npy"..
Pretrained word embeddings loaded! [wid_wEmbed: (50002, 300)]

Loading uid_userVis from "./datasets/Patio_Lawn_and_Garden/Patio_Lawn_and_Garden_uid_userVis.npy"..
uid_userVis loaded! [uid_userVis: (584107, 500)]

Loading iid_itemVis from "./datasets/Patio_Lawn_and_Garden/Patio_Lawn_and_Garden_iid_itemVis.npy"..
iid_itemVis loaded! [iid_itemVis: (95030, 500)]

Initialization Complete.. Elapsed Time: 52.77s (0.88 minute)

Train/Dev/Test splits loaded! |TRAIN|: 775,805, |DEV|: 34,584, |TEST|: 34,718
Train/Dev/Test splits loaded! Elapsed Time: 53.16s (0.89 minute)

Performing initial evaluation for VALIDATION set..
[Initial] [Dev]  MSE: 12.95995, MAE: 3.10857

Performing initial evaluation for TESTING set..
[Initial] [Test] MSE: 12.65717, MAE: 3.07589

Initial Evaluation Complete.. Elapsed Time: 66.35s (1.11 minutes)

Parameters with L2 Regularization (Regularization Strength: 1e-06):
VANRA_RatingPred.uid_userOffset.weight, VANRA_RatingPred.iid_itemOffset.weight

Optimizer: Adam, Loss Function: MSELoss

Model Size: 694,863,598
# of Trainable Parameters: 725,998
VANRA (
  (uid_userDoc): Embedding(584107, 500), weights = ((584107, 500),), parameters = 292,053,500
  (iid_itemDoc): Embedding(95030, 500), weights = ((95030, 500),), parameters = 47,515,000
  (wid_wEmbed): Embedding(50002, 300), weights = ((50002, 300),), parameters = 15,000,600
  (uid_userVis): Embedding(584107, 500), weights = ((584107, 500),), parameters = 292,053,500
  (iid_itemVis): Embedding(95030, 500), weights = ((95030, 500),), parameters = 47,515,000
  (MSANR_ARL): MSANR_ARL(
    (aspEmbed): ModuleList(
      (0): Embedding(5, 30)
      (1): Embedding(5, 50)
      (2): Embedding(5, 70)
    )
    (filterEmbed): Embedding(5, 10)
    (aspProj): Parameter(5, 300, 10)
  ), weights = ((5, 300, 10), (5, 30), (5, 50), (5, 70), (5, 10)), parameters = 15,800 (Trainable)
  (VANRA_VRL): VANRA_VRL(
    (fcLayer): Sequential(
      (0): Dropout(p=0.9, inplace=False)
      (1): Linear(in_features=500, out_features=50, bias=True)
    )
    (visProj): Parameter(500, 10)
  ), weights = ((500, 10), (50, 500), (50,)), parameters = 30,050 (Trainable)
  (VANRA_RatingPred): VANRA_RatingPred(
    (uid_userOffset): Embedding(584107, 1)
    (iid_itemOffset): Embedding(95030, 1)
    (fcLayer1): Sequential(
      (0): Linear(in_features=100, out_features=10, bias=True)
      (1): ReLU()
      (2): Dropout(p=0.9, inplace=False)
    )
    (globalOffset): Parameter(1,)
  ), weights = ((1,), (584107, 1), (95030, 1), (10, 100), (10,)), parameters = 680,148 (Trainable)
)
========================================================================================================================

[Epoch 1/10] Training Loss: 904.37729	Elapsed Time: 400.11s (0:06:40)
[Epoch 1] [Dev]  MSE: 1.55324, MAE: 1.00537
[Epoch 1] [Test] MSE: 1.56400, MAE: 1.00492

*** MODEL has obtained the best DEV MSE of 1.55324 so far!
*** The Best MODEL saved to "./__saved_models__/Patio_Lawn_and_Garden - VANRA/Patio_Lawn_and_Garden_VANRA_1234.pth"

[Epoch 2/10] Training Loss: 1.65762	Elapsed Time: 813.97s (0:13:33)
[Epoch 2] [Dev]  MSE: 1.42434, MAE: 0.94365
[Epoch 2] [Test] MSE: 1.43653, MAE: 0.94504

*** MODEL has obtained the best DEV MSE of 1.42434 so far!
*** The Best MODEL saved to "./__saved_models__/Patio_Lawn_and_Garden - VANRA/Patio_Lawn_and_Garden_VANRA_1234.pth"

[Epoch 3/10] Training Loss: 1.47266	Elapsed Time: 1,226.63s (0:20:26)
[Epoch 3] [Dev]  MSE: 1.39185, MAE: 0.92701
[Epoch 3] [Test] MSE: 1.40198, MAE: 0.92877

*** MODEL has obtained the best DEV MSE of 1.39185 so far!
*** The Best MODEL saved to "./__saved_models__/Patio_Lawn_and_Garden - VANRA/Patio_Lawn_and_Garden_VANRA_1234.pth"

[Epoch 4/10] Training Loss: 1.36547	Elapsed Time: 1,643.09s (0:27:23)
[Epoch 4] [Dev]  MSE: 1.37892, MAE: 0.90926
[Epoch 4] [Test] MSE: 1.38958, MAE: 0.91225

*** MODEL has obtained the best DEV MSE of 1.37892 so far!
*** The Best MODEL saved to "./__saved_models__/Patio_Lawn_and_Garden - VANRA/Patio_Lawn_and_Garden_VANRA_1234.pth"

[Epoch 5/10] Training Loss: 1.29425	Elapsed Time: 2,056.01s (0:34:16)
[Epoch 5] [Dev]  MSE: 1.37867, MAE: 0.90591
[Epoch 5] [Test] MSE: 1.38720, MAE: 0.90842

*** MODEL has obtained the best DEV MSE of 1.37867 so far!
*** The Best MODEL saved to "./__saved_models__/Patio_Lawn_and_Garden - VANRA/Patio_Lawn_and_Garden_VANRA_1234.pth"

[Epoch 6/10] Training Loss: 1.24406	Elapsed Time: 2,470.51s (0:41:10)
[Epoch 6] [Dev]  MSE: 1.37993, MAE: 0.90014
[Epoch 6] [Test] MSE: 1.38737, MAE: 0.90269

[Epoch 7/10] Training Loss: 1.20750	Elapsed Time: 2,883.18s (0:48:03)
[Epoch 7] [Dev]  MSE: 1.38224, MAE: 0.89761
[Epoch 7] [Test] MSE: 1.38932, MAE: 0.90025

[Epoch 8/10] Training Loss: 1.17987	Elapsed Time: 3,297.47s (0:54:57)
[Epoch 8] [Dev]  MSE: 1.38483, MAE: 0.89171
[Epoch 8] [Test] MSE: 1.39375, MAE: 0.89516

[Epoch 9/10] Training Loss: 1.15933	Elapsed Time: 3,710.79s (1:01:50)
[Epoch 9] [Dev]  MSE: 1.38812, MAE: 0.89546
[Epoch 9] [Test] MSE: 1.39581, MAE: 0.89860

[Epoch 10/10] Training Loss: 1.14302	Elapsed Time: 4,123.67s (1:08:43)
[Epoch 10] [Dev]  MSE: 1.39142, MAE: 0.89801
[Epoch 10] [Test] MSE: 1.39930, MAE: 0.90089
*** The Last MODEL saved to "./__saved_models__/Patio_Lawn_and_Garden - VANRA/Patio_Lawn_and_Garden_VANRA_1234_10.pth"

[Training Loss]
[904.37729, 1.65762, 1.47266, 1.36547, 1.29425, 1.24406, 1.2075, 1.17987, 1.15933, 1.14302]

[Dev MSE]
[1.55324, 1.42434, 1.39185, 1.37892, 1.37867, 1.37993, 1.38224, 1.38483, 1.38812, 1.39142]
[Test MSE]
[1.564, 1.43653, 1.40198, 1.38958, 1.3872, 1.38737, 1.38932, 1.39375, 1.39581, 1.3993]
[Test MAE]
[1.00492, 0.94504, 0.92877, 0.91225, 0.90842, 0.90269, 0.90025, 0.89516, 0.8986, 0.90089]


Best Dev MSE: 1.37867 (Obtained during Evaluation #5)
Test MSE: 1.38720, Test MAE: 0.90842

End of Program! Elapsed Time: 4,202.74s (1:10:02)
