========================================================================================================================
  ARL_lr: 0.01
  ARL_path: 
  batch_size: 128
  channels_global: 100
  channels_local: 200
  command: -d Tools_and_Home_Improvement -m DeepCoNN -e 10 -dr 0.9 -WED 300 -p 1 -v 50000 -K 5 -h1 50 -h2 50 -filters_num 100 -output_size 50 -rs 1234 -gpu 0 -vb 1 -sm Tools_and_Home_Improvement_DeepCoNN
  ctx_win_size: 3
  dataset: Tools_and_Home_Improvement
  disable_initial_eval: 0
  dropout_rate: 0.9
  epochs: 10
  filters_num: 100
  gpu: 0
  h1: 50
  h2: 50
  hidden_size: 500
  input_dir: ./datasets/Tools_and_Home_Improvement/
  L2_reg: 1e-06
  learning_rate: 0.002
  loss_function: MSELoss
  max_doc_len: 500
  max_vis_len: 500
  model: DeepCoNN
  num_aspects: 5
  optimizer: Adam
  out_dir: ./experimental_results/Tools_and_Home_Improvement - DeepCoNN/
  output_size: 50
  pretrained_src: 1
  random_seed: 1234
  save_model: Tools_and_Home_Improvement_DeepCoNN
  use_cuda: True
  verbose: 1
  vocab_size: 50000
  word_embed_dim: 300
========================================================================================================================

[INFO] # of Users: 604,303, # of Items: 167,536

Creating model (Selected Model: DeepCoNN)..
[args.use_cuda: True] Model is on the GPU! (args.gpu: 0, torch.cuda.current_device(): 0)
Model created! Elapsed Time: 4.35s (0.07 minute)

Loading uid_userDoc from "./datasets/Tools_and_Home_Improvement/Tools_and_Home_Improvement_uid_userDoc.npy"..
uid_userDoc loaded! [uid_userDoc: (604303, 500)]

Loading iid_itemDoc from "./datasets/Tools_and_Home_Improvement/Tools_and_Home_Improvement_iid_itemDoc.npy"..
iid_itemDoc loaded! [iid_itemDoc: (167536, 500)]

Loading pretrained word embeddings from "./datasets/Tools_and_Home_Improvement/Tools_and_Home_Improvement_wed300_wid_wordEmbed.npy"..
Pretrained word embeddings loaded! [wid_wEmbed: (50002, 300)]

Initialization Complete.. Elapsed Time: 30.20s (0.50 minute)

Train/Dev/Test splits loaded! |TRAIN|: 800,000, |DEV|: 32,887, |TEST|: 33,155
Train/Dev/Test splits loaded! Elapsed Time: 30.48s (0.51 minute)

Performing initial evaluation for VALIDATION set..
[Initial] [Dev]  MSE: 16.71647, MAE: 3.91794

Performing initial evaluation for TESTING set..
[Initial] [Test] MSE: 16.74067, MAE: 3.92326

Initial Evaluation Complete.. Elapsed Time: 35.91s (0.60 minute)

Optimizer: Adam, Loss Function: MSELoss

Model Size: 401,882,240
# of Trainable Parameters: 962,140
DeepCoNN (
  (uid_userDoc): Embedding(604303, 500), weights = ((604303, 500),), parameters = 302,151,500
  (iid_itemDoc): Embedding(167536, 500), weights = ((167536, 500),), parameters = 83,768,000
  (wid_wEmbed): Embedding(50002, 300), weights = ((50002, 300),), parameters = 15,000,600
  (user_CNN): Conv2d(1, 100, kernel_size=(3, 300), stride=(1, 1)), weights = ((100, 1, 3, 300), (100,)), parameters = 90,100 (Trainable)
  (item_CNN): Conv2d(1, 100, kernel_size=(3, 300), stride=(1, 1)), weights = ((100, 1, 3, 300), (100,)), parameters = 90,100 (Trainable)
  (user_fcLayer): Linear(in_features=100, out_features=50, bias=True), weights = ((50, 100), (50,)), parameters = 5,050 (Trainable)
  (item_fcLayer): Linear(in_features=100, out_features=50, bias=True), weights = ((50, 100), (50,)), parameters = 5,050 (Trainable)
  (userDropout): Dropout(p=0.9, inplace=False), weights = (), parameters = 0
  (itemDropout): Dropout(p=0.9, inplace=False), weights = (), parameters = 0
  (DeepCoNN_RatingPred): DeepCoNN_RatingPred(
    (uid_userOffset): Embedding(604303, 1)
    (iid_itemOffset): Embedding(167536, 1)
    (globalOffset): Parameter(1,)
  ), weights = ((1,), (604303, 1), (167536, 1)), parameters = 771,840 (Trainable)
)
========================================================================================================================

[Epoch 1/10] Training Loss: 3.03274	Elapsed Time: 122.32s (0:02:02)
[Epoch 1] [Dev]  MSE: 1.26027, MAE: 0.88047
[Epoch 1] [Test] MSE: 1.25453, MAE: 0.88209

*** MODEL has obtained the best DEV MSE of 1.26027 so far!
*** The Best MODEL saved to "./__saved_models__/Tools_and_Home_Improvement - DeepCoNN/Tools_and_Home_Improvement_DeepCoNN_1234.pth"

[Epoch 2/10] Training Loss: 1.28569	Elapsed Time: 250.16s (0:04:10)
[Epoch 2] [Dev]  MSE: 1.21180, MAE: 0.83176
[Epoch 2] [Test] MSE: 1.20705, MAE: 0.83406

*** MODEL has obtained the best DEV MSE of 1.21180 so far!
*** The Best MODEL saved to "./__saved_models__/Tools_and_Home_Improvement - DeepCoNN/Tools_and_Home_Improvement_DeepCoNN_1234.pth"

[Epoch 3/10] Training Loss: 1.13877	Elapsed Time: 378.03s (0:06:18)
[Epoch 3] [Dev]  MSE: 1.21350, MAE: 0.83360
[Epoch 3] [Test] MSE: 1.20637, MAE: 0.83647

[Epoch 4/10] Training Loss: 1.02604	Elapsed Time: 505.88s (0:08:25)
[Epoch 4] [Dev]  MSE: 1.21758, MAE: 0.81642
[Epoch 4] [Test] MSE: 1.21105, MAE: 0.81959

[Epoch 5/10] Training Loss: 0.93369	Elapsed Time: 633.75s (0:10:33)
[Epoch 5] [Dev]  MSE: 1.22743, MAE: 0.82776
[Epoch 5] [Test] MSE: 1.22189, MAE: 0.83082

[Epoch 6/10] Training Loss: 0.85383	Elapsed Time: 761.64s (0:12:41)
[Epoch 6] [Dev]  MSE: 1.23699, MAE: 0.81310
[Epoch 6] [Test] MSE: 1.22995, MAE: 0.81574

[Epoch 7/10] Training Loss: 0.78634	Elapsed Time: 889.45s (0:14:49)
[Epoch 7] [Dev]  MSE: 1.26222, MAE: 0.83203
[Epoch 7] [Test] MSE: 1.26014, MAE: 0.83513

[Epoch 8/10] Training Loss: 0.72609	Elapsed Time: 1,017.28s (0:16:57)
[Epoch 8] [Dev]  MSE: 1.27111, MAE: 0.82220
[Epoch 8] [Test] MSE: 1.26628, MAE: 0.82434

[Epoch 9/10] Training Loss: 0.67104	Elapsed Time: 1,145.11s (0:19:05)
[Epoch 9] [Dev]  MSE: 1.29006, MAE: 0.83217
[Epoch 9] [Test] MSE: 1.28459, MAE: 0.83308

[Epoch 10/10] Training Loss: 0.62285	Elapsed Time: 1,272.95s (0:21:12)
[Epoch 10] [Dev]  MSE: 1.31077, MAE: 0.83948
[Epoch 10] [Test] MSE: 1.30775, MAE: 0.84100
*** The Last MODEL saved to "./__saved_models__/Tools_and_Home_Improvement - DeepCoNN/Tools_and_Home_Improvement_DeepCoNN_1234_10.pth"

[Training Loss]
[3.03274, 1.28569, 1.13877, 1.02604, 0.93369, 0.85383, 0.78634, 0.72609, 0.67104, 0.62285]

[Dev MSE]
[1.26027, 1.2118, 1.2135, 1.21758, 1.22743, 1.23699, 1.26222, 1.27111, 1.29006, 1.31077]
[Test MSE]
[1.25453, 1.20705, 1.20637, 1.21105, 1.22189, 1.22995, 1.26014, 1.26628, 1.28459, 1.30775]
[Test MAE]
[0.88209, 0.83406, 0.83647, 0.81959, 0.83082, 0.81574, 0.83513, 0.82434, 0.83308, 0.841]


Best Dev MSE: 1.21180 (Obtained during Evaluation #2)
Test MSE: 1.20705, Test MAE: 0.83406

End of Program! Elapsed Time: 1,314.20s (0:21:54)
