========================================================================================================================
  ARL_lr: 0.01
  ARL_path: 
  batch_size: 128
  channels_global: 10
  channels_local: 10
  command: -d Clothing_Shoes_and_Jewelry -m VANRA -e 15 -dr 0.9 -p 1 -v 50000 -K 5 -h1 10 -h2 50 -c_local 10 -c_global 10 -hiden_size 100 -output_size 50 -rs 1234 -gpu 0 -vb 1 -sm Clothing_Shoes_and_Jewelry_VANRA
  ctx_win_size: 3
  dataset: Clothing_Shoes_and_Jewelry
  disable_initial_eval: 0
  dropout_rate: 0.9
  epochs: 15
  gpu: 0
  h1: 10
  h2: 50
  hidden_size: 100
  input_dir: ./datasets/Clothing_Shoes_and_Jewelry/
  L2_reg: 1e-06
  learning_rate: 0.002
  loss_function: MSELoss
  max_doc_len: 500
  max_vis_len: 500
  model: VANRA
  num_aspects: 5
  optimizer: Adam
  out_dir: ./experimental_results/Clothing_Shoes_and_Jewelry - VANRA/
  output_size: 50
  pretrained_src: 1
  random_seed: 1234
  save_model: Clothing_Shoes_and_Jewelry_VANRA
  use_cuda: True
  verbose: 1
  vocab_size: 50000
  word_embed_dim: 300
========================================================================================================================

[INFO] # of Users: 669,835, # of Items: 335,585

Creating model (Selected Model: VANRA)..
[args.use_cuda: True] Model is on the GPU! (args.gpu: 0, torch.cuda.current_device(): 0)
Model created! Elapsed Time: 12.17s (0.20 minute)

Loading uid_userDoc from "./datasets/Clothing_Shoes_and_Jewelry/Clothing_Shoes_and_Jewelry_uid_userDoc.npy"..
uid_userDoc loaded! [uid_userDoc: (669835, 500)]

Loading iid_itemDoc from "./datasets/Clothing_Shoes_and_Jewelry/Clothing_Shoes_and_Jewelry_iid_itemDoc.npy"..
iid_itemDoc loaded! [iid_itemDoc: (335585, 500)]

Loading pretrained word embeddings from "./datasets/Clothing_Shoes_and_Jewelry/Clothing_Shoes_and_Jewelry_wid_wordEmbed.npy"..
Pretrained word embeddings loaded! [wid_wEmbed: (50002, 300)]

Loading uid_userVis from "./datasets/Clothing_Shoes_and_Jewelry/Clothing_Shoes_and_Jewelry_uid_userVis.npy"..
uid_userVis loaded! [uid_userVis: (669835, 500)]

Loading iid_itemVis from "./datasets/Clothing_Shoes_and_Jewelry/Clothing_Shoes_and_Jewelry_iid_itemVis.npy"..
iid_itemVis loaded! [iid_itemVis: (335585, 500)]

Initialization Complete.. Elapsed Time: 80.03s (1.33 minutes)

Train/Dev/Test splits loaded! |TRAIN|: 800,000, |DEV|: 17,754, |TEST|: 17,846
Train/Dev/Test splits loaded! Elapsed Time: 80.32s (1.34 minutes)

Performing initial evaluation for VALIDATION set..
[Initial] [Dev]  MSE: 18.95884, MAE: 4.20193

Performing initial evaluation for TESTING set..
[Initial] [Test] MSE: 19.03416, MAE: 4.21251

Initial Evaluation Complete.. Elapsed Time: 84.07s (1.40 minutes)

Parameters with L2 Regularization (Regularization Strength: 1e-06):
VANRA_RatingPred.uid_userOffset.weight, VANRA_RatingPred.iid_itemOffset.weight

Optimizer: Adam, Loss Function: MSELoss

Model Size: 1,021,552,679
# of Trainable Parameters: 1,132,079
VANRA (
  (uid_userDoc): Embedding(669835, 500), weights = ((669835, 500),), parameters = 334,917,500
  (iid_itemDoc): Embedding(335585, 500), weights = ((335585, 500),), parameters = 167,792,500
  (wid_wEmbed): Embedding(50002, 300), weights = ((50002, 300),), parameters = 15,000,600
  (uid_userVis): Embedding(669835, 500), weights = ((669835, 500),), parameters = 334,917,500
  (iid_itemVis): Embedding(335585, 500), weights = ((335585, 500),), parameters = 167,792,500
  (shared_ANR_ARL): ANR_ARL(
    (aspEmbed): Embedding(5, 30)
    (aspProj): Parameter(5, 300, 10)
  ), weights = ((5, 300, 10), (5, 30)), parameters = 15,150 (Trainable)
  (ANR_AIE): ANR_AIE(  (W_a): Parameter(10, 10)
    (W_u): Parameter(50, 10)
    (w_hu): Parameter(50, 1)
    (W_i): Parameter(50, 10)
    (w_hi): Parameter(50, 1)
  ), weights = ((10, 10), (50, 10), (50, 1), (50, 10), (50, 1)), parameters = 1,200 (Trainable)
  (VANRA_VRL): VANRA_VRL(
    (localAttentionLayer_user): LocalAttention(
      (attention_layer): Sequential(
        (0): Conv2d(1, 1, kernel_size=(3, 1), stride=(1, 1))
        (1): Softmax(dim=2)
      )
      (fcLayer): Sequential(
        (0): Linear(in_features=500, out_features=100, bias=True)
        (1): Dropout(p=0.9, inplace=False)
        (2): ReLU()
        (3): Linear(in_features=100, out_features=50, bias=True)
      )
    )
    (localAttentionLayer_item): LocalAttention(
      (attention_layer): Sequential(
        (0): Conv2d(1, 1, kernel_size=(3, 1), stride=(1, 1))
        (1): Softmax(dim=2)
      )
      (fcLayer): Sequential(
        (0): Linear(in_features=500, out_features=100, bias=True)
        (1): Dropout(p=0.9, inplace=False)
        (2): ReLU()
        (3): Linear(in_features=100, out_features=50, bias=True)
      )
    )
  ), weights = ((1, 1, 3, 1), (1,), (100, 500), (100,), (50, 100), (50,), (1, 1, 3, 1), (1,), (100, 500), (100,), (50, 100), (50,)), parameters = 110,308 (Trainable)
  (VANRA_RatingPred): VANRA_RatingPred(
    (userAspRepDropout): Dropout(p=0.9, inplace=False)
    (itemAspRepDropout): Dropout(p=0.9, inplace=False)
    (uid_userOffset): Embedding(669835, 1)
    (iid_itemOffset): Embedding(335585, 1)
    (globalOffset): Parameter(1,)
  ), weights = ((1,), (669835, 1), (335585, 1)), parameters = 1,005,421 (Trainable)
)
========================================================================================================================

[Epoch 1/15] Training Loss: 1.68191	Elapsed Time: 168.89s (0:02:48)
[Epoch 1] [Dev]  MSE: 1.24354, MAE: 0.89739
[Epoch 1] [Test] MSE: 1.23214, MAE: 0.89357

*** MODEL has obtained the best DEV MSE of 1.24354 so far!
*** The Best MODEL saved to "./__saved_models__/Clothing_Shoes_and_Jewelry - VANRA/Clothing_Shoes_and_Jewelry_VANRA_1234.pth"

[Epoch 2/15] Training Loss: 1.31711	Elapsed Time: 341.03s (0:05:41)
[Epoch 2] [Dev]  MSE: 1.22503, MAE: 0.88607
[Epoch 2] [Test] MSE: 1.21317, MAE: 0.88181

*** MODEL has obtained the best DEV MSE of 1.22503 so far!
*** The Best MODEL saved to "./__saved_models__/Clothing_Shoes_and_Jewelry - VANRA/Clothing_Shoes_and_Jewelry_VANRA_1234.pth"

[Epoch 3/15] Training Loss: 1.19066	Elapsed Time: 512.91s (0:08:32)
[Epoch 3] [Dev]  MSE: 1.22378, MAE: 0.84164
[Epoch 3] [Test] MSE: 1.20801, MAE: 0.83374

*** MODEL has obtained the best DEV MSE of 1.22378 so far!
*** The Best MODEL saved to "./__saved_models__/Clothing_Shoes_and_Jewelry - VANRA/Clothing_Shoes_and_Jewelry_VANRA_1234.pth"

[Epoch 4/15] Training Loss: 1.10981	Elapsed Time: 684.77s (0:11:24)
[Epoch 4] [Dev]  MSE: 1.22399, MAE: 0.86020
[Epoch 4] [Test] MSE: 1.20851, MAE: 0.85392

[Epoch 5/15] Training Loss: 1.05257	Elapsed Time: 856.69s (0:14:16)
[Epoch 5] [Dev]  MSE: 1.23567, MAE: 0.86069
[Epoch 5] [Test] MSE: 1.21971, MAE: 0.85356

[Epoch 6/15] Training Loss: 1.01407	Elapsed Time: 1,028.66s (0:17:08)
[Epoch 6] [Dev]  MSE: 1.23910, MAE: 0.86959
[Epoch 6] [Test] MSE: 1.22301, MAE: 0.86284

[Epoch 7/15] Training Loss: 0.98572	Elapsed Time: 1,200.63s (0:20:00)
[Epoch 7] [Dev]  MSE: 1.24403, MAE: 0.85867
[Epoch 7] [Test] MSE: 1.22577, MAE: 0.85115

[Epoch 8/15] Training Loss: 0.96488	Elapsed Time: 1,372.51s (0:22:52)
[Epoch 8] [Dev]  MSE: 1.25274, MAE: 0.85867
[Epoch 8] [Test] MSE: 1.23310, MAE: 0.85082

[Epoch 9/15] Training Loss: 0.94945	Elapsed Time: 1,544.37s (0:25:44)
[Epoch 9] [Dev]  MSE: 1.26296, MAE: 0.88011
[Epoch 9] [Test] MSE: 1.24552, MAE: 0.87343

[Epoch 10/15] Training Loss: 0.93758	Elapsed Time: 1,716.31s (0:28:36)
[Epoch 10] [Dev]  MSE: 1.25974, MAE: 0.86340
[Epoch 10] [Test] MSE: 1.24032, MAE: 0.85506

[Epoch 11/15] Training Loss: 0.92832	Elapsed Time: 1,888.23s (0:31:28)
[Epoch 11] [Dev]  MSE: 1.26409, MAE: 0.86142
[Epoch 11] [Test] MSE: 1.24367, MAE: 0.85267

[Epoch 12/15] Training Loss: 0.92171	Elapsed Time: 2,060.18s (0:34:20)
[Epoch 12] [Dev]  MSE: 1.26457, MAE: 0.85886
[Epoch 12] [Test] MSE: 1.24484, MAE: 0.85092

[Epoch 13/15] Training Loss: 0.91572	Elapsed Time: 2,232.09s (0:37:12)
[Epoch 13] [Dev]  MSE: 1.26888, MAE: 0.84752
[Epoch 13] [Test] MSE: 1.24676, MAE: 0.83787

[Epoch 14/15] Training Loss: 0.91087	Elapsed Time: 2,403.99s (0:40:03)
[Epoch 14] [Dev]  MSE: 1.26802, MAE: 0.85744
[Epoch 14] [Test] MSE: 1.24712, MAE: 0.84861

[Epoch 15/15] Training Loss: 0.90610	Elapsed Time: 2,575.83s (0:42:55)
[Epoch 15] [Dev]  MSE: 1.27396, MAE: 0.85184
[Epoch 15] [Test] MSE: 1.25048, MAE: 0.84168
*** The Last MODEL saved to "./__saved_models__/Clothing_Shoes_and_Jewelry - VANRA/Clothing_Shoes_and_Jewelry_VANRA_1234_15.pth"

[Training Loss]
[1.68191, 1.31711, 1.19066, 1.10981, 1.05257, 1.01407, 0.98572, 0.96488, 0.94945, 0.93758, 0.92832, 0.92171, 0.91572, 0.91087, 0.9061]

[Dev MSE]
[1.24354, 1.22503, 1.22378, 1.22399, 1.23567, 1.2391, 1.24403, 1.25274, 1.26296, 1.25974, 1.26409, 1.26457, 1.26888, 1.26802, 1.27396]
[Test MSE]
[1.23214, 1.21317, 1.20801, 1.20851, 1.21971, 1.22301, 1.22577, 1.2331, 1.24552, 1.24032, 1.24367, 1.24484, 1.24676, 1.24712, 1.25048]
[Test MAE]
[0.89357, 0.88181, 0.83374, 0.85392, 0.85356, 0.86284, 0.85115, 0.85082, 0.87343, 0.85506, 0.85267, 0.85092, 0.83787, 0.84861, 0.84168]


Best Dev MSE: 1.22378 (Obtained during Evaluation #3)
Test MSE: 1.20801, Test MAE: 0.83374

End of Program! Elapsed Time: 2,662.83s (0:44:22)
