========================================================================================================================
  ARL_lr: 0.01
  ARL_path: 
  batch_size: 128
  channels_global: 100
  channels_local: 200
  command: -d Cell_Phones_and_Accessories -m MSANR -e 10 -dr 0.9 -WED 300 -p 1 -v 50000 -K 5 -h1 50 -kernel_list 2 3 -output_size 50 -rs 1234 -gpu 0 -vb 1 -sm Cell_Phones_and_Accessories_MSANR
  ctx_win_size: 3
  dataset: Cell_Phones_and_Accessories
  disable_initial_eval: 0
  dropout_rate: 0.9
  epochs: 10
  filters_num: 100
  gpu: 0
  h1: 50
  h2: 50
  hidden_size: 500
  input_dir: ./datasets/Cell_Phones_and_Accessories/
  kernel_list: [2, 3]
  L2_reg: 1e-06
  learning_rate: 0.002
  loss_function: MSELoss
  max_doc_len: 500
  max_vis_len: 500
  model: MSANR
  num_aspects: 5
  optimizer: Adam
  out_dir: ./experimental_results/Cell_Phones_and_Accessories - MSANR/
  output_size: 50
  pretrained_src: 1
  random_seed: 1234
  save_model: Cell_Phones_and_Accessories_MSANR
  use_cuda: True
  verbose: 1
  vocab_size: 50000
  word_embed_dim: 300
========================================================================================================================

[INFO] # of Users: 687,583, # of Items: 148,399

Creating model (Selected Model: MSANR)..
[args.use_cuda: True] Model is on the GPU! (args.gpu: 0, torch.cuda.current_device(): 0)
Model created! Elapsed Time: 4.68s (0.08 minute)

Loading uid_userDoc from "./datasets/Cell_Phones_and_Accessories/Cell_Phones_and_Accessories_uid_userDoc.npy"..
uid_userDoc loaded! [uid_userDoc: (687583, 500)]

Loading iid_itemDoc from "./datasets/Cell_Phones_and_Accessories/Cell_Phones_and_Accessories_iid_itemDoc.npy"..
iid_itemDoc loaded! [iid_itemDoc: (148399, 500)]

Loading pretrained word embeddings from "./datasets/Cell_Phones_and_Accessories/Cell_Phones_and_Accessories_wed300_wid_wordEmbed.npy"..
Pretrained word embeddings loaded! [wid_wEmbed: (50002, 300)]

Initialization Complete.. Elapsed Time: 21.29s (0.35 minute)

Train/Dev/Test splits loaded! |TRAIN|: 800,000, |DEV|: 21,045, |TEST|: 21,154
Train/Dev/Test splits loaded! Elapsed Time: 21.53s (0.36 minute)

Performing initial evaluation for VALIDATION set..
[Initial] [Dev]  MSE: 17.78280, MAE: 4.00214

Performing initial evaluation for TESTING set..
[Initial] [Test] MSE: 17.80874, MAE: 4.00719

Initial Evaluation Complete.. Elapsed Time: 31.70s (0.53 minute)

Parameters with L2 Regularization (Regularization Strength: 1e-06):
MSANR_RatingPred.uid_userOffset.weight, MSANR_RatingPred.iid_itemOffset.weight

Optimizer: Adam, Loss Function: MSELoss

Model Size: 433,904,083
# of Trainable Parameters: 912,483
MSANR (
  (uid_userDoc): Embedding(687583, 500), weights = ((687583, 500),), parameters = 343,791,500
  (iid_itemDoc): Embedding(148399, 500), weights = ((148399, 500),), parameters = 74,199,500
  (wid_wEmbed): Embedding(50002, 300), weights = ((50002, 300),), parameters = 15,000,600
  (MSANR_ARL): MSANR_ARL(
    (aspEmbed): ModuleList(
      (0): Embedding(5, 100)
      (1): Embedding(5, 150)
    )
    (filterEmbed): Embedding(5, 50)
    (aspProj): Parameter(5, 300, 50)
  ), weights = ((5, 300, 50), (5, 100), (5, 150), (5, 50)), parameters = 76,500 (Trainable)
  (MSANR_RatingPred): MSANR_RatingPred(
    (userAspRepDropout): Dropout(p=0.9, inplace=False)
    (itemAspRepDropout): Dropout(p=0.9, inplace=False)
    (uid_userOffset): Embedding(687583, 1)
    (iid_itemOffset): Embedding(148399, 1)
    (globalOffset): Parameter(1,)
  ), weights = ((1,), (687583, 1), (148399, 1)), parameters = 835,983 (Trainable)
)
========================================================================================================================

[Epoch 1/10] Training Loss: 2.58161	Elapsed Time: 445.57s (0:07:25)
[Epoch 1] [Dev]  MSE: 1.66673, MAE: 1.07881
[Epoch 1] [Test] MSE: 1.65418, MAE: 1.07498

*** MODEL has obtained the best DEV MSE of 1.66673 so far!
*** The Best MODEL saved to "./__saved_models__/Cell_Phones_and_Accessories - MSANR/Cell_Phones_and_Accessories_MSANR_1234.pth"

[Epoch 2/10] Training Loss: 1.66003	Elapsed Time: 900.43s (0:15:00)
[Epoch 2] [Dev]  MSE: 1.68729, MAE: 1.10554
[Epoch 2] [Test] MSE: 1.68299, MAE: 1.10358

[Epoch 3/10] Training Loss: 1.54167	Elapsed Time: 1,355.24s (0:22:35)
[Epoch 3] [Dev]  MSE: 1.64318, MAE: 1.06673
[Epoch 3] [Test] MSE: 1.63651, MAE: 1.06426

*** MODEL has obtained the best DEV MSE of 1.64318 so far!
*** The Best MODEL saved to "./__saved_models__/Cell_Phones_and_Accessories - MSANR/Cell_Phones_and_Accessories_MSANR_1234.pth"

[Epoch 4/10] Training Loss: 1.45193	Elapsed Time: 1,810.11s (0:30:10)
[Epoch 4] [Dev]  MSE: 1.65124, MAE: 1.05399
[Epoch 4] [Test] MSE: 1.64717, MAE: 1.05296

[Epoch 5/10] Training Loss: 1.38308	Elapsed Time: 2,264.89s (0:37:44)
[Epoch 5] [Dev]  MSE: 1.66810, MAE: 1.04610
[Epoch 5] [Test] MSE: 1.65475, MAE: 1.04281

[Epoch 6/10] Training Loss: 1.32928	Elapsed Time: 2,719.75s (0:45:19)
[Epoch 6] [Dev]  MSE: 1.67636, MAE: 1.06515
[Epoch 6] [Test] MSE: 1.67468, MAE: 1.06430

[Epoch 7/10] Training Loss: 1.30067	Elapsed Time: 3,174.64s (0:52:54)
[Epoch 7] [Dev]  MSE: 1.68095, MAE: 1.05667
[Epoch 7] [Test] MSE: 1.67911, MAE: 1.05574

[Epoch 8/10] Training Loss: 1.26221	Elapsed Time: 3,629.50s (1:00:29)
[Epoch 8] [Dev]  MSE: 1.71211, MAE: 1.03340
[Epoch 8] [Test] MSE: 1.69896, MAE: 1.03169

[Epoch 9/10] Training Loss: 1.30036	Elapsed Time: 4,084.47s (1:08:04)
[Epoch 9] [Dev]  MSE: 1.68295, MAE: 1.05602
[Epoch 9] [Test] MSE: 1.68168, MAE: 1.05524

[Epoch 10/10] Training Loss: 1.23332	Elapsed Time: 4,539.28s (1:15:39)
[Epoch 10] [Dev]  MSE: 1.75579, MAE: 1.05042
[Epoch 10] [Test] MSE: 1.74590, MAE: 1.04948
*** The Last MODEL saved to "./__saved_models__/Cell_Phones_and_Accessories - MSANR/Cell_Phones_and_Accessories_MSANR_1234_10.pth"

[Training Loss]
[2.58161, 1.66003, 1.54167, 1.45193, 1.38308, 1.32928, 1.30067, 1.26221, 1.30036, 1.23332]

[Dev MSE]
[1.66673, 1.68729, 1.64318, 1.65124, 1.6681, 1.67636, 1.68095, 1.71211, 1.68295, 1.75579]
[Test MSE]
[1.65418, 1.68299, 1.63651, 1.64717, 1.65475, 1.67468, 1.67911, 1.69896, 1.68168, 1.7459]
[Test MAE]
[1.07498, 1.10358, 1.06426, 1.05296, 1.04281, 1.0643, 1.05574, 1.03169, 1.05524, 1.04948]


Best Dev MSE: 1.64318 (Obtained during Evaluation #3)
Test MSE: 1.63651, Test MAE: 1.06426

End of Program! Elapsed Time: 4,580.28s (1:16:20)
