========================================================================================================================
  ARL_lr: 0.01
  ARL_path: 
  batch_size: 128
  channels_global: 100
  channels_local: 200
  command: -d Cell_Phones_and_Accessories -m MSANR -e 10 -dr 0.9 -WED 300 -p 1 -v 50000 -K 5 -h1 50 -kernel_list 2 3 4 5 -output_size 50 -rs 1234 -gpu 0 -vb 1 -sm Cell_Phones_and_Accessories_MSANR
  ctx_win_size: 3
  dataset: Cell_Phones_and_Accessories
  disable_initial_eval: 0
  dropout_rate: 0.9
  epochs: 10
  filters_num: 100
  gpu: 0
  h1: 50
  h2: 50
  hidden_size: 500
  input_dir: ./datasets/Cell_Phones_and_Accessories/
  kernel_list: [2, 3, 4, 5]
  L2_reg: 1e-06
  learning_rate: 0.002
  loss_function: MSELoss
  max_doc_len: 500
  max_vis_len: 500
  model: MSANR
  num_aspects: 5
  optimizer: Adam
  out_dir: ./experimental_results/Cell_Phones_and_Accessories - MSANR/
  output_size: 50
  pretrained_src: 1
  random_seed: 1234
  save_model: Cell_Phones_and_Accessories_MSANR
  use_cuda: True
  verbose: 1
  vocab_size: 50000
  word_embed_dim: 300
========================================================================================================================

[INFO] # of Users: 687,583, # of Items: 148,399

Creating model (Selected Model: MSANR)..
[args.use_cuda: True] Model is on the GPU! (args.gpu: 0, torch.cuda.current_device(): 0)
Model created! Elapsed Time: 4.62s (0.08 minute)

Loading uid_userDoc from "./datasets/Cell_Phones_and_Accessories/Cell_Phones_and_Accessories_uid_userDoc.npy"..
uid_userDoc loaded! [uid_userDoc: (687583, 500)]

Loading iid_itemDoc from "./datasets/Cell_Phones_and_Accessories/Cell_Phones_and_Accessories_iid_itemDoc.npy"..
iid_itemDoc loaded! [iid_itemDoc: (148399, 500)]

Loading pretrained word embeddings from "./datasets/Cell_Phones_and_Accessories/Cell_Phones_and_Accessories_wed300_wid_wordEmbed.npy"..
Pretrained word embeddings loaded! [wid_wEmbed: (50002, 300)]

Initialization Complete.. Elapsed Time: 26.36s (0.44 minute)

Train/Dev/Test splits loaded! |TRAIN|: 800,000, |DEV|: 21,045, |TEST|: 21,154
Train/Dev/Test splits loaded! Elapsed Time: 26.64s (0.44 minute)

Performing initial evaluation for VALIDATION set..
[Initial] [Dev]  MSE: 17.78280, MAE: 4.00214

Performing initial evaluation for TESTING set..
[Initial] [Test] MSE: 17.80874, MAE: 4.00719

Initial Evaluation Complete.. Elapsed Time: 45.62s (0.76 minute)

Parameters with L2 Regularization (Regularization Strength: 1e-06):
MSANR_RatingPred.uid_userOffset.weight, MSANR_RatingPred.iid_itemOffset.weight

Optimizer: Adam, Loss Function: MSELoss

Model Size: 433,906,333
# of Trainable Parameters: 914,733
MSANR (
  (uid_userDoc): Embedding(687583, 500), weights = ((687583, 500),), parameters = 343,791,500
  (iid_itemDoc): Embedding(148399, 500), weights = ((148399, 500),), parameters = 74,199,500
  (wid_wEmbed): Embedding(50002, 300), weights = ((50002, 300),), parameters = 15,000,600
  (MSANR_ARL): MSANR_ARL(
    (aspEmbed): ModuleList(
      (0): Embedding(5, 100)
      (1): Embedding(5, 150)
      (2): Embedding(5, 200)
      (3): Embedding(5, 250)
    )
    (filterEmbed): Embedding(5, 50)
    (aspProj): Parameter(5, 300, 50)
  ), weights = ((5, 300, 50), (5, 100), (5, 150), (5, 200), (5, 250), (5, 50)), parameters = 78,750 (Trainable)
  (MSANR_RatingPred): MSANR_RatingPred(
    (userAspRepDropout): Dropout(p=0.9, inplace=False)
    (itemAspRepDropout): Dropout(p=0.9, inplace=False)
    (uid_userOffset): Embedding(687583, 1)
    (iid_itemOffset): Embedding(148399, 1)
    (globalOffset): Parameter(1,)
  ), weights = ((1,), (687583, 1), (148399, 1)), parameters = 835,983 (Trainable)
)
========================================================================================================================

[Epoch 1/10] Training Loss: 2.57302	Elapsed Time: 918.07s (0:15:18)
[Epoch 1] [Dev]  MSE: 1.65872, MAE: 1.05689
[Epoch 1] [Test] MSE: 1.64311, MAE: 1.05251

*** MODEL has obtained the best DEV MSE of 1.65872 so far!
*** The Best MODEL saved to "./__saved_models__/Cell_Phones_and_Accessories - MSANR/Cell_Phones_and_Accessories_MSANR_1234.pth"

[Epoch 2/10] Training Loss: 1.68655	Elapsed Time: 1,854.68s (0:30:54)
[Epoch 2] [Dev]  MSE: 1.65936, MAE: 1.03623
[Epoch 2] [Test] MSE: 1.65530, MAE: 1.03635

[Epoch 3/10] Training Loss: 1.54032	Elapsed Time: 2,791.31s (0:46:31)
[Epoch 3] [Dev]  MSE: 1.64301, MAE: 1.05448
[Epoch 3] [Test] MSE: 1.63364, MAE: 1.05101

*** MODEL has obtained the best DEV MSE of 1.64301 so far!
*** The Best MODEL saved to "./__saved_models__/Cell_Phones_and_Accessories - MSANR/Cell_Phones_and_Accessories_MSANR_1234.pth"

[Epoch 4/10] Training Loss: 1.48697	Elapsed Time: 3,727.96s (1:02:07)
[Epoch 4] [Dev]  MSE: 1.63257, MAE: 1.04951
[Epoch 4] [Test] MSE: 1.62796, MAE: 1.04822

*** MODEL has obtained the best DEV MSE of 1.63257 so far!
*** The Best MODEL saved to "./__saved_models__/Cell_Phones_and_Accessories - MSANR/Cell_Phones_and_Accessories_MSANR_1234.pth"

[Epoch 5/10] Training Loss: 1.40233	Elapsed Time: 4,664.64s (1:17:44)
[Epoch 5] [Dev]  MSE: 1.65471, MAE: 1.06132
[Epoch 5] [Test] MSE: 1.64967, MAE: 1.05984

[Epoch 6/10] Training Loss: 1.35893	Elapsed Time: 5,601.40s (1:33:21)
[Epoch 6] [Dev]  MSE: 1.65426, MAE: 1.02677
[Epoch 6] [Test] MSE: 1.64553, MAE: 1.02547

[Epoch 7/10] Training Loss: 1.32001	Elapsed Time: 6,538.16s (1:48:58)
[Epoch 7] [Dev]  MSE: 1.67057, MAE: 1.01813
[Epoch 7] [Test] MSE: 1.66156, MAE: 1.01703

[Epoch 8/10] Training Loss: 1.52531	Elapsed Time: 7,474.81s (2:04:34)
[Epoch 8] [Dev]  MSE: 1.69785, MAE: 1.02919
[Epoch 8] [Test] MSE: 1.68894, MAE: 1.02832

[Epoch 9/10] Training Loss: 1.28586	Elapsed Time: 8,411.52s (2:20:11)
[Epoch 9] [Dev]  MSE: 1.67124, MAE: 1.06262
[Epoch 9] [Test] MSE: 1.66982, MAE: 1.06091

[Epoch 10/10] Training Loss: 1.26399	Elapsed Time: 9,348.00s (2:35:48)
[Epoch 10] [Dev]  MSE: 1.67254, MAE: 1.01461
[Epoch 10] [Test] MSE: 1.66242, MAE: 1.01323
*** The Last MODEL saved to "./__saved_models__/Cell_Phones_and_Accessories - MSANR/Cell_Phones_and_Accessories_MSANR_1234_10.pth"

[Training Loss]
[2.57302, 1.68655, 1.54032, 1.48697, 1.40233, 1.35893, 1.32001, 1.52531, 1.28586, 1.26399]

[Dev MSE]
[1.65872, 1.65936, 1.64301, 1.63257, 1.65471, 1.65426, 1.67057, 1.69785, 1.67124, 1.67254]
[Test MSE]
[1.64311, 1.6553, 1.63364, 1.62796, 1.64967, 1.64553, 1.66156, 1.68894, 1.66982, 1.66242]
[Test MAE]
[1.05251, 1.03635, 1.05101, 1.04822, 1.05984, 1.02547, 1.01703, 1.02832, 1.06091, 1.01323]


Best Dev MSE: 1.63257 (Obtained during Evaluation #4)
Test MSE: 1.62796, Test MAE: 1.04822

End of Program! Elapsed Time: 9,411.66s (2:36:51)
