========================================================================================================================
  ARL_lr: 0.01
  ARL_path: 
  batch_size: 128
  channels_global: 100
  channels_local: 200
  command: -d Cell_Phones_and_Accessories -m MSANR -e 5 -dr 0.9 -WED 300 -p 1 -v 50000 -K 5 -h1 15 -kernel_list 2 3 4 -output_size 5 -rs 1234 -gpu 0 -vb 1 -sm Cell_Phones_and_Accessories_MSANR
  ctx_win_size: 3
  dataset: Cell_Phones_and_Accessories
  disable_initial_eval: 0
  dropout_rate: 0.9
  epochs: 5
  filters_num: 100
  gpu: 0
  h1: 15
  h2: 50
  hidden_size: 500
  input_dir: ./datasets/Cell_Phones_and_Accessories/
  kernel_list: [2, 3, 4]
  L2_reg: 1e-06
  learning_rate: 0.002
  loss_function: MSELoss
  max_doc_len: 500
  max_vis_len: 500
  model: MSANR
  num_aspects: 5
  optimizer: Adam
  out_dir: ./experimental_results/Cell_Phones_and_Accessories - MSANR/
  output_size: 5
  pretrained_src: 1
  random_seed: 1234
  save_model: Cell_Phones_and_Accessories_MSANR
  use_cuda: True
  verbose: 1
  vocab_size: 50000
  word_embed_dim: 300
========================================================================================================================

[INFO] # of Users: 687,583, # of Items: 148,399

Creating model (Selected Model: MSANR)..
[args.use_cuda: True] Model is on the GPU! (args.gpu: 0, torch.cuda.current_device(): 0)
Model created! Elapsed Time: 4.65s (0.08 minute)

Loading uid_userDoc from "./datasets/Cell_Phones_and_Accessories/Cell_Phones_and_Accessories_uid_userDoc.npy"..
uid_userDoc loaded! [uid_userDoc: (687583, 500)]

Loading iid_itemDoc from "./datasets/Cell_Phones_and_Accessories/Cell_Phones_and_Accessories_iid_itemDoc.npy"..
iid_itemDoc loaded! [iid_itemDoc: (148399, 500)]

Loading pretrained word embeddings from "./datasets/Cell_Phones_and_Accessories/Cell_Phones_and_Accessories_wed300_wid_wordEmbed.npy"..
Pretrained word embeddings loaded! [wid_wEmbed: (50002, 300)]

Initialization Complete.. Elapsed Time: 24.26s (0.40 minute)

Train/Dev/Test splits loaded! |TRAIN|: 800,000, |DEV|: 21,045, |TEST|: 21,154
Train/Dev/Test splits loaded! Elapsed Time: 24.51s (0.41 minute)

Performing initial evaluation for VALIDATION set..
[Initial] [Dev]  MSE: 17.78280, MAE: 4.00214

Performing initial evaluation for TESTING set..
[Initial] [Test] MSE: 17.80874, MAE: 4.00719

Initial Evaluation Complete.. Elapsed Time: 32.91s (0.55 minute)

Parameters with L2 Regularization (Regularization Strength: 1e-06):
MSANR_RatingPred.uid_userOffset.weight, MSANR_RatingPred.iid_itemOffset.weight

Optimizer: Adam, Loss Function: MSELoss

Model Size: 433,850,833
# of Trainable Parameters: 859,233
MSANR (
  (uid_userDoc): Embedding(687583, 500), weights = ((687583, 500),), parameters = 343,791,500
  (iid_itemDoc): Embedding(148399, 500), weights = ((148399, 500),), parameters = 74,199,500
  (wid_wEmbed): Embedding(50002, 300), weights = ((50002, 300),), parameters = 15,000,600
  (MSANR_ARL): MSANR_ARL(
    (aspEmbed): ModuleList(
      (0): Embedding(5, 30)
      (1): Embedding(5, 45)
      (2): Embedding(5, 60)
    )
    (filterEmbed): Embedding(5, 15)
    (aspProj): Parameter(5, 300, 15)
  ), weights = ((5, 300, 15), (5, 30), (5, 45), (5, 60), (5, 15)), parameters = 23,250 (Trainable)
  (MSANR_RatingPred): MSANR_RatingPred(
    (userAspRepDropout): Dropout(p=0.9, inplace=False)
    (itemAspRepDropout): Dropout(p=0.9, inplace=False)
    (uid_userOffset): Embedding(687583, 1)
    (iid_itemOffset): Embedding(148399, 1)
    (globalOffset): Parameter(1,)
  ), weights = ((1,), (687583, 1), (148399, 1)), parameters = 835,983 (Trainable)
)
========================================================================================================================

[Epoch 1/5] Training Loss: 3.17739	Elapsed Time: 424.27s (0:07:04)
[Epoch 1] [Dev]  MSE: 1.65964, MAE: 1.08416
[Epoch 1] [Test] MSE: 1.65174, MAE: 1.08135

*** MODEL has obtained the best DEV MSE of 1.65964 so far!
*** The Best MODEL saved to "./__saved_models__/Cell_Phones_and_Accessories - MSANR/Cell_Phones_and_Accessories_MSANR_1234.pth"

[Epoch 2/5] Training Loss: 1.78838	Elapsed Time: 856.73s (0:14:16)
[Epoch 2] [Dev]  MSE: 1.62034, MAE: 1.04868
[Epoch 2] [Test] MSE: 1.61123, MAE: 1.04594

*** MODEL has obtained the best DEV MSE of 1.62034 so far!
*** The Best MODEL saved to "./__saved_models__/Cell_Phones_and_Accessories - MSANR/Cell_Phones_and_Accessories_MSANR_1234.pth"

[Epoch 3/5] Training Loss: 1.63225	Elapsed Time: 1,289.00s (0:21:29)
[Epoch 3] [Dev]  MSE: 1.61650, MAE: 1.04046
[Epoch 3] [Test] MSE: 1.60729, MAE: 1.03815

*** MODEL has obtained the best DEV MSE of 1.61650 so far!
*** The Best MODEL saved to "./__saved_models__/Cell_Phones_and_Accessories - MSANR/Cell_Phones_and_Accessories_MSANR_1234.pth"

[Epoch 4/5] Training Loss: 1.53068	Elapsed Time: 1,721.22s (0:28:41)
[Epoch 4] [Dev]  MSE: 1.63670, MAE: 1.05577
[Epoch 4] [Test] MSE: 1.63034, MAE: 1.05382

[Epoch 5/5] Training Loss: 1.44997	Elapsed Time: 2,153.31s (0:35:53)
[Epoch 5] [Dev]  MSE: 1.63408, MAE: 1.04527
[Epoch 5] [Test] MSE: 1.62913, MAE: 1.04410
*** The Last MODEL saved to "./__saved_models__/Cell_Phones_and_Accessories - MSANR/Cell_Phones_and_Accessories_MSANR_1234_5.pth"

[Training Loss]
[3.17739, 1.78838, 1.63225, 1.53068, 1.44997]

[Dev MSE]
[1.65964, 1.62034, 1.6165, 1.6367, 1.63408]
[Test MSE]
[1.65174, 1.61123, 1.60729, 1.63034, 1.62913]
[Test MAE]
[1.08135, 1.04594, 1.03815, 1.05382, 1.0441]


Best Dev MSE: 1.61650 (Obtained during Evaluation #3)
Test MSE: 1.60729, Test MAE: 1.03815

End of Program! Elapsed Time: 2,194.13s (0:36:34)
