========================================================================================================================
  ARL_lr: 0.01
  ARL_path: 
  batch_size: 128
  channels_global: 100
  channels_local: 200
  command: -d Cell_Phones_and_Accessories -m MSANR -e 10 -dr 0.9 -WED 300 -p 1 -v 50000 -K 5 -h1 50 -kernel_list 2 3 4 -output_size 50 -rs 1234 -gpu 0 -vb 1 -sm Cell_Phones_and_Accessories_MSANR
  ctx_win_size: 3
  dataset: Cell_Phones_and_Accessories
  disable_initial_eval: 0
  dropout_rate: 0.9
  epochs: 10
  filters_num: 100
  gpu: 0
  h1: 50
  h2: 50
  hidden_size: 500
  input_dir: ./datasets/Cell_Phones_and_Accessories/
  kernel_list: [2, 3, 4]
  L2_reg: 1e-06
  learning_rate: 0.002
  loss_function: MSELoss
  max_doc_len: 500
  max_vis_len: 500
  model: MSANR
  num_aspects: 5
  optimizer: Adam
  out_dir: ./experimental_results/Cell_Phones_and_Accessories - MSANR/
  output_size: 50
  pretrained_src: 1
  random_seed: 1234
  save_model: Cell_Phones_and_Accessories_MSANR
  use_cuda: True
  verbose: 1
  vocab_size: 50000
  word_embed_dim: 300
========================================================================================================================

[INFO] # of Users: 687,583, # of Items: 148,399

Creating model (Selected Model: MSANR)..
[args.use_cuda: True] Model is on the GPU! (args.gpu: 0, torch.cuda.current_device(): 0)
Model created! Elapsed Time: 4.64s (0.08 minute)

Loading uid_userDoc from "./datasets/Cell_Phones_and_Accessories/Cell_Phones_and_Accessories_uid_userDoc.npy"..
uid_userDoc loaded! [uid_userDoc: (687583, 500)]

Loading iid_itemDoc from "./datasets/Cell_Phones_and_Accessories/Cell_Phones_and_Accessories_iid_itemDoc.npy"..
iid_itemDoc loaded! [iid_itemDoc: (148399, 500)]

Loading pretrained word embeddings from "./datasets/Cell_Phones_and_Accessories/Cell_Phones_and_Accessories_wed300_wid_wordEmbed.npy"..
Pretrained word embeddings loaded! [wid_wEmbed: (50002, 300)]

Initialization Complete.. Elapsed Time: 23.73s (0.40 minute)

Train/Dev/Test splits loaded! |TRAIN|: 800,000, |DEV|: 21,045, |TEST|: 21,154
Train/Dev/Test splits loaded! Elapsed Time: 23.98s (0.40 minute)

Performing initial evaluation for VALIDATION set..
[Initial] [Dev]  MSE: 17.78280, MAE: 4.00214

Performing initial evaluation for TESTING set..
[Initial] [Test] MSE: 17.80874, MAE: 4.00719

Initial Evaluation Complete.. Elapsed Time: 38.28s (0.64 minute)

Parameters with L2 Regularization (Regularization Strength: 1e-06):
MSANR_RatingPred.uid_userOffset.weight, MSANR_RatingPred.iid_itemOffset.weight

Optimizer: Adam, Loss Function: MSELoss

Model Size: 433,905,083
# of Trainable Parameters: 913,483
MSANR (
  (uid_userDoc): Embedding(687583, 500), weights = ((687583, 500),), parameters = 343,791,500
  (iid_itemDoc): Embedding(148399, 500), weights = ((148399, 500),), parameters = 74,199,500
  (wid_wEmbed): Embedding(50002, 300), weights = ((50002, 300),), parameters = 15,000,600
  (MSANR_ARL): MSANR_ARL(
    (aspEmbed): ModuleList(
      (0): Embedding(5, 100)
      (1): Embedding(5, 150)
      (2): Embedding(5, 200)
    )
    (filterEmbed): Embedding(5, 50)
    (aspProj): Parameter(5, 300, 50)
  ), weights = ((5, 300, 50), (5, 100), (5, 150), (5, 200), (5, 50)), parameters = 77,500 (Trainable)
  (MSANR_RatingPred): MSANR_RatingPred(
    (userAspRepDropout): Dropout(p=0.9, inplace=False)
    (itemAspRepDropout): Dropout(p=0.9, inplace=False)
    (uid_userOffset): Embedding(687583, 1)
    (iid_itemOffset): Embedding(148399, 1)
    (globalOffset): Parameter(1,)
  ), weights = ((1,), (687583, 1), (148399, 1)), parameters = 835,983 (Trainable)
)
========================================================================================================================

[Epoch 1/10] Training Loss: 2.58623	Elapsed Time: 674.45s (0:11:14)
[Epoch 1] [Dev]  MSE: 1.69963, MAE: 1.11069
[Epoch 1] [Test] MSE: 1.68749, MAE: 1.10637

*** MODEL has obtained the best DEV MSE of 1.69963 so far!
*** The Best MODEL saved to "./__saved_models__/Cell_Phones_and_Accessories - MSANR/Cell_Phones_and_Accessories_MSANR_1234.pth"

[Epoch 2/10] Training Loss: 1.66642	Elapsed Time: 1,365.66s (0:22:45)
[Epoch 2] [Dev]  MSE: 1.66532, MAE: 1.07859
[Epoch 2] [Test] MSE: 1.65820, MAE: 1.07556

*** MODEL has obtained the best DEV MSE of 1.66532 so far!
*** The Best MODEL saved to "./__saved_models__/Cell_Phones_and_Accessories - MSANR/Cell_Phones_and_Accessories_MSANR_1234.pth"

[Epoch 3/10] Training Loss: 4.57514	Elapsed Time: 2,057.06s (0:34:17)
[Epoch 3] [Dev]  MSE: 1.65746, MAE: 1.04670
[Epoch 3] [Test] MSE: 1.64758, MAE: 1.04458

*** MODEL has obtained the best DEV MSE of 1.65746 so far!
*** The Best MODEL saved to "./__saved_models__/Cell_Phones_and_Accessories - MSANR/Cell_Phones_and_Accessories_MSANR_1234.pth"

[Epoch 4/10] Training Loss: 1.46065	Elapsed Time: 2,748.40s (0:45:48)
[Epoch 4] [Dev]  MSE: 1.65093, MAE: 1.04563
[Epoch 4] [Test] MSE: 1.64123, MAE: 1.04310

*** MODEL has obtained the best DEV MSE of 1.65093 so far!
*** The Best MODEL saved to "./__saved_models__/Cell_Phones_and_Accessories - MSANR/Cell_Phones_and_Accessories_MSANR_1234.pth"

[Epoch 5/10] Training Loss: 1.38329	Elapsed Time: 3,439.77s (0:57:19)
[Epoch 5] [Dev]  MSE: 1.67771, MAE: 1.05047
[Epoch 5] [Test] MSE: 1.66961, MAE: 1.04890

[Epoch 6/10] Training Loss: 1.33406	Elapsed Time: 4,131.15s (1:08:51)
[Epoch 6] [Dev]  MSE: 1.66219, MAE: 1.04798
[Epoch 6] [Test] MSE: 1.65721, MAE: 1.04661

[Epoch 7/10] Training Loss: 555.50342	Elapsed Time: 4,822.74s (1:20:22)
[Epoch 7] [Dev]  MSE: 1.68799, MAE: 1.08285
[Epoch 7] [Test] MSE: 1.69150, MAE: 1.08114

[Epoch 8/10] Training Loss: 1.68525	Elapsed Time: 5,514.03s (1:31:54)
[Epoch 8] [Dev]  MSE: 1.65402, MAE: 1.03955
[Epoch 8] [Test] MSE: 1.64957, MAE: 1.03725

[Epoch 9/10] Training Loss: 1.36289	Elapsed Time: 6,205.42s (1:43:25)
[Epoch 9] [Dev]  MSE: 1.68173, MAE: 1.05871
[Epoch 9] [Test] MSE: 1.67687, MAE: 1.05687

[Epoch 10/10] Training Loss: 1.26547	Elapsed Time: 6,896.92s (1:54:56)
[Epoch 10] [Dev]  MSE: 1.70361, MAE: 1.02225
[Epoch 10] [Test] MSE: 1.68944, MAE: 1.02027
*** The Last MODEL saved to "./__saved_models__/Cell_Phones_and_Accessories - MSANR/Cell_Phones_and_Accessories_MSANR_1234_10.pth"

[Training Loss]
[2.58623, 1.66642, 4.57514, 1.46065, 1.38329, 1.33406, 555.50342, 1.68525, 1.36289, 1.26547]

[Dev MSE]
[1.69963, 1.66532, 1.65746, 1.65093, 1.67771, 1.66219, 1.68799, 1.65402, 1.68173, 1.70361]
[Test MSE]
[1.68749, 1.6582, 1.64758, 1.64123, 1.66961, 1.65721, 1.6915, 1.64957, 1.67687, 1.68944]
[Test MAE]
[1.10637, 1.07556, 1.04458, 1.0431, 1.0489, 1.04661, 1.08114, 1.03725, 1.05687, 1.02027]


Best Dev MSE: 1.65093 (Obtained during Evaluation #4)
Test MSE: 1.64123, Test MAE: 1.04310

End of Program! Elapsed Time: 6,948.69s (1:55:48)
