========================================================================================================================
  ARL_lr: 0.01
  ARL_path: 
  batch_size: 128
  channels_global: 100
  channels_local: 200
  command: -d Movies_and_TV -m DeepCoNN -e 10 -dr 0.5 -p 1 -v 50000 -K 5 -h1 10 -h2 50 -filters_num 100 -output_size 50 -rs 1234 -gpu 0 -vb 1 -sm Movies_and_TV_DeepCoNN
  ctx_win_size: 3
  dataset: Movies_and_TV
  disable_initial_eval: 0
  dropout_rate: 0.5
  epochs: 10
  filters_num: 100
  gpu: 0
  h1: 10
  h2: 50
  hidden_size: 500
  input_dir: ./datasets/Movies_and_TV/
  L2_reg: 1e-06
  learning_rate: 0.002
  loss_function: MSELoss
  max_doc_len: 500
  max_vis_len: 500
  model: DeepCoNN
  num_aspects: 5
  optimizer: Adam
  out_dir: ./experimental_results/Movies_and_TV - DeepCoNN/
  output_size: 50
  pretrained_src: 1
  random_seed: 1234
  save_model: Movies_and_TV_DeepCoNN
  use_cuda: True
  verbose: 1
  vocab_size: 50000
  word_embed_dim: 300
========================================================================================================================

[INFO] # of Users: 541,405, # of Items: 106,040

Creating model (Selected Model: DeepCoNN)..
[args.use_cuda: True] Model is on the GPU! (args.gpu: 0, torch.cuda.current_device(): 0)
Model created! Elapsed Time: 3.85s (0.06 minute)

Loading uid_userDoc from "./datasets/Movies_and_TV/Movies_and_TV_uid_userDoc.npy"..
uid_userDoc loaded! [uid_userDoc: (541405, 500)]

Loading iid_itemDoc from "./datasets/Movies_and_TV/Movies_and_TV_iid_itemDoc.npy"..
iid_itemDoc loaded! [iid_itemDoc: (106040, 500)]

Loading pretrained word embeddings from "./datasets/Movies_and_TV/Movies_and_TV_wid_wordEmbed.npy"..
Pretrained word embeddings loaded! [wid_wEmbed: (50002, 300)]

Initialization Complete.. Elapsed Time: 24.68s (0.41 minute)

Train/Dev/Test splits loaded! |TRAIN|: 800,000, |DEV|: 40,918, |TEST|: 41,059
Train/Dev/Test splits loaded! Elapsed Time: 24.94s (0.42 minute)

Performing initial evaluation for VALIDATION set..
[Initial] [Dev]  MSE: 14.96571, MAE: 3.67866

Performing initial evaluation for TESTING set..
[Initial] [Test] MSE: 14.96287, MAE: 3.67715

Initial Evaluation Complete.. Elapsed Time: 31.69s (0.53 minute)

Optimizer: Adam, Loss Function: MSELoss

Model Size: 339,560,846
# of Trainable Parameters: 837,746
DeepCoNN (
  (uid_userDoc): Embedding(541405, 500), weights = ((541405, 500),), parameters = 270,702,500
  (iid_itemDoc): Embedding(106040, 500), weights = ((106040, 500),), parameters = 53,020,000
  (wid_wEmbed): Embedding(50002, 300), weights = ((50002, 300),), parameters = 15,000,600
  (user_CNN): Conv2d(1, 100, kernel_size=(3, 300), stride=(1, 1)), weights = ((100, 1, 3, 300), (100,)), parameters = 90,100 (Trainable)
  (item_CNN): Conv2d(1, 100, kernel_size=(3, 300), stride=(1, 1)), weights = ((100, 1, 3, 300), (100,)), parameters = 90,100 (Trainable)
  (user_fcLayer): Linear(in_features=100, out_features=50, bias=True), weights = ((50, 100), (50,)), parameters = 5,050 (Trainable)
  (item_fcLayer): Linear(in_features=100, out_features=50, bias=True), weights = ((50, 100), (50,)), parameters = 5,050 (Trainable)
  (userDropout): Dropout(p=0.5, inplace=False), weights = (), parameters = 0
  (itemDropout): Dropout(p=0.5, inplace=False), weights = (), parameters = 0
  (DeepCoNN_RatingPred): DeepCoNN_RatingPred(
    (uid_userOffset): Embedding(541405, 1)
    (iid_itemOffset): Embedding(106040, 1)
    (globalOffset): Parameter(1,)
  ), weights = ((1,), (541405, 1), (106040, 1)), parameters = 647,446 (Trainable)
)
========================================================================================================================

[Epoch 1/10] Training Loss: 1.22446	Elapsed Time: 123.43s (0:02:03)
[Epoch 1] [Dev]  MSE: 1.29648, MAE: 0.85856
[Epoch 1] [Test] MSE: 1.31313, MAE: 0.86042

*** MODEL has obtained the best DEV MSE of 1.29648 so far!
*** The Best MODEL saved to "./__saved_models__/Movies_and_TV - DeepCoNN/Movies_and_TV_DeepCoNN_1234.pth"

[Epoch 2/10] Training Loss: 0.81016	Elapsed Time: 253.62s (0:04:13)
[Epoch 2] [Dev]  MSE: 1.25035, MAE: 0.81129
[Epoch 2] [Test] MSE: 1.27139, MAE: 0.81485

*** MODEL has obtained the best DEV MSE of 1.25035 so far!
*** The Best MODEL saved to "./__saved_models__/Movies_and_TV - DeepCoNN/Movies_and_TV_DeepCoNN_1234.pth"

[Epoch 3/10] Training Loss: 0.72281	Elapsed Time: 383.85s (0:06:23)
[Epoch 3] [Dev]  MSE: 1.23936, MAE: 0.82211
[Epoch 3] [Test] MSE: 1.25766, MAE: 0.82578

*** MODEL has obtained the best DEV MSE of 1.23936 so far!
*** The Best MODEL saved to "./__saved_models__/Movies_and_TV - DeepCoNN/Movies_and_TV_DeepCoNN_1234.pth"

[Epoch 4/10] Training Loss: 0.66005	Elapsed Time: 514.08s (0:08:34)
[Epoch 4] [Dev]  MSE: 1.25411, MAE: 0.83518
[Epoch 4] [Test] MSE: 1.27389, MAE: 0.83902

[Epoch 5/10] Training Loss: 0.60986	Elapsed Time: 644.29s (0:10:44)
[Epoch 5] [Dev]  MSE: 1.26939, MAE: 0.81220
[Epoch 5] [Test] MSE: 1.29127, MAE: 0.81680

[Epoch 6/10] Training Loss: 0.56920	Elapsed Time: 774.47s (0:12:54)
[Epoch 6] [Dev]  MSE: 1.28814, MAE: 0.82937
[Epoch 6] [Test] MSE: 1.30742, MAE: 0.83344

[Epoch 7/10] Training Loss: 0.53548	Elapsed Time: 904.69s (0:15:04)
[Epoch 7] [Dev]  MSE: 1.31491, MAE: 0.82702
[Epoch 7] [Test] MSE: 1.33510, MAE: 0.83092

[Epoch 8/10] Training Loss: 0.50565	Elapsed Time: 1,034.93s (0:17:14)
[Epoch 8] [Dev]  MSE: 1.27488, MAE: 0.81268
[Epoch 8] [Test] MSE: 1.29528, MAE: 0.81574

[Epoch 9/10] Training Loss: 0.48047	Elapsed Time: 1,165.16s (0:19:25)
[Epoch 9] [Dev]  MSE: 1.26565, MAE: 0.81271
[Epoch 9] [Test] MSE: 1.28023, MAE: 0.81532

[Epoch 10/10] Training Loss: 0.45886	Elapsed Time: 1,295.37s (0:21:35)
[Epoch 10] [Dev]  MSE: 1.30714, MAE: 0.82481
[Epoch 10] [Test] MSE: 1.32913, MAE: 0.82850
*** The Last MODEL saved to "./__saved_models__/Movies_and_TV - DeepCoNN/Movies_and_TV_DeepCoNN_1234_10.pth"

[Training Loss]
[1.22446, 0.81016, 0.72281, 0.66005, 0.60986, 0.5692, 0.53548, 0.50565, 0.48047, 0.45886]

[Dev MSE]
[1.29648, 1.25035, 1.23936, 1.25411, 1.26939, 1.28814, 1.31491, 1.27488, 1.26565, 1.30714]
[Test MSE]
[1.31313, 1.27139, 1.25766, 1.27389, 1.29127, 1.30742, 1.3351, 1.29528, 1.28023, 1.32913]
[Test MAE]
[0.86042, 0.81485, 0.82578, 0.83902, 0.8168, 0.83344, 0.83092, 0.81574, 0.81532, 0.8285]


Best Dev MSE: 1.23936 (Obtained during Evaluation #3)
Test MSE: 1.25766, Test MAE: 0.82578

End of Program! Elapsed Time: 1,333.71s (0:22:13)
