========================================================================================================================
  ARL_lr: 0.01
  ARL_path: 
  batch_size: 128
  channels_global: 100
  channels_local: 200
  command: -d Sports_and_Outdoors -m MSANR -e 5 -dr 0.9 -WED 300 -p 1 -v 50000 -K 5 -h1 50 -h2 50 -output_size 50 -rs 1234 -gpu 0 -vb 1 -sm Sports_and_Outdoors_MSANR
  ctx_win_size: 3
  dataset: Sports_and_Outdoors
  disable_initial_eval: 0
  dropout_rate: 0.9
  epochs: 5
  filters_num: 100
  gpu: 0
  h1: 50
  h2: 50
  hidden_size: 500
  input_dir: ./datasets/Sports_and_Outdoors/
  L2_reg: 1e-06
  learning_rate: 0.002
  loss_function: MSELoss
  max_doc_len: 500
  max_vis_len: 500
  model: MSANR
  num_aspects: 5
  optimizer: Adam
  out_dir: ./experimental_results/Sports_and_Outdoors - MSANR/
  output_size: 50
  pretrained_src: 1
  random_seed: 1234
  save_model: Sports_and_Outdoors_MSANR
  use_cuda: True
  verbose: 1
  vocab_size: 50000
  word_embed_dim: 300
========================================================================================================================

[INFO] # of Users: 645,026, # of Items: 221,569

Creating model (Selected Model: MSANR)..
[args.use_cuda: True] Model is on the GPU! (args.gpu: 0, torch.cuda.current_device(): 0)
Model created! Elapsed Time: 5.16s (0.09 minute)

Loading uid_userDoc from "./datasets/Sports_and_Outdoors/Sports_and_Outdoors_uid_userDoc.npy"..
uid_userDoc loaded! [uid_userDoc: (645026, 500)]

Loading iid_itemDoc from "./datasets/Sports_and_Outdoors/Sports_and_Outdoors_iid_itemDoc.npy"..
iid_itemDoc loaded! [iid_itemDoc: (221569, 500)]

Loading pretrained word embeddings from "./datasets/Sports_and_Outdoors/Sports_and_Outdoors_wed300_wid_wordEmbed.npy"..
Pretrained word embeddings loaded! [wid_wEmbed: (50002, 300)]

Initialization Complete.. Elapsed Time: 40.46s (0.67 minute)

Train/Dev/Test splits loaded! |TRAIN|: 800,000, |DEV|: 25,665, |TEST|: 25,738
Train/Dev/Test splits loaded! Elapsed Time: 40.83s (0.68 minute)

Performing initial evaluation for VALIDATION set..
[Initial] [Dev]  MSE: 19.72920, MAE: 4.30649

Performing initial evaluation for TESTING set..
[Initial] [Test] MSE: 19.72476, MAE: 4.30694

Initial Evaluation Complete.. Elapsed Time: 65.33s (1.09 minutes)

Parameters with L2 Regularization (Regularization Strength: 1e-06):
MSANR_RatingPred.uid_userOffset.weight, MSANR_RatingPred.iid_itemOffset.weight

Optimizer: Adam, Loss Function: MSELoss

Model Size: 449,243,696
# of Trainable Parameters: 945,596
MSANR (
  (uid_userDoc): Embedding(645026, 500), weights = ((645026, 500),), parameters = 322,513,000
  (iid_itemDoc): Embedding(221569, 500), weights = ((221569, 500),), parameters = 110,784,500
  (wid_wEmbed): Embedding(50002, 300), weights = ((50002, 300),), parameters = 15,000,600
  (MSANR_ARL): MSANR_ARL(
    (aspEmbed): ModuleList(
      (0): Embedding(5, 150)
      (1): Embedding(5, 250)
      (2): Embedding(5, 350)
    )
    (filterEmbed): Embedding(5, 50)
    (aspProj): Parameter(5, 300, 50)
  ), weights = ((5, 300, 50), (5, 150), (5, 250), (5, 350), (5, 50)), parameters = 79,000 (Trainable)
  (MSANR_RatingPred): MSANR_RatingPred(
    (userAspRepDropout): Dropout(p=0.9, inplace=False)
    (itemAspRepDropout): Dropout(p=0.9, inplace=False)
    (uid_userOffset): Embedding(645026, 1)
    (iid_itemOffset): Embedding(221569, 1)
    (globalOffset): Parameter(1,)
  ), weights = ((1,), (645026, 1), (221569, 1)), parameters = 866,596 (Trainable)
)
========================================================================================================================

[Epoch 1/5] Training Loss: 2.29895	Elapsed Time: 771.36s (0:12:51)
[Epoch 1] [Dev]  MSE: 1.13014, MAE: 0.85071
[Epoch 1] [Test] MSE: 1.12464, MAE: 0.85060

*** MODEL has obtained the best DEV MSE of 1.13014 so far!
*** The Best MODEL saved to "./__saved_models__/Sports_and_Outdoors - MSANR/Sports_and_Outdoors_MSANR_1234.pth"

[Epoch 2/5] Training Loss: 2.21019	Elapsed Time: 1,563.78s (0:26:03)
[Epoch 2] [Dev]  MSE: 1.09158, MAE: 0.80670
[Epoch 2] [Test] MSE: 1.08470, MAE: 0.80542

*** MODEL has obtained the best DEV MSE of 1.09158 so far!
*** The Best MODEL saved to "./__saved_models__/Sports_and_Outdoors - MSANR/Sports_and_Outdoors_MSANR_1234.pth"

[Epoch 3/5] Training Loss: 1.20933	Elapsed Time: 2,353.22s (0:39:13)
[Epoch 3] [Dev]  MSE: 1.08264, MAE: 0.77395
[Epoch 3] [Test] MSE: 1.07715, MAE: 0.77305

*** MODEL has obtained the best DEV MSE of 1.08264 so far!
*** The Best MODEL saved to "./__saved_models__/Sports_and_Outdoors - MSANR/Sports_and_Outdoors_MSANR_1234.pth"

[Epoch 4/5] Training Loss: 1.10631	Elapsed Time: 3,141.10s (0:52:21)
[Epoch 4] [Dev]  MSE: 1.08895, MAE: 0.79093
[Epoch 4] [Test] MSE: 1.08484, MAE: 0.79017

[Epoch 5/5] Training Loss: 1.07477	Elapsed Time: 3,928.79s (1:05:28)
[Epoch 5] [Dev]  MSE: 1.09211, MAE: 0.78350
[Epoch 5] [Test] MSE: 1.08864, MAE: 0.78229
*** The Last MODEL saved to "./__saved_models__/Sports_and_Outdoors - MSANR/Sports_and_Outdoors_MSANR_1234_5.pth"

[Training Loss]
[2.29895, 2.21019, 1.20933, 1.10631, 1.07477]

[Dev MSE]
[1.13014, 1.09158, 1.08264, 1.08895, 1.09211]
[Test MSE]
[1.12464, 1.0847, 1.07715, 1.08484, 1.08864]
[Test MAE]
[0.8506, 0.80542, 0.77305, 0.79017, 0.78229]


Best Dev MSE: 1.08264 (Obtained during Evaluation #3)
Test MSE: 1.07715, Test MAE: 0.77305

End of Program! Elapsed Time: 4,013.18s (1:06:53)
