========================================================================================================================
  ARL_lr: 0.01
  ARL_path: Clothing_Shoes_and_Jewelry_ANRS_1337
  batch_size: 128
  channels_global: 100
  channels_local: 200
  command: -d Clothing_Shoes_and_Jewelry -m ANR -e 10 -dr 0.9 -WED 300 -h1 50 -h2 50 -p 1 -v 50000 -rs 1234 -gpu 0 -vb 1 -sm Clothing_Shoes_and_Jewelry_ANR -ARL_path Clothing_Shoes_and_Jewelry_ANRS_1337
  ctx_win_size: 3
  dataset: Clothing_Shoes_and_Jewelry
  disable_initial_eval: 0
  dropout_rate: 0.9
  epochs: 10
  filters_num: 100
  gpu: 0
  h1: 50
  h2: 50
  hidden_size: 500
  input_dir: ./datasets/Clothing_Shoes_and_Jewelry/
  L2_reg: 1e-06
  learning_rate: 0.002
  loss_function: MSELoss
  max_doc_len: 500
  max_vis_len: 500
  model: ANR
  num_aspects: 5
  optimizer: Adam
  out_dir: ./experimental_results/Clothing_Shoes_and_Jewelry - ANR/
  output_size: 50
  pretrained_src: 1
  random_seed: 1234
  save_model: Clothing_Shoes_and_Jewelry_ANR
  use_cuda: True
  verbose: 1
  vocab_size: 50000
  word_embed_dim: 300
========================================================================================================================

[INFO] # of Users: 669,835, # of Items: 335,585

Creating model (Selected Model: ANR)..
[args.use_cuda: True] Model is on the GPU! (args.gpu: 0, torch.cuda.current_device(): 0)
Model created! Elapsed Time: 5.25s (0.09 minute)

Loading uid_userDoc from "./datasets/Clothing_Shoes_and_Jewelry/Clothing_Shoes_and_Jewelry_uid_userDoc.npy"..
uid_userDoc loaded! [uid_userDoc: (669835, 500)]

Loading iid_itemDoc from "./datasets/Clothing_Shoes_and_Jewelry/Clothing_Shoes_and_Jewelry_iid_itemDoc.npy"..
iid_itemDoc loaded! [iid_itemDoc: (335585, 500)]

Loading pretrained word embeddings from "./datasets/Clothing_Shoes_and_Jewelry/Clothing_Shoes_and_Jewelry_wed300_wid_wordEmbed.npy"..
Pretrained word embeddings loaded! [wid_wEmbed: (50002, 300)]

Loading pretrained ARL weights of "ANR" for dataset "Clothing_Shoes_and_Jewelry" from "./__saved_models__/Clothing_Shoes_and_Jewelry - ANRS/Clothing_Shoes_and_Jewelry_ANRS_1337.pth"!
Loading pretrained ARL weights on GPU "0"!

Loaded pretrained model states:

	shared_ANR_ARL.aspProj
	shared_ANR_ARL.aspEmbed.weight

Pretrained model states transferred to current model!

*** "shared_ANR_ARL.aspProj, shared_ANR_ARL.aspEmbed.weight" are FINE-TUNED!! ***


Initialization Complete.. Elapsed Time: 41.44s (0.69 minute)

Train/Dev/Test splits loaded! |TRAIN|: 800,000, |DEV|: 17,754, |TEST|: 17,846
Train/Dev/Test splits loaded! Elapsed Time: 41.73s (0.70 minute)

Performing initial evaluation for VALIDATION set..
[Initial] [Dev]  MSE: 19.15670, MAE: 4.22561

Performing initial evaluation for TESTING set..
[Initial] [Test] MSE: 19.23944, MAE: 4.23683

Initial Evaluation Complete.. Elapsed Time: 46.27s (0.77 minute)

Parameters that are fine-tuned using a smaller LR (LR: 2e-05):
shared_ANR_ARL.aspProj, shared_ANR_ARL.aspEmbed.weight

Parameters with L2 Regularization (Regularization Strength: 1e-06):
ANR_RatingPred.uid_userOffset.weight, ANR_RatingPred.iid_itemOffset.weight

Optimizer: Adam, Loss Function: MSELoss

Model Size: 518,799,371
# of Trainable Parameters: 1,088,771
ANR (
  (uid_userDoc): Embedding(669835, 500), weights = ((669835, 500),), parameters = 334,917,500
  (iid_itemDoc): Embedding(335585, 500), weights = ((335585, 500),), parameters = 167,792,500
  (wid_wEmbed): Embedding(50002, 300), weights = ((50002, 300),), parameters = 15,000,600
  (shared_ANR_ARL): ANR_ARL(
    (aspEmbed): Embedding(5, 150)
    (aspProj): Parameter(5, 300, 50)
  ), weights = ((5, 300, 50), (5, 150)), parameters = 75,750 (Trainable)
  (ANR_AIE): ANR_AIE(  (W_a): Parameter(50, 50)
    (W_u): Parameter(50, 50)
    (w_hu): Parameter(50, 1)
    (W_i): Parameter(50, 50)
    (w_hi): Parameter(50, 1)
  ), weights = ((50, 50), (50, 50), (50, 1), (50, 50), (50, 1)), parameters = 7,600 (Trainable)
  (ANR_RatingPred): ANR_RatingPred(
    (userAspRepDropout): Dropout(p=0.9, inplace=False)
    (itemAspRepDropout): Dropout(p=0.9, inplace=False)
    (uid_userOffset): Embedding(669835, 1)
    (iid_itemOffset): Embedding(335585, 1)
    (globalOffset): Parameter(1,)
  ), weights = ((1,), (669835, 1), (335585, 1)), parameters = 1,005,421 (Trainable)
)
========================================================================================================================

[Epoch 1/10] Training Loss: 3.70953	Elapsed Time: 235.62s (0:03:55)
[Epoch 1] [Dev]  MSE: 1.25503, MAE: 0.88987
[Epoch 1] [Test] MSE: 1.24442, MAE: 0.88653

*** MODEL has obtained the best DEV MSE of 1.25503 so far!
*** The Best MODEL saved to "./__saved_models__/Clothing_Shoes_and_Jewelry - ANR/Clothing_Shoes_and_Jewelry_ANR_1234.pth"

[Epoch 2/10] Training Loss: 1.34836	Elapsed Time: 475.94s (0:07:55)
[Epoch 2] [Dev]  MSE: 1.22071, MAE: 0.86885
[Epoch 2] [Test] MSE: 1.20823, MAE: 0.86472

*** MODEL has obtained the best DEV MSE of 1.22071 so far!
*** The Best MODEL saved to "./__saved_models__/Clothing_Shoes_and_Jewelry - ANR/Clothing_Shoes_and_Jewelry_ANR_1234.pth"

[Epoch 3/10] Training Loss: 1.20844	Elapsed Time: 716.24s (0:11:56)
[Epoch 3] [Dev]  MSE: 1.21643, MAE: 0.85863
[Epoch 3] [Test] MSE: 1.20103, MAE: 0.85244

*** MODEL has obtained the best DEV MSE of 1.21643 so far!
*** The Best MODEL saved to "./__saved_models__/Clothing_Shoes_and_Jewelry - ANR/Clothing_Shoes_and_Jewelry_ANR_1234.pth"

[Epoch 4/10] Training Loss: 1.11834	Elapsed Time: 956.59s (0:15:56)
[Epoch 4] [Dev]  MSE: 1.22145, MAE: 0.85244
[Epoch 4] [Test] MSE: 1.20505, MAE: 0.84572

[Epoch 5/10] Training Loss: 1.05851	Elapsed Time: 1,196.86s (0:19:56)
[Epoch 5] [Dev]  MSE: 1.23040, MAE: 0.85380
[Epoch 5] [Test] MSE: 1.21246, MAE: 0.84618

[Epoch 6/10] Training Loss: 1.01686	Elapsed Time: 1,437.14s (0:23:57)
[Epoch 6] [Dev]  MSE: 1.23898, MAE: 0.85358
[Epoch 6] [Test] MSE: 1.21902, MAE: 0.84460

[Epoch 7/10] Training Loss: 0.98656	Elapsed Time: 1,677.35s (0:27:57)
[Epoch 7] [Dev]  MSE: 1.24501, MAE: 0.85526
[Epoch 7] [Test] MSE: 1.22376, MAE: 0.84587

[Epoch 8/10] Training Loss: 0.96438	Elapsed Time: 1,917.63s (0:31:57)
[Epoch 8] [Dev]  MSE: 1.24921, MAE: 0.85718
[Epoch 8] [Test] MSE: 1.22846, MAE: 0.84845

[Epoch 9/10] Training Loss: 0.94790	Elapsed Time: 2,157.93s (0:35:57)
[Epoch 9] [Dev]  MSE: 1.25427, MAE: 0.85352
[Epoch 9] [Test] MSE: 1.23405, MAE: 0.84449

[Epoch 10/10] Training Loss: 0.93545	Elapsed Time: 2,398.24s (0:39:58)
[Epoch 10] [Dev]  MSE: 1.25825, MAE: 0.85878
[Epoch 10] [Test] MSE: 1.23830, MAE: 0.85029
*** The Last MODEL saved to "./__saved_models__/Clothing_Shoes_and_Jewelry - ANR/Clothing_Shoes_and_Jewelry_ANR_1234_10.pth"

[Training Loss]
[3.70953, 1.34836, 1.20844, 1.11834, 1.05851, 1.01686, 0.98656, 0.96438, 0.9479, 0.93545]

[Dev MSE]
[1.25503, 1.22071, 1.21643, 1.22145, 1.2304, 1.23898, 1.24501, 1.24921, 1.25427, 1.25825]
[Test MSE]
[1.24442, 1.20823, 1.20103, 1.20505, 1.21246, 1.21902, 1.22376, 1.22846, 1.23405, 1.2383]
[Test MAE]
[0.88653, 0.86472, 0.85244, 0.84572, 0.84618, 0.8446, 0.84587, 0.84845, 0.84449, 0.85029]


Best Dev MSE: 1.21643 (Obtained during Evaluation #3)
Test MSE: 1.20103, Test MAE: 0.85244

End of Program! Elapsed Time: 2,448.92s (0:40:48)
