========================================================================================================================
  ARL_lr: 0.01
  ARL_path: 
  batch_size: 128
  channels_global: 10
  channels_local: 10
  command: -d Kindle_Store -m VANRA -e 15 -dr 0.9 -p 1 -v 50000 -K 5 -h1 10 -h2 50 -c_local 10 -c_global 10 -hiden_size 100 -output_size 50 -rs 1234 -gpu 0 -vb 1 -sm Kindle_Store_VANRA
  ctx_win_size: 3
  dataset: Kindle_Store
  disable_initial_eval: 0
  dropout_rate: 0.9
  epochs: 15
  gpu: 0
  h1: 10
  h2: 50
  hidden_size: 100
  input_dir: ./datasets/Kindle_Store/
  L2_reg: 1e-06
  learning_rate: 0.002
  loss_function: MSELoss
  max_doc_len: 500
  max_vis_len: 500
  model: VANRA
  num_aspects: 5
  optimizer: Adam
  out_dir: ./experimental_results/Kindle_Store - VANRA/
  output_size: 50
  pretrained_src: 1
  random_seed: 1234
  save_model: Kindle_Store_VANRA
  use_cuda: True
  verbose: 1
  vocab_size: 50000
  word_embed_dim: 300
========================================================================================================================

[INFO] # of Users: 488,920, # of Items: 232,137

Creating model (Selected Model: VANRA)..
[args.use_cuda: True] Model is on the GPU! (args.gpu: 0, torch.cuda.current_device(): 0)
Model created! Elapsed Time: 7.02s (0.12 minute)

Loading uid_userDoc from "./datasets/Kindle_Store/Kindle_Store_uid_userDoc.npy"..
uid_userDoc loaded! [uid_userDoc: (488920, 500)]

Loading iid_itemDoc from "./datasets/Kindle_Store/Kindle_Store_iid_itemDoc.npy"..
iid_itemDoc loaded! [iid_itemDoc: (232137, 500)]

Loading pretrained word embeddings from "./datasets/Kindle_Store/Kindle_Store_wid_wordEmbed.npy"..
Pretrained word embeddings loaded! [wid_wEmbed: (50002, 300)]

Loading uid_userVis from "./datasets/Kindle_Store/Kindle_Store_uid_userVis.npy"..
uid_userVis loaded! [uid_userVis: (488920, 500)]

Loading iid_itemVis from "./datasets/Kindle_Store/Kindle_Store_iid_itemVis.npy"..
iid_itemVis loaded! [iid_itemVis: (232137, 500)]

Initialization Complete.. Elapsed Time: 45.42s (0.76 minute)

Train/Dev/Test splits loaded! |TRAIN|: 800,000, |DEV|: 43,894, |TEST|: 43,882
Train/Dev/Test splits loaded! Elapsed Time: 45.68s (0.76 minute)

Performing initial evaluation for VALIDATION set..
[Initial] [Dev]  MSE: 19.31656, MAE: 4.27658

Performing initial evaluation for TESTING set..
[Initial] [Test] MSE: 19.37105, MAE: 4.28333

Initial Evaluation Complete.. Elapsed Time: 53.61s (0.89 minute)

Parameters with L2 Regularization (Regularization Strength: 1e-06):
VANRA_RatingPred.uid_userOffset.weight, VANRA_RatingPred.iid_itemOffset.weight

Optimizer: Adam, Loss Function: MSELoss

Model Size: 736,905,316
# of Trainable Parameters: 847,716
VANRA (
  (uid_userDoc): Embedding(488920, 500), weights = ((488920, 500),), parameters = 244,460,000
  (iid_itemDoc): Embedding(232137, 500), weights = ((232137, 500),), parameters = 116,068,500
  (wid_wEmbed): Embedding(50002, 300), weights = ((50002, 300),), parameters = 15,000,600
  (uid_userVis): Embedding(488920, 500), weights = ((488920, 500),), parameters = 244,460,000
  (iid_itemVis): Embedding(232137, 500), weights = ((232137, 500),), parameters = 116,068,500
  (shared_ANR_ARL): ANR_ARL(
    (aspEmbed): Embedding(5, 30)
    (aspProj): Parameter(5, 300, 10)
  ), weights = ((5, 300, 10), (5, 30)), parameters = 15,150 (Trainable)
  (ANR_AIE): ANR_AIE(  (W_a): Parameter(10, 10)
    (W_u): Parameter(50, 10)
    (w_hu): Parameter(50, 1)
    (W_i): Parameter(50, 10)
    (w_hi): Parameter(50, 1)
  ), weights = ((10, 10), (50, 10), (50, 1), (50, 10), (50, 1)), parameters = 1,200 (Trainable)
  (VANRA_VRL): VANRA_VRL(
    (localAttentionLayer_user): LocalAttention(
      (attention_layer): Sequential(
        (0): Conv2d(1, 1, kernel_size=(3, 1), stride=(1, 1))
        (1): Softmax(dim=2)
      )
      (fcLayer): Sequential(
        (0): Linear(in_features=500, out_features=100, bias=True)
        (1): Dropout(p=0.9, inplace=False)
        (2): ReLU()
        (3): Linear(in_features=100, out_features=50, bias=True)
      )
    )
    (localAttentionLayer_item): LocalAttention(
      (attention_layer): Sequential(
        (0): Conv2d(1, 1, kernel_size=(3, 1), stride=(1, 1))
        (1): Softmax(dim=2)
      )
      (fcLayer): Sequential(
        (0): Linear(in_features=500, out_features=100, bias=True)
        (1): Dropout(p=0.9, inplace=False)
        (2): ReLU()
        (3): Linear(in_features=100, out_features=50, bias=True)
      )
    )
  ), weights = ((1, 1, 3, 1), (1,), (100, 500), (100,), (50, 100), (50,), (1, 1, 3, 1), (1,), (100, 500), (100,), (50, 100), (50,)), parameters = 110,308 (Trainable)
  (VANRA_RatingPred): VANRA_RatingPred(
    (userAspRepDropout): Dropout(p=0.9, inplace=False)
    (itemAspRepDropout): Dropout(p=0.9, inplace=False)
    (uid_userOffset): Embedding(488920, 1)
    (iid_itemOffset): Embedding(232137, 1)
    (globalOffset): Parameter(1,)
  ), weights = ((1,), (488920, 1), (232137, 1)), parameters = 721,058 (Trainable)
)
========================================================================================================================

[Epoch 1/15] Training Loss: 1.39130	Elapsed Time: 168.09s (0:02:48)
[Epoch 1] [Dev]  MSE: 0.86197, MAE: 0.70009
[Epoch 1] [Test] MSE: 0.86013, MAE: 0.70161

*** MODEL has obtained the best DEV MSE of 0.86197 so far!
*** The Best MODEL saved to "./__saved_models__/Kindle_Store - VANRA/Kindle_Store_VANRA_1234.pth"

[Epoch 2/15] Training Loss: 1.01885	Elapsed Time: 343.34s (0:05:43)
[Epoch 2] [Dev]  MSE: 0.81887, MAE: 0.66069
[Epoch 2] [Test] MSE: 0.81709, MAE: 0.66162

*** MODEL has obtained the best DEV MSE of 0.81887 so far!
*** The Best MODEL saved to "./__saved_models__/Kindle_Store - VANRA/Kindle_Store_VANRA_1234.pth"

[Epoch 3/15] Training Loss: 0.91296	Elapsed Time: 518.70s (0:08:38)
[Epoch 3] [Dev]  MSE: 0.81393, MAE: 0.68383
[Epoch 3] [Test] MSE: 0.81283, MAE: 0.68517

*** MODEL has obtained the best DEV MSE of 0.81393 so far!
*** The Best MODEL saved to "./__saved_models__/Kindle_Store - VANRA/Kindle_Store_VANRA_1234.pth"

[Epoch 4/15] Training Loss: 0.84616	Elapsed Time: 694.00s (0:11:34)
[Epoch 4] [Dev]  MSE: 0.80161, MAE: 0.66118
[Epoch 4] [Test] MSE: 0.79928, MAE: 0.66161

*** MODEL has obtained the best DEV MSE of 0.80161 so far!
*** The Best MODEL saved to "./__saved_models__/Kindle_Store - VANRA/Kindle_Store_VANRA_1234.pth"

[Epoch 5/15] Training Loss: 0.80147	Elapsed Time: 869.32s (0:14:29)
[Epoch 5] [Dev]  MSE: 0.80401, MAE: 0.66833
[Epoch 5] [Test] MSE: 0.80225, MAE: 0.66948

[Epoch 6/15] Training Loss: 0.77057	Elapsed Time: 1,044.64s (0:17:24)
[Epoch 6] [Dev]  MSE: 0.80075, MAE: 0.65169
[Epoch 6] [Test] MSE: 0.79877, MAE: 0.65273

*** MODEL has obtained the best DEV MSE of 0.80075 so far!
*** The Best MODEL saved to "./__saved_models__/Kindle_Store - VANRA/Kindle_Store_VANRA_1234.pth"

[Epoch 7/15] Training Loss: 0.74977	Elapsed Time: 1,219.82s (0:20:19)
[Epoch 7] [Dev]  MSE: 0.80180, MAE: 0.65399
[Epoch 7] [Test] MSE: 0.80047, MAE: 0.65518

[Epoch 8/15] Training Loss: 0.73374	Elapsed Time: 1,395.06s (0:23:15)
[Epoch 8] [Dev]  MSE: 0.80524, MAE: 0.64700
[Epoch 8] [Test] MSE: 0.80350, MAE: 0.64779

[Epoch 9/15] Training Loss: 0.72104	Elapsed Time: 1,570.25s (0:26:10)
[Epoch 9] [Dev]  MSE: 0.80766, MAE: 0.66138
[Epoch 9] [Test] MSE: 0.80492, MAE: 0.66213

[Epoch 10/15] Training Loss: 0.71235	Elapsed Time: 1,745.48s (0:29:05)
[Epoch 10] [Dev]  MSE: 0.80796, MAE: 0.65139
[Epoch 10] [Test] MSE: 0.80523, MAE: 0.65194

[Epoch 11/15] Training Loss: 0.70572	Elapsed Time: 1,920.66s (0:32:00)
[Epoch 11] [Dev]  MSE: 0.81314, MAE: 0.64655
[Epoch 11] [Test] MSE: 0.80843, MAE: 0.64640

[Epoch 12/15] Training Loss: 0.70125	Elapsed Time: 2,095.93s (0:34:55)
[Epoch 12] [Dev]  MSE: 0.81281, MAE: 0.66282
[Epoch 12] [Test] MSE: 0.80803, MAE: 0.66267

[Epoch 13/15] Training Loss: 0.72919	Elapsed Time: 2,271.12s (0:37:51)
[Epoch 13] [Dev]  MSE: 0.81225, MAE: 0.65747
[Epoch 13] [Test] MSE: 0.80816, MAE: 0.65740

[Epoch 14/15] Training Loss: 0.69317	Elapsed Time: 2,446.40s (0:40:46)
[Epoch 14] [Dev]  MSE: 0.81275, MAE: 0.65151
[Epoch 14] [Test] MSE: 0.80946, MAE: 0.65188

[Epoch 15/15] Training Loss: 0.69099	Elapsed Time: 2,621.59s (0:43:41)
[Epoch 15] [Dev]  MSE: 0.81362, MAE: 0.65309
[Epoch 15] [Test] MSE: 0.80945, MAE: 0.65328
*** The Last MODEL saved to "./__saved_models__/Kindle_Store - VANRA/Kindle_Store_VANRA_1234_15.pth"

[Training Loss]
[1.3913, 1.01885, 0.91296, 0.84616, 0.80147, 0.77057, 0.74977, 0.73374, 0.72104, 0.71235, 0.70572, 0.70125, 0.72919, 0.69317, 0.69099]

[Dev MSE]
[0.86197, 0.81887, 0.81393, 0.80161, 0.80401, 0.80075, 0.8018, 0.80524, 0.80766, 0.80796, 0.81314, 0.81281, 0.81225, 0.81275, 0.81362]
[Test MSE]
[0.86013, 0.81709, 0.81283, 0.79928, 0.80225, 0.79877, 0.80047, 0.8035, 0.80492, 0.80523, 0.80843, 0.80803, 0.80816, 0.80946, 0.80945]
[Test MAE]
[0.70161, 0.66162, 0.68517, 0.66161, 0.66948, 0.65273, 0.65518, 0.64779, 0.66213, 0.65194, 0.6464, 0.66267, 0.6574, 0.65188, 0.65328]


Best Dev MSE: 0.80075 (Obtained during Evaluation #6)
Test MSE: 0.79877, Test MAE: 0.65273

End of Program! Elapsed Time: 2,682.16s (0:44:42)
