========================================================================================================================
  ARL_lr: 0.01
  ARL_path: 
  batch_size: 128
  channels_global: 100
  channels_local: 200
  command: -d Patio_Lawn_and_Garden -m DAttn -e 10 -p 1 -v 50000 -K 5 -h1 10 -h2 50 -WED 100 -c_local 200 -c_global 100 -hiden_size 500 -output_size 50 -rs 1234 -gpu 0 -vb 1 -sm Patio_Lawn_and_Garden_DAttn
  ctx_win_size: 3
  dataset: Patio_Lawn_and_Garden
  disable_initial_eval: 0
  dropout_rate: 0.5
  epochs: 10
  filters_num: 100
  gpu: 0
  h1: 10
  h2: 50
  hidden_size: 500
  input_dir: ./datasets/Patio_Lawn_and_Garden/
  L2_reg: 1e-06
  learning_rate: 0.002
  loss_function: MSELoss
  max_doc_len: 500
  max_vis_len: 500
  model: DAttn
  num_aspects: 5
  optimizer: Adam
  out_dir: ./experimental_results/Patio_Lawn_and_Garden - DAttn/
  output_size: 50
  pretrained_src: 1
  random_seed: 1234
  save_model: Patio_Lawn_and_Garden_DAttn
  use_cuda: True
  verbose: 1
  vocab_size: 50000
  word_embed_dim: 100
========================================================================================================================

[INFO] # of Users: 584,107, # of Items: 95,030

Creating model (Selected Model: DAttn)..
[args.use_cuda: True] Model is on the GPU! (args.gpu: 0, torch.cuda.current_device(): 0)
Model created! Elapsed Time: 3.98s (0.07 minute)

Loading uid_userDoc from "./datasets/Patio_Lawn_and_Garden/Patio_Lawn_and_Garden_uid_userDoc.npy"..
uid_userDoc loaded! [uid_userDoc: (584107, 500)]

Loading iid_itemDoc from "./datasets/Patio_Lawn_and_Garden/Patio_Lawn_and_Garden_iid_itemDoc.npy"..
iid_itemDoc loaded! [iid_itemDoc: (95030, 500)]

Loading pretrained word embeddings from "./datasets/Patio_Lawn_and_Garden/Patio_Lawn_and_Garden_wed100_wid_wordEmbed.npy"..
Pretrained word embeddings loaded! [wid_wEmbed: (50002, 100)]

Initialization Complete.. Elapsed Time: 26.44s (0.44 minute)

Train/Dev/Test splits loaded! |TRAIN|: 775,805, |DEV|: 34,584, |TEST|: 34,718
Train/Dev/Test splits loaded! Elapsed Time: 26.70s (0.45 minute)

Performing initial evaluation for VALIDATION set..
[Initial] [Dev]  MSE: 18.78314, MAE: 4.13873

Performing initial evaluation for TESTING set..
[Initial] [Test] MSE: 18.64487, MAE: 4.11981

Initial Evaluation Complete.. Elapsed Time: 42.41s (0.71 minute)

Optimizer: Adam, Loss Function: MSELoss

Model Size: 346,120,542
# of Trainable Parameters: 1,551,842
DAttn (
  (uid_userDoc): Embedding(584107, 500), weights = ((584107, 500),), parameters = 292,053,500
  (iid_itemDoc): Embedding(95030, 500), weights = ((95030, 500),), parameters = 47,515,000
  (wid_wEmbed): Embedding(50002, 100), weights = ((50002, 100),), parameters = 5,000,200
  (user_net): Net(
    (localAttentionLayer): LocalAttention(
      (attention_layer): Sequential(
        (0): Conv2d(1, 1, kernel_size=(3, 100), stride=(1, 1), padding=(1, 0))
        (1): Sigmoid()
      )
      (cnn): Sequential(
        (0): Conv2d(1, 200, kernel_size=(1, 100), stride=(1, 1))
        (1): Tanh()
      )
    )
    (globalAttentionLayer): GlobalAttention(
      (attention_layer): Sequential(
        (0): Conv2d(1, 1, kernel_size=(500, 100), stride=(1, 1))
        (1): Sigmoid()
      )
      (convs): ModuleList(
        (0): Conv2d(1, 100, kernel_size=(2, 100), stride=(1, 1))
        (1): Conv2d(1, 100, kernel_size=(3, 100), stride=(1, 1))
        (2): Conv2d(1, 100, kernel_size=(4, 100), stride=(1, 1))
      )
    )
    (fcLayer): Sequential(
      (0): Linear(in_features=500, out_features=500, bias=True)
      (1): Dropout(p=0.5, inplace=False)
      (2): ReLU()
      (3): Linear(in_features=500, out_features=50, bias=True)
    )
    (dropout): Dropout(p=0.5, inplace=False)
  ), weights = ((1, 1, 3, 100), (1,), (200, 1, 1, 100), (200,), (1, 1, 500, 100), (1,), (100, 1, 2, 100), (100,), (100, 1, 3, 100), (100,), (100, 1, 4, 100), (100,), (500, 500), (500,), (50, 500), (50,)), parameters = 436,352 (Trainable)
  (item_net): Net(
    (localAttentionLayer): LocalAttention(
      (attention_layer): Sequential(
        (0): Conv2d(1, 1, kernel_size=(3, 100), stride=(1, 1), padding=(1, 0))
        (1): Sigmoid()
      )
      (cnn): Sequential(
        (0): Conv2d(1, 200, kernel_size=(1, 100), stride=(1, 1))
        (1): Tanh()
      )
    )
    (globalAttentionLayer): GlobalAttention(
      (attention_layer): Sequential(
        (0): Conv2d(1, 1, kernel_size=(500, 100), stride=(1, 1))
        (1): Sigmoid()
      )
      (convs): ModuleList(
        (0): Conv2d(1, 100, kernel_size=(2, 100), stride=(1, 1))
        (1): Conv2d(1, 100, kernel_size=(3, 100), stride=(1, 1))
        (2): Conv2d(1, 100, kernel_size=(4, 100), stride=(1, 1))
      )
    )
    (fcLayer): Sequential(
      (0): Linear(in_features=500, out_features=500, bias=True)
      (1): Dropout(p=0.5, inplace=False)
      (2): ReLU()
      (3): Linear(in_features=500, out_features=50, bias=True)
    )
    (dropout): Dropout(p=0.5, inplace=False)
  ), weights = ((1, 1, 3, 100), (1,), (200, 1, 1, 100), (200,), (1, 1, 500, 100), (1,), (100, 1, 2, 100), (100,), (100, 1, 3, 100), (100,), (100, 1, 4, 100), (100,), (500, 500), (500,), (50, 500), (50,)), parameters = 436,352 (Trainable)
  (DAttn_RatingPred): DAttn_RatingPred(
    (uid_userOffset): Embedding(584107, 1)
    (iid_itemOffset): Embedding(95030, 1)
    (globalOffset): Parameter(1,)
  ), weights = ((1,), (584107, 1), (95030, 1)), parameters = 679,138 (Trainable)
)
========================================================================================================================

[Epoch 1/10] Training Loss: 1.22887	Elapsed Time: 591.34s (0:09:51)
[Epoch 1] [Dev]  MSE: 1.63481, MAE: 0.96403
[Epoch 1] [Test] MSE: 1.64689, MAE: 0.96686

*** MODEL has obtained the best DEV MSE of 1.63481 so far!
*** The Best MODEL saved to "./__saved_models__/Patio_Lawn_and_Garden - DAttn/Patio_Lawn_and_Garden_DAttn_1234.pth"

[Epoch 2/10] Training Loss: 0.95898	Elapsed Time: 1,198.31s (0:19:58)
[Epoch 2] [Dev]  MSE: 1.64513, MAE: 0.96208
[Epoch 2] [Test] MSE: 1.65200, MAE: 0.96269

[Epoch 3/10] Training Loss: 0.85206	Elapsed Time: 1,805.39s (0:30:05)
[Epoch 3] [Dev]  MSE: 1.58801, MAE: 0.90396
[Epoch 3] [Test] MSE: 1.60644, MAE: 0.90929

*** MODEL has obtained the best DEV MSE of 1.58801 so far!
*** The Best MODEL saved to "./__saved_models__/Patio_Lawn_and_Garden - DAttn/Patio_Lawn_and_Garden_DAttn_1234.pth"

[Epoch 4/10] Training Loss: 0.76805	Elapsed Time: 2,412.53s (0:40:12)
[Epoch 4] [Dev]  MSE: 1.60779, MAE: 0.93306
[Epoch 4] [Test] MSE: 1.61799, MAE: 0.93579

[Epoch 5/10] Training Loss: 0.70389	Elapsed Time: 3,019.56s (0:50:19)
[Epoch 5] [Dev]  MSE: 1.59563, MAE: 0.91624
[Epoch 5] [Test] MSE: 1.60763, MAE: 0.91872

[Epoch 6/10] Training Loss: 0.65223	Elapsed Time: 3,626.56s (1:00:26)
[Epoch 6] [Dev]  MSE: 1.64432, MAE: 0.91141
[Epoch 6] [Test] MSE: 1.65663, MAE: 0.91540

[Epoch 7/10] Training Loss: 0.60540	Elapsed Time: 4,233.58s (1:10:33)
[Epoch 7] [Dev]  MSE: 1.61462, MAE: 0.91580
[Epoch 7] [Test] MSE: 1.62281, MAE: 0.91812

[Epoch 8/10] Training Loss: 0.56513	Elapsed Time: 4,840.71s (1:20:40)
[Epoch 8] [Dev]  MSE: 1.63328, MAE: 0.92115
[Epoch 8] [Test] MSE: 1.64817, MAE: 0.92523

[Epoch 9/10] Training Loss: 0.53089	Elapsed Time: 5,447.70s (1:30:47)
[Epoch 9] [Dev]  MSE: 1.60524, MAE: 0.90834
[Epoch 9] [Test] MSE: 1.62438, MAE: 0.91477

[Epoch 10/10] Training Loss: 0.50150	Elapsed Time: 6,054.57s (1:40:54)
[Epoch 10] [Dev]  MSE: 1.69074, MAE: 0.93215
[Epoch 10] [Test] MSE: 1.70584, MAE: 0.93639
*** The Last MODEL saved to "./__saved_models__/Patio_Lawn_and_Garden - DAttn/Patio_Lawn_and_Garden_DAttn_1234_10.pth"

[Training Loss]
[1.22887, 0.95898, 0.85206, 0.76805, 0.70389, 0.65223, 0.6054, 0.56513, 0.53089, 0.5015]

[Dev MSE]
[1.63481, 1.64513, 1.58801, 1.60779, 1.59563, 1.64432, 1.61462, 1.63328, 1.60524, 1.69074]
[Test MSE]
[1.64689, 1.652, 1.60644, 1.61799, 1.60763, 1.65663, 1.62281, 1.64817, 1.62438, 1.70584]
[Test MAE]
[0.96686, 0.96269, 0.90929, 0.93579, 0.91872, 0.9154, 0.91812, 0.92523, 0.91477, 0.93639]


Best Dev MSE: 1.58801 (Obtained during Evaluation #3)
Test MSE: 1.60644, Test MAE: 0.90929

End of Program! Elapsed Time: 6,112.60s (1:41:52)
