========================================================================================================================
  ARL_lr: 0.01
  ARL_path: 
  batch_size: 128
  channels_global: 100
  channels_local: 200
  command: -d Small_Clothing -m MSANR -e 10 -dr 0.9 -WED 300 -K 1 -h1 50 -h2 50 -p 1 -v 43947 -rs 1337 -gpu 0 -vb 1 -sm Small_Clothing_MSANR
  ctx_win_size: 3
  dataset: Small_Clothing
  disable_initial_eval: 0
  dropout_rate: 0.9
  epochs: 10
  filters_num: 100
  gpu: 0
  h1: 50
  h2: 50
  hidden_size: 500
  input_dir: ./datasets/Small_Clothing/
  L2_reg: 1e-06
  learning_rate: 0.002
  loss_function: MSELoss
  max_doc_len: 500
  max_vis_len: 500
  model: MSANR
  num_aspects: 1
  optimizer: Adam
  out_dir: ./experimental_results/Small_Clothing - MSANR/
  output_size: 50
  pretrained_src: 1
  random_seed: 1337
  save_model: Small_Clothing_MSANR
  use_cuda: True
  verbose: 1
  vocab_size: 43947
  word_embed_dim: 300
========================================================================================================================

[INFO] # of Users: 77,930, # of Items: 59,172

Creating model (Selected Model: MSANR)..
[args.use_cuda: True] Model is on the GPU! (args.gpu: 0, torch.cuda.current_device(): 0)
Model created! Elapsed Time: 1.91s (0.03 minute)

Loading uid_userDoc from "./datasets/Small_Clothing/Small_Clothing_uid_userDoc.npy"..
uid_userDoc loaded! [uid_userDoc: (77930, 500)]

Loading iid_itemDoc from "./datasets/Small_Clothing/Small_Clothing_iid_itemDoc.npy"..
iid_itemDoc loaded! [iid_itemDoc: (59172, 500)]

Loading pretrained word embeddings from "./datasets/Small_Clothing/Small_Clothing_wed300_wid_wordEmbed.npy"..
Pretrained word embeddings loaded! [wid_wEmbed: (43949, 300)]

Initialization Complete.. Elapsed Time: 2.17s (0.04 minute)

Train/Dev/Test splits loaded! |TRAIN|: 80,000, |DEV|: 150, |TEST|: 166
Train/Dev/Test splits loaded! Elapsed Time: 2.19s (0.04 minute)

Performing initial evaluation for VALIDATION set..
[Initial] [Dev]  MSE: 19.06667, MAE: 4.24000

Performing initial evaluation for TESTING set..
[Initial] [Test] MSE: 19.81928, MAE: 4.33735

Initial Evaluation Complete.. Elapsed Time: 2.38s (0.04 minute)

Parameters with L2 Regularization (Regularization Strength: 1e-06):
MSANR_RatingPred.uid_userOffset.weight, MSANR_RatingPred.iid_itemOffset.weight

Optimizer: Adam, Loss Function: MSELoss

Model Size: 81,889,103
# of Trainable Parameters: 153,403
MSANR (
  (uid_userDoc): Embedding(77930, 500), weights = ((77930, 500),), parameters = 38,965,000
  (iid_itemDoc): Embedding(59172, 500), weights = ((59172, 500),), parameters = 29,586,000
  (wid_wEmbed): Embedding(43949, 300), weights = ((43949, 300),), parameters = 13,184,700
  (MSANR_ARL): MSANR_ARL(
    (aspEmbed): ModuleList(
      (0): Embedding(1, 50)
      (1): Embedding(1, 150)
      (2): Embedding(1, 250)
      (3): Embedding(1, 350)
      (4): Embedding(1, 450)
    )
    (filterEmbed): Embedding(1, 50)
    (aspProj): Parameter(1, 300, 50)
  ), weights = ((1, 300, 50), (1, 50), (1, 150), (1, 250), (1, 350), (1, 450), (1, 50)), parameters = 16,300 (Trainable)
  (MSANR_RatingPred): MSANR_RatingPred(
    (userAspRepDropout): Dropout(p=0.9, inplace=False)
    (itemAspRepDropout): Dropout(p=0.9, inplace=False)
    (uid_userOffset): Embedding(77930, 1)
    (iid_itemOffset): Embedding(59172, 1)
    (globalOffset): Parameter(1,)
  ), weights = ((1,), (77930, 1), (59172, 1)), parameters = 137,103 (Trainable)
)
========================================================================================================================

[Epoch 1/10] Training Loss: 10.80378	Elapsed Time: 26.28s (0:00:26)
[Epoch 1] [Dev]  MSE: 5.45075, MAE: 2.16887
[Epoch 1] [Test] MSE: 5.80857, MAE: 2.26352

*** MODEL has obtained the best DEV MSE of 5.45075 so far!
*** The Best MODEL saved to "./__saved_models__/Small_Clothing - MSANR/Small_Clothing_MSANR_1337.pth"

[Epoch 2/10] Training Loss: 5.72795	Elapsed Time: 52.09s (0:00:52)
[Epoch 2] [Dev]  MSE: 3.48418, MAE: 1.72067
[Epoch 2] [Test] MSE: 3.76903, MAE: 1.80645

*** MODEL has obtained the best DEV MSE of 3.48418 so far!
*** The Best MODEL saved to "./__saved_models__/Small_Clothing - MSANR/Small_Clothing_MSANR_1337.pth"

[Epoch 3/10] Training Loss: 3.09835	Elapsed Time: 77.82s (0:01:17)
[Epoch 3] [Dev]  MSE: 1.85894, MAE: 1.23393
[Epoch 3] [Test] MSE: 2.04562, MAE: 1.31126

*** MODEL has obtained the best DEV MSE of 1.85894 so far!
*** The Best MODEL saved to "./__saved_models__/Small_Clothing - MSANR/Small_Clothing_MSANR_1337.pth"

[Epoch 4/10] Training Loss: 1.80713	Elapsed Time: 103.68s (0:01:43)
[Epoch 4] [Dev]  MSE: 1.17597, MAE: 0.93647
[Epoch 4] [Test] MSE: 1.30836, MAE: 0.99361

*** MODEL has obtained the best DEV MSE of 1.17597 so far!
*** The Best MODEL saved to "./__saved_models__/Small_Clothing - MSANR/Small_Clothing_MSANR_1337.pth"

[Epoch 5/10] Training Loss: 1.27482	Elapsed Time: 129.67s (0:02:09)
[Epoch 5] [Dev]  MSE: 1.06515, MAE: 0.85772
[Epoch 5] [Test] MSE: 1.14658, MAE: 0.90135

*** MODEL has obtained the best DEV MSE of 1.06515 so far!
*** The Best MODEL saved to "./__saved_models__/Small_Clothing - MSANR/Small_Clothing_MSANR_1337.pth"

[Epoch 6/10] Training Loss: 1.07127	Elapsed Time: 155.74s (0:02:35)
[Epoch 6] [Dev]  MSE: 1.00919, MAE: 0.80423
[Epoch 6] [Test] MSE: 1.06950, MAE: 0.84716

*** MODEL has obtained the best DEV MSE of 1.00919 so far!
*** The Best MODEL saved to "./__saved_models__/Small_Clothing - MSANR/Small_Clothing_MSANR_1337.pth"

[Epoch 7/10] Training Loss: 0.96188	Elapsed Time: 181.63s (0:03:01)
[Epoch 7] [Dev]  MSE: 1.01557, MAE: 0.80661
[Epoch 7] [Test] MSE: 1.07113, MAE: 0.84863

[Epoch 8/10] Training Loss: 0.87029	Elapsed Time: 207.57s (0:03:27)
[Epoch 8] [Dev]  MSE: 1.01375, MAE: 0.79402
[Epoch 8] [Test] MSE: 1.07079, MAE: 0.83693

[Epoch 9/10] Training Loss: 0.78303	Elapsed Time: 233.85s (0:03:53)
[Epoch 9] [Dev]  MSE: 1.02669, MAE: 0.80053
[Epoch 9] [Test] MSE: 1.08742, MAE: 0.84920

[Epoch 10/10] Training Loss: 0.70219	Elapsed Time: 259.83s (0:04:19)
[Epoch 10] [Dev]  MSE: 1.03357, MAE: 0.78271
[Epoch 10] [Test] MSE: 1.09913, MAE: 0.83639
*** The Last MODEL saved to "./__saved_models__/Small_Clothing - MSANR/Small_Clothing_MSANR_1337_10.pth"

[Training Loss]
[10.80378, 5.72795, 3.09835, 1.80713, 1.27482, 1.07127, 0.96188, 0.87029, 0.78303, 0.70219]

[Dev MSE]
[5.45075, 3.48418, 1.85894, 1.17597, 1.06515, 1.00919, 1.01557, 1.01375, 1.02669, 1.03357]
[Test MSE]
[5.80857, 3.76903, 2.04562, 1.30836, 1.14658, 1.0695, 1.07113, 1.07079, 1.08742, 1.09913]
[Test MAE]
[2.26352, 1.80645, 1.31126, 0.99361, 0.90135, 0.84716, 0.84863, 0.83693, 0.8492, 0.83639]


Best Dev MSE: 1.00919 (Obtained during Evaluation #6)
Test MSE: 1.06950, Test MAE: 0.84716

End of Program! Elapsed Time: 262.26s (0:04:22)
