========================================================================================================================
  ARL_lr: 0.01
  ARL_path: 
  batch_size: 128
  channels_global: 100
  channels_local: 200
  command: -d Small_Clothing -m MSANR -e 10 -dr 0.9 -WED 300 -K 1 -h1 50 -h2 50 -p 1 -v 43947 -rs 1337 -gpu 0 -vb 1 -sm Small_Clothing_MSANR
  ctx_win_size: 3
  dataset: Small_Clothing
  disable_initial_eval: 0
  dropout_rate: 0.9
  epochs: 10
  filters_num: 100
  gpu: 0
  h1: 50
  h2: 50
  hidden_size: 500
  input_dir: ./datasets/Small_Clothing/
  L2_reg: 1e-06
  learning_rate: 0.002
  loss_function: MSELoss
  max_doc_len: 500
  max_vis_len: 500
  model: MSANR
  num_aspects: 1
  optimizer: Adam
  out_dir: ./experimental_results/Small_Clothing - MSANR/
  output_size: 50
  pretrained_src: 1
  random_seed: 1337
  save_model: Small_Clothing_MSANR
  use_cuda: True
  verbose: 1
  vocab_size: 43947
  word_embed_dim: 300
========================================================================================================================

[INFO] # of Users: 77,930, # of Items: 59,172

Creating model (Selected Model: MSANR)..
[args.use_cuda: True] Model is on the GPU! (args.gpu: 0, torch.cuda.current_device(): 0)
Model created! Elapsed Time: 1.94s (0.03 minute)

Loading uid_userDoc from "./datasets/Small_Clothing/Small_Clothing_uid_userDoc.npy"..
uid_userDoc loaded! [uid_userDoc: (77930, 500)]

Loading iid_itemDoc from "./datasets/Small_Clothing/Small_Clothing_iid_itemDoc.npy"..
iid_itemDoc loaded! [iid_itemDoc: (59172, 500)]

Loading pretrained word embeddings from "./datasets/Small_Clothing/Small_Clothing_wed300_wid_wordEmbed.npy"..
Pretrained word embeddings loaded! [wid_wEmbed: (43949, 300)]

Initialization Complete.. Elapsed Time: 2.24s (0.04 minute)

Train/Dev/Test splits loaded! |TRAIN|: 80,000, |DEV|: 150, |TEST|: 166
Train/Dev/Test splits loaded! Elapsed Time: 2.27s (0.04 minute)

Performing initial evaluation for VALIDATION set..
[Initial] [Dev]  MSE: 19.06667, MAE: 4.24000

Performing initial evaluation for TESTING set..
[Initial] [Test] MSE: 19.81928, MAE: 4.33735

Initial Evaluation Complete.. Elapsed Time: 2.44s (0.04 minute)

Parameters with L2 Regularization (Regularization Strength: 1e-06):
MSANR_RatingPred.uid_userOffset.weight, MSANR_RatingPred.iid_itemOffset.weight

Optimizer: Adam, Loss Function: MSELoss

Model Size: 81,888,603
# of Trainable Parameters: 152,903
MSANR (
  (uid_userDoc): Embedding(77930, 500), weights = ((77930, 500),), parameters = 38,965,000
  (iid_itemDoc): Embedding(59172, 500), weights = ((59172, 500),), parameters = 29,586,000
  (wid_wEmbed): Embedding(43949, 300), weights = ((43949, 300),), parameters = 13,184,700
  (MSANR_ARL): MSANR_ARL(
    (aspEmbed): ModuleList(
      (0): Embedding(1, 150)
      (1): Embedding(1, 250)
      (2): Embedding(1, 350)
    )
    (filterEmbed): Embedding(1, 50)
    (aspProj): Parameter(1, 300, 50)
  ), weights = ((1, 300, 50), (1, 150), (1, 250), (1, 350), (1, 50)), parameters = 15,800 (Trainable)
  (MSANR_RatingPred): MSANR_RatingPred(
    (userAspRepDropout): Dropout(p=0.9, inplace=False)
    (itemAspRepDropout): Dropout(p=0.9, inplace=False)
    (uid_userOffset): Embedding(77930, 1)
    (iid_itemOffset): Embedding(59172, 1)
    (globalOffset): Parameter(1,)
  ), weights = ((1,), (77930, 1), (59172, 1)), parameters = 137,103 (Trainable)
)
========================================================================================================================

[Epoch 1/10] Training Loss: 10.98866	Elapsed Time: 16.64s (0:00:16)
[Epoch 1] [Dev]  MSE: 5.12343, MAE: 2.10060
[Epoch 1] [Test] MSE: 5.49107, MAE: 2.19596

*** MODEL has obtained the best DEV MSE of 5.12343 so far!
*** The Best MODEL saved to "./__saved_models__/Small_Clothing - MSANR/Small_Clothing_MSANR_1337.pth"

[Epoch 2/10] Training Loss: 5.82341	Elapsed Time: 33.30s (0:00:33)
[Epoch 2] [Dev]  MSE: 2.98538, MAE: 1.57950
[Epoch 2] [Test] MSE: 3.23626, MAE: 1.66021

*** MODEL has obtained the best DEV MSE of 2.98538 so far!
*** The Best MODEL saved to "./__saved_models__/Small_Clothing - MSANR/Small_Clothing_MSANR_1337.pth"

[Epoch 3/10] Training Loss: 3.16308	Elapsed Time: 49.94s (0:00:49)
[Epoch 3] [Dev]  MSE: 1.97421, MAE: 1.27232
[Epoch 3] [Test] MSE: 2.15050, MAE: 1.34814

*** MODEL has obtained the best DEV MSE of 1.97421 so far!
*** The Best MODEL saved to "./__saved_models__/Small_Clothing - MSANR/Small_Clothing_MSANR_1337.pth"
