========================================================================================================================
  ARL_lr: 0.01
  ARL_path: 
  batch_size: 128
  channels_global: 100
  channels_local: 200
  command: -d Digital_Music -m DAttn -e 10 -p 1 -v 50000 -K 5 -h1 10 -h2 50 -WED 100 -c_local 200 -c_global 100 -hiden_size 500 -output_size 50 -rs 1234 -gpu 0 -vb 1 -sm Digital_Music_DAttn
  ctx_win_size: 3
  dataset: Digital_Music
  disable_initial_eval: 0
  dropout_rate: 0.5
  epochs: 10
  filters_num: 100
  gpu: 0
  h1: 10
  h2: 50
  hidden_size: 500
  input_dir: ./datasets/Digital_Music/
  L2_reg: 1e-06
  learning_rate: 0.002
  loss_function: MSELoss
  max_doc_len: 500
  max_vis_len: 500
  model: DAttn
  num_aspects: 5
  optimizer: Adam
  out_dir: ./experimental_results/Digital_Music - DAttn/
  output_size: 50
  pretrained_src: 1
  random_seed: 1234
  save_model: Digital_Music_DAttn
  use_cuda: True
  verbose: 1
  vocab_size: 50000
  word_embed_dim: 100
========================================================================================================================

[INFO] # of Users: 397,514, # of Items: 223,577

Creating model (Selected Model: DAttn)..
[args.use_cuda: True] Model is on the GPU! (args.gpu: 0, torch.cuda.current_device(): 0)
Model created! Elapsed Time: 3.68s (0.06 minute)

Loading uid_userDoc from "./datasets/Digital_Music/Digital_Music_uid_userDoc.npy"..
uid_userDoc loaded! [uid_userDoc: (397514, 500)]

Loading iid_itemDoc from "./datasets/Digital_Music/Digital_Music_iid_itemDoc.npy"..
iid_itemDoc loaded! [iid_itemDoc: (223577, 500)]

Loading pretrained word embeddings from "./datasets/Digital_Music/Digital_Music_wed100_wid_wordEmbed.npy"..
Pretrained word embeddings loaded! [wid_wEmbed: (50002, 100)]

Initialization Complete.. Elapsed Time: 19.77s (0.33 minute)

Train/Dev/Test splits loaded! |TRAIN|: 656,657, |DEV|: 31,464, |TEST|: 31,775
Train/Dev/Test splits loaded! Elapsed Time: 19.98s (0.33 minute)

Performing initial evaluation for VALIDATION set..
[Initial] [Dev]  MSE: 22.42554, MAE: 4.63869

Performing initial evaluation for TESTING set..
[Initial] [Test] MSE: 22.43509, MAE: 4.63879

Initial Evaluation Complete.. Elapsed Time: 34.04s (0.57 minute)

Optimizer: Adam, Loss Function: MSELoss

Model Size: 317,039,496
# of Trainable Parameters: 1,493,796
DAttn (
  (uid_userDoc): Embedding(397514, 500), weights = ((397514, 500),), parameters = 198,757,000
  (iid_itemDoc): Embedding(223577, 500), weights = ((223577, 500),), parameters = 111,788,500
  (wid_wEmbed): Embedding(50002, 100), weights = ((50002, 100),), parameters = 5,000,200
  (user_net): Net(
    (localAttentionLayer): LocalAttention(
      (attention_layer): Sequential(
        (0): Conv2d(1, 1, kernel_size=(3, 100), stride=(1, 1), padding=(1, 0))
        (1): Sigmoid()
      )
      (cnn): Sequential(
        (0): Conv2d(1, 200, kernel_size=(1, 100), stride=(1, 1))
        (1): Tanh()
      )
    )
    (globalAttentionLayer): GlobalAttention(
      (attention_layer): Sequential(
        (0): Conv2d(1, 1, kernel_size=(500, 100), stride=(1, 1))
        (1): Sigmoid()
      )
      (convs): ModuleList(
        (0): Conv2d(1, 100, kernel_size=(2, 100), stride=(1, 1))
        (1): Conv2d(1, 100, kernel_size=(3, 100), stride=(1, 1))
        (2): Conv2d(1, 100, kernel_size=(4, 100), stride=(1, 1))
      )
    )
    (fcLayer): Sequential(
      (0): Linear(in_features=500, out_features=500, bias=True)
      (1): Dropout(p=0.5, inplace=False)
      (2): ReLU()
      (3): Linear(in_features=500, out_features=50, bias=True)
    )
    (dropout): Dropout(p=0.5, inplace=False)
  ), weights = ((1, 1, 3, 100), (1,), (200, 1, 1, 100), (200,), (1, 1, 500, 100), (1,), (100, 1, 2, 100), (100,), (100, 1, 3, 100), (100,), (100, 1, 4, 100), (100,), (500, 500), (500,), (50, 500), (50,)), parameters = 436,352 (Trainable)
  (item_net): Net(
    (localAttentionLayer): LocalAttention(
      (attention_layer): Sequential(
        (0): Conv2d(1, 1, kernel_size=(3, 100), stride=(1, 1), padding=(1, 0))
        (1): Sigmoid()
      )
      (cnn): Sequential(
        (0): Conv2d(1, 200, kernel_size=(1, 100), stride=(1, 1))
        (1): Tanh()
      )
    )
    (globalAttentionLayer): GlobalAttention(
      (attention_layer): Sequential(
        (0): Conv2d(1, 1, kernel_size=(500, 100), stride=(1, 1))
        (1): Sigmoid()
      )
      (convs): ModuleList(
        (0): Conv2d(1, 100, kernel_size=(2, 100), stride=(1, 1))
        (1): Conv2d(1, 100, kernel_size=(3, 100), stride=(1, 1))
        (2): Conv2d(1, 100, kernel_size=(4, 100), stride=(1, 1))
      )
    )
    (fcLayer): Sequential(
      (0): Linear(in_features=500, out_features=500, bias=True)
      (1): Dropout(p=0.5, inplace=False)
      (2): ReLU()
      (3): Linear(in_features=500, out_features=50, bias=True)
    )
    (dropout): Dropout(p=0.5, inplace=False)
  ), weights = ((1, 1, 3, 100), (1,), (200, 1, 1, 100), (200,), (1, 1, 500, 100), (1,), (100, 1, 2, 100), (100,), (100, 1, 3, 100), (100,), (100, 1, 4, 100), (100,), (500, 500), (500,), (50, 500), (50,)), parameters = 436,352 (Trainable)
  (DAttn_RatingPred): DAttn_RatingPred(
    (uid_userOffset): Embedding(397514, 1)
    (iid_itemOffset): Embedding(223577, 1)
    (globalOffset): Parameter(1,)
  ), weights = ((1,), (397514, 1), (223577, 1)), parameters = 621,092 (Trainable)
)
========================================================================================================================

[Epoch 1/10] Training Loss: 0.73091	Elapsed Time: 491.19s (0:08:11)
[Epoch 1] [Dev]  MSE: 0.74672, MAE: 0.62120
[Epoch 1] [Test] MSE: 0.75457, MAE: 0.62318

*** MODEL has obtained the best DEV MSE of 0.74672 so far!
*** The Best MODEL saved to "./__saved_models__/Digital_Music - DAttn/Digital_Music_DAttn_1234.pth"

[Epoch 2/10] Training Loss: 0.55546	Elapsed Time: 998.19s (0:16:38)
[Epoch 2] [Dev]  MSE: 0.74074, MAE: 0.56484
[Epoch 2] [Test] MSE: 0.74888, MAE: 0.56588

*** MODEL has obtained the best DEV MSE of 0.74074 so far!
*** The Best MODEL saved to "./__saved_models__/Digital_Music - DAttn/Digital_Music_DAttn_1234.pth"

[Epoch 3/10] Training Loss: 0.48424	Elapsed Time: 1,502.09s (0:25:02)
[Epoch 3] [Dev]  MSE: 0.73341, MAE: 0.54464
[Epoch 3] [Test] MSE: 0.73818, MAE: 0.54364

*** MODEL has obtained the best DEV MSE of 0.73341 so far!
*** The Best MODEL saved to "./__saved_models__/Digital_Music - DAttn/Digital_Music_DAttn_1234.pth"

[Epoch 4/10] Training Loss: 0.43638	Elapsed Time: 2,010.54s (0:33:30)
[Epoch 4] [Dev]  MSE: 0.71986, MAE: 0.55590
[Epoch 4] [Test] MSE: 0.72484, MAE: 0.55581

*** MODEL has obtained the best DEV MSE of 0.71986 so far!
*** The Best MODEL saved to "./__saved_models__/Digital_Music - DAttn/Digital_Music_DAttn_1234.pth"

[Epoch 5/10] Training Loss: 0.39770	Elapsed Time: 2,518.12s (0:41:58)
[Epoch 5] [Dev]  MSE: 0.74758, MAE: 0.55212
[Epoch 5] [Test] MSE: 0.75008, MAE: 0.55057

[Epoch 6/10] Training Loss: 0.37007	Elapsed Time: 3,024.29s (0:50:24)
[Epoch 6] [Dev]  MSE: 0.72593, MAE: 0.54752
[Epoch 6] [Test] MSE: 0.73137, MAE: 0.54665

[Epoch 7/10] Training Loss: 0.34503	Elapsed Time: 3,529.49s (0:58:49)
[Epoch 7] [Dev]  MSE: 0.75874, MAE: 0.56786
[Epoch 7] [Test] MSE: 0.76270, MAE: 0.56686

[Epoch 8/10] Training Loss: 0.32403	Elapsed Time: 4,039.16s (1:07:19)
[Epoch 8] [Dev]  MSE: 0.76460, MAE: 0.56481
[Epoch 8] [Test] MSE: 0.76970, MAE: 0.56452

[Epoch 9/10] Training Loss: 0.30548	Elapsed Time: 4,545.91s (1:15:45)
[Epoch 9] [Dev]  MSE: 0.75388, MAE: 0.56815
[Epoch 9] [Test] MSE: 0.76011, MAE: 0.56812

[Epoch 10/10] Training Loss: 0.28483	Elapsed Time: 5,050.46s (1:24:10)
[Epoch 10] [Dev]  MSE: 0.76034, MAE: 0.56876
[Epoch 10] [Test] MSE: 0.76680, MAE: 0.56819
*** The Last MODEL saved to "./__saved_models__/Digital_Music - DAttn/Digital_Music_DAttn_1234_10.pth"

[Training Loss]
[0.73091, 0.55546, 0.48424, 0.43638, 0.3977, 0.37007, 0.34503, 0.32403, 0.30548, 0.28483]

[Dev MSE]
[0.74672, 0.74074, 0.73341, 0.71986, 0.74758, 0.72593, 0.75874, 0.7646, 0.75388, 0.76034]
[Test MSE]
[0.75457, 0.74888, 0.73818, 0.72484, 0.75008, 0.73137, 0.7627, 0.7697, 0.76011, 0.7668]
[Test MAE]
[0.62318, 0.56588, 0.54364, 0.55581, 0.55057, 0.54665, 0.56686, 0.56452, 0.56812, 0.56819]


Best Dev MSE: 0.71986 (Obtained during Evaluation #4)
Test MSE: 0.72484, Test MAE: 0.55581

End of Program! Elapsed Time: 5,098.47s (1:24:58)
