========================================================================================================================
  ARL_lr: 0.01
  ARL_path: 
  batch_size: 128
  channels_global: 100
  channels_local: 200
  command: -d Cell_Phones_and_Accessories -m VANRA -e 10 -dr 0.9 -WED 300 -p 1 -v 50000 -K 5 -h1 10 -h2 50 -output_size 50 -rs 1234 -gpu 0 -vb 1 -sm Cell_Phones_and_Accessories_VANRA
  ctx_win_size: 3
  dataset: Cell_Phones_and_Accessories
  disable_initial_eval: 0
  dropout_rate: 0.9
  epochs: 10
  filters_num: 100
  gpu: 0
  h1: 10
  h2: 50
  hidden_size: 500
  input_dir: ./datasets/Cell_Phones_and_Accessories/
  L2_reg: 1e-06
  learning_rate: 0.002
  loss_function: MSELoss
  max_doc_len: 500
  max_vis_len: 500
  model: VANRA
  num_aspects: 5
  optimizer: Adam
  out_dir: ./experimental_results/Cell_Phones_and_Accessories - VANRA/
  output_size: 50
  pretrained_src: 1
  random_seed: 1234
  save_model: Cell_Phones_and_Accessories_VANRA
  use_cuda: True
  verbose: 1
  vocab_size: 50000
  word_embed_dim: 300
========================================================================================================================

[INFO] # of Users: 687,583, # of Items: 148,399

Creating model (Selected Model: VANRA)..
[args.use_cuda: True] Model is on the GPU! (args.gpu: 0, torch.cuda.current_device(): 0)
Model created! Elapsed Time: 7.94s (0.13 minute)

Loading uid_userDoc from "./datasets/Cell_Phones_and_Accessories/Cell_Phones_and_Accessories_uid_userDoc.npy"..
uid_userDoc loaded! [uid_userDoc: (687583, 500)]

Loading iid_itemDoc from "./datasets/Cell_Phones_and_Accessories/Cell_Phones_and_Accessories_iid_itemDoc.npy"..
iid_itemDoc loaded! [iid_itemDoc: (148399, 500)]

Loading pretrained word embeddings from "./datasets/Cell_Phones_and_Accessories/Cell_Phones_and_Accessories_wed300_wid_wordEmbed.npy"..
Pretrained word embeddings loaded! [wid_wEmbed: (50002, 300)]

Loading uid_userVis from "./datasets/Cell_Phones_and_Accessories/Cell_Phones_and_Accessories_uid_userVis.npy"..
uid_userVis loaded! [uid_userVis: (687583, 500)]

Loading iid_itemVis from "./datasets/Cell_Phones_and_Accessories/Cell_Phones_and_Accessories_iid_itemVis.npy"..
iid_itemVis loaded! [iid_itemVis: (148399, 500)]

Initialization Complete.. Elapsed Time: 57.07s (0.95 minute)

Train/Dev/Test splits loaded! |TRAIN|: 800,000, |DEV|: 21,045, |TEST|: 21,154
Train/Dev/Test splits loaded! Elapsed Time: 57.74s (0.96 minute)

Performing initial evaluation for VALIDATION set..
[Initial] [Dev]  MSE: 11.82003, MAE: 3.09830

Performing initial evaluation for TESTING set..
[Initial] [Test] MSE: 11.88143, MAE: 3.10617

Initial Evaluation Complete.. Elapsed Time: 66.77s (1.11 minutes)

Parameters with L2 Regularization (Regularization Strength: 1e-06):
VANRA_RatingPred.uid_userOffset.weight, VANRA_RatingPred.iid_itemOffset.weight

Optimizer: Adam, Loss Function: MSELoss

Model Size: 851,865,443
# of Trainable Parameters: 882,843
VANRA (
  (uid_userDoc): Embedding(687583, 500), weights = ((687583, 500),), parameters = 343,791,500
  (iid_itemDoc): Embedding(148399, 500), weights = ((148399, 500),), parameters = 74,199,500
  (wid_wEmbed): Embedding(50002, 300), weights = ((50002, 300),), parameters = 15,000,600
  (uid_userVis): Embedding(687583, 500), weights = ((687583, 500),), parameters = 343,791,500
  (iid_itemVis): Embedding(148399, 500), weights = ((148399, 500),), parameters = 74,199,500
  (MSANR_ARL): MSANR_ARL(
    (aspEmbed): ModuleList(
      (0): Embedding(5, 30)
      (1): Embedding(5, 50)
      (2): Embedding(5, 70)
    )
    (filterEmbed): Embedding(5, 10)
    (aspProj): Parameter(5, 300, 10)
  ), weights = ((5, 300, 10), (5, 30), (5, 50), (5, 70), (5, 10)), parameters = 15,800 (Trainable)
  (VANRA_VRL): VANRA_VRL(
    (fcLayer): Sequential(
      (0): Dropout(p=0.9, inplace=False)
      (1): Linear(in_features=500, out_features=50, bias=True)
    )
    (visProj): Parameter(500, 10)
  ), weights = ((500, 10), (50, 500), (50,)), parameters = 30,050 (Trainable)
  (VANRA_RatingPred): VANRA_RatingPred(
    (uid_userOffset): Embedding(687583, 1)
    (iid_itemOffset): Embedding(148399, 1)
    (fcLayer1): Sequential(
      (0): Linear(in_features=100, out_features=10, bias=True)
      (1): ReLU()
      (2): Dropout(p=0.9, inplace=False)
    )
    (globalOffset): Parameter(1,)
  ), weights = ((1,), (687583, 1), (148399, 1), (10, 100), (10,)), parameters = 836,993 (Trainable)
)
========================================================================================================================

[Epoch 1/10] Training Loss: 219.58148	Elapsed Time: 413.22s (0:06:53)
[Epoch 1] [Dev]  MSE: 1.68865, MAE: 1.08979
[Epoch 1] [Test] MSE: 1.67803, MAE: 1.08617

*** MODEL has obtained the best DEV MSE of 1.68865 so far!
*** The Best MODEL saved to "./__saved_models__/Cell_Phones_and_Accessories - VANRA/Cell_Phones_and_Accessories_VANRA_1234.pth"

[Epoch 2/10] Training Loss: 1.85706	Elapsed Time: 834.44s (0:13:54)
[Epoch 2] [Dev]  MSE: 1.63900, MAE: 1.06712
[Epoch 2] [Test] MSE: 1.62938, MAE: 1.06308

*** MODEL has obtained the best DEV MSE of 1.63900 so far!
*** The Best MODEL saved to "./__saved_models__/Cell_Phones_and_Accessories - VANRA/Cell_Phones_and_Accessories_VANRA_1234.pth"

[Epoch 3/10] Training Loss: 1.68548	Elapsed Time: 1,255.95s (0:20:55)
[Epoch 3] [Dev]  MSE: 1.62492, MAE: 1.04968
[Epoch 3] [Test] MSE: 1.61687, MAE: 1.04698

*** MODEL has obtained the best DEV MSE of 1.62492 so far!
*** The Best MODEL saved to "./__saved_models__/Cell_Phones_and_Accessories - VANRA/Cell_Phones_and_Accessories_VANRA_1234.pth"

[Epoch 4/10] Training Loss: 1.57538	Elapsed Time: 1,677.23s (0:27:57)
[Epoch 4] [Dev]  MSE: 1.62746, MAE: 1.04382
[Epoch 4] [Test] MSE: 1.62306, MAE: 1.04230

[Epoch 5/10] Training Loss: 1.49906	Elapsed Time: 2,098.46s (0:34:58)
[Epoch 5] [Dev]  MSE: 1.62983, MAE: 1.03447
[Epoch 5] [Test] MSE: 1.62387, MAE: 1.03247

[Epoch 6/10] Training Loss: 1.45356	Elapsed Time: 2,519.72s (0:41:59)
[Epoch 6] [Dev]  MSE: 1.63763, MAE: 1.03256
[Epoch 6] [Test] MSE: 1.63315, MAE: 1.03151

[Epoch 7/10] Training Loss: 1.40489	Elapsed Time: 2,941.05s (0:49:01)
[Epoch 7] [Dev]  MSE: 1.64792, MAE: 1.03542
[Epoch 7] [Test] MSE: 1.64490, MAE: 1.03478

[Epoch 8/10] Training Loss: 1.37519	Elapsed Time: 3,362.40s (0:56:02)
[Epoch 8] [Dev]  MSE: 1.65353, MAE: 1.03166
[Epoch 8] [Test] MSE: 1.64706, MAE: 1.02980

[Epoch 9/10] Training Loss: 1.35322	Elapsed Time: 3,783.51s (1:03:03)
[Epoch 9] [Dev]  MSE: 1.66233, MAE: 1.03671
[Epoch 9] [Test] MSE: 1.65562, MAE: 1.03481

[Epoch 10/10] Training Loss: 1.33632	Elapsed Time: 4,204.53s (1:10:04)
[Epoch 10] [Dev]  MSE: 1.66696, MAE: 1.03661
[Epoch 10] [Test] MSE: 1.66021, MAE: 1.03469
*** The Last MODEL saved to "./__saved_models__/Cell_Phones_and_Accessories - VANRA/Cell_Phones_and_Accessories_VANRA_1234_10.pth"

[Training Loss]
[219.58148, 1.85706, 1.68548, 1.57538, 1.49906, 1.45356, 1.40489, 1.37519, 1.35322, 1.33632]

[Dev MSE]
[1.68865, 1.639, 1.62492, 1.62746, 1.62983, 1.63763, 1.64792, 1.65353, 1.66233, 1.66696]
[Test MSE]
[1.67803, 1.62938, 1.61687, 1.62306, 1.62387, 1.63315, 1.6449, 1.64706, 1.65562, 1.66021]
[Test MAE]
[1.08617, 1.06308, 1.04698, 1.0423, 1.03247, 1.03151, 1.03478, 1.0298, 1.03481, 1.03469]


Best Dev MSE: 1.62492 (Obtained during Evaluation #3)
Test MSE: 1.61687, Test MAE: 1.04698

End of Program! Elapsed Time: 4,279.03s (1:11:19)
