========================================================================================================================
  ARL_lr: 0.01
  ARL_path: 
  batch_size: 128
  channels_global: 100
  channels_local: 200
  command: -d Pet_Supplies -m VANRA -e 10 -dr 0.9 -WED 300 -p 1 -v 50000 -K 5 -h1 10 -h2 50 -output_size 50 -rs 1234 -gpu 0 -vb 1 -sm Pet_Supplies_VANRA
  ctx_win_size: 3
  dataset: Pet_Supplies
  disable_initial_eval: 0
  dropout_rate: 0.9
  epochs: 10
  filters_num: 100
  gpu: 0
  h1: 10
  h2: 50
  hidden_size: 500
  input_dir: ./datasets/Pet_Supplies/
  L2_reg: 1e-06
  learning_rate: 0.002
  loss_function: MSELoss
  max_doc_len: 500
  max_vis_len: 500
  model: VANRA
  num_aspects: 5
  optimizer: Adam
  out_dir: ./experimental_results/Pet_Supplies - VANRA/
  output_size: 50
  pretrained_src: 1
  random_seed: 1234
  save_model: Pet_Supplies_VANRA
  use_cuda: True
  verbose: 1
  vocab_size: 50000
  word_embed_dim: 300
========================================================================================================================

[INFO] # of Users: 535,028, # of Items: 85,685

Creating model (Selected Model: VANRA)..
[args.use_cuda: True] Model is on the GPU! (args.gpu: 0, torch.cuda.current_device(): 0)
Model created! Elapsed Time: 6.37s (0.11 minute)

Loading uid_userDoc from "./datasets/Pet_Supplies/Pet_Supplies_uid_userDoc.npy"..
uid_userDoc loaded! [uid_userDoc: (535028, 500)]

Loading iid_itemDoc from "./datasets/Pet_Supplies/Pet_Supplies_iid_itemDoc.npy"..
iid_itemDoc loaded! [iid_itemDoc: (85685, 500)]

Loading pretrained word embeddings from "./datasets/Pet_Supplies/Pet_Supplies_wed300_wid_wordEmbed.npy"..
Pretrained word embeddings loaded! [wid_wEmbed: (50002, 300)]

Loading uid_userVis from "./datasets/Pet_Supplies/Pet_Supplies_uid_userVis.npy"..
uid_userVis loaded! [uid_userVis: (535028, 500)]

Loading iid_itemVis from "./datasets/Pet_Supplies/Pet_Supplies_iid_itemVis.npy"..
iid_itemVis loaded! [iid_itemVis: (85685, 500)]

Initialization Complete.. Elapsed Time: 48.59s (0.81 minute)

Train/Dev/Test splits loaded! |TRAIN|: 800,000, |DEV|: 46,037, |TEST|: 46,223
Train/Dev/Test splits loaded! Elapsed Time: 48.85s (0.81 minute)

Performing initial evaluation for VALIDATION set..
[Initial] [Dev]  MSE: 12.79764, MAE: 3.17638

Performing initial evaluation for TESTING set..
[Initial] [Test] MSE: 13.00201, MAE: 3.18102

Initial Evaluation Complete.. Elapsed Time: 65.81s (1.10 minutes)

Parameters with L2 Regularization (Regularization Strength: 1e-06):
VANRA_RatingPred.uid_userOffset.weight, VANRA_RatingPred.iid_itemOffset.weight

Optimizer: Adam, Loss Function: MSELoss

Model Size: 636,381,174
# of Trainable Parameters: 667,574
VANRA (
  (uid_userDoc): Embedding(535028, 500), weights = ((535028, 500),), parameters = 267,514,000
  (iid_itemDoc): Embedding(85685, 500), weights = ((85685, 500),), parameters = 42,842,500
  (wid_wEmbed): Embedding(50002, 300), weights = ((50002, 300),), parameters = 15,000,600
  (uid_userVis): Embedding(535028, 500), weights = ((535028, 500),), parameters = 267,514,000
  (iid_itemVis): Embedding(85685, 500), weights = ((85685, 500),), parameters = 42,842,500
  (MSANR_ARL): MSANR_ARL(
    (aspEmbed): ModuleList(
      (0): Embedding(5, 30)
      (1): Embedding(5, 50)
      (2): Embedding(5, 70)
    )
    (filterEmbed): Embedding(5, 10)
    (aspProj): Parameter(5, 300, 10)
  ), weights = ((5, 300, 10), (5, 30), (5, 50), (5, 70), (5, 10)), parameters = 15,800 (Trainable)
  (VANRA_VRL): VANRA_VRL(
    (fcLayer): Sequential(
      (0): Dropout(p=0.9, inplace=False)
      (1): Linear(in_features=500, out_features=50, bias=True)
    )
    (visProj): Parameter(500, 10)
  ), weights = ((500, 10), (50, 500), (50,)), parameters = 30,050 (Trainable)
  (VANRA_RatingPred): VANRA_RatingPred(
    (uid_userOffset): Embedding(535028, 1)
    (iid_itemOffset): Embedding(85685, 1)
    (fcLayer1): Sequential(
      (0): Linear(in_features=100, out_features=10, bias=True)
      (1): ReLU()
      (2): Dropout(p=0.9, inplace=False)
    )
    (globalOffset): Parameter(1,)
  ), weights = ((1,), (535028, 1), (85685, 1), (10, 100), (10,)), parameters = 621,724 (Trainable)
)
========================================================================================================================

[Epoch 1/10] Training Loss: 523.94385	Elapsed Time: 411.47s (0:06:51)
[Epoch 1] [Dev]  MSE: 1.46975, MAE: 0.95528
[Epoch 1] [Test] MSE: 1.47402, MAE: 0.95960

*** MODEL has obtained the best DEV MSE of 1.46975 so far!
*** The Best MODEL saved to "./__saved_models__/Pet_Supplies - VANRA/Pet_Supplies_VANRA_1234.pth"

[Epoch 2/10] Training Loss: 1.52160	Elapsed Time: 840.06s (0:14:00)
[Epoch 2] [Dev]  MSE: 1.37531, MAE: 0.91066
[Epoch 2] [Test] MSE: 1.38408, MAE: 0.91614

*** MODEL has obtained the best DEV MSE of 1.37531 so far!
*** The Best MODEL saved to "./__saved_models__/Pet_Supplies - VANRA/Pet_Supplies_VANRA_1234.pth"

[Epoch 3/10] Training Loss: 1.37290	Elapsed Time: 1,268.69s (0:21:08)
[Epoch 3] [Dev]  MSE: 1.35799, MAE: 0.89511
[Epoch 3] [Test] MSE: 1.36867, MAE: 0.90076

*** MODEL has obtained the best DEV MSE of 1.35799 so far!
*** The Best MODEL saved to "./__saved_models__/Pet_Supplies - VANRA/Pet_Supplies_VANRA_1234.pth"

[Epoch 4/10] Training Loss: 1.28863	Elapsed Time: 1,697.32s (0:28:17)
[Epoch 4] [Dev]  MSE: 1.35582, MAE: 0.88963
[Epoch 4] [Test] MSE: 1.36785, MAE: 0.89540

*** MODEL has obtained the best DEV MSE of 1.35582 so far!
*** The Best MODEL saved to "./__saved_models__/Pet_Supplies - VANRA/Pet_Supplies_VANRA_1234.pth"

[Epoch 5/10] Training Loss: 1.23368	Elapsed Time: 2,125.72s (0:35:25)
[Epoch 5] [Dev]  MSE: 1.35878, MAE: 0.88411
[Epoch 5] [Test] MSE: 1.37158, MAE: 0.88973

[Epoch 6/10] Training Loss: 1.19578	Elapsed Time: 2,553.96s (0:42:33)
[Epoch 6] [Dev]  MSE: 1.36339, MAE: 0.88604
[Epoch 6] [Test] MSE: 1.37656, MAE: 0.89160

[Epoch 7/10] Training Loss: 1.16818	Elapsed Time: 2,982.33s (0:49:42)
[Epoch 7] [Dev]  MSE: 1.36828, MAE: 0.88303
[Epoch 7] [Test] MSE: 1.38141, MAE: 0.88825

[Epoch 8/10] Training Loss: 1.14792	Elapsed Time: 3,410.75s (0:56:50)
[Epoch 8] [Dev]  MSE: 1.37302, MAE: 0.88555
[Epoch 8] [Test] MSE: 1.38559, MAE: 0.89064

[Epoch 9/10] Training Loss: 1.13224	Elapsed Time: 3,838.97s (1:03:58)
[Epoch 9] [Dev]  MSE: 1.37575, MAE: 0.88807
[Epoch 9] [Test] MSE: 1.38901, MAE: 0.89326

[Epoch 10/10] Training Loss: 1.12036	Elapsed Time: 4,267.19s (1:11:07)
[Epoch 10] [Dev]  MSE: 1.38034, MAE: 0.88412
[Epoch 10] [Test] MSE: 1.39213, MAE: 0.88919
*** The Last MODEL saved to "./__saved_models__/Pet_Supplies - VANRA/Pet_Supplies_VANRA_1234_10.pth"

[Training Loss]
[523.94385, 1.5216, 1.3729, 1.28863, 1.23368, 1.19578, 1.16818, 1.14792, 1.13224, 1.12036]

[Dev MSE]
[1.46975, 1.37531, 1.35799, 1.35582, 1.35878, 1.36339, 1.36828, 1.37302, 1.37575, 1.38034]
[Test MSE]
[1.47402, 1.38408, 1.36867, 1.36785, 1.37158, 1.37656, 1.38141, 1.38559, 1.38901, 1.39213]
[Test MAE]
[0.9596, 0.91614, 0.90076, 0.8954, 0.88973, 0.8916, 0.88825, 0.89064, 0.89326, 0.88919]


Best Dev MSE: 1.35582 (Obtained during Evaluation #4)
Test MSE: 1.36785, Test MAE: 0.89540

End of Program! Elapsed Time: 4,349.74s (1:12:29)
