========================================================================================================================
  ARL_lr: 0.01
  ARL_path: Small_Clothing_ANRS_1337
  batch_size: 128
  channels_global: 100
  channels_local: 200
  command: -d Small_Clothing -m ANR -e 20 -lr 1E-3 -bs 128 -p 1 -v 43947 -rs 1234 -gpu 0 -vb 1 -sm Small_Clothing -ARL_path Small_Clothing_ANRS_1337
  ctx_win_size: 3
  dataset: Small_Clothing
  disable_initial_eval: 0
  dropout_rate: 0.5
  epochs: 20
  gpu: 0
  h1: 10
  h2: 50
  hidden_size: 500
  input_dir: ./datasets/Small_Clothing/
  L2_reg: 1e-06
  learning_rate: 0.001
  loss_function: MSELoss
  max_doc_len: 500
  max_vis_len: 500
  model: ANR
  num_aspects: 5
  optimizer: Adam
  out_dir: ./experimental_results/Small_Clothing - ANR/
  output_size: 50
  pretrained_src: 1
  random_seed: 1234
  save_model: Small_Clothing
  use_cuda: True
  verbose: 1
  vocab_size: 43947
  word_embed_dim: 300
========================================================================================================================

[INFO] # of Users: 77,930, # of Items: 59,172

Creating model (Selected Model: ANR)..
[args.use_cuda: True] Model is on the GPU! (args.gpu: 0, torch.cuda.current_device(): 0)
Model created! Elapsed Time: 1.88s (0.03 minute)

Loading uid_userDoc from "./datasets/Small_Clothing/Small_Clothing_uid_userDoc.npy"..
uid_userDoc loaded! [uid_userDoc: (77930, 500)]

Loading iid_itemDoc from "./datasets/Small_Clothing/Small_Clothing_iid_itemDoc.npy"..
iid_itemDoc loaded! [iid_itemDoc: (59172, 500)]

Loading pretrained word embeddings from "./datasets/Small_Clothing/Small_Clothing_wid_wordEmbed.npy"..
Pretrained word embeddings loaded! [wid_wEmbed: (43949, 300)]

Loading pretrained ARL weights of "ANR" for dataset "Small_Clothing" from "./__saved_models__/Small_Clothing - ANRS/Small_Clothing_ANRS_1337.pth"!
Loading pretrained ARL weights on GPU "0"!

Loaded pretrained model states:

	shared_ANR_ARL.aspProj
	shared_ANR_ARL.aspEmbed.weight

Pretrained model states transferred to current model!

*** "shared_ANR_ARL.aspProj, shared_ANR_ARL.aspEmbed.weight" are FINE-TUNED!! ***


Initialization Complete.. Elapsed Time: 2.13s (0.04 minute)

Train/Dev/Test splits loaded! |TRAIN|: 80,000, |DEV|: 150, |TEST|: 166
Train/Dev/Test splits loaded! Elapsed Time: 2.15s (0.04 minute)

Performing initial evaluation for VALIDATION set..
[Initial] [Dev]  MSE: 18.57985, MAE: 4.18347

Performing initial evaluation for TESTING set..
[Initial] [Test] MSE: 19.34735, MAE: 4.28270

Initial Evaluation Complete.. Elapsed Time: 2.30s (0.04 minute)

Parameters that are fine-tuned using a smaller LR (LR: 1e-05):
shared_ANR_ARL.aspProj, shared_ANR_ARL.aspEmbed.weight

Parameters with L2 Regularization (Regularization Strength: 1e-06):
ANR_RatingPred.uid_userOffset.weight, ANR_RatingPred.iid_itemOffset.weight

Optimizer: Adam, Loss Function: MSELoss

Model Size: 81,889,153
# of Trainable Parameters: 153,453
ANR (
  (uid_userDoc): Embedding(77930, 500), weights = ((77930, 500),), parameters = 38,965,000
  (iid_itemDoc): Embedding(59172, 500), weights = ((59172, 500),), parameters = 29,586,000
  (wid_wEmbed): Embedding(43949, 300), weights = ((43949, 300),), parameters = 13,184,700
  (shared_ANR_ARL): ANR_ARL(
    (aspEmbed): Embedding(5, 30)
    (aspProj): Parameter(5, 300, 10)
  ), weights = ((5, 300, 10), (5, 30)), parameters = 15,150 (Trainable)
  (ANR_AIE): ANR_AIE(  (W_a): Parameter(10, 10)
    (W_u): Parameter(50, 10)
    (w_hu): Parameter(50, 1)
    (W_i): Parameter(50, 10)
    (w_hi): Parameter(50, 1)
  ), weights = ((10, 10), (50, 10), (50, 1), (50, 10), (50, 1)), parameters = 1,200 (Trainable)
  (ANR_RatingPred): ANR_RatingPred(
    (userAspRepDropout): Dropout(p=0.5, inplace=False)
    (itemAspRepDropout): Dropout(p=0.5, inplace=False)
    (uid_userOffset): Embedding(77930, 1)
    (iid_itemOffset): Embedding(59172, 1)
    (globalOffset): Parameter(1,)
  ), weights = ((1,), (77930, 1), (59172, 1)), parameters = 137,103 (Trainable)
)
========================================================================================================================

[Epoch 1/20] Training Loss: 11.46644	Elapsed Time: 15.17s (0:00:15)
[Epoch 1] [Dev]  MSE: 7.27600, MAE: 2.51998
[Epoch 1] [Test] MSE: 7.83823, MAE: 2.64695

*** MODEL has obtained the best DEV MSE of 7.27600 so far!
*** The Best MODEL saved to "./__saved_models__/Small_Clothing - ANR/Small_Clothing_1234.pth"

[Epoch 2/20] Training Loss: 5.71520	Elapsed Time: 30.37s (0:00:30)
[Epoch 2] [Dev]  MSE: 3.36806, MAE: 1.65291
[Epoch 2] [Test] MSE: 3.73117, MAE: 1.77961

*** MODEL has obtained the best DEV MSE of 3.36806 so far!
*** The Best MODEL saved to "./__saved_models__/Small_Clothing - ANR/Small_Clothing_1234.pth"

[Epoch 3/20] Training Loss: 3.72934	Elapsed Time: 45.86s (0:00:45)
[Epoch 3] [Dev]  MSE: 1.99175, MAE: 1.25822
[Epoch 3] [Test] MSE: 2.25099, MAE: 1.35207

*** MODEL has obtained the best DEV MSE of 1.99175 so far!
*** The Best MODEL saved to "./__saved_models__/Small_Clothing - ANR/Small_Clothing_1234.pth"

[Epoch 4/20] Training Loss: 2.96642	Elapsed Time: 61.44s (0:01:01)
[Epoch 4] [Dev]  MSE: 1.54194, MAE: 1.08865
[Epoch 4] [Test] MSE: 1.74626, MAE: 1.16710

*** MODEL has obtained the best DEV MSE of 1.54194 so far!
*** The Best MODEL saved to "./__saved_models__/Small_Clothing - ANR/Small_Clothing_1234.pth"

[Epoch 5/20] Training Loss: 2.50545	Elapsed Time: 76.79s (0:01:16)
[Epoch 5] [Dev]  MSE: 1.33297, MAE: 0.99869
[Epoch 5] [Test] MSE: 1.49856, MAE: 1.06669

*** MODEL has obtained the best DEV MSE of 1.33297 so far!
*** The Best MODEL saved to "./__saved_models__/Small_Clothing - ANR/Small_Clothing_1234.pth"

[Epoch 6/20] Training Loss: 2.13522	Elapsed Time: 92.10s (0:01:32)
[Epoch 6] [Dev]  MSE: 1.20957, MAE: 0.93960
[Epoch 6] [Test] MSE: 1.34569, MAE: 0.99830

*** MODEL has obtained the best DEV MSE of 1.20957 so far!
*** The Best MODEL saved to "./__saved_models__/Small_Clothing - ANR/Small_Clothing_1234.pth"

[Epoch 7/20] Training Loss: 1.80188	Elapsed Time: 107.38s (0:01:47)
[Epoch 7] [Dev]  MSE: 1.12979, MAE: 0.89351
[Epoch 7] [Test] MSE: 1.24703, MAE: 0.94924

*** MODEL has obtained the best DEV MSE of 1.12979 so far!
*** The Best MODEL saved to "./__saved_models__/Small_Clothing - ANR/Small_Clothing_1234.pth"

[Epoch 8/20] Training Loss: 1.55076	Elapsed Time: 122.69s (0:02:02)
[Epoch 8] [Dev]  MSE: 1.07874, MAE: 0.85705
[Epoch 8] [Test] MSE: 1.17460, MAE: 0.90997

*** MODEL has obtained the best DEV MSE of 1.07874 so far!
*** The Best MODEL saved to "./__saved_models__/Small_Clothing - ANR/Small_Clothing_1234.pth"

[Epoch 9/20] Training Loss: 1.34432	Elapsed Time: 138.04s (0:02:18)
[Epoch 9] [Dev]  MSE: 1.09126, MAE: 0.86287
[Epoch 9] [Test] MSE: 1.22131, MAE: 0.92975

[Epoch 10/20] Training Loss: 1.06444	Elapsed Time: 153.38s (0:02:33)
[Epoch 10] [Dev]  MSE: 1.07395, MAE: 0.82758
[Epoch 10] [Test] MSE: 1.18156, MAE: 0.88580

*** MODEL has obtained the best DEV MSE of 1.07395 so far!
*** The Best MODEL saved to "./__saved_models__/Small_Clothing - ANR/Small_Clothing_1234.pth"

[Epoch 11/20] Training Loss: 0.95005	Elapsed Time: 168.72s (0:02:48)
[Epoch 11] [Dev]  MSE: 1.06198, MAE: 0.82690
[Epoch 11] [Test] MSE: 1.15997, MAE: 0.87423

*** MODEL has obtained the best DEV MSE of 1.06198 so far!
*** The Best MODEL saved to "./__saved_models__/Small_Clothing - ANR/Small_Clothing_1234.pth"

[Epoch 12/20] Training Loss: 0.87627	Elapsed Time: 184.02s (0:03:04)
[Epoch 12] [Dev]  MSE: 1.04237, MAE: 0.79771
[Epoch 12] [Test] MSE: 1.13940, MAE: 0.85110

*** MODEL has obtained the best DEV MSE of 1.04237 so far!
*** The Best MODEL saved to "./__saved_models__/Small_Clothing - ANR/Small_Clothing_1234.pth"

[Epoch 13/20] Training Loss: 0.82355	Elapsed Time: 199.37s (0:03:19)
[Epoch 13] [Dev]  MSE: 1.04826, MAE: 0.80631
[Epoch 13] [Test] MSE: 1.12706, MAE: 0.84992

[Epoch 14/20] Training Loss: 0.77791	Elapsed Time: 214.67s (0:03:34)
[Epoch 14] [Dev]  MSE: 1.05137, MAE: 0.80987
[Epoch 14] [Test] MSE: 1.13615, MAE: 0.86031

[Epoch 15/20] Training Loss: 0.73340	Elapsed Time: 229.99s (0:03:49)
[Epoch 15] [Dev]  MSE: 1.05433, MAE: 0.79837
[Epoch 15] [Test] MSE: 1.13534, MAE: 0.84811

[Epoch 16/20] Training Loss: 0.69169	Elapsed Time: 245.29s (0:04:05)
[Epoch 16] [Dev]  MSE: 1.05596, MAE: 0.80430
[Epoch 16] [Test] MSE: 1.16050, MAE: 0.86704

[Epoch 17/20] Training Loss: 0.65494	Elapsed Time: 260.61s (0:04:20)
[Epoch 17] [Dev]  MSE: 1.05975, MAE: 0.79413
[Epoch 17] [Test] MSE: 1.16697, MAE: 0.86044

[Epoch 18/20] Training Loss: 0.61831	Elapsed Time: 275.96s (0:04:35)
[Epoch 18] [Dev]  MSE: 1.06333, MAE: 0.79191
[Epoch 18] [Test] MSE: 1.16625, MAE: 0.85571

[Epoch 19/20] Training Loss: 0.58271	Elapsed Time: 291.13s (0:04:51)
[Epoch 19] [Dev]  MSE: 1.06965, MAE: 0.79258
[Epoch 19] [Test] MSE: 1.18042, MAE: 0.85754

[Epoch 20/20] Training Loss: 0.55283	Elapsed Time: 306.31s (0:05:06)
[Epoch 20] [Dev]  MSE: 1.07450, MAE: 0.79934
[Epoch 20] [Test] MSE: 1.18782, MAE: 0.86425
*** The Last MODEL saved to "./__saved_models__/Small_Clothing - ANR/Small_Clothing_1234_20.pth"

[Training Loss]
[11.46644, 5.7152, 3.72934, 2.96642, 2.50545, 2.13522, 1.80188, 1.55076, 1.34432, 1.06444, 0.95005, 0.87627, 0.82355, 0.77791, 0.7334, 0.69169, 0.65494, 0.61831, 0.58271, 0.55283]

[Dev MSE]
[7.276, 3.36806, 1.99175, 1.54194, 1.33297, 1.20957, 1.12979, 1.07874, 1.09126, 1.07395, 1.06198, 1.04237, 1.04826, 1.05137, 1.05433, 1.05596, 1.05975, 1.06333, 1.06965, 1.0745]
[Test MSE]
[7.83823, 3.73117, 2.25099, 1.74626, 1.49856, 1.34569, 1.24703, 1.1746, 1.22131, 1.18156, 1.15997, 1.1394, 1.12706, 1.13615, 1.13534, 1.1605, 1.16697, 1.16625, 1.18042, 1.18782]
[Test MAE]
[2.64695, 1.77961, 1.35207, 1.1671, 1.06669, 0.9983, 0.94924, 0.90997, 0.92975, 0.8858, 0.87423, 0.8511, 0.84992, 0.86031, 0.84811, 0.86704, 0.86044, 0.85571, 0.85754, 0.86425]


Best Dev MSE: 1.04237 (Obtained during Evaluation #12)
Test MSE: 1.13940, Test MAE: 0.85110

End of Program! Elapsed Time: 308.65s (0:05:08)
