========================================================================================================================
  ARL_lr: 0.01
  ARL_path: Small_Clothing_ANRS_1337
  batch_size: 128
  channels_global: 100
  channels_local: 200
  command: -d Small_Clothing -m ANR -e 20 -lr 2E-3 -bs 128 -dr 0.7 -p 1 -v 43947 -rs 1234 -gpu 0 -vb 1 -sm Small_Clothing -ARL_path Small_Clothing_ANRS_1337
  ctx_win_size: 3
  dataset: Small_Clothing
  disable_initial_eval: 0
  dropout_rate: 0.7
  epochs: 20
  gpu: 0
  h1: 10
  h2: 50
  hidden_size: 500
  input_dir: ./datasets/Small_Clothing/
  L2_reg: 1e-06
  learning_rate: 0.002
  loss_function: MSELoss
  max_doc_len: 500
  max_vis_len: 500
  model: ANR
  num_aspects: 5
  optimizer: Adam
  out_dir: ./experimental_results/Small_Clothing - ANR/
  output_size: 50
  pretrained_src: 1
  random_seed: 1234
  save_model: Small_Clothing
  use_cuda: True
  verbose: 1
  vocab_size: 43947
  word_embed_dim: 300
========================================================================================================================

[INFO] # of Users: 77,930, # of Items: 59,172

Creating model (Selected Model: ANR)..
[args.use_cuda: True] Model is on the GPU! (args.gpu: 0, torch.cuda.current_device(): 0)
Model created! Elapsed Time: 1.88s (0.03 minute)

Loading uid_userDoc from "./datasets/Small_Clothing/Small_Clothing_uid_userDoc.npy"..
uid_userDoc loaded! [uid_userDoc: (77930, 500)]

Loading iid_itemDoc from "./datasets/Small_Clothing/Small_Clothing_iid_itemDoc.npy"..
iid_itemDoc loaded! [iid_itemDoc: (59172, 500)]

Loading pretrained word embeddings from "./datasets/Small_Clothing/Small_Clothing_wid_wordEmbed.npy"..
Pretrained word embeddings loaded! [wid_wEmbed: (43949, 300)]

Loading pretrained ARL weights of "ANR" for dataset "Small_Clothing" from "./__saved_models__/Small_Clothing - ANRS/Small_Clothing_ANRS_1337.pth"!
Loading pretrained ARL weights on GPU "0"!

Loaded pretrained model states:

	shared_ANR_ARL.aspProj
	shared_ANR_ARL.aspEmbed.weight

Pretrained model states transferred to current model!

*** "shared_ANR_ARL.aspProj, shared_ANR_ARL.aspEmbed.weight" are FINE-TUNED!! ***


Initialization Complete.. Elapsed Time: 2.13s (0.04 minute)

Train/Dev/Test splits loaded! |TRAIN|: 80,000, |DEV|: 150, |TEST|: 166
Train/Dev/Test splits loaded! Elapsed Time: 2.15s (0.04 minute)

Performing initial evaluation for VALIDATION set..
[Initial] [Dev]  MSE: 18.57985, MAE: 4.18347

Performing initial evaluation for TESTING set..
[Initial] [Test] MSE: 19.34735, MAE: 4.28270

Initial Evaluation Complete.. Elapsed Time: 2.31s (0.04 minute)

Parameters that are fine-tuned using a smaller LR (LR: 2e-05):
shared_ANR_ARL.aspProj, shared_ANR_ARL.aspEmbed.weight

Parameters with L2 Regularization (Regularization Strength: 1e-06):
ANR_RatingPred.uid_userOffset.weight, ANR_RatingPred.iid_itemOffset.weight

Optimizer: Adam, Loss Function: MSELoss

Model Size: 81,889,153
# of Trainable Parameters: 153,453
ANR (
  (uid_userDoc): Embedding(77930, 500), weights = ((77930, 500),), parameters = 38,965,000
  (iid_itemDoc): Embedding(59172, 500), weights = ((59172, 500),), parameters = 29,586,000
  (wid_wEmbed): Embedding(43949, 300), weights = ((43949, 300),), parameters = 13,184,700
  (shared_ANR_ARL): ANR_ARL(
    (aspEmbed): Embedding(5, 30)
    (aspProj): Parameter(5, 300, 10)
  ), weights = ((5, 300, 10), (5, 30)), parameters = 15,150 (Trainable)
  (ANR_AIE): ANR_AIE(  (W_a): Parameter(10, 10)
    (W_u): Parameter(50, 10)
    (w_hu): Parameter(50, 1)
    (W_i): Parameter(50, 10)
    (w_hi): Parameter(50, 1)
  ), weights = ((10, 10), (50, 10), (50, 1), (50, 10), (50, 1)), parameters = 1,200 (Trainable)
  (ANR_RatingPred): ANR_RatingPred(
    (userAspRepDropout): Dropout(p=0.7, inplace=False)
    (itemAspRepDropout): Dropout(p=0.7, inplace=False)
    (uid_userOffset): Embedding(77930, 1)
    (iid_itemOffset): Embedding(59172, 1)
    (globalOffset): Parameter(1,)
  ), weights = ((1,), (77930, 1), (59172, 1)), parameters = 137,103 (Trainable)
)
========================================================================================================================

[Epoch 1/20] Training Loss: 9.89435	Elapsed Time: 15.28s (0:00:15)
[Epoch 1] [Dev]  MSE: 4.28821, MAE: 1.89560
[Epoch 1] [Test] MSE: 4.71305, MAE: 2.02010

*** MODEL has obtained the best DEV MSE of 4.28821 so far!
*** The Best MODEL saved to "./__saved_models__/Small_Clothing - ANR/Small_Clothing_1234.pth"

[Epoch 2/20] Training Loss: 5.05846	Elapsed Time: 30.51s (0:00:30)
[Epoch 2] [Dev]  MSE: 2.30427, MAE: 1.37706
[Epoch 2] [Test] MSE: 2.57660, MAE: 1.47275

*** MODEL has obtained the best DEV MSE of 2.30427 so far!
*** The Best MODEL saved to "./__saved_models__/Small_Clothing - ANR/Small_Clothing_1234.pth"

[Epoch 3/20] Training Loss: 3.16609	Elapsed Time: 45.73s (0:00:45)
[Epoch 3] [Dev]  MSE: 1.53861, MAE: 1.11514
[Epoch 3] [Test] MSE: 1.71531, MAE: 1.18281

*** MODEL has obtained the best DEV MSE of 1.53861 so far!
*** The Best MODEL saved to "./__saved_models__/Small_Clothing - ANR/Small_Clothing_1234.pth"

[Epoch 4/20] Training Loss: 2.02160	Elapsed Time: 60.95s (0:01:00)
[Epoch 4] [Dev]  MSE: 1.28846, MAE: 0.99837
[Epoch 4] [Test] MSE: 1.49574, MAE: 1.08320

*** MODEL has obtained the best DEV MSE of 1.28846 so far!
*** The Best MODEL saved to "./__saved_models__/Small_Clothing - ANR/Small_Clothing_1234.pth"

[Epoch 5/20] Training Loss: 1.33529	Elapsed Time: 76.20s (0:01:16)
[Epoch 5] [Dev]  MSE: 1.04494, MAE: 0.84701
[Epoch 5] [Test] MSE: 1.13677, MAE: 0.89578

*** MODEL has obtained the best DEV MSE of 1.04494 so far!
*** The Best MODEL saved to "./__saved_models__/Small_Clothing - ANR/Small_Clothing_1234.pth"

[Epoch 6/20] Training Loss: 1.03646	Elapsed Time: 91.47s (0:01:31)
[Epoch 6] [Dev]  MSE: 1.00466, MAE: 0.80318
[Epoch 6] [Test] MSE: 1.09682, MAE: 0.85846

*** MODEL has obtained the best DEV MSE of 1.00466 so far!
*** The Best MODEL saved to "./__saved_models__/Small_Clothing - ANR/Small_Clothing_1234.pth"

[Epoch 7/20] Training Loss: 0.91123	Elapsed Time: 106.68s (0:01:46)
[Epoch 7] [Dev]  MSE: 1.01047, MAE: 0.79351
[Epoch 7] [Test] MSE: 1.09160, MAE: 0.84584

[Epoch 8/20] Training Loss: 0.81880	Elapsed Time: 121.87s (0:02:01)
[Epoch 8] [Dev]  MSE: 1.01466, MAE: 0.78587
[Epoch 8] [Test] MSE: 1.10564, MAE: 0.84819

[Epoch 9/20] Training Loss: 0.73383	Elapsed Time: 137.11s (0:02:17)
[Epoch 9] [Dev]  MSE: 1.02754, MAE: 0.78566
[Epoch 9] [Test] MSE: 1.12019, MAE: 0.84933

[Epoch 10/20] Training Loss: 0.65911	Elapsed Time: 152.35s (0:02:32)
[Epoch 10] [Dev]  MSE: 1.03457, MAE: 0.77927
[Epoch 10] [Test] MSE: 1.13569, MAE: 0.84415

[Epoch 11/20] Training Loss: 0.59142	Elapsed Time: 167.58s (0:02:47)
[Epoch 11] [Dev]  MSE: 1.05184, MAE: 0.78215
[Epoch 11] [Test] MSE: 1.16275, MAE: 0.85824

[Epoch 12/20] Training Loss: 0.52652	Elapsed Time: 182.99s (0:03:02)
[Epoch 12] [Dev]  MSE: 1.07081, MAE: 0.78120
[Epoch 12] [Test] MSE: 1.18273, MAE: 0.85500

[Epoch 13/20] Training Loss: 0.47052	Elapsed Time: 198.37s (0:03:18)
[Epoch 13] [Dev]  MSE: 1.09193, MAE: 0.78971
[Epoch 13] [Test] MSE: 1.20894, MAE: 0.86100

[Epoch 14/20] Training Loss: 0.41945	Elapsed Time: 213.59s (0:03:33)
[Epoch 14] [Dev]  MSE: 1.10839, MAE: 0.79264
[Epoch 14] [Test] MSE: 1.22773, MAE: 0.86797

[Epoch 15/20] Training Loss: 0.37356	Elapsed Time: 228.85s (0:03:48)
[Epoch 15] [Dev]  MSE: 1.11883, MAE: 0.78625
[Epoch 15] [Test] MSE: 1.24989, MAE: 0.86020

[Epoch 16/20] Training Loss: 0.33263	Elapsed Time: 244.01s (0:04:04)
[Epoch 16] [Dev]  MSE: 1.13362, MAE: 0.79505
[Epoch 16] [Test] MSE: 1.28211, MAE: 0.87751

[Epoch 17/20] Training Loss: 0.29600	Elapsed Time: 259.19s (0:04:19)
[Epoch 17] [Dev]  MSE: 1.15450, MAE: 0.79488
[Epoch 17] [Test] MSE: 1.31494, MAE: 0.87931

[Epoch 18/20] Training Loss: 0.26323	Elapsed Time: 274.59s (0:04:34)
[Epoch 18] [Dev]  MSE: 1.16814, MAE: 0.79282
[Epoch 18] [Test] MSE: 1.32949, MAE: 0.87605

[Epoch 19/20] Training Loss: 0.23454	Elapsed Time: 289.94s (0:04:49)
[Epoch 19] [Dev]  MSE: 1.18266, MAE: 0.79590
[Epoch 19] [Test] MSE: 1.34240, MAE: 0.87768

[Epoch 20/20] Training Loss: 0.20828	Elapsed Time: 305.17s (0:05:05)
[Epoch 20] [Dev]  MSE: 1.19078, MAE: 0.79830
[Epoch 20] [Test] MSE: 1.37125, MAE: 0.88471
*** The Last MODEL saved to "./__saved_models__/Small_Clothing - ANR/Small_Clothing_1234_20.pth"

[Training Loss]
[9.89435, 5.05846, 3.16609, 2.0216, 1.33529, 1.03646, 0.91123, 0.8188, 0.73383, 0.65911, 0.59142, 0.52652, 0.47052, 0.41945, 0.37356, 0.33263, 0.296, 0.26323, 0.23454, 0.20828]

[Dev MSE]
[4.28821, 2.30427, 1.53861, 1.28846, 1.04494, 1.00466, 1.01047, 1.01466, 1.02754, 1.03457, 1.05184, 1.07081, 1.09193, 1.10839, 1.11883, 1.13362, 1.1545, 1.16814, 1.18266, 1.19078]
[Test MSE]
[4.71305, 2.5766, 1.71531, 1.49574, 1.13677, 1.09682, 1.0916, 1.10564, 1.12019, 1.13569, 1.16275, 1.18273, 1.20894, 1.22773, 1.24989, 1.28211, 1.31494, 1.32949, 1.3424, 1.37125]
[Test MAE]
[2.0201, 1.47275, 1.18281, 1.0832, 0.89578, 0.85846, 0.84584, 0.84819, 0.84933, 0.84415, 0.85824, 0.855, 0.861, 0.86797, 0.8602, 0.87751, 0.87931, 0.87605, 0.87768, 0.88471]


Best Dev MSE: 1.00466 (Obtained during Evaluation #6)
Test MSE: 1.09682, Test MAE: 0.85846

End of Program! Elapsed Time: 307.52s (0:05:07)
