========================================================================================================================
  ARL_lr: 0.01
  ARL_path: Small_Clothing_ANRS_1337
  batch_size: 128
  channels_global: 100
  channels_local: 200
  command: -d Small_Clothing -m ANR -e 20 -p 1 -v 43947 -rs 1234 -gpu 0 -vb 1 -sm Small_Clothing -ARL_path Small_Clothing_ANRS_1337
  ctx_win_size: 3
  dataset: Small_Clothing
  disable_initial_eval: 0
  dropout_rate: 0.5
  epochs: 20
  gpu: 0
  h1: 10
  h2: 50
  hidden_size: 500
  input_dir: ./datasets/Small_Clothing/
  L2_reg: 1e-06
  learning_rate: 0.002
  loss_function: MSELoss
  max_doc_len: 500
  max_vis_len: 500
  model: ANR
  num_aspects: 5
  optimizer: Adam
  out_dir: ./experimental_results/Small_Clothing - ANR/
  output_size: 50
  pretrained_src: 1
  random_seed: 1234
  save_model: Small_Clothing
  use_cuda: True
  verbose: 1
  vocab_size: 43947
  word_embed_dim: 300
========================================================================================================================

[INFO] # of Users: 77,930, # of Items: 59,172

Creating model (Selected Model: ANR)..
[args.use_cuda: True] Model is on the GPU! (args.gpu: 0, torch.cuda.current_device(): 0)
Model created! Elapsed Time: 1.89s (0.03 minute)

Loading uid_userDoc from "./datasets/Small_Clothing/Small_Clothing_uid_userDoc.npy"..
uid_userDoc loaded! [uid_userDoc: (77930, 500)]

Loading iid_itemDoc from "./datasets/Small_Clothing/Small_Clothing_iid_itemDoc.npy"..
iid_itemDoc loaded! [iid_itemDoc: (59172, 500)]

Loading pretrained word embeddings from "./datasets/Small_Clothing/Small_Clothing_wid_wordEmbed.npy"..
Pretrained word embeddings loaded! [wid_wEmbed: (43949, 300)]

Loading pretrained ARL weights of "ANR" for dataset "Small_Clothing" from "./__saved_models__/Small_Clothing - ANRS/Small_Clothing_ANRS_1337.pth"!
Loading pretrained ARL weights on GPU "0"!

Loaded pretrained model states:

	shared_ANR_ARL.aspProj
	shared_ANR_ARL.aspEmbed.weight

Pretrained model states transferred to current model!

*** "shared_ANR_ARL.aspProj, shared_ANR_ARL.aspEmbed.weight" are FINE-TUNED!! ***


Initialization Complete.. Elapsed Time: 2.15s (0.04 minute)

Train/Dev/Test splits loaded! |TRAIN|: 80,000, |DEV|: 150, |TEST|: 166
Train/Dev/Test splits loaded! Elapsed Time: 2.17s (0.04 minute)

Performing initial evaluation for VALIDATION set..
[Initial] [Dev]  MSE: 18.57985, MAE: 4.18347

Performing initial evaluation for TESTING set..
[Initial] [Test] MSE: 19.34735, MAE: 4.28270

Initial Evaluation Complete.. Elapsed Time: 2.32s (0.04 minute)

Parameters that are fine-tuned using a smaller LR (LR: 2e-05):
shared_ANR_ARL.aspProj, shared_ANR_ARL.aspEmbed.weight

Parameters with L2 Regularization (Regularization Strength: 1e-06):
ANR_RatingPred.uid_userOffset.weight, ANR_RatingPred.iid_itemOffset.weight

Optimizer: Adam, Loss Function: MSELoss

Model Size: 81,889,153
# of Trainable Parameters: 153,453
ANR (
  (uid_userDoc): Embedding(77930, 500), weights = ((77930, 500),), parameters = 38,965,000
  (iid_itemDoc): Embedding(59172, 500), weights = ((59172, 500),), parameters = 29,586,000
  (wid_wEmbed): Embedding(43949, 300), weights = ((43949, 300),), parameters = 13,184,700
  (shared_ANR_ARL): ANR_ARL(
    (aspEmbed): Embedding(5, 30)
    (aspProj): Parameter(5, 300, 10)
  ), weights = ((5, 300, 10), (5, 30)), parameters = 15,150 (Trainable)
  (ANR_AIE): ANR_AIE(  (W_a): Parameter(10, 10)
    (W_u): Parameter(50, 10)
    (w_hu): Parameter(50, 1)
    (W_i): Parameter(50, 10)
    (w_hi): Parameter(50, 1)
  ), weights = ((10, 10), (50, 10), (50, 1), (50, 10), (50, 1)), parameters = 1,200 (Trainable)
  (ANR_RatingPred): ANR_RatingPred(
    (userAspRepDropout): Dropout(p=0.5, inplace=False)
    (itemAspRepDropout): Dropout(p=0.5, inplace=False)
    (uid_userOffset): Embedding(77930, 1)
    (iid_itemOffset): Embedding(59172, 1)
    (globalOffset): Parameter(1,)
  ), weights = ((1,), (77930, 1), (59172, 1)), parameters = 137,103 (Trainable)
)
========================================================================================================================

[Epoch 1/20] Training Loss: 8.70780	Elapsed Time: 15.04s (0:00:15)
[Epoch 1] [Dev]  MSE: 3.35083, MAE: 1.64664
[Epoch 1] [Test] MSE: 3.71532, MAE: 1.77507

*** MODEL has obtained the best DEV MSE of 3.35083 so far!
*** The Best MODEL saved to "./__saved_models__/Small_Clothing - ANR/Small_Clothing_1234.pth"

[Epoch 2/20] Training Loss: 3.42563	Elapsed Time: 29.98s (0:00:29)
[Epoch 2] [Dev]  MSE: 1.58964, MAE: 1.10686
[Epoch 2] [Test] MSE: 1.79199, MAE: 1.18533

*** MODEL has obtained the best DEV MSE of 1.58964 so far!
*** The Best MODEL saved to "./__saved_models__/Small_Clothing - ANR/Small_Clothing_1234.pth"

[Epoch 3/20] Training Loss: 2.47772	Elapsed Time: 44.98s (0:00:44)
[Epoch 3] [Dev]  MSE: 1.26610, MAE: 0.96847
[Epoch 3] [Test] MSE: 1.40704, MAE: 1.02878

*** MODEL has obtained the best DEV MSE of 1.26610 so far!
*** The Best MODEL saved to "./__saved_models__/Small_Clothing - ANR/Small_Clothing_1234.pth"

[Epoch 4/20] Training Loss: 1.89575	Elapsed Time: 59.92s (0:00:59)
[Epoch 4] [Dev]  MSE: 1.12954, MAE: 0.89089
[Epoch 4] [Test] MSE: 1.23662, MAE: 0.94618

*** MODEL has obtained the best DEV MSE of 1.12954 so far!
*** The Best MODEL saved to "./__saved_models__/Small_Clothing - ANR/Small_Clothing_1234.pth"

[Epoch 5/20] Training Loss: 1.50401	Elapsed Time: 74.89s (0:01:14)
[Epoch 5] [Dev]  MSE: 1.06057, MAE: 0.84267
[Epoch 5] [Test] MSE: 1.14293, MAE: 0.89220

*** MODEL has obtained the best DEV MSE of 1.06057 so far!
*** The Best MODEL saved to "./__saved_models__/Small_Clothing - ANR/Small_Clothing_1234.pth"

[Epoch 6/20] Training Loss: 1.16178	Elapsed Time: 89.86s (0:01:29)
[Epoch 6] [Dev]  MSE: 1.03888, MAE: 0.80339
[Epoch 6] [Test] MSE: 1.19376, MAE: 0.87948

*** MODEL has obtained the best DEV MSE of 1.03888 so far!
*** The Best MODEL saved to "./__saved_models__/Small_Clothing - ANR/Small_Clothing_1234.pth"

[Epoch 7/20] Training Loss: 0.90466	Elapsed Time: 104.89s (0:01:44)
[Epoch 7] [Dev]  MSE: 1.02332, MAE: 0.78605
[Epoch 7] [Test] MSE: 1.15686, MAE: 0.85684

*** MODEL has obtained the best DEV MSE of 1.02332 so far!
*** The Best MODEL saved to "./__saved_models__/Small_Clothing - ANR/Small_Clothing_1234.pth"

[Epoch 8/20] Training Loss: 0.78121	Elapsed Time: 119.86s (0:01:59)
[Epoch 8] [Dev]  MSE: 1.03819, MAE: 0.77631
[Epoch 8] [Test] MSE: 1.14946, MAE: 0.83713

[Epoch 9/20] Training Loss: 0.69987	Elapsed Time: 134.93s (0:02:14)
[Epoch 9] [Dev]  MSE: 1.03946, MAE: 0.78633
[Epoch 9] [Test] MSE: 1.15939, MAE: 0.84923

[Epoch 10/20] Training Loss: 0.62567	Elapsed Time: 149.84s (0:02:29)
[Epoch 10] [Dev]  MSE: 1.04009, MAE: 0.78439
[Epoch 10] [Test] MSE: 1.16074, MAE: 0.85165

[Epoch 11/20] Training Loss: 0.56316	Elapsed Time: 164.79s (0:02:44)
[Epoch 11] [Dev]  MSE: 1.05901, MAE: 0.78133
[Epoch 11] [Test] MSE: 1.19770, MAE: 0.85743

[Epoch 12/20] Training Loss: 0.50277	Elapsed Time: 179.69s (0:02:59)
[Epoch 12] [Dev]  MSE: 1.08348, MAE: 0.78601
[Epoch 12] [Test] MSE: 1.19716, MAE: 0.84604

[Epoch 13/20] Training Loss: 0.45040	Elapsed Time: 194.65s (0:03:14)
[Epoch 13] [Dev]  MSE: 1.08992, MAE: 0.78134
[Epoch 13] [Test] MSE: 1.24159, MAE: 0.85660

[Epoch 14/20] Training Loss: 0.40292	Elapsed Time: 209.57s (0:03:29)
[Epoch 14] [Dev]  MSE: 1.10283, MAE: 0.78346
[Epoch 14] [Test] MSE: 1.24615, MAE: 0.86163

[Epoch 15/20] Training Loss: 0.35965	Elapsed Time: 224.53s (0:03:44)
[Epoch 15] [Dev]  MSE: 1.12409, MAE: 0.78597
[Epoch 15] [Test] MSE: 1.27911, MAE: 0.85786

[Epoch 16/20] Training Loss: 0.32144	Elapsed Time: 239.47s (0:03:59)
[Epoch 16] [Dev]  MSE: 1.13844, MAE: 0.79421
[Epoch 16] [Test] MSE: 1.31285, MAE: 0.87708

[Epoch 17/20] Training Loss: 0.28774	Elapsed Time: 254.45s (0:04:14)
[Epoch 17] [Dev]  MSE: 1.14561, MAE: 0.79310
[Epoch 17] [Test] MSE: 1.34185, MAE: 0.88298

[Epoch 18/20] Training Loss: 0.25696	Elapsed Time: 269.38s (0:04:29)
[Epoch 18] [Dev]  MSE: 1.16014, MAE: 0.79694
[Epoch 18] [Test] MSE: 1.34982, MAE: 0.87947

[Epoch 19/20] Training Loss: 0.22931	Elapsed Time: 284.31s (0:04:44)
[Epoch 19] [Dev]  MSE: 1.17495, MAE: 0.79726
[Epoch 19] [Test] MSE: 1.38489, MAE: 0.88711

[Epoch 20/20] Training Loss: 0.20577	Elapsed Time: 299.23s (0:04:59)
[Epoch 20] [Dev]  MSE: 1.17744, MAE: 0.80099
[Epoch 20] [Test] MSE: 1.41447, MAE: 0.90402
*** The Last MODEL saved to "./__saved_models__/Small_Clothing - ANR/Small_Clothing_1234_20.pth"

[Training Loss]
[8.7078, 3.42563, 2.47772, 1.89575, 1.50401, 1.16178, 0.90466, 0.78121, 0.69987, 0.62567, 0.56316, 0.50277, 0.4504, 0.40292, 0.35965, 0.32144, 0.28774, 0.25696, 0.22931, 0.20577]

[Dev MSE]
[3.35083, 1.58964, 1.2661, 1.12954, 1.06057, 1.03888, 1.02332, 1.03819, 1.03946, 1.04009, 1.05901, 1.08348, 1.08992, 1.10283, 1.12409, 1.13844, 1.14561, 1.16014, 1.17495, 1.17744]
[Test MSE]
[3.71532, 1.79199, 1.40704, 1.23662, 1.14293, 1.19376, 1.15686, 1.14946, 1.15939, 1.16074, 1.1977, 1.19716, 1.24159, 1.24615, 1.27911, 1.31285, 1.34185, 1.34982, 1.38489, 1.41447]
[Test MAE]
[1.77507, 1.18533, 1.02878, 0.94618, 0.8922, 0.87948, 0.85684, 0.83713, 0.84923, 0.85165, 0.85743, 0.84604, 0.8566, 0.86163, 0.85786, 0.87708, 0.88298, 0.87947, 0.88711, 0.90402]


Best Dev MSE: 1.02332 (Obtained during Evaluation #7)
Test MSE: 1.15686, Test MAE: 0.85684

End of Program! Elapsed Time: 301.59s (0:05:01)
