========================================================================================================================
  ARL_lr: 0.01
  ARL_path: Small_Clothing_ANRS_1337
  batch_size: 128
  channels_global: 100
  channels_local: 200
  command: -d Small_Clothing -m ANR -e 12 -lr 2E-3 -bs 128 -dr 0.5 -p 1 -v 43947 -rs 1234 -gpu 0 -vb 1 -sm Small_Clothing -ARL_path Small_Clothing_ANRS_1337
  ctx_win_size: 3
  dataset: Small_Clothing
  disable_initial_eval: 0
  dropout_rate: 0.5
  epochs: 12
  gpu: 0
  h1: 10
  h2: 50
  hidden_size: 500
  input_dir: ./datasets/Small_Clothing/
  L2_reg: 1e-06
  learning_rate: 0.002
  loss_function: MSELoss
  max_doc_len: 500
  max_vis_len: 500
  model: ANR
  num_aspects: 5
  optimizer: Adam
  out_dir: ./experimental_results/Small_Clothing - ANR/
  output_size: 50
  pretrained_src: 1
  random_seed: 1234
  save_model: Small_Clothing
  use_cuda: True
  verbose: 1
  vocab_size: 43947
  word_embed_dim: 300
========================================================================================================================

[INFO] # of Users: 77,930, # of Items: 59,172

Creating model (Selected Model: ANR)..
[args.use_cuda: True] Model is on the GPU! (args.gpu: 0, torch.cuda.current_device(): 0)
Model created! Elapsed Time: 1.87s (0.03 minute)

Loading uid_userDoc from "./datasets/Small_Clothing/Small_Clothing_uid_userDoc.npy"..
uid_userDoc loaded! [uid_userDoc: (77930, 500)]

Loading iid_itemDoc from "./datasets/Small_Clothing/Small_Clothing_iid_itemDoc.npy"..
iid_itemDoc loaded! [iid_itemDoc: (59172, 500)]

Loading pretrained word embeddings from "./datasets/Small_Clothing/Small_Clothing_wid_wordEmbed.npy"..
Pretrained word embeddings loaded! [wid_wEmbed: (43949, 300)]

Loading pretrained ARL weights of "ANR" for dataset "Small_Clothing" from "./__saved_models__/Small_Clothing - ANRS/Small_Clothing_ANRS_1337.pth"!
Loading pretrained ARL weights on GPU "0"!

Loaded pretrained model states:

	shared_ANR_ARL.aspProj
	shared_ANR_ARL.aspEmbed.weight

Pretrained model states transferred to current model!

*** "shared_ANR_ARL.aspProj, shared_ANR_ARL.aspEmbed.weight" are FINE-TUNED!! ***


Initialization Complete.. Elapsed Time: 2.15s (0.04 minute)

Train/Dev/Test splits loaded! |TRAIN|: 80,000, |DEV|: 150, |TEST|: 166
Train/Dev/Test splits loaded! Elapsed Time: 2.17s (0.04 minute)

Performing initial evaluation for VALIDATION set..
[Initial] [Dev]  MSE: 18.92568, MAE: 4.22385

Performing initial evaluation for TESTING set..
[Initial] [Test] MSE: 19.68565, MAE: 4.32195

Initial Evaluation Complete.. Elapsed Time: 2.33s (0.04 minute)

Parameters that are fine-tuned using a smaller LR (LR: 2e-05):
shared_ANR_ARL.aspProj, shared_ANR_ARL.aspEmbed.weight

Parameters with L2 Regularization (Regularization Strength: 1e-06):
ANR_RatingPred.uid_userOffset.weight, ANR_RatingPred.iid_itemOffset.weight

Optimizer: Adam, Loss Function: MSELoss

Model Size: 81,889,153
# of Trainable Parameters: 153,453
ANR (
  (uid_userDoc): Embedding(77930, 500), weights = ((77930, 500),), parameters = 38,965,000
  (iid_itemDoc): Embedding(59172, 500), weights = ((59172, 500),), parameters = 29,586,000
  (wid_wEmbed): Embedding(43949, 300), weights = ((43949, 300),), parameters = 13,184,700
  (shared_ANR_ARL): ANR_ARL(
    (aspEmbed): Embedding(5, 30)
    (aspProj): Parameter(5, 300, 10)
  ), weights = ((5, 300, 10), (5, 30)), parameters = 15,150 (Trainable)
  (ANR_AIE): ANR_AIE(  (W_a): Parameter(10, 10)
    (W_u): Parameter(50, 10)
    (w_hu): Parameter(50, 1)
    (W_i): Parameter(50, 10)
    (w_hi): Parameter(50, 1)
  ), weights = ((10, 10), (50, 10), (50, 1), (50, 10), (50, 1)), parameters = 1,200 (Trainable)
  (ANR_RatingPred): ANR_RatingPred(
    (userAspRepDropout): Dropout(p=0.5, inplace=False)
    (itemAspRepDropout): Dropout(p=0.5, inplace=False)
    (uid_userOffset): Embedding(77930, 1)
    (iid_itemOffset): Embedding(59172, 1)
    (globalOffset): Parameter(1,)
  ), weights = ((1,), (77930, 1), (59172, 1)), parameters = 137,103 (Trainable)
)
========================================================================================================================

[Epoch 1/12] Training Loss: 11.37484	Elapsed Time: 15.42s (0:00:15)
[Epoch 1] [Dev]  MSE: 5.63067, MAE: 2.18802
[Epoch 1] [Test] MSE: 6.31447, MAE: 2.34783

*** MODEL has obtained the best DEV MSE of 5.63067 so far!
*** The Best MODEL saved to "./__saved_models__/Small_Clothing - ANR/Small_Clothing_1234.pth"

[Epoch 2/12] Training Loss: 3.93625	Elapsed Time: 30.69s (0:00:30)
[Epoch 2] [Dev]  MSE: 1.89734, MAE: 1.21363
[Epoch 2] [Test] MSE: 2.23956, MAE: 1.34828

*** MODEL has obtained the best DEV MSE of 1.89734 so far!
*** The Best MODEL saved to "./__saved_models__/Small_Clothing - ANR/Small_Clothing_1234.pth"

[Epoch 3/12] Training Loss: 2.44266	Elapsed Time: 45.92s (0:00:45)
[Epoch 3] [Dev]  MSE: 1.34909, MAE: 0.99561
[Epoch 3] [Test] MSE: 1.56301, MAE: 1.10079

*** MODEL has obtained the best DEV MSE of 1.34909 so far!
*** The Best MODEL saved to "./__saved_models__/Small_Clothing - ANR/Small_Clothing_1234.pth"

[Epoch 4/12] Training Loss: 1.87117	Elapsed Time: 61.18s (0:01:01)
[Epoch 4] [Dev]  MSE: 1.17324, MAE: 0.90995
[Epoch 4] [Test] MSE: 1.32952, MAE: 0.99710

*** MODEL has obtained the best DEV MSE of 1.17324 so far!
*** The Best MODEL saved to "./__saved_models__/Small_Clothing - ANR/Small_Clothing_1234.pth"

[Epoch 5/12] Training Loss: 1.47885	Elapsed Time: 76.43s (0:01:16)
[Epoch 5] [Dev]  MSE: 1.09786, MAE: 0.86492
[Epoch 5] [Test] MSE: 1.21154, MAE: 0.93709

*** MODEL has obtained the best DEV MSE of 1.09786 so far!
*** The Best MODEL saved to "./__saved_models__/Small_Clothing - ANR/Small_Clothing_1234.pth"

[Epoch 6/12] Training Loss: 1.21248	Elapsed Time: 91.69s (0:01:31)
[Epoch 6] [Dev]  MSE: 1.05590, MAE: 0.83279
[Epoch 6] [Test] MSE: 1.14349, MAE: 0.89649

*** MODEL has obtained the best DEV MSE of 1.05590 so far!
*** The Best MODEL saved to "./__saved_models__/Small_Clothing - ANR/Small_Clothing_1234.pth"

[Epoch 7/12] Training Loss: 1.01631	Elapsed Time: 106.94s (0:01:46)
[Epoch 7] [Dev]  MSE: 1.03772, MAE: 0.81205
[Epoch 7] [Test] MSE: 1.11099, MAE: 0.87103

*** MODEL has obtained the best DEV MSE of 1.03772 so far!
*** The Best MODEL saved to "./__saved_models__/Small_Clothing - ANR/Small_Clothing_1234.pth"

[Epoch 8/12] Training Loss: 0.87264	Elapsed Time: 122.20s (0:02:02)
[Epoch 8] [Dev]  MSE: 1.05093, MAE: 0.79731
[Epoch 8] [Test] MSE: 1.11396, MAE: 0.85077

[Epoch 9/12] Training Loss: 0.73156	Elapsed Time: 137.46s (0:02:17)
[Epoch 9] [Dev]  MSE: 1.05377, MAE: 0.79621
[Epoch 9] [Test] MSE: 1.13664, MAE: 0.84793

[Epoch 10/12] Training Loss: 0.65101	Elapsed Time: 152.82s (0:02:32)
[Epoch 10] [Dev]  MSE: 1.05831, MAE: 0.79332
[Epoch 10] [Test] MSE: 1.15359, MAE: 0.84917
