========================================================================================================================
  ARL_lr: 0.01
  ARL_path: Small_Clothing_ANRS_1337
  batch_size: 128
  channels_global: 100
  channels_local: 200
  command: -d Small_Clothing -m ANR -e 10 -lr 2E-3 -bs 128 -dr 0.8 -p 1 -v 43947 -rs 1234 -gpu 0 -vb 1 -sm Small_Clothing -ARL_path Small_Clothing_ANRS_1337
  ctx_win_size: 3
  dataset: Small_Clothing
  disable_initial_eval: 0
  dropout_rate: 0.8
  epochs: 10
  gpu: 0
  h1: 10
  h2: 50
  hidden_size: 500
  input_dir: ./datasets/Small_Clothing/
  L2_reg: 1e-06
  learning_rate: 0.002
  loss_function: MSELoss
  max_doc_len: 500
  max_vis_len: 500
  model: ANR
  num_aspects: 5
  optimizer: Adam
  out_dir: ./experimental_results/Small_Clothing - ANR/
  output_size: 50
  pretrained_src: 1
  random_seed: 1234
  save_model: Small_Clothing
  use_cuda: True
  verbose: 1
  vocab_size: 43947
  word_embed_dim: 300
========================================================================================================================

[INFO] # of Users: 77,930, # of Items: 59,172

Creating model (Selected Model: ANR)..
[args.use_cuda: True] Model is on the GPU! (args.gpu: 0, torch.cuda.current_device(): 0)
Model created! Elapsed Time: 1.88s (0.03 minute)

Loading uid_userDoc from "./datasets/Small_Clothing/Small_Clothing_uid_userDoc.npy"..
uid_userDoc loaded! [uid_userDoc: (77930, 500)]

Loading iid_itemDoc from "./datasets/Small_Clothing/Small_Clothing_iid_itemDoc.npy"..
iid_itemDoc loaded! [iid_itemDoc: (59172, 500)]

Loading pretrained word embeddings from "./datasets/Small_Clothing/Small_Clothing_wid_wordEmbed.npy"..
Pretrained word embeddings loaded! [wid_wEmbed: (43949, 300)]

Loading pretrained ARL weights of "ANR" for dataset "Small_Clothing" from "./__saved_models__/Small_Clothing - ANRS/Small_Clothing_ANRS_1337.pth"!
Loading pretrained ARL weights on GPU "0"!

Loaded pretrained model states:

	shared_ANR_ARL.aspProj
	shared_ANR_ARL.aspEmbed.weight

Pretrained model states transferred to current model!

*** "shared_ANR_ARL.aspProj, shared_ANR_ARL.aspEmbed.weight" are FINE-TUNED!! ***


Initialization Complete.. Elapsed Time: 2.13s (0.04 minute)

Train/Dev/Test splits loaded! |TRAIN|: 80,000, |DEV|: 150, |TEST|: 166
Train/Dev/Test splits loaded! Elapsed Time: 2.15s (0.04 minute)

Performing initial evaluation for VALIDATION set..
[Initial] [Dev]  MSE: 18.57985, MAE: 4.18347

Performing initial evaluation for TESTING set..
[Initial] [Test] MSE: 19.34735, MAE: 4.28270

Initial Evaluation Complete.. Elapsed Time: 2.31s (0.04 minute)

Parameters that are fine-tuned using a smaller LR (LR: 2e-05):
shared_ANR_ARL.aspProj, shared_ANR_ARL.aspEmbed.weight

Parameters with L2 Regularization (Regularization Strength: 1e-06):
ANR_RatingPred.uid_userOffset.weight, ANR_RatingPred.iid_itemOffset.weight

Optimizer: Adam, Loss Function: MSELoss

Model Size: 81,889,153
# of Trainable Parameters: 153,453
ANR (
  (uid_userDoc): Embedding(77930, 500), weights = ((77930, 500),), parameters = 38,965,000
  (iid_itemDoc): Embedding(59172, 500), weights = ((59172, 500),), parameters = 29,586,000
  (wid_wEmbed): Embedding(43949, 300), weights = ((43949, 300),), parameters = 13,184,700
  (shared_ANR_ARL): ANR_ARL(
    (aspEmbed): Embedding(5, 30)
    (aspProj): Parameter(5, 300, 10)
  ), weights = ((5, 300, 10), (5, 30)), parameters = 15,150 (Trainable)
  (ANR_AIE): ANR_AIE(  (W_a): Parameter(10, 10)
    (W_u): Parameter(50, 10)
    (w_hu): Parameter(50, 1)
    (W_i): Parameter(50, 10)
    (w_hi): Parameter(50, 1)
  ), weights = ((10, 10), (50, 10), (50, 1), (50, 10), (50, 1)), parameters = 1,200 (Trainable)
  (ANR_RatingPred): ANR_RatingPred(
    (userAspRepDropout): Dropout(p=0.8, inplace=False)
    (itemAspRepDropout): Dropout(p=0.8, inplace=False)
    (uid_userOffset): Embedding(77930, 1)
    (iid_itemOffset): Embedding(59172, 1)
    (globalOffset): Parameter(1,)
  ), weights = ((1,), (77930, 1), (59172, 1)), parameters = 137,103 (Trainable)
)
========================================================================================================================

[Epoch 1/10] Training Loss: 11.31524	Elapsed Time: 15.42s (0:00:15)
[Epoch 1] [Dev]  MSE: 5.86119, MAE: 2.25048
[Epoch 1] [Test] MSE: 6.35327, MAE: 2.37251

*** MODEL has obtained the best DEV MSE of 5.86119 so far!
*** The Best MODEL saved to "./__saved_models__/Small_Clothing - ANR/Small_Clothing_1234.pth"

[Epoch 2/10] Training Loss: 6.07867	Elapsed Time: 30.67s (0:00:30)
[Epoch 2] [Dev]  MSE: 3.12436, MAE: 1.61724
[Epoch 2] [Test] MSE: 3.43341, MAE: 1.71357

*** MODEL has obtained the best DEV MSE of 3.12436 so far!
*** The Best MODEL saved to "./__saved_models__/Small_Clothing - ANR/Small_Clothing_1234.pth"

[Epoch 3/10] Training Loss: 3.36818	Elapsed Time: 45.92s (0:00:45)
[Epoch 3] [Dev]  MSE: 1.81001, MAE: 1.21760
[Epoch 3] [Test] MSE: 2.00694, MAE: 1.29269

*** MODEL has obtained the best DEV MSE of 1.81001 so far!
*** The Best MODEL saved to "./__saved_models__/Small_Clothing - ANR/Small_Clothing_1234.pth"

[Epoch 4/10] Training Loss: 1.86937	Elapsed Time: 61.20s (0:01:01)
[Epoch 4] [Dev]  MSE: 1.19687, MAE: 0.94926
[Epoch 4] [Test] MSE: 1.30509, MAE: 0.99867

*** MODEL has obtained the best DEV MSE of 1.19687 so far!
*** The Best MODEL saved to "./__saved_models__/Small_Clothing - ANR/Small_Clothing_1234.pth"

[Epoch 5/10] Training Loss: 1.28212	Elapsed Time: 76.42s (0:01:16)
[Epoch 5] [Dev]  MSE: 1.04819, MAE: 0.84427
[Epoch 5] [Test] MSE: 1.11250, MAE: 0.88190

*** MODEL has obtained the best DEV MSE of 1.04819 so far!
*** The Best MODEL saved to "./__saved_models__/Small_Clothing - ANR/Small_Clothing_1234.pth"

[Epoch 6/10] Training Loss: 1.08220	Elapsed Time: 91.65s (0:01:31)
[Epoch 6] [Dev]  MSE: 1.02166, MAE: 0.81246
[Epoch 6] [Test] MSE: 1.05702, MAE: 0.84325

*** MODEL has obtained the best DEV MSE of 1.02166 so far!
*** The Best MODEL saved to "./__saved_models__/Small_Clothing - ANR/Small_Clothing_1234.pth"

[Epoch 7/10] Training Loss: 0.96461	Elapsed Time: 106.90s (0:01:46)
[Epoch 7] [Dev]  MSE: 1.02198, MAE: 0.80468
[Epoch 7] [Test] MSE: 1.04996, MAE: 0.83384

[Epoch 8/10] Training Loss: 0.87027	Elapsed Time: 122.15s (0:02:02)
[Epoch 8] [Dev]  MSE: 1.02535, MAE: 0.79489
[Epoch 8] [Test] MSE: 1.05040, MAE: 0.82503

[Epoch 9/10] Training Loss: 0.78059	Elapsed Time: 137.40s (0:02:17)
[Epoch 9] [Dev]  MSE: 1.02677, MAE: 0.78959
[Epoch 9] [Test] MSE: 1.06707, MAE: 0.82672

[Epoch 10/10] Training Loss: 0.69947	Elapsed Time: 152.62s (0:02:32)
[Epoch 10] [Dev]  MSE: 1.03686, MAE: 0.79067
[Epoch 10] [Test] MSE: 1.08177, MAE: 0.82867
*** The Last MODEL saved to "./__saved_models__/Small_Clothing - ANR/Small_Clothing_1234_10.pth"

[Training Loss]
[11.31524, 6.07867, 3.36818, 1.86937, 1.28212, 1.0822, 0.96461, 0.87027, 0.78059, 0.69947]

[Dev MSE]
[5.86119, 3.12436, 1.81001, 1.19687, 1.04819, 1.02166, 1.02198, 1.02535, 1.02677, 1.03686]
[Test MSE]
[6.35327, 3.43341, 2.00694, 1.30509, 1.1125, 1.05702, 1.04996, 1.0504, 1.06707, 1.08177]
[Test MAE]
[2.37251, 1.71357, 1.29269, 0.99867, 0.8819, 0.84325, 0.83384, 0.82503, 0.82672, 0.82867]


Best Dev MSE: 1.02166 (Obtained during Evaluation #6)
Test MSE: 1.05702, Test MAE: 0.84325

End of Program! Elapsed Time: 154.96s (0:02:34)
