========================================================================================================================
  ARL_lr: 0.01
  ARL_path: 
  batch_size: 128
  channels_global: 100
  channels_local: 200
  command: -d Small_Clothing -m ANR -e 12 -lr 2E-3 -bs 128 -dr 0.9 -p 1 -v 43947 -rs 1234 -gpu 0 -vb 1 -sm Small_Clothing
  ctx_win_size: 3
  dataset: Small_Clothing
  disable_initial_eval: 0
  dropout_rate: 0.9
  epochs: 12
  gpu: 0
  h1: 10
  h2: 50
  hidden_size: 500
  input_dir: ./datasets/Small_Clothing/
  L2_reg: 1e-06
  learning_rate: 0.002
  loss_function: MSELoss
  max_doc_len: 500
  max_vis_len: 500
  model: ANR
  num_aspects: 5
  optimizer: Adam
  out_dir: ./experimental_results/Small_Clothing - ANR/
  output_size: 50
  pretrained_src: 1
  random_seed: 1234
  save_model: Small_Clothing
  use_cuda: True
  verbose: 1
  vocab_size: 43947
  word_embed_dim: 300
========================================================================================================================

[INFO] # of Users: 77,930, # of Items: 59,172

Creating model (Selected Model: ANR)..
[args.use_cuda: True] Model is on the GPU! (args.gpu: 0, torch.cuda.current_device(): 0)
Model created! Elapsed Time: 1.86s (0.03 minute)

Loading uid_userDoc from "./datasets/Small_Clothing/Small_Clothing_uid_userDoc.npy"..
uid_userDoc loaded! [uid_userDoc: (77930, 500)]

Loading iid_itemDoc from "./datasets/Small_Clothing/Small_Clothing_iid_itemDoc.npy"..
iid_itemDoc loaded! [iid_itemDoc: (59172, 500)]

Loading pretrained word embeddings from "./datasets/Small_Clothing/Small_Clothing_wid_wordEmbed.npy"..
Pretrained word embeddings loaded! [wid_wEmbed: (43949, 300)]

Initialization Complete.. Elapsed Time: 2.11s (0.04 minute)

Train/Dev/Test splits loaded! |TRAIN|: 80,000, |DEV|: 150, |TEST|: 166
Train/Dev/Test splits loaded! Elapsed Time: 2.13s (0.04 minute)

Performing initial evaluation for VALIDATION set..
[Initial] [Dev]  MSE: 19.06665, MAE: 4.24000

Performing initial evaluation for TESTING set..
[Initial] [Test] MSE: 19.81926, MAE: 4.33735

Initial Evaluation Complete.. Elapsed Time: 2.29s (0.04 minute)

Parameters with L2 Regularization (Regularization Strength: 1e-06):
ANR_RatingPred.uid_userOffset.weight, ANR_RatingPred.iid_itemOffset.weight

Optimizer: Adam, Loss Function: MSELoss

Model Size: 81,889,153
# of Trainable Parameters: 153,453
ANR (
  (uid_userDoc): Embedding(77930, 500), weights = ((77930, 500),), parameters = 38,965,000
  (iid_itemDoc): Embedding(59172, 500), weights = ((59172, 500),), parameters = 29,586,000
  (wid_wEmbed): Embedding(43949, 300), weights = ((43949, 300),), parameters = 13,184,700
  (shared_ANR_ARL): ANR_ARL(
    (aspEmbed): Embedding(5, 30)
    (aspProj): Parameter(5, 300, 10)
  ), weights = ((5, 300, 10), (5, 30)), parameters = 15,150 (Trainable)
  (ANR_AIE): ANR_AIE(  (W_a): Parameter(10, 10)
    (W_u): Parameter(50, 10)
    (w_hu): Parameter(50, 1)
    (W_i): Parameter(50, 10)
    (w_hi): Parameter(50, 1)
  ), weights = ((10, 10), (50, 10), (50, 1), (50, 10), (50, 1)), parameters = 1,200 (Trainable)
  (ANR_RatingPred): ANR_RatingPred(
    (userAspRepDropout): Dropout(p=0.9, inplace=False)
    (itemAspRepDropout): Dropout(p=0.9, inplace=False)
    (uid_userOffset): Embedding(77930, 1)
    (iid_itemOffset): Embedding(59172, 1)
    (globalOffset): Parameter(1,)
  ), weights = ((1,), (77930, 1), (59172, 1)), parameters = 137,103 (Trainable)
)
========================================================================================================================

[Epoch 1/12] Training Loss: 10.74839	Elapsed Time: 14.67s (0:00:14)
[Epoch 1] [Dev]  MSE: 4.99764, MAE: 2.07143
[Epoch 1] [Test] MSE: 5.40801, MAE: 2.18323

*** MODEL has obtained the best DEV MSE of 4.99764 so far!
*** The Best MODEL saved to "./__saved_models__/Small_Clothing - ANR/Small_Clothing_1234.pth"

[Epoch 2/12] Training Loss: 5.74310	Elapsed Time: 29.42s (0:00:29)
[Epoch 2] [Dev]  MSE: 2.89045, MAE: 1.54902
[Epoch 2] [Test] MSE: 3.16685, MAE: 1.64280

*** MODEL has obtained the best DEV MSE of 2.89045 so far!
*** The Best MODEL saved to "./__saved_models__/Small_Clothing - ANR/Small_Clothing_1234.pth"

[Epoch 3/12] Training Loss: 3.12857	Elapsed Time: 44.23s (0:00:44)
[Epoch 3] [Dev]  MSE: 1.74222, MAE: 1.19222
[Epoch 3] [Test] MSE: 1.91222, MAE: 1.26624

*** MODEL has obtained the best DEV MSE of 1.74222 so far!
*** The Best MODEL saved to "./__saved_models__/Small_Clothing - ANR/Small_Clothing_1234.pth"

[Epoch 4/12] Training Loss: 1.83641	Elapsed Time: 59.22s (0:00:59)
[Epoch 4] [Dev]  MSE: 1.20200, MAE: 0.94753
[Epoch 4] [Test] MSE: 1.29645, MAE: 0.99421

*** MODEL has obtained the best DEV MSE of 1.20200 so far!
*** The Best MODEL saved to "./__saved_models__/Small_Clothing - ANR/Small_Clothing_1234.pth"

[Epoch 5/12] Training Loss: 1.30707	Elapsed Time: 74.02s (0:01:14)
[Epoch 5] [Dev]  MSE: 1.05225, MAE: 0.84271
[Epoch 5] [Test] MSE: 1.09788, MAE: 0.87385

*** MODEL has obtained the best DEV MSE of 1.05225 so far!
*** The Best MODEL saved to "./__saved_models__/Small_Clothing - ANR/Small_Clothing_1234.pth"

[Epoch 6/12] Training Loss: 1.09839	Elapsed Time: 88.88s (0:01:28)
[Epoch 6] [Dev]  MSE: 1.01845, MAE: 0.80953
[Epoch 6] [Test] MSE: 1.04391, MAE: 0.83497

*** MODEL has obtained the best DEV MSE of 1.01845 so far!
*** The Best MODEL saved to "./__saved_models__/Small_Clothing - ANR/Small_Clothing_1234.pth"

[Epoch 7/12] Training Loss: 0.98304	Elapsed Time: 103.83s (0:01:43)
[Epoch 7] [Dev]  MSE: 1.01366, MAE: 0.79616
[Epoch 7] [Test] MSE: 1.04057, MAE: 0.82546

*** MODEL has obtained the best DEV MSE of 1.01366 so far!
*** The Best MODEL saved to "./__saved_models__/Small_Clothing - ANR/Small_Clothing_1234.pth"

[Epoch 8/12] Training Loss: 0.88409	Elapsed Time: 118.84s (0:01:58)
[Epoch 8] [Dev]  MSE: 1.01532, MAE: 0.78895
[Epoch 8] [Test] MSE: 1.04891, MAE: 0.82423

[Epoch 9/12] Training Loss: 0.79771	Elapsed Time: 133.65s (0:02:13)
[Epoch 9] [Dev]  MSE: 1.01915, MAE: 0.78124
[Epoch 9] [Test] MSE: 1.05922, MAE: 0.82085

[Epoch 10/12] Training Loss: 0.71217	Elapsed Time: 148.49s (0:02:28)
[Epoch 10] [Dev]  MSE: 1.02603, MAE: 0.77642
[Epoch 10] [Test] MSE: 1.07696, MAE: 0.82334

[Epoch 11/12] Training Loss: 0.63315	Elapsed Time: 163.30s (0:02:43)
[Epoch 11] [Dev]  MSE: 1.03865, MAE: 0.77585
[Epoch 11] [Test] MSE: 1.09948, MAE: 0.82856

[Epoch 12/12] Training Loss: 0.56213	Elapsed Time: 178.16s (0:02:58)
[Epoch 12] [Dev]  MSE: 1.04964, MAE: 0.77178
[Epoch 12] [Test] MSE: 1.12402, MAE: 0.82950
*** The Last MODEL saved to "./__saved_models__/Small_Clothing - ANR/Small_Clothing_1234_12.pth"

[Training Loss]
[10.74839, 5.7431, 3.12857, 1.83641, 1.30707, 1.09839, 0.98304, 0.88409, 0.79771, 0.71217, 0.63315, 0.56213]

[Dev MSE]
[4.99764, 2.89045, 1.74222, 1.202, 1.05225, 1.01845, 1.01366, 1.01532, 1.01915, 1.02603, 1.03865, 1.04964]
[Test MSE]
[5.40801, 3.16685, 1.91222, 1.29645, 1.09788, 1.04391, 1.04057, 1.04891, 1.05922, 1.07696, 1.09948, 1.12402]
[Test MAE]
[2.18323, 1.6428, 1.26624, 0.99421, 0.87385, 0.83497, 0.82546, 0.82423, 0.82085, 0.82334, 0.82856, 0.8295]


Best Dev MSE: 1.01366 (Obtained during Evaluation #7)
Test MSE: 1.04057, Test MAE: 0.82546

End of Program! Elapsed Time: 180.49s (0:03:00)
