========================================================================================================================
  ARL_lr: 0.01
  ARL_path: Small_Clothing_ANRS_1337
  batch_size: 128
  channels_global: 100
  channels_local: 200
  command: -d Small_Clothing -m ANR -e 10 -dr 0.9 -WED 100 -h1 50 -h2 50 -p 1 -v 43947 -rs 1234 -gpu 0 -vb 1 -sm Small_Clothing_ANR -ARL_path Small_Clothing_ANRS_1337
  ctx_win_size: 3
  dataset: Small_Clothing
  disable_initial_eval: 0
  dropout_rate: 0.9
  epochs: 10
  filters_num: 100
  gpu: 0
  h1: 50
  h2: 50
  hidden_size: 500
  input_dir: ./datasets/Small_Clothing/
  L2_reg: 1e-06
  learning_rate: 0.002
  loss_function: MSELoss
  max_doc_len: 500
  max_vis_len: 500
  model: ANR
  num_aspects: 5
  optimizer: Adam
  out_dir: ./experimental_results/Small_Clothing - ANR/
  output_size: 50
  pretrained_src: 1
  random_seed: 1234
  save_model: Small_Clothing_ANR
  use_cuda: True
  verbose: 1
  vocab_size: 43947
  word_embed_dim: 100
========================================================================================================================

[INFO] # of Users: 77,930, # of Items: 59,172

Creating model (Selected Model: ANR)..
[args.use_cuda: True] Model is on the GPU! (args.gpu: 0, torch.cuda.current_device(): 0)
Model created! Elapsed Time: 1.90s (0.03 minute)

Loading uid_userDoc from "./datasets/Small_Clothing/Small_Clothing_uid_userDoc.npy"..
uid_userDoc loaded! [uid_userDoc: (77930, 500)]

Loading iid_itemDoc from "./datasets/Small_Clothing/Small_Clothing_iid_itemDoc.npy"..
iid_itemDoc loaded! [iid_itemDoc: (59172, 500)]

Loading pretrained word embeddings from "./datasets/Small_Clothing/Small_Clothing_wed100_wid_wordEmbed.npy"..
Pretrained word embeddings loaded! [wid_wEmbed: (43949, 100)]

Loading pretrained ARL weights of "ANR" for dataset "Small_Clothing" from "./__saved_models__/Small_Clothing - ANRS/Small_Clothing_ANRS_1337.pth"!
Loading pretrained ARL weights on GPU "0"!

Loaded pretrained model states:

	shared_ANR_ARL.aspProj
	shared_ANR_ARL.aspEmbed.weight

Pretrained model states transferred to current model!

*** "shared_ANR_ARL.aspProj, shared_ANR_ARL.aspEmbed.weight" are FINE-TUNED!! ***


Initialization Complete.. Elapsed Time: 2.13s (0.04 minute)

Train/Dev/Test splits loaded! |TRAIN|: 80,000, |DEV|: 150, |TEST|: 166
Train/Dev/Test splits loaded! Elapsed Time: 2.15s (0.04 minute)

Performing initial evaluation for VALIDATION set..
[Initial] [Dev]  MSE: 19.01440, MAE: 4.23416

Performing initial evaluation for TESTING set..
[Initial] [Test] MSE: 19.77212, MAE: 4.33193

Initial Evaluation Complete.. Elapsed Time: 2.31s (0.04 minute)

Parameters that are fine-tuned using a smaller LR (LR: 2e-05):
shared_ANR_ARL.aspProj, shared_ANR_ARL.aspEmbed.weight

Parameters with L2 Regularization (Regularization Strength: 1e-06):
ANR_RatingPred.uid_userOffset.weight, ANR_RatingPred.iid_itemOffset.weight

Optimizer: Adam, Loss Function: MSELoss

Model Size: 73,116,353
# of Trainable Parameters: 170,453
ANR (
  (uid_userDoc): Embedding(77930, 500), weights = ((77930, 500),), parameters = 38,965,000
  (iid_itemDoc): Embedding(59172, 500), weights = ((59172, 500),), parameters = 29,586,000
  (wid_wEmbed): Embedding(43949, 100), weights = ((43949, 100),), parameters = 4,394,900
  (shared_ANR_ARL): ANR_ARL(
    (aspEmbed): Embedding(5, 150)
    (aspProj): Parameter(5, 100, 50)
  ), weights = ((5, 100, 50), (5, 150)), parameters = 25,750 (Trainable)
  (ANR_AIE): ANR_AIE(  (W_a): Parameter(50, 50)
    (W_u): Parameter(50, 50)
    (w_hu): Parameter(50, 1)
    (W_i): Parameter(50, 50)
    (w_hi): Parameter(50, 1)
  ), weights = ((50, 50), (50, 50), (50, 1), (50, 50), (50, 1)), parameters = 7,600 (Trainable)
  (ANR_RatingPred): ANR_RatingPred(
    (userAspRepDropout): Dropout(p=0.9, inplace=False)
    (itemAspRepDropout): Dropout(p=0.9, inplace=False)
    (uid_userOffset): Embedding(77930, 1)
    (iid_itemOffset): Embedding(59172, 1)
    (globalOffset): Parameter(1,)
  ), weights = ((1,), (77930, 1), (59172, 1)), parameters = 137,103 (Trainable)
)
========================================================================================================================

[Epoch 1/10] Training Loss: 12.17729	Elapsed Time: 16.24s (0:00:16)
[Epoch 1] [Dev]  MSE: 6.35800, MAE: 2.33236
[Epoch 1] [Test] MSE: 7.14771, MAE: 2.50068

*** MODEL has obtained the best DEV MSE of 6.35800 so far!
*** The Best MODEL saved to "./__saved_models__/Small_Clothing - ANR/Small_Clothing_ANR_1234.pth"

[Epoch 2/10] Training Loss: 6.26026	Elapsed Time: 32.49s (0:00:32)
[Epoch 2] [Dev]  MSE: 3.36585, MAE: 1.66974
[Epoch 2] [Test] MSE: 3.83633, MAE: 1.80311

*** MODEL has obtained the best DEV MSE of 3.36585 so far!
*** The Best MODEL saved to "./__saved_models__/Small_Clothing - ANR/Small_Clothing_ANR_1234.pth"

[Epoch 3/10] Training Loss: 3.44659	Elapsed Time: 48.87s (0:00:48)
[Epoch 3] [Dev]  MSE: 1.87943, MAE: 1.22119
[Epoch 3] [Test] MSE: 2.14882, MAE: 1.33426

*** MODEL has obtained the best DEV MSE of 1.87943 so far!
*** The Best MODEL saved to "./__saved_models__/Small_Clothing - ANR/Small_Clothing_ANR_1234.pth"

[Epoch 4/10] Training Loss: 2.02208	Elapsed Time: 65.09s (0:01:05)
[Epoch 4] [Dev]  MSE: 1.26410, MAE: 0.97459
[Epoch 4] [Test] MSE: 1.40964, MAE: 1.04440

*** MODEL has obtained the best DEV MSE of 1.26410 so far!
*** The Best MODEL saved to "./__saved_models__/Small_Clothing - ANR/Small_Clothing_ANR_1234.pth"

[Epoch 5/10] Training Loss: 1.40585	Elapsed Time: 81.29s (0:01:21)
[Epoch 5] [Dev]  MSE: 1.07142, MAE: 0.85320
[Epoch 5] [Test] MSE: 1.14338, MAE: 0.89977

*** MODEL has obtained the best DEV MSE of 1.07142 so far!
*** The Best MODEL saved to "./__saved_models__/Small_Clothing - ANR/Small_Clothing_ANR_1234.pth"

[Epoch 6/10] Training Loss: 1.12622	Elapsed Time: 97.49s (0:01:37)
[Epoch 6] [Dev]  MSE: 1.04001, MAE: 0.83107
[Epoch 6] [Test] MSE: 1.05929, MAE: 0.84879

*** MODEL has obtained the best DEV MSE of 1.04001 so far!
*** The Best MODEL saved to "./__saved_models__/Small_Clothing - ANR/Small_Clothing_ANR_1234.pth"

[Epoch 7/10] Training Loss: 0.99295	Elapsed Time: 113.70s (0:01:53)
[Epoch 7] [Dev]  MSE: 1.01868, MAE: 0.80253
[Epoch 7] [Test] MSE: 1.03770, MAE: 0.82327

*** MODEL has obtained the best DEV MSE of 1.01868 so far!
*** The Best MODEL saved to "./__saved_models__/Small_Clothing - ANR/Small_Clothing_ANR_1234.pth"

[Epoch 8/10] Training Loss: 0.89428	Elapsed Time: 129.93s (0:02:09)
[Epoch 8] [Dev]  MSE: 1.02160, MAE: 0.79542
[Epoch 8] [Test] MSE: 1.04368, MAE: 0.82044

[Epoch 9/10] Training Loss: 0.80243	Elapsed Time: 146.12s (0:02:26)
[Epoch 9] [Dev]  MSE: 1.02567, MAE: 0.79350
[Epoch 9] [Test] MSE: 1.05148, MAE: 0.82113

[Epoch 10/10] Training Loss: 0.71774	Elapsed Time: 162.29s (0:02:42)
[Epoch 10] [Dev]  MSE: 1.02850, MAE: 0.78093
[Epoch 10] [Test] MSE: 1.07260, MAE: 0.82020
*** The Last MODEL saved to "./__saved_models__/Small_Clothing - ANR/Small_Clothing_ANR_1234_10.pth"

[Training Loss]
[12.17729, 6.26026, 3.44659, 2.02208, 1.40585, 1.12622, 0.99295, 0.89428, 0.80243, 0.71774]

[Dev MSE]
[6.358, 3.36585, 1.87943, 1.2641, 1.07142, 1.04001, 1.01868, 1.0216, 1.02567, 1.0285]
[Test MSE]
[7.14771, 3.83633, 2.14882, 1.40964, 1.14338, 1.05929, 1.0377, 1.04368, 1.05148, 1.0726]
[Test MAE]
[2.50068, 1.80311, 1.33426, 1.0444, 0.89977, 0.84879, 0.82327, 0.82044, 0.82113, 0.8202]


Best Dev MSE: 1.01868 (Obtained during Evaluation #7)
Test MSE: 1.03770, Test MAE: 0.82327

End of Program! Elapsed Time: 164.65s (0:02:44)
