========================================================================================================================
  ARL_lr: 0.01
  ARL_path: Small_Clothing_ANRS_1337
  batch_size: 256
  channels_global: 100
  channels_local: 200
  command: -d Small_Clothing -m ANR -e 10 -lr 2E-3 -bs 256 -dr 0.8 -p 1 -v 43947 -rs 1234 -gpu 0 -vb 1 -sm Small_Clothing -ARL_path Small_Clothing_ANRS_1337
  ctx_win_size: 3
  dataset: Small_Clothing
  disable_initial_eval: 0
  dropout_rate: 0.8
  epochs: 10
  gpu: 0
  h1: 10
  h2: 50
  hidden_size: 500
  input_dir: ./datasets/Small_Clothing/
  L2_reg: 1e-06
  learning_rate: 0.002
  loss_function: MSELoss
  max_doc_len: 500
  max_vis_len: 500
  model: ANR
  num_aspects: 5
  optimizer: Adam
  out_dir: ./experimental_results/Small_Clothing - ANR/
  output_size: 50
  pretrained_src: 1
  random_seed: 1234
  save_model: Small_Clothing
  use_cuda: True
  verbose: 1
  vocab_size: 43947
  word_embed_dim: 300
========================================================================================================================

[INFO] # of Users: 77,930, # of Items: 59,172

Creating model (Selected Model: ANR)..
[args.use_cuda: True] Model is on the GPU! (args.gpu: 0, torch.cuda.current_device(): 0)
Model created! Elapsed Time: 1.86s (0.03 minute)

Loading uid_userDoc from "./datasets/Small_Clothing/Small_Clothing_uid_userDoc.npy"..
uid_userDoc loaded! [uid_userDoc: (77930, 500)]

Loading iid_itemDoc from "./datasets/Small_Clothing/Small_Clothing_iid_itemDoc.npy"..
iid_itemDoc loaded! [iid_itemDoc: (59172, 500)]

Loading pretrained word embeddings from "./datasets/Small_Clothing/Small_Clothing_wid_wordEmbed.npy"..
Pretrained word embeddings loaded! [wid_wEmbed: (43949, 300)]

Loading pretrained ARL weights of "ANR" for dataset "Small_Clothing" from "./__saved_models__/Small_Clothing - ANRS/Small_Clothing_ANRS_1337.pth"!
Loading pretrained ARL weights on GPU "0"!

Loaded pretrained model states:

	shared_ANR_ARL.aspProj
	shared_ANR_ARL.aspEmbed.weight

Pretrained model states transferred to current model!

*** "shared_ANR_ARL.aspProj, shared_ANR_ARL.aspEmbed.weight" are FINE-TUNED!! ***


Initialization Complete.. Elapsed Time: 2.13s (0.04 minute)

Train/Dev/Test splits loaded! |TRAIN|: 80,000, |DEV|: 150, |TEST|: 166
Train/Dev/Test splits loaded! Elapsed Time: 2.15s (0.04 minute)

Performing initial evaluation for VALIDATION set..
[Initial] [Dev]  MSE: 18.57985, MAE: 4.18347

Performing initial evaluation for TESTING set..
[Initial] [Test] MSE: 19.34735, MAE: 4.28270

Initial Evaluation Complete.. Elapsed Time: 2.30s (0.04 minute)

Parameters that are fine-tuned using a smaller LR (LR: 2e-05):
shared_ANR_ARL.aspProj, shared_ANR_ARL.aspEmbed.weight

Parameters with L2 Regularization (Regularization Strength: 1e-06):
ANR_RatingPred.uid_userOffset.weight, ANR_RatingPred.iid_itemOffset.weight

Optimizer: Adam, Loss Function: MSELoss

Model Size: 81,889,153
# of Trainable Parameters: 153,453
ANR (
  (uid_userDoc): Embedding(77930, 500), weights = ((77930, 500),), parameters = 38,965,000
  (iid_itemDoc): Embedding(59172, 500), weights = ((59172, 500),), parameters = 29,586,000
  (wid_wEmbed): Embedding(43949, 300), weights = ((43949, 300),), parameters = 13,184,700
  (shared_ANR_ARL): ANR_ARL(
    (aspEmbed): Embedding(5, 30)
    (aspProj): Parameter(5, 300, 10)
  ), weights = ((5, 300, 10), (5, 30)), parameters = 15,150 (Trainable)
  (ANR_AIE): ANR_AIE(  (W_a): Parameter(10, 10)
    (W_u): Parameter(50, 10)
    (w_hu): Parameter(50, 1)
    (W_i): Parameter(50, 10)
    (w_hi): Parameter(50, 1)
  ), weights = ((10, 10), (50, 10), (50, 1), (50, 10), (50, 1)), parameters = 1,200 (Trainable)
  (ANR_RatingPred): ANR_RatingPred(
    (userAspRepDropout): Dropout(p=0.8, inplace=False)
    (itemAspRepDropout): Dropout(p=0.8, inplace=False)
    (uid_userOffset): Embedding(77930, 1)
    (iid_itemOffset): Embedding(59172, 1)
    (globalOffset): Parameter(1,)
  ), weights = ((1,), (77930, 1), (59172, 1)), parameters = 137,103 (Trainable)
)
========================================================================================================================

[Epoch 1/10] Training Loss: 13.23751	Elapsed Time: 13.33s (0:00:13)
[Epoch 1] [Dev]  MSE: 8.35035, MAE: 2.72167
[Epoch 1] [Test] MSE: 8.96787, MAE: 2.84731

*** MODEL has obtained the best DEV MSE of 8.35035 so far!
*** The Best MODEL saved to "./__saved_models__/Small_Clothing - ANR/Small_Clothing_1234.pth"

[Epoch 2/10] Training Loss: 9.16586	Elapsed Time: 26.70s (0:00:26)
[Epoch 2] [Dev]  MSE: 5.72209, MAE: 2.22405
[Epoch 2] [Test] MSE: 6.21890, MAE: 2.34624

*** MODEL has obtained the best DEV MSE of 5.72209 so far!
*** The Best MODEL saved to "./__saved_models__/Small_Clothing - ANR/Small_Clothing_1234.pth"

[Epoch 3/10] Training Loss: 6.73651	Elapsed Time: 40.06s (0:00:40)
[Epoch 3] [Dev]  MSE: 4.13790, MAE: 1.88158
[Epoch 3] [Test] MSE: 4.52955, MAE: 1.99081

*** MODEL has obtained the best DEV MSE of 4.13790 so far!
*** The Best MODEL saved to "./__saved_models__/Small_Clothing - ANR/Small_Clothing_1234.pth"

[Epoch 4/10] Training Loss: 4.92267	Elapsed Time: 53.40s (0:00:53)
[Epoch 4] [Dev]  MSE: 2.98951, MAE: 1.58151
[Epoch 4] [Test] MSE: 3.30003, MAE: 1.68011

*** MODEL has obtained the best DEV MSE of 2.98951 so far!
*** The Best MODEL saved to "./__saved_models__/Small_Clothing - ANR/Small_Clothing_1234.pth"

[Epoch 5/10] Training Loss: 3.59832	Elapsed Time: 66.73s (0:01:06)
[Epoch 5] [Dev]  MSE: 2.22451, MAE: 1.35284
[Epoch 5] [Test] MSE: 2.47315, MAE: 1.44267

*** MODEL has obtained the best DEV MSE of 2.22451 so far!
*** The Best MODEL saved to "./__saved_models__/Small_Clothing - ANR/Small_Clothing_1234.pth"

[Epoch 6/10] Training Loss: 2.63890	Elapsed Time: 80.07s (0:01:20)
[Epoch 6] [Dev]  MSE: 1.74665, MAE: 1.19173
[Epoch 6] [Test] MSE: 1.95427, MAE: 1.27387

*** MODEL has obtained the best DEV MSE of 1.74665 so far!
*** The Best MODEL saved to "./__saved_models__/Small_Clothing - ANR/Small_Clothing_1234.pth"

[Epoch 7/10] Training Loss: 1.95152	Elapsed Time: 93.42s (0:01:33)
[Epoch 7] [Dev]  MSE: 1.44864, MAE: 1.07566
[Epoch 7] [Test] MSE: 1.60895, MAE: 1.14926

*** MODEL has obtained the best DEV MSE of 1.44864 so far!
*** The Best MODEL saved to "./__saved_models__/Small_Clothing - ANR/Small_Clothing_1234.pth"

[Epoch 8/10] Training Loss: 1.40319	Elapsed Time: 106.84s (0:01:46)
[Epoch 8] [Dev]  MSE: 1.13930, MAE: 0.90598
[Epoch 8] [Test] MSE: 1.24801, MAE: 0.96151

*** MODEL has obtained the best DEV MSE of 1.13930 so far!
*** The Best MODEL saved to "./__saved_models__/Small_Clothing - ANR/Small_Clothing_1234.pth"

[Epoch 9/10] Training Loss: 1.16224	Elapsed Time: 120.21s (0:02:00)
[Epoch 9] [Dev]  MSE: 1.06526, MAE: 0.85102
[Epoch 9] [Test] MSE: 1.14356, MAE: 0.90089

*** MODEL has obtained the best DEV MSE of 1.06526 so far!
*** The Best MODEL saved to "./__saved_models__/Small_Clothing - ANR/Small_Clothing_1234.pth"

[Epoch 10/10] Training Loss: 1.01376	Elapsed Time: 133.54s (0:02:13)
[Epoch 10] [Dev]  MSE: 1.03590, MAE: 0.82372
[Epoch 10] [Test] MSE: 1.08832, MAE: 0.86535

*** MODEL has obtained the best DEV MSE of 1.03590 so far!
*** The Best MODEL saved to "./__saved_models__/Small_Clothing - ANR/Small_Clothing_1234.pth"
*** The Last MODEL saved to "./__saved_models__/Small_Clothing - ANR/Small_Clothing_1234_10.pth"

[Training Loss]
[13.23751, 9.16586, 6.73651, 4.92267, 3.59832, 2.6389, 1.95152, 1.40319, 1.16224, 1.01376]

[Dev MSE]
[8.35035, 5.72209, 4.1379, 2.98951, 2.22451, 1.74665, 1.44864, 1.1393, 1.06526, 1.0359]
[Test MSE]
[8.96787, 6.2189, 4.52955, 3.30003, 2.47315, 1.95427, 1.60895, 1.24801, 1.14356, 1.08832]
[Test MAE]
[2.84731, 2.34624, 1.99081, 1.68011, 1.44267, 1.27387, 1.14926, 0.96151, 0.90089, 0.86535]


Best Dev MSE: 1.03590 (Obtained during Evaluation #10)
Test MSE: 1.08832, Test MAE: 0.86535

End of Program! Elapsed Time: 135.88s (0:02:15)
