========================================================================================================================
  ARL_lr: 0.01
  ARL_path: Small_Clothing_ANRS_1337
  batch_size: 256
  channels_global: 100
  channels_local: 200
  command: -d Small_Clothing -m ANR -e 15 -lr 3E-3 -bs 256 -dr 0.7 -p 1 -v 43947 -rs 1234 -gpu 0 -vb 1 -sm Small_Clothing -ARL_path Small_Clothing_ANRS_1337
  ctx_win_size: 3
  dataset: Small_Clothing
  disable_initial_eval: 0
  dropout_rate: 0.7
  epochs: 15
  gpu: 0
  h1: 10
  h2: 50
  hidden_size: 500
  input_dir: ./datasets/Small_Clothing/
  L2_reg: 1e-06
  learning_rate: 0.003
  loss_function: MSELoss
  max_doc_len: 500
  max_vis_len: 500
  model: ANR
  num_aspects: 5
  optimizer: Adam
  out_dir: ./experimental_results/Small_Clothing - ANR/
  output_size: 50
  pretrained_src: 1
  random_seed: 1234
  save_model: Small_Clothing
  use_cuda: True
  verbose: 1
  vocab_size: 43947
  word_embed_dim: 300
========================================================================================================================

[INFO] # of Users: 77,930, # of Items: 59,172

Creating model (Selected Model: ANR)..
[args.use_cuda: True] Model is on the GPU! (args.gpu: 0, torch.cuda.current_device(): 0)
Model created! Elapsed Time: 1.89s (0.03 minute)

Loading uid_userDoc from "./datasets/Small_Clothing/Small_Clothing_uid_userDoc.npy"..
uid_userDoc loaded! [uid_userDoc: (77930, 500)]

Loading iid_itemDoc from "./datasets/Small_Clothing/Small_Clothing_iid_itemDoc.npy"..
iid_itemDoc loaded! [iid_itemDoc: (59172, 500)]

Loading pretrained word embeddings from "./datasets/Small_Clothing/Small_Clothing_wid_wordEmbed.npy"..
Pretrained word embeddings loaded! [wid_wEmbed: (43949, 300)]

Loading pretrained ARL weights of "ANR" for dataset "Small_Clothing" from "./__saved_models__/Small_Clothing - ANRS/Small_Clothing_ANRS_1337.pth"!
Loading pretrained ARL weights on GPU "0"!

Loaded pretrained model states:

	shared_ANR_ARL.aspProj
	shared_ANR_ARL.aspEmbed.weight

Pretrained model states transferred to current model!

*** "shared_ANR_ARL.aspProj, shared_ANR_ARL.aspEmbed.weight" are FINE-TUNED!! ***


Initialization Complete.. Elapsed Time: 2.15s (0.04 minute)

Train/Dev/Test splits loaded! |TRAIN|: 80,000, |DEV|: 150, |TEST|: 166
Train/Dev/Test splits loaded! Elapsed Time: 2.17s (0.04 minute)

Performing initial evaluation for VALIDATION set..
[Initial] [Dev]  MSE: 18.57985, MAE: 4.18347

Performing initial evaluation for TESTING set..
[Initial] [Test] MSE: 19.34735, MAE: 4.28270

Initial Evaluation Complete.. Elapsed Time: 2.32s (0.04 minute)

Parameters that are fine-tuned using a smaller LR (LR: 3e-05):
shared_ANR_ARL.aspProj, shared_ANR_ARL.aspEmbed.weight

Parameters with L2 Regularization (Regularization Strength: 1e-06):
ANR_RatingPred.uid_userOffset.weight, ANR_RatingPred.iid_itemOffset.weight

Optimizer: Adam, Loss Function: MSELoss

Model Size: 81,889,153
# of Trainable Parameters: 153,453
ANR (
  (uid_userDoc): Embedding(77930, 500), weights = ((77930, 500),), parameters = 38,965,000
  (iid_itemDoc): Embedding(59172, 500), weights = ((59172, 500),), parameters = 29,586,000
  (wid_wEmbed): Embedding(43949, 300), weights = ((43949, 300),), parameters = 13,184,700
  (shared_ANR_ARL): ANR_ARL(
    (aspEmbed): Embedding(5, 30)
    (aspProj): Parameter(5, 300, 10)
  ), weights = ((5, 300, 10), (5, 30)), parameters = 15,150 (Trainable)
  (ANR_AIE): ANR_AIE(  (W_a): Parameter(10, 10)
    (W_u): Parameter(50, 10)
    (w_hu): Parameter(50, 1)
    (W_i): Parameter(50, 10)
    (w_hi): Parameter(50, 1)
  ), weights = ((10, 10), (50, 10), (50, 1), (50, 10), (50, 1)), parameters = 1,200 (Trainable)
  (ANR_RatingPred): ANR_RatingPred(
    (userAspRepDropout): Dropout(p=0.7, inplace=False)
    (itemAspRepDropout): Dropout(p=0.7, inplace=False)
    (uid_userOffset): Embedding(77930, 1)
    (iid_itemOffset): Embedding(59172, 1)
    (globalOffset): Parameter(1,)
  ), weights = ((1,), (77930, 1), (59172, 1)), parameters = 137,103 (Trainable)
)
========================================================================================================================

[Epoch 1/15] Training Loss: 10.86931	Elapsed Time: 13.61s (0:00:13)
[Epoch 1] [Dev]  MSE: 5.30790, MAE: 2.12615
[Epoch 1] [Test] MSE: 5.81508, MAE: 2.25635

*** MODEL has obtained the best DEV MSE of 5.30790 so far!
*** The Best MODEL saved to "./__saved_models__/Small_Clothing - ANR/Small_Clothing_1234.pth"

[Epoch 2/15] Training Loss: 5.98061	Elapsed Time: 27.29s (0:00:27)
[Epoch 2] [Dev]  MSE: 2.89382, MAE: 1.54385
[Epoch 2] [Test] MSE: 3.23661, MAE: 1.65686

*** MODEL has obtained the best DEV MSE of 2.89382 so far!
*** The Best MODEL saved to "./__saved_models__/Small_Clothing - ANR/Small_Clothing_1234.pth"

[Epoch 3/15] Training Loss: 4.09980	Elapsed Time: 40.98s (0:00:40)
[Epoch 3] [Dev]  MSE: 1.99282, MAE: 1.27599
[Epoch 3] [Test] MSE: 2.24561, MAE: 1.36879

*** MODEL has obtained the best DEV MSE of 1.99282 so far!
*** The Best MODEL saved to "./__saved_models__/Small_Clothing - ANR/Small_Clothing_1234.pth"

[Epoch 4/15] Training Loss: 2.84525	Elapsed Time: 54.65s (0:00:54)
[Epoch 4] [Dev]  MSE: 1.55636, MAE: 1.11535
[Epoch 4] [Test] MSE: 1.78479, MAE: 1.20270

*** MODEL has obtained the best DEV MSE of 1.55636 so far!
*** The Best MODEL saved to "./__saved_models__/Small_Clothing - ANR/Small_Clothing_1234.pth"

[Epoch 5/15] Training Loss: 1.95921	Elapsed Time: 68.34s (0:01:08)
[Epoch 5] [Dev]  MSE: 1.29235, MAE: 0.99308
[Epoch 5] [Test] MSE: 1.53482, MAE: 1.09284

*** MODEL has obtained the best DEV MSE of 1.29235 so far!
*** The Best MODEL saved to "./__saved_models__/Small_Clothing - ANR/Small_Clothing_1234.pth"

[Epoch 6/15] Training Loss: 1.39652	Elapsed Time: 82.04s (0:01:22)
[Epoch 6] [Dev]  MSE: 1.16997, MAE: 0.92713
[Epoch 6] [Test] MSE: 1.31808, MAE: 0.99121

*** MODEL has obtained the best DEV MSE of 1.16997 so far!
*** The Best MODEL saved to "./__saved_models__/Small_Clothing - ANR/Small_Clothing_1234.pth"

[Epoch 7/15] Training Loss: 1.06866	Elapsed Time: 95.74s (0:01:35)
[Epoch 7] [Dev]  MSE: 1.05698, MAE: 0.84427
[Epoch 7] [Test] MSE: 1.14893, MAE: 0.89061

*** MODEL has obtained the best DEV MSE of 1.05698 so far!
*** The Best MODEL saved to "./__saved_models__/Small_Clothing - ANR/Small_Clothing_1234.pth"

[Epoch 8/15] Training Loss: 0.89257	Elapsed Time: 109.42s (0:01:49)
[Epoch 8] [Dev]  MSE: 1.03356, MAE: 0.81399
[Epoch 8] [Test] MSE: 1.11020, MAE: 0.86040

*** MODEL has obtained the best DEV MSE of 1.03356 so far!
*** The Best MODEL saved to "./__saved_models__/Small_Clothing - ANR/Small_Clothing_1234.pth"

[Epoch 9/15] Training Loss: 0.77880	Elapsed Time: 123.12s (0:02:03)
[Epoch 9] [Dev]  MSE: 1.02387, MAE: 0.80212
[Epoch 9] [Test] MSE: 1.10057, MAE: 0.85125

*** MODEL has obtained the best DEV MSE of 1.02387 so far!
*** The Best MODEL saved to "./__saved_models__/Small_Clothing - ANR/Small_Clothing_1234.pth"

[Epoch 10/15] Training Loss: 0.69249	Elapsed Time: 136.80s (0:02:16)
[Epoch 10] [Dev]  MSE: 1.02375, MAE: 0.78962
[Epoch 10] [Test] MSE: 1.10350, MAE: 0.84313

*** MODEL has obtained the best DEV MSE of 1.02375 so far!
*** The Best MODEL saved to "./__saved_models__/Small_Clothing - ANR/Small_Clothing_1234.pth"

[Epoch 11/15] Training Loss: 0.61794	Elapsed Time: 150.49s (0:02:30)
[Epoch 11] [Dev]  MSE: 1.03354, MAE: 0.78823
[Epoch 11] [Test] MSE: 1.11577, MAE: 0.84245

[Epoch 12/15] Training Loss: 0.54899	Elapsed Time: 164.16s (0:02:44)
[Epoch 12] [Dev]  MSE: 1.04444, MAE: 0.78188
[Epoch 12] [Test] MSE: 1.13949, MAE: 0.84094

[Epoch 13/15] Training Loss: 0.48645	Elapsed Time: 177.86s (0:02:57)
[Epoch 13] [Dev]  MSE: 1.06378, MAE: 0.78226
[Epoch 13] [Test] MSE: 1.15452, MAE: 0.84075

[Epoch 14/15] Training Loss: 0.43087	Elapsed Time: 191.53s (0:03:11)
[Epoch 14] [Dev]  MSE: 1.07648, MAE: 0.77598
[Epoch 14] [Test] MSE: 1.18133, MAE: 0.84002

[Epoch 15/15] Training Loss: 0.38039	Elapsed Time: 205.25s (0:03:25)
[Epoch 15] [Dev]  MSE: 1.08761, MAE: 0.77747
[Epoch 15] [Test] MSE: 1.20592, MAE: 0.84537
*** The Last MODEL saved to "./__saved_models__/Small_Clothing - ANR/Small_Clothing_1234_15.pth"

[Training Loss]
[10.86931, 5.98061, 4.0998, 2.84525, 1.95921, 1.39652, 1.06866, 0.89257, 0.7788, 0.69249, 0.61794, 0.54899, 0.48645, 0.43087, 0.38039]

[Dev MSE]
[5.3079, 2.89382, 1.99282, 1.55636, 1.29235, 1.16997, 1.05698, 1.03356, 1.02387, 1.02375, 1.03354, 1.04444, 1.06378, 1.07648, 1.08761]
[Test MSE]
[5.81508, 3.23661, 2.24561, 1.78479, 1.53482, 1.31808, 1.14893, 1.1102, 1.10057, 1.1035, 1.11577, 1.13949, 1.15452, 1.18133, 1.20592]
[Test MAE]
[2.25635, 1.65686, 1.36879, 1.2027, 1.09284, 0.99121, 0.89061, 0.8604, 0.85125, 0.84313, 0.84245, 0.84094, 0.84075, 0.84002, 0.84537]


Best Dev MSE: 1.02375 (Obtained during Evaluation #10)
Test MSE: 1.10350, Test MAE: 0.84313

End of Program! Elapsed Time: 207.61s (0:03:27)
