========================================================================================================================
  ARL_lr: 0.01
  ARL_path: 
  batch_size: 128
  channels_global: 100
  channels_local: 200
  command: -d Small_Clothing -m ANR -e 30 -p 1 -v 43947 -rs 1234 -gpu 0 -vb 1 -sm Small_Clothing
  ctx_win_size: 3
  dataset: Small_Clothing
  disable_initial_eval: 0
  dropout_rate: 0.5
  epochs: 30
  gpu: 0
  h1: 10
  h2: 50
  hidden_size: 500
  input_dir: ./datasets/Small_Clothing/
  L2_reg: 1e-06
  learning_rate: 0.002
  loss_function: MSELoss
  max_doc_len: 500
  max_vis_len: 500
  model: ANR
  num_aspects: 5
  optimizer: Adam
  out_dir: ./experimental_results/Small_Clothing - ANR/
  output_size: 50
  pretrained_src: 1
  random_seed: 1234
  save_model: Small_Clothing
  use_cuda: True
  verbose: 1
  vocab_size: 43947
  word_embed_dim: 300
========================================================================================================================

[INFO] # of Users: 77,930, # of Items: 59,172

Creating model (Selected Model: ANR)..
[args.use_cuda: True] Model is on the GPU! (args.gpu: 0, torch.cuda.current_device(): 0)
Model created! Elapsed Time: 1.88s (0.03 minute)

Loading uid_userDoc from "./datasets/Small_Clothing/Small_Clothing_uid_userDoc.npy"..
uid_userDoc loaded! [uid_userDoc: (77930, 500)]

Loading iid_itemDoc from "./datasets/Small_Clothing/Small_Clothing_iid_itemDoc.npy"..
iid_itemDoc loaded! [iid_itemDoc: (59172, 500)]

Loading pretrained word embeddings from "./datasets/Small_Clothing/Small_Clothing_wid_wordEmbed.npy"..
Pretrained word embeddings loaded! [wid_wEmbed: (43949, 300)]

Initialization Complete.. Elapsed Time: 2.13s (0.04 minute)

Train/Dev/Test splits loaded! |TRAIN|: 80,000, |DEV|: 150, |TEST|: 166
Train/Dev/Test splits loaded! Elapsed Time: 2.15s (0.04 minute)

Performing initial evaluation for VALIDATION set..
[Initial] [Dev]  MSE: 19.46046, MAE: 4.28619

Performing initial evaluation for TESTING set..
[Initial] [Test] MSE: 20.22207, MAE: 4.38354

Initial Evaluation Complete.. Elapsed Time: 2.31s (0.04 minute)

Parameters with L2 Regularization (Regularization Strength: 1e-06):
ANR_RatingPred.uid_userOffset.weight, ANR_RatingPred.iid_itemOffset.weight

Optimizer: Adam, Loss Function: MSELoss

Model Size: 81,889,684
# of Trainable Parameters: 153,984
ANR (
  (uid_userDoc): Embedding(77930, 500), weights = ((77930, 500),), parameters = 38,965,000
  (iid_itemDoc): Embedding(59172, 500), weights = ((59172, 500),), parameters = 29,586,000
  (wid_wEmbed): Embedding(43949, 300), weights = ((43949, 300),), parameters = 13,184,700
  (shared_ANR_ARL): ANR_ARL(
    (aspEmbed): Embedding(5, 30)
    (aspProj): Parameter(5, 300, 10)
  ), weights = ((5, 300, 10), (5, 30)), parameters = 15,150 (Trainable)
  (ANR_AIE): ANR_AIE(  (W_a): Parameter(10, 10)
    (W_u): Parameter(50, 10)
    (w_hu): Parameter(50, 1)
    (W_i): Parameter(50, 10)
    (w_hi): Parameter(50, 1)
  ), weights = ((10, 10), (50, 10), (50, 1), (50, 10), (50, 1)), parameters = 1,200 (Trainable)
  (ANR_RatingPred): ANR_RatingPred(
    (uid_userOffset): Embedding(77930, 1)
    (iid_itemOffset): Embedding(59172, 1)
    (fcLayer): Sequential(
      (0): Linear(in_features=50, out_features=10, bias=True)
      (1): ReLU()
      (2): Dropout(p=0.5, inplace=False)
    )
    (prediction): Linear(in_features=20, out_features=1, bias=True)
    (globalOffset): Parameter(1,)
  ), weights = ((1,), (77930, 1), (59172, 1), (10, 50), (10,), (1, 20), (1,)), parameters = 137,634 (Trainable)
)
========================================================================================================================

[Epoch 1/30] Training Loss: 4.37184	Elapsed Time: 15.11s (0:00:15)
[Epoch 1] [Dev]  MSE: 1.41808, MAE: 1.02599
[Epoch 1] [Test] MSE: 1.52373, MAE: 1.07614

*** MODEL has obtained the best DEV MSE of 1.41808 so far!
*** The Best MODEL saved to "./__saved_models__/Small_Clothing - ANR/Small_Clothing_1234.pth"

[Epoch 2/30] Training Loss: 2.13901	Elapsed Time: 29.92s (0:00:29)
[Epoch 2] [Dev]  MSE: 1.19567, MAE: 0.90611
[Epoch 2] [Test] MSE: 1.25935, MAE: 0.94294

*** MODEL has obtained the best DEV MSE of 1.19567 so far!
*** The Best MODEL saved to "./__saved_models__/Small_Clothing - ANR/Small_Clothing_1234.pth"

[Epoch 3/30] Training Loss: 1.38048	Elapsed Time: 44.74s (0:00:44)
[Epoch 3] [Dev]  MSE: 1.10327, MAE: 0.85066
[Epoch 3] [Test] MSE: 1.17098, MAE: 0.88241

*** MODEL has obtained the best DEV MSE of 1.10327 so far!
*** The Best MODEL saved to "./__saved_models__/Small_Clothing - ANR/Small_Clothing_1234.pth"

[Epoch 4/30] Training Loss: 1.03459	Elapsed Time: 59.42s (0:00:59)
[Epoch 4] [Dev]  MSE: 1.02077, MAE: 0.81068
[Epoch 4] [Test] MSE: 1.11997, MAE: 0.84403

*** MODEL has obtained the best DEV MSE of 1.02077 so far!
*** The Best MODEL saved to "./__saved_models__/Small_Clothing - ANR/Small_Clothing_1234.pth"

[Epoch 5/30] Training Loss: 0.89557	Elapsed Time: 74.12s (0:01:14)
[Epoch 5] [Dev]  MSE: 1.02640, MAE: 0.79464
[Epoch 5] [Test] MSE: 1.11955, MAE: 0.83131

[Epoch 6/30] Training Loss: 0.80284	Elapsed Time: 88.80s (0:01:28)
[Epoch 6] [Dev]  MSE: 1.05706, MAE: 0.80581
[Epoch 6] [Test] MSE: 1.13759, MAE: 0.84464

[Epoch 7/30] Training Loss: 0.72073	Elapsed Time: 103.47s (0:01:43)
[Epoch 7] [Dev]  MSE: 1.06547, MAE: 0.81790
[Epoch 7] [Test] MSE: 1.15974, MAE: 0.85799

[Epoch 8/30] Training Loss: 0.65224	Elapsed Time: 118.18s (0:01:58)
[Epoch 8] [Dev]  MSE: 1.07261, MAE: 0.79400
[Epoch 8] [Test] MSE: 1.18406, MAE: 0.84019

[Epoch 9/30] Training Loss: 0.59619	Elapsed Time: 132.87s (0:02:12)
[Epoch 9] [Dev]  MSE: 1.08271, MAE: 0.80341
[Epoch 9] [Test] MSE: 1.20236, MAE: 0.85745

[Epoch 10/30] Training Loss: 0.54041	Elapsed Time: 147.59s (0:02:27)
[Epoch 10] [Dev]  MSE: 1.12129, MAE: 0.78572
[Epoch 10] [Test] MSE: 1.23929, MAE: 0.83652

[Epoch 11/30] Training Loss: 0.48949	Elapsed Time: 162.32s (0:02:42)
[Epoch 11] [Dev]  MSE: 1.11804, MAE: 0.78231
[Epoch 11] [Test] MSE: 1.24906, MAE: 0.84948

[Epoch 12/30] Training Loss: 0.44544	Elapsed Time: 177.17s (0:02:57)
[Epoch 12] [Dev]  MSE: 1.12404, MAE: 0.80915
[Epoch 12] [Test] MSE: 1.24544, MAE: 0.86441

[Epoch 13/30] Training Loss: 0.40468	Elapsed Time: 191.97s (0:03:11)
[Epoch 13] [Dev]  MSE: 1.13548, MAE: 0.79582
[Epoch 13] [Test] MSE: 1.27257, MAE: 0.85787

[Epoch 14/30] Training Loss: 0.36805	Elapsed Time: 206.67s (0:03:26)
[Epoch 14] [Dev]  MSE: 1.13207, MAE: 0.79663
[Epoch 14] [Test] MSE: 1.28060, MAE: 0.86279

[Epoch 15/30] Training Loss: 0.31889	Elapsed Time: 221.38s (0:03:41)
[Epoch 15] [Dev]  MSE: 1.15304, MAE: 0.78824
[Epoch 15] [Test] MSE: 1.31060, MAE: 0.85829

[Epoch 16/30] Training Loss: 0.28796	Elapsed Time: 236.04s (0:03:56)
[Epoch 16] [Dev]  MSE: 1.15706, MAE: 0.79785
[Epoch 16] [Test] MSE: 1.33808, MAE: 0.87234

[Epoch 17/30] Training Loss: 0.26275	Elapsed Time: 250.86s (0:04:10)
[Epoch 17] [Dev]  MSE: 1.18230, MAE: 0.79939
[Epoch 17] [Test] MSE: 1.33899, MAE: 0.86414

[Epoch 18/30] Training Loss: 0.23989	Elapsed Time: 265.85s (0:04:25)
[Epoch 18] [Dev]  MSE: 1.21314, MAE: 0.80251
[Epoch 18] [Test] MSE: 1.37794, MAE: 0.86683

[Epoch 19/30] Training Loss: 0.21791	Elapsed Time: 280.49s (0:04:40)
[Epoch 19] [Dev]  MSE: 1.22684, MAE: 0.80306
[Epoch 19] [Test] MSE: 1.38133, MAE: 0.86881

[Epoch 20/30] Training Loss: 0.19756	Elapsed Time: 295.13s (0:04:55)
[Epoch 20] [Dev]  MSE: 1.24855, MAE: 0.80946
[Epoch 20] [Test] MSE: 1.40939, MAE: 0.87579

[Epoch 21/30] Training Loss: 0.17912	Elapsed Time: 309.78s (0:05:09)
[Epoch 21] [Dev]  MSE: 1.26354, MAE: 0.80978
[Epoch 21] [Test] MSE: 1.43339, MAE: 0.88214

[Epoch 22/30] Training Loss: 0.16348	Elapsed Time: 324.39s (0:05:24)
[Epoch 22] [Dev]  MSE: 1.26811, MAE: 0.81434
[Epoch 22] [Test] MSE: 1.42951, MAE: 0.87537

[Epoch 23/30] Training Loss: 0.14801	Elapsed Time: 339.01s (0:05:39)
[Epoch 23] [Dev]  MSE: 1.27595, MAE: 0.81465
[Epoch 23] [Test] MSE: 1.45824, MAE: 0.88977

[Epoch 24/30] Training Loss: 0.13464	Elapsed Time: 353.95s (0:05:53)
[Epoch 24] [Dev]  MSE: 1.28145, MAE: 0.81772
[Epoch 24] [Test] MSE: 1.47315, MAE: 0.89566

[Epoch 25/30] Training Loss: 0.12204	Elapsed Time: 368.63s (0:06:08)
[Epoch 25] [Dev]  MSE: 1.29655, MAE: 0.81867
[Epoch 25] [Test] MSE: 1.50632, MAE: 0.90321

[Epoch 26/30] Training Loss: 0.11004	Elapsed Time: 383.28s (0:06:23)
[Epoch 26] [Dev]  MSE: 1.30162, MAE: 0.82876
[Epoch 26] [Test] MSE: 1.50858, MAE: 0.91475

[Epoch 27/30] Training Loss: 0.09960	Elapsed Time: 398.21s (0:06:38)
[Epoch 27] [Dev]  MSE: 1.31996, MAE: 0.82885
[Epoch 27] [Test] MSE: 1.54204, MAE: 0.92413

[Epoch 28/30] Training Loss: 0.09009	Elapsed Time: 413.08s (0:06:53)
[Epoch 28] [Dev]  MSE: 1.34157, MAE: 0.82900
[Epoch 28] [Test] MSE: 1.55184, MAE: 0.91955

[Epoch 29/30] Training Loss: 0.08145	Elapsed Time: 427.72s (0:07:07)
[Epoch 29] [Dev]  MSE: 1.34189, MAE: 0.82565
[Epoch 29] [Test] MSE: 1.56011, MAE: 0.92442

[Epoch 30/30] Training Loss: 0.07318	Elapsed Time: 442.36s (0:07:22)
[Epoch 30] [Dev]  MSE: 1.36993, MAE: 0.83550
[Epoch 30] [Test] MSE: 1.57938, MAE: 0.92858
*** The Last MODEL saved to "./__saved_models__/Small_Clothing - ANR/Small_Clothing_1234_30.pth"

[Training Loss]
[4.37184, 2.13901, 1.38048, 1.03459, 0.89557, 0.80284, 0.72073, 0.65224, 0.59619, 0.54041, 0.48949, 0.44544, 0.40468, 0.36805, 0.31889, 0.28796, 0.26275, 0.23989, 0.21791, 0.19756, 0.17912, 0.16348, 0.14801, 0.13464, 0.12204, 0.11004, 0.0996, 0.09009, 0.08145, 0.07318]

[Dev MSE]
[1.41808, 1.19567, 1.10327, 1.02077, 1.0264, 1.05706, 1.06547, 1.07261, 1.08271, 1.12129, 1.11804, 1.12404, 1.13548, 1.13207, 1.15304, 1.15706, 1.1823, 1.21314, 1.22684, 1.24855, 1.26354, 1.26811, 1.27595, 1.28145, 1.29655, 1.30162, 1.31996, 1.34157, 1.34189, 1.36993]
[Test MSE]
[1.52373, 1.25935, 1.17098, 1.11997, 1.11955, 1.13759, 1.15974, 1.18406, 1.20236, 1.23929, 1.24906, 1.24544, 1.27257, 1.2806, 1.3106, 1.33808, 1.33899, 1.37794, 1.38133, 1.40939, 1.43339, 1.42951, 1.45824, 1.47315, 1.50632, 1.50858, 1.54204, 1.55184, 1.56011, 1.57938]
[Test MAE]
[1.07614, 0.94294, 0.88241, 0.84403, 0.83131, 0.84464, 0.85799, 0.84019, 0.85745, 0.83652, 0.84948, 0.86441, 0.85787, 0.86279, 0.85829, 0.87234, 0.86414, 0.86683, 0.86881, 0.87579, 0.88214, 0.87537, 0.88977, 0.89566, 0.90321, 0.91475, 0.92413, 0.91955, 0.92442, 0.92858]


Best Dev MSE: 1.02077 (Obtained during Evaluation #4)
Test MSE: 1.11997, Test MAE: 0.84403

End of Program! Elapsed Time: 444.70s (0:07:24)
