========================================================================================================================
  ARL_lr: 0.01
  ARL_path: Small_Clothing_ANRS_1337
  batch_size: 128
  channels_global: 100
  channels_local: 200
  command: -d Small_Clothing -m ANR -e 10 -dr 0.5 -WED 300 -h1 10 -h2 50 -p 1 -v 43947 -rs 1234 -gpu 0 -vb 1 -sm Small_Clothing_ANR -ARL_path Small_Clothing_ANRS_1337
  ctx_win_size: 3
  dataset: Small_Clothing
  disable_initial_eval: 0
  dropout_rate: 0.5
  epochs: 10
  filters_num: 100
  gpu: 0
  h1: 10
  h2: 50
  hidden_size: 500
  input_dir: ./datasets/Small_Clothing/
  L2_reg: 1e-06
  learning_rate: 0.002
  loss_function: MSELoss
  max_doc_len: 500
  max_vis_len: 500
  model: ANR
  num_aspects: 5
  optimizer: Adam
  out_dir: ./experimental_results/Small_Clothing - ANR/
  output_size: 50
  pretrained_src: 1
  random_seed: 1234
  save_model: Small_Clothing_ANR
  use_cuda: True
  verbose: 1
  vocab_size: 43947
  word_embed_dim: 300
========================================================================================================================

[INFO] # of Users: 77,930, # of Items: 59,172

Creating model (Selected Model: ANR)..
[args.use_cuda: True] Model is on the GPU! (args.gpu: 0, torch.cuda.current_device(): 0)
Model created! Elapsed Time: 1.91s (0.03 minute)

Loading uid_userDoc from "./datasets/Small_Clothing/Small_Clothing_uid_userDoc.npy"..
uid_userDoc loaded! [uid_userDoc: (77930, 500)]

Loading iid_itemDoc from "./datasets/Small_Clothing/Small_Clothing_iid_itemDoc.npy"..
iid_itemDoc loaded! [iid_itemDoc: (59172, 500)]

Loading pretrained word embeddings from "./datasets/Small_Clothing/Small_Clothing_wed300_wid_wordEmbed.npy"..
Pretrained word embeddings loaded! [wid_wEmbed: (43949, 300)]

Loading pretrained ARL weights of "ANR" for dataset "Small_Clothing" from "./__saved_models__/Small_Clothing - ANRS/Small_Clothing_ANRS_1337.pth"!
Loading pretrained ARL weights on GPU "0"!

Loaded pretrained model states:

	shared_ANR_ARL.aspProj
	shared_ANR_ARL.aspEmbed.weight

Pretrained model states transferred to current model!

*** "shared_ANR_ARL.aspProj, shared_ANR_ARL.aspEmbed.weight" are FINE-TUNED!! ***


Initialization Complete.. Elapsed Time: 2.27s (0.04 minute)

Train/Dev/Test splits loaded! |TRAIN|: 80,000, |DEV|: 150, |TEST|: 166
Train/Dev/Test splits loaded! Elapsed Time: 2.31s (0.04 minute)

Performing initial evaluation for VALIDATION set..
[Initial] [Dev]  MSE: 18.57985, MAE: 4.18347

Performing initial evaluation for TESTING set..
[Initial] [Test] MSE: 19.34735, MAE: 4.28270

Initial Evaluation Complete.. Elapsed Time: 2.48s (0.04 minute)

Parameters that are fine-tuned using a smaller LR (LR: 2e-05):
shared_ANR_ARL.aspProj, shared_ANR_ARL.aspEmbed.weight

Parameters with L2 Regularization (Regularization Strength: 1e-06):
ANR_RatingPred.uid_userOffset.weight, ANR_RatingPred.iid_itemOffset.weight

Optimizer: Adam, Loss Function: MSELoss

Model Size: 81,889,153
# of Trainable Parameters: 153,453
ANR (
  (uid_userDoc): Embedding(77930, 500), weights = ((77930, 500),), parameters = 38,965,000
  (iid_itemDoc): Embedding(59172, 500), weights = ((59172, 500),), parameters = 29,586,000
  (wid_wEmbed): Embedding(43949, 300), weights = ((43949, 300),), parameters = 13,184,700
  (shared_ANR_ARL): ANR_ARL(
    (aspEmbed): Embedding(5, 30)
    (aspProj): Parameter(5, 300, 10)
  ), weights = ((5, 300, 10), (5, 30)), parameters = 15,150 (Trainable)
  (ANR_AIE): ANR_AIE(  (W_a): Parameter(10, 10)
    (W_u): Parameter(50, 10)
    (w_hu): Parameter(50, 1)
    (W_i): Parameter(50, 10)
    (w_hi): Parameter(50, 1)
  ), weights = ((10, 10), (50, 10), (50, 1), (50, 10), (50, 1)), parameters = 1,200 (Trainable)
  (ANR_RatingPred): ANR_RatingPred(
    (userAspRepDropout): Dropout(p=0.5, inplace=False)
    (itemAspRepDropout): Dropout(p=0.5, inplace=False)
    (uid_userOffset): Embedding(77930, 1)
    (iid_itemOffset): Embedding(59172, 1)
    (globalOffset): Parameter(1,)
  ), weights = ((1,), (77930, 1), (59172, 1)), parameters = 137,103 (Trainable)
)
========================================================================================================================

[Epoch 1/10] Training Loss: 8.70780	Elapsed Time: 15.03s (0:00:15)
[Epoch 1] [Dev]  MSE: 3.35083, MAE: 1.64664
[Epoch 1] [Test] MSE: 3.71532, MAE: 1.77507

*** MODEL has obtained the best DEV MSE of 3.35083 so far!
*** The Best MODEL saved to "./__saved_models__/Small_Clothing - ANR/Small_Clothing_ANR_1234.pth"

[Epoch 2/10] Training Loss: 3.42563	Elapsed Time: 29.84s (0:00:29)
[Epoch 2] [Dev]  MSE: 1.58964, MAE: 1.10686
[Epoch 2] [Test] MSE: 1.79200, MAE: 1.18533

*** MODEL has obtained the best DEV MSE of 1.58964 so far!
*** The Best MODEL saved to "./__saved_models__/Small_Clothing - ANR/Small_Clothing_ANR_1234.pth"

[Epoch 3/10] Training Loss: 2.47772	Elapsed Time: 44.84s (0:00:44)
[Epoch 3] [Dev]  MSE: 1.26610, MAE: 0.96847
[Epoch 3] [Test] MSE: 1.40704, MAE: 1.02878

*** MODEL has obtained the best DEV MSE of 1.26610 so far!
*** The Best MODEL saved to "./__saved_models__/Small_Clothing - ANR/Small_Clothing_ANR_1234.pth"

[Epoch 4/10] Training Loss: 1.89575	Elapsed Time: 59.66s (0:00:59)
[Epoch 4] [Dev]  MSE: 1.12954, MAE: 0.89089
[Epoch 4] [Test] MSE: 1.23662, MAE: 0.94618

*** MODEL has obtained the best DEV MSE of 1.12954 so far!
*** The Best MODEL saved to "./__saved_models__/Small_Clothing - ANR/Small_Clothing_ANR_1234.pth"

[Epoch 5/10] Training Loss: 1.50401	Elapsed Time: 74.46s (0:01:14)
[Epoch 5] [Dev]  MSE: 1.06057, MAE: 0.84267
[Epoch 5] [Test] MSE: 1.14293, MAE: 0.89220

*** MODEL has obtained the best DEV MSE of 1.06057 so far!
*** The Best MODEL saved to "./__saved_models__/Small_Clothing - ANR/Small_Clothing_ANR_1234.pth"

[Epoch 6/10] Training Loss: 1.16242	Elapsed Time: 89.28s (0:01:29)
[Epoch 6] [Dev]  MSE: 1.03776, MAE: 0.80290
[Epoch 6] [Test] MSE: 1.19220, MAE: 0.87889

*** MODEL has obtained the best DEV MSE of 1.03776 so far!
*** The Best MODEL saved to "./__saved_models__/Small_Clothing - ANR/Small_Clothing_ANR_1234.pth"

[Epoch 7/10] Training Loss: 0.90375	Elapsed Time: 104.09s (0:01:44)
[Epoch 7] [Dev]  MSE: 1.02040, MAE: 0.78252
[Epoch 7] [Test] MSE: 1.15348, MAE: 0.85335

*** MODEL has obtained the best DEV MSE of 1.02040 so far!
*** The Best MODEL saved to "./__saved_models__/Small_Clothing - ANR/Small_Clothing_ANR_1234.pth"

[Epoch 8/10] Training Loss: 0.78000	Elapsed Time: 118.94s (0:01:58)
[Epoch 8] [Dev]  MSE: 1.03729, MAE: 0.77495
[Epoch 8] [Test] MSE: 1.14468, MAE: 0.83379

[Epoch 9/10] Training Loss: 0.69899	Elapsed Time: 134.21s (0:02:14)
[Epoch 9] [Dev]  MSE: 1.04121, MAE: 0.78532
[Epoch 9] [Test] MSE: 1.15314, MAE: 0.84493

[Epoch 10/10] Training Loss: 0.62487	Elapsed Time: 149.49s (0:02:29)
[Epoch 10] [Dev]  MSE: 1.04448, MAE: 0.78492
[Epoch 10] [Test] MSE: 1.15752, MAE: 0.84696
*** The Last MODEL saved to "./__saved_models__/Small_Clothing - ANR/Small_Clothing_ANR_1234_10.pth"

[Training Loss]
[8.7078, 3.42563, 2.47772, 1.89575, 1.50401, 1.16242, 0.90375, 0.78, 0.69899, 0.62487]

[Dev MSE]
[3.35083, 1.58964, 1.2661, 1.12954, 1.06057, 1.03776, 1.0204, 1.03729, 1.04121, 1.04448]
[Test MSE]
[3.71532, 1.792, 1.40704, 1.23662, 1.14293, 1.1922, 1.15348, 1.14468, 1.15314, 1.15752]
[Test MAE]
[1.77507, 1.18533, 1.02878, 0.94618, 0.8922, 0.87889, 0.85335, 0.83379, 0.84493, 0.84696]


Best Dev MSE: 1.02040 (Obtained during Evaluation #7)
Test MSE: 1.15348, Test MAE: 0.85335

End of Program! Elapsed Time: 152.02s (0:02:32)
