========================================================================================================================
  ARL_lr: 0.01
  ARL_path: Small_Clothing_ANRS_1337
  batch_size: 128
  channels_global: 100
  channels_local: 200
  command: -d Small_Clothing -m ANR -e 12 -lr 2E-3 -bs 128 -dr 0.7 -p 1 -v 43947 -rs 1234 -gpu 0 -vb 1 -sm Small_Clothing -ARL_path Small_Clothing_ANRS_1337
  ctx_win_size: 3
  dataset: Small_Clothing
  disable_initial_eval: 0
  dropout_rate: 0.7
  epochs: 12
  gpu: 0
  h1: 10
  h2: 50
  hidden_size: 500
  input_dir: ./datasets/Small_Clothing/
  L2_reg: 1e-06
  learning_rate: 0.002
  loss_function: MSELoss
  max_doc_len: 500
  max_vis_len: 500
  model: ANR
  num_aspects: 5
  optimizer: Adam
  out_dir: ./experimental_results/Small_Clothing - ANR/
  output_size: 50
  pretrained_src: 1
  random_seed: 1234
  save_model: Small_Clothing
  use_cuda: True
  verbose: 1
  vocab_size: 43947
  word_embed_dim: 300
========================================================================================================================

[INFO] # of Users: 77,930, # of Items: 59,172

Creating model (Selected Model: ANR)..
[args.use_cuda: True] Model is on the GPU! (args.gpu: 0, torch.cuda.current_device(): 0)
Model created! Elapsed Time: 1.87s (0.03 minute)

Loading uid_userDoc from "./datasets/Small_Clothing/Small_Clothing_uid_userDoc.npy"..
uid_userDoc loaded! [uid_userDoc: (77930, 500)]

Loading iid_itemDoc from "./datasets/Small_Clothing/Small_Clothing_iid_itemDoc.npy"..
iid_itemDoc loaded! [iid_itemDoc: (59172, 500)]

Loading pretrained word embeddings from "./datasets/Small_Clothing/Small_Clothing_wid_wordEmbed.npy"..
Pretrained word embeddings loaded! [wid_wEmbed: (43949, 300)]

Loading pretrained ARL weights of "ANR" for dataset "Small_Clothing" from "./__saved_models__/Small_Clothing - ANRS/Small_Clothing_ANRS_1337.pth"!
Loading pretrained ARL weights on GPU "0"!

Loaded pretrained model states:

	shared_ANR_ARL.aspProj
	shared_ANR_ARL.aspEmbed.weight

Pretrained model states transferred to current model!

*** "shared_ANR_ARL.aspProj, shared_ANR_ARL.aspEmbed.weight" are FINE-TUNED!! ***


Initialization Complete.. Elapsed Time: 2.12s (0.04 minute)

Train/Dev/Test splits loaded! |TRAIN|: 80,000, |DEV|: 150, |TEST|: 166
Train/Dev/Test splits loaded! Elapsed Time: 2.14s (0.04 minute)

Performing initial evaluation for VALIDATION set..
[Initial] [Dev]  MSE: 18.92568, MAE: 4.22385

Performing initial evaluation for TESTING set..
[Initial] [Test] MSE: 19.68565, MAE: 4.32195

Initial Evaluation Complete.. Elapsed Time: 2.30s (0.04 minute)

Parameters that are fine-tuned using a smaller LR (LR: 2e-05):
shared_ANR_ARL.aspProj, shared_ANR_ARL.aspEmbed.weight

Parameters with L2 Regularization (Regularization Strength: 1e-06):
ANR_RatingPred.uid_userOffset.weight, ANR_RatingPred.iid_itemOffset.weight

Optimizer: Adam, Loss Function: MSELoss

Model Size: 81,889,153
# of Trainable Parameters: 153,453
ANR (
  (uid_userDoc): Embedding(77930, 500), weights = ((77930, 500),), parameters = 38,965,000
  (iid_itemDoc): Embedding(59172, 500), weights = ((59172, 500),), parameters = 29,586,000
  (wid_wEmbed): Embedding(43949, 300), weights = ((43949, 300),), parameters = 13,184,700
  (shared_ANR_ARL): ANR_ARL(
    (aspEmbed): Embedding(5, 30)
    (aspProj): Parameter(5, 300, 10)
  ), weights = ((5, 300, 10), (5, 30)), parameters = 15,150 (Trainable)
  (ANR_AIE): ANR_AIE(  (W_a): Parameter(10, 10)
    (W_u): Parameter(50, 10)
    (w_hu): Parameter(50, 1)
    (W_i): Parameter(50, 10)
    (w_hi): Parameter(50, 1)
  ), weights = ((10, 10), (50, 10), (50, 1), (50, 10), (50, 1)), parameters = 1,200 (Trainable)
  (ANR_RatingPred): ANR_RatingPred(
    (userAspRepDropout): Dropout(p=0.7, inplace=False)
    (itemAspRepDropout): Dropout(p=0.7, inplace=False)
    (uid_userOffset): Embedding(77930, 1)
    (iid_itemOffset): Embedding(59172, 1)
    (globalOffset): Parameter(1,)
  ), weights = ((1,), (77930, 1), (59172, 1)), parameters = 137,103 (Trainable)
)
========================================================================================================================

[Epoch 1/12] Training Loss: 11.76344	Elapsed Time: 15.46s (0:00:15)
[Epoch 1] [Dev]  MSE: 6.07058, MAE: 2.28257
[Epoch 1] [Test] MSE: 6.76167, MAE: 2.43854

*** MODEL has obtained the best DEV MSE of 6.07058 so far!
*** The Best MODEL saved to "./__saved_models__/Small_Clothing - ANR/Small_Clothing_1234.pth"

[Epoch 2/12] Training Loss: 5.15665	Elapsed Time: 30.73s (0:00:30)
[Epoch 2] [Dev]  MSE: 2.53724, MAE: 1.43655
[Epoch 2] [Test] MSE: 2.93204, MAE: 1.56804

*** MODEL has obtained the best DEV MSE of 2.53724 so far!
*** The Best MODEL saved to "./__saved_models__/Small_Clothing - ANR/Small_Clothing_1234.pth"

[Epoch 3/12] Training Loss: 3.19795	Elapsed Time: 46.00s (0:00:46)
[Epoch 3] [Dev]  MSE: 1.63364, MAE: 1.13901
[Epoch 3] [Test] MSE: 1.87619, MAE: 1.24603

*** MODEL has obtained the best DEV MSE of 1.63364 so far!
*** The Best MODEL saved to "./__saved_models__/Small_Clothing - ANR/Small_Clothing_1234.pth"

[Epoch 4/12] Training Loss: 2.07729	Elapsed Time: 61.30s (0:01:01)
[Epoch 4] [Dev]  MSE: 1.24490, MAE: 0.96715
[Epoch 4] [Test] MSE: 1.38678, MAE: 1.03998

*** MODEL has obtained the best DEV MSE of 1.24490 so far!
*** The Best MODEL saved to "./__saved_models__/Small_Clothing - ANR/Small_Clothing_1234.pth"

[Epoch 5/12] Training Loss: 1.47909	Elapsed Time: 76.57s (0:01:16)
[Epoch 5] [Dev]  MSE: 1.09000, MAE: 0.86960
[Epoch 5] [Test] MSE: 1.16865, MAE: 0.92085

*** MODEL has obtained the best DEV MSE of 1.09000 so far!
*** The Best MODEL saved to "./__saved_models__/Small_Clothing - ANR/Small_Clothing_1234.pth"

[Epoch 6/12] Training Loss: 1.15447	Elapsed Time: 91.86s (0:01:31)
[Epoch 6] [Dev]  MSE: 1.04188, MAE: 0.82708
[Epoch 6] [Test] MSE: 1.09569, MAE: 0.86553

*** MODEL has obtained the best DEV MSE of 1.04188 so far!
*** The Best MODEL saved to "./__saved_models__/Small_Clothing - ANR/Small_Clothing_1234.pth"

[Epoch 7/12] Training Loss: 0.97874	Elapsed Time: 107.11s (0:01:47)
[Epoch 7] [Dev]  MSE: 1.02502, MAE: 0.80580
[Epoch 7] [Test] MSE: 1.06065, MAE: 0.83832

*** MODEL has obtained the best DEV MSE of 1.02502 so far!
*** The Best MODEL saved to "./__saved_models__/Small_Clothing - ANR/Small_Clothing_1234.pth"

[Epoch 8/12] Training Loss: 0.87560	Elapsed Time: 122.40s (0:02:02)
[Epoch 8] [Dev]  MSE: 1.02460, MAE: 0.79043
[Epoch 8] [Test] MSE: 1.05192, MAE: 0.82412

*** MODEL has obtained the best DEV MSE of 1.02460 so far!
*** The Best MODEL saved to "./__saved_models__/Small_Clothing - ANR/Small_Clothing_1234.pth"

[Epoch 9/12] Training Loss: 0.78500	Elapsed Time: 137.67s (0:02:17)
[Epoch 9] [Dev]  MSE: 1.03180, MAE: 0.78878
[Epoch 9] [Test] MSE: 1.06261, MAE: 0.82423

[Epoch 10/12] Training Loss: 0.70453	Elapsed Time: 152.92s (0:02:32)
[Epoch 10] [Dev]  MSE: 1.03512, MAE: 0.78365
[Epoch 10] [Test] MSE: 1.07894, MAE: 0.82277

[Epoch 11/12] Training Loss: 0.62958	Elapsed Time: 168.16s (0:02:48)
[Epoch 11] [Dev]  MSE: 1.04554, MAE: 0.78236
[Epoch 11] [Test] MSE: 1.09615, MAE: 0.82861

[Epoch 12/12] Training Loss: 0.56059	Elapsed Time: 183.44s (0:03:03)
[Epoch 12] [Dev]  MSE: 1.06685, MAE: 0.78265
[Epoch 12] [Test] MSE: 1.12470, MAE: 0.83034
*** The Last MODEL saved to "./__saved_models__/Small_Clothing - ANR/Small_Clothing_1234_12.pth"

[Training Loss]
[11.76344, 5.15665, 3.19795, 2.07729, 1.47909, 1.15447, 0.97874, 0.8756, 0.785, 0.70453, 0.62958, 0.56059]

[Dev MSE]
[6.07058, 2.53724, 1.63364, 1.2449, 1.09, 1.04188, 1.02502, 1.0246, 1.0318, 1.03512, 1.04554, 1.06685]
[Test MSE]
[6.76167, 2.93204, 1.87619, 1.38678, 1.16865, 1.09569, 1.06065, 1.05192, 1.06261, 1.07894, 1.09615, 1.1247]
[Test MAE]
[2.43854, 1.56804, 1.24603, 1.03998, 0.92085, 0.86553, 0.83832, 0.82412, 0.82423, 0.82277, 0.82861, 0.83034]


Best Dev MSE: 1.02460 (Obtained during Evaluation #8)
Test MSE: 1.05192, Test MAE: 0.82412

End of Program! Elapsed Time: 185.78s (0:03:05)
