========================================================================================================================
  ARL_lr: 0.01
  ARL_path: Small_Clothing_ANRS_1337
  batch_size: 128
  channels_global: 100
  channels_local: 200
  command: -d Small_Clothing -m ANR -e 12 -lr 2E-3 -bs 128 -dr 0.9 -p 1 -v 43947 -rs 1234 -gpu 0 -vb 1 -sm Small_Clothing -ARL_path Small_Clothing_ANRS_1337
  ctx_win_size: 3
  dataset: Small_Clothing
  disable_initial_eval: 0
  dropout_rate: 0.9
  epochs: 12
  gpu: 0
  h1: 10
  h2: 50
  hidden_size: 500
  input_dir: ./datasets/Small_Clothing/
  L2_reg: 1e-06
  learning_rate: 0.002
  loss_function: MSELoss
  max_doc_len: 500
  max_vis_len: 500
  model: ANR
  num_aspects: 5
  optimizer: Adam
  out_dir: ./experimental_results/Small_Clothing - ANR/
  output_size: 50
  pretrained_src: 1
  random_seed: 1234
  save_model: Small_Clothing
  use_cuda: True
  verbose: 1
  vocab_size: 43947
  word_embed_dim: 300
========================================================================================================================

[INFO] # of Users: 77,930, # of Items: 59,172

Creating model (Selected Model: ANR)..
[args.use_cuda: True] Model is on the GPU! (args.gpu: 0, torch.cuda.current_device(): 0)
Model created! Elapsed Time: 1.91s (0.03 minute)

Loading uid_userDoc from "./datasets/Small_Clothing/Small_Clothing_uid_userDoc.npy"..
uid_userDoc loaded! [uid_userDoc: (77930, 500)]

Loading iid_itemDoc from "./datasets/Small_Clothing/Small_Clothing_iid_itemDoc.npy"..
iid_itemDoc loaded! [iid_itemDoc: (59172, 500)]

Loading pretrained word embeddings from "./datasets/Small_Clothing/Small_Clothing_wid_wordEmbed.npy"..
Pretrained word embeddings loaded! [wid_wEmbed: (43949, 300)]

Loading pretrained ARL weights of "ANR" for dataset "Small_Clothing" from "./__saved_models__/Small_Clothing - ANRS/Small_Clothing_ANRS_1337.pth"!
Loading pretrained ARL weights on GPU "0"!

Loaded pretrained model states:

	shared_ANR_ARL.aspProj
	shared_ANR_ARL.aspEmbed.weight

Pretrained model states transferred to current model!

*** "shared_ANR_ARL.aspProj, shared_ANR_ARL.aspEmbed.weight" are FINE-TUNED!! ***


Initialization Complete.. Elapsed Time: 2.17s (0.04 minute)

Train/Dev/Test splits loaded! |TRAIN|: 80,000, |DEV|: 150, |TEST|: 166
Train/Dev/Test splits loaded! Elapsed Time: 2.19s (0.04 minute)

Performing initial evaluation for VALIDATION set..
[Initial] [Dev]  MSE: 18.92568, MAE: 4.22385

Performing initial evaluation for TESTING set..
[Initial] [Test] MSE: 19.68565, MAE: 4.32195

Initial Evaluation Complete.. Elapsed Time: 2.35s (0.04 minute)

Parameters that are fine-tuned using a smaller LR (LR: 2e-05):
shared_ANR_ARL.aspProj, shared_ANR_ARL.aspEmbed.weight

Parameters with L2 Regularization (Regularization Strength: 1e-06):
ANR_RatingPred.uid_userOffset.weight, ANR_RatingPred.iid_itemOffset.weight

Optimizer: Adam, Loss Function: MSELoss

Model Size: 81,889,153
# of Trainable Parameters: 153,453
ANR (
  (uid_userDoc): Embedding(77930, 500), weights = ((77930, 500),), parameters = 38,965,000
  (iid_itemDoc): Embedding(59172, 500), weights = ((59172, 500),), parameters = 29,586,000
  (wid_wEmbed): Embedding(43949, 300), weights = ((43949, 300),), parameters = 13,184,700
  (shared_ANR_ARL): ANR_ARL(
    (aspEmbed): Embedding(5, 30)
    (aspProj): Parameter(5, 300, 10)
  ), weights = ((5, 300, 10), (5, 30)), parameters = 15,150 (Trainable)
  (ANR_AIE): ANR_AIE(  (W_a): Parameter(10, 10)
    (W_u): Parameter(50, 10)
    (w_hu): Parameter(50, 1)
    (W_i): Parameter(50, 10)
    (w_hi): Parameter(50, 1)
  ), weights = ((10, 10), (50, 10), (50, 1), (50, 10), (50, 1)), parameters = 1,200 (Trainable)
  (ANR_RatingPred): ANR_RatingPred(
    (userAspRepDropout): Dropout(p=0.9, inplace=False)
    (itemAspRepDropout): Dropout(p=0.9, inplace=False)
    (uid_userOffset): Embedding(77930, 1)
    (iid_itemOffset): Embedding(59172, 1)
    (globalOffset): Parameter(1,)
  ), weights = ((1,), (77930, 1), (59172, 1)), parameters = 137,103 (Trainable)
)
========================================================================================================================

[Epoch 1/12] Training Loss: 13.52554	Elapsed Time: 15.22s (0:00:15)
[Epoch 1] [Dev]  MSE: 8.75166, MAE: 2.79419
[Epoch 1] [Test] MSE: 9.38322, MAE: 2.91641

*** MODEL has obtained the best DEV MSE of 8.75166 so far!
*** The Best MODEL saved to "./__saved_models__/Small_Clothing - ANR/Small_Clothing_1234.pth"

[Epoch 2/12] Training Loss: 7.08093	Elapsed Time: 30.43s (0:00:30)
[Epoch 2] [Dev]  MSE: 4.35777, MAE: 1.93480
[Epoch 2] [Test] MSE: 4.73330, MAE: 2.03869

*** MODEL has obtained the best DEV MSE of 4.35777 so far!
*** The Best MODEL saved to "./__saved_models__/Small_Clothing - ANR/Small_Clothing_1234.pth"

[Epoch 3/12] Training Loss: 3.61681	Elapsed Time: 45.63s (0:00:45)
[Epoch 3] [Dev]  MSE: 2.19403, MAE: 1.34139
[Epoch 3] [Test] MSE: 2.39240, MAE: 1.42062

*** MODEL has obtained the best DEV MSE of 2.19403 so far!
*** The Best MODEL saved to "./__saved_models__/Small_Clothing - ANR/Small_Clothing_1234.pth"

[Epoch 4/12] Training Loss: 2.00940	Elapsed Time: 60.80s (0:01:00)
[Epoch 4] [Dev]  MSE: 1.33293, MAE: 1.02559
[Epoch 4] [Test] MSE: 1.42290, MAE: 1.06764

*** MODEL has obtained the best DEV MSE of 1.33293 so far!
*** The Best MODEL saved to "./__saved_models__/Small_Clothing - ANR/Small_Clothing_1234.pth"

[Epoch 5/12] Training Loss: 1.37199	Elapsed Time: 75.98s (0:01:15)
[Epoch 5] [Dev]  MSE: 1.08399, MAE: 0.85909
[Epoch 5] [Test] MSE: 1.11382, MAE: 0.89001

*** MODEL has obtained the best DEV MSE of 1.08399 so far!
*** The Best MODEL saved to "./__saved_models__/Small_Clothing - ANR/Small_Clothing_1234.pth"

[Epoch 6/12] Training Loss: 1.13565	Elapsed Time: 91.19s (0:01:31)
[Epoch 6] [Dev]  MSE: 1.03573, MAE: 0.81898
[Epoch 6] [Test] MSE: 1.03850, MAE: 0.83956

*** MODEL has obtained the best DEV MSE of 1.03573 so far!
*** The Best MODEL saved to "./__saved_models__/Small_Clothing - ANR/Small_Clothing_1234.pth"

[Epoch 7/12] Training Loss: 1.00521	Elapsed Time: 106.36s (0:01:46)
[Epoch 7] [Dev]  MSE: 1.02493, MAE: 0.80114
[Epoch 7] [Test] MSE: 1.03003, MAE: 0.82520

*** MODEL has obtained the best DEV MSE of 1.02493 so far!
*** The Best MODEL saved to "./__saved_models__/Small_Clothing - ANR/Small_Clothing_1234.pth"

[Epoch 8/12] Training Loss: 0.90014	Elapsed Time: 121.51s (0:02:01)
[Epoch 8] [Dev]  MSE: 1.02205, MAE: 0.79231
[Epoch 8] [Test] MSE: 1.03906, MAE: 0.82362

*** MODEL has obtained the best DEV MSE of 1.02205 so far!
*** The Best MODEL saved to "./__saved_models__/Small_Clothing - ANR/Small_Clothing_1234.pth"

[Epoch 9/12] Training Loss: 0.80895	Elapsed Time: 136.70s (0:02:16)
[Epoch 9] [Dev]  MSE: 1.02398, MAE: 0.78527
[Epoch 9] [Test] MSE: 1.05241, MAE: 0.82262

[Epoch 10/12] Training Loss: 0.72229	Elapsed Time: 151.91s (0:02:31)
[Epoch 10] [Dev]  MSE: 1.03011, MAE: 0.77976
[Epoch 10] [Test] MSE: 1.06932, MAE: 0.82373

[Epoch 11/12] Training Loss: 0.64168	Elapsed Time: 167.14s (0:02:47)
[Epoch 11] [Dev]  MSE: 1.04289, MAE: 0.77713
[Epoch 11] [Test] MSE: 1.08948, MAE: 0.82564

[Epoch 12/12] Training Loss: 0.56922	Elapsed Time: 182.31s (0:03:02)
[Epoch 12] [Dev]  MSE: 1.05313, MAE: 0.77449
[Epoch 12] [Test] MSE: 1.11288, MAE: 0.82701
*** The Last MODEL saved to "./__saved_models__/Small_Clothing - ANR/Small_Clothing_1234_12.pth"

[Training Loss]
[13.52554, 7.08093, 3.61681, 2.0094, 1.37199, 1.13565, 1.00521, 0.90014, 0.80895, 0.72229, 0.64168, 0.56922]

[Dev MSE]
[8.75166, 4.35777, 2.19403, 1.33293, 1.08399, 1.03573, 1.02493, 1.02205, 1.02398, 1.03011, 1.04289, 1.05313]
[Test MSE]
[9.38322, 4.7333, 2.3924, 1.4229, 1.11382, 1.0385, 1.03003, 1.03906, 1.05241, 1.06932, 1.08948, 1.11288]
[Test MAE]
[2.91641, 2.03869, 1.42062, 1.06764, 0.89001, 0.83956, 0.8252, 0.82362, 0.82262, 0.82373, 0.82564, 0.82701]


Best Dev MSE: 1.02205 (Obtained during Evaluation #8)
Test MSE: 1.03906, Test MAE: 0.82362

End of Program! Elapsed Time: 184.70s (0:03:04)
