========================================================================================================================
  ARL_lr: 0.01
  ARL_path: 
  batch_size: 128
  channels_global: 100
  channels_local: 200
  command: -d Small_Clothing -m ANR -e 50 -p 1 -v 43947 -rs 1234 -gpu 0 -vb 1 -sm Small_Clothing
  ctx_win_size: 3
  dataset: Small_Clothing
  disable_initial_eval: 0
  dropout_rate: 0.5
  epochs: 50
  gpu: 0
  h1: 10
  h2: 50
  hidden_size: 500
  input_dir: ./datasets/Small_Clothing/
  L2_reg: 1e-06
  learning_rate: 0.002
  loss_function: MSELoss
  max_doc_len: 500
  max_vis_len: 500
  model: ANR
  num_aspects: 5
  optimizer: Adam
  out_dir: ./experimental_results/Small_Clothing - ANR/
  output_size: 50
  pretrained_src: 1
  random_seed: 1234
  save_model: Small_Clothing
  use_cuda: True
  verbose: 1
  vocab_size: 43947
  word_embed_dim: 300
========================================================================================================================

[INFO] # of Users: 77,930, # of Items: 59,172

Creating model (Selected Model: ANR)..
[args.use_cuda: True] Model is on the GPU! (args.gpu: 0, torch.cuda.current_device(): 0)
Model created! Elapsed Time: 1.89s (0.03 minute)

Loading uid_userDoc from "./datasets/Small_Clothing/Small_Clothing_uid_userDoc.npy"..
uid_userDoc loaded! [uid_userDoc: (77930, 500)]

Loading iid_itemDoc from "./datasets/Small_Clothing/Small_Clothing_iid_itemDoc.npy"..
iid_itemDoc loaded! [iid_itemDoc: (59172, 500)]

Loading pretrained word embeddings from "./datasets/Small_Clothing/Small_Clothing_wid_wordEmbed.npy"..
Pretrained word embeddings loaded! [wid_wEmbed: (43949, 300)]

Initialization Complete.. Elapsed Time: 2.14s (0.04 minute)

Train/Dev/Test splits loaded! |TRAIN|: 80,000, |DEV|: 150, |TEST|: 166
Train/Dev/Test splits loaded! Elapsed Time: 2.16s (0.04 minute)

Performing initial evaluation for VALIDATION set..
[Initial] [Dev]  MSE: 19.06665, MAE: 4.24000

Performing initial evaluation for TESTING set..
[Initial] [Test] MSE: 19.81926, MAE: 4.33735

Initial Evaluation Complete.. Elapsed Time: 2.32s (0.04 minute)

Parameters with L2 Regularization (Regularization Strength: 1e-06):
ANR_RatingPred.uid_userOffset.weight, ANR_RatingPred.iid_itemOffset.weight

Optimizer: Adam, Loss Function: MSELoss

Model Size: 81,889,153
# of Trainable Parameters: 153,453
ANR (
  (uid_userDoc): Embedding(77930, 500), weights = ((77930, 500),), parameters = 38,965,000
  (iid_itemDoc): Embedding(59172, 500), weights = ((59172, 500),), parameters = 29,586,000
  (wid_wEmbed): Embedding(43949, 300), weights = ((43949, 300),), parameters = 13,184,700
  (shared_ANR_ARL): ANR_ARL(
    (aspEmbed): Embedding(5, 30)
    (aspProj): Parameter(5, 300, 10)
  ), weights = ((5, 300, 10), (5, 30)), parameters = 15,150 (Trainable)
  (ANR_AIE): ANR_AIE(  (W_a): Parameter(10, 10)
    (W_u): Parameter(50, 10)
    (w_hu): Parameter(50, 1)
    (W_i): Parameter(50, 10)
    (w_hi): Parameter(50, 1)
  ), weights = ((10, 10), (50, 10), (50, 1), (50, 10), (50, 1)), parameters = 1,200 (Trainable)
  (ANR_RatingPred): ANR_RatingPred(
    (userAspRepDropout): Dropout(p=0.5, inplace=False)
    (itemAspRepDropout): Dropout(p=0.5, inplace=False)
    (uid_userOffset): Embedding(77930, 1)
    (iid_itemOffset): Embedding(59172, 1)
    (globalOffset): Parameter(1,)
  ), weights = ((1,), (77930, 1), (59172, 1)), parameters = 137,103 (Trainable)
)
========================================================================================================================

[Epoch 1/50] Training Loss: 3.35408	Elapsed Time: 14.78s (0:00:14)
[Epoch 1] [Dev]  MSE: 1.21017, MAE: 0.86459
[Epoch 1] [Test] MSE: 1.31379, MAE: 0.93642

*** MODEL has obtained the best DEV MSE of 1.21017 so far!
*** The Best MODEL saved to "./__saved_models__/Small_Clothing - ANR/Small_Clothing_1234.pth"

[Epoch 2/50] Training Loss: 1.71708	Elapsed Time: 29.61s (0:00:29)
[Epoch 2] [Dev]  MSE: 1.35262, MAE: 0.93346
[Epoch 2] [Test] MSE: 1.59550, MAE: 1.00090

[Epoch 3/50] Training Loss: 1.32336	Elapsed Time: 44.42s (0:00:44)
[Epoch 3] [Dev]  MSE: 1.27839, MAE: 0.83055
[Epoch 3] [Test] MSE: 1.53974, MAE: 0.90182

[Epoch 4/50] Training Loss: 1.05432	Elapsed Time: 59.29s (0:00:59)
[Epoch 4] [Dev]  MSE: 1.28431, MAE: 0.86001
[Epoch 4] [Test] MSE: 1.49499, MAE: 0.92247

[Epoch 5/50] Training Loss: 0.83197	Elapsed Time: 74.14s (0:01:14)
[Epoch 5] [Dev]  MSE: 1.28894, MAE: 0.85766
[Epoch 5] [Test] MSE: 1.45823, MAE: 0.89263

[Epoch 6/50] Training Loss: 0.67985	Elapsed Time: 89.02s (0:01:29)
[Epoch 6] [Dev]  MSE: 1.29716, MAE: 0.86964
[Epoch 6] [Test] MSE: 1.45730, MAE: 0.90188

[Epoch 7/50] Training Loss: 0.58468	Elapsed Time: 103.92s (0:01:43)
[Epoch 7] [Dev]  MSE: 1.22904, MAE: 0.81993
[Epoch 7] [Test] MSE: 1.38235, MAE: 0.86428

[Epoch 8/50] Training Loss: 0.52090	Elapsed Time: 118.79s (0:01:58)
[Epoch 8] [Dev]  MSE: 1.21589, MAE: 0.83351
[Epoch 8] [Test] MSE: 1.36753, MAE: 0.88166

[Epoch 9/50] Training Loss: 0.46745	Elapsed Time: 133.65s (0:02:13)
[Epoch 9] [Dev]  MSE: 1.23545, MAE: 0.82130
[Epoch 9] [Test] MSE: 1.38860, MAE: 0.86358

[Epoch 10/50] Training Loss: 0.41960	Elapsed Time: 148.54s (0:02:28)
[Epoch 10] [Dev]  MSE: 1.23347, MAE: 0.82412
[Epoch 10] [Test] MSE: 1.38220, MAE: 0.87395

[Epoch 11/50] Training Loss: 0.38092	Elapsed Time: 163.40s (0:02:43)
[Epoch 11] [Dev]  MSE: 1.24225, MAE: 0.83429
[Epoch 11] [Test] MSE: 1.40987, MAE: 0.88818

[Epoch 12/50] Training Loss: 0.34454	Elapsed Time: 178.24s (0:02:58)
[Epoch 12] [Dev]  MSE: 1.26059, MAE: 0.81571
[Epoch 12] [Test] MSE: 1.41893, MAE: 0.86023

[Epoch 13/50] Training Loss: 0.31360	Elapsed Time: 193.04s (0:03:13)
[Epoch 13] [Dev]  MSE: 1.30457, MAE: 0.83700
[Epoch 13] [Test] MSE: 1.45333, MAE: 0.88158

[Epoch 14/50] Training Loss: 0.28334	Elapsed Time: 207.96s (0:03:27)
[Epoch 14] [Dev]  MSE: 1.34193, MAE: 0.83523
[Epoch 14] [Test] MSE: 1.48762, MAE: 0.87894

[Epoch 15/50] Training Loss: 0.25850	Elapsed Time: 222.81s (0:03:42)
[Epoch 15] [Dev]  MSE: 1.29381, MAE: 0.82571
[Epoch 15] [Test] MSE: 1.47243, MAE: 0.87840

[Epoch 16/50] Training Loss: 0.23716	Elapsed Time: 237.66s (0:03:57)
[Epoch 16] [Dev]  MSE: 1.30521, MAE: 0.83627
[Epoch 16] [Test] MSE: 1.49678, MAE: 0.89677

[Epoch 17/50] Training Loss: 0.21385	Elapsed Time: 252.52s (0:04:12)
[Epoch 17] [Dev]  MSE: 1.31580, MAE: 0.85638
[Epoch 17] [Test] MSE: 1.49026, MAE: 0.90371

[Epoch 18/50] Training Loss: 0.19798	Elapsed Time: 267.40s (0:04:27)
[Epoch 18] [Dev]  MSE: 1.31566, MAE: 0.84462
[Epoch 18] [Test] MSE: 1.49664, MAE: 0.89812

[Epoch 19/50] Training Loss: 0.18043	Elapsed Time: 282.26s (0:04:42)
[Epoch 19] [Dev]  MSE: 1.30090, MAE: 0.84514
[Epoch 19] [Test] MSE: 1.49856, MAE: 0.90797

[Epoch 20/50] Training Loss: 0.16386	Elapsed Time: 297.11s (0:04:57)
[Epoch 20] [Dev]  MSE: 1.30065, MAE: 0.83369
[Epoch 20] [Test] MSE: 1.52878, MAE: 0.90640

[Epoch 21/50] Training Loss: 0.15122	Elapsed Time: 311.95s (0:05:11)
[Epoch 21] [Dev]  MSE: 1.33259, MAE: 0.83859
[Epoch 21] [Test] MSE: 1.53925, MAE: 0.90909

[Epoch 22/50] Training Loss: 0.13831	Elapsed Time: 326.81s (0:05:26)
[Epoch 22] [Dev]  MSE: 1.35539, MAE: 0.85289
[Epoch 22] [Test] MSE: 1.55635, MAE: 0.91456

[Epoch 23/50] Training Loss: 0.12678	Elapsed Time: 341.69s (0:05:41)
[Epoch 23] [Dev]  MSE: 1.33363, MAE: 0.83103
[Epoch 23] [Test] MSE: 1.56983, MAE: 0.91503

[Epoch 24/50] Training Loss: 0.11570	Elapsed Time: 356.55s (0:05:56)
[Epoch 24] [Dev]  MSE: 1.33371, MAE: 0.83342
[Epoch 24] [Test] MSE: 1.54300, MAE: 0.91048

[Epoch 25/50] Training Loss: 0.10894	Elapsed Time: 371.42s (0:06:11)
[Epoch 25] [Dev]  MSE: 1.33704, MAE: 0.84425
[Epoch 25] [Test] MSE: 1.56148, MAE: 0.91471

[Epoch 26/50] Training Loss: 0.09833	Elapsed Time: 386.28s (0:06:26)
[Epoch 26] [Dev]  MSE: 1.36156, MAE: 0.85012
[Epoch 26] [Test] MSE: 1.58858, MAE: 0.92307

[Epoch 27/50] Training Loss: 0.08954	Elapsed Time: 401.16s (0:06:41)
[Epoch 27] [Dev]  MSE: 1.39022, MAE: 0.84478
[Epoch 27] [Test] MSE: 1.62693, MAE: 0.93021

[Epoch 28/50] Training Loss: 0.08170	Elapsed Time: 416.03s (0:06:56)
[Epoch 28] [Dev]  MSE: 1.37665, MAE: 0.85591
[Epoch 28] [Test] MSE: 1.59750, MAE: 0.93155

[Epoch 29/50] Training Loss: 0.07571	Elapsed Time: 430.91s (0:07:10)
[Epoch 29] [Dev]  MSE: 1.38017, MAE: 0.85111
[Epoch 29] [Test] MSE: 1.59183, MAE: 0.92923

[Epoch 30/50] Training Loss: 0.07040	Elapsed Time: 445.80s (0:07:25)
[Epoch 30] [Dev]  MSE: 1.34044, MAE: 0.84343
[Epoch 30] [Test] MSE: 1.60310, MAE: 0.93274

[Epoch 31/50] Training Loss: 0.06442	Elapsed Time: 460.68s (0:07:40)
[Epoch 31] [Dev]  MSE: 1.38584, MAE: 0.84585
[Epoch 31] [Test] MSE: 1.62103, MAE: 0.93832

[Epoch 32/50] Training Loss: 0.05904	Elapsed Time: 475.54s (0:07:55)
[Epoch 32] [Dev]  MSE: 1.39573, MAE: 0.84451
[Epoch 32] [Test] MSE: 1.61436, MAE: 0.92908

[Epoch 33/50] Training Loss: 0.05400	Elapsed Time: 490.40s (0:08:10)
[Epoch 33] [Dev]  MSE: 1.37790, MAE: 0.84763
[Epoch 33] [Test] MSE: 1.62204, MAE: 0.93605

[Epoch 34/50] Training Loss: 0.04985	Elapsed Time: 505.29s (0:08:25)
[Epoch 34] [Dev]  MSE: 1.39910, MAE: 0.84286
[Epoch 34] [Test] MSE: 1.64380, MAE: 0.94202

[Epoch 35/50] Training Loss: 0.04559	Elapsed Time: 520.13s (0:08:40)
[Epoch 35] [Dev]  MSE: 1.40294, MAE: 0.84994
[Epoch 35] [Test] MSE: 1.62002, MAE: 0.93965

[Epoch 36/50] Training Loss: 0.04236	Elapsed Time: 534.99s (0:08:54)
[Epoch 36] [Dev]  MSE: 1.42104, MAE: 0.84396
[Epoch 36] [Test] MSE: 1.65209, MAE: 0.94846

[Epoch 37/50] Training Loss: 0.03913	Elapsed Time: 549.86s (0:09:09)
[Epoch 37] [Dev]  MSE: 1.40266, MAE: 0.84260
[Epoch 37] [Test] MSE: 1.65349, MAE: 0.94353

[Epoch 38/50] Training Loss: 0.03588	Elapsed Time: 564.70s (0:09:24)
[Epoch 38] [Dev]  MSE: 1.39200, MAE: 0.83593
[Epoch 38] [Test] MSE: 1.65011, MAE: 0.94311

[Epoch 39/50] Training Loss: 0.03350	Elapsed Time: 579.60s (0:09:39)
[Epoch 39] [Dev]  MSE: 1.39206, MAE: 0.83490
[Epoch 39] [Test] MSE: 1.66296, MAE: 0.94827

[Epoch 40/50] Training Loss: 0.03065	Elapsed Time: 594.45s (0:09:54)
[Epoch 40] [Dev]  MSE: 1.41838, MAE: 0.84406
[Epoch 40] [Test] MSE: 1.68599, MAE: 0.95111

[Epoch 41/50] Training Loss: 0.02851	Elapsed Time: 609.33s (0:10:09)
[Epoch 41] [Dev]  MSE: 1.41830, MAE: 0.85222
[Epoch 41] [Test] MSE: 1.68119, MAE: 0.95354

[Epoch 42/50] Training Loss: 0.02624	Elapsed Time: 624.17s (0:10:24)
[Epoch 42] [Dev]  MSE: 1.42352, MAE: 0.85036
[Epoch 42] [Test] MSE: 1.67663, MAE: 0.95246

[Epoch 43/50] Training Loss: 0.02449	Elapsed Time: 639.07s (0:10:39)
[Epoch 43] [Dev]  MSE: 1.40631, MAE: 0.84239
[Epoch 43] [Test] MSE: 1.66219, MAE: 0.95340

[Epoch 44/50] Training Loss: 0.02292	Elapsed Time: 653.93s (0:10:53)
[Epoch 44] [Dev]  MSE: 1.40230, MAE: 0.84108
[Epoch 44] [Test] MSE: 1.68193, MAE: 0.95896

[Epoch 45/50] Training Loss: 0.02110	Elapsed Time: 668.77s (0:11:08)
[Epoch 45] [Dev]  MSE: 1.41562, MAE: 0.83669
[Epoch 45] [Test] MSE: 1.68430, MAE: 0.95594

[Epoch 46/50] Training Loss: 0.01994	Elapsed Time: 683.65s (0:11:23)
[Epoch 46] [Dev]  MSE: 1.40332, MAE: 0.83721
[Epoch 46] [Test] MSE: 1.69285, MAE: 0.95559

[Epoch 47/50] Training Loss: 0.01861	Elapsed Time: 698.52s (0:11:38)
[Epoch 47] [Dev]  MSE: 1.41840, MAE: 0.83962
[Epoch 47] [Test] MSE: 1.68488, MAE: 0.95162

[Epoch 48/50] Training Loss: 0.01736	Elapsed Time: 713.34s (0:11:53)
[Epoch 48] [Dev]  MSE: 1.41021, MAE: 0.83916
[Epoch 48] [Test] MSE: 1.68272, MAE: 0.95492

[Epoch 49/50] Training Loss: 0.01649	Elapsed Time: 728.18s (0:12:08)
[Epoch 49] [Dev]  MSE: 1.43299, MAE: 0.84941
[Epoch 49] [Test] MSE: 1.71715, MAE: 0.96952

[Epoch 50/50] Training Loss: 0.01544	Elapsed Time: 743.04s (0:12:23)
[Epoch 50] [Dev]  MSE: 1.42735, MAE: 0.84637
[Epoch 50] [Test] MSE: 1.69684, MAE: 0.95785
*** The Last MODEL saved to "./__saved_models__/Small_Clothing - ANR/Small_Clothing_1234_50.pth"

[Training Loss]
[3.35408, 1.71708, 1.32336, 1.05432, 0.83197, 0.67985, 0.58468, 0.5209, 0.46745, 0.4196, 0.38092, 0.34454, 0.3136, 0.28334, 0.2585, 0.23716, 0.21385, 0.19798, 0.18043, 0.16386, 0.15122, 0.13831, 0.12678, 0.1157, 0.10894, 0.09833, 0.08954, 0.0817, 0.07571, 0.0704, 0.06442, 0.05904, 0.054, 0.04985, 0.04559, 0.04236, 0.03913, 0.03588, 0.0335, 0.03065, 0.02851, 0.02624, 0.02449, 0.02292, 0.0211, 0.01994, 0.01861, 0.01736, 0.01649, 0.01544]

[Dev MSE]
[1.21017, 1.35262, 1.27839, 1.28431, 1.28894, 1.29716, 1.22904, 1.21589, 1.23545, 1.23347, 1.24225, 1.26059, 1.30457, 1.34193, 1.29381, 1.30521, 1.3158, 1.31566, 1.3009, 1.30065, 1.33259, 1.35539, 1.33363, 1.33371, 1.33704, 1.36156, 1.39022, 1.37665, 1.38017, 1.34044, 1.38584, 1.39573, 1.3779, 1.3991, 1.40294, 1.42104, 1.40266, 1.392, 1.39206, 1.41838, 1.4183, 1.42352, 1.40631, 1.4023, 1.41562, 1.40332, 1.4184, 1.41021, 1.43299, 1.42735]
[Test MSE]
[1.31379, 1.5955, 1.53974, 1.49499, 1.45823, 1.4573, 1.38235, 1.36753, 1.3886, 1.3822, 1.40987, 1.41893, 1.45333, 1.48762, 1.47243, 1.49678, 1.49026, 1.49664, 1.49856, 1.52878, 1.53925, 1.55635, 1.56983, 1.543, 1.56148, 1.58858, 1.62693, 1.5975, 1.59183, 1.6031, 1.62103, 1.61436, 1.62204, 1.6438, 1.62002, 1.65209, 1.65349, 1.65011, 1.66296, 1.68599, 1.68119, 1.67663, 1.66219, 1.68193, 1.6843, 1.69285, 1.68488, 1.68272, 1.71715, 1.69684]
[Test MAE]
[0.93642, 1.0009, 0.90182, 0.92247, 0.89263, 0.90188, 0.86428, 0.88166, 0.86358, 0.87395, 0.88818, 0.86023, 0.88158, 0.87894, 0.8784, 0.89677, 0.90371, 0.89812, 0.90797, 0.9064, 0.90909, 0.91456, 0.91503, 0.91048, 0.91471, 0.92307, 0.93021, 0.93155, 0.92923, 0.93274, 0.93832, 0.92908, 0.93605, 0.94202, 0.93965, 0.94846, 0.94353, 0.94311, 0.94827, 0.95111, 0.95354, 0.95246, 0.9534, 0.95896, 0.95594, 0.95559, 0.95162, 0.95492, 0.96952, 0.95785]


Best Dev MSE: 1.21017 (Obtained during Evaluation #1)
Test MSE: 1.31379, Test MAE: 0.93642

End of Program! Elapsed Time: 745.40s (0:12:25)
