========================================================================================================================
  ARL_lr: 0.01
  ARL_path: Small_Clothing_ANRS_1337
  batch_size: 128
  channels_global: 100
  channels_local: 200
  command: -d Small_Clothing -m ANR -e 10 -dr 0.9 -WED 100 -h1 10 -h2 50 -p 1 -v 43947 -rs 1234 -gpu 0 -vb 1 -sm Small_Clothing_ANR -ARL_path Small_Clothing_ANRS_1337
  ctx_win_size: 3
  dataset: Small_Clothing
  disable_initial_eval: 0
  dropout_rate: 0.9
  epochs: 10
  filters_num: 100
  gpu: 0
  h1: 10
  h2: 50
  hidden_size: 500
  input_dir: ./datasets/Small_Clothing/
  L2_reg: 1e-06
  learning_rate: 0.002
  loss_function: MSELoss
  max_doc_len: 500
  max_vis_len: 500
  model: ANR
  num_aspects: 5
  optimizer: Adam
  out_dir: ./experimental_results/Small_Clothing - ANR/
  output_size: 50
  pretrained_src: 1
  random_seed: 1234
  save_model: Small_Clothing_ANR
  use_cuda: True
  verbose: 1
  vocab_size: 43947
  word_embed_dim: 100
========================================================================================================================

[INFO] # of Users: 77,930, # of Items: 59,172

Creating model (Selected Model: ANR)..
[args.use_cuda: True] Model is on the GPU! (args.gpu: 0, torch.cuda.current_device(): 0)
Model created! Elapsed Time: 2.04s (0.03 minute)

Loading uid_userDoc from "./datasets/Small_Clothing/Small_Clothing_uid_userDoc.npy"..
uid_userDoc loaded! [uid_userDoc: (77930, 500)]

Loading iid_itemDoc from "./datasets/Small_Clothing/Small_Clothing_iid_itemDoc.npy"..
iid_itemDoc loaded! [iid_itemDoc: (59172, 500)]

Loading pretrained word embeddings from "./datasets/Small_Clothing/Small_Clothing_wed100_wid_wordEmbed.npy"..
Pretrained word embeddings loaded! [wid_wEmbed: (43949, 100)]

Loading pretrained ARL weights of "ANR" for dataset "Small_Clothing" from "./__saved_models__/Small_Clothing - ANRS/Small_Clothing_ANRS_1337.pth"!
Loading pretrained ARL weights on GPU "0"!

Loaded pretrained model states:

	shared_ANR_ARL.aspProj
	shared_ANR_ARL.aspEmbed.weight

Pretrained model states transferred to current model!

*** "shared_ANR_ARL.aspProj, shared_ANR_ARL.aspEmbed.weight" are FINE-TUNED!! ***


Initialization Complete.. Elapsed Time: 2.32s (0.04 minute)

Train/Dev/Test splits loaded! |TRAIN|: 80,000, |DEV|: 150, |TEST|: 166
Train/Dev/Test splits loaded! Elapsed Time: 2.36s (0.04 minute)

Performing initial evaluation for VALIDATION set..
[Initial] [Dev]  MSE: 19.04868, MAE: 4.23800

Performing initial evaluation for TESTING set..
[Initial] [Test] MSE: 19.80472, MAE: 4.33567

Initial Evaluation Complete.. Elapsed Time: 2.55s (0.04 minute)

Parameters that are fine-tuned using a smaller LR (LR: 2e-05):
shared_ANR_ARL.aspProj, shared_ANR_ARL.aspEmbed.weight

Parameters with L2 Regularization (Regularization Strength: 1e-06):
ANR_RatingPred.uid_userOffset.weight, ANR_RatingPred.iid_itemOffset.weight

Optimizer: Adam, Loss Function: MSELoss

Model Size: 73,089,353
# of Trainable Parameters: 143,453
ANR (
  (uid_userDoc): Embedding(77930, 500), weights = ((77930, 500),), parameters = 38,965,000
  (iid_itemDoc): Embedding(59172, 500), weights = ((59172, 500),), parameters = 29,586,000
  (wid_wEmbed): Embedding(43949, 100), weights = ((43949, 100),), parameters = 4,394,900
  (shared_ANR_ARL): ANR_ARL(
    (aspEmbed): Embedding(5, 30)
    (aspProj): Parameter(5, 100, 10)
  ), weights = ((5, 100, 10), (5, 30)), parameters = 5,150 (Trainable)
  (ANR_AIE): ANR_AIE(  (W_a): Parameter(10, 10)
    (W_u): Parameter(50, 10)
    (w_hu): Parameter(50, 1)
    (W_i): Parameter(50, 10)
    (w_hi): Parameter(50, 1)
  ), weights = ((10, 10), (50, 10), (50, 1), (50, 10), (50, 1)), parameters = 1,200 (Trainable)
  (ANR_RatingPred): ANR_RatingPred(
    (userAspRepDropout): Dropout(p=0.9, inplace=False)
    (itemAspRepDropout): Dropout(p=0.9, inplace=False)
    (uid_userOffset): Embedding(77930, 1)
    (iid_itemOffset): Embedding(59172, 1)
    (globalOffset): Parameter(1,)
  ), weights = ((1,), (77930, 1), (59172, 1)), parameters = 137,103 (Trainable)
)
========================================================================================================================

[Epoch 1/10] Training Loss: 13.78299	Elapsed Time: 8.22s (0:00:08)
[Epoch 1] [Dev]  MSE: 8.95048, MAE: 2.82630
[Epoch 1] [Test] MSE: 9.57534, MAE: 2.94930

*** MODEL has obtained the best DEV MSE of 8.95048 so far!
*** The Best MODEL saved to "./__saved_models__/Small_Clothing - ANR/Small_Clothing_ANR_1234.pth"

[Epoch 2/10] Training Loss: 7.10589	Elapsed Time: 16.30s (0:00:16)
[Epoch 2] [Dev]  MSE: 4.38514, MAE: 1.94048
[Epoch 2] [Test] MSE: 4.78616, MAE: 2.05256

*** MODEL has obtained the best DEV MSE of 4.38514 so far!
*** The Best MODEL saved to "./__saved_models__/Small_Clothing - ANR/Small_Clothing_ANR_1234.pth"

[Epoch 3/10] Training Loss: 3.65564	Elapsed Time: 24.27s (0:00:24)
[Epoch 3] [Dev]  MSE: 2.19130, MAE: 1.33820
[Epoch 3] [Test] MSE: 2.42871, MAE: 1.43104

*** MODEL has obtained the best DEV MSE of 2.19130 so far!
*** The Best MODEL saved to "./__saved_models__/Small_Clothing - ANR/Small_Clothing_ANR_1234.pth"

[Epoch 4/10] Training Loss: 2.02922	Elapsed Time: 32.09s (0:00:32)
[Epoch 4] [Dev]  MSE: 1.32106, MAE: 1.01574
[Epoch 4] [Test] MSE: 1.44037, MAE: 1.07368

*** MODEL has obtained the best DEV MSE of 1.32106 so far!
*** The Best MODEL saved to "./__saved_models__/Small_Clothing - ANR/Small_Clothing_ANR_1234.pth"

[Epoch 5/10] Training Loss: 1.38314	Elapsed Time: 39.86s (0:00:39)
[Epoch 5] [Dev]  MSE: 1.07241, MAE: 0.85391
[Epoch 5] [Test] MSE: 1.12257, MAE: 0.89384

*** MODEL has obtained the best DEV MSE of 1.07241 so far!
*** The Best MODEL saved to "./__saved_models__/Small_Clothing - ANR/Small_Clothing_ANR_1234.pth"

[Epoch 6/10] Training Loss: 1.13954	Elapsed Time: 47.63s (0:00:47)
[Epoch 6] [Dev]  MSE: 1.02265, MAE: 0.81453
[Epoch 6] [Test] MSE: 1.04364, MAE: 0.83989

*** MODEL has obtained the best DEV MSE of 1.02265 so far!
*** The Best MODEL saved to "./__saved_models__/Small_Clothing - ANR/Small_Clothing_ANR_1234.pth"

[Epoch 7/10] Training Loss: 1.01022	Elapsed Time: 55.40s (0:00:55)
[Epoch 7] [Dev]  MSE: 1.01377, MAE: 0.79984
[Epoch 7] [Test] MSE: 1.03102, MAE: 0.82554

*** MODEL has obtained the best DEV MSE of 1.01377 so far!
*** The Best MODEL saved to "./__saved_models__/Small_Clothing - ANR/Small_Clothing_ANR_1234.pth"

[Epoch 8/10] Training Loss: 0.91127	Elapsed Time: 63.46s (0:01:03)
[Epoch 8] [Dev]  MSE: 1.00989, MAE: 0.78952
[Epoch 8] [Test] MSE: 1.03632, MAE: 0.82025

*** MODEL has obtained the best DEV MSE of 1.00989 so far!
*** The Best MODEL saved to "./__saved_models__/Small_Clothing - ANR/Small_Clothing_ANR_1234.pth"

[Epoch 9/10] Training Loss: 0.81736	Elapsed Time: 71.43s (0:01:11)
[Epoch 9] [Dev]  MSE: 1.01344, MAE: 0.78697
[Epoch 9] [Test] MSE: 1.04710, MAE: 0.82238

[Epoch 10/10] Training Loss: 0.73034	Elapsed Time: 79.33s (0:01:19)
[Epoch 10] [Dev]  MSE: 1.01871, MAE: 0.77906
[Epoch 10] [Test] MSE: 1.06012, MAE: 0.81906
*** The Last MODEL saved to "./__saved_models__/Small_Clothing - ANR/Small_Clothing_ANR_1234_10.pth"

[Training Loss]
[13.78299, 7.10589, 3.65564, 2.02922, 1.38314, 1.13954, 1.01022, 0.91127, 0.81736, 0.73034]

[Dev MSE]
[8.95048, 4.38514, 2.1913, 1.32106, 1.07241, 1.02265, 1.01377, 1.00989, 1.01344, 1.01871]
[Test MSE]
[9.57534, 4.78616, 2.42871, 1.44037, 1.12257, 1.04364, 1.03102, 1.03632, 1.0471, 1.06012]
[Test MAE]
[2.9493, 2.05256, 1.43104, 1.07368, 0.89384, 0.83989, 0.82554, 0.82025, 0.82238, 0.81906]


Best Dev MSE: 1.00989 (Obtained during Evaluation #8)
Test MSE: 1.03632, Test MAE: 0.82025

End of Program! Elapsed Time: 81.91s (0:01:21)
