========================================================================================================================
  ARL_lr: 0.01
  ARL_path: 
  batch_size: 128
  channels_global: 100
  channels_local: 200
  command: -d Small_Clothing -m ANRS -e 10 -dr 0.9 -WED 300 -K 1 -h1 50 -h2 50 -p 1 -v 43947 -rs 1337 -gpu 0 -vb 1 -sm Small_Clothing_ANRS
  ctx_win_size: 3
  dataset: Small_Clothing
  disable_initial_eval: 0
  dropout_rate: 0.9
  epochs: 10
  filters_num: 100
  gpu: 0
  h1: 50
  h2: 50
  hidden_size: 500
  input_dir: ./datasets/Small_Clothing/
  L2_reg: 1e-06
  learning_rate: 0.002
  loss_function: MSELoss
  max_doc_len: 500
  max_vis_len: 500
  model: ANRS
  num_aspects: 1
  optimizer: Adam
  out_dir: ./experimental_results/Small_Clothing - ANRS/
  output_size: 50
  pretrained_src: 1
  random_seed: 1337
  save_model: Small_Clothing_ANRS
  use_cuda: True
  verbose: 1
  vocab_size: 43947
  word_embed_dim: 300
========================================================================================================================

[INFO] # of Users: 77,930, # of Items: 59,172

Creating model (Selected Model: ANRS)..
[args.use_cuda: True] Model is on the GPU! (args.gpu: 0, torch.cuda.current_device(): 0)
Model created! Elapsed Time: 1.88s (0.03 minute)

Loading uid_userDoc from "./datasets/Small_Clothing/Small_Clothing_uid_userDoc.npy"..
uid_userDoc loaded! [uid_userDoc: (77930, 500)]

Loading iid_itemDoc from "./datasets/Small_Clothing/Small_Clothing_iid_itemDoc.npy"..
iid_itemDoc loaded! [iid_itemDoc: (59172, 500)]

Loading pretrained word embeddings from "./datasets/Small_Clothing/Small_Clothing_wed300_wid_wordEmbed.npy"..
Pretrained word embeddings loaded! [wid_wEmbed: (43949, 300)]

Initialization Complete.. Elapsed Time: 2.13s (0.04 minute)

Train/Dev/Test splits loaded! |TRAIN|: 80,000, |DEV|: 150, |TEST|: 166
Train/Dev/Test splits loaded! Elapsed Time: 2.15s (0.04 minute)

Performing initial evaluation for VALIDATION set..
[Initial] [Dev]  MSE: 19.06617, MAE: 4.23994

Performing initial evaluation for TESTING set..
[Initial] [Test] MSE: 19.81884, MAE: 4.33730

Initial Evaluation Complete.. Elapsed Time: 2.29s (0.04 minute)

Parameters with L2 Regularization (Regularization Strength: 1e-06):
ANRS_RatingPred.uid_userOffset.weight, ANRS_RatingPred.iid_itemOffset.weight

Optimizer: Adam, Loss Function: MSELoss

Model Size: 81,887,953
# of Trainable Parameters: 152,253
ANR (
  (uid_userDoc): Embedding(77930, 500), weights = ((77930, 500),), parameters = 38,965,000
  (iid_itemDoc): Embedding(59172, 500), weights = ((59172, 500),), parameters = 29,586,000
  (wid_wEmbed): Embedding(43949, 300), weights = ((43949, 300),), parameters = 13,184,700
  (shared_ANR_ARL): ANR_ARL(
    (aspEmbed): Embedding(1, 150)
    (aspProj): Parameter(1, 300, 50)
  ), weights = ((1, 300, 50), (1, 150)), parameters = 15,150 (Trainable)
  (ANRS_RatingPred): ANRS_RatingPred(
    (userAspRepDropout): Dropout(p=0.9, inplace=False)
    (itemAspRepDropout): Dropout(p=0.9, inplace=False)
    (uid_userOffset): Embedding(77930, 1)
    (iid_itemOffset): Embedding(59172, 1)
    (globalOffset): Parameter(1,)
  ), weights = ((1,), (77930, 1), (59172, 1)), parameters = 137,103 (Trainable)
)
========================================================================================================================

[Epoch 1/10] Training Loss: 11.07560	Elapsed Time: 5.49s (0:00:05)
[Epoch 1] [Dev]  MSE: 5.47734, MAE: 2.17287
[Epoch 1] [Test] MSE: 6.02637, MAE: 2.30003

*** MODEL has obtained the best DEV MSE of 5.47734 so far!
*** The Best MODEL saved to "./__saved_models__/Small_Clothing - ANRS/Small_Clothing_ANRS_1337.pth"

[Epoch 2/10] Training Loss: 5.86049	Elapsed Time: 10.96s (0:00:10)
[Epoch 2] [Dev]  MSE: 3.11360, MAE: 1.61212
[Epoch 2] [Test] MSE: 3.41449, MAE: 1.70631

*** MODEL has obtained the best DEV MSE of 3.11360 so far!
*** The Best MODEL saved to "./__saved_models__/Small_Clothing - ANRS/Small_Clothing_ANRS_1337.pth"

[Epoch 3/10] Training Loss: 3.15016	Elapsed Time: 16.43s (0:00:16)
[Epoch 3] [Dev]  MSE: 1.86029, MAE: 1.23065
[Epoch 3] [Test] MSE: 2.04759, MAE: 1.31094

*** MODEL has obtained the best DEV MSE of 1.86029 so far!
*** The Best MODEL saved to "./__saved_models__/Small_Clothing - ANRS/Small_Clothing_ANRS_1337.pth"

[Epoch 4/10] Training Loss: 1.82392	Elapsed Time: 21.87s (0:00:21)
[Epoch 4] [Dev]  MSE: 1.18942, MAE: 0.93746
[Epoch 4] [Test] MSE: 1.27985, MAE: 0.98676

*** MODEL has obtained the best DEV MSE of 1.18942 so far!
*** The Best MODEL saved to "./__saved_models__/Small_Clothing - ANRS/Small_Clothing_ANRS_1337.pth"

[Epoch 5/10] Training Loss: 1.29455	Elapsed Time: 27.33s (0:00:27)
[Epoch 5] [Dev]  MSE: 1.06291, MAE: 0.84733
[Epoch 5] [Test] MSE: 1.09811, MAE: 0.87534

*** MODEL has obtained the best DEV MSE of 1.06291 so far!
*** The Best MODEL saved to "./__saved_models__/Small_Clothing - ANRS/Small_Clothing_ANRS_1337.pth"

[Epoch 6/10] Training Loss: 1.08929	Elapsed Time: 32.85s (0:00:32)
[Epoch 6] [Dev]  MSE: 1.02770, MAE: 0.81203
[Epoch 6] [Test] MSE: 1.04219, MAE: 0.83620

*** MODEL has obtained the best DEV MSE of 1.02770 so far!
*** The Best MODEL saved to "./__saved_models__/Small_Clothing - ANRS/Small_Clothing_ANRS_1337.pth"

[Epoch 7/10] Training Loss: 0.98083	Elapsed Time: 38.31s (0:00:38)
[Epoch 7] [Dev]  MSE: 1.01825, MAE: 0.79598
[Epoch 7] [Test] MSE: 1.03726, MAE: 0.82539

*** MODEL has obtained the best DEV MSE of 1.01825 so far!
*** The Best MODEL saved to "./__saved_models__/Small_Clothing - ANRS/Small_Clothing_ANRS_1337.pth"

[Epoch 8/10] Training Loss: 0.88580	Elapsed Time: 43.77s (0:00:43)
[Epoch 8] [Dev]  MSE: 1.01510, MAE: 0.79218
[Epoch 8] [Test] MSE: 1.04664, MAE: 0.82753

*** MODEL has obtained the best DEV MSE of 1.01510 so far!
*** The Best MODEL saved to "./__saved_models__/Small_Clothing - ANRS/Small_Clothing_ANRS_1337.pth"

[Epoch 9/10] Training Loss: 0.79528	Elapsed Time: 49.25s (0:00:49)
[Epoch 9] [Dev]  MSE: 1.01909, MAE: 0.78129
[Epoch 9] [Test] MSE: 1.05964, MAE: 0.82256

[Epoch 10/10] Training Loss: 0.71223	Elapsed Time: 54.71s (0:00:54)
[Epoch 10] [Dev]  MSE: 1.02765, MAE: 0.78437
[Epoch 10] [Test] MSE: 1.07560, MAE: 0.83010
*** The Last MODEL saved to "./__saved_models__/Small_Clothing - ANRS/Small_Clothing_ANRS_1337_10.pth"

[Training Loss]
[11.0756, 5.86049, 3.15016, 1.82392, 1.29455, 1.08929, 0.98083, 0.8858, 0.79528, 0.71223]

[Dev MSE]
[5.47734, 3.1136, 1.86029, 1.18942, 1.06291, 1.0277, 1.01825, 1.0151, 1.01909, 1.02765]
[Test MSE]
[6.02637, 3.41449, 2.04759, 1.27985, 1.09811, 1.04219, 1.03726, 1.04664, 1.05964, 1.0756]
[Test MAE]
[2.30003, 1.70631, 1.31094, 0.98676, 0.87534, 0.8362, 0.82539, 0.82753, 0.82256, 0.8301]


Best Dev MSE: 1.01510 (Obtained during Evaluation #8)
Test MSE: 1.04664, Test MAE: 0.82753

End of Program! Elapsed Time: 57.02s (0:00:57)
