========================================================================================================================
  ARL_lr: 0.01
  ARL_path: 
  batch_size: 128
  channels_global: 100
  channels_local: 200
  command: -d Small_Clothing -m ANRS -e 10 -dr 0.5 -WED 300 -K 5 -h1 10 -h2 50 -p 1 -v 50000 -rs 1337 -gpu 0 -vb 1 -sm Small_Clothing_ANRS
  ctx_win_size: 3
  dataset: Small_Clothing
  disable_initial_eval: 0
  dropout_rate: 0.5
  epochs: 10
  filters_num: 100
  gpu: 0
  h1: 10
  h2: 50
  hidden_size: 500
  input_dir: ./datasets/Small_Clothing/
  L2_reg: 1e-06
  learning_rate: 0.002
  loss_function: MSELoss
  max_doc_len: 500
  max_vis_len: 500
  model: ANRS
  num_aspects: 5
  optimizer: Adam
  out_dir: ./experimental_results/Small_Clothing - ANRS/
  output_size: 50
  pretrained_src: 1
  random_seed: 1337
  save_model: Small_Clothing_ANRS
  use_cuda: True
  verbose: 1
  vocab_size: 50000
  word_embed_dim: 300
========================================================================================================================

[INFO] # of Users: 77,930, # of Items: 59,172

Creating model (Selected Model: ANRS)..
