========================================================================================================================
  ARL_lr: 0.01
  ARL_path: 
  batch_size: 128
  channels_global: 100
  channels_local: 200
  command: -d Small_Clothing -m ANRS -e 20 -p 1 -v 43947 -rs 1337 -gpu 0 -vb 1 -sm Small_Clothing_ANRS
  ctx_win_size: 3
  dataset: Small_Clothing
  disable_initial_eval: 0
  dropout_rate: 0.5
  epochs: 20
  gpu: 0
  h1: 10
  h2: 50
  hidden_size: 500
  input_dir: ./datasets/Small_Clothing/
  L2_reg: 1e-06
  learning_rate: 0.002
  loss_function: MSELoss
  max_doc_len: 500
  max_vis_len: 500
  model: ANRS
  num_aspects: 5
  optimizer: Adam
  out_dir: ./experimental_results/Small_Clothing - ANRS/
  output_size: 50
  pretrained_src: 1
  random_seed: 1337
  save_model: Small_Clothing_ANRS
  use_cuda: True
  verbose: 1
  vocab_size: 43947
  word_embed_dim: 300
========================================================================================================================

[INFO] # of Users: 77,930, # of Items: 59,172

Creating model (Selected Model: ANRS)..
[args.use_cuda: True] Model is on the GPU! (args.gpu: 0, torch.cuda.current_device(): 0)
Model created! Elapsed Time: 4.87s (0.08 minute)

Loading uid_userDoc from "./datasets/Small_Clothing/Small_Clothing_uid_userDoc.npy"..
uid_userDoc loaded! [uid_userDoc: (77930, 500)]

Loading iid_itemDoc from "./datasets/Small_Clothing/Small_Clothing_iid_itemDoc.npy"..
iid_itemDoc loaded! [iid_itemDoc: (59172, 500)]

Loading pretrained word embeddings from "./datasets/Small_Clothing/Small_Clothing_wid_wordEmbed.npy"..
Pretrained word embeddings loaded! [wid_wEmbed: (43949, 300)]

Initialization Complete.. Elapsed Time: 8.51s (0.14 minute)

Train/Dev/Test splits loaded! |TRAIN|: 80,000, |DEV|: 150, |TEST|: 166
Train/Dev/Test splits loaded! Elapsed Time: 8.54s (0.14 minute)

Performing initial evaluation for VALIDATION set..
[Initial] [Dev]  MSE: 17.21558, MAE: 4.01578

Performing initial evaluation for TESTING set..
[Initial] [Test] MSE: 17.92453, MAE: 4.11313

Initial Evaluation Complete.. Elapsed Time: 9.35s (0.16 minute)

Optimizer: Adam, Loss Function: MSELoss

Model Size: 81,751,891
# of Trainable Parameters: 16,191
ANR (
  (uid_userDoc): Embedding(77930, 500), weights = ((77930, 500),), parameters = 38,965,000
  (iid_itemDoc): Embedding(59172, 500), weights = ((59172, 500),), parameters = 29,586,000
  (wid_wEmbed): Embedding(43949, 300), weights = ((43949, 300),), parameters = 13,184,700
  (shared_ANR_ARL): ANR_ARL(
    (aspEmbed): Embedding(5, 30)
    (aspProj): Parameter(5, 300, 10)
  ), weights = ((5, 300, 10), (5, 30)), parameters = 15,150 (Trainable)
  (ANRS_RatingPred): ANRS_RatingPred(
    (userFC): Linear(in_features=50, out_features=10, bias=True)
    (itemFC): Linear(in_features=50, out_features=10, bias=True)
    (userFC_Dropout): Dropout(p=0.5, inplace=False)
    (itemFC_Dropout): Dropout(p=0.5, inplace=False)
    (prediction): Linear(in_features=20, out_features=1, bias=True)
  ), weights = ((10, 50), (10,), (10, 50), (10,), (1, 20), (1,)), parameters = 1,041 (Trainable)
)
========================================================================================================================

[Epoch 1/20] Training Loss: 3.21216	Elapsed Time: 13.64s (0:00:13)
[Epoch 1] [Dev]  MSE: 1.27385, MAE: 0.95318
[Epoch 1] [Test] MSE: 1.39594, MAE: 1.01210

*** MODEL has obtained the best DEV MSE of 1.27385 so far!
*** The Best MODEL saved to "./__saved_models__/Small_Clothing - ANRS/Small_Clothing_ANRS_1337.pth"

[Epoch 2/20] Training Loss: 2.00981	Elapsed Time: 27.31s (0:00:27)
[Epoch 2] [Dev]  MSE: 1.16323, MAE: 0.88624
[Epoch 2] [Test] MSE: 1.25504, MAE: 0.92764

*** MODEL has obtained the best DEV MSE of 1.16323 so far!
*** The Best MODEL saved to "./__saved_models__/Small_Clothing - ANRS/Small_Clothing_ANRS_1337.pth"

[Epoch 3/20] Training Loss: 1.72175	Elapsed Time: 41.01s (0:00:41)
[Epoch 3] [Dev]  MSE: 1.20003, MAE: 0.91090
[Epoch 3] [Test] MSE: 1.27931, MAE: 0.94524

[Epoch 4/20] Training Loss: 1.39470	Elapsed Time: 54.74s (0:00:54)
[Epoch 4] [Dev]  MSE: 1.25115, MAE: 0.93310
[Epoch 4] [Test] MSE: 1.39484, MAE: 0.99344

[Epoch 5/20] Training Loss: 1.10710	Elapsed Time: 68.46s (0:01:08)
[Epoch 5] [Dev]  MSE: 1.11020, MAE: 0.86045
[Epoch 5] [Test] MSE: 1.22659, MAE: 0.90362

*** MODEL has obtained the best DEV MSE of 1.11020 so far!
*** The Best MODEL saved to "./__saved_models__/Small_Clothing - ANRS/Small_Clothing_ANRS_1337.pth"

[Epoch 6/20] Training Loss: 1.00862	Elapsed Time: 82.21s (0:01:22)
[Epoch 6] [Dev]  MSE: 1.09819, MAE: 0.84280
[Epoch 6] [Test] MSE: 1.18515, MAE: 0.87627

*** MODEL has obtained the best DEV MSE of 1.09819 so far!
*** The Best MODEL saved to "./__saved_models__/Small_Clothing - ANRS/Small_Clothing_ANRS_1337.pth"

[Epoch 7/20] Training Loss: 0.98043	Elapsed Time: 95.94s (0:01:35)
[Epoch 7] [Dev]  MSE: 1.08714, MAE: 0.84363
[Epoch 7] [Test] MSE: 1.16441, MAE: 0.87605

*** MODEL has obtained the best DEV MSE of 1.08714 so far!
*** The Best MODEL saved to "./__saved_models__/Small_Clothing - ANRS/Small_Clothing_ANRS_1337.pth"

[Epoch 8/20] Training Loss: 0.96459	Elapsed Time: 109.67s (0:01:49)
[Epoch 8] [Dev]  MSE: 1.10673, MAE: 0.81223
[Epoch 8] [Test] MSE: 1.17016, MAE: 0.83764

[Epoch 9/20] Training Loss: 0.95881	Elapsed Time: 123.43s (0:02:03)
[Epoch 9] [Dev]  MSE: 1.11246, MAE: 0.81882
[Epoch 9] [Test] MSE: 1.13534, MAE: 0.82951

[Epoch 10/20] Training Loss: 0.95281	Elapsed Time: 137.16s (0:02:17)
[Epoch 10] [Dev]  MSE: 1.10303, MAE: 0.82278
[Epoch 10] [Test] MSE: 1.15681, MAE: 0.84492

[Epoch 11/20] Training Loss: 0.94505	Elapsed Time: 150.90s (0:02:30)
[Epoch 11] [Dev]  MSE: 1.09518, MAE: 0.82022
[Epoch 11] [Test] MSE: 1.16836, MAE: 0.84723

[Epoch 12/20] Training Loss: 0.94310	Elapsed Time: 164.61s (0:02:44)
[Epoch 12] [Dev]  MSE: 1.12617, MAE: 0.83755
[Epoch 12] [Test] MSE: 1.19831, MAE: 0.85855

[Epoch 13/20] Training Loss: 0.93617	Elapsed Time: 178.36s (0:02:58)
[Epoch 13] [Dev]  MSE: 1.11695, MAE: 0.85227
[Epoch 13] [Test] MSE: 1.20150, MAE: 0.89386

[Epoch 14/20] Training Loss: 0.93635	Elapsed Time: 192.11s (0:03:12)
[Epoch 14] [Dev]  MSE: 1.14510, MAE: 0.88417
[Epoch 14] [Test] MSE: 1.22856, MAE: 0.92360

[Epoch 15/20] Training Loss: 0.92682	Elapsed Time: 205.85s (0:03:25)
[Epoch 15] [Dev]  MSE: 1.09128, MAE: 0.83892
[Epoch 15] [Test] MSE: 1.18991, MAE: 0.87595

[Epoch 16/20] Training Loss: 0.92976	Elapsed Time: 219.59s (0:03:39)
[Epoch 16] [Dev]  MSE: 1.09215, MAE: 0.82116
[Epoch 16] [Test] MSE: 1.18383, MAE: 0.85334

[Epoch 17/20] Training Loss: 0.92378	Elapsed Time: 233.36s (0:03:53)
[Epoch 17] [Dev]  MSE: 1.12853, MAE: 0.84561
[Epoch 17] [Test] MSE: 1.22518, MAE: 0.88491

[Epoch 18/20] Training Loss: 0.91825	Elapsed Time: 247.08s (0:04:07)
[Epoch 18] [Dev]  MSE: 1.12512, MAE: 0.85297
[Epoch 18] [Test] MSE: 1.21105, MAE: 0.89336

[Epoch 19/20] Training Loss: 0.92356	Elapsed Time: 260.83s (0:04:20)
[Epoch 19] [Dev]  MSE: 1.11295, MAE: 0.84090
[Epoch 19] [Test] MSE: 1.20199, MAE: 0.87604

[Epoch 20/20] Training Loss: 0.91790	Elapsed Time: 274.55s (0:04:34)
[Epoch 20] [Dev]  MSE: 1.11538, MAE: 0.82909
[Epoch 20] [Test] MSE: 1.21585, MAE: 0.87277
*** The Last MODEL saved to "./__saved_models__/Small_Clothing - ANRS/Small_Clothing_ANRS_1337_20.pth"

[Training Loss]
[3.21216, 2.00981, 1.72175, 1.3947, 1.1071, 1.00862, 0.98043, 0.96459, 0.95881, 0.95281, 0.94505, 0.9431, 0.93617, 0.93635, 0.92682, 0.92976, 0.92378, 0.91825, 0.92356, 0.9179]

[Dev MSE]
[1.27385, 1.16323, 1.20003, 1.25115, 1.1102, 1.09819, 1.08714, 1.10673, 1.11246, 1.10303, 1.09518, 1.12617, 1.11695, 1.1451, 1.09128, 1.09215, 1.12853, 1.12512, 1.11295, 1.11538]
[Test MSE]
[1.39594, 1.25504, 1.27931, 1.39484, 1.22659, 1.18515, 1.16441, 1.17016, 1.13534, 1.15681, 1.16836, 1.19831, 1.2015, 1.22856, 1.18991, 1.18383, 1.22518, 1.21105, 1.20199, 1.21585]
[Test MAE]
[1.0121, 0.92764, 0.94524, 0.99344, 0.90362, 0.87627, 0.87605, 0.83764, 0.82951, 0.84492, 0.84723, 0.85855, 0.89386, 0.9236, 0.87595, 0.85334, 0.88491, 0.89336, 0.87604, 0.87277]


Best Dev MSE: 1.08714 (Obtained during Evaluation #7)
Test MSE: 1.16441, Test MAE: 0.87605

End of Program! Elapsed Time: 283.94s (0:04:43)
