========================================================================================================================
  ARL_lr: 0.01
  ARL_path: 
  batch_size: 128
  channels_global: 100
  channels_local: 200
  command: -d Small_Clothing -m ANRS -e 10 -dr 0.9 -WED 300 -K 5 -h1 50 -h2 50 -p 1 -v 43947 -rs 1337 -gpu 0 -vb 1 -sm Small_Clothing_ANRS
  ctx_win_size: 3
  dataset: Small_Clothing
  disable_initial_eval: 0
  dropout_rate: 0.9
  epochs: 10
  filters_num: 100
  gpu: 0
  h1: 50
  h2: 50
  hidden_size: 500
  input_dir: ./datasets/Small_Clothing/
  L2_reg: 1e-06
  learning_rate: 0.002
  loss_function: MSELoss
  max_doc_len: 500
  max_vis_len: 500
  model: ANRS
  num_aspects: 5
  optimizer: Adam
  out_dir: ./experimental_results/Small_Clothing - ANRS/
  output_size: 50
  pretrained_src: 1
  random_seed: 1337
  save_model: Small_Clothing_ANRS
  use_cuda: True
  verbose: 1
  vocab_size: 43947
  word_embed_dim: 300
========================================================================================================================

[INFO] # of Users: 77,930, # of Items: 59,172

Creating model (Selected Model: ANRS)..
[args.use_cuda: True] Model is on the GPU! (args.gpu: 0, torch.cuda.current_device(): 0)
Model created! Elapsed Time: 2.11s (0.04 minute)

Loading uid_userDoc from "./datasets/Small_Clothing/Small_Clothing_uid_userDoc.npy"..
uid_userDoc loaded! [uid_userDoc: (77930, 500)]

Loading iid_itemDoc from "./datasets/Small_Clothing/Small_Clothing_iid_itemDoc.npy"..
iid_itemDoc loaded! [iid_itemDoc: (59172, 500)]

Loading pretrained word embeddings from "./datasets/Small_Clothing/Small_Clothing_wed300_wid_wordEmbed.npy"..
Pretrained word embeddings loaded! [wid_wEmbed: (43949, 300)]

Initialization Complete.. Elapsed Time: 2.39s (0.04 minute)

Train/Dev/Test splits loaded! |TRAIN|: 80,000, |DEV|: 150, |TEST|: 166
Train/Dev/Test splits loaded! Elapsed Time: 2.41s (0.04 minute)

Performing initial evaluation for VALIDATION set..
[Initial] [Dev]  MSE: 19.06445, MAE: 4.23975

Performing initial evaluation for TESTING set..
[Initial] [Test] MSE: 19.81736, MAE: 4.33713

Initial Evaluation Complete.. Elapsed Time: 2.60s (0.04 minute)

Parameters with L2 Regularization (Regularization Strength: 1e-06):
ANRS_RatingPred.uid_userOffset.weight, ANRS_RatingPred.iid_itemOffset.weight

Optimizer: Adam, Loss Function: MSELoss

Model Size: 81,948,553
# of Trainable Parameters: 212,853
ANR (
  (uid_userDoc): Embedding(77930, 500), weights = ((77930, 500),), parameters = 38,965,000
  (iid_itemDoc): Embedding(59172, 500), weights = ((59172, 500),), parameters = 29,586,000
  (wid_wEmbed): Embedding(43949, 300), weights = ((43949, 300),), parameters = 13,184,700
  (shared_ANR_ARL): ANR_ARL(
    (aspEmbed): Embedding(5, 150)
    (aspProj): Parameter(5, 300, 50)
  ), weights = ((5, 300, 50), (5, 150)), parameters = 75,750 (Trainable)
  (ANRS_RatingPred): ANRS_RatingPred(
    (userAspRepDropout): Dropout(p=0.9, inplace=False)
    (itemAspRepDropout): Dropout(p=0.9, inplace=False)
    (uid_userOffset): Embedding(77930, 1)
    (iid_itemOffset): Embedding(59172, 1)
    (globalOffset): Parameter(1,)
  ), weights = ((1,), (77930, 1), (59172, 1)), parameters = 137,103 (Trainable)
)
========================================================================================================================

[Epoch 1/10] Training Loss: 9.14738	Elapsed Time: 23.20s (0:00:23)
[Epoch 1] [Dev]  MSE: 3.28635, MAE: 1.58525
[Epoch 1] [Test] MSE: 3.95415, MAE: 1.76377

*** MODEL has obtained the best DEV MSE of 3.28635 so far!
*** The Best MODEL saved to "./__saved_models__/Small_Clothing - ANRS/Small_Clothing_ANRS_1337.pth"

[Epoch 2/10] Training Loss: 4.58609	Elapsed Time: 46.40s (0:00:46)
[Epoch 2] [Dev]  MSE: 2.03850, MAE: 1.23582
[Epoch 2] [Test] MSE: 2.49386, MAE: 1.39423

*** MODEL has obtained the best DEV MSE of 2.03850 so far!
*** The Best MODEL saved to "./__saved_models__/Small_Clothing - ANRS/Small_Clothing_ANRS_1337.pth"

[Epoch 3/10] Training Loss: 2.73251	Elapsed Time: 69.55s (0:01:09)
[Epoch 3] [Dev]  MSE: 1.52638, MAE: 1.07064
[Epoch 3] [Test] MSE: 1.82582, MAE: 1.19668

*** MODEL has obtained the best DEV MSE of 1.52638 so far!
*** The Best MODEL saved to "./__saved_models__/Small_Clothing - ANRS/Small_Clothing_ANRS_1337.pth"

[Epoch 4/10] Training Loss: 1.71415	Elapsed Time: 92.70s (0:01:32)
[Epoch 4] [Dev]  MSE: 1.19258, MAE: 0.91872
[Epoch 4] [Test] MSE: 1.37523, MAE: 1.01051

*** MODEL has obtained the best DEV MSE of 1.19258 so far!
*** The Best MODEL saved to "./__saved_models__/Small_Clothing - ANRS/Small_Clothing_ANRS_1337.pth"

[Epoch 5/10] Training Loss: 1.23401	Elapsed Time: 115.90s (0:01:55)
[Epoch 5] [Dev]  MSE: 1.06904, MAE: 0.85718
[Epoch 5] [Test] MSE: 1.19309, MAE: 0.92204

*** MODEL has obtained the best DEV MSE of 1.06904 so far!
*** The Best MODEL saved to "./__saved_models__/Small_Clothing - ANRS/Small_Clothing_ANRS_1337.pth"

[Epoch 6/10] Training Loss: 1.04619	Elapsed Time: 139.05s (0:02:19)
[Epoch 6] [Dev]  MSE: 1.02174, MAE: 0.81109
[Epoch 6] [Test] MSE: 1.11677, MAE: 0.87161

*** MODEL has obtained the best DEV MSE of 1.02174 so far!
*** The Best MODEL saved to "./__saved_models__/Small_Clothing - ANRS/Small_Clothing_ANRS_1337.pth"

[Epoch 7/10] Training Loss: 0.93478	Elapsed Time: 162.23s (0:02:42)
[Epoch 7] [Dev]  MSE: 1.01316, MAE: 0.79513
[Epoch 7] [Test] MSE: 1.10992, MAE: 0.85737

*** MODEL has obtained the best DEV MSE of 1.01316 so far!
*** The Best MODEL saved to "./__saved_models__/Small_Clothing - ANRS/Small_Clothing_ANRS_1337.pth"

[Epoch 8/10] Training Loss: 0.84879	Elapsed Time: 185.38s (0:03:05)
[Epoch 8] [Dev]  MSE: 1.00872, MAE: 0.78509
[Epoch 8] [Test] MSE: 1.10830, MAE: 0.84922

*** MODEL has obtained the best DEV MSE of 1.00872 so far!
*** The Best MODEL saved to "./__saved_models__/Small_Clothing - ANRS/Small_Clothing_ANRS_1337.pth"

[Epoch 9/10] Training Loss: 0.76745	Elapsed Time: 208.54s (0:03:28)
[Epoch 9] [Dev]  MSE: 1.01567, MAE: 0.78593
[Epoch 9] [Test] MSE: 1.11034, MAE: 0.85484

[Epoch 10/10] Training Loss: 0.69598	Elapsed Time: 231.75s (0:03:51)
[Epoch 10] [Dev]  MSE: 1.02536, MAE: 0.78693
[Epoch 10] [Test] MSE: 1.12575, MAE: 0.86191
*** The Last MODEL saved to "./__saved_models__/Small_Clothing - ANRS/Small_Clothing_ANRS_1337_10.pth"

[Training Loss]
[9.14738, 4.58609, 2.73251, 1.71415, 1.23401, 1.04619, 0.93478, 0.84879, 0.76745, 0.69598]

[Dev MSE]
[3.28635, 2.0385, 1.52638, 1.19258, 1.06904, 1.02174, 1.01316, 1.00872, 1.01567, 1.02536]
[Test MSE]
[3.95415, 2.49386, 1.82582, 1.37523, 1.19309, 1.11677, 1.10992, 1.1083, 1.11034, 1.12575]
[Test MAE]
[1.76377, 1.39423, 1.19668, 1.01051, 0.92204, 0.87161, 0.85737, 0.84922, 0.85484, 0.86191]


Best Dev MSE: 1.00872 (Obtained during Evaluation #8)
Test MSE: 1.10830, Test MAE: 0.84922

End of Program! Elapsed Time: 234.41s (0:03:54)
