========================================================================================================================
  ARL_lr: 0.01
  ARL_path: 
  batch_size: 128
  channels_global: 100
  channels_local: 200
  command: -d Small_Clothing -m ANRS -e 15 -p 1 -lr 2E-3 -bs 128 -dr 0.7 -v 43947 -rs 1337 -gpu 0 -vb 1 -sm Small_Clothing_ANRS
  ctx_win_size: 3
  dataset: Small_Clothing
  disable_initial_eval: 0
  dropout_rate: 0.7
  epochs: 15
  gpu: 0
  h1: 10
  h2: 50
  hidden_size: 500
  input_dir: ./datasets/Small_Clothing/
  L2_reg: 1e-06
  learning_rate: 0.002
  loss_function: MSELoss
  max_doc_len: 500
  max_vis_len: 500
  model: ANRS
  num_aspects: 5
  optimizer: Adam
  out_dir: ./experimental_results/Small_Clothing - ANRS/
  output_size: 50
  pretrained_src: 1
  random_seed: 1337
  save_model: Small_Clothing_ANRS
  use_cuda: True
  verbose: 1
  vocab_size: 43947
  word_embed_dim: 300
========================================================================================================================

[INFO] # of Users: 77,930, # of Items: 59,172

Creating model (Selected Model: ANRS)..
[args.use_cuda: True] Model is on the GPU! (args.gpu: 0, torch.cuda.current_device(): 0)
Model created! Elapsed Time: 1.87s (0.03 minute)

Loading uid_userDoc from "./datasets/Small_Clothing/Small_Clothing_uid_userDoc.npy"..
uid_userDoc loaded! [uid_userDoc: (77930, 500)]

Loading iid_itemDoc from "./datasets/Small_Clothing/Small_Clothing_iid_itemDoc.npy"..
iid_itemDoc loaded! [iid_itemDoc: (59172, 500)]

Loading pretrained word embeddings from "./datasets/Small_Clothing/Small_Clothing_wid_wordEmbed.npy"..
Pretrained word embeddings loaded! [wid_wEmbed: (43949, 300)]

Initialization Complete.. Elapsed Time: 2.12s (0.04 minute)

Train/Dev/Test splits loaded! |TRAIN|: 80,000, |DEV|: 150, |TEST|: 166
Train/Dev/Test splits loaded! Elapsed Time: 2.13s (0.04 minute)

Performing initial evaluation for VALIDATION set..
[Initial] [Dev]  MSE: 19.06614, MAE: 4.23994

Performing initial evaluation for TESTING set..
[Initial] [Test] MSE: 19.81881, MAE: 4.33730

Initial Evaluation Complete.. Elapsed Time: 2.29s (0.04 minute)

Parameters with L2 Regularization (Regularization Strength: 1e-06):
ANRS_RatingPred.uid_userOffset.weight, ANRS_RatingPred.iid_itemOffset.weight

Optimizer: Adam, Loss Function: MSELoss

Model Size: 81,887,953
# of Trainable Parameters: 152,253
ANR (
  (uid_userDoc): Embedding(77930, 500), weights = ((77930, 500),), parameters = 38,965,000
  (iid_itemDoc): Embedding(59172, 500), weights = ((59172, 500),), parameters = 29,586,000
  (wid_wEmbed): Embedding(43949, 300), weights = ((43949, 300),), parameters = 13,184,700
  (shared_ANR_ARL): ANR_ARL(
    (aspEmbed): Embedding(5, 30)
    (aspProj): Parameter(5, 300, 10)
  ), weights = ((5, 300, 10), (5, 30)), parameters = 15,150 (Trainable)
  (ANRS_RatingPred): ANRS_RatingPred(
    (userAspRepDropout): Dropout(p=0.7, inplace=False)
    (itemAspRepDropout): Dropout(p=0.7, inplace=False)
    (uid_userOffset): Embedding(77930, 1)
    (iid_itemOffset): Embedding(59172, 1)
    (globalOffset): Parameter(1,)
  ), weights = ((1,), (77930, 1), (59172, 1)), parameters = 137,103 (Trainable)
)
========================================================================================================================

[Epoch 1/15] Training Loss: 6.64604	Elapsed Time: 14.24s (0:00:14)
[Epoch 1] [Dev]  MSE: 1.92871, MAE: 1.14613
[Epoch 1] [Test] MSE: 2.37682, MAE: 1.29249

*** MODEL has obtained the best DEV MSE of 1.92871 so far!
*** The Best MODEL saved to "./__saved_models__/Small_Clothing - ANRS/Small_Clothing_ANRS_1337.pth"

[Epoch 2/15] Training Loss: 3.29915	Elapsed Time: 28.48s (0:00:28)
[Epoch 2] [Dev]  MSE: 1.40518, MAE: 0.98053
[Epoch 2] [Test] MSE: 1.78894, MAE: 1.13345

*** MODEL has obtained the best DEV MSE of 1.40518 so far!
*** The Best MODEL saved to "./__saved_models__/Small_Clothing - ANRS/Small_Clothing_ANRS_1337.pth"

[Epoch 3/15] Training Loss: 2.21649	Elapsed Time: 42.70s (0:00:42)
[Epoch 3] [Dev]  MSE: 1.26735, MAE: 0.93283
[Epoch 3] [Test] MSE: 1.53140, MAE: 1.05173

*** MODEL has obtained the best DEV MSE of 1.26735 so far!
*** The Best MODEL saved to "./__saved_models__/Small_Clothing - ANRS/Small_Clothing_ANRS_1337.pth"

[Epoch 4/15] Training Loss: 1.58737	Elapsed Time: 56.93s (0:00:56)
[Epoch 4] [Dev]  MSE: 1.17609, MAE: 0.90101
[Epoch 4] [Test] MSE: 1.37178, MAE: 0.99466

*** MODEL has obtained the best DEV MSE of 1.17609 so far!
*** The Best MODEL saved to "./__saved_models__/Small_Clothing - ANRS/Small_Clothing_ANRS_1337.pth"

[Epoch 5/15] Training Loss: 1.19752	Elapsed Time: 71.17s (0:01:11)
[Epoch 5] [Dev]  MSE: 1.05851, MAE: 0.82125
[Epoch 5] [Test] MSE: 1.20130, MAE: 0.90497

*** MODEL has obtained the best DEV MSE of 1.05851 so far!
*** The Best MODEL saved to "./__saved_models__/Small_Clothing - ANRS/Small_Clothing_ANRS_1337.pth"

[Epoch 6/15] Training Loss: 0.98793	Elapsed Time: 85.40s (0:01:25)
[Epoch 6] [Dev]  MSE: 1.04848, MAE: 0.83721
[Epoch 6] [Test] MSE: 1.16864, MAE: 0.90248

*** MODEL has obtained the best DEV MSE of 1.04848 so far!
*** The Best MODEL saved to "./__saved_models__/Small_Clothing - ANRS/Small_Clothing_ANRS_1337.pth"

[Epoch 7/15] Training Loss: 0.87747	Elapsed Time: 99.63s (0:01:39)
[Epoch 7] [Dev]  MSE: 1.02703, MAE: 0.80426
[Epoch 7] [Test] MSE: 1.14099, MAE: 0.86860

*** MODEL has obtained the best DEV MSE of 1.02703 so far!
*** The Best MODEL saved to "./__saved_models__/Small_Clothing - ANRS/Small_Clothing_ANRS_1337.pth"

[Epoch 8/15] Training Loss: 0.79163	Elapsed Time: 113.88s (0:01:53)
[Epoch 8] [Dev]  MSE: 1.02745, MAE: 0.78785
[Epoch 8] [Test] MSE: 1.14962, MAE: 0.86224

[Epoch 9/15] Training Loss: 0.71186	Elapsed Time: 128.18s (0:02:08)
[Epoch 9] [Dev]  MSE: 1.05149, MAE: 0.82168
[Epoch 9] [Test] MSE: 1.15272, MAE: 0.88160

[Epoch 10/15] Training Loss: 0.63675	Elapsed Time: 142.42s (0:02:22)
[Epoch 10] [Dev]  MSE: 1.05110, MAE: 0.79657
[Epoch 10] [Test] MSE: 1.18243, MAE: 0.87217

[Epoch 11/15] Training Loss: 0.57123	Elapsed Time: 156.76s (0:02:36)
[Epoch 11] [Dev]  MSE: 1.05560, MAE: 0.80006
[Epoch 11] [Test] MSE: 1.19639, MAE: 0.87961

[Epoch 12/15] Training Loss: 0.51217	Elapsed Time: 170.92s (0:02:50)
[Epoch 12] [Dev]  MSE: 1.09001, MAE: 0.78882
[Epoch 12] [Test] MSE: 1.23752, MAE: 0.87193

[Epoch 13/15] Training Loss: 0.45438	Elapsed Time: 185.07s (0:03:05)
[Epoch 13] [Dev]  MSE: 1.09941, MAE: 0.79411
[Epoch 13] [Test] MSE: 1.25558, MAE: 0.87745

[Epoch 14/15] Training Loss: 0.40598	Elapsed Time: 199.25s (0:03:19)
[Epoch 14] [Dev]  MSE: 1.11259, MAE: 0.79591
[Epoch 14] [Test] MSE: 1.28032, MAE: 0.88543

[Epoch 15/15] Training Loss: 0.36380	Elapsed Time: 213.40s (0:03:33)
[Epoch 15] [Dev]  MSE: 1.13491, MAE: 0.80351
[Epoch 15] [Test] MSE: 1.30993, MAE: 0.89261
*** The Last MODEL saved to "./__saved_models__/Small_Clothing - ANRS/Small_Clothing_ANRS_1337_15.pth"

[Training Loss]
[6.64604, 3.29915, 2.21649, 1.58737, 1.19752, 0.98793, 0.87747, 0.79163, 0.71186, 0.63675, 0.57123, 0.51217, 0.45438, 0.40598, 0.3638]

[Dev MSE]
[1.92871, 1.40518, 1.26735, 1.17609, 1.05851, 1.04848, 1.02703, 1.02745, 1.05149, 1.0511, 1.0556, 1.09001, 1.09941, 1.11259, 1.13491]
[Test MSE]
[2.37682, 1.78894, 1.5314, 1.37178, 1.2013, 1.16864, 1.14099, 1.14962, 1.15272, 1.18243, 1.19639, 1.23752, 1.25558, 1.28032, 1.30993]
[Test MAE]
[1.29249, 1.13345, 1.05173, 0.99466, 0.90497, 0.90248, 0.8686, 0.86224, 0.8816, 0.87217, 0.87961, 0.87193, 0.87745, 0.88543, 0.89261]


Best Dev MSE: 1.02703 (Obtained during Evaluation #7)
Test MSE: 1.14099, Test MAE: 0.86860

End of Program! Elapsed Time: 215.73s (0:03:35)
