========================================================================================================================
  ARL_lr: 0.01
  ARL_path: Cell_Phones_and_Accessories_ANRS_1337
  batch_size: 128
  channels_global: 100
  channels_local: 200
  command: -d Cell_Phones_and_Accessories -m ANR -e 10 -dr 0.9 -WED 300 -h1 50 -h2 50 -p 1 -v 50000 -rs 1234 -gpu 0 -vb 1 -sm Cell_Phones_and_Accessories_ANR -ARL_path Cell_Phones_and_Accessories_ANRS_1337
  ctx_win_size: 3
  dataset: Cell_Phones_and_Accessories
  disable_initial_eval: 0
  dropout_rate: 0.9
  epochs: 10
  filters_num: 100
  gpu: 0
  h1: 50
  h2: 50
  hidden_size: 500
  input_dir: ./datasets/Cell_Phones_and_Accessories/
  L2_reg: 1e-06
  learning_rate: 0.002
  loss_function: MSELoss
  max_doc_len: 500
  max_vis_len: 500
  model: ANR
  num_aspects: 5
  optimizer: Adam
  out_dir: ./experimental_results/Cell_Phones_and_Accessories - ANR/
  output_size: 50
  pretrained_src: 1
  random_seed: 1234
  save_model: Cell_Phones_and_Accessories_ANR
  use_cuda: True
  verbose: 1
  vocab_size: 50000
  word_embed_dim: 300
========================================================================================================================

[INFO] # of Users: 687,583, # of Items: 148,399

Creating model (Selected Model: ANR)..
[args.use_cuda: True] Model is on the GPU! (args.gpu: 0, torch.cuda.current_device(): 0)
Model created! Elapsed Time: 4.60s (0.08 minute)

Loading uid_userDoc from "./datasets/Cell_Phones_and_Accessories/Cell_Phones_and_Accessories_uid_userDoc.npy"..
uid_userDoc loaded! [uid_userDoc: (687583, 500)]

Loading iid_itemDoc from "./datasets/Cell_Phones_and_Accessories/Cell_Phones_and_Accessories_iid_itemDoc.npy"..
iid_itemDoc loaded! [iid_itemDoc: (148399, 500)]

Loading pretrained word embeddings from "./datasets/Cell_Phones_and_Accessories/Cell_Phones_and_Accessories_wed300_wid_wordEmbed.npy"..
Pretrained word embeddings loaded! [wid_wEmbed: (50002, 300)]

Loading pretrained ARL weights of "ANR" for dataset "Cell_Phones_and_Accessories" from "./__saved_models__/Cell_Phones_and_Accessories - ANRS/Cell_Phones_and_Accessories_ANRS_1337.pth"!
Loading pretrained ARL weights on GPU "0"!

Loaded pretrained model states:

	shared_ANR_ARL.aspProj
	shared_ANR_ARL.aspEmbed.weight

Pretrained model states transferred to current model!

*** "shared_ANR_ARL.aspProj, shared_ANR_ARL.aspEmbed.weight" are FINE-TUNED!! ***


Initialization Complete.. Elapsed Time: 28.14s (0.47 minute)

Train/Dev/Test splits loaded! |TRAIN|: 800,000, |DEV|: 21,045, |TEST|: 21,154
Train/Dev/Test splits loaded! Elapsed Time: 28.42s (0.47 minute)

Performing initial evaluation for VALIDATION set..
[Initial] [Dev]  MSE: 17.75731, MAE: 3.99905

Performing initial evaluation for TESTING set..
[Initial] [Test] MSE: 17.78341, MAE: 4.00411

Initial Evaluation Complete.. Elapsed Time: 33.81s (0.56 minute)

Parameters that are fine-tuned using a smaller LR (LR: 2e-05):
shared_ANR_ARL.aspProj, shared_ANR_ARL.aspEmbed.weight

Parameters with L2 Regularization (Regularization Strength: 1e-06):
ANR_RatingPred.uid_userOffset.weight, ANR_RatingPred.iid_itemOffset.weight

Optimizer: Adam, Loss Function: MSELoss

Model Size: 433,910,933
# of Trainable Parameters: 919,333
ANR (
  (uid_userDoc): Embedding(687583, 500), weights = ((687583, 500),), parameters = 343,791,500
  (iid_itemDoc): Embedding(148399, 500), weights = ((148399, 500),), parameters = 74,199,500
  (wid_wEmbed): Embedding(50002, 300), weights = ((50002, 300),), parameters = 15,000,600
  (shared_ANR_ARL): ANR_ARL(
    (aspEmbed): Embedding(5, 150)
    (aspProj): Parameter(5, 300, 50)
  ), weights = ((5, 300, 50), (5, 150)), parameters = 75,750 (Trainable)
  (ANR_AIE): ANR_AIE(  (W_a): Parameter(50, 50)
    (W_u): Parameter(50, 50)
    (w_hu): Parameter(50, 1)
    (W_i): Parameter(50, 50)
    (w_hi): Parameter(50, 1)
  ), weights = ((50, 50), (50, 50), (50, 1), (50, 50), (50, 1)), parameters = 7,600 (Trainable)
  (ANR_RatingPred): ANR_RatingPred(
    (userAspRepDropout): Dropout(p=0.9, inplace=False)
    (itemAspRepDropout): Dropout(p=0.9, inplace=False)
    (uid_userOffset): Embedding(687583, 1)
    (iid_itemOffset): Embedding(148399, 1)
    (globalOffset): Parameter(1,)
  ), weights = ((1,), (687583, 1), (148399, 1)), parameters = 835,983 (Trainable)
)
========================================================================================================================

[Epoch 1/10] Training Loss: 3.60585	Elapsed Time: 235.23s (0:03:55)
[Epoch 1] [Dev]  MSE: 1.67359, MAE: 1.08671
[Epoch 1] [Test] MSE: 1.66516, MAE: 1.08399

*** MODEL has obtained the best DEV MSE of 1.67359 so far!
*** The Best MODEL saved to "./__saved_models__/Cell_Phones_and_Accessories - ANR/Cell_Phones_and_Accessories_ANR_1234.pth"

[Epoch 2/10] Training Loss: 1.81345	Elapsed Time: 476.10s (0:07:56)
[Epoch 2] [Dev]  MSE: 1.63456, MAE: 1.06648
[Epoch 2] [Test] MSE: 1.62720, MAE: 1.06342

*** MODEL has obtained the best DEV MSE of 1.63456 so far!
*** The Best MODEL saved to "./__saved_models__/Cell_Phones_and_Accessories - ANR/Cell_Phones_and_Accessories_ANR_1234.pth"

[Epoch 3/10] Training Loss: 1.64294	Elapsed Time: 716.90s (0:11:56)
[Epoch 3] [Dev]  MSE: 1.61338, MAE: 1.03380
[Epoch 3] [Test] MSE: 1.60742, MAE: 1.03301

*** MODEL has obtained the best DEV MSE of 1.61338 so far!
*** The Best MODEL saved to "./__saved_models__/Cell_Phones_and_Accessories - ANR/Cell_Phones_and_Accessories_ANR_1234.pth"

[Epoch 4/10] Training Loss: 1.53087	Elapsed Time: 957.65s (0:15:57)
[Epoch 4] [Dev]  MSE: 1.62439, MAE: 1.04236
[Epoch 4] [Test] MSE: 1.61823, MAE: 1.04005

[Epoch 5/10] Training Loss: 1.45297	Elapsed Time: 1,198.38s (0:19:58)
[Epoch 5] [Dev]  MSE: 1.62985, MAE: 1.03666
[Epoch 5] [Test] MSE: 1.62515, MAE: 1.03609

[Epoch 6/10] Training Loss: 1.39979	Elapsed Time: 1,439.09s (0:23:59)
[Epoch 6] [Dev]  MSE: 1.63739, MAE: 1.03465
[Epoch 6] [Test] MSE: 1.63202, MAE: 1.03365

[Epoch 7/10] Training Loss: 1.36221	Elapsed Time: 1,679.89s (0:27:59)
[Epoch 7] [Dev]  MSE: 1.64741, MAE: 1.03600
[Epoch 7] [Test] MSE: 1.64175, MAE: 1.03468

[Epoch 8/10] Training Loss: 1.33466	Elapsed Time: 1,920.68s (0:32:00)
[Epoch 8] [Dev]  MSE: 1.65116, MAE: 1.03597
[Epoch 8] [Test] MSE: 1.64499, MAE: 1.03457

[Epoch 9/10] Training Loss: 1.31204	Elapsed Time: 2,161.41s (0:36:01)
[Epoch 9] [Dev]  MSE: 1.65890, MAE: 1.03061
[Epoch 9] [Test] MSE: 1.65126, MAE: 1.02881

[Epoch 10/10] Training Loss: 1.29647	Elapsed Time: 2,402.12s (0:40:02)
[Epoch 10] [Dev]  MSE: 1.66400, MAE: 1.03899
[Epoch 10] [Test] MSE: 1.65706, MAE: 1.03776
*** The Last MODEL saved to "./__saved_models__/Cell_Phones_and_Accessories - ANR/Cell_Phones_and_Accessories_ANR_1234_10.pth"

[Training Loss]
[3.60585, 1.81345, 1.64294, 1.53087, 1.45297, 1.39979, 1.36221, 1.33466, 1.31204, 1.29647]

[Dev MSE]
[1.67359, 1.63456, 1.61338, 1.62439, 1.62985, 1.63739, 1.64741, 1.65116, 1.6589, 1.664]
[Test MSE]
[1.66516, 1.6272, 1.60742, 1.61823, 1.62515, 1.63202, 1.64175, 1.64499, 1.65126, 1.65706]
[Test MAE]
[1.08399, 1.06342, 1.03301, 1.04005, 1.03609, 1.03365, 1.03468, 1.03457, 1.02881, 1.03776]


Best Dev MSE: 1.61338 (Obtained during Evaluation #3)
Test MSE: 1.60742, Test MAE: 1.03301

End of Program! Elapsed Time: 2,441.18s (0:40:41)
