========================================================================================================================
  ARL_lr: 0.01
  ARL_path: 
  batch_size: 128
  channels_global: 100
  channels_local: 200
  command: -d Toys_and_Games -m DeepCoNN -e 10 -dr 0.5 -p 1 -v 50000 -K 5 -h1 10 -h2 50 -filters_num 100 -output_size 50 -rs 1234 -gpu 0 -vb 1 -sm Toys_and_Games_DeepCoNN
  ctx_win_size: 3
  dataset: Toys_and_Games
  disable_initial_eval: 0
  dropout_rate: 0.5
  epochs: 10
  filters_num: 100
  gpu: 0
  h1: 10
  h2: 50
  hidden_size: 500
  input_dir: ./datasets/Toys_and_Games/
  L2_reg: 1e-06
  learning_rate: 0.002
  loss_function: MSELoss
  max_doc_len: 500
  max_vis_len: 500
  model: DeepCoNN
  num_aspects: 5
  optimizer: Adam
  out_dir: ./experimental_results/Toys_and_Games - DeepCoNN/
  output_size: 50
  pretrained_src: 1
  random_seed: 1234
  save_model: Toys_and_Games_DeepCoNN
  use_cuda: True
  verbose: 1
  vocab_size: 50000
  word_embed_dim: 300
========================================================================================================================

[INFO] # of Users: 598,485, # of Items: 197,223

Creating model (Selected Model: DeepCoNN)..
[args.use_cuda: True] Model is on the GPU! (args.gpu: 0, torch.cuda.current_device(): 0)
Model created! Elapsed Time: 4.49s (0.07 minute)

Loading uid_userDoc from "./datasets/Toys_and_Games/Toys_and_Games_uid_userDoc.npy"..
uid_userDoc loaded! [uid_userDoc: (598485, 500)]

Loading iid_itemDoc from "./datasets/Toys_and_Games/Toys_and_Games_iid_itemDoc.npy"..
iid_itemDoc loaded! [iid_itemDoc: (197223, 500)]

Loading pretrained word embeddings from "./datasets/Toys_and_Games/Toys_and_Games_wid_wordEmbed.npy"..
Pretrained word embeddings loaded! [wid_wEmbed: (50002, 300)]

Initialization Complete.. Elapsed Time: 31.59s (0.53 minute)

Train/Dev/Test splits loaded! |TRAIN|: 800,000, |DEV|: 32,587, |TEST|: 32,299
Train/Dev/Test splits loaded! Elapsed Time: 31.84s (0.53 minute)

Performing initial evaluation for VALIDATION set..
[Initial] [Dev]  MSE: 15.10843, MAE: 3.72796

Performing initial evaluation for TESTING set..
[Initial] [Test] MSE: 15.07796, MAE: 3.72022

Initial Evaluation Complete.. Elapsed Time: 37.23s (0.62 minute)

Optimizer: Adam, Loss Function: MSELoss

Model Size: 413,840,609
# of Trainable Parameters: 986,009
DeepCoNN (
  (uid_userDoc): Embedding(598485, 500), weights = ((598485, 500),), parameters = 299,242,500
  (iid_itemDoc): Embedding(197223, 500), weights = ((197223, 500),), parameters = 98,611,500
  (wid_wEmbed): Embedding(50002, 300), weights = ((50002, 300),), parameters = 15,000,600
  (user_CNN): Conv2d(1, 100, kernel_size=(3, 300), stride=(1, 1)), weights = ((100, 1, 3, 300), (100,)), parameters = 90,100 (Trainable)
  (item_CNN): Conv2d(1, 100, kernel_size=(3, 300), stride=(1, 1)), weights = ((100, 1, 3, 300), (100,)), parameters = 90,100 (Trainable)
  (user_fcLayer): Linear(in_features=100, out_features=50, bias=True), weights = ((50, 100), (50,)), parameters = 5,050 (Trainable)
  (item_fcLayer): Linear(in_features=100, out_features=50, bias=True), weights = ((50, 100), (50,)), parameters = 5,050 (Trainable)
  (userDropout): Dropout(p=0.5, inplace=False), weights = (), parameters = 0
  (itemDropout): Dropout(p=0.5, inplace=False), weights = (), parameters = 0
  (DeepCoNN_RatingPred): DeepCoNN_RatingPred(
    (uid_userOffset): Embedding(598485, 1)
    (iid_itemOffset): Embedding(197223, 1)
    (globalOffset): Parameter(1,)
  ), weights = ((1,), (598485, 1), (197223, 1)), parameters = 795,709 (Trainable)
)
========================================================================================================================

[Epoch 1/10] Training Loss: 1.11601	Elapsed Time: 125.77s (0:02:05)
[Epoch 1] [Dev]  MSE: 1.30419, MAE: 0.82053
[Epoch 1] [Test] MSE: 1.30387, MAE: 0.81865

*** MODEL has obtained the best DEV MSE of 1.30419 so far!
*** The Best MODEL saved to "./__saved_models__/Toys_and_Games - DeepCoNN/Toys_and_Games_DeepCoNN_1234.pth"

[Epoch 2/10] Training Loss: 0.71452	Elapsed Time: 256.96s (0:04:16)
[Epoch 2] [Dev]  MSE: 1.31875, MAE: 0.81648
[Epoch 2] [Test] MSE: 1.32098, MAE: 0.81481

[Epoch 3/10] Training Loss: 0.62610	Elapsed Time: 388.13s (0:06:28)
[Epoch 3] [Dev]  MSE: 1.28048, MAE: 0.82152
[Epoch 3] [Test] MSE: 1.27985, MAE: 0.81898

*** MODEL has obtained the best DEV MSE of 1.28048 so far!
*** The Best MODEL saved to "./__saved_models__/Toys_and_Games - DeepCoNN/Toys_and_Games_DeepCoNN_1234.pth"

[Epoch 4/10] Training Loss: 0.55753	Elapsed Time: 519.30s (0:08:39)
[Epoch 4] [Dev]  MSE: 1.27699, MAE: 0.80245
[Epoch 4] [Test] MSE: 1.27786, MAE: 0.80020

*** MODEL has obtained the best DEV MSE of 1.27699 so far!
*** The Best MODEL saved to "./__saved_models__/Toys_and_Games - DeepCoNN/Toys_and_Games_DeepCoNN_1234.pth"

[Epoch 5/10] Training Loss: 0.50512	Elapsed Time: 650.49s (0:10:50)
[Epoch 5] [Dev]  MSE: 1.19134, MAE: 0.77833
[Epoch 5] [Test] MSE: 1.19619, MAE: 0.77738

*** MODEL has obtained the best DEV MSE of 1.19134 so far!
*** The Best MODEL saved to "./__saved_models__/Toys_and_Games - DeepCoNN/Toys_and_Games_DeepCoNN_1234.pth"

[Epoch 6/10] Training Loss: 0.46099	Elapsed Time: 784.14s (0:13:04)
[Epoch 6] [Dev]  MSE: 1.26044, MAE: 0.79133
[Epoch 6] [Test] MSE: 1.26015, MAE: 0.78826

[Epoch 7/10] Training Loss: 0.42395	Elapsed Time: 917.64s (0:15:17)
[Epoch 7] [Dev]  MSE: 1.26816, MAE: 0.80203
[Epoch 7] [Test] MSE: 1.26753, MAE: 0.79947

[Epoch 8/10] Training Loss: 0.39476	Elapsed Time: 1,049.44s (0:17:29)
[Epoch 8] [Dev]  MSE: 1.27072, MAE: 0.79463
[Epoch 8] [Test] MSE: 1.26687, MAE: 0.79121

[Epoch 9/10] Training Loss: 0.36778	Elapsed Time: 1,182.40s (0:19:42)
[Epoch 9] [Dev]  MSE: 1.27518, MAE: 0.79181
[Epoch 9] [Test] MSE: 1.27473, MAE: 0.78989

[Epoch 10/10] Training Loss: 0.34484	Elapsed Time: 1,314.19s (0:21:54)
[Epoch 10] [Dev]  MSE: 1.29353, MAE: 0.80709
[Epoch 10] [Test] MSE: 1.29089, MAE: 0.80382
*** The Last MODEL saved to "./__saved_models__/Toys_and_Games - DeepCoNN/Toys_and_Games_DeepCoNN_1234_10.pth"

[Training Loss]
[1.11601, 0.71452, 0.6261, 0.55753, 0.50512, 0.46099, 0.42395, 0.39476, 0.36778, 0.34484]

[Dev MSE]
[1.30419, 1.31875, 1.28048, 1.27699, 1.19134, 1.26044, 1.26816, 1.27072, 1.27518, 1.29353]
[Test MSE]
[1.30387, 1.32098, 1.27985, 1.27786, 1.19619, 1.26015, 1.26753, 1.26687, 1.27473, 1.29089]
[Test MAE]
[0.81865, 0.81481, 0.81898, 0.8002, 0.77738, 0.78826, 0.79947, 0.79121, 0.78989, 0.80382]


Best Dev MSE: 1.19134 (Obtained during Evaluation #5)
Test MSE: 1.19619, Test MAE: 0.77738

End of Program! Elapsed Time: 1,356.69s (0:22:36)
