========================================================================================================================
  ARL_lr: 0.01
  ARL_path: Home_and_Kitchen_ANRS_1337
  batch_size: 128
  channels_global: 100
  channels_local: 200
  command: -d Home_and_Kitchen -m ANR -e 10 -dr 0.9 -WED 300 -h1 50 -h2 50 -p 1 -v 50000 -rs 1234 -gpu 0 -vb 1 -sm Home_and_Kitchen_ANR -ARL_path Home_and_Kitchen_ANRS_1337
  ctx_win_size: 3
  dataset: Home_and_Kitchen
  disable_initial_eval: 0
  dropout_rate: 0.9
  epochs: 10
  filters_num: 100
  gpu: 0
  h1: 50
  h2: 50
  hidden_size: 500
  input_dir: ./datasets/Home_and_Kitchen/
  L2_reg: 1e-06
  learning_rate: 0.002
  loss_function: MSELoss
  max_doc_len: 500
  max_vis_len: 500
  model: ANR
  num_aspects: 5
  optimizer: Adam
  out_dir: ./experimental_results/Home_and_Kitchen - ANR/
  output_size: 50
  pretrained_src: 1
  random_seed: 1234
  save_model: Home_and_Kitchen_ANR
  use_cuda: True
  verbose: 1
  vocab_size: 50000
  word_embed_dim: 300
========================================================================================================================

[INFO] # of Users: 662,395, # of Items: 177,303

Creating model (Selected Model: ANR)..
[args.use_cuda: True] Model is on the GPU! (args.gpu: 0, torch.cuda.current_device(): 0)
Model created! Elapsed Time: 4.63s (0.08 minute)

Loading uid_userDoc from "./datasets/Home_and_Kitchen/Home_and_Kitchen_uid_userDoc.npy"..
uid_userDoc loaded! [uid_userDoc: (662395, 500)]

Loading iid_itemDoc from "./datasets/Home_and_Kitchen/Home_and_Kitchen_iid_itemDoc.npy"..
iid_itemDoc loaded! [iid_itemDoc: (177303, 500)]

Loading pretrained word embeddings from "./datasets/Home_and_Kitchen/Home_and_Kitchen_wed300_wid_wordEmbed.npy"..
Pretrained word embeddings loaded! [wid_wEmbed: (50002, 300)]

Loading pretrained ARL weights of "ANR" for dataset "Home_and_Kitchen" from "./__saved_models__/Home_and_Kitchen - ANRS/Home_and_Kitchen_ANRS_1337.pth"!
Loading pretrained ARL weights on GPU "0"!

Loaded pretrained model states:

	shared_ANR_ARL.aspProj
	shared_ANR_ARL.aspEmbed.weight

Pretrained model states transferred to current model!

*** "shared_ANR_ARL.aspProj, shared_ANR_ARL.aspEmbed.weight" are FINE-TUNED!! ***


Initialization Complete.. Elapsed Time: 27.85s (0.46 minute)

Train/Dev/Test splits loaded! |TRAIN|: 800,000, |DEV|: 24,704, |TEST|: 24,485
Train/Dev/Test splits loaded! Elapsed Time: 28.13s (0.47 minute)

Performing initial evaluation for VALIDATION set..
[Initial] [Dev]  MSE: 19.49804, MAE: 4.25660

Performing initial evaluation for TESTING set..
[Initial] [Test] MSE: 19.44465, MAE: 4.24709

Initial Evaluation Complete.. Elapsed Time: 34.39s (0.57 minute)

Parameters that are fine-tuned using a smaller LR (LR: 2e-05):
shared_ANR_ARL.aspProj, shared_ANR_ARL.aspEmbed.weight

Parameters with L2 Regularization (Regularization Strength: 1e-06):
ANR_RatingPred.uid_userOffset.weight, ANR_RatingPred.iid_itemOffset.weight

Optimizer: Adam, Loss Function: MSELoss

Model Size: 435,772,649
# of Trainable Parameters: 923,049
ANR (
  (uid_userDoc): Embedding(662395, 500), weights = ((662395, 500),), parameters = 331,197,500
  (iid_itemDoc): Embedding(177303, 500), weights = ((177303, 500),), parameters = 88,651,500
  (wid_wEmbed): Embedding(50002, 300), weights = ((50002, 300),), parameters = 15,000,600
  (shared_ANR_ARL): ANR_ARL(
    (aspEmbed): Embedding(5, 150)
    (aspProj): Parameter(5, 300, 50)
  ), weights = ((5, 300, 50), (5, 150)), parameters = 75,750 (Trainable)
  (ANR_AIE): ANR_AIE(  (W_a): Parameter(50, 50)
    (W_u): Parameter(50, 50)
    (w_hu): Parameter(50, 1)
    (W_i): Parameter(50, 50)
    (w_hi): Parameter(50, 1)
  ), weights = ((50, 50), (50, 50), (50, 1), (50, 50), (50, 1)), parameters = 7,600 (Trainable)
  (ANR_RatingPred): ANR_RatingPred(
    (userAspRepDropout): Dropout(p=0.9, inplace=False)
    (itemAspRepDropout): Dropout(p=0.9, inplace=False)
    (uid_userOffset): Embedding(662395, 1)
    (iid_itemOffset): Embedding(177303, 1)
    (globalOffset): Parameter(1,)
  ), weights = ((1,), (662395, 1), (177303, 1)), parameters = 839,699 (Trainable)
)
========================================================================================================================

[Epoch 1/10] Training Loss: 3.77779	Elapsed Time: 236.62s (0:03:56)
[Epoch 1] [Dev]  MSE: 1.31661, MAE: 0.90856
[Epoch 1] [Test] MSE: 1.34554, MAE: 0.91474

*** MODEL has obtained the best DEV MSE of 1.31661 so far!
*** The Best MODEL saved to "./__saved_models__/Home_and_Kitchen - ANR/Home_and_Kitchen_ANR_1234.pth"

[Epoch 2/10] Training Loss: 1.52603	Elapsed Time: 479.48s (0:07:59)
[Epoch 2] [Dev]  MSE: 1.26911, MAE: 0.87016
[Epoch 2] [Test] MSE: 1.30152, MAE: 0.87803

*** MODEL has obtained the best DEV MSE of 1.26911 so far!
*** The Best MODEL saved to "./__saved_models__/Home_and_Kitchen - ANR/Home_and_Kitchen_ANR_1234.pth"

[Epoch 3/10] Training Loss: 1.37751	Elapsed Time: 722.32s (0:12:02)
[Epoch 3] [Dev]  MSE: 1.26381, MAE: 0.86165
[Epoch 3] [Test] MSE: 1.29613, MAE: 0.86981

*** MODEL has obtained the best DEV MSE of 1.26381 so far!
*** The Best MODEL saved to "./__saved_models__/Home_and_Kitchen - ANR/Home_and_Kitchen_ANR_1234.pth"

[Epoch 4/10] Training Loss: 1.28380	Elapsed Time: 965.18s (0:16:05)
[Epoch 4] [Dev]  MSE: 1.26915, MAE: 0.86287
[Epoch 4] [Test] MSE: 1.30109, MAE: 0.87127

[Epoch 5/10] Training Loss: 1.22102	Elapsed Time: 1,208.12s (0:20:08)
[Epoch 5] [Dev]  MSE: 1.27240, MAE: 0.85394
[Epoch 5] [Test] MSE: 1.30472, MAE: 0.86255

[Epoch 6/10] Training Loss: 1.17424	Elapsed Time: 1,451.01s (0:24:11)
[Epoch 6] [Dev]  MSE: 1.27964, MAE: 0.85426
[Epoch 6] [Test] MSE: 1.31056, MAE: 0.86190

[Epoch 7/10] Training Loss: 1.14205	Elapsed Time: 1,694.08s (0:28:14)
[Epoch 7] [Dev]  MSE: 1.28867, MAE: 0.85588
[Epoch 7] [Test] MSE: 1.31817, MAE: 0.86368

[Epoch 8/10] Training Loss: 1.11762	Elapsed Time: 1,937.06s (0:32:17)
[Epoch 8] [Dev]  MSE: 1.29156, MAE: 0.85456
[Epoch 8] [Test] MSE: 1.32177, MAE: 0.86253

[Epoch 9/10] Training Loss: 1.09918	Elapsed Time: 2,180.02s (0:36:20)
[Epoch 9] [Dev]  MSE: 1.29740, MAE: 0.85602
[Epoch 9] [Test] MSE: 1.32793, MAE: 0.86349

[Epoch 10/10] Training Loss: 1.08441	Elapsed Time: 2,422.94s (0:40:22)
[Epoch 10] [Dev]  MSE: 1.29973, MAE: 0.85607
[Epoch 10] [Test] MSE: 1.32837, MAE: 0.86328
*** The Last MODEL saved to "./__saved_models__/Home_and_Kitchen - ANR/Home_and_Kitchen_ANR_1234_10.pth"

[Training Loss]
[3.77779, 1.52603, 1.37751, 1.2838, 1.22102, 1.17424, 1.14205, 1.11762, 1.09918, 1.08441]

[Dev MSE]
[1.31661, 1.26911, 1.26381, 1.26915, 1.2724, 1.27964, 1.28867, 1.29156, 1.2974, 1.29973]
[Test MSE]
[1.34554, 1.30152, 1.29613, 1.30109, 1.30472, 1.31056, 1.31817, 1.32177, 1.32793, 1.32837]
[Test MAE]
[0.91474, 0.87803, 0.86981, 0.87127, 0.86255, 0.8619, 0.86368, 0.86253, 0.86349, 0.86328]


Best Dev MSE: 1.26381 (Obtained during Evaluation #3)
Test MSE: 1.29613, Test MAE: 0.86981

End of Program! Elapsed Time: 2,463.46s (0:41:03)
