========================================================================================================================
  ARL_lr: 0.01
  ARL_path: 
  batch_size: 128
  channels_global: 100
  channels_local: 200
  command: -d Movies_and_TV -m VANRA -e 10 -dr 0.9 -WED 300 -p 1 -v 50000 -K 5 -h1 10 -h2 50 -output_size 50 -rs 1234 -gpu 0 -vb 1 -sm Movies_and_TV_VANRA
  ctx_win_size: 3
  dataset: Movies_and_TV
  disable_initial_eval: 0
  dropout_rate: 0.9
  epochs: 10
  filters_num: 100
  gpu: 0
  h1: 10
  h2: 50
  hidden_size: 500
  input_dir: ./datasets/Movies_and_TV/
  L2_reg: 1e-06
  learning_rate: 0.002
  loss_function: MSELoss
  max_doc_len: 500
  max_vis_len: 500
  model: VANRA
  num_aspects: 5
  optimizer: Adam
  out_dir: ./experimental_results/Movies_and_TV - VANRA/
  output_size: 50
  pretrained_src: 1
  random_seed: 1234
  save_model: Movies_and_TV_VANRA
  use_cuda: True
  verbose: 1
  vocab_size: 50000
  word_embed_dim: 300
========================================================================================================================

[INFO] # of Users: 541,405, # of Items: 106,040

Creating model (Selected Model: VANRA)..
[args.use_cuda: True] Model is on the GPU! (args.gpu: 0, torch.cuda.current_device(): 0)
Model created! Elapsed Time: 6.54s (0.11 minute)

Loading uid_userDoc from "./datasets/Movies_and_TV/Movies_and_TV_uid_userDoc.npy"..
uid_userDoc loaded! [uid_userDoc: (541405, 500)]

Loading iid_itemDoc from "./datasets/Movies_and_TV/Movies_and_TV_iid_itemDoc.npy"..
iid_itemDoc loaded! [iid_itemDoc: (106040, 500)]

Loading pretrained word embeddings from "./datasets/Movies_and_TV/Movies_and_TV_wed300_wid_wordEmbed.npy"..
Pretrained word embeddings loaded! [wid_wEmbed: (50002, 300)]

Loading uid_userVis from "./datasets/Movies_and_TV/Movies_and_TV_uid_userVis.npy"..
uid_userVis loaded! [uid_userVis: (541405, 500)]

Loading iid_itemVis from "./datasets/Movies_and_TV/Movies_and_TV_iid_itemVis.npy"..
iid_itemVis loaded! [iid_itemVis: (106040, 500)]

Initialization Complete.. Elapsed Time: 49.54s (0.83 minute)

Train/Dev/Test splits loaded! |TRAIN|: 800,000, |DEV|: 40,918, |TEST|: 41,059
Train/Dev/Test splits loaded! Elapsed Time: 49.80s (0.83 minute)

Performing initial evaluation for VALIDATION set..
[Initial] [Dev]  MSE: 14.11448, MAE: 3.10162

Performing initial evaluation for TESTING set..
[Initial] [Test] MSE: 13.61865, MAE: 3.06043

Initial Evaluation Complete.. Elapsed Time: 65.62s (1.09 minutes)

Parameters with L2 Regularization (Regularization Strength: 1e-06):
VANRA_RatingPred.uid_userOffset.weight, VANRA_RatingPred.iid_itemOffset.weight

Optimizer: Adam, Loss Function: MSELoss

Model Size: 663,139,906
# of Trainable Parameters: 694,306
VANRA (
  (uid_userDoc): Embedding(541405, 500), weights = ((541405, 500),), parameters = 270,702,500
  (iid_itemDoc): Embedding(106040, 500), weights = ((106040, 500),), parameters = 53,020,000
  (wid_wEmbed): Embedding(50002, 300), weights = ((50002, 300),), parameters = 15,000,600
  (uid_userVis): Embedding(541405, 500), weights = ((541405, 500),), parameters = 270,702,500
  (iid_itemVis): Embedding(106040, 500), weights = ((106040, 500),), parameters = 53,020,000
  (MSANR_ARL): MSANR_ARL(
    (aspEmbed): ModuleList(
      (0): Embedding(5, 30)
      (1): Embedding(5, 50)
      (2): Embedding(5, 70)
    )
    (filterEmbed): Embedding(5, 10)
    (aspProj): Parameter(5, 300, 10)
  ), weights = ((5, 300, 10), (5, 30), (5, 50), (5, 70), (5, 10)), parameters = 15,800 (Trainable)
  (VANRA_VRL): VANRA_VRL(
    (fcLayer): Sequential(
      (0): Dropout(p=0.9, inplace=False)
      (1): Linear(in_features=500, out_features=50, bias=True)
    )
    (visProj): Parameter(500, 10)
  ), weights = ((500, 10), (50, 500), (50,)), parameters = 30,050 (Trainable)
  (VANRA_RatingPred): VANRA_RatingPred(
    (uid_userOffset): Embedding(541405, 1)
    (iid_itemOffset): Embedding(106040, 1)
    (fcLayer1): Sequential(
      (0): Linear(in_features=100, out_features=10, bias=True)
      (1): ReLU()
      (2): Dropout(p=0.9, inplace=False)
    )
    (globalOffset): Parameter(1,)
  ), weights = ((1,), (541405, 1), (106040, 1), (10, 100), (10,)), parameters = 648,456 (Trainable)
)
========================================================================================================================

[Epoch 1/10] Training Loss: 558.04331	Elapsed Time: 414.10s (0:06:54)
[Epoch 1] [Dev]  MSE: 1.31187, MAE: 0.87615
[Epoch 1] [Test] MSE: 1.31809, MAE: 0.87500

*** MODEL has obtained the best DEV MSE of 1.31187 so far!
*** The Best MODEL saved to "./__saved_models__/Movies_and_TV - VANRA/Movies_and_TV_VANRA_1234.pth"

[Epoch 2/10] Training Loss: 1.26834	Elapsed Time: 843.50s (0:14:03)
[Epoch 2] [Dev]  MSE: 1.16724, MAE: 0.81599
[Epoch 2] [Test] MSE: 1.17720, MAE: 0.81604

*** MODEL has obtained the best DEV MSE of 1.16724 so far!
*** The Best MODEL saved to "./__saved_models__/Movies_and_TV - VANRA/Movies_and_TV_VANRA_1234.pth"

[Epoch 3/10] Training Loss: 1.12897	Elapsed Time: 1,272.81s (0:21:12)
[Epoch 3] [Dev]  MSE: 1.13592, MAE: 0.79630
[Epoch 3] [Test] MSE: 1.14616, MAE: 0.79751

*** MODEL has obtained the best DEV MSE of 1.13592 so far!
*** The Best MODEL saved to "./__saved_models__/Movies_and_TV - VANRA/Movies_and_TV_VANRA_1234.pth"

[Epoch 4/10] Training Loss: 1.05600	Elapsed Time: 1,702.23s (0:28:22)
[Epoch 4] [Dev]  MSE: 1.12866, MAE: 0.78902
[Epoch 4] [Test] MSE: 1.13819, MAE: 0.79071

*** MODEL has obtained the best DEV MSE of 1.12866 so far!
*** The Best MODEL saved to "./__saved_models__/Movies_and_TV - VANRA/Movies_and_TV_VANRA_1234.pth"

[Epoch 5/10] Training Loss: 1.01002	Elapsed Time: 2,131.63s (0:35:31)
[Epoch 5] [Dev]  MSE: 1.12578, MAE: 0.78815
[Epoch 5] [Test] MSE: 1.13539, MAE: 0.79040

*** MODEL has obtained the best DEV MSE of 1.12578 so far!
*** The Best MODEL saved to "./__saved_models__/Movies_and_TV - VANRA/Movies_and_TV_VANRA_1234.pth"

[Epoch 6/10] Training Loss: 0.97841	Elapsed Time: 2,559.75s (0:42:39)
[Epoch 6] [Dev]  MSE: 1.12863, MAE: 0.78351
[Epoch 6] [Test] MSE: 1.13882, MAE: 0.78567

[Epoch 7/10] Training Loss: 0.95601	Elapsed Time: 2,987.42s (0:49:47)
[Epoch 7] [Dev]  MSE: 1.13018, MAE: 0.78594
[Epoch 7] [Test] MSE: 1.13922, MAE: 0.78759

[Epoch 8/10] Training Loss: 0.93912	Elapsed Time: 3,415.15s (0:56:55)
[Epoch 8] [Dev]  MSE: 1.13255, MAE: 0.78507
[Epoch 8] [Test] MSE: 1.14180, MAE: 0.78696

[Epoch 9/10] Training Loss: 0.92649	Elapsed Time: 3,842.90s (1:04:02)
[Epoch 9] [Dev]  MSE: 1.13148, MAE: 0.78848
[Epoch 9] [Test] MSE: 1.14236, MAE: 0.79131

[Epoch 10/10] Training Loss: 0.91685	Elapsed Time: 4,270.50s (1:11:10)
[Epoch 10] [Dev]  MSE: 1.13505, MAE: 0.78811
[Epoch 10] [Test] MSE: 1.14414, MAE: 0.79056
*** The Last MODEL saved to "./__saved_models__/Movies_and_TV - VANRA/Movies_and_TV_VANRA_1234_10.pth"

[Training Loss]
[558.04331, 1.26834, 1.12897, 1.056, 1.01002, 0.97841, 0.95601, 0.93912, 0.92649, 0.91685]

[Dev MSE]
[1.31187, 1.16724, 1.13592, 1.12866, 1.12578, 1.12863, 1.13018, 1.13255, 1.13148, 1.13505]
[Test MSE]
[1.31809, 1.1772, 1.14616, 1.13819, 1.13539, 1.13882, 1.13922, 1.1418, 1.14236, 1.14414]
[Test MAE]
[0.875, 0.81604, 0.79751, 0.79071, 0.7904, 0.78567, 0.78759, 0.78696, 0.79131, 0.79056]


Best Dev MSE: 1.12578 (Obtained during Evaluation #5)
Test MSE: 1.13539, Test MAE: 0.79040

End of Program! Elapsed Time: 4,351.10s (1:12:31)
