========================================================================================================================
  ARL_lr: 0.01
  ARL_path: 
  batch_size: 128
  channels_global: 100
  channels_local: 200
  command: -d Digital_Music -m DeepCoNN -e 10 -dr 0.5 -p 1 -v 50000 -K 5 -h1 10 -h2 50 -filters_num 100 -output_size 50 -rs 1234 -gpu 0 -vb 1 -sm Digital_Music_DeepCoNN
  ctx_win_size: 3
  dataset: Digital_Music
  disable_initial_eval: 0
  dropout_rate: 0.5
  epochs: 10
  filters_num: 100
  gpu: 0
  h1: 10
  h2: 50
  hidden_size: 500
  input_dir: ./datasets/Digital_Music/
  L2_reg: 1e-06
  learning_rate: 0.002
  loss_function: MSELoss
  max_doc_len: 500
  max_vis_len: 500
  model: DeepCoNN
  num_aspects: 5
  optimizer: Adam
  out_dir: ./experimental_results/Digital_Music - DeepCoNN/
  output_size: 50
  pretrained_src: 1
  random_seed: 1234
  save_model: Digital_Music_DeepCoNN
  use_cuda: True
  verbose: 1
  vocab_size: 50000
  word_embed_dim: 300
========================================================================================================================

[INFO] # of Users: 397,514, # of Items: 223,577

Creating model (Selected Model: DeepCoNN)..
[args.use_cuda: True] Model is on the GPU! (args.gpu: 0, torch.cuda.current_device(): 0)
Model created! Elapsed Time: 3.77s (0.06 minute)

Loading uid_userDoc from "./datasets/Digital_Music/Digital_Music_uid_userDoc.npy"..
uid_userDoc loaded! [uid_userDoc: (397514, 500)]

Loading iid_itemDoc from "./datasets/Digital_Music/Digital_Music_iid_itemDoc.npy"..
iid_itemDoc loaded! [iid_itemDoc: (223577, 500)]

Loading pretrained word embeddings from "./datasets/Digital_Music/Digital_Music_wid_wordEmbed.npy"..
Pretrained word embeddings loaded! [wid_wEmbed: (50002, 300)]

Initialization Complete.. Elapsed Time: 20.36s (0.34 minute)

Train/Dev/Test splits loaded! |TRAIN|: 656,657, |DEV|: 31,464, |TEST|: 31,775
Train/Dev/Test splits loaded! Elapsed Time: 20.56s (0.34 minute)

Performing initial evaluation for VALIDATION set..
[Initial] [Dev]  MSE: 16.86914, MAE: 3.99472

Performing initial evaluation for TESTING set..
[Initial] [Test] MSE: 16.87912, MAE: 3.99480

Initial Evaluation Complete.. Elapsed Time: 25.79s (0.43 minute)

Optimizer: Adam, Loss Function: MSELoss

Model Size: 326,357,492
# of Trainable Parameters: 811,392
DeepCoNN (
  (uid_userDoc): Embedding(397514, 500), weights = ((397514, 500),), parameters = 198,757,000
  (iid_itemDoc): Embedding(223577, 500), weights = ((223577, 500),), parameters = 111,788,500
  (wid_wEmbed): Embedding(50002, 300), weights = ((50002, 300),), parameters = 15,000,600
  (user_CNN): Conv2d(1, 100, kernel_size=(3, 300), stride=(1, 1)), weights = ((100, 1, 3, 300), (100,)), parameters = 90,100 (Trainable)
  (item_CNN): Conv2d(1, 100, kernel_size=(3, 300), stride=(1, 1)), weights = ((100, 1, 3, 300), (100,)), parameters = 90,100 (Trainable)
  (user_fcLayer): Linear(in_features=100, out_features=50, bias=True), weights = ((50, 100), (50,)), parameters = 5,050 (Trainable)
  (item_fcLayer): Linear(in_features=100, out_features=50, bias=True), weights = ((50, 100), (50,)), parameters = 5,050 (Trainable)
  (userDropout): Dropout(p=0.5, inplace=False), weights = (), parameters = 0
  (itemDropout): Dropout(p=0.5, inplace=False), weights = (), parameters = 0
  (DeepCoNN_RatingPred): DeepCoNN_RatingPred(
    (uid_userOffset): Embedding(397514, 1)
    (iid_itemOffset): Embedding(223577, 1)
    (globalOffset): Parameter(1,)
  ), weights = ((1,), (397514, 1), (223577, 1)), parameters = 621,092 (Trainable)
)
========================================================================================================================

[Epoch 1/10] Training Loss: 1.03950	Elapsed Time: 101.04s (0:01:41)
[Epoch 1] [Dev]  MSE: 0.79745, MAE: 0.55878
[Epoch 1] [Test] MSE: 0.80769, MAE: 0.56045

*** MODEL has obtained the best DEV MSE of 0.79745 so far!
*** The Best MODEL saved to "./__saved_models__/Digital_Music - DeepCoNN/Digital_Music_DeepCoNN_1234.pth"

[Epoch 2/10] Training Loss: 0.54254	Elapsed Time: 207.39s (0:03:27)
[Epoch 2] [Dev]  MSE: 0.74042, MAE: 0.56946
[Epoch 2] [Test] MSE: 0.74504, MAE: 0.57124

*** MODEL has obtained the best DEV MSE of 0.74042 so far!
*** The Best MODEL saved to "./__saved_models__/Digital_Music - DeepCoNN/Digital_Music_DeepCoNN_1234.pth"

[Epoch 3/10] Training Loss: 0.47451	Elapsed Time: 313.73s (0:05:13)
[Epoch 3] [Dev]  MSE: 0.75904, MAE: 0.57708
[Epoch 3] [Test] MSE: 0.76440, MAE: 0.57731

[Epoch 4/10] Training Loss: 0.42584	Elapsed Time: 420.02s (0:07:00)
[Epoch 4] [Dev]  MSE: 0.75569, MAE: 0.56919
[Epoch 4] [Test] MSE: 0.75669, MAE: 0.56897

[Epoch 5/10] Training Loss: 0.38736	Elapsed Time: 526.38s (0:08:46)
[Epoch 5] [Dev]  MSE: 0.76199, MAE: 0.59260
[Epoch 5] [Test] MSE: 0.76862, MAE: 0.59499

[Epoch 6/10] Training Loss: 0.35606	Elapsed Time: 632.66s (0:10:32)
[Epoch 6] [Dev]  MSE: 0.75697, MAE: 0.59053
[Epoch 6] [Test] MSE: 0.76029, MAE: 0.59144

[Epoch 7/10] Training Loss: 0.33069	Elapsed Time: 738.97s (0:12:18)
[Epoch 7] [Dev]  MSE: 0.73829, MAE: 0.56914
[Epoch 7] [Test] MSE: 0.74456, MAE: 0.57046

*** MODEL has obtained the best DEV MSE of 0.73829 so far!
*** The Best MODEL saved to "./__saved_models__/Digital_Music - DeepCoNN/Digital_Music_DeepCoNN_1234.pth"

[Epoch 8/10] Training Loss: 0.30930	Elapsed Time: 845.26s (0:14:05)
[Epoch 8] [Dev]  MSE: 0.76674, MAE: 0.58602
[Epoch 8] [Test] MSE: 0.77312, MAE: 0.58698

[Epoch 9/10] Training Loss: 0.29087	Elapsed Time: 951.56s (0:15:51)
[Epoch 9] [Dev]  MSE: 0.75622, MAE: 0.57014
[Epoch 9] [Test] MSE: 0.76185, MAE: 0.57180

[Epoch 10/10] Training Loss: 0.27530	Elapsed Time: 1,057.86s (0:17:37)
[Epoch 10] [Dev]  MSE: 0.77759, MAE: 0.57372
[Epoch 10] [Test] MSE: 0.78289, MAE: 0.57552
*** The Last MODEL saved to "./__saved_models__/Digital_Music - DeepCoNN/Digital_Music_DeepCoNN_1234_10.pth"

[Training Loss]
[1.0395, 0.54254, 0.47451, 0.42584, 0.38736, 0.35606, 0.33069, 0.3093, 0.29087, 0.2753]

[Dev MSE]
[0.79745, 0.74042, 0.75904, 0.75569, 0.76199, 0.75697, 0.73829, 0.76674, 0.75622, 0.77759]
[Test MSE]
[0.80769, 0.74504, 0.7644, 0.75669, 0.76862, 0.76029, 0.74456, 0.77312, 0.76185, 0.78289]
[Test MAE]
[0.56045, 0.57124, 0.57731, 0.56897, 0.59499, 0.59144, 0.57046, 0.58698, 0.5718, 0.57552]


Best Dev MSE: 0.73829 (Obtained during Evaluation #7)
Test MSE: 0.74456, Test MAE: 0.57046

End of Program! Elapsed Time: 1,088.79s (0:18:08)
