========================================================================================================================
  ARL_lr: 0.01
  ARL_path: Digital_Music_ANRS_1337
  batch_size: 128
  channels_global: 100
  channels_local: 200
  command: -d Digital_Music -m ANR -e 10 -dr 0.9 -WED 300 -h1 50 -h2 50 -p 1 -v 50000 -rs 1234 -gpu 0 -vb 1 -sm Digital_Music_ANR -ARL_path Digital_Music_ANRS_1337
  ctx_win_size: 3
  dataset: Digital_Music
  disable_initial_eval: 0
  dropout_rate: 0.9
  epochs: 10
  filters_num: 100
  gpu: 0
  h1: 50
  h2: 50
  hidden_size: 500
  input_dir: ./datasets/Digital_Music/
  L2_reg: 1e-06
  learning_rate: 0.002
  loss_function: MSELoss
  max_doc_len: 500
  max_vis_len: 500
  model: ANR
  num_aspects: 5
  optimizer: Adam
  out_dir: ./experimental_results/Digital_Music - ANR/
  output_size: 50
  pretrained_src: 1
  random_seed: 1234
  save_model: Digital_Music_ANR
  use_cuda: True
  verbose: 1
  vocab_size: 50000
  word_embed_dim: 300
========================================================================================================================

[INFO] # of Users: 397,514, # of Items: 223,577

Creating model (Selected Model: ANR)..
[args.use_cuda: True] Model is on the GPU! (args.gpu: 0, torch.cuda.current_device(): 0)
Model created! Elapsed Time: 3.77s (0.06 minute)

Loading uid_userDoc from "./datasets/Digital_Music/Digital_Music_uid_userDoc.npy"..
uid_userDoc loaded! [uid_userDoc: (397514, 500)]

Loading iid_itemDoc from "./datasets/Digital_Music/Digital_Music_iid_itemDoc.npy"..
iid_itemDoc loaded! [iid_itemDoc: (223577, 500)]

Loading pretrained word embeddings from "./datasets/Digital_Music/Digital_Music_wed300_wid_wordEmbed.npy"..
Pretrained word embeddings loaded! [wid_wEmbed: (50002, 300)]

Loading pretrained ARL weights of "ANR" for dataset "Digital_Music" from "./__saved_models__/Digital_Music - ANRS/Digital_Music_ANRS_1337.pth"!
Loading pretrained ARL weights on GPU "0"!

Loaded pretrained model states:

	shared_ANR_ARL.aspProj
	shared_ANR_ARL.aspEmbed.weight

Pretrained model states transferred to current model!

*** "shared_ANR_ARL.aspProj, shared_ANR_ARL.aspEmbed.weight" are FINE-TUNED!! ***


Initialization Complete.. Elapsed Time: 20.52s (0.34 minute)

Train/Dev/Test splits loaded! |TRAIN|: 656,657, |DEV|: 31,464, |TEST|: 31,775
Train/Dev/Test splits loaded! Elapsed Time: 20.74s (0.35 minute)

Performing initial evaluation for VALIDATION set..
[Initial] [Dev]  MSE: 21.05231, MAE: 4.48781

Performing initial evaluation for TESTING set..
[Initial] [Test] MSE: 21.06199, MAE: 4.48785

Initial Evaluation Complete.. Elapsed Time: 28.73s (0.48 minute)

Parameters that are fine-tuned using a smaller LR (LR: 2e-05):
shared_ANR_ARL.aspProj, shared_ANR_ARL.aspEmbed.weight

Parameters with L2 Regularization (Regularization Strength: 1e-06):
ANR_RatingPred.uid_userOffset.weight, ANR_RatingPred.iid_itemOffset.weight

Optimizer: Adam, Loss Function: MSELoss

Model Size: 326,250,542
# of Trainable Parameters: 704,442
ANR (
  (uid_userDoc): Embedding(397514, 500), weights = ((397514, 500),), parameters = 198,757,000
  (iid_itemDoc): Embedding(223577, 500), weights = ((223577, 500),), parameters = 111,788,500
  (wid_wEmbed): Embedding(50002, 300), weights = ((50002, 300),), parameters = 15,000,600
  (shared_ANR_ARL): ANR_ARL(
    (aspEmbed): Embedding(5, 150)
    (aspProj): Parameter(5, 300, 50)
  ), weights = ((5, 300, 50), (5, 150)), parameters = 75,750 (Trainable)
  (ANR_AIE): ANR_AIE(  (W_a): Parameter(50, 50)
    (W_u): Parameter(50, 50)
    (w_hu): Parameter(50, 1)
    (W_i): Parameter(50, 50)
    (w_hi): Parameter(50, 1)
  ), weights = ((50, 50), (50, 50), (50, 1), (50, 50), (50, 1)), parameters = 7,600 (Trainable)
  (ANR_RatingPred): ANR_RatingPred(
    (userAspRepDropout): Dropout(p=0.9, inplace=False)
    (itemAspRepDropout): Dropout(p=0.9, inplace=False)
    (uid_userOffset): Embedding(397514, 1)
    (iid_itemOffset): Embedding(223577, 1)
    (globalOffset): Parameter(1,)
  ), weights = ((1,), (397514, 1), (223577, 1)), parameters = 621,092 (Trainable)
)
========================================================================================================================

[Epoch 1/10] Training Loss: 4.34096	Elapsed Time: 192.65s (0:03:12)
[Epoch 1] [Dev]  MSE: 0.84440, MAE: 0.62490
[Epoch 1] [Test] MSE: 0.85556, MAE: 0.62479

*** MODEL has obtained the best DEV MSE of 0.84440 so far!
*** The Best MODEL saved to "./__saved_models__/Digital_Music - ANR/Digital_Music_ANR_1234.pth"

[Epoch 2/10] Training Loss: 0.77331	Elapsed Time: 393.39s (0:06:33)
[Epoch 2] [Dev]  MSE: 0.73208, MAE: 0.56295
[Epoch 2] [Test] MSE: 0.73652, MAE: 0.56115

*** MODEL has obtained the best DEV MSE of 0.73208 so far!
*** The Best MODEL saved to "./__saved_models__/Digital_Music - ANR/Digital_Music_ANR_1234.pth"

[Epoch 3/10] Training Loss: 0.67247	Elapsed Time: 594.14s (0:09:54)
[Epoch 3] [Dev]  MSE: 0.71123, MAE: 0.54814
[Epoch 3] [Test] MSE: 0.71324, MAE: 0.54569

*** MODEL has obtained the best DEV MSE of 0.71123 so far!
*** The Best MODEL saved to "./__saved_models__/Digital_Music - ANR/Digital_Music_ANR_1234.pth"

[Epoch 4/10] Training Loss: 0.61894	Elapsed Time: 794.72s (0:13:14)
[Epoch 4] [Dev]  MSE: 0.70437, MAE: 0.54729
[Epoch 4] [Test] MSE: 0.70482, MAE: 0.54434

*** MODEL has obtained the best DEV MSE of 0.70437 so far!
*** The Best MODEL saved to "./__saved_models__/Digital_Music - ANR/Digital_Music_ANR_1234.pth"

[Epoch 5/10] Training Loss: 0.58358	Elapsed Time: 995.45s (0:16:35)
[Epoch 5] [Dev]  MSE: 0.70433, MAE: 0.54611
[Epoch 5] [Test] MSE: 0.70339, MAE: 0.54259

*** MODEL has obtained the best DEV MSE of 0.70433 so far!
*** The Best MODEL saved to "./__saved_models__/Digital_Music - ANR/Digital_Music_ANR_1234.pth"

[Epoch 6/10] Training Loss: 0.55774	Elapsed Time: 1,196.14s (0:19:56)
[Epoch 6] [Dev]  MSE: 0.70401, MAE: 0.54691
[Epoch 6] [Test] MSE: 0.70170, MAE: 0.54357

*** MODEL has obtained the best DEV MSE of 0.70401 so far!
*** The Best MODEL saved to "./__saved_models__/Digital_Music - ANR/Digital_Music_ANR_1234.pth"

[Epoch 7/10] Training Loss: 0.53755	Elapsed Time: 1,396.81s (0:23:16)
[Epoch 7] [Dev]  MSE: 0.70275, MAE: 0.54725
[Epoch 7] [Test] MSE: 0.70069, MAE: 0.54450

*** MODEL has obtained the best DEV MSE of 0.70275 so far!
*** The Best MODEL saved to "./__saved_models__/Digital_Music - ANR/Digital_Music_ANR_1234.pth"

[Epoch 8/10] Training Loss: 0.52140	Elapsed Time: 1,597.46s (0:26:37)
[Epoch 8] [Dev]  MSE: 0.70532, MAE: 0.54529
[Epoch 8] [Test] MSE: 0.70248, MAE: 0.54255

[Epoch 9/10] Training Loss: 0.50760	Elapsed Time: 1,798.09s (0:29:58)
[Epoch 9] [Dev]  MSE: 0.70360, MAE: 0.54701
[Epoch 9] [Test] MSE: 0.70026, MAE: 0.54415

[Epoch 10/10] Training Loss: 0.49617	Elapsed Time: 1,998.76s (0:33:18)
[Epoch 10] [Dev]  MSE: 0.70399, MAE: 0.54661
[Epoch 10] [Test] MSE: 0.70056, MAE: 0.54376
*** The Last MODEL saved to "./__saved_models__/Digital_Music - ANR/Digital_Music_ANR_1234_10.pth"

[Training Loss]
[4.34096, 0.77331, 0.67247, 0.61894, 0.58358, 0.55774, 0.53755, 0.5214, 0.5076, 0.49617]

[Dev MSE]
[0.8444, 0.73208, 0.71123, 0.70437, 0.70433, 0.70401, 0.70275, 0.70532, 0.7036, 0.70399]
[Test MSE]
[0.85556, 0.73652, 0.71324, 0.70482, 0.70339, 0.7017, 0.70069, 0.70248, 0.70026, 0.70056]
[Test MAE]
[0.62479, 0.56115, 0.54569, 0.54434, 0.54259, 0.54357, 0.5445, 0.54255, 0.54415, 0.54376]


Best Dev MSE: 0.70275 (Obtained during Evaluation #7)
Test MSE: 0.70069, Test MAE: 0.54450

End of Program! Elapsed Time: 2,035.38s (0:33:55)
