========================================================================================================================
  ARL_lr: 0.01
  ARL_path: 
  batch_size: 128
  channels_global: 100
  channels_local: 200
  command: -d Patio_Lawn_and_Garden -m DeepCoNN -e 10 -dr 0.5 -p 1 -v 50000 -K 5 -h1 10 -h2 50 -filters_num 100 -output_size 50 -rs 1234 -gpu 0 -vb 1 -sm Patio_Lawn_and_Garden_DeepCoNN
  ctx_win_size: 3
  dataset: Patio_Lawn_and_Garden
  disable_initial_eval: 0
  dropout_rate: 0.5
  epochs: 10
  filters_num: 100
  gpu: 0
  h1: 10
  h2: 50
  hidden_size: 500
  input_dir: ./datasets/Patio_Lawn_and_Garden/
  L2_reg: 1e-06
  learning_rate: 0.002
  loss_function: MSELoss
  max_doc_len: 500
  max_vis_len: 500
  model: DeepCoNN
  num_aspects: 5
  optimizer: Adam
  out_dir: ./experimental_results/Patio_Lawn_and_Garden - DeepCoNN/
  output_size: 50
  pretrained_src: 1
  random_seed: 1234
  save_model: Patio_Lawn_and_Garden_DeepCoNN
  use_cuda: True
  verbose: 1
  vocab_size: 50000
  word_embed_dim: 300
========================================================================================================================

[INFO] # of Users: 584,107, # of Items: 95,030

Creating model (Selected Model: DeepCoNN)..
[args.use_cuda: True] Model is on the GPU! (args.gpu: 0, torch.cuda.current_device(): 0)
Model created! Elapsed Time: 4.04s (0.07 minute)

Loading uid_userDoc from "./datasets/Patio_Lawn_and_Garden/Patio_Lawn_and_Garden_uid_userDoc.npy"..
uid_userDoc loaded! [uid_userDoc: (584107, 500)]

Loading iid_itemDoc from "./datasets/Patio_Lawn_and_Garden/Patio_Lawn_and_Garden_iid_itemDoc.npy"..
iid_itemDoc loaded! [iid_itemDoc: (95030, 500)]

Loading pretrained word embeddings from "./datasets/Patio_Lawn_and_Garden/Patio_Lawn_and_Garden_wid_wordEmbed.npy"..
Pretrained word embeddings loaded! [wid_wEmbed: (50002, 300)]

Initialization Complete.. Elapsed Time: 26.53s (0.44 minute)

Train/Dev/Test splits loaded! |TRAIN|: 775,805, |DEV|: 34,584, |TEST|: 34,718
Train/Dev/Test splits loaded! Elapsed Time: 26.79s (0.45 minute)

Performing initial evaluation for VALIDATION set..
[Initial] [Dev]  MSE: 15.47091, MAE: 3.71741

Performing initial evaluation for TESTING set..
[Initial] [Test] MSE: 15.34848, MAE: 3.69843

Initial Evaluation Complete.. Elapsed Time: 32.53s (0.54 minute)

Optimizer: Adam, Loss Function: MSELoss

Model Size: 355,438,538
# of Trainable Parameters: 869,438
DeepCoNN (
  (uid_userDoc): Embedding(584107, 500), weights = ((584107, 500),), parameters = 292,053,500
  (iid_itemDoc): Embedding(95030, 500), weights = ((95030, 500),), parameters = 47,515,000
  (wid_wEmbed): Embedding(50002, 300), weights = ((50002, 300),), parameters = 15,000,600
  (user_CNN): Conv2d(1, 100, kernel_size=(3, 300), stride=(1, 1)), weights = ((100, 1, 3, 300), (100,)), parameters = 90,100 (Trainable)
  (item_CNN): Conv2d(1, 100, kernel_size=(3, 300), stride=(1, 1)), weights = ((100, 1, 3, 300), (100,)), parameters = 90,100 (Trainable)
  (user_fcLayer): Linear(in_features=100, out_features=50, bias=True), weights = ((50, 100), (50,)), parameters = 5,050 (Trainable)
  (item_fcLayer): Linear(in_features=100, out_features=50, bias=True), weights = ((50, 100), (50,)), parameters = 5,050 (Trainable)
  (userDropout): Dropout(p=0.5, inplace=False), weights = (), parameters = 0
  (itemDropout): Dropout(p=0.5, inplace=False), weights = (), parameters = 0
  (DeepCoNN_RatingPred): DeepCoNN_RatingPred(
    (uid_userOffset): Embedding(584107, 1)
    (iid_itemOffset): Embedding(95030, 1)
    (globalOffset): Parameter(1,)
  ), weights = ((1,), (584107, 1), (95030, 1)), parameters = 679,138 (Trainable)
)
========================================================================================================================

[Epoch 1/10] Training Loss: 1.31614	Elapsed Time: 120.00s (0:02:00)
[Epoch 1] [Dev]  MSE: 1.75579, MAE: 0.97318
[Epoch 1] [Test] MSE: 1.78660, MAE: 0.98244

*** MODEL has obtained the best DEV MSE of 1.75579 so far!
*** The Best MODEL saved to "./__saved_models__/Patio_Lawn_and_Garden - DeepCoNN/Patio_Lawn_and_Garden_DeepCoNN_1234.pth"

[Epoch 2/10] Training Loss: 0.89782	Elapsed Time: 245.81s (0:04:05)
[Epoch 2] [Dev]  MSE: 1.66969, MAE: 0.94036
[Epoch 2] [Test] MSE: 1.69379, MAE: 0.94912

*** MODEL has obtained the best DEV MSE of 1.66969 so far!
*** The Best MODEL saved to "./__saved_models__/Patio_Lawn_and_Garden - DeepCoNN/Patio_Lawn_and_Garden_DeepCoNN_1234.pth"

[Epoch 3/10] Training Loss: 0.79843	Elapsed Time: 371.57s (0:06:11)
[Epoch 3] [Dev]  MSE: 1.61479, MAE: 0.92800
[Epoch 3] [Test] MSE: 1.63758, MAE: 0.93574

*** MODEL has obtained the best DEV MSE of 1.61479 so far!
*** The Best MODEL saved to "./__saved_models__/Patio_Lawn_and_Garden - DeepCoNN/Patio_Lawn_and_Garden_DeepCoNN_1234.pth"

[Epoch 4/10] Training Loss: 0.72645	Elapsed Time: 497.36s (0:08:17)
[Epoch 4] [Dev]  MSE: 1.57562, MAE: 0.90897
[Epoch 4] [Test] MSE: 1.60099, MAE: 0.91683

*** MODEL has obtained the best DEV MSE of 1.57562 so far!
*** The Best MODEL saved to "./__saved_models__/Patio_Lawn_and_Garden - DeepCoNN/Patio_Lawn_and_Garden_DeepCoNN_1234.pth"

[Epoch 5/10] Training Loss: 0.66869	Elapsed Time: 623.15s (0:10:23)
[Epoch 5] [Dev]  MSE: 1.56144, MAE: 0.90032
[Epoch 5] [Test] MSE: 1.58262, MAE: 0.90657

*** MODEL has obtained the best DEV MSE of 1.56144 so far!
*** The Best MODEL saved to "./__saved_models__/Patio_Lawn_and_Garden - DeepCoNN/Patio_Lawn_and_Garden_DeepCoNN_1234.pth"

[Epoch 6/10] Training Loss: 0.62107	Elapsed Time: 748.91s (0:12:28)
[Epoch 6] [Dev]  MSE: 1.61232, MAE: 0.91760
[Epoch 6] [Test] MSE: 1.63187, MAE: 0.92413

[Epoch 7/10] Training Loss: 0.57991	Elapsed Time: 874.68s (0:14:34)
[Epoch 7] [Dev]  MSE: 1.63339, MAE: 0.92797
[Epoch 7] [Test] MSE: 1.65220, MAE: 0.93410

[Epoch 8/10] Training Loss: 0.54455	Elapsed Time: 1,000.39s (0:16:40)
[Epoch 8] [Dev]  MSE: 1.65706, MAE: 0.91622
[Epoch 8] [Test] MSE: 1.67998, MAE: 0.92298

[Epoch 9/10] Training Loss: 0.51382	Elapsed Time: 1,126.14s (0:18:46)
[Epoch 9] [Dev]  MSE: 1.64153, MAE: 0.91390
[Epoch 9] [Test] MSE: 1.66474, MAE: 0.92132

[Epoch 10/10] Training Loss: 0.48612	Elapsed Time: 1,251.90s (0:20:51)
[Epoch 10] [Dev]  MSE: 1.64000, MAE: 0.91339
[Epoch 10] [Test] MSE: 1.66600, MAE: 0.92035
*** The Last MODEL saved to "./__saved_models__/Patio_Lawn_and_Garden - DeepCoNN/Patio_Lawn_and_Garden_DeepCoNN_1234_10.pth"

[Training Loss]
[1.31614, 0.89782, 0.79843, 0.72645, 0.66869, 0.62107, 0.57991, 0.54455, 0.51382, 0.48612]

[Dev MSE]
[1.75579, 1.66969, 1.61479, 1.57562, 1.56144, 1.61232, 1.63339, 1.65706, 1.64153, 1.64]
[Test MSE]
[1.7866, 1.69379, 1.63758, 1.60099, 1.58262, 1.63187, 1.6522, 1.67998, 1.66474, 1.666]
[Test MAE]
[0.98244, 0.94912, 0.93574, 0.91683, 0.90657, 0.92413, 0.9341, 0.92298, 0.92132, 0.92035]


Best Dev MSE: 1.56144 (Obtained during Evaluation #5)
Test MSE: 1.58262, Test MAE: 0.90657

End of Program! Elapsed Time: 1,290.05s (0:21:30)
