========================================================================================================================
  ARL_lr: 0.01
  ARL_path: 
  batch_size: 128
  channels_global: 100
  channels_local: 200
  command: -d Toys_and_Games -m DAttn -e 10 -p 1 -v 50000 -K 5 -h1 10 -h2 50 -WED 100 -c_local 200 -c_global 100 -hiden_size 500 -output_size 50 -rs 1234 -gpu 0 -vb 1 -sm Toys_and_Games_DAttn
  ctx_win_size: 3
  dataset: Toys_and_Games
  disable_initial_eval: 0
  dropout_rate: 0.5
  epochs: 10
  filters_num: 100
  gpu: 0
  h1: 10
  h2: 50
  hidden_size: 500
  input_dir: ./datasets/Toys_and_Games/
  L2_reg: 1e-06
  learning_rate: 0.002
  loss_function: MSELoss
  max_doc_len: 500
  max_vis_len: 500
  model: DAttn
  num_aspects: 5
  optimizer: Adam
  out_dir: ./experimental_results/Toys_and_Games - DAttn/
  output_size: 50
  pretrained_src: 1
  random_seed: 1234
  save_model: Toys_and_Games_DAttn
  use_cuda: True
  verbose: 1
  vocab_size: 50000
  word_embed_dim: 100
========================================================================================================================

[INFO] # of Users: 598,485, # of Items: 197,223

Creating model (Selected Model: DAttn)..
[args.use_cuda: True] Model is on the GPU! (args.gpu: 0, torch.cuda.current_device(): 0)
Model created! Elapsed Time: 4.39s (0.07 minute)

Loading uid_userDoc from "./datasets/Toys_and_Games/Toys_and_Games_uid_userDoc.npy"..
uid_userDoc loaded! [uid_userDoc: (598485, 500)]

Loading iid_itemDoc from "./datasets/Toys_and_Games/Toys_and_Games_iid_itemDoc.npy"..
iid_itemDoc loaded! [iid_itemDoc: (197223, 500)]

Loading pretrained word embeddings from "./datasets/Toys_and_Games/Toys_and_Games_wed100_wid_wordEmbed.npy"..
Pretrained word embeddings loaded! [wid_wEmbed: (50002, 100)]

Initialization Complete.. Elapsed Time: 30.95s (0.52 minute)

Train/Dev/Test splits loaded! |TRAIN|: 800,000, |DEV|: 32,587, |TEST|: 32,299
Train/Dev/Test splits loaded! Elapsed Time: 31.23s (0.52 minute)

Performing initial evaluation for VALIDATION set..
[Initial] [Dev]  MSE: 19.69454, MAE: 4.29920

Performing initial evaluation for TESTING set..
[Initial] [Test] MSE: 19.65359, MAE: 4.29133

Initial Evaluation Complete.. Elapsed Time: 45.91s (0.77 minute)

Optimizer: Adam, Loss Function: MSELoss

Model Size: 404,522,613
# of Trainable Parameters: 1,668,413
DAttn (
  (uid_userDoc): Embedding(598485, 500), weights = ((598485, 500),), parameters = 299,242,500
  (iid_itemDoc): Embedding(197223, 500), weights = ((197223, 500),), parameters = 98,611,500
  (wid_wEmbed): Embedding(50002, 100), weights = ((50002, 100),), parameters = 5,000,200
  (user_net): Net(
    (localAttentionLayer): LocalAttention(
      (attention_layer): Sequential(
        (0): Conv2d(1, 1, kernel_size=(3, 100), stride=(1, 1), padding=(1, 0))
        (1): Sigmoid()
      )
      (cnn): Sequential(
        (0): Conv2d(1, 200, kernel_size=(1, 100), stride=(1, 1))
        (1): Tanh()
      )
    )
    (globalAttentionLayer): GlobalAttention(
      (attention_layer): Sequential(
        (0): Conv2d(1, 1, kernel_size=(500, 100), stride=(1, 1))
        (1): Sigmoid()
      )
      (convs): ModuleList(
        (0): Conv2d(1, 100, kernel_size=(2, 100), stride=(1, 1))
        (1): Conv2d(1, 100, kernel_size=(3, 100), stride=(1, 1))
        (2): Conv2d(1, 100, kernel_size=(4, 100), stride=(1, 1))
      )
    )
    (fcLayer): Sequential(
      (0): Linear(in_features=500, out_features=500, bias=True)
      (1): Dropout(p=0.5, inplace=False)
      (2): ReLU()
      (3): Linear(in_features=500, out_features=50, bias=True)
    )
    (dropout): Dropout(p=0.5, inplace=False)
  ), weights = ((1, 1, 3, 100), (1,), (200, 1, 1, 100), (200,), (1, 1, 500, 100), (1,), (100, 1, 2, 100), (100,), (100, 1, 3, 100), (100,), (100, 1, 4, 100), (100,), (500, 500), (500,), (50, 500), (50,)), parameters = 436,352 (Trainable)
  (item_net): Net(
    (localAttentionLayer): LocalAttention(
      (attention_layer): Sequential(
        (0): Conv2d(1, 1, kernel_size=(3, 100), stride=(1, 1), padding=(1, 0))
        (1): Sigmoid()
      )
      (cnn): Sequential(
        (0): Conv2d(1, 200, kernel_size=(1, 100), stride=(1, 1))
        (1): Tanh()
      )
    )
    (globalAttentionLayer): GlobalAttention(
      (attention_layer): Sequential(
        (0): Conv2d(1, 1, kernel_size=(500, 100), stride=(1, 1))
        (1): Sigmoid()
      )
      (convs): ModuleList(
        (0): Conv2d(1, 100, kernel_size=(2, 100), stride=(1, 1))
        (1): Conv2d(1, 100, kernel_size=(3, 100), stride=(1, 1))
        (2): Conv2d(1, 100, kernel_size=(4, 100), stride=(1, 1))
      )
    )
    (fcLayer): Sequential(
      (0): Linear(in_features=500, out_features=500, bias=True)
      (1): Dropout(p=0.5, inplace=False)
      (2): ReLU()
      (3): Linear(in_features=500, out_features=50, bias=True)
    )
    (dropout): Dropout(p=0.5, inplace=False)
  ), weights = ((1, 1, 3, 100), (1,), (200, 1, 1, 100), (200,), (1, 1, 500, 100), (1,), (100, 1, 2, 100), (100,), (100, 1, 3, 100), (100,), (100, 1, 4, 100), (100,), (500, 500), (500,), (50, 500), (50,)), parameters = 436,352 (Trainable)
  (DAttn_RatingPred): DAttn_RatingPred(
    (uid_userOffset): Embedding(598485, 1)
    (iid_itemOffset): Embedding(197223, 1)
    (globalOffset): Parameter(1,)
  ), weights = ((1,), (598485, 1), (197223, 1)), parameters = 795,709 (Trainable)
)
========================================================================================================================

[Epoch 1/10] Training Loss: 0.97507	Elapsed Time: 609.41s (0:10:09)
[Epoch 1] [Dev]  MSE: 1.19219, MAE: 0.79017
[Epoch 1] [Test] MSE: 1.19858, MAE: 0.79259

*** MODEL has obtained the best DEV MSE of 1.19219 so far!
*** The Best MODEL saved to "./__saved_models__/Toys_and_Games - DAttn/Toys_and_Games_DAttn_1234.pth"

[Epoch 2/10] Training Loss: 0.72939	Elapsed Time: 1,229.31s (0:20:29)
[Epoch 2] [Dev]  MSE: 1.20680, MAE: 0.79102
[Epoch 2] [Test] MSE: 1.21036, MAE: 0.79184

[Epoch 3/10] Training Loss: 0.63671	Elapsed Time: 1,847.55s (0:30:47)
[Epoch 3] [Dev]  MSE: 1.17438, MAE: 0.75894
[Epoch 3] [Test] MSE: 1.18134, MAE: 0.76102

*** MODEL has obtained the best DEV MSE of 1.17438 so far!
*** The Best MODEL saved to "./__saved_models__/Toys_and_Games - DAttn/Toys_and_Games_DAttn_1234.pth"

[Epoch 4/10] Training Loss: 0.57087	Elapsed Time: 2,465.97s (0:41:05)
[Epoch 4] [Dev]  MSE: 1.23810, MAE: 0.79682
[Epoch 4] [Test] MSE: 1.23719, MAE: 0.79486

[Epoch 5/10] Training Loss: 0.51740	Elapsed Time: 3,084.34s (0:51:24)
[Epoch 5] [Dev]  MSE: 1.24181, MAE: 0.78175
[Epoch 5] [Test] MSE: 1.25003, MAE: 0.78274

[Epoch 6/10] Training Loss: 0.47350	Elapsed Time: 3,702.71s (1:01:42)
[Epoch 6] [Dev]  MSE: 1.16841, MAE: 0.75667
[Epoch 6] [Test] MSE: 1.17147, MAE: 0.75706

*** MODEL has obtained the best DEV MSE of 1.16841 so far!
*** The Best MODEL saved to "./__saved_models__/Toys_and_Games - DAttn/Toys_and_Games_DAttn_1234.pth"

[Epoch 7/10] Training Loss: 0.43898	Elapsed Time: 4,321.12s (1:12:01)
[Epoch 7] [Dev]  MSE: 1.21182, MAE: 0.77457
[Epoch 7] [Test] MSE: 1.21277, MAE: 0.77446

[Epoch 8/10] Training Loss: 0.40558	Elapsed Time: 4,939.43s (1:22:19)
[Epoch 8] [Dev]  MSE: 1.22621, MAE: 0.77684
[Epoch 8] [Test] MSE: 1.22764, MAE: 0.77611

[Epoch 9/10] Training Loss: 0.37623	Elapsed Time: 5,557.79s (1:32:37)
[Epoch 9] [Dev]  MSE: 1.22839, MAE: 0.77544
[Epoch 9] [Test] MSE: 1.22665, MAE: 0.77393

[Epoch 10/10] Training Loss: 0.35089	Elapsed Time: 6,176.14s (1:42:56)
[Epoch 10] [Dev]  MSE: 1.21607, MAE: 0.76887
[Epoch 10] [Test] MSE: 1.21643, MAE: 0.76851
*** The Last MODEL saved to "./__saved_models__/Toys_and_Games - DAttn/Toys_and_Games_DAttn_1234_10.pth"

[Training Loss]
[0.97507, 0.72939, 0.63671, 0.57087, 0.5174, 0.4735, 0.43898, 0.40558, 0.37623, 0.35089]

[Dev MSE]
[1.19219, 1.2068, 1.17438, 1.2381, 1.24181, 1.16841, 1.21182, 1.22621, 1.22839, 1.21607]
[Test MSE]
[1.19858, 1.21036, 1.18134, 1.23719, 1.25003, 1.17147, 1.21277, 1.22764, 1.22665, 1.21643]
[Test MAE]
[0.79259, 0.79184, 0.76102, 0.79486, 0.78274, 0.75706, 0.77446, 0.77611, 0.77393, 0.76851]


Best Dev MSE: 1.16841 (Obtained during Evaluation #6)
Test MSE: 1.17147, Test MAE: 0.75706

End of Program! Elapsed Time: 6,236.55s (1:43:56)
