========================================================================================================================
  ARL_lr: 0.01
  ARL_path: 
  batch_size: 128
  channels_global: 100
  channels_local: 200
  command: -d Movies_and_TV -m ANRS -e 10 -dr 0.9 -WED 300 -K 5 -h1 50 -h2 50 -p 1 -v 50000 -rs 1337 -gpu 0 -vb 1 -sm Movies_and_TV_ANRS
  ctx_win_size: 3
  dataset: Movies_and_TV
  disable_initial_eval: 0
  dropout_rate: 0.9
  epochs: 10
  filters_num: 100
  gpu: 0
  h1: 50
  h2: 50
  hidden_size: 500
  input_dir: ./datasets/Movies_and_TV/
  L2_reg: 1e-06
  learning_rate: 0.002
  loss_function: MSELoss
  max_doc_len: 500
  max_vis_len: 500
  model: ANRS
  num_aspects: 5
  optimizer: Adam
  out_dir: ./experimental_results/Movies_and_TV - ANRS/
  output_size: 50
  pretrained_src: 1
  random_seed: 1337
  save_model: Movies_and_TV_ANRS
  use_cuda: True
  verbose: 1
  vocab_size: 50000
  word_embed_dim: 300
========================================================================================================================

[INFO] # of Users: 541,405, # of Items: 106,040

Creating model (Selected Model: ANRS)..
[args.use_cuda: True] Model is on the GPU! (args.gpu: 0, torch.cuda.current_device(): 0)
Model created! Elapsed Time: 3.89s (0.06 minute)

Loading uid_userDoc from "./datasets/Movies_and_TV/Movies_and_TV_uid_userDoc.npy"..
uid_userDoc loaded! [uid_userDoc: (541405, 500)]

Loading iid_itemDoc from "./datasets/Movies_and_TV/Movies_and_TV_iid_itemDoc.npy"..
iid_itemDoc loaded! [iid_itemDoc: (106040, 500)]

Loading pretrained word embeddings from "./datasets/Movies_and_TV/Movies_and_TV_wed300_wid_wordEmbed.npy"..
Pretrained word embeddings loaded! [wid_wEmbed: (50002, 300)]

Initialization Complete.. Elapsed Time: 25.20s (0.42 minute)

Train/Dev/Test splits loaded! |TRAIN|: 800,000, |DEV|: 40,918, |TEST|: 41,059
Train/Dev/Test splits loaded! Elapsed Time: 25.46s (0.42 minute)

Performing initial evaluation for VALIDATION set..
[Initial] [Dev]  MSE: 18.44652, MAE: 4.12443

Performing initial evaluation for TESTING set..
[Initial] [Test] MSE: 18.44333, MAE: 4.12304

Initial Evaluation Complete.. Elapsed Time: 35.50s (0.59 minute)

Parameters with L2 Regularization (Regularization Strength: 1e-06):
ANRS_RatingPred.uid_userOffset.weight, ANRS_RatingPred.iid_itemOffset.weight

Optimizer: Adam, Loss Function: MSELoss

Model Size: 339,446,296
# of Trainable Parameters: 723,196
ANR (
  (uid_userDoc): Embedding(541405, 500), weights = ((541405, 500),), parameters = 270,702,500
  (iid_itemDoc): Embedding(106040, 500), weights = ((106040, 500),), parameters = 53,020,000
  (wid_wEmbed): Embedding(50002, 300), weights = ((50002, 300),), parameters = 15,000,600
  (shared_ANR_ARL): ANR_ARL(
    (aspEmbed): Embedding(5, 150)
    (aspProj): Parameter(5, 300, 50)
  ), weights = ((5, 300, 50), (5, 150)), parameters = 75,750 (Trainable)
  (ANRS_RatingPred): ANRS_RatingPred(
    (userAspRepDropout): Dropout(p=0.9, inplace=False)
    (itemAspRepDropout): Dropout(p=0.9, inplace=False)
    (uid_userOffset): Embedding(541405, 1)
    (iid_itemOffset): Embedding(106040, 1)
    (globalOffset): Parameter(1,)
  ), weights = ((1,), (541405, 1), (106040, 1)), parameters = 647,446 (Trainable)
)
========================================================================================================================

[Epoch 1/10] Training Loss: 2.41992	Elapsed Time: 231.52s (0:03:51)
[Epoch 1] [Dev]  MSE: 1.22344, MAE: 0.85082
[Epoch 1] [Test] MSE: 1.23228, MAE: 0.85003

*** MODEL has obtained the best DEV MSE of 1.22344 so far!
*** The Best MODEL saved to "./__saved_models__/Movies_and_TV - ANRS/Movies_and_TV_ANRS_1337.pth"

[Epoch 2/10] Training Loss: 1.23897	Elapsed Time: 473.18s (0:07:53)
[Epoch 2] [Dev]  MSE: 1.15157, MAE: 0.80938
[Epoch 2] [Test] MSE: 1.16219, MAE: 0.81018

*** MODEL has obtained the best DEV MSE of 1.15157 so far!
*** The Best MODEL saved to "./__saved_models__/Movies_and_TV - ANRS/Movies_and_TV_ANRS_1337.pth"

[Epoch 3/10] Training Loss: 1.11254	Elapsed Time: 714.83s (0:11:54)
[Epoch 3] [Dev]  MSE: 1.12877, MAE: 0.79514
[Epoch 3] [Test] MSE: 1.13910, MAE: 0.79686

*** MODEL has obtained the best DEV MSE of 1.12877 so far!
*** The Best MODEL saved to "./__saved_models__/Movies_and_TV - ANRS/Movies_and_TV_ANRS_1337.pth"

[Epoch 4/10] Training Loss: 1.06108	Elapsed Time: 956.56s (0:15:56)
[Epoch 4] [Dev]  MSE: 1.12188, MAE: 0.79058
[Epoch 4] [Test] MSE: 1.13299, MAE: 0.79329

*** MODEL has obtained the best DEV MSE of 1.12188 so far!
*** The Best MODEL saved to "./__saved_models__/Movies_and_TV - ANRS/Movies_and_TV_ANRS_1337.pth"

[Epoch 5/10] Training Loss: 1.00225	Elapsed Time: 1,198.25s (0:19:58)
[Epoch 5] [Dev]  MSE: 1.12341, MAE: 0.78627
[Epoch 5] [Test] MSE: 1.13333, MAE: 0.78843

[Epoch 6/10] Training Loss: 0.97217	Elapsed Time: 1,439.94s (0:23:59)
[Epoch 6] [Dev]  MSE: 1.12595, MAE: 0.78397
[Epoch 6] [Test] MSE: 1.13508, MAE: 0.78589

[Epoch 7/10] Training Loss: 0.95045	Elapsed Time: 1,681.58s (0:28:01)
[Epoch 7] [Dev]  MSE: 1.12859, MAE: 0.78527
[Epoch 7] [Test] MSE: 1.13645, MAE: 0.78662

[Epoch 8/10] Training Loss: 0.93453	Elapsed Time: 1,923.34s (0:32:03)
[Epoch 8] [Dev]  MSE: 1.12984, MAE: 0.78805
[Epoch 8] [Test] MSE: 1.13900, MAE: 0.79032

[Epoch 9/10] Training Loss: 0.92242	Elapsed Time: 2,165.04s (0:36:05)
[Epoch 9] [Dev]  MSE: 1.13357, MAE: 0.78391
[Epoch 9] [Test] MSE: 1.14282, MAE: 0.78651

[Epoch 10/10] Training Loss: 0.91364	Elapsed Time: 2,406.72s (0:40:06)
[Epoch 10] [Dev]  MSE: 1.13580, MAE: 0.78546
[Epoch 10] [Test] MSE: 1.14390, MAE: 0.78789
*** The Last MODEL saved to "./__saved_models__/Movies_and_TV - ANRS/Movies_and_TV_ANRS_1337_10.pth"

[Training Loss]
[2.41992, 1.23897, 1.11254, 1.06108, 1.00225, 0.97217, 0.95045, 0.93453, 0.92242, 0.91364]

[Dev MSE]
[1.22344, 1.15157, 1.12877, 1.12188, 1.12341, 1.12595, 1.12859, 1.12984, 1.13357, 1.1358]
[Test MSE]
[1.23228, 1.16219, 1.1391, 1.13299, 1.13333, 1.13508, 1.13645, 1.139, 1.14282, 1.1439]
[Test MAE]
[0.85003, 0.81018, 0.79686, 0.79329, 0.78843, 0.78589, 0.78662, 0.79032, 0.78651, 0.78789]


Best Dev MSE: 1.12188 (Obtained during Evaluation #4)
Test MSE: 1.13299, Test MAE: 0.79329

End of Program! Elapsed Time: 2,452.13s (0:40:52)
