========================================================================================================================
  ARL_lr: 0.01
  ARL_path: 
  batch_size: 128
  channels_global: 100
  channels_local: 200
  command: -d Sports_and_Outdoors -m DeepCoNN -e 10 -dr 0.5 -p 1 -v 50000 -K 5 -h1 10 -h2 50 -filters_num 100 -output_size 50 -rs 1234 -gpu 0 -vb 1 -sm Sports_and_Outdoors_DeepCoNN
  ctx_win_size: 3
  dataset: Sports_and_Outdoors
  disable_initial_eval: 0
  dropout_rate: 0.5
  epochs: 10
  filters_num: 100
  gpu: 0
  h1: 10
  h2: 50
  hidden_size: 500
  input_dir: ./datasets/Sports_and_Outdoors/
  L2_reg: 1e-06
  learning_rate: 0.002
  loss_function: MSELoss
  max_doc_len: 500
  max_vis_len: 500
  model: DeepCoNN
  num_aspects: 5
  optimizer: Adam
  out_dir: ./experimental_results/Sports_and_Outdoors - DeepCoNN/
  output_size: 50
  pretrained_src: 1
  random_seed: 1234
  save_model: Sports_and_Outdoors_DeepCoNN
  use_cuda: True
  verbose: 1
  vocab_size: 50000
  word_embed_dim: 300
========================================================================================================================

[INFO] # of Users: 645,026, # of Items: 221,569

Creating model (Selected Model: DeepCoNN)..
[args.use_cuda: True] Model is on the GPU! (args.gpu: 0, torch.cuda.current_device(): 0)
Model created! Elapsed Time: 4.79s (0.08 minute)

Loading uid_userDoc from "./datasets/Sports_and_Outdoors/Sports_and_Outdoors_uid_userDoc.npy"..
uid_userDoc loaded! [uid_userDoc: (645026, 500)]

Loading iid_itemDoc from "./datasets/Sports_and_Outdoors/Sports_and_Outdoors_iid_itemDoc.npy"..
iid_itemDoc loaded! [iid_itemDoc: (221569, 500)]

Loading pretrained word embeddings from "./datasets/Sports_and_Outdoors/Sports_and_Outdoors_wid_wordEmbed.npy"..
Pretrained word embeddings loaded! [wid_wEmbed: (50002, 300)]

Initialization Complete.. Elapsed Time: 34.05s (0.57 minute)

Train/Dev/Test splits loaded! |TRAIN|: 800,000, |DEV|: 25,665, |TEST|: 25,738
Train/Dev/Test splits loaded! Elapsed Time: 34.31s (0.57 minute)

Performing initial evaluation for VALIDATION set..
[Initial] [Dev]  MSE: 13.60167, MAE: 3.52400

Performing initial evaluation for TESTING set..
[Initial] [Test] MSE: 13.59715, MAE: 3.52458

Initial Evaluation Complete.. Elapsed Time: 38.60s (0.64 minute)

Optimizer: Adam, Loss Function: MSELoss

Model Size: 449,354,996
# of Trainable Parameters: 1,056,896
DeepCoNN (
  (uid_userDoc): Embedding(645026, 500), weights = ((645026, 500),), parameters = 322,513,000
  (iid_itemDoc): Embedding(221569, 500), weights = ((221569, 500),), parameters = 110,784,500
  (wid_wEmbed): Embedding(50002, 300), weights = ((50002, 300),), parameters = 15,000,600
  (user_CNN): Conv2d(1, 100, kernel_size=(3, 300), stride=(1, 1)), weights = ((100, 1, 3, 300), (100,)), parameters = 90,100 (Trainable)
  (item_CNN): Conv2d(1, 100, kernel_size=(3, 300), stride=(1, 1)), weights = ((100, 1, 3, 300), (100,)), parameters = 90,100 (Trainable)
  (user_fcLayer): Linear(in_features=100, out_features=50, bias=True), weights = ((50, 100), (50,)), parameters = 5,050 (Trainable)
  (item_fcLayer): Linear(in_features=100, out_features=50, bias=True), weights = ((50, 100), (50,)), parameters = 5,050 (Trainable)
  (userDropout): Dropout(p=0.5, inplace=False), weights = (), parameters = 0
  (itemDropout): Dropout(p=0.5, inplace=False), weights = (), parameters = 0
  (DeepCoNN_RatingPred): DeepCoNN_RatingPred(
    (uid_userOffset): Embedding(645026, 1)
    (iid_itemOffset): Embedding(221569, 1)
    (globalOffset): Parameter(1,)
  ), weights = ((1,), (645026, 1), (221569, 1)), parameters = 866,596 (Trainable)
)
========================================================================================================================

[Epoch 1/10] Training Loss: 1.11755	Elapsed Time: 125.96s (0:02:05)
[Epoch 1] [Dev]  MSE: 1.37575, MAE: 0.85789
[Epoch 1] [Test] MSE: 1.39002, MAE: 0.86225

*** MODEL has obtained the best DEV MSE of 1.37575 so far!
*** The Best MODEL saved to "./__saved_models__/Sports_and_Outdoors - DeepCoNN/Sports_and_Outdoors_DeepCoNN_1234.pth"

[Epoch 2/10] Training Loss: 0.70640	Elapsed Time: 256.21s (0:04:16)
[Epoch 2] [Dev]  MSE: 1.44630, MAE: 0.88446
[Epoch 2] [Test] MSE: 1.46678, MAE: 0.89051

[Epoch 3/10] Training Loss: 0.61292	Elapsed Time: 386.46s (0:06:26)
[Epoch 3] [Dev]  MSE: 1.29311, MAE: 0.82681
[Epoch 3] [Test] MSE: 1.30357, MAE: 0.82842

*** MODEL has obtained the best DEV MSE of 1.29311 so far!
*** The Best MODEL saved to "./__saved_models__/Sports_and_Outdoors - DeepCoNN/Sports_and_Outdoors_DeepCoNN_1234.pth"

[Epoch 4/10] Training Loss: 0.54373	Elapsed Time: 516.77s (0:08:36)
[Epoch 4] [Dev]  MSE: 1.33626, MAE: 0.83446
[Epoch 4] [Test] MSE: 1.35410, MAE: 0.83935

[Epoch 5/10] Training Loss: 0.48910	Elapsed Time: 647.05s (0:10:47)
[Epoch 5] [Dev]  MSE: 1.32531, MAE: 0.82435
[Epoch 5] [Test] MSE: 1.33750, MAE: 0.82683

[Epoch 6/10] Training Loss: 0.44319	Elapsed Time: 777.32s (0:12:57)
[Epoch 6] [Dev]  MSE: 1.30919, MAE: 0.82680
[Epoch 6] [Test] MSE: 1.32569, MAE: 0.82985

[Epoch 7/10] Training Loss: 0.40458	Elapsed Time: 907.62s (0:15:07)
[Epoch 7] [Dev]  MSE: 1.41489, MAE: 0.84933
[Epoch 7] [Test] MSE: 1.43520, MAE: 0.85314

[Epoch 8/10] Training Loss: 0.37305	Elapsed Time: 1,037.82s (0:17:17)
[Epoch 8] [Dev]  MSE: 1.37960, MAE: 0.84982
[Epoch 8] [Test] MSE: 1.39214, MAE: 0.85063

[Epoch 9/10] Training Loss: 0.34474	Elapsed Time: 1,168.08s (0:19:28)
[Epoch 9] [Dev]  MSE: 1.41687, MAE: 0.84165
[Epoch 9] [Test] MSE: 1.42879, MAE: 0.84250

[Epoch 10/10] Training Loss: 0.32116	Elapsed Time: 1,298.34s (0:21:38)
[Epoch 10] [Dev]  MSE: 1.39824, MAE: 0.84088
[Epoch 10] [Test] MSE: 1.40870, MAE: 0.84085
*** The Last MODEL saved to "./__saved_models__/Sports_and_Outdoors - DeepCoNN/Sports_and_Outdoors_DeepCoNN_1234_10.pth"

[Training Loss]
[1.11755, 0.7064, 0.61292, 0.54373, 0.4891, 0.44319, 0.40458, 0.37305, 0.34474, 0.32116]

[Dev MSE]
[1.37575, 1.4463, 1.29311, 1.33626, 1.32531, 1.30919, 1.41489, 1.3796, 1.41687, 1.39824]
[Test MSE]
[1.39002, 1.46678, 1.30357, 1.3541, 1.3375, 1.32569, 1.4352, 1.39214, 1.42879, 1.4087]
[Test MAE]
[0.86225, 0.89051, 0.82842, 0.83935, 0.82683, 0.82985, 0.85314, 0.85063, 0.8425, 0.84085]


Best Dev MSE: 1.29311 (Obtained during Evaluation #3)
Test MSE: 1.30357, Test MAE: 0.82842

End of Program! Elapsed Time: 1,341.15s (0:22:21)
