========================================================================================================================
  ARL_lr: 0.01
  ARL_path: 
  batch_size: 128
  channels_global: 100
  channels_local: 200
  command: -d Beauty -m DeepCoNN -e 10 -dr 0.9 -WED 300 -p 1 -v 50000 -K 5 -h1 50 -h2 50 -filters_num 100 -output_size 50 -rs 1234 -gpu 0 -vb 1 -sm Beauty_DeepCoNN
  ctx_win_size: 3
  dataset: Beauty
  disable_initial_eval: 0
  dropout_rate: 0.9
  epochs: 10
  filters_num: 100
  gpu: 0
  h1: 50
  h2: 50
  hidden_size: 500
  input_dir: ./datasets/Beauty/
  L2_reg: 1e-06
  learning_rate: 0.002
  loss_function: MSELoss
  max_doc_len: 500
  max_vis_len: 500
  model: DeepCoNN
  num_aspects: 5
  optimizer: Adam
  out_dir: ./experimental_results/Beauty - DeepCoNN/
  output_size: 50
  pretrained_src: 1
  random_seed: 1234
  save_model: Beauty_DeepCoNN
  use_cuda: True
  verbose: 1
  vocab_size: 50000
  word_embed_dim: 300
========================================================================================================================

[INFO] # of Users: 588,069, # of Items: 161,739

Creating model (Selected Model: DeepCoNN)..
[args.use_cuda: True] Model is on the GPU! (args.gpu: 0, torch.cuda.current_device(): 0)
Model created! Elapsed Time: 4.29s (0.07 minute)

Loading uid_userDoc from "./datasets/Beauty/Beauty_uid_userDoc.npy"..
uid_userDoc loaded! [uid_userDoc: (588069, 500)]

Loading iid_itemDoc from "./datasets/Beauty/Beauty_iid_itemDoc.npy"..
iid_itemDoc loaded! [iid_itemDoc: (161739, 500)]

Loading pretrained word embeddings from "./datasets/Beauty/Beauty_wed300_wid_wordEmbed.npy"..
Pretrained word embeddings loaded! [wid_wEmbed: (50002, 300)]

Initialization Complete.. Elapsed Time: 31.80s (0.53 minute)

Train/Dev/Test splits loaded! |TRAIN|: 800,000, |DEV|: 35,826, |TEST|: 35,569
Train/Dev/Test splits loaded! Elapsed Time: 32.06s (0.53 minute)

Performing initial evaluation for VALIDATION set..
[Initial] [Dev]  MSE: 14.49373, MAE: 3.60337

Performing initial evaluation for TESTING set..
[Initial] [Test] MSE: 14.53823, MAE: 3.61283

Initial Evaluation Complete.. Elapsed Time: 37.93s (0.63 minute)

Optimizer: Adam, Loss Function: MSELoss

Model Size: 390,844,709
# of Trainable Parameters: 940,109
DeepCoNN (
  (uid_userDoc): Embedding(588069, 500), weights = ((588069, 500),), parameters = 294,034,500
  (iid_itemDoc): Embedding(161739, 500), weights = ((161739, 500),), parameters = 80,869,500
  (wid_wEmbed): Embedding(50002, 300), weights = ((50002, 300),), parameters = 15,000,600
  (user_CNN): Conv2d(1, 100, kernel_size=(3, 300), stride=(1, 1)), weights = ((100, 1, 3, 300), (100,)), parameters = 90,100 (Trainable)
  (item_CNN): Conv2d(1, 100, kernel_size=(3, 300), stride=(1, 1)), weights = ((100, 1, 3, 300), (100,)), parameters = 90,100 (Trainable)
  (user_fcLayer): Linear(in_features=100, out_features=50, bias=True), weights = ((50, 100), (50,)), parameters = 5,050 (Trainable)
  (item_fcLayer): Linear(in_features=100, out_features=50, bias=True), weights = ((50, 100), (50,)), parameters = 5,050 (Trainable)
  (userDropout): Dropout(p=0.9, inplace=False), weights = (), parameters = 0
  (itemDropout): Dropout(p=0.9, inplace=False), weights = (), parameters = 0
  (DeepCoNN_RatingPred): DeepCoNN_RatingPred(
    (uid_userOffset): Embedding(588069, 1)
    (iid_itemOffset): Embedding(161739, 1)
    (globalOffset): Parameter(1,)
  ), weights = ((1,), (588069, 1), (161739, 1)), parameters = 749,809 (Trainable)
)
========================================================================================================================

[Epoch 1/10] Training Loss: 3.09916	Elapsed Time: 123.35s (0:02:03)
[Epoch 1] [Dev]  MSE: 1.40754, MAE: 0.92377
[Epoch 1] [Test] MSE: 1.38026, MAE: 0.91588

*** MODEL has obtained the best DEV MSE of 1.40754 so far!
*** The Best MODEL saved to "./__saved_models__/Beauty - DeepCoNN/Beauty_DeepCoNN_1234.pth"

[Epoch 2/10] Training Loss: 1.33886	Elapsed Time: 252.82s (0:04:12)
[Epoch 2] [Dev]  MSE: 1.37283, MAE: 0.89981
[Epoch 2] [Test] MSE: 1.34848, MAE: 0.89238

*** MODEL has obtained the best DEV MSE of 1.37283 so far!
*** The Best MODEL saved to "./__saved_models__/Beauty - DeepCoNN/Beauty_DeepCoNN_1234.pth"

[Epoch 3/10] Training Loss: 1.19336	Elapsed Time: 382.07s (0:06:22)
[Epoch 3] [Dev]  MSE: 1.37397, MAE: 0.89827
[Epoch 3] [Test] MSE: 1.35168, MAE: 0.89201

[Epoch 4/10] Training Loss: 1.08820	Elapsed Time: 511.32s (0:08:31)
[Epoch 4] [Dev]  MSE: 1.38149, MAE: 0.88692
[Epoch 4] [Test] MSE: 1.35641, MAE: 0.88006

[Epoch 5/10] Training Loss: 0.99155	Elapsed Time: 640.64s (0:10:40)
[Epoch 5] [Dev]  MSE: 1.39512, MAE: 0.88989
[Epoch 5] [Test] MSE: 1.36932, MAE: 0.88283

[Epoch 6/10] Training Loss: 0.91142	Elapsed Time: 769.86s (0:12:49)
[Epoch 6] [Dev]  MSE: 1.41275, MAE: 0.89651
[Epoch 6] [Test] MSE: 1.39143, MAE: 0.89069

[Epoch 7/10] Training Loss: 0.84306	Elapsed Time: 899.09s (0:14:59)
[Epoch 7] [Dev]  MSE: 1.43047, MAE: 0.89300
[Epoch 7] [Test] MSE: 1.40617, MAE: 0.88554

[Epoch 8/10] Training Loss: 0.78293	Elapsed Time: 1,028.32s (0:17:08)
[Epoch 8] [Dev]  MSE: 1.44904, MAE: 0.89063
[Epoch 8] [Test] MSE: 1.42384, MAE: 0.88299

[Epoch 9/10] Training Loss: 0.72873	Elapsed Time: 1,157.52s (0:19:17)
[Epoch 9] [Dev]  MSE: 1.46578, MAE: 0.90331
[Epoch 9] [Test] MSE: 1.44334, MAE: 0.89700

[Epoch 10/10] Training Loss: 0.68031	Elapsed Time: 1,286.76s (0:21:26)
[Epoch 10] [Dev]  MSE: 1.48564, MAE: 0.90285
[Epoch 10] [Test] MSE: 1.46485, MAE: 0.89639
*** The Last MODEL saved to "./__saved_models__/Beauty - DeepCoNN/Beauty_DeepCoNN_1234_10.pth"

[Training Loss]
[3.09916, 1.33886, 1.19336, 1.0882, 0.99155, 0.91142, 0.84306, 0.78293, 0.72873, 0.68031]

[Dev MSE]
[1.40754, 1.37283, 1.37397, 1.38149, 1.39512, 1.41275, 1.43047, 1.44904, 1.46578, 1.48564]
[Test MSE]
[1.38026, 1.34848, 1.35168, 1.35641, 1.36932, 1.39143, 1.40617, 1.42384, 1.44334, 1.46485]
[Test MAE]
[0.91588, 0.89238, 0.89201, 0.88006, 0.88283, 0.89069, 0.88554, 0.88299, 0.897, 0.89639]


Best Dev MSE: 1.37283 (Obtained during Evaluation #2)
Test MSE: 1.34848, Test MAE: 0.89238

End of Program! Elapsed Time: 1,330.49s (0:22:10)
