========================================================================================================================
  ARL_lr: 0.01
  ARL_path: 
  batch_size: 128
  channels_global: 100
  channels_local: 200
  command: -d Baby -m DeepCoNN -e 10 -dr 0.5 -p 1 -v 50000 -K 5 -h1 10 -h2 50 -filters_num 100 -output_size 50 -rs 1234 -gpu 0 -vb 1 -sm Baby_DeepCoNN
  ctx_win_size: 3
  dataset: Baby
  disable_initial_eval: 0
  dropout_rate: 0.5
  epochs: 10
  filters_num: 100
  gpu: 0
  h1: 10
  h2: 50
  hidden_size: 500
  input_dir: ./datasets/Baby/
  L2_reg: 1e-06
  learning_rate: 0.002
  loss_function: MSELoss
  max_doc_len: 500
  max_vis_len: 500
  model: DeepCoNN
  num_aspects: 5
  optimizer: Adam
  out_dir: ./experimental_results/Baby - DeepCoNN/
  output_size: 50
  pretrained_src: 1
  random_seed: 1234
  save_model: Baby_DeepCoNN
  use_cuda: True
  verbose: 1
  vocab_size: 50000
  word_embed_dim: 300
========================================================================================================================

[INFO] # of Users: 446,248, # of Items: 58,586

Creating model (Selected Model: DeepCoNN)..
[args.use_cuda: True] Model is on the GPU! (args.gpu: 0, torch.cuda.current_device(): 0)
Model created! Elapsed Time: 3.32s (0.06 minute)

Loading uid_userDoc from "./datasets/Baby/Baby_uid_userDoc.npy"..
uid_userDoc loaded! [uid_userDoc: (446248, 500)]

Loading iid_itemDoc from "./datasets/Baby/Baby_iid_itemDoc.npy"..
iid_itemDoc loaded! [iid_itemDoc: (58586, 500)]

Loading pretrained word embeddings from "./datasets/Baby/Baby_wid_wordEmbed.npy"..
Pretrained word embeddings loaded! [wid_wEmbed: (50002, 300)]

Initialization Complete.. Elapsed Time: 21.63s (0.36 minute)

Train/Dev/Test splits loaded! |TRAIN|: 721,979, |DEV|: 47,357, |TEST|: 47,373
Train/Dev/Test splits loaded! Elapsed Time: 21.87s (0.36 minute)

Performing initial evaluation for VALIDATION set..
[Initial] [Dev]  MSE: 14.86648, MAE: 3.66137

Performing initial evaluation for TESTING set..
[Initial] [Test] MSE: 14.84209, MAE: 3.65849

Initial Evaluation Complete.. Elapsed Time: 29.59s (0.49 minute)

Optimizer: Adam, Loss Function: MSELoss

Model Size: 268,112,735
# of Trainable Parameters: 695,135
DeepCoNN (
  (uid_userDoc): Embedding(446248, 500), weights = ((446248, 500),), parameters = 223,124,000
  (iid_itemDoc): Embedding(58586, 500), weights = ((58586, 500),), parameters = 29,293,000
  (wid_wEmbed): Embedding(50002, 300), weights = ((50002, 300),), parameters = 15,000,600
  (user_CNN): Conv2d(1, 100, kernel_size=(3, 300), stride=(1, 1)), weights = ((100, 1, 3, 300), (100,)), parameters = 90,100 (Trainable)
  (item_CNN): Conv2d(1, 100, kernel_size=(3, 300), stride=(1, 1)), weights = ((100, 1, 3, 300), (100,)), parameters = 90,100 (Trainable)
  (user_fcLayer): Linear(in_features=100, out_features=50, bias=True), weights = ((50, 100), (50,)), parameters = 5,050 (Trainable)
  (item_fcLayer): Linear(in_features=100, out_features=50, bias=True), weights = ((50, 100), (50,)), parameters = 5,050 (Trainable)
  (userDropout): Dropout(p=0.5, inplace=False), weights = (), parameters = 0
  (itemDropout): Dropout(p=0.5, inplace=False), weights = (), parameters = 0
  (DeepCoNN_RatingPred): DeepCoNN_RatingPred(
    (uid_userOffset): Embedding(446248, 1)
    (iid_itemOffset): Embedding(58586, 1)
    (globalOffset): Parameter(1,)
  ), weights = ((1,), (446248, 1), (58586, 1)), parameters = 504,835 (Trainable)
)
========================================================================================================================

[Epoch 1/10] Training Loss: 1.29437	Elapsed Time: 111.36s (0:01:51)
[Epoch 1] [Dev]  MSE: 1.52725, MAE: 0.95138
[Epoch 1] [Test] MSE: 1.53882, MAE: 0.95397

*** MODEL has obtained the best DEV MSE of 1.52725 so far!
*** The Best MODEL saved to "./__saved_models__/Baby - DeepCoNN/Baby_DeepCoNN_1234.pth"

[Epoch 2/10] Training Loss: 0.87785	Elapsed Time: 230.55s (0:03:50)
[Epoch 2] [Dev]  MSE: 1.44749, MAE: 0.90474
[Epoch 2] [Test] MSE: 1.45376, MAE: 0.90770

*** MODEL has obtained the best DEV MSE of 1.44749 so far!
*** The Best MODEL saved to "./__saved_models__/Baby - DeepCoNN/Baby_DeepCoNN_1234.pth"

[Epoch 3/10] Training Loss: 0.80243	Elapsed Time: 349.74s (0:05:49)
[Epoch 3] [Dev]  MSE: 1.51476, MAE: 0.89837
[Epoch 3] [Test] MSE: 1.52658, MAE: 0.90262

[Epoch 4/10] Training Loss: 0.74670	Elapsed Time: 468.88s (0:07:48)
[Epoch 4] [Dev]  MSE: 1.44317, MAE: 0.88358
[Epoch 4] [Test] MSE: 1.44955, MAE: 0.88706

*** MODEL has obtained the best DEV MSE of 1.44317 so far!
*** The Best MODEL saved to "./__saved_models__/Baby - DeepCoNN/Baby_DeepCoNN_1234.pth"

[Epoch 5/10] Training Loss: 0.70366	Elapsed Time: 588.04s (0:09:48)
[Epoch 5] [Dev]  MSE: 1.45890, MAE: 0.89501
[Epoch 5] [Test] MSE: 1.46418, MAE: 0.89851

[Epoch 6/10] Training Loss: 0.66842	Elapsed Time: 707.19s (0:11:47)
[Epoch 6] [Dev]  MSE: 1.57697, MAE: 0.92111
[Epoch 6] [Test] MSE: 1.58667, MAE: 0.92613

[Epoch 7/10] Training Loss: 0.63819	Elapsed Time: 826.31s (0:13:46)
[Epoch 7] [Dev]  MSE: 1.54029, MAE: 0.90478
[Epoch 7] [Test] MSE: 1.54555, MAE: 0.90962

[Epoch 8/10] Training Loss: 0.61348	Elapsed Time: 945.51s (0:15:45)
[Epoch 8] [Dev]  MSE: 1.55973, MAE: 0.91884
[Epoch 8] [Test] MSE: 1.56557, MAE: 0.92212

[Epoch 9/10] Training Loss: 0.59231	Elapsed Time: 1,064.67s (0:17:44)
[Epoch 9] [Dev]  MSE: 1.47884, MAE: 0.88839
[Epoch 9] [Test] MSE: 1.48095, MAE: 0.89070

[Epoch 10/10] Training Loss: 0.57253	Elapsed Time: 1,183.91s (0:19:43)
[Epoch 10] [Dev]  MSE: 1.58371, MAE: 0.93039
[Epoch 10] [Test] MSE: 1.59002, MAE: 0.93306
*** The Last MODEL saved to "./__saved_models__/Baby - DeepCoNN/Baby_DeepCoNN_1234_10.pth"

[Training Loss]
[1.29437, 0.87785, 0.80243, 0.7467, 0.70366, 0.66842, 0.63819, 0.61348, 0.59231, 0.57253]

[Dev MSE]
[1.52725, 1.44749, 1.51476, 1.44317, 1.4589, 1.57697, 1.54029, 1.55973, 1.47884, 1.58371]
[Test MSE]
[1.53882, 1.45376, 1.52658, 1.44955, 1.46418, 1.58667, 1.54555, 1.56557, 1.48095, 1.59002]
[Test MAE]
[0.95397, 0.9077, 0.90262, 0.88706, 0.89851, 0.92613, 0.90962, 0.92212, 0.8907, 0.93306]


Best Dev MSE: 1.44317 (Obtained during Evaluation #4)
Test MSE: 1.44955, Test MAE: 0.88706

End of Program! Elapsed Time: 1,221.18s (0:20:21)
