========================================================================================================================
  ARL_lr: 0.01
  ARL_path: 
  batch_size: 128
  channels_global: 100
  channels_local: 200
  command: -d Video_Games -m DeepCoNN -e 10 -dr 0.5 -p 1 -v 50000 -K 5 -h1 10 -h2 50 -filters_num 100 -output_size 50 -rs 1234 -gpu 0 -vb 1 -sm Video_Games_DeepCoNN
  ctx_win_size: 3
  dataset: Video_Games
  disable_initial_eval: 0
  dropout_rate: 0.5
  epochs: 10
  filters_num: 100
  gpu: 0
  h1: 10
  h2: 50
  hidden_size: 500
  input_dir: ./datasets/Video_Games/
  L2_reg: 1e-06
  learning_rate: 0.002
  loss_function: MSELoss
  max_doc_len: 500
  max_vis_len: 500
  model: DeepCoNN
  num_aspects: 5
  optimizer: Adam
  out_dir: ./experimental_results/Video_Games - DeepCoNN/
  output_size: 50
  pretrained_src: 1
  random_seed: 1234
  save_model: Video_Games_DeepCoNN
  use_cuda: True
  verbose: 1
  vocab_size: 50000
  word_embed_dim: 300
========================================================================================================================

[INFO] # of Users: 540,331, # of Items: 44,636

Creating model (Selected Model: DeepCoNN)..
[args.use_cuda: True] Model is on the GPU! (args.gpu: 0, torch.cuda.current_device(): 0)
Model created! Elapsed Time: 3.82s (0.06 minute)

Loading uid_userDoc from "./datasets/Video_Games/Video_Games_uid_userDoc.npy"..
uid_userDoc loaded! [uid_userDoc: (540331, 500)]

Loading iid_itemDoc from "./datasets/Video_Games/Video_Games_iid_itemDoc.npy"..
iid_itemDoc loaded! [iid_itemDoc: (44636, 500)]

Loading pretrained word embeddings from "./datasets/Video_Games/Video_Games_wed300_wid_wordEmbed.npy"..
Pretrained word embeddings loaded! [wid_wEmbed: (50002, 300)]

Initialization Complete.. Elapsed Time: 26.61s (0.44 minute)

Train/Dev/Test splits loaded! |TRAIN|: 800,000, |DEV|: 45,587, |TEST|: 45,469
Train/Dev/Test splits loaded! Elapsed Time: 26.89s (0.45 minute)

Performing initial evaluation for VALIDATION set..
[Initial] [Dev]  MSE: 13.60516, MAE: 3.46013

Performing initial evaluation for TESTING set..
[Initial] [Test] MSE: 13.66241, MAE: 3.47238

Initial Evaluation Complete.. Elapsed Time: 34.72s (0.58 minute)

Optimizer: Adam, Loss Function: MSELoss

Model Size: 308,259,368
# of Trainable Parameters: 775,268
DeepCoNN (
  (uid_userDoc): Embedding(540331, 500), weights = ((540331, 500),), parameters = 270,165,500
  (iid_itemDoc): Embedding(44636, 500), weights = ((44636, 500),), parameters = 22,318,000
  (wid_wEmbed): Embedding(50002, 300), weights = ((50002, 300),), parameters = 15,000,600
  (user_CNN): Conv2d(1, 100, kernel_size=(3, 300), stride=(1, 1)), weights = ((100, 1, 3, 300), (100,)), parameters = 90,100 (Trainable)
  (item_CNN): Conv2d(1, 100, kernel_size=(3, 300), stride=(1, 1)), weights = ((100, 1, 3, 300), (100,)), parameters = 90,100 (Trainable)
  (user_fcLayer): Linear(in_features=100, out_features=50, bias=True), weights = ((50, 100), (50,)), parameters = 5,050 (Trainable)
  (item_fcLayer): Linear(in_features=100, out_features=50, bias=True), weights = ((50, 100), (50,)), parameters = 5,050 (Trainable)
  (userDropout): Dropout(p=0.5, inplace=False), weights = (), parameters = 0
  (itemDropout): Dropout(p=0.5, inplace=False), weights = (), parameters = 0
  (DeepCoNN_RatingPred): DeepCoNN_RatingPred(
    (uid_userOffset): Embedding(540331, 1)
    (iid_itemOffset): Embedding(44636, 1)
    (globalOffset): Parameter(1,)
  ), weights = ((1,), (540331, 1), (44636, 1)), parameters = 584,968 (Trainable)
)
========================================================================================================================

[Epoch 1/10] Training Loss: 1.31249	Elapsed Time: 125.26s (0:02:05)
[Epoch 1] [Dev]  MSE: 1.58083, MAE: 0.94663
[Epoch 1] [Test] MSE: 1.52676, MAE: 0.92880

*** MODEL has obtained the best DEV MSE of 1.58083 so far!
*** The Best MODEL saved to "./__saved_models__/Video_Games - DeepCoNN/Video_Games_DeepCoNN_1234.pth"

[Epoch 2/10] Training Loss: 0.92312	Elapsed Time: 259.50s (0:04:19)
[Epoch 2] [Dev]  MSE: 1.49030, MAE: 0.91644
[Epoch 2] [Test] MSE: 1.42957, MAE: 0.89627

*** MODEL has obtained the best DEV MSE of 1.49030 so far!
*** The Best MODEL saved to "./__saved_models__/Video_Games - DeepCoNN/Video_Games_DeepCoNN_1234.pth"

[Epoch 3/10] Training Loss: 0.83670	Elapsed Time: 393.49s (0:06:33)
[Epoch 3] [Dev]  MSE: 1.56014, MAE: 0.91764
[Epoch 3] [Test] MSE: 1.49049, MAE: 0.89712

[Epoch 4/10] Training Loss: 0.77377	Elapsed Time: 527.07s (0:08:47)
[Epoch 4] [Dev]  MSE: 1.60937, MAE: 0.92398
[Epoch 4] [Test] MSE: 1.53485, MAE: 0.90094

[Epoch 5/10] Training Loss: 0.72258	Elapsed Time: 660.84s (0:11:00)
[Epoch 5] [Dev]  MSE: 1.52791, MAE: 0.90697
[Epoch 5] [Test] MSE: 1.45996, MAE: 0.88620

[Epoch 6/10] Training Loss: 0.68068	Elapsed Time: 794.50s (0:13:14)
[Epoch 6] [Dev]  MSE: 1.46268, MAE: 0.91152
[Epoch 6] [Test] MSE: 1.40095, MAE: 0.89169

*** MODEL has obtained the best DEV MSE of 1.46268 so far!
*** The Best MODEL saved to "./__saved_models__/Video_Games - DeepCoNN/Video_Games_DeepCoNN_1234.pth"

[Epoch 7/10] Training Loss: 0.64403	Elapsed Time: 929.17s (0:15:29)
[Epoch 7] [Dev]  MSE: 1.54025, MAE: 0.91893
[Epoch 7] [Test] MSE: 1.47048, MAE: 0.89805

[Epoch 8/10] Training Loss: 0.61367	Elapsed Time: 1,062.53s (0:17:42)
[Epoch 8] [Dev]  MSE: 1.51165, MAE: 0.89715
[Epoch 8] [Test] MSE: 1.44465, MAE: 0.87717

[Epoch 9/10] Training Loss: 0.58634	Elapsed Time: 1,196.01s (0:19:56)
[Epoch 9] [Dev]  MSE: 1.57229, MAE: 0.90980
[Epoch 9] [Test] MSE: 1.50121, MAE: 0.88901

[Epoch 10/10] Training Loss: 0.56190	Elapsed Time: 1,329.63s (0:22:09)
[Epoch 10] [Dev]  MSE: 1.54279, MAE: 0.90763
[Epoch 10] [Test] MSE: 1.47735, MAE: 0.88805
*** The Last MODEL saved to "./__saved_models__/Video_Games - DeepCoNN/Video_Games_DeepCoNN_1234_10.pth"

[Training Loss]
[1.31249, 0.92312, 0.8367, 0.77377, 0.72258, 0.68068, 0.64403, 0.61367, 0.58634, 0.5619]

[Dev MSE]
[1.58083, 1.4903, 1.56014, 1.60937, 1.52791, 1.46268, 1.54025, 1.51165, 1.57229, 1.54279]
[Test MSE]
[1.52676, 1.42957, 1.49049, 1.53485, 1.45996, 1.40095, 1.47048, 1.44465, 1.50121, 1.47735]
[Test MAE]
[0.9288, 0.89627, 0.89712, 0.90094, 0.8862, 0.89169, 0.89805, 0.87717, 0.88901, 0.88805]


Best Dev MSE: 1.46268 (Obtained during Evaluation #6)
Test MSE: 1.40095, Test MAE: 0.89169

End of Program! Elapsed Time: 1,371.99s (0:22:51)
