========================================================================================================================
  ARL_lr: 0.01
  ARL_path: 
  batch_size: 128
  channels_global: 100
  channels_local: 200
  command: -d Office_Products -m DAttn -e 10 -p 1 -v 50000 -K 5 -h1 10 -h2 50 -WED 100 -c_local 200 -c_global 100 -hiden_size 500 -output_size 50 -rs 1234 -gpu 0 -vb 1 -sm Office_Products_DAttn
  ctx_win_size: 3
  dataset: Office_Products
  disable_initial_eval: 0
  dropout_rate: 0.5
  epochs: 10
  filters_num: 100
  gpu: 0
  h1: 10
  h2: 50
  hidden_size: 500
  input_dir: ./datasets/Office_Products/
  L2_reg: 1e-06
  learning_rate: 0.002
  loss_function: MSELoss
  max_doc_len: 500
  max_vis_len: 500
  model: DAttn
  num_aspects: 5
  optimizer: Adam
  out_dir: ./experimental_results/Office_Products - DAttn/
  output_size: 50
  pretrained_src: 1
  random_seed: 1234
  save_model: Office_Products_DAttn
  use_cuda: True
  verbose: 1
  vocab_size: 50000
  word_embed_dim: 100
========================================================================================================================

[INFO] # of Users: 628,512, # of Items: 105,406

Creating model (Selected Model: DAttn)..
[args.use_cuda: True] Model is on the GPU! (args.gpu: 0, torch.cuda.current_device(): 0)
Model created! Elapsed Time: 4.21s (0.07 minute)

Loading uid_userDoc from "./datasets/Office_Products/Office_Products_uid_userDoc.npy"..
uid_userDoc loaded! [uid_userDoc: (628512, 500)]

Loading iid_itemDoc from "./datasets/Office_Products/Office_Products_iid_itemDoc.npy"..
iid_itemDoc loaded! [iid_itemDoc: (105406, 500)]

Loading pretrained word embeddings from "./datasets/Office_Products/Office_Products_wed100_wid_wordEmbed.npy"..
Pretrained word embeddings loaded! [wid_wEmbed: (50002, 100)]

Initialization Complete.. Elapsed Time: 28.37s (0.47 minute)

Train/Dev/Test splits loaded! |TRAIN|: 800,000, |DEV|: 30,765, |TEST|: 30,933
Train/Dev/Test splits loaded! Elapsed Time: 28.62s (0.48 minute)

Performing initial evaluation for VALIDATION set..
[Initial] [Dev]  MSE: 18.63369, MAE: 4.13549

Performing initial evaluation for TESTING set..
[Initial] [Test] MSE: 18.49158, MAE: 4.11345

Initial Evaluation Complete.. Elapsed Time: 42.54s (0.71 minute)

Optimizer: Adam, Loss Function: MSELoss

Model Size: 373,565,823
# of Trainable Parameters: 1,606,623
DAttn (
  (uid_userDoc): Embedding(628512, 500), weights = ((628512, 500),), parameters = 314,256,000
  (iid_itemDoc): Embedding(105406, 500), weights = ((105406, 500),), parameters = 52,703,000
  (wid_wEmbed): Embedding(50002, 100), weights = ((50002, 100),), parameters = 5,000,200
  (user_net): Net(
    (localAttentionLayer): LocalAttention(
      (attention_layer): Sequential(
        (0): Conv2d(1, 1, kernel_size=(3, 100), stride=(1, 1), padding=(1, 0))
        (1): Sigmoid()
      )
      (cnn): Sequential(
        (0): Conv2d(1, 200, kernel_size=(1, 100), stride=(1, 1))
        (1): Tanh()
      )
    )
    (globalAttentionLayer): GlobalAttention(
      (attention_layer): Sequential(
        (0): Conv2d(1, 1, kernel_size=(500, 100), stride=(1, 1))
        (1): Sigmoid()
      )
      (convs): ModuleList(
        (0): Conv2d(1, 100, kernel_size=(2, 100), stride=(1, 1))
        (1): Conv2d(1, 100, kernel_size=(3, 100), stride=(1, 1))
        (2): Conv2d(1, 100, kernel_size=(4, 100), stride=(1, 1))
      )
    )
    (fcLayer): Sequential(
      (0): Linear(in_features=500, out_features=500, bias=True)
      (1): Dropout(p=0.5, inplace=False)
      (2): ReLU()
      (3): Linear(in_features=500, out_features=50, bias=True)
    )
    (dropout): Dropout(p=0.5, inplace=False)
  ), weights = ((1, 1, 3, 100), (1,), (200, 1, 1, 100), (200,), (1, 1, 500, 100), (1,), (100, 1, 2, 100), (100,), (100, 1, 3, 100), (100,), (100, 1, 4, 100), (100,), (500, 500), (500,), (50, 500), (50,)), parameters = 436,352 (Trainable)
  (item_net): Net(
    (localAttentionLayer): LocalAttention(
      (attention_layer): Sequential(
        (0): Conv2d(1, 1, kernel_size=(3, 100), stride=(1, 1), padding=(1, 0))
        (1): Sigmoid()
      )
      (cnn): Sequential(
        (0): Conv2d(1, 200, kernel_size=(1, 100), stride=(1, 1))
        (1): Tanh()
      )
    )
    (globalAttentionLayer): GlobalAttention(
      (attention_layer): Sequential(
        (0): Conv2d(1, 1, kernel_size=(500, 100), stride=(1, 1))
        (1): Sigmoid()
      )
      (convs): ModuleList(
        (0): Conv2d(1, 100, kernel_size=(2, 100), stride=(1, 1))
        (1): Conv2d(1, 100, kernel_size=(3, 100), stride=(1, 1))
        (2): Conv2d(1, 100, kernel_size=(4, 100), stride=(1, 1))
      )
    )
    (fcLayer): Sequential(
      (0): Linear(in_features=500, out_features=500, bias=True)
      (1): Dropout(p=0.5, inplace=False)
      (2): ReLU()
      (3): Linear(in_features=500, out_features=50, bias=True)
    )
    (dropout): Dropout(p=0.5, inplace=False)
  ), weights = ((1, 1, 3, 100), (1,), (200, 1, 1, 100), (200,), (1, 1, 500, 100), (1,), (100, 1, 2, 100), (100,), (100, 1, 3, 100), (100,), (100, 1, 4, 100), (100,), (500, 500), (500,), (50, 500), (50,)), parameters = 436,352 (Trainable)
  (DAttn_RatingPred): DAttn_RatingPred(
    (uid_userOffset): Embedding(628512, 1)
    (iid_itemOffset): Embedding(105406, 1)
    (globalOffset): Parameter(1,)
  ), weights = ((1,), (628512, 1), (105406, 1)), parameters = 733,919 (Trainable)
)
========================================================================================================================

[Epoch 1/10] Training Loss: 1.15113	Elapsed Time: 606.68s (0:10:06)
[Epoch 1] [Dev]  MSE: 1.48107, MAE: 0.86481
[Epoch 1] [Test] MSE: 1.48109, MAE: 0.86888

*** MODEL has obtained the best DEV MSE of 1.48107 so far!
*** The Best MODEL saved to "./__saved_models__/Office_Products - DAttn/Office_Products_DAttn_1234.pth"

[Epoch 2/10] Training Loss: 0.86808	Elapsed Time: 1,227.24s (0:20:27)
[Epoch 2] [Dev]  MSE: 1.56237, MAE: 0.90861
[Epoch 2] [Test] MSE: 1.54901, MAE: 0.90849

[Epoch 3/10] Training Loss: 0.76963	Elapsed Time: 1,847.77s (0:30:47)
[Epoch 3] [Dev]  MSE: 1.59710, MAE: 0.88820
[Epoch 3] [Test] MSE: 1.57618, MAE: 0.88657

[Epoch 4/10] Training Loss: 0.69549	Elapsed Time: 2,468.32s (0:41:08)
[Epoch 4] [Dev]  MSE: 1.57881, MAE: 0.88682
[Epoch 4] [Test] MSE: 1.55653, MAE: 0.88352

[Epoch 5/10] Training Loss: 0.63538	Elapsed Time: 3,088.86s (0:51:28)
[Epoch 5] [Dev]  MSE: 1.49565, MAE: 0.85780
[Epoch 5] [Test] MSE: 1.47842, MAE: 0.85588

[Epoch 6/10] Training Loss: 0.58597	Elapsed Time: 3,709.30s (1:01:49)
[Epoch 6] [Dev]  MSE: 1.52855, MAE: 0.86612
[Epoch 6] [Test] MSE: 1.50777, MAE: 0.86339

[Epoch 7/10] Training Loss: 0.54337	Elapsed Time: 4,329.81s (1:12:09)
[Epoch 7] [Dev]  MSE: 1.57073, MAE: 0.87851
[Epoch 7] [Test] MSE: 1.54692, MAE: 0.87332

[Epoch 8/10] Training Loss: 0.50543	Elapsed Time: 4,951.65s (1:22:31)
[Epoch 8] [Dev]  MSE: 1.61671, MAE: 0.88739
[Epoch 8] [Test] MSE: 1.58934, MAE: 0.88186

[Epoch 9/10] Training Loss: 0.47277	Elapsed Time: 5,575.98s (1:32:55)
[Epoch 9] [Dev]  MSE: 1.58222, MAE: 0.88832
[Epoch 9] [Test] MSE: 1.55413, MAE: 0.88249

[Epoch 10/10] Training Loss: 0.44275	Elapsed Time: 6,200.22s (1:43:20)
[Epoch 10] [Dev]  MSE: 1.57568, MAE: 0.88519
[Epoch 10] [Test] MSE: 1.54695, MAE: 0.87937
*** The Last MODEL saved to "./__saved_models__/Office_Products - DAttn/Office_Products_DAttn_1234_10.pth"

[Training Loss]
[1.15113, 0.86808, 0.76963, 0.69549, 0.63538, 0.58597, 0.54337, 0.50543, 0.47277, 0.44275]

[Dev MSE]
[1.48107, 1.56237, 1.5971, 1.57881, 1.49565, 1.52855, 1.57073, 1.61671, 1.58222, 1.57568]
[Test MSE]
[1.48109, 1.54901, 1.57618, 1.55653, 1.47842, 1.50777, 1.54692, 1.58934, 1.55413, 1.54695]
[Test MAE]
[0.86888, 0.90849, 0.88657, 0.88352, 0.85588, 0.86339, 0.87332, 0.88186, 0.88249, 0.87937]


Best Dev MSE: 1.48107 (Obtained during Evaluation #1)
Test MSE: 1.48109, Test MAE: 0.86888

End of Program! Elapsed Time: 6,256.62s (1:44:16)
