========================================================================================================================
  ARL_lr: 0.01
  ARL_path: 
  batch_size: 128
  channels_global: 100
  channels_local: 200
  command: -d CDs_and_Vinyl -m VANRA -e 10 -dr 0.9 -WED 300 -p 1 -v 50000 -K 5 -h1 10 -h2 50 -output_size 50 -rs 1234 -gpu 0 -vb 1 -sm CDs_and_Vinyl_VANRA
  ctx_win_size: 3
  dataset: CDs_and_Vinyl
  disable_initial_eval: 0
  dropout_rate: 0.9
  epochs: 10
  filters_num: 100
  gpu: 0
  h1: 10
  h2: 50
  hidden_size: 500
  input_dir: ./datasets/CDs_and_Vinyl/
  L2_reg: 1e-06
  learning_rate: 0.002
  loss_function: MSELoss
  max_doc_len: 500
  max_vis_len: 500
  model: VANRA
  num_aspects: 5
  optimizer: Adam
  out_dir: ./experimental_results/CDs_and_Vinyl - VANRA/
  output_size: 50
  pretrained_src: 1
  random_seed: 1234
  save_model: CDs_and_Vinyl_VANRA
  use_cuda: True
  verbose: 1
  vocab_size: 50000
  word_embed_dim: 300
========================================================================================================================

[INFO] # of Users: 488,046, # of Items: 237,480

Creating model (Selected Model: VANRA)..
[args.use_cuda: True] Model is on the GPU! (args.gpu: 0, torch.cuda.current_device(): 0)
Model created! Elapsed Time: 7.10s (0.12 minute)

Loading uid_userDoc from "./datasets/CDs_and_Vinyl/CDs_and_Vinyl_uid_userDoc.npy"..
uid_userDoc loaded! [uid_userDoc: (488046, 500)]

Loading iid_itemDoc from "./datasets/CDs_and_Vinyl/CDs_and_Vinyl_iid_itemDoc.npy"..
iid_itemDoc loaded! [iid_itemDoc: (237480, 500)]

Loading pretrained word embeddings from "./datasets/CDs_and_Vinyl/CDs_and_Vinyl_wed300_wid_wordEmbed.npy"..
Pretrained word embeddings loaded! [wid_wEmbed: (50002, 300)]

Loading uid_userVis from "./datasets/CDs_and_Vinyl/CDs_and_Vinyl_uid_userVis.npy"..
uid_userVis loaded! [uid_userVis: (488046, 500)]

Loading iid_itemVis from "./datasets/CDs_and_Vinyl/CDs_and_Vinyl_iid_itemVis.npy"..
iid_itemVis loaded! [iid_itemVis: (237480, 500)]

Initialization Complete.. Elapsed Time: 57.19s (0.95 minute)

Train/Dev/Test splits loaded! |TRAIN|: 800,000, |DEV|: 41,001, |TEST|: 41,018
Train/Dev/Test splits loaded! Elapsed Time: 57.50s (0.96 minute)

Performing initial evaluation for VALIDATION set..
[Initial] [Dev]  MSE: 12.16462, MAE: 3.14507

Performing initial evaluation for TESTING set..
[Initial] [Test] MSE: 12.29132, MAE: 3.16125

Initial Evaluation Complete.. Elapsed Time: 72.72s (1.21 minutes)

Parameters with L2 Regularization (Regularization Strength: 1e-06):
VANRA_RatingPred.uid_userOffset.weight, VANRA_RatingPred.iid_itemOffset.weight

Optimizer: Adam, Loss Function: MSELoss

Model Size: 741,298,987
# of Trainable Parameters: 772,387
VANRA (
  (uid_userDoc): Embedding(488046, 500), weights = ((488046, 500),), parameters = 244,023,000
  (iid_itemDoc): Embedding(237480, 500), weights = ((237480, 500),), parameters = 118,740,000
  (wid_wEmbed): Embedding(50002, 300), weights = ((50002, 300),), parameters = 15,000,600
  (uid_userVis): Embedding(488046, 500), weights = ((488046, 500),), parameters = 244,023,000
  (iid_itemVis): Embedding(237480, 500), weights = ((237480, 500),), parameters = 118,740,000
  (MSANR_ARL): MSANR_ARL(
    (aspEmbed): ModuleList(
      (0): Embedding(5, 30)
      (1): Embedding(5, 50)
      (2): Embedding(5, 70)
    )
    (filterEmbed): Embedding(5, 10)
    (aspProj): Parameter(5, 300, 10)
  ), weights = ((5, 300, 10), (5, 30), (5, 50), (5, 70), (5, 10)), parameters = 15,800 (Trainable)
  (VANRA_VRL): VANRA_VRL(
    (fcLayer): Sequential(
      (0): Dropout(p=0.9, inplace=False)
      (1): Linear(in_features=500, out_features=50, bias=True)
    )
    (visProj): Parameter(500, 10)
  ), weights = ((500, 10), (50, 500), (50,)), parameters = 30,050 (Trainable)
  (VANRA_RatingPred): VANRA_RatingPred(
    (uid_userOffset): Embedding(488046, 1)
    (iid_itemOffset): Embedding(237480, 1)
    (fcLayer1): Sequential(
      (0): Linear(in_features=100, out_features=10, bias=True)
      (1): ReLU()
      (2): Dropout(p=0.9, inplace=False)
    )
    (globalOffset): Parameter(1,)
  ), weights = ((1,), (488046, 1), (237480, 1), (10, 100), (10,)), parameters = 726,537 (Trainable)
)
========================================================================================================================

[Epoch 1/10] Training Loss: 662.38746	Elapsed Time: 412.31s (0:06:52)
[Epoch 1] [Dev]  MSE: 1.12519, MAE: 0.76527
[Epoch 1] [Test] MSE: 1.11532, MAE: 0.76397

*** MODEL has obtained the best DEV MSE of 1.12519 so far!
*** The Best MODEL saved to "./__saved_models__/CDs_and_Vinyl - VANRA/CDs_and_Vinyl_VANRA_1234.pth"

[Epoch 2/10] Training Loss: 0.98177	Elapsed Time: 840.05s (0:14:00)
[Epoch 2] [Dev]  MSE: 1.00477, MAE: 0.71753
[Epoch 2] [Test] MSE: 0.98900, MAE: 0.71365

*** MODEL has obtained the best DEV MSE of 1.00477 so far!
*** The Best MODEL saved to "./__saved_models__/CDs_and_Vinyl - VANRA/CDs_and_Vinyl_VANRA_1234.pth"

[Epoch 3/10] Training Loss: 0.86555	Elapsed Time: 1,267.67s (0:21:07)
[Epoch 3] [Dev]  MSE: 0.98954, MAE: 0.69567
[Epoch 3] [Test] MSE: 0.97298, MAE: 0.69141

*** MODEL has obtained the best DEV MSE of 0.98954 so far!
*** The Best MODEL saved to "./__saved_models__/CDs_and_Vinyl - VANRA/CDs_and_Vinyl_VANRA_1234.pth"

[Epoch 4/10] Training Loss: 0.80733	Elapsed Time: 1,695.30s (0:28:15)
[Epoch 4] [Dev]  MSE: 0.97854, MAE: 0.69683
[Epoch 4] [Test] MSE: 0.96438, MAE: 0.69356

*** MODEL has obtained the best DEV MSE of 0.97854 so far!
*** The Best MODEL saved to "./__saved_models__/CDs_and_Vinyl - VANRA/CDs_and_Vinyl_VANRA_1234.pth"

[Epoch 5/10] Training Loss: 0.77207	Elapsed Time: 2,123.26s (0:35:23)
[Epoch 5] [Dev]  MSE: 0.98125, MAE: 0.69463
[Epoch 5] [Test] MSE: 0.96770, MAE: 0.69116

[Epoch 6/10] Training Loss: 0.74818	Elapsed Time: 2,550.71s (0:42:30)
[Epoch 6] [Dev]  MSE: 0.98225, MAE: 0.69472
[Epoch 6] [Test] MSE: 0.96952, MAE: 0.69169

[Epoch 7/10] Training Loss: 0.73099	Elapsed Time: 2,978.43s (0:49:38)
[Epoch 7] [Dev]  MSE: 0.98052, MAE: 0.69869
[Epoch 7] [Test] MSE: 0.96841, MAE: 0.69555

[Epoch 8/10] Training Loss: 0.71806	Elapsed Time: 3,406.05s (0:56:46)
[Epoch 8] [Dev]  MSE: 0.98143, MAE: 0.69843
[Epoch 8] [Test] MSE: 0.97055, MAE: 0.69526

[Epoch 9/10] Training Loss: 0.70780	Elapsed Time: 3,833.61s (1:03:53)
[Epoch 9] [Dev]  MSE: 0.98329, MAE: 0.69742
[Epoch 9] [Test] MSE: 0.97322, MAE: 0.69451

[Epoch 10/10] Training Loss: 0.70203	Elapsed Time: 4,261.26s (1:11:01)
[Epoch 10] [Dev]  MSE: 0.98580, MAE: 0.69618
[Epoch 10] [Test] MSE: 0.97543, MAE: 0.69365
*** The Last MODEL saved to "./__saved_models__/CDs_and_Vinyl - VANRA/CDs_and_Vinyl_VANRA_1234_10.pth"

[Training Loss]
[662.38746, 0.98177, 0.86555, 0.80733, 0.77207, 0.74818, 0.73099, 0.71806, 0.7078, 0.70203]

[Dev MSE]
[1.12519, 1.00477, 0.98954, 0.97854, 0.98125, 0.98225, 0.98052, 0.98143, 0.98329, 0.9858]
[Test MSE]
[1.11532, 0.989, 0.97298, 0.96438, 0.9677, 0.96952, 0.96841, 0.97055, 0.97322, 0.97543]
[Test MAE]
[0.76397, 0.71365, 0.69141, 0.69356, 0.69116, 0.69169, 0.69555, 0.69526, 0.69451, 0.69365]


Best Dev MSE: 0.97854 (Obtained during Evaluation #4)
Test MSE: 0.96438, Test MAE: 0.69356

End of Program! Elapsed Time: 4,349.05s (1:12:29)
