========================================================================================================================
  ARL_lr: 0.01
  ARL_path: 
  batch_size: 128
  channels_global: 10
  channels_local: 10
  command: -d Office_Products -m VANRA -e 15 -dr 0.9 -p 1 -v 50000 -K 5 -h1 10 -h2 50 -c_local 10 -c_global 10 -hiden_size 100 -output_size 50 -rs 1234 -gpu 0 -vb 1 -sm Office_Products_VANRA
  ctx_win_size: 3
  dataset: Office_Products
  disable_initial_eval: 0
  dropout_rate: 0.9
  epochs: 15
  gpu: 0
  h1: 10
  h2: 50
  hidden_size: 100
  input_dir: ./datasets/Office_Products/
  L2_reg: 1e-06
  learning_rate: 0.002
  loss_function: MSELoss
  max_doc_len: 500
  max_vis_len: 500
  model: VANRA
  num_aspects: 5
  optimizer: Adam
  out_dir: ./experimental_results/Office_Products - VANRA/
  output_size: 50
  pretrained_src: 1
  random_seed: 1234
  save_model: Office_Products_VANRA
  use_cuda: True
  verbose: 1
  vocab_size: 50000
  word_embed_dim: 300
========================================================================================================================

[INFO] # of Users: 628,512, # of Items: 105,406

Creating model (Selected Model: VANRA)..
[args.use_cuda: True] Model is on the GPU! (args.gpu: 0, torch.cuda.current_device(): 0)
Model created! Elapsed Time: 7.09s (0.12 minute)

Loading uid_userDoc from "./datasets/Office_Products/Office_Products_uid_userDoc.npy"..
uid_userDoc loaded! [uid_userDoc: (628512, 500)]

Loading iid_itemDoc from "./datasets/Office_Products/Office_Products_iid_itemDoc.npy"..
iid_itemDoc loaded! [iid_itemDoc: (105406, 500)]

Loading pretrained word embeddings from "./datasets/Office_Products/Office_Products_wid_wordEmbed.npy"..
Pretrained word embeddings loaded! [wid_wEmbed: (50002, 300)]

Loading uid_userVis from "./datasets/Office_Products/Office_Products_uid_userVis.npy"..
uid_userVis loaded! [uid_userVis: (628512, 500)]

Loading iid_itemVis from "./datasets/Office_Products/Office_Products_iid_itemVis.npy"..
iid_itemVis loaded! [iid_itemVis: (105406, 500)]

Initialization Complete.. Elapsed Time: 55.65s (0.93 minute)

Train/Dev/Test splits loaded! |TRAIN|: 800,000, |DEV|: 30,765, |TEST|: 30,933
Train/Dev/Test splits loaded! Elapsed Time: 55.91s (0.93 minute)

Performing initial evaluation for VALIDATION set..
[Initial] [Dev]  MSE: 19.26022, MAE: 4.21065

Performing initial evaluation for TESTING set..
[Initial] [Test] MSE: 19.11512, MAE: 4.18869

Initial Evaluation Complete.. Elapsed Time: 61.04s (1.02 minutes)

Parameters with L2 Regularization (Regularization Strength: 1e-06):
VANRA_RatingPred.uid_userOffset.weight, VANRA_RatingPred.iid_itemOffset.weight

Optimizer: Adam, Loss Function: MSELoss

Model Size: 749,779,177
# of Trainable Parameters: 860,577
VANRA (
  (uid_userDoc): Embedding(628512, 500), weights = ((628512, 500),), parameters = 314,256,000
  (iid_itemDoc): Embedding(105406, 500), weights = ((105406, 500),), parameters = 52,703,000
  (wid_wEmbed): Embedding(50002, 300), weights = ((50002, 300),), parameters = 15,000,600
  (uid_userVis): Embedding(628512, 500), weights = ((628512, 500),), parameters = 314,256,000
  (iid_itemVis): Embedding(105406, 500), weights = ((105406, 500),), parameters = 52,703,000
  (shared_ANR_ARL): ANR_ARL(
    (aspEmbed): Embedding(5, 30)
    (aspProj): Parameter(5, 300, 10)
  ), weights = ((5, 300, 10), (5, 30)), parameters = 15,150 (Trainable)
  (ANR_AIE): ANR_AIE(  (W_a): Parameter(10, 10)
    (W_u): Parameter(50, 10)
    (w_hu): Parameter(50, 1)
    (W_i): Parameter(50, 10)
    (w_hi): Parameter(50, 1)
  ), weights = ((10, 10), (50, 10), (50, 1), (50, 10), (50, 1)), parameters = 1,200 (Trainable)
  (VANRA_VRL): VANRA_VRL(
    (localAttentionLayer_user): LocalAttention(
      (attention_layer): Sequential(
        (0): Conv2d(1, 1, kernel_size=(3, 1), stride=(1, 1))
        (1): Softmax(dim=2)
      )
      (fcLayer): Sequential(
        (0): Linear(in_features=500, out_features=100, bias=True)
        (1): Dropout(p=0.9, inplace=False)
        (2): ReLU()
        (3): Linear(in_features=100, out_features=50, bias=True)
      )
    )
    (localAttentionLayer_item): LocalAttention(
      (attention_layer): Sequential(
        (0): Conv2d(1, 1, kernel_size=(3, 1), stride=(1, 1))
        (1): Softmax(dim=2)
      )
      (fcLayer): Sequential(
        (0): Linear(in_features=500, out_features=100, bias=True)
        (1): Dropout(p=0.9, inplace=False)
        (2): ReLU()
        (3): Linear(in_features=100, out_features=50, bias=True)
      )
    )
  ), weights = ((1, 1, 3, 1), (1,), (100, 500), (100,), (50, 100), (50,), (1, 1, 3, 1), (1,), (100, 500), (100,), (50, 100), (50,)), parameters = 110,308 (Trainable)
  (VANRA_RatingPred): VANRA_RatingPred(
    (userAspRepDropout): Dropout(p=0.9, inplace=False)
    (itemAspRepDropout): Dropout(p=0.9, inplace=False)
    (uid_userOffset): Embedding(628512, 1)
    (iid_itemOffset): Embedding(105406, 1)
    (globalOffset): Parameter(1,)
  ), weights = ((1,), (628512, 1), (105406, 1)), parameters = 733,919 (Trainable)
)
========================================================================================================================

[Epoch 1/15] Training Loss: 1.98271	Elapsed Time: 168.44s (0:02:48)
[Epoch 1] [Dev]  MSE: 1.36866, MAE: 0.94675
[Epoch 1] [Test] MSE: 1.38008, MAE: 0.94781

*** MODEL has obtained the best DEV MSE of 1.36866 so far!
*** The Best MODEL saved to "./__saved_models__/Office_Products - VANRA/Office_Products_VANRA_1234.pth"

[Epoch 2/15] Training Loss: 1.62007	Elapsed Time: 341.99s (0:05:41)
[Epoch 2] [Dev]  MSE: 1.32252, MAE: 0.89452
[Epoch 2] [Test] MSE: 1.32970, MAE: 0.89344

*** MODEL has obtained the best DEV MSE of 1.32252 so far!
*** The Best MODEL saved to "./__saved_models__/Office_Products - VANRA/Office_Products_VANRA_1234.pth"

[Epoch 3/15] Training Loss: 1.48581	Elapsed Time: 515.58s (0:08:35)
[Epoch 3] [Dev]  MSE: 1.31766, MAE: 0.86300
[Epoch 3] [Test] MSE: 1.32607, MAE: 0.86282

*** MODEL has obtained the best DEV MSE of 1.31766 so far!
*** The Best MODEL saved to "./__saved_models__/Office_Products - VANRA/Office_Products_VANRA_1234.pth"

[Epoch 4/15] Training Loss: 1.39626	Elapsed Time: 689.16s (0:11:29)
[Epoch 4] [Dev]  MSE: 1.31419, MAE: 0.87303
[Epoch 4] [Test] MSE: 1.31831, MAE: 0.87128

*** MODEL has obtained the best DEV MSE of 1.31419 so far!
*** The Best MODEL saved to "./__saved_models__/Office_Products - VANRA/Office_Products_VANRA_1234.pth"

[Epoch 5/15] Training Loss: 1.33642	Elapsed Time: 862.71s (0:14:22)
[Epoch 5] [Dev]  MSE: 1.32283, MAE: 0.88728
[Epoch 5] [Test] MSE: 1.32120, MAE: 0.88341

[Epoch 6/15] Training Loss: 1.29275	Elapsed Time: 1,036.28s (0:17:16)
[Epoch 6] [Dev]  MSE: 1.32610, MAE: 0.88659
[Epoch 6] [Test] MSE: 1.32341, MAE: 0.88268

[Epoch 7/15] Training Loss: 1.26206	Elapsed Time: 1,209.74s (0:20:09)
[Epoch 7] [Dev]  MSE: 1.32478, MAE: 0.87278
[Epoch 7] [Test] MSE: 1.32066, MAE: 0.86820

[Epoch 8/15] Training Loss: 1.23827	Elapsed Time: 1,383.41s (0:23:03)
[Epoch 8] [Dev]  MSE: 1.32934, MAE: 0.86079
[Epoch 8] [Test] MSE: 1.32489, MAE: 0.85688

[Epoch 9/15] Training Loss: 1.22064	Elapsed Time: 1,557.04s (0:25:57)
[Epoch 9] [Dev]  MSE: 1.33538, MAE: 0.88347
[Epoch 9] [Test] MSE: 1.32806, MAE: 0.87875

[Epoch 10/15] Training Loss: 1.20762	Elapsed Time: 1,730.56s (0:28:50)
[Epoch 10] [Dev]  MSE: 1.34542, MAE: 0.89513
[Epoch 10] [Test] MSE: 1.33848, MAE: 0.89051

[Epoch 11/15] Training Loss: 1.19720	Elapsed Time: 1,904.22s (0:31:44)
[Epoch 11] [Dev]  MSE: 1.33750, MAE: 0.87646
[Epoch 11] [Test] MSE: 1.33075, MAE: 0.87129

[Epoch 12/15] Training Loss: 1.18780	Elapsed Time: 2,077.75s (0:34:37)
[Epoch 12] [Dev]  MSE: 1.34101, MAE: 0.88020
[Epoch 12] [Test] MSE: 1.33251, MAE: 0.87435

[Epoch 13/15] Training Loss: 1.18197	Elapsed Time: 2,251.31s (0:37:31)
[Epoch 13] [Dev]  MSE: 1.34337, MAE: 0.88149
[Epoch 13] [Test] MSE: 1.33489, MAE: 0.87554

[Epoch 14/15] Training Loss: 1.17705	Elapsed Time: 2,424.81s (0:40:24)
[Epoch 14] [Dev]  MSE: 1.34104, MAE: 0.86687
[Epoch 14] [Test] MSE: 1.33284, MAE: 0.86102

[Epoch 15/15] Training Loss: 1.17194	Elapsed Time: 2,598.44s (0:43:18)
[Epoch 15] [Dev]  MSE: 1.35495, MAE: 0.89675
[Epoch 15] [Test] MSE: 1.34315, MAE: 0.89020
*** The Last MODEL saved to "./__saved_models__/Office_Products - VANRA/Office_Products_VANRA_1234_15.pth"

[Training Loss]
[1.98271, 1.62007, 1.48581, 1.39626, 1.33642, 1.29275, 1.26206, 1.23827, 1.22064, 1.20762, 1.1972, 1.1878, 1.18197, 1.17705, 1.17194]

[Dev MSE]
[1.36866, 1.32252, 1.31766, 1.31419, 1.32283, 1.3261, 1.32478, 1.32934, 1.33538, 1.34542, 1.3375, 1.34101, 1.34337, 1.34104, 1.35495]
[Test MSE]
[1.38008, 1.3297, 1.32607, 1.31831, 1.3212, 1.32341, 1.32066, 1.32489, 1.32806, 1.33848, 1.33075, 1.33251, 1.33489, 1.33284, 1.34315]
[Test MAE]
[0.94781, 0.89344, 0.86282, 0.87128, 0.88341, 0.88268, 0.8682, 0.85688, 0.87875, 0.89051, 0.87129, 0.87435, 0.87554, 0.86102, 0.8902]


Best Dev MSE: 1.31419 (Obtained during Evaluation #4)
Test MSE: 1.31831, Test MAE: 0.87128

End of Program! Elapsed Time: 2,664.41s (0:44:24)
