========================================================================================================================
  ARL_lr: 0.01
  ARL_path: 
  batch_size: 128
  channels_global: 100
  channels_local: 200
  command: -d Pet_Supplies -m MSANR -e 5 -dr 0.9 -WED 300 -p 1 -v 50000 -K 5 -h1 50 -h2 50 -output_size 50 -rs 1234 -gpu 0 -vb 1 -sm Pet_Supplies_MSANR
  ctx_win_size: 3
  dataset: Pet_Supplies
  disable_initial_eval: 0
  dropout_rate: 0.9
  epochs: 5
  filters_num: 100
  gpu: 0
  h1: 50
  h2: 50
  hidden_size: 500
  input_dir: ./datasets/Pet_Supplies/
  L2_reg: 1e-06
  learning_rate: 0.002
  loss_function: MSELoss
  max_doc_len: 500
  max_vis_len: 500
  model: MSANR
  num_aspects: 5
  optimizer: Adam
  out_dir: ./experimental_results/Pet_Supplies - MSANR/
  output_size: 50
  pretrained_src: 1
  random_seed: 1234
  save_model: Pet_Supplies_MSANR
  use_cuda: True
  verbose: 1
  vocab_size: 50000
  word_embed_dim: 300
========================================================================================================================

[INFO] # of Users: 535,028, # of Items: 85,685

Creating model (Selected Model: MSANR)..
[args.use_cuda: True] Model is on the GPU! (args.gpu: 0, torch.cuda.current_device(): 0)
Model created! Elapsed Time: 3.88s (0.06 minute)

Loading uid_userDoc from "./datasets/Pet_Supplies/Pet_Supplies_uid_userDoc.npy"..
uid_userDoc loaded! [uid_userDoc: (535028, 500)]

Loading iid_itemDoc from "./datasets/Pet_Supplies/Pet_Supplies_iid_itemDoc.npy"..
iid_itemDoc loaded! [iid_itemDoc: (85685, 500)]

Loading pretrained word embeddings from "./datasets/Pet_Supplies/Pet_Supplies_wed300_wid_wordEmbed.npy"..
Pretrained word embeddings loaded! [wid_wEmbed: (50002, 300)]

Initialization Complete.. Elapsed Time: 25.54s (0.43 minute)

Train/Dev/Test splits loaded! |TRAIN|: 800,000, |DEV|: 46,037, |TEST|: 46,223
Train/Dev/Test splits loaded! Elapsed Time: 25.81s (0.43 minute)

Performing initial evaluation for VALIDATION set..
[Initial] [Dev]  MSE: 19.07257, MAE: 4.18668

Performing initial evaluation for TESTING set..
[Initial] [Test] MSE: 19.10687, MAE: 4.19032

Initial Evaluation Complete.. Elapsed Time: 60.47s (1.01 minutes)

Parameters with L2 Regularization (Regularization Strength: 1e-06):
MSANR_RatingPred.uid_userOffset.weight, MSANR_RatingPred.iid_itemOffset.weight

Optimizer: Adam, Loss Function: MSELoss

Model Size: 326,056,814
# of Trainable Parameters: 699,714
MSANR (
  (uid_userDoc): Embedding(535028, 500), weights = ((535028, 500),), parameters = 267,514,000
  (iid_itemDoc): Embedding(85685, 500), weights = ((85685, 500),), parameters = 42,842,500
  (wid_wEmbed): Embedding(50002, 300), weights = ((50002, 300),), parameters = 15,000,600
  (MSANR_ARL): MSANR_ARL(
    (aspEmbed): ModuleList(
      (0): Embedding(5, 150)
      (1): Embedding(5, 250)
      (2): Embedding(5, 350)
    )
    (filterEmbed): Embedding(5, 50)
    (aspProj): Parameter(5, 300, 50)
  ), weights = ((5, 300, 50), (5, 150), (5, 250), (5, 350), (5, 50)), parameters = 79,000 (Trainable)
  (MSANR_RatingPred): MSANR_RatingPred(
    (userAspRepDropout): Dropout(p=0.9, inplace=False)
    (itemAspRepDropout): Dropout(p=0.9, inplace=False)
    (uid_userOffset): Embedding(535028, 1)
    (iid_itemOffset): Embedding(85685, 1)
    (globalOffset): Parameter(1,)
  ), weights = ((1,), (535028, 1), (85685, 1)), parameters = 620,714 (Trainable)
)
========================================================================================================================

[Epoch 1/5] Training Loss: 2.44353	Elapsed Time: 767.82s (0:12:47)
[Epoch 1] [Dev]  MSE: 1.39929, MAE: 0.94946
[Epoch 1] [Test] MSE: 1.40609, MAE: 0.95460

*** MODEL has obtained the best DEV MSE of 1.39929 so far!
*** The Best MODEL saved to "./__saved_models__/Pet_Supplies - MSANR/Pet_Supplies_MSANR_1234.pth"

[Epoch 2/5] Training Loss: 1.44988	Elapsed Time: 1,572.35s (0:26:12)
[Epoch 2] [Dev]  MSE: 1.40087, MAE: 0.90959
[Epoch 2] [Test] MSE: 1.40678, MAE: 0.91199

[Epoch 3/5] Training Loss: 1.34061	Elapsed Time: 2,377.33s (0:39:37)
[Epoch 3] [Dev]  MSE: 1.37401, MAE: 0.94434
[Epoch 3] [Test] MSE: 1.38409, MAE: 0.94915

*** MODEL has obtained the best DEV MSE of 1.37401 so far!
*** The Best MODEL saved to "./__saved_models__/Pet_Supplies - MSANR/Pet_Supplies_MSANR_1234.pth"

[Epoch 4/5] Training Loss: 1.25821	Elapsed Time: 3,182.35s (0:53:02)
[Epoch 4] [Dev]  MSE: 1.35325, MAE: 0.89558
[Epoch 4] [Test] MSE: 1.36386, MAE: 0.90085

*** MODEL has obtained the best DEV MSE of 1.35325 so far!
*** The Best MODEL saved to "./__saved_models__/Pet_Supplies - MSANR/Pet_Supplies_MSANR_1234.pth"

[Epoch 5/5] Training Loss: 1.31672	Elapsed Time: 3,988.19s (1:06:28)
[Epoch 5] [Dev]  MSE: 1.35650, MAE: 0.88767
[Epoch 5] [Test] MSE: 1.36800, MAE: 0.89289
*** The Last MODEL saved to "./__saved_models__/Pet_Supplies - MSANR/Pet_Supplies_MSANR_1234_5.pth"

[Training Loss]
[2.44353, 1.44988, 1.34061, 1.25821, 1.31672]

[Dev MSE]
[1.39929, 1.40087, 1.37401, 1.35325, 1.3565]
[Test MSE]
[1.40609, 1.40678, 1.38409, 1.36386, 1.368]
[Test MAE]
[0.9546, 0.91199, 0.94915, 0.90085, 0.89289]


Best Dev MSE: 1.35325 (Obtained during Evaluation #4)
Test MSE: 1.36386, Test MAE: 0.90085

End of Program! Elapsed Time: 4,083.21s (1:08:03)
