========================================================================================================================
  ARL_lr: 0.01
  ARL_path: 
  batch_size: 128
  channels_global: 100
  channels_local: 200
  command: -d Automotive -m MSANR -e 10 -dr 0.9 -WED 300 -p 1 -v 50000 -K 5 -h1 50 -h2 50 -output_size 50 -rs 1234 -gpu 0 -vb 1 -sm Automotive_MSANR
  ctx_win_size: 3
  dataset: Automotive
  disable_initial_eval: 0
  dropout_rate: 0.9
  epochs: 10
  filters_num: 100
  gpu: 0
  h1: 50
  h2: 50
  hidden_size: 500
  input_dir: ./datasets/Automotive/
  L2_reg: 1e-06
  learning_rate: 0.002
  loss_function: MSELoss
  max_doc_len: 500
  max_vis_len: 500
  model: MSANR
  num_aspects: 5
  optimizer: Adam
  out_dir: ./experimental_results/Automotive - MSANR/
  output_size: 50
  pretrained_src: 1
  random_seed: 1234
  save_model: Automotive_MSANR
  use_cuda: True
  verbose: 1
  vocab_size: 50000
  word_embed_dim: 300
========================================================================================================================

[INFO] # of Users: 561,942, # of Items: 233,577

Creating model (Selected Model: MSANR)..
[args.use_cuda: True] Model is on the GPU! (args.gpu: 0, torch.cuda.current_device(): 0)
Model created! Elapsed Time: 4.52s (0.08 minute)

Loading uid_userDoc from "./datasets/Automotive/Automotive_uid_userDoc.npy"..
uid_userDoc loaded! [uid_userDoc: (561942, 500)]

Loading iid_itemDoc from "./datasets/Automotive/Automotive_iid_itemDoc.npy"..
iid_itemDoc loaded! [iid_itemDoc: (233577, 500)]

Loading pretrained word embeddings from "./datasets/Automotive/Automotive_wed300_wid_wordEmbed.npy"..
Pretrained word embeddings loaded! [wid_wEmbed: (50002, 300)]

Initialization Complete.. Elapsed Time: 33.24s (0.55 minute)

Train/Dev/Test splits loaded! |TRAIN|: 800,000, |DEV|: 35,546, |TEST|: 35,690
Train/Dev/Test splits loaded! Elapsed Time: 33.52s (0.56 minute)

Performing initial evaluation for VALIDATION set..
[Initial] [Dev]  MSE: 20.05168, MAE: 4.33216

Performing initial evaluation for TESTING set..
[Initial] [Test] MSE: 20.02687, MAE: 4.32718

Initial Evaluation Complete.. Elapsed Time: 70.19s (1.17 minutes)

Parameters with L2 Regularization (Regularization Strength: 1e-06):
MSANR_RatingPred.uid_userOffset.weight, MSANR_RatingPred.iid_itemOffset.weight

Optimizer: Adam, Loss Function: MSELoss

Model Size: 413,636,870
# of Trainable Parameters: 876,770
MSANR (
  (uid_userDoc): Embedding(561942, 500), weights = ((561942, 500),), parameters = 280,971,000
  (iid_itemDoc): Embedding(233577, 500), weights = ((233577, 500),), parameters = 116,788,500
  (wid_wEmbed): Embedding(50002, 300), weights = ((50002, 300),), parameters = 15,000,600
  (MSANR_ARL): MSANR_ARL(
    (aspEmbed): ModuleList(
      (0): Embedding(5, 150)
      (1): Embedding(5, 250)
      (2): Embedding(5, 350)
      (3): Embedding(5, 450)
    )
    (filterEmbed): Embedding(5, 50)
    (aspProj): Parameter(5, 300, 50)
  ), weights = ((5, 300, 50), (5, 150), (5, 250), (5, 350), (5, 450), (5, 50)), parameters = 81,250 (Trainable)
  (MSANR_RatingPred): MSANR_RatingPred(
    (userAspRepDropout): Dropout(p=0.9, inplace=False)
    (itemAspRepDropout): Dropout(p=0.9, inplace=False)
    (uid_userOffset): Embedding(561942, 1)
    (iid_itemOffset): Embedding(233577, 1)
    (globalOffset): Parameter(1,)
  ), weights = ((1,), (561942, 1), (233577, 1)), parameters = 795,520 (Trainable)
)
========================================================================================================================

[Epoch 1/10] Training Loss: 2.45421	Elapsed Time: 1,066.71s (0:17:46)
[Epoch 1] [Dev]  MSE: 1.18484, MAE: 0.84803
[Epoch 1] [Test] MSE: 1.20221, MAE: 0.85173

*** MODEL has obtained the best DEV MSE of 1.18484 so far!
*** The Best MODEL saved to "./__saved_models__/Automotive - MSANR/Automotive_MSANR_1234.pth"

[Epoch 2/10] Training Loss: 1.34976	Elapsed Time: 2,169.89s (0:36:09)
[Epoch 2] [Dev]  MSE: 1.14695, MAE: 0.79366
[Epoch 2] [Test] MSE: 1.16432, MAE: 0.79719

*** MODEL has obtained the best DEV MSE of 1.14695 so far!
*** The Best MODEL saved to "./__saved_models__/Automotive - MSANR/Automotive_MSANR_1234.pth"

[Epoch 3/10] Training Loss: 1.22995	Elapsed Time: 3,273.01s (0:54:33)
[Epoch 3] [Dev]  MSE: 1.14377, MAE: 0.80365
[Epoch 3] [Test] MSE: 1.15767, MAE: 0.80597

*** MODEL has obtained the best DEV MSE of 1.14377 so far!
*** The Best MODEL saved to "./__saved_models__/Automotive - MSANR/Automotive_MSANR_1234.pth"

[Epoch 4/10] Training Loss: 1.16112	Elapsed Time: 4,376.26s (1:12:56)
[Epoch 4] [Dev]  MSE: 1.15163, MAE: 0.81304
[Epoch 4] [Test] MSE: 1.16556, MAE: 0.81550

[Epoch 5/10] Training Loss: 1.18468	Elapsed Time: 5,479.38s (1:31:19)
[Epoch 5] [Dev]  MSE: 1.15204, MAE: 0.80108
[Epoch 5] [Test] MSE: 1.16500, MAE: 0.80277

[Epoch 6/10] Training Loss: 14085.69336	Elapsed Time: 6,582.65s (1:49:42)
[Epoch 6] [Dev]  MSE: 1.65703, MAE: 0.95580
[Epoch 6] [Test] MSE: 1.64928, MAE: 0.95190

[Epoch 7/10] Training Loss: 1.68153	Elapsed Time: 7,685.90s (2:08:05)
[Epoch 7] [Dev]  MSE: 1.19789, MAE: 0.81270
[Epoch 7] [Test] MSE: 1.20847, MAE: 0.81293

[Epoch 8/10] Training Loss: 1.05856	Elapsed Time: 8,789.10s (2:26:29)
[Epoch 8] [Dev]  MSE: 1.17154, MAE: 0.79397
[Epoch 8] [Test] MSE: 1.18377, MAE: 0.79468

[Epoch 9/10] Training Loss: 1.01880	Elapsed Time: 9,892.52s (2:44:52)
[Epoch 9] [Dev]  MSE: 1.17360, MAE: 0.79396
[Epoch 9] [Test] MSE: 1.18556, MAE: 0.79504

[Epoch 10/10] Training Loss: 0.99418	Elapsed Time: 10,995.77s (3:03:15)
[Epoch 10] [Dev]  MSE: 1.17674, MAE: 0.79711
[Epoch 10] [Test] MSE: 1.18989, MAE: 0.79820
*** The Last MODEL saved to "./__saved_models__/Automotive - MSANR/Automotive_MSANR_1234_10.pth"

[Training Loss]
[2.45421, 1.34976, 1.22995, 1.16112, 1.18468, 14085.69336, 1.68153, 1.05856, 1.0188, 0.99418]

[Dev MSE]
[1.18484, 1.14695, 1.14377, 1.15163, 1.15204, 1.65703, 1.19789, 1.17154, 1.1736, 1.17674]
[Test MSE]
[1.20221, 1.16432, 1.15767, 1.16556, 1.165, 1.64928, 1.20847, 1.18377, 1.18556, 1.18989]
[Test MAE]
[0.85173, 0.79719, 0.80597, 0.8155, 0.80277, 0.9519, 0.81293, 0.79468, 0.79504, 0.7982]


Best Dev MSE: 1.14377 (Obtained during Evaluation #3)
Test MSE: 1.15767, Test MAE: 0.80597

End of Program! Elapsed Time: 11,102.57s (3:05:02)
