========================================================================================================================
  ARL_lr: 0.01
  ARL_path: 
  batch_size: 128
  channels_global: 100
  channels_local: 200
  command: -d Cell_Phones_and_Accessories -m DeepCoNN -e 10 -dr 0.9 -WED 300 -p 1 -v 50000 -K 5 -h1 50 -h2 50 -filters_num 100 -output_size 50 -rs 1234 -gpu 0 -vb 1 -sm Cell_Phones_and_Accessories_DeepCoNN
  ctx_win_size: 3
  dataset: Cell_Phones_and_Accessories
  disable_initial_eval: 0
  dropout_rate: 0.9
  epochs: 10
  filters_num: 100
  gpu: 0
  h1: 50
  h2: 50
  hidden_size: 500
  input_dir: ./datasets/Cell_Phones_and_Accessories/
  L2_reg: 1e-06
  learning_rate: 0.002
  loss_function: MSELoss
  max_doc_len: 500
  max_vis_len: 500
  model: DeepCoNN
  num_aspects: 5
  optimizer: Adam
  out_dir: ./experimental_results/Cell_Phones_and_Accessories - DeepCoNN/
  output_size: 50
  pretrained_src: 1
  random_seed: 1234
  save_model: Cell_Phones_and_Accessories_DeepCoNN
  use_cuda: True
  verbose: 1
  vocab_size: 50000
  word_embed_dim: 300
========================================================================================================================

[INFO] # of Users: 687,583, # of Items: 148,399

Creating model (Selected Model: DeepCoNN)..
[args.use_cuda: True] Model is on the GPU! (args.gpu: 0, torch.cuda.current_device(): 0)
Model created! Elapsed Time: 4.61s (0.08 minute)

Loading uid_userDoc from "./datasets/Cell_Phones_and_Accessories/Cell_Phones_and_Accessories_uid_userDoc.npy"..
uid_userDoc loaded! [uid_userDoc: (687583, 500)]

Loading iid_itemDoc from "./datasets/Cell_Phones_and_Accessories/Cell_Phones_and_Accessories_iid_itemDoc.npy"..
iid_itemDoc loaded! [iid_itemDoc: (148399, 500)]

Loading pretrained word embeddings from "./datasets/Cell_Phones_and_Accessories/Cell_Phones_and_Accessories_wed300_wid_wordEmbed.npy"..
Pretrained word embeddings loaded! [wid_wEmbed: (50002, 300)]

Initialization Complete.. Elapsed Time: 27.99s (0.47 minute)

Train/Dev/Test splits loaded! |TRAIN|: 800,000, |DEV|: 21,045, |TEST|: 21,154
Train/Dev/Test splits loaded! Elapsed Time: 28.21s (0.47 minute)

Performing initial evaluation for VALIDATION set..
[Initial] [Dev]  MSE: 14.69155, MAE: 3.59515

Performing initial evaluation for TESTING set..
[Initial] [Test] MSE: 14.71292, MAE: 3.60014

Initial Evaluation Complete.. Elapsed Time: 31.73s (0.53 minute)

Optimizer: Adam, Loss Function: MSELoss

Model Size: 434,017,883
# of Trainable Parameters: 1,026,283
DeepCoNN (
  (uid_userDoc): Embedding(687583, 500), weights = ((687583, 500),), parameters = 343,791,500
  (iid_itemDoc): Embedding(148399, 500), weights = ((148399, 500),), parameters = 74,199,500
  (wid_wEmbed): Embedding(50002, 300), weights = ((50002, 300),), parameters = 15,000,600
  (user_CNN): Conv2d(1, 100, kernel_size=(3, 300), stride=(1, 1)), weights = ((100, 1, 3, 300), (100,)), parameters = 90,100 (Trainable)
  (item_CNN): Conv2d(1, 100, kernel_size=(3, 300), stride=(1, 1)), weights = ((100, 1, 3, 300), (100,)), parameters = 90,100 (Trainable)
  (user_fcLayer): Linear(in_features=100, out_features=50, bias=True), weights = ((50, 100), (50,)), parameters = 5,050 (Trainable)
  (item_fcLayer): Linear(in_features=100, out_features=50, bias=True), weights = ((50, 100), (50,)), parameters = 5,050 (Trainable)
  (userDropout): Dropout(p=0.9, inplace=False), weights = (), parameters = 0
  (itemDropout): Dropout(p=0.9, inplace=False), weights = (), parameters = 0
  (DeepCoNN_RatingPred): DeepCoNN_RatingPred(
    (uid_userOffset): Embedding(687583, 1)
    (iid_itemOffset): Embedding(148399, 1)
    (globalOffset): Parameter(1,)
  ), weights = ((1,), (687583, 1), (148399, 1)), parameters = 835,983 (Trainable)
)
========================================================================================================================

[Epoch 1/10] Training Loss: 3.00671	Elapsed Time: 123.80s (0:02:03)
[Epoch 1] [Dev]  MSE: 1.67012, MAE: 1.08015
[Epoch 1] [Test] MSE: 1.66123, MAE: 1.07823

*** MODEL has obtained the best DEV MSE of 1.67012 so far!
*** The Best MODEL saved to "./__saved_models__/Cell_Phones_and_Accessories - DeepCoNN/Cell_Phones_and_Accessories_DeepCoNN_1234.pth"

[Epoch 2/10] Training Loss: 1.55843	Elapsed Time: 251.16s (0:04:11)
[Epoch 2] [Dev]  MSE: 1.63152, MAE: 1.04498
[Epoch 2] [Test] MSE: 1.62330, MAE: 1.04327

*** MODEL has obtained the best DEV MSE of 1.63152 so far!
*** The Best MODEL saved to "./__saved_models__/Cell_Phones_and_Accessories - DeepCoNN/Cell_Phones_and_Accessories_DeepCoNN_1234.pth"

[Epoch 3/10] Training Loss: 1.40160	Elapsed Time: 378.54s (0:06:18)
[Epoch 3] [Dev]  MSE: 1.62096, MAE: 1.01726
[Epoch 3] [Test] MSE: 1.61120, MAE: 1.01617

*** MODEL has obtained the best DEV MSE of 1.62096 so far!
*** The Best MODEL saved to "./__saved_models__/Cell_Phones_and_Accessories - DeepCoNN/Cell_Phones_and_Accessories_DeepCoNN_1234.pth"

[Epoch 4/10] Training Loss: 1.27070	Elapsed Time: 505.90s (0:08:25)
[Epoch 4] [Dev]  MSE: 1.63868, MAE: 1.02594
[Epoch 4] [Test] MSE: 1.62904, MAE: 1.02452

[Epoch 5/10] Training Loss: 1.16095	Elapsed Time: 633.87s (0:10:33)
[Epoch 5] [Dev]  MSE: 1.66659, MAE: 1.03830
[Epoch 5] [Test] MSE: 1.66153, MAE: 1.03780

[Epoch 6/10] Training Loss: 1.06380	Elapsed Time: 761.89s (0:12:41)
[Epoch 6] [Dev]  MSE: 1.67783, MAE: 1.03216
[Epoch 6] [Test] MSE: 1.66998, MAE: 1.03152

[Epoch 7/10] Training Loss: 0.97686	Elapsed Time: 889.93s (0:14:49)
[Epoch 7] [Dev]  MSE: 1.71003, MAE: 1.02658
[Epoch 7] [Test] MSE: 1.69823, MAE: 1.02586

[Epoch 8/10] Training Loss: 0.89806	Elapsed Time: 1,018.07s (0:16:58)
[Epoch 8] [Dev]  MSE: 1.71711, MAE: 1.03105
[Epoch 8] [Test] MSE: 1.70723, MAE: 1.02984

[Epoch 9/10] Training Loss: 0.82768	Elapsed Time: 1,146.07s (0:19:06)
[Epoch 9] [Dev]  MSE: 1.74846, MAE: 1.03588
[Epoch 9] [Test] MSE: 1.73669, MAE: 1.03388

[Epoch 10/10] Training Loss: 0.76291	Elapsed Time: 1,274.06s (0:21:14)
[Epoch 10] [Dev]  MSE: 1.77217, MAE: 1.03614
[Epoch 10] [Test] MSE: 1.76130, MAE: 1.03476
*** The Last MODEL saved to "./__saved_models__/Cell_Phones_and_Accessories - DeepCoNN/Cell_Phones_and_Accessories_DeepCoNN_1234_10.pth"

[Training Loss]
[3.00671, 1.55843, 1.4016, 1.2707, 1.16095, 1.0638, 0.97686, 0.89806, 0.82768, 0.76291]

[Dev MSE]
[1.67012, 1.63152, 1.62096, 1.63868, 1.66659, 1.67783, 1.71003, 1.71711, 1.74846, 1.77217]
[Test MSE]
[1.66123, 1.6233, 1.6112, 1.62904, 1.66153, 1.66998, 1.69823, 1.70723, 1.73669, 1.7613]
[Test MAE]
[1.07823, 1.04327, 1.01617, 1.02452, 1.0378, 1.03152, 1.02586, 1.02984, 1.03388, 1.03476]


Best Dev MSE: 1.62096 (Obtained during Evaluation #3)
Test MSE: 1.61120, Test MAE: 1.01617

End of Program! Elapsed Time: 1,309.24s (0:21:49)
