========================================================================================================================
  ARL_lr: 0.01
  ARL_path: 
  batch_size: 128
  channels_global: 100
  channels_local: 200
  command: -d Pet_Supplies -m DeepCoNN -e 10 -dr 0.5 -p 1 -v 50000 -K 5 -h1 10 -h2 50 -filters_num 100 -output_size 50 -rs 1234 -gpu 0 -vb 1 -sm Pet_Supplies_DeepCoNN
  ctx_win_size: 3
  dataset: Pet_Supplies
  disable_initial_eval: 0
  dropout_rate: 0.5
  epochs: 10
  filters_num: 100
  gpu: 0
  h1: 10
  h2: 50
  hidden_size: 500
  input_dir: ./datasets/Pet_Supplies/
  L2_reg: 1e-06
  learning_rate: 0.002
  loss_function: MSELoss
  max_doc_len: 500
  max_vis_len: 500
  model: DeepCoNN
  num_aspects: 5
  optimizer: Adam
  out_dir: ./experimental_results/Pet_Supplies - DeepCoNN/
  output_size: 50
  pretrained_src: 1
  random_seed: 1234
  save_model: Pet_Supplies_DeepCoNN
  use_cuda: True
  verbose: 1
  vocab_size: 50000
  word_embed_dim: 300
========================================================================================================================

[INFO] # of Users: 535,028, # of Items: 85,685

Creating model (Selected Model: DeepCoNN)..
[args.use_cuda: True] Model is on the GPU! (args.gpu: 0, torch.cuda.current_device(): 0)
Model created! Elapsed Time: 3.79s (0.06 minute)

Loading uid_userDoc from "./datasets/Pet_Supplies/Pet_Supplies_uid_userDoc.npy"..
uid_userDoc loaded! [uid_userDoc: (535028, 500)]

Loading iid_itemDoc from "./datasets/Pet_Supplies/Pet_Supplies_iid_itemDoc.npy"..
iid_itemDoc loaded! [iid_itemDoc: (85685, 500)]

Loading pretrained word embeddings from "./datasets/Pet_Supplies/Pet_Supplies_wid_wordEmbed.npy"..
Pretrained word embeddings loaded! [wid_wEmbed: (50002, 300)]

Initialization Complete.. Elapsed Time: 24.64s (0.41 minute)

Train/Dev/Test splits loaded! |TRAIN|: 800,000, |DEV|: 46,037, |TEST|: 46,223
Train/Dev/Test splits loaded! Elapsed Time: 24.90s (0.42 minute)

Performing initial evaluation for VALIDATION set..
[Initial] [Dev]  MSE: 16.02664, MAE: 3.80552

Performing initial evaluation for TESTING set..
[Initial] [Test] MSE: 16.05813, MAE: 3.80914

Initial Evaluation Complete.. Elapsed Time: 32.44s (0.54 minute)

Optimizer: Adam, Loss Function: MSELoss

Model Size: 326,168,114
# of Trainable Parameters: 811,014
DeepCoNN (
  (uid_userDoc): Embedding(535028, 500), weights = ((535028, 500),), parameters = 267,514,000
  (iid_itemDoc): Embedding(85685, 500), weights = ((85685, 500),), parameters = 42,842,500
  (wid_wEmbed): Embedding(50002, 300), weights = ((50002, 300),), parameters = 15,000,600
  (user_CNN): Conv2d(1, 100, kernel_size=(3, 300), stride=(1, 1)), weights = ((100, 1, 3, 300), (100,)), parameters = 90,100 (Trainable)
  (item_CNN): Conv2d(1, 100, kernel_size=(3, 300), stride=(1, 1)), weights = ((100, 1, 3, 300), (100,)), parameters = 90,100 (Trainable)
  (user_fcLayer): Linear(in_features=100, out_features=50, bias=True), weights = ((50, 100), (50,)), parameters = 5,050 (Trainable)
  (item_fcLayer): Linear(in_features=100, out_features=50, bias=True), weights = ((50, 100), (50,)), parameters = 5,050 (Trainable)
  (userDropout): Dropout(p=0.5, inplace=False), weights = (), parameters = 0
  (itemDropout): Dropout(p=0.5, inplace=False), weights = (), parameters = 0
  (DeepCoNN_RatingPred): DeepCoNN_RatingPred(
    (uid_userOffset): Embedding(535028, 1)
    (iid_itemOffset): Embedding(85685, 1)
    (globalOffset): Parameter(1,)
  ), weights = ((1,), (535028, 1), (85685, 1)), parameters = 620,714 (Trainable)
)
========================================================================================================================

[Epoch 1/10] Training Loss: 1.34124	Elapsed Time: 123.80s (0:02:03)
[Epoch 1] [Dev]  MSE: 1.65399, MAE: 0.94473
[Epoch 1] [Test] MSE: 1.66106, MAE: 0.94592

*** MODEL has obtained the best DEV MSE of 1.65399 so far!
*** The Best MODEL saved to "./__saved_models__/Pet_Supplies - DeepCoNN/Pet_Supplies_DeepCoNN_1234.pth"

[Epoch 2/10] Training Loss: 0.93251	Elapsed Time: 255.31s (0:04:15)
[Epoch 2] [Dev]  MSE: 1.64482, MAE: 0.96171
[Epoch 2] [Test] MSE: 1.65384, MAE: 0.96468

*** MODEL has obtained the best DEV MSE of 1.64482 so far!
*** The Best MODEL saved to "./__saved_models__/Pet_Supplies - DeepCoNN/Pet_Supplies_DeepCoNN_1234.pth"

[Epoch 3/10] Training Loss: 0.84181	Elapsed Time: 387.95s (0:06:27)
[Epoch 3] [Dev]  MSE: 1.63484, MAE: 0.93224
[Epoch 3] [Test] MSE: 1.64018, MAE: 0.93265

*** MODEL has obtained the best DEV MSE of 1.63484 so far!
*** The Best MODEL saved to "./__saved_models__/Pet_Supplies - DeepCoNN/Pet_Supplies_DeepCoNN_1234.pth"

[Epoch 4/10] Training Loss: 0.77781	Elapsed Time: 520.84s (0:08:40)
[Epoch 4] [Dev]  MSE: 1.66617, MAE: 0.96304
[Epoch 4] [Test] MSE: 1.68007, MAE: 0.96699

[Epoch 5/10] Training Loss: 0.72596	Elapsed Time: 653.75s (0:10:53)
[Epoch 5] [Dev]  MSE: 1.55088, MAE: 0.93276
[Epoch 5] [Test] MSE: 1.56384, MAE: 0.93611

*** MODEL has obtained the best DEV MSE of 1.55088 so far!
*** The Best MODEL saved to "./__saved_models__/Pet_Supplies - DeepCoNN/Pet_Supplies_DeepCoNN_1234.pth"

[Epoch 6/10] Training Loss: 0.68323	Elapsed Time: 786.61s (0:13:06)
[Epoch 6] [Dev]  MSE: 1.57188, MAE: 0.91968
[Epoch 6] [Test] MSE: 1.58587, MAE: 0.92272

[Epoch 7/10] Training Loss: 0.64704	Elapsed Time: 919.44s (0:15:19)
[Epoch 7] [Dev]  MSE: 1.66100, MAE: 0.93379
[Epoch 7] [Test] MSE: 1.67155, MAE: 0.93660

[Epoch 8/10] Training Loss: 0.61675	Elapsed Time: 1,052.28s (0:17:32)
[Epoch 8] [Dev]  MSE: 1.61125, MAE: 0.91600
[Epoch 8] [Test] MSE: 1.62330, MAE: 0.91911

[Epoch 9/10] Training Loss: 0.58936	Elapsed Time: 1,185.18s (0:19:45)
[Epoch 9] [Dev]  MSE: 1.58164, MAE: 0.92209
[Epoch 9] [Test] MSE: 1.59338, MAE: 0.92497

[Epoch 10/10] Training Loss: 0.56611	Elapsed Time: 1,318.04s (0:21:58)
[Epoch 10] [Dev]  MSE: 1.61353, MAE: 0.91762
[Epoch 10] [Test] MSE: 1.62724, MAE: 0.92017
*** The Last MODEL saved to "./__saved_models__/Pet_Supplies - DeepCoNN/Pet_Supplies_DeepCoNN_1234_10.pth"

[Training Loss]
[1.34124, 0.93251, 0.84181, 0.77781, 0.72596, 0.68323, 0.64704, 0.61675, 0.58936, 0.56611]

[Dev MSE]
[1.65399, 1.64482, 1.63484, 1.66617, 1.55088, 1.57188, 1.661, 1.61125, 1.58164, 1.61353]
[Test MSE]
[1.66106, 1.65384, 1.64018, 1.68007, 1.56384, 1.58587, 1.67155, 1.6233, 1.59338, 1.62724]
[Test MAE]
[0.94592, 0.96468, 0.93265, 0.96699, 0.93611, 0.92272, 0.9366, 0.91911, 0.92497, 0.92017]


Best Dev MSE: 1.55088 (Obtained during Evaluation #5)
Test MSE: 1.56384, Test MAE: 0.93611

End of Program! Elapsed Time: 1,357.96s (0:22:37)
