========================================================================================================================
  ARL_lr: 0.01
  ARL_path: 
  batch_size: 128
  channels_global: 100
  channels_local: 200
  command: -d Health_and_Personal_Care -m DeepCoNN -e 10 -dr 0.5 -p 1 -v 50000 -K 5 -h1 10 -h2 50 -filters_num 100 -output_size 50 -rs 1234 -gpu 0 -vb 1 -sm Health_and_Personal_Care_DeepCoNN
  ctx_win_size: 3
  dataset: Health_and_Personal_Care
  disable_initial_eval: 0
  dropout_rate: 0.5
  epochs: 10
  filters_num: 100
  gpu: 0
  h1: 10
  h2: 50
  hidden_size: 500
  input_dir: ./datasets/Health_and_Personal_Care/
  L2_reg: 1e-06
  learning_rate: 0.002
  loss_function: MSELoss
  max_doc_len: 500
  max_vis_len: 500
  model: DeepCoNN
  num_aspects: 5
  optimizer: Adam
  out_dir: ./experimental_results/Health_and_Personal_Care - DeepCoNN/
  output_size: 50
  pretrained_src: 1
  random_seed: 1234
  save_model: Health_and_Personal_Care_DeepCoNN
  use_cuda: True
  verbose: 1
  vocab_size: 50000
  word_embed_dim: 300
========================================================================================================================

[INFO] # of Users: 640,558, # of Items: 140,129

Creating model (Selected Model: DeepCoNN)..
[args.use_cuda: True] Model is on the GPU! (args.gpu: 0, torch.cuda.current_device(): 0)
Model created! Elapsed Time: 4.42s (0.07 minute)

Loading uid_userDoc from "./datasets/Health_and_Personal_Care/Health_and_Personal_Care_uid_userDoc.npy"..
uid_userDoc loaded! [uid_userDoc: (640558, 500)]

Loading iid_itemDoc from "./datasets/Health_and_Personal_Care/Health_and_Personal_Care_iid_itemDoc.npy"..
iid_itemDoc loaded! [iid_itemDoc: (140129, 500)]

Loading pretrained word embeddings from "./datasets/Health_and_Personal_Care/Health_and_Personal_Care_wid_wordEmbed.npy"..
Pretrained word embeddings loaded! [wid_wEmbed: (50002, 300)]

Initialization Complete.. Elapsed Time: 29.29s (0.49 minute)

Train/Dev/Test splits loaded! |TRAIN|: 800,000, |DEV|: 28,579, |TEST|: 28,406
Train/Dev/Test splits loaded! Elapsed Time: 29.56s (0.49 minute)

Performing initial evaluation for VALIDATION set..
[Initial] [Dev]  MSE: 14.30672, MAE: 3.57820

Performing initial evaluation for TESTING set..
[Initial] [Test] MSE: 14.39654, MAE: 3.59509

Initial Evaluation Complete.. Elapsed Time: 34.30s (0.57 minute)

Optimizer: Adam, Loss Function: MSELoss

Model Size: 406,315,088
# of Trainable Parameters: 970,988
DeepCoNN (
  (uid_userDoc): Embedding(640558, 500), weights = ((640558, 500),), parameters = 320,279,000
  (iid_itemDoc): Embedding(140129, 500), weights = ((140129, 500),), parameters = 70,064,500
  (wid_wEmbed): Embedding(50002, 300), weights = ((50002, 300),), parameters = 15,000,600
  (user_CNN): Conv2d(1, 100, kernel_size=(3, 300), stride=(1, 1)), weights = ((100, 1, 3, 300), (100,)), parameters = 90,100 (Trainable)
  (item_CNN): Conv2d(1, 100, kernel_size=(3, 300), stride=(1, 1)), weights = ((100, 1, 3, 300), (100,)), parameters = 90,100 (Trainable)
  (user_fcLayer): Linear(in_features=100, out_features=50, bias=True), weights = ((50, 100), (50,)), parameters = 5,050 (Trainable)
  (item_fcLayer): Linear(in_features=100, out_features=50, bias=True), weights = ((50, 100), (50,)), parameters = 5,050 (Trainable)
  (userDropout): Dropout(p=0.5, inplace=False), weights = (), parameters = 0
  (itemDropout): Dropout(p=0.5, inplace=False), weights = (), parameters = 0
  (DeepCoNN_RatingPred): DeepCoNN_RatingPred(
    (uid_userOffset): Embedding(640558, 1)
    (iid_itemOffset): Embedding(140129, 1)
    (globalOffset): Parameter(1,)
  ), weights = ((1,), (640558, 1), (140129, 1)), parameters = 780,688 (Trainable)
)
========================================================================================================================

[Epoch 1/10] Training Loss: 1.26024	Elapsed Time: 124.27s (0:02:04)
[Epoch 1] [Dev]  MSE: 1.68513, MAE: 0.93872
[Epoch 1] [Test] MSE: 1.67444, MAE: 0.93389

*** MODEL has obtained the best DEV MSE of 1.68513 so far!
*** The Best MODEL saved to "./__saved_models__/Health_and_Personal_Care - DeepCoNN/Health_and_Personal_Care_DeepCoNN_1234.pth"

[Epoch 2/10] Training Loss: 0.83870	Elapsed Time: 253.33s (0:04:13)
[Epoch 2] [Dev]  MSE: 1.62924, MAE: 0.92337
[Epoch 2] [Test] MSE: 1.62362, MAE: 0.92045

*** MODEL has obtained the best DEV MSE of 1.62924 so far!
*** The Best MODEL saved to "./__saved_models__/Health_and_Personal_Care - DeepCoNN/Health_and_Personal_Care_DeepCoNN_1234.pth"

[Epoch 3/10] Training Loss: 0.73830	Elapsed Time: 382.38s (0:06:22)
[Epoch 3] [Dev]  MSE: 1.67287, MAE: 0.93713
[Epoch 3] [Test] MSE: 1.66788, MAE: 0.93526

[Epoch 4/10] Training Loss: 0.66521	Elapsed Time: 511.41s (0:08:31)
[Epoch 4] [Dev]  MSE: 1.60241, MAE: 0.90139
[Epoch 4] [Test] MSE: 1.59192, MAE: 0.89635

*** MODEL has obtained the best DEV MSE of 1.60241 so far!
*** The Best MODEL saved to "./__saved_models__/Health_and_Personal_Care - DeepCoNN/Health_and_Personal_Care_DeepCoNN_1234.pth"

[Epoch 5/10] Training Loss: 0.60581	Elapsed Time: 640.46s (0:10:40)
[Epoch 5] [Dev]  MSE: 1.61584, MAE: 0.93584
[Epoch 5] [Test] MSE: 1.61291, MAE: 0.93342

[Epoch 6/10] Training Loss: 0.55573	Elapsed Time: 769.47s (0:12:49)
[Epoch 6] [Dev]  MSE: 1.54514, MAE: 0.88920
[Epoch 6] [Test] MSE: 1.53081, MAE: 0.88333

*** MODEL has obtained the best DEV MSE of 1.54514 so far!
*** The Best MODEL saved to "./__saved_models__/Health_and_Personal_Care - DeepCoNN/Health_and_Personal_Care_DeepCoNN_1234.pth"

[Epoch 7/10] Training Loss: 0.51387	Elapsed Time: 898.53s (0:14:58)
[Epoch 7] [Dev]  MSE: 1.63826, MAE: 0.91613
[Epoch 7] [Test] MSE: 1.62921, MAE: 0.91245

[Epoch 8/10] Training Loss: 0.47636	Elapsed Time: 1,027.56s (0:17:07)
[Epoch 8] [Dev]  MSE: 1.65510, MAE: 0.93474
[Epoch 8] [Test] MSE: 1.64584, MAE: 0.93100

[Epoch 9/10] Training Loss: 0.44600	Elapsed Time: 1,156.52s (0:19:16)
[Epoch 9] [Dev]  MSE: 1.66366, MAE: 0.91526
[Epoch 9] [Test] MSE: 1.64707, MAE: 0.90934

[Epoch 10/10] Training Loss: 0.41869	Elapsed Time: 1,285.53s (0:21:25)
[Epoch 10] [Dev]  MSE: 1.64045, MAE: 0.91800
[Epoch 10] [Test] MSE: 1.62700, MAE: 0.91297
*** The Last MODEL saved to "./__saved_models__/Health_and_Personal_Care - DeepCoNN/Health_and_Personal_Care_DeepCoNN_1234_10.pth"

[Training Loss]
[1.26024, 0.8387, 0.7383, 0.66521, 0.60581, 0.55573, 0.51387, 0.47636, 0.446, 0.41869]

[Dev MSE]
[1.68513, 1.62924, 1.67287, 1.60241, 1.61584, 1.54514, 1.63826, 1.6551, 1.66366, 1.64045]
[Test MSE]
[1.67444, 1.62362, 1.66788, 1.59192, 1.61291, 1.53081, 1.62921, 1.64584, 1.64707, 1.627]
[Test MAE]
[0.93389, 0.92045, 0.93526, 0.89635, 0.93342, 0.88333, 0.91245, 0.931, 0.90934, 0.91297]


Best Dev MSE: 1.54514 (Obtained during Evaluation #6)
Test MSE: 1.53081, Test MAE: 0.88333

End of Program! Elapsed Time: 1,324.43s (0:22:04)
