========================================================================================================================
  ARL_lr: 0.01
  ARL_path: 
  batch_size: 128
  channels_global: 10
  channels_local: 10
  command: -d Beauty -m VANRA -e 15 -dr 0.9 -p 1 -v 50000 -K 5 -h1 10 -h2 50 -c_local 10 -c_global 10 -hiden_size 100 -output_size 50 -rs 1234 -gpu 0 -vb 1 -sm Beauty_VANRA
  ctx_win_size: 3
  dataset: Beauty
  disable_initial_eval: 0
  dropout_rate: 0.9
  epochs: 15
  gpu: 0
  h1: 10
  h2: 50
  hidden_size: 100
  input_dir: ./datasets/Beauty/
  L2_reg: 1e-06
  learning_rate: 0.002
  loss_function: MSELoss
  max_doc_len: 500
  max_vis_len: 500
  model: VANRA
  num_aspects: 5
  optimizer: Adam
  out_dir: ./experimental_results/Beauty - VANRA/
  output_size: 50
  pretrained_src: 1
  random_seed: 1234
  save_model: Beauty_VANRA
  use_cuda: True
  verbose: 1
  vocab_size: 50000
  word_embed_dim: 300
========================================================================================================================

[INFO] # of Users: 588,069, # of Items: 161,739

Creating model (Selected Model: VANRA)..
[args.use_cuda: True] Model is on the GPU! (args.gpu: 0, torch.cuda.current_device(): 0)
Model created! Elapsed Time: 8.80s (0.15 minute)

Loading uid_userDoc from "./datasets/Beauty/Beauty_uid_userDoc.npy"..
uid_userDoc loaded! [uid_userDoc: (588069, 500)]

Loading iid_itemDoc from "./datasets/Beauty/Beauty_iid_itemDoc.npy"..
iid_itemDoc loaded! [iid_itemDoc: (161739, 500)]

Loading pretrained word embeddings from "./datasets/Beauty/Beauty_wid_wordEmbed.npy"..
Pretrained word embeddings loaded! [wid_wEmbed: (50002, 300)]

Loading uid_userVis from "./datasets/Beauty/Beauty_uid_userVis.npy"..
uid_userVis loaded! [uid_userVis: (588069, 500)]

Loading iid_itemVis from "./datasets/Beauty/Beauty_iid_itemVis.npy"..
iid_itemVis loaded! [iid_itemVis: (161739, 500)]

Initialization Complete.. Elapsed Time: 63.58s (1.06 minutes)

Train/Dev/Test splits loaded! |TRAIN|: 800,000, |DEV|: 35,826, |TEST|: 35,569
Train/Dev/Test splits loaded! Elapsed Time: 63.88s (1.06 minutes)

Performing initial evaluation for VALIDATION set..
[Initial] [Dev]  MSE: 19.14456, MAE: 4.19926

Performing initial evaluation for TESTING set..
[Initial] [Test] MSE: 19.20176, MAE: 4.20898

Initial Evaluation Complete.. Elapsed Time: 71.19s (1.19 minutes)

Parameters with L2 Regularization (Regularization Strength: 1e-06):
VANRA_RatingPred.uid_userOffset.weight, VANRA_RatingPred.iid_itemOffset.weight

Optimizer: Adam, Loss Function: MSELoss

Model Size: 765,685,067
# of Trainable Parameters: 876,467
VANRA (
  (uid_userDoc): Embedding(588069, 500), weights = ((588069, 500),), parameters = 294,034,500
  (iid_itemDoc): Embedding(161739, 500), weights = ((161739, 500),), parameters = 80,869,500
  (wid_wEmbed): Embedding(50002, 300), weights = ((50002, 300),), parameters = 15,000,600
  (uid_userVis): Embedding(588069, 500), weights = ((588069, 500),), parameters = 294,034,500
  (iid_itemVis): Embedding(161739, 500), weights = ((161739, 500),), parameters = 80,869,500
  (shared_ANR_ARL): ANR_ARL(
    (aspEmbed): Embedding(5, 30)
    (aspProj): Parameter(5, 300, 10)
  ), weights = ((5, 300, 10), (5, 30)), parameters = 15,150 (Trainable)
  (ANR_AIE): ANR_AIE(  (W_a): Parameter(10, 10)
    (W_u): Parameter(50, 10)
    (w_hu): Parameter(50, 1)
    (W_i): Parameter(50, 10)
    (w_hi): Parameter(50, 1)
  ), weights = ((10, 10), (50, 10), (50, 1), (50, 10), (50, 1)), parameters = 1,200 (Trainable)
  (VANRA_VRL): VANRA_VRL(
    (localAttentionLayer_user): LocalAttention(
      (attention_layer): Sequential(
        (0): Conv2d(1, 1, kernel_size=(3, 1), stride=(1, 1))
        (1): Softmax(dim=2)
      )
      (fcLayer): Sequential(
        (0): Linear(in_features=500, out_features=100, bias=True)
        (1): Dropout(p=0.9, inplace=False)
        (2): ReLU()
        (3): Linear(in_features=100, out_features=50, bias=True)
      )
    )
    (localAttentionLayer_item): LocalAttention(
      (attention_layer): Sequential(
        (0): Conv2d(1, 1, kernel_size=(3, 1), stride=(1, 1))
        (1): Softmax(dim=2)
      )
      (fcLayer): Sequential(
        (0): Linear(in_features=500, out_features=100, bias=True)
        (1): Dropout(p=0.9, inplace=False)
        (2): ReLU()
        (3): Linear(in_features=100, out_features=50, bias=True)
      )
    )
  ), weights = ((1, 1, 3, 1), (1,), (100, 500), (100,), (50, 100), (50,), (1, 1, 3, 1), (1,), (100, 500), (100,), (50, 100), (50,)), parameters = 110,308 (Trainable)
  (VANRA_RatingPred): VANRA_RatingPred(
    (userAspRepDropout): Dropout(p=0.9, inplace=False)
    (itemAspRepDropout): Dropout(p=0.9, inplace=False)
    (uid_userOffset): Embedding(588069, 1)
    (iid_itemOffset): Embedding(161739, 1)
    (globalOffset): Parameter(1,)
  ), weights = ((1,), (588069, 1), (161739, 1)), parameters = 749,809 (Trainable)
)
========================================================================================================================

[Epoch 1/15] Training Loss: 1.85031	Elapsed Time: 168.93s (0:02:48)
[Epoch 1] [Dev]  MSE: 1.40666, MAE: 0.94078
[Epoch 1] [Test] MSE: 1.38355, MAE: 0.93423

*** MODEL has obtained the best DEV MSE of 1.40666 so far!
*** The Best MODEL saved to "./__saved_models__/Beauty - VANRA/Beauty_VANRA_1234.pth"

[Epoch 2/15] Training Loss: 1.47447	Elapsed Time: 343.60s (0:05:43)
[Epoch 2] [Dev]  MSE: 1.38163, MAE: 0.92127
[Epoch 2] [Test] MSE: 1.36008, MAE: 0.91536

*** MODEL has obtained the best DEV MSE of 1.38163 so far!
*** The Best MODEL saved to "./__saved_models__/Beauty - VANRA/Beauty_VANRA_1234.pth"

[Epoch 3/15] Training Loss: 1.34991	Elapsed Time: 518.12s (0:08:38)
[Epoch 3] [Dev]  MSE: 1.38114, MAE: 0.89254
[Epoch 3] [Test] MSE: 1.35786, MAE: 0.88643

*** MODEL has obtained the best DEV MSE of 1.38114 so far!
*** The Best MODEL saved to "./__saved_models__/Beauty - VANRA/Beauty_VANRA_1234.pth"

[Epoch 4/15] Training Loss: 1.26971	Elapsed Time: 692.71s (0:11:32)
[Epoch 4] [Dev]  MSE: 1.38676, MAE: 0.88905
[Epoch 4] [Test] MSE: 1.36368, MAE: 0.88301

[Epoch 5/15] Training Loss: 1.21492	Elapsed Time: 867.31s (0:14:27)
[Epoch 5] [Dev]  MSE: 1.38950, MAE: 0.89363
[Epoch 5] [Test] MSE: 1.36806, MAE: 0.88819

[Epoch 6/15] Training Loss: 1.17681	Elapsed Time: 1,041.95s (0:17:21)
[Epoch 6] [Dev]  MSE: 1.39717, MAE: 0.88733
[Epoch 6] [Test] MSE: 1.37579, MAE: 0.88147

[Epoch 7/15] Training Loss: 1.14890	Elapsed Time: 1,216.55s (0:20:16)
[Epoch 7] [Dev]  MSE: 1.40659, MAE: 0.88197
[Epoch 7] [Test] MSE: 1.38562, MAE: 0.87662

[Epoch 8/15] Training Loss: 1.12878	Elapsed Time: 1,391.11s (0:23:11)
[Epoch 8] [Dev]  MSE: 1.40780, MAE: 0.88581
[Epoch 8] [Test] MSE: 1.38961, MAE: 0.88142

[Epoch 9/15] Training Loss: 1.10896	Elapsed Time: 1,565.79s (0:26:05)
[Epoch 9] [Dev]  MSE: 1.40898, MAE: 0.89201
[Epoch 9] [Test] MSE: 1.39152, MAE: 0.88756

[Epoch 10/15] Training Loss: 1.09718	Elapsed Time: 1,740.48s (0:29:00)
[Epoch 10] [Dev]  MSE: 1.42052, MAE: 0.88203
[Epoch 10] [Test] MSE: 1.40002, MAE: 0.87681

[Epoch 11/15] Training Loss: 1.08834	Elapsed Time: 1,915.03s (0:31:55)
[Epoch 11] [Dev]  MSE: 1.41438, MAE: 0.90577
[Epoch 11] [Test] MSE: 1.39774, MAE: 0.90176

[Epoch 12/15] Training Loss: 1.07811	Elapsed Time: 2,089.82s (0:34:49)
[Epoch 12] [Dev]  MSE: 1.42112, MAE: 0.88935
[Epoch 12] [Test] MSE: 1.40381, MAE: 0.88488

[Epoch 13/15] Training Loss: 1.07158	Elapsed Time: 2,264.47s (0:37:44)
[Epoch 13] [Dev]  MSE: 1.42081, MAE: 0.90295
[Epoch 13] [Test] MSE: 1.40426, MAE: 0.89898

[Epoch 14/15] Training Loss: 1.06639	Elapsed Time: 2,439.26s (0:40:39)
[Epoch 14] [Dev]  MSE: 1.42324, MAE: 0.89722
[Epoch 14] [Test] MSE: 1.40759, MAE: 0.89353

[Epoch 15/15] Training Loss: 1.06263	Elapsed Time: 2,613.89s (0:43:33)
[Epoch 15] [Dev]  MSE: 1.42577, MAE: 0.89820
[Epoch 15] [Test] MSE: 1.40960, MAE: 0.89465
*** The Last MODEL saved to "./__saved_models__/Beauty - VANRA/Beauty_VANRA_1234_15.pth"

[Training Loss]
[1.85031, 1.47447, 1.34991, 1.26971, 1.21492, 1.17681, 1.1489, 1.12878, 1.10896, 1.09718, 1.08834, 1.07811, 1.07158, 1.06639, 1.06263]

[Dev MSE]
[1.40666, 1.38163, 1.38114, 1.38676, 1.3895, 1.39717, 1.40659, 1.4078, 1.40898, 1.42052, 1.41438, 1.42112, 1.42081, 1.42324, 1.42577]
[Test MSE]
[1.38355, 1.36008, 1.35786, 1.36368, 1.36806, 1.37579, 1.38562, 1.38961, 1.39152, 1.40002, 1.39774, 1.40381, 1.40426, 1.40759, 1.4096]
[Test MAE]
[0.93423, 0.91536, 0.88643, 0.88301, 0.88819, 0.88147, 0.87662, 0.88142, 0.88756, 0.87681, 0.90176, 0.88488, 0.89898, 0.89353, 0.89465]


Best Dev MSE: 1.38114 (Obtained during Evaluation #3)
Test MSE: 1.35786, Test MAE: 0.88643

End of Program! Elapsed Time: 2,690.76s (0:44:50)
