========================================================================================================================
  ARL_lr: 0.01
  ARL_path: Books_ANRS_1337
  batch_size: 128
  channels_global: 100
  channels_local: 200
  command: -d Books -m ANR -e 10 -dr 0.9 -WED 300 -h1 50 -h2 50 -p 1 -v 50000 -rs 1234 -gpu 0 -vb 1 -sm Books_ANR -ARL_path Books_ANRS_1337
  ctx_win_size: 3
  dataset: Books
  disable_initial_eval: 0
  dropout_rate: 0.9
  epochs: 10
  filters_num: 100
  gpu: 0
  h1: 50
  h2: 50
  hidden_size: 500
  input_dir: ./datasets/Books/
  L2_reg: 1e-06
  learning_rate: 0.002
  loss_function: MSELoss
  max_doc_len: 500
  max_vis_len: 500
  model: ANR
  num_aspects: 5
  optimizer: Adam
  out_dir: ./experimental_results/Books - ANR/
  output_size: 50
  pretrained_src: 1
  random_seed: 1234
  save_model: Books_ANR
  use_cuda: True
  verbose: 1
  vocab_size: 50000
  word_embed_dim: 300
========================================================================================================================

[INFO] # of Users: 621,433, # of Items: 390,310

Creating model (Selected Model: ANR)..
[args.use_cuda: True] Model is on the GPU! (args.gpu: 0, torch.cuda.current_device(): 0)
Model created! Elapsed Time: 5.29s (0.09 minute)

Loading uid_userDoc from "./datasets/Books/Books_uid_userDoc.npy"..
uid_userDoc loaded! [uid_userDoc: (621433, 500)]

Loading iid_itemDoc from "./datasets/Books/Books_iid_itemDoc.npy"..
iid_itemDoc loaded! [iid_itemDoc: (390310, 500)]

Loading pretrained word embeddings from "./datasets/Books/Books_wed300_wid_wordEmbed.npy"..
Pretrained word embeddings loaded! [wid_wEmbed: (50002, 300)]

Loading pretrained ARL weights of "ANR" for dataset "Books" from "./__saved_models__/Books - ANRS/Books_ANRS_1337.pth"!
Loading pretrained ARL weights on GPU "0"!

Loaded pretrained model states:

	shared_ANR_ARL.aspProj
	shared_ANR_ARL.aspEmbed.weight

Pretrained model states transferred to current model!

*** "shared_ANR_ARL.aspProj, shared_ANR_ARL.aspEmbed.weight" are FINE-TUNED!! ***


Initialization Complete.. Elapsed Time: 42.15s (0.70 minute)

Train/Dev/Test splits loaded! |TRAIN|: 800,000, |DEV|: 20,828, |TEST|: 21,246
Train/Dev/Test splits loaded! Elapsed Time: 42.45s (0.71 minute)

Performing initial evaluation for VALIDATION set..
[Initial] [Dev]  MSE: 18.93701, MAE: 4.22107

Performing initial evaluation for TESTING set..
[Initial] [Test] MSE: 19.09504, MAE: 4.24513

Initial Evaluation Complete.. Elapsed Time: 47.78s (0.80 minute)

Parameters that are fine-tuned using a smaller LR (LR: 2e-05):
shared_ANR_ARL.aspProj, shared_ANR_ARL.aspEmbed.weight

Parameters with L2 Regularization (Regularization Strength: 1e-06):
ANR_RatingPred.uid_userOffset.weight, ANR_RatingPred.iid_itemOffset.weight

Optimizer: Adam, Loss Function: MSELoss

Model Size: 521,967,194
# of Trainable Parameters: 1,095,094
ANR (
  (uid_userDoc): Embedding(621433, 500), weights = ((621433, 500),), parameters = 310,716,500
  (iid_itemDoc): Embedding(390310, 500), weights = ((390310, 500),), parameters = 195,155,000
  (wid_wEmbed): Embedding(50002, 300), weights = ((50002, 300),), parameters = 15,000,600
  (shared_ANR_ARL): ANR_ARL(
    (aspEmbed): Embedding(5, 150)
    (aspProj): Parameter(5, 300, 50)
  ), weights = ((5, 300, 50), (5, 150)), parameters = 75,750 (Trainable)
  (ANR_AIE): ANR_AIE(  (W_a): Parameter(50, 50)
    (W_u): Parameter(50, 50)
    (w_hu): Parameter(50, 1)
    (W_i): Parameter(50, 50)
    (w_hi): Parameter(50, 1)
  ), weights = ((50, 50), (50, 50), (50, 1), (50, 50), (50, 1)), parameters = 7,600 (Trainable)
  (ANR_RatingPred): ANR_RatingPred(
    (userAspRepDropout): Dropout(p=0.9, inplace=False)
    (itemAspRepDropout): Dropout(p=0.9, inplace=False)
    (uid_userOffset): Embedding(621433, 1)
    (iid_itemOffset): Embedding(390310, 1)
    (globalOffset): Parameter(1,)
  ), weights = ((1,), (621433, 1), (390310, 1)), parameters = 1,011,744 (Trainable)
)
========================================================================================================================

[Epoch 1/10] Training Loss: 3.62868	Elapsed Time: 234.91s (0:03:54)
[Epoch 1] [Dev]  MSE: 1.06609, MAE: 0.78346
[Epoch 1] [Test] MSE: 1.02195, MAE: 0.77255

*** MODEL has obtained the best DEV MSE of 1.06609 so far!
*** The Best MODEL saved to "./__saved_models__/Books - ANR/Books_ANR_1234.pth"

[Epoch 2/10] Training Loss: 1.07359	Elapsed Time: 475.35s (0:07:55)
[Epoch 2] [Dev]  MSE: 1.00627, MAE: 0.74875
[Epoch 2] [Test] MSE: 0.96650, MAE: 0.73827

*** MODEL has obtained the best DEV MSE of 1.00627 so far!
*** The Best MODEL saved to "./__saved_models__/Books - ANR/Books_ANR_1234.pth"

[Epoch 3/10] Training Loss: 0.95572	Elapsed Time: 715.83s (0:11:55)
[Epoch 3] [Dev]  MSE: 0.99404, MAE: 0.73465
[Epoch 3] [Test] MSE: 0.95640, MAE: 0.72388

*** MODEL has obtained the best DEV MSE of 0.99404 so far!
*** The Best MODEL saved to "./__saved_models__/Books - ANR/Books_ANR_1234.pth"

[Epoch 4/10] Training Loss: 0.88541	Elapsed Time: 956.26s (0:15:56)
[Epoch 4] [Dev]  MSE: 0.99150, MAE: 0.73185
[Epoch 4] [Test] MSE: 0.95596, MAE: 0.72119

*** MODEL has obtained the best DEV MSE of 0.99150 so far!
*** The Best MODEL saved to "./__saved_models__/Books - ANR/Books_ANR_1234.pth"

[Epoch 5/10] Training Loss: 0.83956	Elapsed Time: 1,196.72s (0:19:56)
[Epoch 5] [Dev]  MSE: 0.99388, MAE: 0.73070
[Epoch 5] [Test] MSE: 0.95971, MAE: 0.71982

[Epoch 6/10] Training Loss: 0.80761	Elapsed Time: 1,437.12s (0:23:57)
[Epoch 6] [Dev]  MSE: 0.99456, MAE: 0.73242
[Epoch 6] [Test] MSE: 0.96093, MAE: 0.72194

[Epoch 7/10] Training Loss: 0.78456	Elapsed Time: 1,677.52s (0:27:57)
[Epoch 7] [Dev]  MSE: 0.99635, MAE: 0.73294
[Epoch 7] [Test] MSE: 0.96421, MAE: 0.72315

[Epoch 8/10] Training Loss: 0.76724	Elapsed Time: 1,917.91s (0:31:57)
[Epoch 8] [Dev]  MSE: 0.99795, MAE: 0.73438
[Epoch 8] [Test] MSE: 0.96607, MAE: 0.72462

[Epoch 9/10] Training Loss: 0.75377	Elapsed Time: 2,158.30s (0:35:58)
[Epoch 9] [Dev]  MSE: 0.99646, MAE: 0.73686
[Epoch 9] [Test] MSE: 0.96549, MAE: 0.72770

[Epoch 10/10] Training Loss: 0.74316	Elapsed Time: 2,398.68s (0:39:58)
[Epoch 10] [Dev]  MSE: 1.00458, MAE: 0.73290
[Epoch 10] [Test] MSE: 0.97418, MAE: 0.72351
*** The Last MODEL saved to "./__saved_models__/Books - ANR/Books_ANR_1234_10.pth"

[Training Loss]
[3.62868, 1.07359, 0.95572, 0.88541, 0.83956, 0.80761, 0.78456, 0.76724, 0.75377, 0.74316]

[Dev MSE]
[1.06609, 1.00627, 0.99404, 0.9915, 0.99388, 0.99456, 0.99635, 0.99795, 0.99646, 1.00458]
[Test MSE]
[1.02195, 0.9665, 0.9564, 0.95596, 0.95971, 0.96093, 0.96421, 0.96607, 0.96549, 0.97418]
[Test MAE]
[0.77255, 0.73827, 0.72388, 0.72119, 0.71982, 0.72194, 0.72315, 0.72462, 0.7277, 0.72351]


Best Dev MSE: 0.99150 (Obtained during Evaluation #4)
Test MSE: 0.95596, Test MAE: 0.72119

End of Program! Elapsed Time: 2,451.67s (0:40:51)
