========================================================================================================================
  ARL_lr: 0.01
  ARL_path: 
  batch_size: 128
  channels_global: 10
  channels_local: 10
  command: -d Electronics -m VANRA -e 15 -dr 0.9 -p 1 -v 50000 -K 5 -h1 10 -h2 50 -c_local 10 -c_global 10 -hiden_size 100 -output_size 50 -rs 1234 -gpu 0 -vb 1 -sm Electronics_VANRA
  ctx_win_size: 3
  dataset: Electronics
  disable_initial_eval: 0
  dropout_rate: 0.9
  epochs: 15
  gpu: 0
  h1: 10
  h2: 50
  hidden_size: 100
  input_dir: ./datasets/Electronics/
  L2_reg: 1e-06
  learning_rate: 0.002
  loss_function: MSELoss
  max_doc_len: 500
  max_vis_len: 500
  model: VANRA
  num_aspects: 5
  optimizer: Adam
  out_dir: ./experimental_results/Electronics - VANRA/
  output_size: 50
  pretrained_src: 1
  random_seed: 1234
  save_model: Electronics_VANRA
  use_cuda: True
  verbose: 1
  vocab_size: 50000
  word_embed_dim: 300
========================================================================================================================

[INFO] # of Users: 685,969, # of Items: 168,412

Creating model (Selected Model: VANRA)..
[args.use_cuda: True] Model is on the GPU! (args.gpu: 0, torch.cuda.current_device(): 0)
Model created! Elapsed Time: 8.07s (0.13 minute)

Loading uid_userDoc from "./datasets/Electronics/Electronics_uid_userDoc.npy"..
uid_userDoc loaded! [uid_userDoc: (685969, 500)]

Loading iid_itemDoc from "./datasets/Electronics/Electronics_iid_itemDoc.npy"..
iid_itemDoc loaded! [iid_itemDoc: (168412, 500)]

Loading pretrained word embeddings from "./datasets/Electronics/Electronics_wid_wordEmbed.npy"..
Pretrained word embeddings loaded! [wid_wEmbed: (50002, 300)]

Loading uid_userVis from "./datasets/Electronics/Electronics_uid_userVis.npy"..
uid_userVis loaded! [uid_userVis: (685969, 500)]

Loading iid_itemVis from "./datasets/Electronics/Electronics_iid_itemVis.npy"..
iid_itemVis loaded! [iid_itemVis: (168412, 500)]

Initialization Complete.. Elapsed Time: 66.20s (1.10 minutes)

Train/Dev/Test splits loaded! |TRAIN|: 800,000, |DEV|: 20,925, |TEST|: 20,954
Train/Dev/Test splits loaded! Elapsed Time: 66.46s (1.11 minutes)

Performing initial evaluation for VALIDATION set..
[Initial] [Dev]  MSE: 18.94095, MAE: 4.17675

Performing initial evaluation for TESTING set..
[Initial] [Test] MSE: 18.78175, MAE: 4.15172

Initial Evaluation Complete.. Elapsed Time: 70.70s (1.18 minutes)

Parameters with L2 Regularization (Regularization Strength: 1e-06):
VANRA_RatingPred.uid_userOffset.weight, VANRA_RatingPred.iid_itemOffset.weight

Optimizer: Adam, Loss Function: MSELoss

Model Size: 870,362,640
# of Trainable Parameters: 981,040
VANRA (
  (uid_userDoc): Embedding(685969, 500), weights = ((685969, 500),), parameters = 342,984,500
  (iid_itemDoc): Embedding(168412, 500), weights = ((168412, 500),), parameters = 84,206,000
  (wid_wEmbed): Embedding(50002, 300), weights = ((50002, 300),), parameters = 15,000,600
  (uid_userVis): Embedding(685969, 500), weights = ((685969, 500),), parameters = 342,984,500
  (iid_itemVis): Embedding(168412, 500), weights = ((168412, 500),), parameters = 84,206,000
  (shared_ANR_ARL): ANR_ARL(
    (aspEmbed): Embedding(5, 30)
    (aspProj): Parameter(5, 300, 10)
  ), weights = ((5, 300, 10), (5, 30)), parameters = 15,150 (Trainable)
  (ANR_AIE): ANR_AIE(  (W_a): Parameter(10, 10)
    (W_u): Parameter(50, 10)
    (w_hu): Parameter(50, 1)
    (W_i): Parameter(50, 10)
    (w_hi): Parameter(50, 1)
  ), weights = ((10, 10), (50, 10), (50, 1), (50, 10), (50, 1)), parameters = 1,200 (Trainable)
  (VANRA_VRL): VANRA_VRL(
    (localAttentionLayer_user): LocalAttention(
      (attention_layer): Sequential(
        (0): Conv2d(1, 1, kernel_size=(3, 1), stride=(1, 1))
        (1): Softmax(dim=2)
      )
      (fcLayer): Sequential(
        (0): Linear(in_features=500, out_features=100, bias=True)
        (1): Dropout(p=0.9, inplace=False)
        (2): ReLU()
        (3): Linear(in_features=100, out_features=50, bias=True)
      )
    )
    (localAttentionLayer_item): LocalAttention(
      (attention_layer): Sequential(
        (0): Conv2d(1, 1, kernel_size=(3, 1), stride=(1, 1))
        (1): Softmax(dim=2)
      )
      (fcLayer): Sequential(
        (0): Linear(in_features=500, out_features=100, bias=True)
        (1): Dropout(p=0.9, inplace=False)
        (2): ReLU()
        (3): Linear(in_features=100, out_features=50, bias=True)
      )
    )
  ), weights = ((1, 1, 3, 1), (1,), (100, 500), (100,), (50, 100), (50,), (1, 1, 3, 1), (1,), (100, 500), (100,), (50, 100), (50,)), parameters = 110,308 (Trainable)
  (VANRA_RatingPred): VANRA_RatingPred(
    (userAspRepDropout): Dropout(p=0.9, inplace=False)
    (itemAspRepDropout): Dropout(p=0.9, inplace=False)
    (uid_userOffset): Embedding(685969, 1)
    (iid_itemOffset): Embedding(168412, 1)
    (globalOffset): Parameter(1,)
  ), weights = ((1,), (685969, 1), (168412, 1)), parameters = 854,382 (Trainable)
)
========================================================================================================================

[Epoch 1/15] Training Loss: 2.01634	Elapsed Time: 168.58s (0:02:48)
[Epoch 1] [Dev]  MSE: 1.41967, MAE: 0.96988
[Epoch 1] [Test] MSE: 1.44784, MAE: 0.97638

*** MODEL has obtained the best DEV MSE of 1.41967 so far!
*** The Best MODEL saved to "./__saved_models__/Electronics - VANRA/Electronics_VANRA_1234.pth"

[Epoch 2/15] Training Loss: 1.61391	Elapsed Time: 340.57s (0:05:40)
[Epoch 2] [Dev]  MSE: 1.37159, MAE: 0.92232
[Epoch 2] [Test] MSE: 1.40552, MAE: 0.92962

*** MODEL has obtained the best DEV MSE of 1.37159 so far!
*** The Best MODEL saved to "./__saved_models__/Electronics - VANRA/Electronics_VANRA_1234.pth"

[Epoch 3/15] Training Loss: 1.47741	Elapsed Time: 512.54s (0:08:32)
[Epoch 3] [Dev]  MSE: 1.38270, MAE: 0.94082
[Epoch 3] [Test] MSE: 1.41426, MAE: 0.94749

[Epoch 4/15] Training Loss: 1.38754	Elapsed Time: 684.46s (0:11:24)
[Epoch 4] [Dev]  MSE: 1.36885, MAE: 0.90936
[Epoch 4] [Test] MSE: 1.40567, MAE: 0.91641

*** MODEL has obtained the best DEV MSE of 1.36885 so far!
*** The Best MODEL saved to "./__saved_models__/Electronics - VANRA/Electronics_VANRA_1234.pth"

[Epoch 5/15] Training Loss: 1.32389	Elapsed Time: 856.46s (0:14:16)
[Epoch 5] [Dev]  MSE: 1.38157, MAE: 0.91886
[Epoch 5] [Test] MSE: 1.41821, MAE: 0.92622

[Epoch 6/15] Training Loss: 1.27979	Elapsed Time: 1,028.39s (0:17:08)
[Epoch 6] [Dev]  MSE: 1.38423, MAE: 0.91096
[Epoch 6] [Test] MSE: 1.42224, MAE: 0.91845

[Epoch 7/15] Training Loss: 1.24575	Elapsed Time: 1,200.29s (0:20:00)
[Epoch 7] [Dev]  MSE: 1.39502, MAE: 0.91360
[Epoch 7] [Test] MSE: 1.43105, MAE: 0.92074

[Epoch 8/15] Training Loss: 1.22135	Elapsed Time: 1,372.26s (0:22:52)
[Epoch 8] [Dev]  MSE: 1.39678, MAE: 0.91023
[Epoch 8] [Test] MSE: 1.43815, MAE: 0.91905

[Epoch 9/15] Training Loss: 1.20270	Elapsed Time: 1,544.18s (0:25:44)
[Epoch 9] [Dev]  MSE: 1.39914, MAE: 0.90524
[Epoch 9] [Test] MSE: 1.44232, MAE: 0.91512

[Epoch 10/15] Training Loss: 1.18908	Elapsed Time: 1,716.14s (0:28:36)
[Epoch 10] [Dev]  MSE: 1.40103, MAE: 0.90160
[Epoch 10] [Test] MSE: 1.44404, MAE: 0.91120

[Epoch 11/15] Training Loss: 1.17813	Elapsed Time: 1,888.01s (0:31:28)
[Epoch 11] [Dev]  MSE: 1.40666, MAE: 0.90141
[Epoch 11] [Test] MSE: 1.44954, MAE: 0.91066

[Epoch 12/15] Training Loss: 1.16958	Elapsed Time: 2,059.95s (0:34:19)
[Epoch 12] [Dev]  MSE: 1.41162, MAE: 0.91389
[Epoch 12] [Test] MSE: 1.45288, MAE: 0.92340

[Epoch 13/15] Training Loss: 1.16293	Elapsed Time: 2,231.91s (0:37:11)
[Epoch 13] [Dev]  MSE: 1.41387, MAE: 0.90882
[Epoch 13] [Test] MSE: 1.45539, MAE: 0.91815

[Epoch 14/15] Training Loss: 1.15802	Elapsed Time: 2,403.67s (0:40:03)
[Epoch 14] [Dev]  MSE: 1.41994, MAE: 0.91725
[Epoch 14] [Test] MSE: 1.45818, MAE: 0.92617

[Epoch 15/15] Training Loss: 1.15726	Elapsed Time: 2,575.75s (0:42:55)
[Epoch 15] [Dev]  MSE: 1.42041, MAE: 0.91285
[Epoch 15] [Test] MSE: 1.45827, MAE: 0.92151
*** The Last MODEL saved to "./__saved_models__/Electronics - VANRA/Electronics_VANRA_1234_15.pth"

[Training Loss]
[2.01634, 1.61391, 1.47741, 1.38754, 1.32389, 1.27979, 1.24575, 1.22135, 1.2027, 1.18908, 1.17813, 1.16958, 1.16293, 1.15802, 1.15726]

[Dev MSE]
[1.41967, 1.37159, 1.3827, 1.36885, 1.38157, 1.38423, 1.39502, 1.39678, 1.39914, 1.40103, 1.40666, 1.41162, 1.41387, 1.41994, 1.42041]
[Test MSE]
[1.44784, 1.40552, 1.41426, 1.40567, 1.41821, 1.42224, 1.43105, 1.43815, 1.44232, 1.44404, 1.44954, 1.45288, 1.45539, 1.45818, 1.45827]
[Test MAE]
[0.97638, 0.92962, 0.94749, 0.91641, 0.92622, 0.91845, 0.92074, 0.91905, 0.91512, 0.9112, 0.91066, 0.9234, 0.91815, 0.92617, 0.92151]


Best Dev MSE: 1.36885 (Obtained during Evaluation #4)
Test MSE: 1.40567, Test MAE: 0.91641

End of Program! Elapsed Time: 2,649.77s (0:44:09)
