========================================================================================================================
  ARL_lr: 0.01
  ARL_path: Sports_and_Outdoors_ANRS_1337
  batch_size: 128
  channels_global: 100
  channels_local: 200
  command: -d Sports_and_Outdoors -m ANR -e 10 -dr 0.9 -WED 300 -h1 50 -h2 50 -p 1 -v 50000 -rs 1234 -gpu 0 -vb 1 -sm Sports_and_Outdoors_ANR -ARL_path Sports_and_Outdoors_ANRS_1337
  ctx_win_size: 3
  dataset: Sports_and_Outdoors
  disable_initial_eval: 0
  dropout_rate: 0.9
  epochs: 10
  filters_num: 100
  gpu: 0
  h1: 50
  h2: 50
  hidden_size: 500
  input_dir: ./datasets/Sports_and_Outdoors/
  L2_reg: 1e-06
  learning_rate: 0.002
  loss_function: MSELoss
  max_doc_len: 500
  max_vis_len: 500
  model: ANR
  num_aspects: 5
  optimizer: Adam
  out_dir: ./experimental_results/Sports_and_Outdoors - ANR/
  output_size: 50
  pretrained_src: 1
  random_seed: 1234
  save_model: Sports_and_Outdoors_ANR
  use_cuda: True
  verbose: 1
  vocab_size: 50000
  word_embed_dim: 300
========================================================================================================================

[INFO] # of Users: 645,026, # of Items: 221,569

Creating model (Selected Model: ANR)..
[args.use_cuda: True] Model is on the GPU! (args.gpu: 0, torch.cuda.current_device(): 0)
Model created! Elapsed Time: 4.75s (0.08 minute)

Loading uid_userDoc from "./datasets/Sports_and_Outdoors/Sports_and_Outdoors_uid_userDoc.npy"..
uid_userDoc loaded! [uid_userDoc: (645026, 500)]

Loading iid_itemDoc from "./datasets/Sports_and_Outdoors/Sports_and_Outdoors_iid_itemDoc.npy"..
iid_itemDoc loaded! [iid_itemDoc: (221569, 500)]

Loading pretrained word embeddings from "./datasets/Sports_and_Outdoors/Sports_and_Outdoors_wed300_wid_wordEmbed.npy"..
Pretrained word embeddings loaded! [wid_wEmbed: (50002, 300)]

Loading pretrained ARL weights of "ANR" for dataset "Sports_and_Outdoors" from "./__saved_models__/Sports_and_Outdoors - ANRS/Sports_and_Outdoors_ANRS_1337.pth"!
Loading pretrained ARL weights on GPU "0"!

Loaded pretrained model states:

	shared_ANR_ARL.aspProj
	shared_ANR_ARL.aspEmbed.weight

Pretrained model states transferred to current model!

*** "shared_ANR_ARL.aspProj, shared_ANR_ARL.aspEmbed.weight" are FINE-TUNED!! ***


Initialization Complete.. Elapsed Time: 34.19s (0.57 minute)

Train/Dev/Test splits loaded! |TRAIN|: 800,000, |DEV|: 25,665, |TEST|: 25,738
Train/Dev/Test splits loaded! Elapsed Time: 34.46s (0.57 minute)

Performing initial evaluation for VALIDATION set..
[Initial] [Dev]  MSE: 19.71767, MAE: 4.30517

Performing initial evaluation for TESTING set..
[Initial] [Test] MSE: 19.71313, MAE: 4.30561

Initial Evaluation Complete.. Elapsed Time: 40.96s (0.68 minute)

Parameters that are fine-tuned using a smaller LR (LR: 2e-05):
shared_ANR_ARL.aspProj, shared_ANR_ARL.aspEmbed.weight

Parameters with L2 Regularization (Regularization Strength: 1e-06):
ANR_RatingPred.uid_userOffset.weight, ANR_RatingPred.iid_itemOffset.weight

Optimizer: Adam, Loss Function: MSELoss

Model Size: 449,248,046
# of Trainable Parameters: 949,946
ANR (
  (uid_userDoc): Embedding(645026, 500), weights = ((645026, 500),), parameters = 322,513,000
  (iid_itemDoc): Embedding(221569, 500), weights = ((221569, 500),), parameters = 110,784,500
  (wid_wEmbed): Embedding(50002, 300), weights = ((50002, 300),), parameters = 15,000,600
  (shared_ANR_ARL): ANR_ARL(
    (aspEmbed): Embedding(5, 150)
    (aspProj): Parameter(5, 300, 50)
  ), weights = ((5, 300, 50), (5, 150)), parameters = 75,750 (Trainable)
  (ANR_AIE): ANR_AIE(  (W_a): Parameter(50, 50)
    (W_u): Parameter(50, 50)
    (w_hu): Parameter(50, 1)
    (W_i): Parameter(50, 50)
    (w_hi): Parameter(50, 1)
  ), weights = ((50, 50), (50, 50), (50, 1), (50, 50), (50, 1)), parameters = 7,600 (Trainable)
  (ANR_RatingPred): ANR_RatingPred(
    (userAspRepDropout): Dropout(p=0.9, inplace=False)
    (itemAspRepDropout): Dropout(p=0.9, inplace=False)
    (uid_userOffset): Embedding(645026, 1)
    (iid_itemOffset): Embedding(221569, 1)
    (globalOffset): Parameter(1,)
  ), weights = ((1,), (645026, 1), (221569, 1)), parameters = 866,596 (Trainable)
)
========================================================================================================================

[Epoch 1/10] Training Loss: 3.66424	Elapsed Time: 236.92s (0:03:56)
[Epoch 1] [Dev]  MSE: 1.12630, MAE: 0.82656
[Epoch 1] [Test] MSE: 1.12244, MAE: 0.82722

*** MODEL has obtained the best DEV MSE of 1.12630 so far!
*** The Best MODEL saved to "./__saved_models__/Sports_and_Outdoors - ANR/Sports_and_Outdoors_ANR_1234.pth"

[Epoch 2/10] Training Loss: 1.32350	Elapsed Time: 480.45s (0:08:00)
[Epoch 2] [Dev]  MSE: 1.08850, MAE: 0.79764
[Epoch 2] [Test] MSE: 1.08312, MAE: 0.79723

*** MODEL has obtained the best DEV MSE of 1.08850 so far!
*** The Best MODEL saved to "./__saved_models__/Sports_and_Outdoors - ANR/Sports_and_Outdoors_ANR_1234.pth"

[Epoch 3/10] Training Loss: 1.19068	Elapsed Time: 723.90s (0:12:03)
[Epoch 3] [Dev]  MSE: 1.08406, MAE: 0.78566
[Epoch 3] [Test] MSE: 1.07905, MAE: 0.78515

*** MODEL has obtained the best DEV MSE of 1.08406 so far!
*** The Best MODEL saved to "./__saved_models__/Sports_and_Outdoors - ANR/Sports_and_Outdoors_ANR_1234.pth"

[Epoch 4/10] Training Loss: 1.10869	Elapsed Time: 967.38s (0:16:07)
[Epoch 4] [Dev]  MSE: 1.08878, MAE: 0.78292
[Epoch 4] [Test] MSE: 1.08446, MAE: 0.78155

[Epoch 5/10] Training Loss: 1.05947	Elapsed Time: 1,210.95s (0:20:10)
[Epoch 5] [Dev]  MSE: 1.09420, MAE: 0.78120
[Epoch 5] [Test] MSE: 1.09035, MAE: 0.78003

[Epoch 6/10] Training Loss: 1.01557	Elapsed Time: 1,454.53s (0:24:14)
[Epoch 6] [Dev]  MSE: 1.10002, MAE: 0.78150
[Epoch 6] [Test] MSE: 1.09573, MAE: 0.77999

[Epoch 7/10] Training Loss: 0.98770	Elapsed Time: 1,698.06s (0:28:18)
[Epoch 7] [Dev]  MSE: 1.10584, MAE: 0.78228
[Epoch 7] [Test] MSE: 1.10063, MAE: 0.77982

[Epoch 8/10] Training Loss: 0.96692	Elapsed Time: 1,941.52s (0:32:21)
[Epoch 8] [Dev]  MSE: 1.11067, MAE: 0.78748
[Epoch 8] [Test] MSE: 1.10516, MAE: 0.78495

[Epoch 9/10] Training Loss: 0.95054	Elapsed Time: 2,185.00s (0:36:25)
[Epoch 9] [Dev]  MSE: 1.11524, MAE: 0.78605
[Epoch 9] [Test] MSE: 1.10849, MAE: 0.78345

[Epoch 10/10] Training Loss: 0.93918	Elapsed Time: 2,428.42s (0:40:28)
[Epoch 10] [Dev]  MSE: 1.11807, MAE: 0.78640
[Epoch 10] [Test] MSE: 1.11183, MAE: 0.78388
*** The Last MODEL saved to "./__saved_models__/Sports_and_Outdoors - ANR/Sports_and_Outdoors_ANR_1234_10.pth"

[Training Loss]
[3.66424, 1.3235, 1.19068, 1.10869, 1.05947, 1.01557, 0.9877, 0.96692, 0.95054, 0.93918]

[Dev MSE]
[1.1263, 1.0885, 1.08406, 1.08878, 1.0942, 1.10002, 1.10584, 1.11067, 1.11524, 1.11807]
[Test MSE]
[1.12244, 1.08312, 1.07905, 1.08446, 1.09035, 1.09573, 1.10063, 1.10516, 1.10849, 1.11183]
[Test MAE]
[0.82722, 0.79723, 0.78515, 0.78155, 0.78003, 0.77999, 0.77982, 0.78495, 0.78345, 0.78388]


Best Dev MSE: 1.08406 (Obtained during Evaluation #3)
Test MSE: 1.07905, Test MAE: 0.78515

End of Program! Elapsed Time: 2,475.82s (0:41:15)
