========================================================================================================================
  ARL_lr: 0.01
  ARL_path: 
  batch_size: 128
  channels_global: 100
  channels_local: 200
  command: -d Clothing_Shoes_and_Jewelry -m MSANR -e 10 -dr 0.9 -WED 300 -p 1 -v 50000 -K 5 -h1 50 -kernel_list 2 3 4 5 -output_size 50 -rs 1234 -gpu 0 -vb 1 -sm Clothing_Shoes_and_Jewelry_MSANR
  ctx_win_size: 3
  dataset: Clothing_Shoes_and_Jewelry
  disable_initial_eval: 0
  dropout_rate: 0.9
  epochs: 10
  filters_num: 100
  gpu: 0
  h1: 50
  h2: 50
  hidden_size: 500
  input_dir: ./datasets/Clothing_Shoes_and_Jewelry/
  kernel_list: [2, 3, 4, 5]
  L2_reg: 1e-06
  learning_rate: 0.002
  loss_function: MSELoss
  max_doc_len: 500
  max_vis_len: 500
  model: MSANR
  num_aspects: 5
  optimizer: Adam
  out_dir: ./experimental_results/Clothing_Shoes_and_Jewelry - MSANR/
  output_size: 50
  pretrained_src: 1
  random_seed: 1234
  save_model: Clothing_Shoes_and_Jewelry_MSANR
  use_cuda: True
  verbose: 1
  vocab_size: 50000
  word_embed_dim: 300
========================================================================================================================

[INFO] # of Users: 669,835, # of Items: 335,585

Creating model (Selected Model: MSANR)..
[args.use_cuda: True] Model is on the GPU! (args.gpu: 0, torch.cuda.current_device(): 0)
Model created! Elapsed Time: 5.27s (0.09 minute)

Loading uid_userDoc from "./datasets/Clothing_Shoes_and_Jewelry/Clothing_Shoes_and_Jewelry_uid_userDoc.npy"..
uid_userDoc loaded! [uid_userDoc: (669835, 500)]

Loading iid_itemDoc from "./datasets/Clothing_Shoes_and_Jewelry/Clothing_Shoes_and_Jewelry_iid_itemDoc.npy"..
iid_itemDoc loaded! [iid_itemDoc: (335585, 500)]

Loading pretrained word embeddings from "./datasets/Clothing_Shoes_and_Jewelry/Clothing_Shoes_and_Jewelry_wed300_wid_wordEmbed.npy"..
Pretrained word embeddings loaded! [wid_wEmbed: (50002, 300)]

Initialization Complete.. Elapsed Time: 25.81s (0.43 minute)

Train/Dev/Test splits loaded! |TRAIN|: 800,000, |DEV|: 17,754, |TEST|: 17,846
Train/Dev/Test splits loaded! Elapsed Time: 26.08s (0.43 minute)

Performing initial evaluation for VALIDATION set..
[Initial] [Dev]  MSE: 19.15692, MAE: 4.22564

Performing initial evaluation for TESTING set..
[Initial] [Test] MSE: 19.23966, MAE: 4.23686

Initial Evaluation Complete.. Elapsed Time: 42.66s (0.71 minute)

Parameters with L2 Regularization (Regularization Strength: 1e-06):
MSANR_RatingPred.uid_userOffset.weight, MSANR_RatingPred.iid_itemOffset.weight

Optimizer: Adam, Loss Function: MSELoss

Model Size: 518,794,771
# of Trainable Parameters: 1,084,171
MSANR (
  (uid_userDoc): Embedding(669835, 500), weights = ((669835, 500),), parameters = 334,917,500
  (iid_itemDoc): Embedding(335585, 500), weights = ((335585, 500),), parameters = 167,792,500
  (wid_wEmbed): Embedding(50002, 300), weights = ((50002, 300),), parameters = 15,000,600
  (MSANR_ARL): MSANR_ARL(
    (aspEmbed): ModuleList(
      (0): Embedding(5, 100)
      (1): Embedding(5, 150)
      (2): Embedding(5, 200)
      (3): Embedding(5, 250)
    )
    (filterEmbed): Embedding(5, 50)
    (aspProj): Parameter(5, 300, 50)
  ), weights = ((5, 300, 50), (5, 100), (5, 150), (5, 200), (5, 250), (5, 50)), parameters = 78,750 (Trainable)
  (MSANR_RatingPred): MSANR_RatingPred(
    (userAspRepDropout): Dropout(p=0.9, inplace=False)
    (itemAspRepDropout): Dropout(p=0.9, inplace=False)
    (uid_userOffset): Embedding(669835, 1)
    (iid_itemOffset): Embedding(335585, 1)
    (globalOffset): Parameter(1,)
  ), weights = ((1,), (669835, 1), (335585, 1)), parameters = 1,005,421 (Trainable)
)
========================================================================================================================

[Epoch 1/10] Training Loss: 2.42086	Elapsed Time: 918.65s (0:15:18)
[Epoch 1] [Dev]  MSE: 1.23723, MAE: 0.89077
[Epoch 1] [Test] MSE: 1.23285, MAE: 0.88847

*** MODEL has obtained the best DEV MSE of 1.23723 so far!
*** The Best MODEL saved to "./__saved_models__/Clothing_Shoes_and_Jewelry - MSANR/Clothing_Shoes_and_Jewelry_MSANR_1234.pth"

[Epoch 2/10] Training Loss: 1.24504	Elapsed Time: 1,852.84s (0:30:52)
[Epoch 2] [Dev]  MSE: 1.23249, MAE: 0.89988
[Epoch 2] [Test] MSE: 1.22376, MAE: 0.89735

*** MODEL has obtained the best DEV MSE of 1.23249 so far!
*** The Best MODEL saved to "./__saved_models__/Clothing_Shoes_and_Jewelry - MSANR/Clothing_Shoes_and_Jewelry_MSANR_1234.pth"

[Epoch 3/10] Training Loss: 1.14773	Elapsed Time: 2,787.04s (0:46:27)
[Epoch 3] [Dev]  MSE: 1.22021, MAE: 0.87319
[Epoch 3] [Test] MSE: 1.20847, MAE: 0.86905

*** MODEL has obtained the best DEV MSE of 1.22021 so far!
*** The Best MODEL saved to "./__saved_models__/Clothing_Shoes_and_Jewelry - MSANR/Clothing_Shoes_and_Jewelry_MSANR_1234.pth"

[Epoch 4/10] Training Loss: 1.14710	Elapsed Time: 3,721.32s (1:02:01)
[Epoch 4] [Dev]  MSE: 1.22291, MAE: 0.84759
[Epoch 4] [Test] MSE: 1.20951, MAE: 0.84134

[Epoch 5/10] Training Loss: 1.05728	Elapsed Time: 4,655.45s (1:17:35)
[Epoch 5] [Dev]  MSE: 1.23155, MAE: 0.84410
[Epoch 5] [Test] MSE: 1.21823, MAE: 0.83695

[Epoch 6/10] Training Loss: 1.00033	Elapsed Time: 5,589.60s (1:33:09)
[Epoch 6] [Dev]  MSE: 1.23738, MAE: 0.87442
[Epoch 6] [Test] MSE: 1.22126, MAE: 0.86837

[Epoch 7/10] Training Loss: 1.00532	Elapsed Time: 6,523.90s (1:48:43)
[Epoch 7] [Dev]  MSE: 1.24208, MAE: 0.86103
[Epoch 7] [Test] MSE: 1.22016, MAE: 0.85269

[Epoch 8/10] Training Loss: 19.95611	Elapsed Time: 7,457.99s (2:04:17)
[Epoch 8] [Dev]  MSE: 1.25093, MAE: 0.87248
[Epoch 8] [Test] MSE: 1.22809, MAE: 0.86424

[Epoch 9/10] Training Loss: 0.99308	Elapsed Time: 8,392.10s (2:19:52)
[Epoch 9] [Dev]  MSE: 1.25152, MAE: 0.85669
[Epoch 9] [Test] MSE: 1.23127, MAE: 0.84884

[Epoch 10/10] Training Loss: 1.77013	Elapsed Time: 9,326.49s (2:35:26)
[Epoch 10] [Dev]  MSE: 1.25662, MAE: 0.85417
[Epoch 10] [Test] MSE: 1.23680, MAE: 0.84558
*** The Last MODEL saved to "./__saved_models__/Clothing_Shoes_and_Jewelry - MSANR/Clothing_Shoes_and_Jewelry_MSANR_1234_10.pth"

[Training Loss]
[2.42086, 1.24504, 1.14773, 1.1471, 1.05728, 1.00033, 1.00532, 19.95611, 0.99308, 1.77013]

[Dev MSE]
[1.23723, 1.23249, 1.22021, 1.22291, 1.23155, 1.23738, 1.24208, 1.25093, 1.25152, 1.25662]
[Test MSE]
[1.23285, 1.22376, 1.20847, 1.20951, 1.21823, 1.22126, 1.22016, 1.22809, 1.23127, 1.2368]
[Test MAE]
[0.88847, 0.89735, 0.86905, 0.84134, 0.83695, 0.86837, 0.85269, 0.86424, 0.84884, 0.84558]


Best Dev MSE: 1.22021 (Obtained during Evaluation #3)
Test MSE: 1.20847, Test MAE: 0.86905

End of Program! Elapsed Time: 9,384.33s (2:36:24)
