========================================================================================================================
  ARL_lr: 0.01
  ARL_path: 
  batch_size: 128
  channels_global: 100
  channels_local: 200
  command: -d Clothing_Shoes_and_Jewelry -m MSANR -e 10 -dr 0.9 -WED 300 -p 1 -v 50000 -K 5 -h1 50 -kernel_list 2 3 4 -output_size 50 -rs 1234 -gpu 0 -vb 1 -sm Clothing_Shoes_and_Jewelry_MSANR
  ctx_win_size: 3
  dataset: Clothing_Shoes_and_Jewelry
  disable_initial_eval: 0
  dropout_rate: 0.9
  epochs: 10
  filters_num: 100
  gpu: 0
  h1: 50
  h2: 50
  hidden_size: 500
  input_dir: ./datasets/Clothing_Shoes_and_Jewelry/
  kernel_list: [2, 3, 4]
  L2_reg: 1e-06
  learning_rate: 0.002
  loss_function: MSELoss
  max_doc_len: 500
  max_vis_len: 500
  model: MSANR
  num_aspects: 5
  optimizer: Adam
  out_dir: ./experimental_results/Clothing_Shoes_and_Jewelry - MSANR/
  output_size: 50
  pretrained_src: 1
  random_seed: 1234
  save_model: Clothing_Shoes_and_Jewelry_MSANR
  use_cuda: True
  verbose: 1
  vocab_size: 50000
  word_embed_dim: 300
========================================================================================================================

[INFO] # of Users: 669,835, # of Items: 335,585

Creating model (Selected Model: MSANR)..
[args.use_cuda: True] Model is on the GPU! (args.gpu: 0, torch.cuda.current_device(): 0)
Model created! Elapsed Time: 5.29s (0.09 minute)

Loading uid_userDoc from "./datasets/Clothing_Shoes_and_Jewelry/Clothing_Shoes_and_Jewelry_uid_userDoc.npy"..
uid_userDoc loaded! [uid_userDoc: (669835, 500)]

Loading iid_itemDoc from "./datasets/Clothing_Shoes_and_Jewelry/Clothing_Shoes_and_Jewelry_iid_itemDoc.npy"..
iid_itemDoc loaded! [iid_itemDoc: (335585, 500)]

Loading pretrained word embeddings from "./datasets/Clothing_Shoes_and_Jewelry/Clothing_Shoes_and_Jewelry_wed300_wid_wordEmbed.npy"..
Pretrained word embeddings loaded! [wid_wEmbed: (50002, 300)]

Initialization Complete.. Elapsed Time: 14.26s (0.24 minute)

Train/Dev/Test splits loaded! |TRAIN|: 800,000, |DEV|: 17,754, |TEST|: 17,846
Train/Dev/Test splits loaded! Elapsed Time: 14.47s (0.24 minute)

Performing initial evaluation for VALIDATION set..
[Initial] [Dev]  MSE: 19.15692, MAE: 4.22564

Performing initial evaluation for TESTING set..
[Initial] [Test] MSE: 19.23966, MAE: 4.23686

Initial Evaluation Complete.. Elapsed Time: 25.97s (0.43 minute)

Parameters with L2 Regularization (Regularization Strength: 1e-06):
MSANR_RatingPred.uid_userOffset.weight, MSANR_RatingPred.iid_itemOffset.weight

Optimizer: Adam, Loss Function: MSELoss

Model Size: 518,793,521
# of Trainable Parameters: 1,082,921
MSANR (
  (uid_userDoc): Embedding(669835, 500), weights = ((669835, 500),), parameters = 334,917,500
  (iid_itemDoc): Embedding(335585, 500), weights = ((335585, 500),), parameters = 167,792,500
  (wid_wEmbed): Embedding(50002, 300), weights = ((50002, 300),), parameters = 15,000,600
  (MSANR_ARL): MSANR_ARL(
    (aspEmbed): ModuleList(
      (0): Embedding(5, 100)
      (1): Embedding(5, 150)
      (2): Embedding(5, 200)
    )
    (filterEmbed): Embedding(5, 50)
    (aspProj): Parameter(5, 300, 50)
  ), weights = ((5, 300, 50), (5, 100), (5, 150), (5, 200), (5, 50)), parameters = 77,500 (Trainable)
  (MSANR_RatingPred): MSANR_RatingPred(
    (userAspRepDropout): Dropout(p=0.9, inplace=False)
    (itemAspRepDropout): Dropout(p=0.9, inplace=False)
    (uid_userOffset): Embedding(669835, 1)
    (iid_itemOffset): Embedding(335585, 1)
    (globalOffset): Parameter(1,)
  ), weights = ((1,), (669835, 1), (335585, 1)), parameters = 1,005,421 (Trainable)
)
========================================================================================================================

[Epoch 1/10] Training Loss: 2.36611	Elapsed Time: 678.16s (0:11:18)
[Epoch 1] [Dev]  MSE: 1.23395, MAE: 0.88025
[Epoch 1] [Test] MSE: 1.22827, MAE: 0.87746

*** MODEL has obtained the best DEV MSE of 1.23395 so far!
*** The Best MODEL saved to "./__saved_models__/Clothing_Shoes_and_Jewelry - MSANR/Clothing_Shoes_and_Jewelry_MSANR_1234.pth"

[Epoch 2/10] Training Loss: 205.72864	Elapsed Time: 1,368.29s (0:22:48)
[Epoch 2] [Dev]  MSE: 1.23145, MAE: 0.83964
[Epoch 2] [Test] MSE: 1.22606, MAE: 0.83544

*** MODEL has obtained the best DEV MSE of 1.23145 so far!
*** The Best MODEL saved to "./__saved_models__/Clothing_Shoes_and_Jewelry - MSANR/Clothing_Shoes_and_Jewelry_MSANR_1234.pth"

[Epoch 3/10] Training Loss: 1.18014	Elapsed Time: 2,058.44s (0:34:18)
[Epoch 3] [Dev]  MSE: 1.21346, MAE: 0.85754
[Epoch 3] [Test] MSE: 1.20348, MAE: 0.85316

*** MODEL has obtained the best DEV MSE of 1.21346 so far!
*** The Best MODEL saved to "./__saved_models__/Clothing_Shoes_and_Jewelry - MSANR/Clothing_Shoes_and_Jewelry_MSANR_1234.pth"

[Epoch 4/10] Training Loss: 11.11489	Elapsed Time: 2,748.66s (0:45:48)
[Epoch 4] [Dev]  MSE: 1.21973, MAE: 0.86618
[Epoch 4] [Test] MSE: 1.20838, MAE: 0.86164

[Epoch 5/10] Training Loss: 1.05422	Elapsed Time: 3,438.95s (0:57:18)
[Epoch 5] [Dev]  MSE: 1.22614, MAE: 0.86234
[Epoch 5] [Test] MSE: 1.21260, MAE: 0.85726

[Epoch 6/10] Training Loss: 1.00861	Elapsed Time: 4,129.09s (1:08:49)
[Epoch 6] [Dev]  MSE: 1.23361, MAE: 0.86466
[Epoch 6] [Test] MSE: 1.21874, MAE: 0.85909

[Epoch 7/10] Training Loss: 0.99903	Elapsed Time: 4,819.28s (1:20:19)
[Epoch 7] [Dev]  MSE: 1.24603, MAE: 0.87010
[Epoch 7] [Test] MSE: 1.23288, MAE: 0.86529

[Epoch 8/10] Training Loss: 1.86986	Elapsed Time: 5,509.58s (1:31:49)
[Epoch 8] [Dev]  MSE: 1.25637, MAE: 0.84794
[Epoch 8] [Test] MSE: 1.23713, MAE: 0.84090

[Epoch 9/10] Training Loss: 0.95257	Elapsed Time: 6,199.89s (1:43:19)
[Epoch 9] [Dev]  MSE: 1.25106, MAE: 0.86862
[Epoch 9] [Test] MSE: 1.23289, MAE: 0.86105

[Epoch 10/10] Training Loss: 0.94362	Elapsed Time: 6,890.13s (1:54:50)
[Epoch 10] [Dev]  MSE: 1.25497, MAE: 0.85959
[Epoch 10] [Test] MSE: 1.23454, MAE: 0.85112
*** The Last MODEL saved to "./__saved_models__/Clothing_Shoes_and_Jewelry - MSANR/Clothing_Shoes_and_Jewelry_MSANR_1234_10.pth"

[Training Loss]
[2.36611, 205.72864, 1.18014, 11.11489, 1.05422, 1.00861, 0.99903, 1.86986, 0.95257, 0.94362]

[Dev MSE]
[1.23395, 1.23145, 1.21346, 1.21973, 1.22614, 1.23361, 1.24603, 1.25637, 1.25106, 1.25497]
[Test MSE]
[1.22827, 1.22606, 1.20348, 1.20838, 1.2126, 1.21874, 1.23288, 1.23713, 1.23289, 1.23454]
[Test MAE]
[0.87746, 0.83544, 0.85316, 0.86164, 0.85726, 0.85909, 0.86529, 0.8409, 0.86105, 0.85112]


Best Dev MSE: 1.21346 (Obtained during Evaluation #3)
Test MSE: 1.20348, Test MAE: 0.85316

End of Program! Elapsed Time: 6,927.44s (1:55:27)
