========================================================================================================================
  ARL_lr: 0.01
  ARL_path: 
  batch_size: 128
  channels_global: 100
  channels_local: 200
  command: -d Video_Games -m DAttn -e 10 -p 1 -v 50000 -K 5 -h1 10 -h2 50 -WED 100 -c_local 200 -c_global 100 -hiden_size 500 -output_size 50 -rs 1234 -gpu 0 -vb 1 -sm Video_Games_DAttn
  ctx_win_size: 3
  dataset: Video_Games
  disable_initial_eval: 0
  dropout_rate: 0.5
  epochs: 10
  filters_num: 100
  gpu: 0
  h1: 10
  h2: 50
  hidden_size: 500
  input_dir: ./datasets/Video_Games/
  L2_reg: 1e-06
  learning_rate: 0.002
  loss_function: MSELoss
  max_doc_len: 500
  max_vis_len: 500
  model: DAttn
  num_aspects: 5
  optimizer: Adam
  out_dir: ./experimental_results/Video_Games - DAttn/
  output_size: 50
  pretrained_src: 1
  random_seed: 1234
  save_model: Video_Games_DAttn
  use_cuda: True
  verbose: 1
  vocab_size: 50000
  word_embed_dim: 100
========================================================================================================================

[INFO] # of Users: 540,331, # of Items: 44,636

Creating model (Selected Model: DAttn)..
[args.use_cuda: True] Model is on the GPU! (args.gpu: 0, torch.cuda.current_device(): 0)
Model created! Elapsed Time: 3.56s (0.06 minute)

Loading uid_userDoc from "./datasets/Video_Games/Video_Games_uid_userDoc.npy"..
uid_userDoc loaded! [uid_userDoc: (540331, 500)]

Loading iid_itemDoc from "./datasets/Video_Games/Video_Games_iid_itemDoc.npy"..
iid_itemDoc loaded! [iid_itemDoc: (44636, 500)]

Loading pretrained word embeddings from "./datasets/Video_Games/Video_Games_wed100_wid_wordEmbed.npy"..
Pretrained word embeddings loaded! [wid_wEmbed: (50002, 100)]

Initialization Complete.. Elapsed Time: 23.32s (0.39 minute)

Train/Dev/Test splits loaded! |TRAIN|: 800,000, |DEV|: 45,587, |TEST|: 45,469
Train/Dev/Test splits loaded! Elapsed Time: 23.61s (0.39 minute)

Performing initial evaluation for VALIDATION set..
[Initial] [Dev]  MSE: 19.13379, MAE: 4.18368

Performing initial evaluation for TESTING set..
[Initial] [Test] MSE: 19.21002, MAE: 4.19612

Initial Evaluation Complete.. Elapsed Time: 44.05s (0.73 minute)

Optimizer: Adam, Loss Function: MSELoss

Model Size: 298,941,372
# of Trainable Parameters: 1,457,672
DAttn (
  (uid_userDoc): Embedding(540331, 500), weights = ((540331, 500),), parameters = 270,165,500
  (iid_itemDoc): Embedding(44636, 500), weights = ((44636, 500),), parameters = 22,318,000
  (wid_wEmbed): Embedding(50002, 100), weights = ((50002, 100),), parameters = 5,000,200
  (user_net): Net(
    (localAttentionLayer): LocalAttention(
      (attention_layer): Sequential(
        (0): Conv2d(1, 1, kernel_size=(3, 100), stride=(1, 1), padding=(1, 0))
        (1): Sigmoid()
      )
      (cnn): Sequential(
        (0): Conv2d(1, 200, kernel_size=(1, 100), stride=(1, 1))
        (1): Tanh()
      )
    )
    (globalAttentionLayer): GlobalAttention(
      (attention_layer): Sequential(
        (0): Conv2d(1, 1, kernel_size=(500, 100), stride=(1, 1))
        (1): Sigmoid()
      )
      (convs): ModuleList(
        (0): Conv2d(1, 100, kernel_size=(2, 100), stride=(1, 1))
        (1): Conv2d(1, 100, kernel_size=(3, 100), stride=(1, 1))
        (2): Conv2d(1, 100, kernel_size=(4, 100), stride=(1, 1))
      )
    )
    (fcLayer): Sequential(
      (0): Linear(in_features=500, out_features=500, bias=True)
      (1): Dropout(p=0.5, inplace=False)
      (2): ReLU()
      (3): Linear(in_features=500, out_features=50, bias=True)
    )
    (dropout): Dropout(p=0.5, inplace=False)
  ), weights = ((1, 1, 3, 100), (1,), (200, 1, 1, 100), (200,), (1, 1, 500, 100), (1,), (100, 1, 2, 100), (100,), (100, 1, 3, 100), (100,), (100, 1, 4, 100), (100,), (500, 500), (500,), (50, 500), (50,)), parameters = 436,352 (Trainable)
  (item_net): Net(
    (localAttentionLayer): LocalAttention(
      (attention_layer): Sequential(
        (0): Conv2d(1, 1, kernel_size=(3, 100), stride=(1, 1), padding=(1, 0))
        (1): Sigmoid()
      )
      (cnn): Sequential(
        (0): Conv2d(1, 200, kernel_size=(1, 100), stride=(1, 1))
        (1): Tanh()
      )
    )
    (globalAttentionLayer): GlobalAttention(
      (attention_layer): Sequential(
        (0): Conv2d(1, 1, kernel_size=(500, 100), stride=(1, 1))
        (1): Sigmoid()
      )
      (convs): ModuleList(
        (0): Conv2d(1, 100, kernel_size=(2, 100), stride=(1, 1))
        (1): Conv2d(1, 100, kernel_size=(3, 100), stride=(1, 1))
        (2): Conv2d(1, 100, kernel_size=(4, 100), stride=(1, 1))
      )
    )
    (fcLayer): Sequential(
      (0): Linear(in_features=500, out_features=500, bias=True)
      (1): Dropout(p=0.5, inplace=False)
      (2): ReLU()
      (3): Linear(in_features=500, out_features=50, bias=True)
    )
    (dropout): Dropout(p=0.5, inplace=False)
  ), weights = ((1, 1, 3, 100), (1,), (200, 1, 1, 100), (200,), (1, 1, 500, 100), (1,), (100, 1, 2, 100), (100,), (100, 1, 3, 100), (100,), (100, 1, 4, 100), (100,), (500, 500), (500,), (50, 500), (50,)), parameters = 436,352 (Trainable)
  (DAttn_RatingPred): DAttn_RatingPred(
    (uid_userOffset): Embedding(540331, 1)
    (iid_itemOffset): Embedding(44636, 1)
    (globalOffset): Parameter(1,)
  ), weights = ((1,), (540331, 1), (44636, 1)), parameters = 584,968 (Trainable)
)
========================================================================================================================

[Epoch 1/10] Training Loss: 1.24944	Elapsed Time: 603.94s (0:10:03)
[Epoch 1] [Dev]  MSE: 1.57631, MAE: 0.94012
[Epoch 1] [Test] MSE: 1.51299, MAE: 0.91957

*** MODEL has obtained the best DEV MSE of 1.57631 so far!
*** The Best MODEL saved to "./__saved_models__/Video_Games - DAttn/Video_Games_DAttn_1234.pth"

[Epoch 2/10] Training Loss: 0.94347	Elapsed Time: 1,228.27s (0:20:28)
[Epoch 2] [Dev]  MSE: 1.51781, MAE: 0.93498
[Epoch 2] [Test] MSE: 1.45223, MAE: 0.91382

*** MODEL has obtained the best DEV MSE of 1.51781 so far!
*** The Best MODEL saved to "./__saved_models__/Video_Games - DAttn/Video_Games_DAttn_1234.pth"

[Epoch 3/10] Training Loss: 0.83758	Elapsed Time: 1,852.68s (0:30:52)
[Epoch 3] [Dev]  MSE: 1.47423, MAE: 0.89876
[Epoch 3] [Test] MSE: 1.41009, MAE: 0.87910

*** MODEL has obtained the best DEV MSE of 1.47423 so far!
*** The Best MODEL saved to "./__saved_models__/Video_Games - DAttn/Video_Games_DAttn_1234.pth"

[Epoch 4/10] Training Loss: 0.77317	Elapsed Time: 2,477.04s (0:41:17)
[Epoch 4] [Dev]  MSE: 1.49228, MAE: 0.89881
[Epoch 4] [Test] MSE: 1.42739, MAE: 0.87890

[Epoch 5/10] Training Loss: 0.72257	Elapsed Time: 3,101.47s (0:51:41)
[Epoch 5] [Dev]  MSE: 1.46578, MAE: 0.89512
[Epoch 5] [Test] MSE: 1.40211, MAE: 0.87540

*** MODEL has obtained the best DEV MSE of 1.46578 so far!
*** The Best MODEL saved to "./__saved_models__/Video_Games - DAttn/Video_Games_DAttn_1234.pth"

[Epoch 6/10] Training Loss: 0.67991	Elapsed Time: 3,725.87s (1:02:05)
[Epoch 6] [Dev]  MSE: 1.45531, MAE: 0.88839
[Epoch 6] [Test] MSE: 1.39341, MAE: 0.86951

*** MODEL has obtained the best DEV MSE of 1.45531 so far!
*** The Best MODEL saved to "./__saved_models__/Video_Games - DAttn/Video_Games_DAttn_1234.pth"

[Epoch 7/10] Training Loss: 0.64383	Elapsed Time: 4,350.31s (1:12:30)
[Epoch 7] [Dev]  MSE: 1.50430, MAE: 0.90006
[Epoch 7] [Test] MSE: 1.43795, MAE: 0.88068

[Epoch 8/10] Training Loss: 0.61090	Elapsed Time: 4,974.71s (1:22:54)
[Epoch 8] [Dev]  MSE: 1.54300, MAE: 0.90770
[Epoch 8] [Test] MSE: 1.47572, MAE: 0.88784

[Epoch 9/10] Training Loss: 0.58471	Elapsed Time: 5,599.18s (1:33:19)
[Epoch 9] [Dev]  MSE: 1.57885, MAE: 0.91521
[Epoch 9] [Test] MSE: 1.50837, MAE: 0.89467

[Epoch 10/10] Training Loss: 0.56098	Elapsed Time: 6,223.58s (1:43:43)
[Epoch 10] [Dev]  MSE: 1.53402, MAE: 0.91417
[Epoch 10] [Test] MSE: 1.46754, MAE: 0.89421
*** The Last MODEL saved to "./__saved_models__/Video_Games - DAttn/Video_Games_DAttn_1234_10.pth"

[Training Loss]
[1.24944, 0.94347, 0.83758, 0.77317, 0.72257, 0.67991, 0.64383, 0.6109, 0.58471, 0.56098]

[Dev MSE]
[1.57631, 1.51781, 1.47423, 1.49228, 1.46578, 1.45531, 1.5043, 1.543, 1.57885, 1.53402]
[Test MSE]
[1.51299, 1.45223, 1.41009, 1.42739, 1.40211, 1.39341, 1.43795, 1.47572, 1.50837, 1.46754]
[Test MAE]
[0.91957, 0.91382, 0.8791, 0.8789, 0.8754, 0.86951, 0.88068, 0.88784, 0.89467, 0.89421]


Best Dev MSE: 1.45531 (Obtained during Evaluation #6)
Test MSE: 1.39341, Test MAE: 0.86951

End of Program! Elapsed Time: 6,288.03s (1:44:48)
