========================================================================================================================
  ARL_lr: 0.01
  ARL_path: 
  batch_size: 128
  channels_global: 100
  channels_local: 200
  command: -d Video_Games -m VANRA -e 10 -dr 0.9 -WED 300 -p 1 -v 50000 -K 5 -h1 10 -h2 50 -output_size 50 -rs 1234 -gpu 0 -vb 1 -sm Video_Games_VANRA
  ctx_win_size: 3
  dataset: Video_Games
  disable_initial_eval: 0
  dropout_rate: 0.9
  epochs: 10
  filters_num: 100
  gpu: 0
  h1: 10
  h2: 50
  hidden_size: 500
  input_dir: ./datasets/Video_Games/
  L2_reg: 1e-06
  learning_rate: 0.002
  loss_function: MSELoss
  max_doc_len: 500
  max_vis_len: 500
  model: VANRA
  num_aspects: 5
  optimizer: Adam
  out_dir: ./experimental_results/Video_Games - VANRA/
  output_size: 50
  pretrained_src: 1
  random_seed: 1234
  save_model: Video_Games_VANRA
  use_cuda: True
  verbose: 1
  vocab_size: 50000
  word_embed_dim: 300
========================================================================================================================

[INFO] # of Users: 540,331, # of Items: 44,636

Creating model (Selected Model: VANRA)..
[args.use_cuda: True] Model is on the GPU! (args.gpu: 0, torch.cuda.current_device(): 0)
Model created! Elapsed Time: 5.96s (0.10 minute)

Loading uid_userDoc from "./datasets/Video_Games/Video_Games_uid_userDoc.npy"..
uid_userDoc loaded! [uid_userDoc: (540331, 500)]

Loading iid_itemDoc from "./datasets/Video_Games/Video_Games_iid_itemDoc.npy"..
iid_itemDoc loaded! [iid_itemDoc: (44636, 500)]

Loading pretrained word embeddings from "./datasets/Video_Games/Video_Games_wed300_wid_wordEmbed.npy"..
Pretrained word embeddings loaded! [wid_wEmbed: (50002, 300)]

Loading uid_userVis from "./datasets/Video_Games/Video_Games_uid_userVis.npy"..
uid_userVis loaded! [uid_userVis: (540331, 500)]

Loading iid_itemVis from "./datasets/Video_Games/Video_Games_iid_itemVis.npy"..
iid_itemVis loaded! [iid_itemVis: (44636, 500)]

Initialization Complete.. Elapsed Time: 45.78s (0.76 minute)

Train/Dev/Test splits loaded! |TRAIN|: 800,000, |DEV|: 45,587, |TEST|: 45,469
Train/Dev/Test splits loaded! Elapsed Time: 46.03s (0.77 minute)

Performing initial evaluation for VALIDATION set..
[Initial] [Dev]  MSE: 10.92526, MAE: 2.88224

Performing initial evaluation for TESTING set..
[Initial] [Test] MSE: 10.94811, MAE: 2.89041

Initial Evaluation Complete.. Elapsed Time: 62.82s (1.05 minutes)

Parameters with L2 Regularization (Regularization Strength: 1e-06):
VANRA_RatingPred.uid_userOffset.weight, VANRA_RatingPred.iid_itemOffset.weight

Optimizer: Adam, Loss Function: MSELoss

Model Size: 600,599,428
# of Trainable Parameters: 631,828
VANRA (
  (uid_userDoc): Embedding(540331, 500), weights = ((540331, 500),), parameters = 270,165,500
  (iid_itemDoc): Embedding(44636, 500), weights = ((44636, 500),), parameters = 22,318,000
  (wid_wEmbed): Embedding(50002, 300), weights = ((50002, 300),), parameters = 15,000,600
  (uid_userVis): Embedding(540331, 500), weights = ((540331, 500),), parameters = 270,165,500
  (iid_itemVis): Embedding(44636, 500), weights = ((44636, 500),), parameters = 22,318,000
  (MSANR_ARL): MSANR_ARL(
    (aspEmbed): ModuleList(
      (0): Embedding(5, 30)
      (1): Embedding(5, 50)
      (2): Embedding(5, 70)
    )
    (filterEmbed): Embedding(5, 10)
    (aspProj): Parameter(5, 300, 10)
  ), weights = ((5, 300, 10), (5, 30), (5, 50), (5, 70), (5, 10)), parameters = 15,800 (Trainable)
  (VANRA_VRL): VANRA_VRL(
    (fcLayer): Sequential(
      (0): Dropout(p=0.9, inplace=False)
      (1): Linear(in_features=500, out_features=50, bias=True)
    )
    (visProj): Parameter(500, 10)
  ), weights = ((500, 10), (50, 500), (50,)), parameters = 30,050 (Trainable)
  (VANRA_RatingPred): VANRA_RatingPred(
    (uid_userOffset): Embedding(540331, 1)
    (iid_itemOffset): Embedding(44636, 1)
    (fcLayer1): Sequential(
      (0): Linear(in_features=100, out_features=10, bias=True)
      (1): ReLU()
      (2): Dropout(p=0.9, inplace=False)
    )
    (globalOffset): Parameter(1,)
  ), weights = ((1,), (540331, 1), (44636, 1), (10, 100), (10,)), parameters = 585,978 (Trainable)
)
========================================================================================================================

[Epoch 1/10] Training Loss: 279.88142	Elapsed Time: 412.26s (0:06:52)
[Epoch 1] [Dev]  MSE: 1.43797, MAE: 0.95606
[Epoch 1] [Test] MSE: 1.40647, MAE: 0.94680

*** MODEL has obtained the best DEV MSE of 1.43797 so far!
*** The Best MODEL saved to "./__saved_models__/Video_Games - VANRA/Video_Games_VANRA_1234.pth"

[Epoch 2/10] Training Loss: 1.54375	Elapsed Time: 841.51s (0:14:01)
[Epoch 2] [Dev]  MSE: 1.34251, MAE: 0.90985
[Epoch 2] [Test] MSE: 1.30355, MAE: 0.89740

*** MODEL has obtained the best DEV MSE of 1.34251 so far!
*** The Best MODEL saved to "./__saved_models__/Video_Games - VANRA/Video_Games_VANRA_1234.pth"

[Epoch 3/10] Training Loss: 1.40176	Elapsed Time: 1,270.86s (0:21:10)
[Epoch 3] [Dev]  MSE: 1.31864, MAE: 0.89519
[Epoch 3] [Test] MSE: 1.27651, MAE: 0.88092

*** MODEL has obtained the best DEV MSE of 1.31864 so far!
*** The Best MODEL saved to "./__saved_models__/Video_Games - VANRA/Video_Games_VANRA_1234.pth"

[Epoch 4/10] Training Loss: 1.32072	Elapsed Time: 1,700.01s (0:28:20)
[Epoch 4] [Dev]  MSE: 1.31276, MAE: 0.88807
[Epoch 4] [Test] MSE: 1.26835, MAE: 0.87294

*** MODEL has obtained the best DEV MSE of 1.31276 so far!
*** The Best MODEL saved to "./__saved_models__/Video_Games - VANRA/Video_Games_VANRA_1234.pth"

[Epoch 5/10] Training Loss: 1.26692	Elapsed Time: 2,129.46s (0:35:29)
[Epoch 5] [Dev]  MSE: 1.31216, MAE: 0.88028
[Epoch 5] [Test] MSE: 1.26542, MAE: 0.86466

*** MODEL has obtained the best DEV MSE of 1.31216 so far!
*** The Best MODEL saved to "./__saved_models__/Video_Games - VANRA/Video_Games_VANRA_1234.pth"

[Epoch 6/10] Training Loss: 1.22912	Elapsed Time: 2,558.38s (0:42:38)
[Epoch 6] [Dev]  MSE: 1.31314, MAE: 0.87946
[Epoch 6] [Test] MSE: 1.26572, MAE: 0.86407

[Epoch 7/10] Training Loss: 1.20139	Elapsed Time: 2,987.49s (0:49:47)
[Epoch 7] [Dev]  MSE: 1.31565, MAE: 0.88157
[Epoch 7] [Test] MSE: 1.26788, MAE: 0.86607

[Epoch 8/10] Training Loss: 1.18053	Elapsed Time: 3,416.73s (0:56:56)
[Epoch 8] [Dev]  MSE: 1.31934, MAE: 0.87942
[Epoch 8] [Test] MSE: 1.26956, MAE: 0.86358

[Epoch 9/10] Training Loss: 1.16485	Elapsed Time: 3,845.71s (1:04:05)
[Epoch 9] [Dev]  MSE: 1.32121, MAE: 0.88216
[Epoch 9] [Test] MSE: 1.27315, MAE: 0.86695

[Epoch 10/10] Training Loss: 1.15263	Elapsed Time: 4,274.83s (1:11:14)
[Epoch 10] [Dev]  MSE: 1.32354, MAE: 0.87929
[Epoch 10] [Test] MSE: 1.27545, MAE: 0.86355
*** The Last MODEL saved to "./__saved_models__/Video_Games - VANRA/Video_Games_VANRA_1234_10.pth"

[Training Loss]
[279.88142, 1.54375, 1.40176, 1.32072, 1.26692, 1.22912, 1.20139, 1.18053, 1.16485, 1.15263]

[Dev MSE]
[1.43797, 1.34251, 1.31864, 1.31276, 1.31216, 1.31314, 1.31565, 1.31934, 1.32121, 1.32354]
[Test MSE]
[1.40647, 1.30355, 1.27651, 1.26835, 1.26542, 1.26572, 1.26788, 1.26956, 1.27315, 1.27545]
[Test MAE]
[0.9468, 0.8974, 0.88092, 0.87294, 0.86466, 0.86407, 0.86607, 0.86358, 0.86695, 0.86355]


Best Dev MSE: 1.31216 (Obtained during Evaluation #5)
Test MSE: 1.26542, Test MAE: 0.86466

End of Program! Elapsed Time: 4,354.22s (1:12:34)
