[utilities.py\select_gpu] os.environ["CUDA_VISIBLE_DEVICES"]: 0

Command: -d Video_Games -m VANRA -e 15 -dr 0.9 -p 1 -v 50000 -K 5 -h1 10 -h2 50 -c_local 10 -c_global 10 -hiden_size 100 -output_size 50 -rs 1234 -gpu 0 -vb 1 -sm Video_Games_VANRA

Loading 'info' from "./datasets/Video_Games/Video_Games_info.pkl"..
'info' loaded!

[INFO] # of Users: 540,331, # of Items: 44,636

Creating model (Selected Model: VANRA)..
[args.use_cuda: True] Model is on the GPU! (args.gpu: 0, torch.cuda.current_device(): 0)
Model created! Elapsed Time: 5.95s (0.10 minute)

Loading uid_userDoc from "./datasets/Video_Games/Video_Games_uid_userDoc.npy"..
uid_userDoc loaded! [uid_userDoc: (540331, 500)]

Loading iid_itemDoc from "./datasets/Video_Games/Video_Games_iid_itemDoc.npy"..
iid_itemDoc loaded! [iid_itemDoc: (44636, 500)]

Loading pretrained word embeddings from "./datasets/Video_Games/Video_Games_wid_wordEmbed.npy"..
Pretrained word embeddings loaded! [wid_wEmbed: (50002, 300)]

Loading uid_userVis from "./datasets/Video_Games/Video_Games_uid_userVis.npy"..
uid_userVis loaded! [uid_userVis: (540331, 500)]

Loading iid_itemVis from "./datasets/Video_Games/Video_Games_iid_itemVis.npy"..
iid_itemVis loaded! [iid_itemVis: (44636, 500)]

Initialization Complete.. Elapsed Time: 45.83s (0.76 minute)

Loading training set from "./datasets/Video_Games/Video_Games_split_train.pkl"..
Training set loaded! Note: Training examples are shuffled every epoch, i.e. shuffle = True!

Loading validation set from "./datasets/Video_Games/Video_Games_split_dev.pkl"..
Validation set loaded!

Loading testing set from "./datasets/Video_Games/Video_Games_split_test.pkl"..
Testing set loaded!

Train/Dev/Test splits loaded! |TRAIN|: 800,000, |DEV|: 45,587, |TEST|: 45,469
Train/Dev/Test splits loaded! Elapsed Time: 46.10s (0.77 minute)

Performing initial evaluation for VALIDATION set..
[Initial] [Dev]  MSE: 18.02991, MAE: 4.04896

Performing initial evaluation for TESTING set..
[Initial] [Test] MSE: 18.10113, MAE: 4.06117

Initial Evaluation Complete.. Elapsed Time: 53.54s (0.89 minute)

Parameters with L2 Regularization (Regularization Strength: 1e-06):
VANRA_RatingPred.uid_userOffset.weight, VANRA_RatingPred.iid_itemOffset.weight

Optimizer: Adam, Loss Function: MSELoss

Model Size: 600,679,226
# of Trainable Parameters: 711,626
VANRA (
  (uid_userDoc): Embedding(540331, 500), weights = ((540331, 500),), parameters = 270,165,500
  (iid_itemDoc): Embedding(44636, 500), weights = ((44636, 500),), parameters = 22,318,000
  (wid_wEmbed): Embedding(50002, 300), weights = ((50002, 300),), parameters = 15,000,600
  (uid_userVis): Embedding(540331, 500), weights = ((540331, 500),), parameters = 270,165,500
  (iid_itemVis): Embedding(44636, 500), weights = ((44636, 500),), parameters = 22,318,000
  (shared_ANR_ARL): ANR_ARL(
    (aspEmbed): Embedding(5, 30)
    (aspProj): Parameter(5, 300, 10)
  ), weights = ((5, 300, 10), (5, 30)), parameters = 15,150 (Trainable)
  (ANR_AIE): ANR_AIE(  (W_a): Parameter(10, 10)
    (W_u): Parameter(50, 10)
    (w_hu): Parameter(50, 1)
    (W_i): Parameter(50, 10)
    (w_hi): Parameter(50, 1)
  ), weights = ((10, 10), (50, 10), (50, 1), (50, 10), (50, 1)), parameters = 1,200 (Trainable)
  (VANRA_VRL): VANRA_VRL(
    (localAttentionLayer_user): LocalAttention(
      (attention_layer): Sequential(
        (0): Conv2d(1, 1, kernel_size=(3, 1), stride=(1, 1))
        (1): Softmax(dim=2)
      )
      (fcLayer): Sequential(
        (0): Linear(in_features=500, out_features=100, bias=True)
        (1): Dropout(p=0.9, inplace=False)
        (2): ReLU()
        (3): Linear(in_features=100, out_features=50, bias=True)
      )
    )
    (localAttentionLayer_item): LocalAttention(
      (attention_layer): Sequential(
        (0): Conv2d(1, 1, kernel_size=(3, 1), stride=(1, 1))
        (1): Softmax(dim=2)
      )
      (fcLayer): Sequential(
        (0): Linear(in_features=500, out_features=100, bias=True)
        (1): Dropout(p=0.9, inplace=False)
        (2): ReLU()
        (3): Linear(in_features=100, out_features=50, bias=True)
      )
    )
  ), weights = ((1, 1, 3, 1), (1,), (100, 500), (100,), (50, 100), (50,), (1, 1, 3, 1), (1,), (100, 500), (100,), (50, 100), (50,)), parameters = 110,308 (Trainable)
  (VANRA_RatingPred): VANRA_RatingPred(
    (userAspRepDropout): Dropout(p=0.9, inplace=False)
    (itemAspRepDropout): Dropout(p=0.9, inplace=False)
    (uid_userOffset): Embedding(540331, 1)
    (iid_itemOffset): Embedding(44636, 1)
    (globalOffset): Parameter(1,)
  ), weights = ((1,), (540331, 1), (44636, 1)), parameters = 584,968 (Trainable)
)


batch_userDoc: torch.Size([128, 500])
batch_itemDoc: torch.Size([128, 500])
batch_userDocEmbed: torch.Size([128, 500, 300])
batch_itemDocEmbed: torch.Size([128, 500, 300])
batch_userVis: torch.Size([128, 500])
batch_itemVis: torch.Size([128, 500])

[Input to ARL] batch_userDocEmbed: torch.Size([128, 500, 300])

============================== Aspect Representation Learning (ARL) ==============================
[Input] batch_docIn: torch.Size([128, 500, 300])

As an example, for <Aspect 0>:

        batch_docIn: torch.Size([128, 500, 300])
        self.aspProj[0]: torch.Size([300, 10])
        batch_aspProjDoc: torch.Size([128, 500, 10])

        batch_aspEmbed: torch.Size([128, 30, 1])

        batch_aspProjDoc_padded [PADDED; Pad Size: 1]: torch.Size([128, 502, 10])
        batch_aspProjDoc_padded: torch.Size([128, 500, 10, 3])
        batch_aspProjDoc_padded: torch.Size([128, 500, 3, 10])
        batch_aspProjDoc_padded: torch.Size([128, 500, 30])

        batch_aspAttn [Window Size: 3]: torch.Size([128, 500, 1])

        batch_aspRep: torch.Size([128, 500, 10])
        batch_aspRep: torch.Size([128, 10])

[Output] <All 5 Aspects>
[Output] batch_aspAttn: torch.Size([128, 5, 500])
[Output] batch_aspRep: torch.Size([128, 5, 10])
============================== ==================================== ==============================

[Output of ARL] userAspAttn: torch.Size([128, 5, 500])
[Output of ARL] userAspDoc:  torch.Size([128, 5, 10])

[Input to ARL] batch_itemDocEmbed: torch.Size([128, 500, 300])

============================== Aspect Representation Learning (ARL) ==============================
[Input] batch_docIn: torch.Size([128, 500, 300])

As an example, for <Aspect 0>:

        batch_docIn: torch.Size([128, 500, 300])
        self.aspProj[0]: torch.Size([300, 10])
        batch_aspProjDoc: torch.Size([128, 500, 10])

        batch_aspEmbed: torch.Size([128, 30, 1])

        batch_aspProjDoc_padded [PADDED; Pad Size: 1]: torch.Size([128, 502, 10])
        batch_aspProjDoc_padded: torch.Size([128, 500, 10, 3])
        batch_aspProjDoc_padded: torch.Size([128, 500, 3, 10])
        batch_aspProjDoc_padded: torch.Size([128, 500, 30])

        batch_aspAttn [Window Size: 3]: torch.Size([128, 500, 1])

        batch_aspRep: torch.Size([128, 500, 10])
        batch_aspRep: torch.Size([128, 10])

[Output] <All 5 Aspects>
[Output] batch_aspAttn: torch.Size([128, 5, 500])
[Output] batch_aspRep: torch.Size([128, 5, 10])
============================== ==================================== ==============================

[Output of ARL] itemAspAttn: torch.Size([128, 5, 500])
[Output of ARL] itemAspDoc:  torch.Size([128, 5, 10])

============================== Visual Representation Learning (VRL) ==============================
[Input] batch_userVis: torch.Size([128, 500])
[Input] batch_itemVis: torch.Size([128, 500])

batch_userVis: torch.Size([128, 500, 1])
batch_itemVis: torch.Size([128, 500, 1])

local_user: torch.Size([128, 50])
local_item: torch.Size([128, 50])


**************************************** Aspect-Based Rating Predictor ****************************************
[Input] userAspRep: torch.Size([128, 5, 10])
[Input] itemAspRep: torch.Size([128, 5, 10])
[Input] userVisAttn: torch.Size([128, 50])
[Input] itemVisAttn: torch.Size([128, 50])
[Input] batch_uid:  torch.Size([128])
[Input] batch_iid:  torch.Size([128])

batch_userDocOffset: torch.Size([128, 1])
batch_itemDocOffset: torch.Size([128, 1])

[After Dropout (Dropout Rate of 0.9)] userAspRep: torch.Size([128, 5, 10])
[After Dropout (Dropout Rate of 0.9)] itemAspRep: torch.Size([128, 5, 10])
        aspRating: torch.Size([128, 1])

rating_pred: torch.Size([128, 5]) ('Raw' Aspect-Level Ratings)
rating_pred: torch.Size([128, 1]) (Summed over All 5 Aspects)
rating_pred: torch.Size([128, 1]) (Include Visual Rating Predict)
rating_pred: torch.Size([128, 1]) (Include User & Item Bias)
rating_pred: torch.Size([128, 1]) (Include Global Bias)

[VANRA_RatingPred Output] rating_pred: torch.Size([128, 1])
**************************************** ***************************** ****************************************


[Final Output of VANRA] rating_pred: torch.Size([128, 1])

Epoch 1: 100%|████████████████████████████████████████████████████████████████████████████████████████████████████████████| 6250/6250 [02:48<00:00, 37.15it/s]

[Epoch 1/15] Training Loss: 1.89985     Elapsed Time: 168.26s (0:02:48)
[Epoch 1] [Dev]  MSE: 1.37840, MAE: 0.93560
[Epoch 1] [Test] MSE: 1.34722, MAE: 0.92516

*** MODEL has obtained the best DEV MSE of 1.37840 so far!
*** The Best MODEL saved to "./__saved_models__/Video_Games - VANRA/Video_Games_VANRA_1234.pth"


Epoch 2: 100%|████████████████████████████████████████████████████████████████████████████████████████████████████████████| 6250/6250 [02:48<00:00, 37.16it/s]

[Epoch 2/15] Training Loss: 1.50235     Elapsed Time: 343.69s (0:05:43)
[Epoch 2] [Dev]  MSE: 1.33085, MAE: 0.90885
[Epoch 2] [Test] MSE: 1.29235, MAE: 0.89570

*** MODEL has obtained the best DEV MSE of 1.33085 so far!
*** The Best MODEL saved to "./__saved_models__/Video_Games - VANRA/Video_Games_VANRA_1234.pth"


Epoch 3: 100%|████████████████████████████████████████████████████████████████████████████████████████████████████████████| 6250/6250 [02:48<00:00, 37.12it/s]

[Epoch 3/15] Training Loss: 1.38698     Elapsed Time: 519.30s (0:08:39)
[Epoch 3] [Dev]  MSE: 1.31790, MAE: 0.90271
[Epoch 3] [Test] MSE: 1.27709, MAE: 0.88876

*** MODEL has obtained the best DEV MSE of 1.31790 so far!
*** The Best MODEL saved to "./__saved_models__/Video_Games - VANRA/Video_Games_VANRA_1234.pth"


Epoch 4: 100%|████████████████████████████████████████████████████████████████████████████████████████████████████████████| 6250/6250 [02:48<00:00, 37.14it/s]

[Epoch 4/15] Training Loss: 1.31373     Elapsed Time: 694.78s (0:11:34)
[Epoch 4] [Dev]  MSE: 1.31252, MAE: 0.89248
[Epoch 4] [Test] MSE: 1.26941, MAE: 0.87790

*** MODEL has obtained the best DEV MSE of 1.31252 so far!
*** The Best MODEL saved to "./__saved_models__/Video_Games - VANRA/Video_Games_VANRA_1234.pth"


Epoch 5: 100%|████████████████████████████████████████████████████████████████████████████████████████████████████████████| 6250/6250 [02:48<00:00, 37.14it/s]

[Epoch 5/15] Training Loss: 1.26390     Elapsed Time: 870.26s (0:14:30)
[Epoch 5] [Dev]  MSE: 1.31013, MAE: 0.88074
[Epoch 5] [Test] MSE: 1.26569, MAE: 0.86606

*** MODEL has obtained the best DEV MSE of 1.31013 so far!
*** The Best MODEL saved to "./__saved_models__/Video_Games - VANRA/Video_Games_VANRA_1234.pth"


Epoch 6: 100%|████████████████████████████████████████████████████████████████████████████████████████████████████████████| 6250/6250 [02:48<00:00, 37.14it/s]

[Epoch 6/15] Training Loss: 1.22657     Elapsed Time: 1,045.80s (0:17:25)
[Epoch 6] [Dev]  MSE: 1.32067, MAE: 0.90103
[Epoch 6] [Test] MSE: 1.27646, MAE: 0.88659


Epoch 7: 100%|████████████████████████████████████████████████████████████████████████████████████████████████████████████| 6250/6250 [02:48<00:00, 37.13it/s]

[Epoch 7/15] Training Loss: 1.19850     Elapsed Time: 1,221.30s (0:20:21)
[Epoch 7] [Dev]  MSE: 1.31454, MAE: 0.88299
[Epoch 7] [Test] MSE: 1.26843, MAE: 0.86823


Epoch 8: 100%|████████████████████████████████████████████████████████████████████████████████████████████████████████████| 6250/6250 [02:48<00:00, 37.16it/s]

[Epoch 8/15] Training Loss: 1.17775     Elapsed Time: 1,396.68s (0:23:16)
[Epoch 8] [Dev]  MSE: 1.32124, MAE: 0.86898
[Epoch 8] [Test] MSE: 1.27194, MAE: 0.85331


Epoch 9: 100%|████████████████████████████████████████████████████████████████████████████████████████████████████████████| 6250/6250 [02:48<00:00, 37.13it/s]

[Epoch 9/15] Training Loss: 1.16173     Elapsed Time: 1,572.23s (0:26:12)
[Epoch 9] [Dev]  MSE: 1.32428, MAE: 0.86826
[Epoch 9] [Test] MSE: 1.27400, MAE: 0.85231


Epoch 10: 100%|███████████████████████████████████████████████████████████████████████████████████████████████████████████| 6250/6250 [02:48<00:00, 37.14it/s]

[Epoch 10/15] Training Loss: 1.14951    Elapsed Time: 1,747.71s (0:29:07)
[Epoch 10] [Dev]  MSE: 1.32517, MAE: 0.88885
[Epoch 10] [Test] MSE: 1.27808, MAE: 0.87369


Epoch 11: 100%|███████████████████████████████████████████████████████████████████████████████████████████████████████████| 6250/6250 [02:48<00:00, 37.16it/s]

[Epoch 11/15] Training Loss: 1.14125    Elapsed Time: 1,923.11s (0:32:03)
[Epoch 11] [Dev]  MSE: 1.32510, MAE: 0.87728
[Epoch 11] [Test] MSE: 1.27631, MAE: 0.86186


Epoch 12: 100%|███████████████████████████████████████████████████████████████████████████████████████████████████████████| 6250/6250 [02:48<00:00, 37.16it/s]

[Epoch 12/15] Training Loss: 1.13213    Elapsed Time: 2,098.51s (0:34:58)
[Epoch 12] [Dev]  MSE: 1.32685, MAE: 0.87822
[Epoch 12] [Test] MSE: 1.27720, MAE: 0.86290


Epoch 13: 100%|███████████████████████████████████████████████████████████████████████████████████████████████████████████| 6250/6250 [02:48<00:00, 37.14it/s]

[Epoch 13/15] Training Loss: 1.12626    Elapsed Time: 2,273.95s (0:37:53)
[Epoch 13] [Dev]  MSE: 1.33004, MAE: 0.87567
[Epoch 13] [Test] MSE: 1.27912, MAE: 0.85876


Epoch 14: 100%|███████████████████████████████████████████████████████████████████████████████████████████████████████████| 6250/6250 [02:48<00:00, 37.14it/s]

[Epoch 14/15] Training Loss: 1.12898    Elapsed Time: 2,449.45s (0:40:49)
[Epoch 14] [Dev]  MSE: 1.33166, MAE: 0.87662
[Epoch 14] [Test] MSE: 1.28025, MAE: 0.85973


Epoch 15: 100%|███████████████████████████████████████████████████████████████████████████████████████████████████████████| 6250/6250 [02:48<00:00, 37.14it/s]

[Epoch 15/15] Training Loss: 1.11696    Elapsed Time: 2,624.89s (0:43:44)
[Epoch 15] [Dev]  MSE: 1.33127, MAE: 0.88072
[Epoch 15] [Test] MSE: 1.28140, MAE: 0.86450
*** The Last MODEL saved to "./__saved_models__/Video_Games - VANRA/Video_Games_VANRA_1234_15.pth"

[Training Loss]
[1.89985, 1.50235, 1.38698, 1.31373, 1.2639, 1.22657, 1.1985, 1.17775, 1.16173, 1.14951, 1.14125, 1.13213, 1.12626, 1.12898, 1.11696]

[Dev MSE]
[1.3784, 1.33085, 1.3179, 1.31252, 1.31013, 1.32067, 1.31454, 1.32124, 1.32428, 1.32517, 1.3251, 1.32685, 1.33004, 1.33166, 1.33127]
[Test MSE]
[1.34722, 1.29235, 1.27709, 1.26941, 1.26569, 1.27646, 1.26843, 1.27194, 1.274, 1.27808, 1.27631, 1.2772, 1.27912, 1.28025, 1.2814]
[Test MAE]
[0.92516, 0.8957, 0.88876, 0.8779, 0.86606, 0.88659, 0.86823, 0.85331, 0.85231, 0.87369, 0.86186, 0.8629, 0.85876, 0.85973, 0.8645]


Best Dev MSE: 1.31013 (Obtained during Evaluation #5)
Test MSE: 1.26569, Test MAE: 0.86606

End of Program! Elapsed Time: 2,685.65s (0:44:45)
